[2021-05-09 17:59:18,399] {taskinstance.py:877} INFO - Dependencies all met for <TaskInstance: dag_4.today_dir 2021-05-08T00:00:00+00:00 [queued]>
[2021-05-09 17:59:18,425] {taskinstance.py:877} INFO - Dependencies all met for <TaskInstance: dag_4.today_dir 2021-05-08T00:00:00+00:00 [queued]>
[2021-05-09 17:59:18,425] {taskinstance.py:1068} INFO - 
--------------------------------------------------------------------------------
[2021-05-09 17:59:18,425] {taskinstance.py:1069} INFO - Starting attempt 1 of 3
[2021-05-09 17:59:18,425] {taskinstance.py:1070} INFO - 
--------------------------------------------------------------------------------
[2021-05-09 17:59:18,682] {taskinstance.py:1089} INFO - Executing <Task(PythonOperator): today_dir> on 2021-05-08T00:00:00+00:00
[2021-05-09 17:59:18,685] {standard_task_runner.py:52} INFO - Started process 5612 to run task
[2021-05-09 17:59:18,692] {standard_task_runner.py:76} INFO - Running: ['airflow', 'tasks', 'run', 'dag_4', 'today_dir', '2021-05-08T00:00:00+00:00', '--job-id', '100', '--pool', 'default_pool', '--raw', '--subdir', '/home/navneetsajwan/airflow/dags/dag__4.py', '--cfg-path', '/tmp/tmp6d66x2y_', '--error-file', '/tmp/tmpugs4jd3k']
[2021-05-09 17:59:18,693] {standard_task_runner.py:77} INFO - Job 100: Subtask today_dir
[2021-05-09 17:59:18,871] {logging_mixin.py:104} INFO - Running <TaskInstance: dag_4.today_dir 2021-05-08T00:00:00+00:00 [running]> on host navneetsajwan-Lenovo-G50-80
[2021-05-09 17:59:19,018] {taskinstance.py:1281} INFO - Exporting the following env vars:
AIRFLOW_CTX_DAG_EMAIL=navneet@metaorigins.com
AIRFLOW_CTX_DAG_OWNER=airflow
AIRFLOW_CTX_DAG_ID=dag_4
AIRFLOW_CTX_TASK_ID=today_dir
AIRFLOW_CTX_EXECUTION_DATE=2021-05-08T00:00:00+00:00
AIRFLOW_CTX_DAG_RUN_ID=scheduled__2021-05-08T00:00:00+00:00
[2021-05-09 17:59:19,019] {logging_mixin.py:104} INFO - create directory
[2021-05-09 17:59:19,019] {python.py:118} INFO - Done. Returned value was: None
[2021-05-09 17:59:19,024] {taskinstance.py:1185} INFO - Marking task as SUCCESS. dag_id=dag_4, task_id=today_dir, execution_date=20210508T000000, start_date=20210509T122918, end_date=20210509T122919
[2021-05-09 17:59:19,336] {taskinstance.py:1246} INFO - 1 downstream tasks scheduled from follow-on schedule check
[2021-05-09 17:59:19,342] {local_task_job.py:146} INFO - Task exited with return code 0
