[2021-05-09 17:59:57,788] {taskinstance.py:877} INFO - Dependencies all met for <TaskInstance: dag_4.today_dir 2021-05-08T05:40:06.416028+00:00 [queued]>
[2021-05-09 17:59:57,824] {taskinstance.py:877} INFO - Dependencies all met for <TaskInstance: dag_4.today_dir 2021-05-08T05:40:06.416028+00:00 [queued]>
[2021-05-09 17:59:57,825] {taskinstance.py:1068} INFO - 
--------------------------------------------------------------------------------
[2021-05-09 17:59:57,825] {taskinstance.py:1069} INFO - Starting attempt 1 of 3
[2021-05-09 17:59:57,825] {taskinstance.py:1070} INFO - 
--------------------------------------------------------------------------------
[2021-05-09 17:59:57,952] {taskinstance.py:1089} INFO - Executing <Task(PythonOperator): today_dir> on 2021-05-08T05:40:06.416028+00:00
[2021-05-09 17:59:57,955] {standard_task_runner.py:52} INFO - Started process 5804 to run task
[2021-05-09 17:59:57,962] {standard_task_runner.py:76} INFO - Running: ['airflow', 'tasks', 'run', 'dag_4', 'today_dir', '2021-05-08T05:40:06.416028+00:00', '--job-id', '108', '--pool', 'default_pool', '--raw', '--subdir', '/home/navneetsajwan/airflow/dags/dag__4.py', '--cfg-path', '/tmp/tmpk_c9algh', '--error-file', '/tmp/tmpmik9m3f0']
[2021-05-09 17:59:57,962] {standard_task_runner.py:77} INFO - Job 108: Subtask today_dir
[2021-05-09 17:59:58,127] {logging_mixin.py:104} INFO - Running <TaskInstance: dag_4.today_dir 2021-05-08T05:40:06.416028+00:00 [running]> on host navneetsajwan-Lenovo-G50-80
[2021-05-09 17:59:58,243] {taskinstance.py:1281} INFO - Exporting the following env vars:
AIRFLOW_CTX_DAG_EMAIL=navneet@metaorigins.com
AIRFLOW_CTX_DAG_OWNER=airflow
AIRFLOW_CTX_DAG_ID=dag_4
AIRFLOW_CTX_TASK_ID=today_dir
AIRFLOW_CTX_EXECUTION_DATE=2021-05-08T05:40:06.416028+00:00
AIRFLOW_CTX_DAG_RUN_ID=manual__2021-05-08T05:40:06.416028+00:00
[2021-05-09 17:59:58,245] {logging_mixin.py:104} INFO - create directory
[2021-05-09 17:59:58,245] {python.py:118} INFO - Done. Returned value was: None
[2021-05-09 17:59:58,249] {taskinstance.py:1185} INFO - Marking task as SUCCESS. dag_id=dag_4, task_id=today_dir, execution_date=20210508T054006, start_date=20210509T122957, end_date=20210509T122958
[2021-05-09 17:59:58,573] {taskinstance.py:1246} INFO - 1 downstream tasks scheduled from follow-on schedule check
[2021-05-09 17:59:58,612] {local_task_job.py:146} INFO - Task exited with return code 0
