[2021-05-08 11:25:57,270] {taskinstance.py:877} INFO - Dependencies all met for <TaskInstance: example_bash_operator.runme_2 2021-05-08T05:35:11.123810+00:00 [queued]>
[2021-05-08 11:25:57,279] {taskinstance.py:877} INFO - Dependencies all met for <TaskInstance: example_bash_operator.runme_2 2021-05-08T05:35:11.123810+00:00 [queued]>
[2021-05-08 11:25:57,279] {taskinstance.py:1068} INFO - 
--------------------------------------------------------------------------------
[2021-05-08 11:25:57,279] {taskinstance.py:1069} INFO - Starting attempt 2 of 2
[2021-05-08 11:25:57,279] {taskinstance.py:1070} INFO - 
--------------------------------------------------------------------------------
[2021-05-08 11:25:57,392] {taskinstance.py:1089} INFO - Executing <Task(BashOperator): runme_2> on 2021-05-08T05:35:11.123810+00:00
[2021-05-08 11:25:57,394] {standard_task_runner.py:52} INFO - Started process 143275 to run task
[2021-05-08 11:25:57,399] {standard_task_runner.py:76} INFO - Running: ['airflow', 'tasks', 'run', 'example_bash_operator', 'runme_2', '2021-05-08T05:35:11.123810+00:00', '--job-id', '40', '--pool', 'default_pool', '--raw', '--subdir', '/home/navneetsajwan/airflow/etl/lib/python3.8/site-packages/airflow/example_dags/example_bash_operator.py', '--cfg-path', '/tmp/tmp8w1ivc1y', '--error-file', '/tmp/tmpdiquhd5_']
[2021-05-08 11:25:57,400] {standard_task_runner.py:77} INFO - Job 40: Subtask runme_2
[2021-05-08 11:25:57,517] {logging_mixin.py:104} INFO - Running <TaskInstance: example_bash_operator.runme_2 2021-05-08T05:35:11.123810+00:00 [running]> on host navneetsajwan-Lenovo-G50-80
[2021-05-08 11:25:57,746] {taskinstance.py:1281} INFO - Exporting the following env vars:
AIRFLOW_CTX_DAG_OWNER=airflow
AIRFLOW_CTX_DAG_ID=example_bash_operator
AIRFLOW_CTX_TASK_ID=runme_2
AIRFLOW_CTX_EXECUTION_DATE=2021-05-08T05:35:11.123810+00:00
AIRFLOW_CTX_DAG_RUN_ID=manual__2021-05-08T05:35:11.123810+00:00
[2021-05-08 11:25:57,746] {bash.py:135} INFO - Tmp dir root location: 
 /tmp
[2021-05-08 11:25:57,747] {bash.py:158} INFO - Running command: echo "example_bash_operator__runme_2__20210508" && sleep 1
[2021-05-08 11:25:57,755] {bash.py:169} INFO - Output:
[2021-05-08 11:25:57,757] {bash.py:173} INFO - example_bash_operator__runme_2__20210508
[2021-05-08 11:25:58,760] {bash.py:177} INFO - Command exited with return code 0
[2021-05-08 11:25:58,860] {taskinstance.py:1185} INFO - Marking task as SUCCESS. dag_id=example_bash_operator, task_id=runme_2, execution_date=20210508T053511, start_date=20210508T055557, end_date=20210508T055558
[2021-05-08 11:25:59,091] {taskinstance.py:1246} INFO - 1 downstream tasks scheduled from follow-on schedule check
[2021-05-08 11:25:59,135] {local_task_job.py:146} INFO - Task exited with return code 0
