[2021-05-09 17:59:21,825] {taskinstance.py:877} INFO - Dependencies all met for <TaskInstance: dag_4.tap_mysql_target_csv 2021-05-08T05:57:36.499933+00:00 [queued]>
[2021-05-09 17:59:21,853] {taskinstance.py:877} INFO - Dependencies all met for <TaskInstance: dag_4.tap_mysql_target_csv 2021-05-08T05:57:36.499933+00:00 [queued]>
[2021-05-09 17:59:21,853] {taskinstance.py:1068} INFO - 
--------------------------------------------------------------------------------
[2021-05-09 17:59:21,853] {taskinstance.py:1069} INFO - Starting attempt 1 of 3
[2021-05-09 17:59:21,853] {taskinstance.py:1070} INFO - 
--------------------------------------------------------------------------------
[2021-05-09 17:59:22,072] {taskinstance.py:1089} INFO - Executing <Task(PythonOperator): tap_mysql_target_csv> on 2021-05-08T05:57:36.499933+00:00
[2021-05-09 17:59:22,075] {standard_task_runner.py:52} INFO - Started process 5621 to run task
[2021-05-09 17:59:22,081] {standard_task_runner.py:76} INFO - Running: ['airflow', 'tasks', 'run', 'dag_4', 'tap_mysql_target_csv', '2021-05-08T05:57:36.499933+00:00', '--job-id', '101', '--pool', 'default_pool', '--raw', '--subdir', '/home/navneetsajwan/airflow/dags/dag__4.py', '--cfg-path', '/tmp/tmpnoxvxmgk', '--error-file', '/tmp/tmp1fcq2ynd']
[2021-05-09 17:59:22,081] {standard_task_runner.py:77} INFO - Job 101: Subtask tap_mysql_target_csv
[2021-05-09 17:59:22,327] {logging_mixin.py:104} INFO - Running <TaskInstance: dag_4.tap_mysql_target_csv 2021-05-08T05:57:36.499933+00:00 [running]> on host navneetsajwan-Lenovo-G50-80
[2021-05-09 17:59:22,431] {taskinstance.py:1281} INFO - Exporting the following env vars:
AIRFLOW_CTX_DAG_EMAIL=navneet@metaorigins.com
AIRFLOW_CTX_DAG_OWNER=airflow
AIRFLOW_CTX_DAG_ID=dag_4
AIRFLOW_CTX_TASK_ID=tap_mysql_target_csv
AIRFLOW_CTX_EXECUTION_DATE=2021-05-08T05:57:36.499933+00:00
AIRFLOW_CTX_DAG_RUN_ID=manual__2021-05-08T05:57:36.499933+00:00
[2021-05-09 17:59:22,432] {logging_mixin.py:104} INFO - /home/navneetsajwan/airflow
[2021-05-09 17:59:23,293] {python.py:118} INFO - Done. Returned value was: 0
[2021-05-09 17:59:23,383] {taskinstance.py:1185} INFO - Marking task as SUCCESS. dag_id=dag_4, task_id=tap_mysql_target_csv, execution_date=20210508T055736, start_date=20210509T122921, end_date=20210509T122923
[2021-05-09 17:59:23,705] {taskinstance.py:1246} INFO - 1 downstream tasks scheduled from follow-on schedule check
[2021-05-09 17:59:23,736] {local_task_job.py:146} INFO - Task exited with return code 0
