[2021-05-08 18:35:25,256] {taskinstance.py:877} INFO - Dependencies all met for <TaskInstance: dag_4.python_push_into_target 2021-05-07T00:00:00+00:00 [queued]>
[2021-05-08 18:35:25,270] {taskinstance.py:877} INFO - Dependencies all met for <TaskInstance: dag_4.python_push_into_target 2021-05-07T00:00:00+00:00 [queued]>
[2021-05-08 18:35:25,270] {taskinstance.py:1068} INFO - 
--------------------------------------------------------------------------------
[2021-05-08 18:35:25,270] {taskinstance.py:1069} INFO - Starting attempt 3 of 5
[2021-05-08 18:35:25,271] {taskinstance.py:1070} INFO - 
--------------------------------------------------------------------------------
[2021-05-08 18:35:25,402] {taskinstance.py:1089} INFO - Executing <Task(PythonOperator): python_push_into_target> on 2021-05-07T00:00:00+00:00
[2021-05-08 18:35:25,406] {standard_task_runner.py:52} INFO - Started process 192072 to run task
[2021-05-08 18:35:25,413] {standard_task_runner.py:76} INFO - Running: ['airflow', 'tasks', 'run', 'dag_4', 'python_push_into_target', '2021-05-07T00:00:00+00:00', '--job-id', '79', '--pool', 'default_pool', '--raw', '--subdir', '/home/navneetsajwan/airflow/dags/dag__4.py', '--cfg-path', '/tmp/tmp0oxc7ode', '--error-file', '/tmp/tmpb5vya670']
[2021-05-08 18:35:25,413] {standard_task_runner.py:77} INFO - Job 79: Subtask python_push_into_target
[2021-05-08 18:35:25,531] {logging_mixin.py:104} INFO - Running <TaskInstance: dag_4.python_push_into_target 2021-05-07T00:00:00+00:00 [running]> on host navneetsajwan-Lenovo-G50-80
[2021-05-08 18:35:25,557] {taskinstance.py:1281} INFO - Exporting the following env vars:
AIRFLOW_CTX_DAG_EMAIL=navneet@metaorigins.com
AIRFLOW_CTX_DAG_OWNER=airflow
AIRFLOW_CTX_DAG_ID=dag_4
AIRFLOW_CTX_TASK_ID=python_push_into_target
AIRFLOW_CTX_EXECUTION_DATE=2021-05-07T00:00:00+00:00
AIRFLOW_CTX_DAG_RUN_ID=scheduled__2021-05-07T00:00:00+00:00
[2021-05-08 18:35:27,570] {logging_mixin.py:104} INFO - push_test
[2021-05-08 18:35:27,570] {python.py:118} INFO - Done. Returned value was: None
[2021-05-08 18:35:27,575] {taskinstance.py:1185} INFO - Marking task as SUCCESS. dag_id=dag_4, task_id=python_push_into_target, execution_date=20210507T000000, start_date=20210508T130525, end_date=20210508T130527
[2021-05-08 18:35:27,812] {taskinstance.py:1246} INFO - 0 downstream tasks scheduled from follow-on schedule check
[2021-05-08 18:35:27,832] {local_task_job.py:146} INFO - Task exited with return code 0
