[2021-05-08 11:24:31,217] {taskinstance.py:877} INFO - Dependencies all met for <TaskInstance: example_bash_operator.runme_0 2021-05-08T05:35:11.123810+00:00 [queued]>
[2021-05-08 11:24:31,228] {taskinstance.py:877} INFO - Dependencies all met for <TaskInstance: example_bash_operator.runme_0 2021-05-08T05:35:11.123810+00:00 [queued]>
[2021-05-08 11:24:31,228] {taskinstance.py:1068} INFO - 
--------------------------------------------------------------------------------
[2021-05-08 11:24:31,228] {taskinstance.py:1069} INFO - Starting attempt 2 of 2
[2021-05-08 11:24:31,229] {taskinstance.py:1070} INFO - 
--------------------------------------------------------------------------------
[2021-05-08 11:24:31,376] {taskinstance.py:1089} INFO - Executing <Task(BashOperator): runme_0> on 2021-05-08T05:35:11.123810+00:00
[2021-05-08 11:24:31,379] {standard_task_runner.py:52} INFO - Started process 143024 to run task
[2021-05-08 11:24:31,385] {standard_task_runner.py:76} INFO - Running: ['airflow', 'tasks', 'run', 'example_bash_operator', 'runme_0', '2021-05-08T05:35:11.123810+00:00', '--job-id', '33', '--pool', 'default_pool', '--raw', '--subdir', '/home/navneetsajwan/airflow/etl/lib/python3.8/site-packages/airflow/example_dags/example_bash_operator.py', '--cfg-path', '/tmp/tmpdadr9ux3', '--error-file', '/tmp/tmpan6z2dk4']
[2021-05-08 11:24:31,385] {standard_task_runner.py:77} INFO - Job 33: Subtask runme_0
[2021-05-08 11:24:31,586] {logging_mixin.py:104} INFO - Running <TaskInstance: example_bash_operator.runme_0 2021-05-08T05:35:11.123810+00:00 [running]> on host navneetsajwan-Lenovo-G50-80
[2021-05-08 11:24:31,688] {taskinstance.py:1281} INFO - Exporting the following env vars:
AIRFLOW_CTX_DAG_OWNER=airflow
AIRFLOW_CTX_DAG_ID=example_bash_operator
AIRFLOW_CTX_TASK_ID=runme_0
AIRFLOW_CTX_EXECUTION_DATE=2021-05-08T05:35:11.123810+00:00
AIRFLOW_CTX_DAG_RUN_ID=manual__2021-05-08T05:35:11.123810+00:00
[2021-05-08 11:24:31,688] {bash.py:135} INFO - Tmp dir root location: 
 /tmp
[2021-05-08 11:24:31,689] {bash.py:158} INFO - Running command: echo "example_bash_operator__runme_0__20210508" && sleep 1
[2021-05-08 11:24:31,695] {bash.py:169} INFO - Output:
[2021-05-08 11:24:31,696] {bash.py:173} INFO - example_bash_operator__runme_0__20210508
[2021-05-08 11:24:32,698] {bash.py:177} INFO - Command exited with return code 0
[2021-05-08 11:24:32,828] {taskinstance.py:1185} INFO - Marking task as SUCCESS. dag_id=example_bash_operator, task_id=runme_0, execution_date=20210508T053511, start_date=20210508T055431, end_date=20210508T055432
[2021-05-08 11:24:33,065] {taskinstance.py:1246} INFO - 1 downstream tasks scheduled from follow-on schedule check
[2021-05-08 11:24:33,079] {local_task_job.py:146} INFO - Task exited with return code 0
