[2021-05-08 11:30:18,090] {taskinstance.py:877} INFO - Dependencies all met for <TaskInstance: dag_4.tap_mysql_target_csv 2021-05-06T00:00:00+00:00 [queued]>
[2021-05-08 11:30:18,101] {taskinstance.py:877} INFO - Dependencies all met for <TaskInstance: dag_4.tap_mysql_target_csv 2021-05-06T00:00:00+00:00 [queued]>
[2021-05-08 11:30:18,101] {taskinstance.py:1068} INFO - 
--------------------------------------------------------------------------------
[2021-05-08 11:30:18,101] {taskinstance.py:1069} INFO - Starting attempt 2 of 4
[2021-05-08 11:30:18,101] {taskinstance.py:1070} INFO - 
--------------------------------------------------------------------------------
[2021-05-08 11:30:18,226] {taskinstance.py:1089} INFO - Executing <Task(PythonOperator): tap_mysql_target_csv> on 2021-05-06T00:00:00+00:00
[2021-05-08 11:30:18,228] {standard_task_runner.py:52} INFO - Started process 143940 to run task
[2021-05-08 11:30:18,234] {standard_task_runner.py:76} INFO - Running: ['airflow', 'tasks', 'run', 'dag_4', 'tap_mysql_target_csv', '2021-05-06T00:00:00+00:00', '--job-id', '43', '--pool', 'default_pool', '--raw', '--subdir', '/home/navneetsajwan/airflow/dags/dag__4.py', '--cfg-path', '/tmp/tmp5unhei08', '--error-file', '/tmp/tmpk5hiudjh']
[2021-05-08 11:30:18,235] {standard_task_runner.py:77} INFO - Job 43: Subtask tap_mysql_target_csv
[2021-05-08 11:30:18,373] {logging_mixin.py:104} INFO - Running <TaskInstance: dag_4.tap_mysql_target_csv 2021-05-06T00:00:00+00:00 [running]> on host navneetsajwan-Lenovo-G50-80
[2021-05-08 11:30:18,488] {taskinstance.py:1281} INFO - Exporting the following env vars:
AIRFLOW_CTX_DAG_EMAIL=navneet@metaorigins.com
AIRFLOW_CTX_DAG_OWNER=airflow
AIRFLOW_CTX_DAG_ID=dag_4
AIRFLOW_CTX_TASK_ID=tap_mysql_target_csv
AIRFLOW_CTX_EXECUTION_DATE=2021-05-06T00:00:00+00:00
AIRFLOW_CTX_DAG_RUN_ID=scheduled__2021-05-06T00:00:00+00:00
[2021-05-08 11:30:21,025] {python.py:118} INFO - Done. Returned value was: 0
[2021-05-08 11:30:21,105] {taskinstance.py:1185} INFO - Marking task as SUCCESS. dag_id=dag_4, task_id=tap_mysql_target_csv, execution_date=20210506T000000, start_date=20210508T060018, end_date=20210508T060021
[2021-05-08 11:30:21,348] {taskinstance.py:1246} INFO - 1 downstream tasks scheduled from follow-on schedule check
[2021-05-08 11:30:21,374] {local_task_job.py:146} INFO - Task exited with return code 0
