[2021-05-08 01:07:04,093] {scheduler_job.py:182} INFO - Started process (PID=439877) to work on /home/navneetsajwan/airflow/etl/lib/python3.8/site-packages/airflow/example_dags/example_complex.py
[2021-05-08 01:07:04,095] {scheduler_job.py:629} INFO - Processing file /home/navneetsajwan/airflow/etl/lib/python3.8/site-packages/airflow/example_dags/example_complex.py for tasks to queue
[2021-05-08 01:07:04,097] {logging_mixin.py:104} INFO - [2021-05-08 01:07:04,096] {dagbag.py:451} INFO - Filling up the DagBag from /home/navneetsajwan/airflow/etl/lib/python3.8/site-packages/airflow/example_dags/example_complex.py
[2021-05-08 01:07:04,181] {scheduler_job.py:639} INFO - DAG(s) dict_keys(['example_complex']) retrieved from /home/navneetsajwan/airflow/etl/lib/python3.8/site-packages/airflow/example_dags/example_complex.py
[2021-05-08 01:07:04,264] {logging_mixin.py:104} INFO - [2021-05-08 01:07:04,264] {dag.py:1824} INFO - Sync 1 DAGs
[2021-05-08 01:07:04,287] {logging_mixin.py:104} INFO - [2021-05-08 01:07:04,287] {dag.py:2280} INFO - Setting next_dagrun for example_complex to None
[2021-05-08 01:07:04,471] {scheduler_job.py:190} INFO - Processing /home/navneetsajwan/airflow/etl/lib/python3.8/site-packages/airflow/example_dags/example_complex.py took 0.385 seconds
[2021-05-08 01:07:36,701] {scheduler_job.py:182} INFO - Started process (PID=440311) to work on /home/navneetsajwan/airflow/etl/lib/python3.8/site-packages/airflow/example_dags/example_complex.py
[2021-05-08 01:07:36,702] {scheduler_job.py:629} INFO - Processing file /home/navneetsajwan/airflow/etl/lib/python3.8/site-packages/airflow/example_dags/example_complex.py for tasks to queue
[2021-05-08 01:07:36,703] {logging_mixin.py:104} INFO - [2021-05-08 01:07:36,703] {dagbag.py:451} INFO - Filling up the DagBag from /home/navneetsajwan/airflow/etl/lib/python3.8/site-packages/airflow/example_dags/example_complex.py
[2021-05-08 01:07:36,792] {scheduler_job.py:639} INFO - DAG(s) dict_keys(['example_complex']) retrieved from /home/navneetsajwan/airflow/etl/lib/python3.8/site-packages/airflow/example_dags/example_complex.py
[2021-05-08 01:07:36,852] {logging_mixin.py:104} INFO - [2021-05-08 01:07:36,851] {dag.py:1824} INFO - Sync 1 DAGs
[2021-05-08 01:07:36,879] {logging_mixin.py:104} INFO - [2021-05-08 01:07:36,878] {dag.py:2280} INFO - Setting next_dagrun for example_complex to None
[2021-05-08 01:07:37,011] {scheduler_job.py:190} INFO - Processing /home/navneetsajwan/airflow/etl/lib/python3.8/site-packages/airflow/example_dags/example_complex.py took 0.319 seconds
[2021-05-08 01:08:12,790] {scheduler_job.py:182} INFO - Started process (PID=440791) to work on /home/navneetsajwan/airflow/etl/lib/python3.8/site-packages/airflow/example_dags/example_complex.py
[2021-05-08 01:08:12,791] {scheduler_job.py:629} INFO - Processing file /home/navneetsajwan/airflow/etl/lib/python3.8/site-packages/airflow/example_dags/example_complex.py for tasks to queue
[2021-05-08 01:08:12,792] {logging_mixin.py:104} INFO - [2021-05-08 01:08:12,792] {dagbag.py:451} INFO - Filling up the DagBag from /home/navneetsajwan/airflow/etl/lib/python3.8/site-packages/airflow/example_dags/example_complex.py
[2021-05-08 01:08:12,876] {scheduler_job.py:639} INFO - DAG(s) dict_keys(['example_complex']) retrieved from /home/navneetsajwan/airflow/etl/lib/python3.8/site-packages/airflow/example_dags/example_complex.py
[2021-05-08 01:08:12,914] {logging_mixin.py:104} INFO - [2021-05-08 01:08:12,914] {dag.py:1824} INFO - Sync 1 DAGs
[2021-05-08 01:08:12,931] {logging_mixin.py:104} INFO - [2021-05-08 01:08:12,931] {dag.py:2280} INFO - Setting next_dagrun for example_complex to None
[2021-05-08 01:08:13,188] {scheduler_job.py:190} INFO - Processing /home/navneetsajwan/airflow/etl/lib/python3.8/site-packages/airflow/example_dags/example_complex.py took 0.401 seconds
[2021-05-08 01:08:47,906] {scheduler_job.py:182} INFO - Started process (PID=441416) to work on /home/navneetsajwan/airflow/etl/lib/python3.8/site-packages/airflow/example_dags/example_complex.py
[2021-05-08 01:08:47,910] {scheduler_job.py:629} INFO - Processing file /home/navneetsajwan/airflow/etl/lib/python3.8/site-packages/airflow/example_dags/example_complex.py for tasks to queue
[2021-05-08 01:08:47,911] {logging_mixin.py:104} INFO - [2021-05-08 01:08:47,911] {dagbag.py:451} INFO - Filling up the DagBag from /home/navneetsajwan/airflow/etl/lib/python3.8/site-packages/airflow/example_dags/example_complex.py
[2021-05-08 01:08:48,091] {scheduler_job.py:639} INFO - DAG(s) dict_keys(['example_complex']) retrieved from /home/navneetsajwan/airflow/etl/lib/python3.8/site-packages/airflow/example_dags/example_complex.py
[2021-05-08 01:08:48,335] {logging_mixin.py:104} INFO - [2021-05-08 01:08:48,335] {dag.py:1824} INFO - Sync 1 DAGs
[2021-05-08 01:08:48,415] {logging_mixin.py:104} INFO - [2021-05-08 01:08:48,415] {dag.py:2280} INFO - Setting next_dagrun for example_complex to None
[2021-05-08 01:08:48,875] {scheduler_job.py:190} INFO - Processing /home/navneetsajwan/airflow/etl/lib/python3.8/site-packages/airflow/example_dags/example_complex.py took 0.983 seconds
[2021-05-08 01:09:30,605] {scheduler_job.py:182} INFO - Started process (PID=442229) to work on /home/navneetsajwan/airflow/etl/lib/python3.8/site-packages/airflow/example_dags/example_complex.py
[2021-05-08 01:09:30,607] {scheduler_job.py:629} INFO - Processing file /home/navneetsajwan/airflow/etl/lib/python3.8/site-packages/airflow/example_dags/example_complex.py for tasks to queue
[2021-05-08 01:09:30,608] {logging_mixin.py:104} INFO - [2021-05-08 01:09:30,608] {dagbag.py:451} INFO - Filling up the DagBag from /home/navneetsajwan/airflow/etl/lib/python3.8/site-packages/airflow/example_dags/example_complex.py
[2021-05-08 01:09:30,649] {scheduler_job.py:639} INFO - DAG(s) dict_keys(['example_complex']) retrieved from /home/navneetsajwan/airflow/etl/lib/python3.8/site-packages/airflow/example_dags/example_complex.py
[2021-05-08 01:09:30,679] {logging_mixin.py:104} INFO - [2021-05-08 01:09:30,679] {dag.py:1824} INFO - Sync 1 DAGs
[2021-05-08 01:09:30,696] {logging_mixin.py:104} INFO - [2021-05-08 01:09:30,696] {dag.py:2280} INFO - Setting next_dagrun for example_complex to None
[2021-05-08 01:09:30,832] {scheduler_job.py:190} INFO - Processing /home/navneetsajwan/airflow/etl/lib/python3.8/site-packages/airflow/example_dags/example_complex.py took 0.231 seconds
[2021-05-08 01:10:09,705] {scheduler_job.py:182} INFO - Started process (PID=442793) to work on /home/navneetsajwan/airflow/etl/lib/python3.8/site-packages/airflow/example_dags/example_complex.py
[2021-05-08 01:10:09,706] {scheduler_job.py:629} INFO - Processing file /home/navneetsajwan/airflow/etl/lib/python3.8/site-packages/airflow/example_dags/example_complex.py for tasks to queue
[2021-05-08 01:10:09,707] {logging_mixin.py:104} INFO - [2021-05-08 01:10:09,706] {dagbag.py:451} INFO - Filling up the DagBag from /home/navneetsajwan/airflow/etl/lib/python3.8/site-packages/airflow/example_dags/example_complex.py
[2021-05-08 01:10:09,729] {scheduler_job.py:639} INFO - DAG(s) dict_keys(['example_complex']) retrieved from /home/navneetsajwan/airflow/etl/lib/python3.8/site-packages/airflow/example_dags/example_complex.py
[2021-05-08 01:10:09,756] {logging_mixin.py:104} INFO - [2021-05-08 01:10:09,755] {dag.py:1824} INFO - Sync 1 DAGs
[2021-05-08 01:10:09,772] {logging_mixin.py:104} INFO - [2021-05-08 01:10:09,772] {dag.py:2280} INFO - Setting next_dagrun for example_complex to None
[2021-05-08 01:10:09,902] {scheduler_job.py:190} INFO - Processing /home/navneetsajwan/airflow/etl/lib/python3.8/site-packages/airflow/example_dags/example_complex.py took 0.200 seconds
[2021-05-08 01:10:48,495] {scheduler_job.py:182} INFO - Started process (PID=443647) to work on /home/navneetsajwan/airflow/etl/lib/python3.8/site-packages/airflow/example_dags/example_complex.py
[2021-05-08 01:10:48,496] {scheduler_job.py:629} INFO - Processing file /home/navneetsajwan/airflow/etl/lib/python3.8/site-packages/airflow/example_dags/example_complex.py for tasks to queue
[2021-05-08 01:10:48,497] {logging_mixin.py:104} INFO - [2021-05-08 01:10:48,497] {dagbag.py:451} INFO - Filling up the DagBag from /home/navneetsajwan/airflow/etl/lib/python3.8/site-packages/airflow/example_dags/example_complex.py
[2021-05-08 01:10:48,517] {scheduler_job.py:639} INFO - DAG(s) dict_keys(['example_complex']) retrieved from /home/navneetsajwan/airflow/etl/lib/python3.8/site-packages/airflow/example_dags/example_complex.py
[2021-05-08 01:10:48,542] {logging_mixin.py:104} INFO - [2021-05-08 01:10:48,542] {dag.py:1824} INFO - Sync 1 DAGs
[2021-05-08 01:10:48,558] {logging_mixin.py:104} INFO - [2021-05-08 01:10:48,558] {dag.py:2280} INFO - Setting next_dagrun for example_complex to None
[2021-05-08 01:10:48,657] {scheduler_job.py:190} INFO - Processing /home/navneetsajwan/airflow/etl/lib/python3.8/site-packages/airflow/example_dags/example_complex.py took 0.165 seconds
[2021-05-08 01:11:25,571] {scheduler_job.py:182} INFO - Started process (PID=444186) to work on /home/navneetsajwan/airflow/etl/lib/python3.8/site-packages/airflow/example_dags/example_complex.py
[2021-05-08 01:11:25,572] {scheduler_job.py:629} INFO - Processing file /home/navneetsajwan/airflow/etl/lib/python3.8/site-packages/airflow/example_dags/example_complex.py for tasks to queue
[2021-05-08 01:11:25,573] {logging_mixin.py:104} INFO - [2021-05-08 01:11:25,573] {dagbag.py:451} INFO - Filling up the DagBag from /home/navneetsajwan/airflow/etl/lib/python3.8/site-packages/airflow/example_dags/example_complex.py
[2021-05-08 01:11:25,594] {scheduler_job.py:639} INFO - DAG(s) dict_keys(['example_complex']) retrieved from /home/navneetsajwan/airflow/etl/lib/python3.8/site-packages/airflow/example_dags/example_complex.py
[2021-05-08 01:11:25,618] {logging_mixin.py:104} INFO - [2021-05-08 01:11:25,618] {dag.py:1824} INFO - Sync 1 DAGs
[2021-05-08 01:11:25,633] {logging_mixin.py:104} INFO - [2021-05-08 01:11:25,632] {dag.py:2280} INFO - Setting next_dagrun for example_complex to None
[2021-05-08 01:11:25,738] {scheduler_job.py:190} INFO - Processing /home/navneetsajwan/airflow/etl/lib/python3.8/site-packages/airflow/example_dags/example_complex.py took 0.170 seconds
[2021-05-08 01:14:39,588] {scheduler_job.py:182} INFO - Started process (PID=447417) to work on /home/navneetsajwan/airflow/etl/lib/python3.8/site-packages/airflow/example_dags/example_complex.py
[2021-05-08 01:14:39,589] {scheduler_job.py:629} INFO - Processing file /home/navneetsajwan/airflow/etl/lib/python3.8/site-packages/airflow/example_dags/example_complex.py for tasks to queue
[2021-05-08 01:14:39,590] {logging_mixin.py:104} INFO - [2021-05-08 01:14:39,590] {dagbag.py:451} INFO - Filling up the DagBag from /home/navneetsajwan/airflow/etl/lib/python3.8/site-packages/airflow/example_dags/example_complex.py
[2021-05-08 01:14:39,612] {scheduler_job.py:639} INFO - DAG(s) dict_keys(['example_complex']) retrieved from /home/navneetsajwan/airflow/etl/lib/python3.8/site-packages/airflow/example_dags/example_complex.py
[2021-05-08 01:14:39,648] {logging_mixin.py:104} INFO - [2021-05-08 01:14:39,647] {dag.py:1824} INFO - Sync 1 DAGs
[2021-05-08 01:14:39,668] {logging_mixin.py:104} INFO - [2021-05-08 01:14:39,667] {dag.py:2280} INFO - Setting next_dagrun for example_complex to None
[2021-05-08 01:14:39,768] {scheduler_job.py:190} INFO - Processing /home/navneetsajwan/airflow/etl/lib/python3.8/site-packages/airflow/example_dags/example_complex.py took 0.187 seconds
[2021-05-08 01:15:12,053] {scheduler_job.py:182} INFO - Started process (PID=447885) to work on /home/navneetsajwan/airflow/etl/lib/python3.8/site-packages/airflow/example_dags/example_complex.py
[2021-05-08 01:15:12,054] {scheduler_job.py:629} INFO - Processing file /home/navneetsajwan/airflow/etl/lib/python3.8/site-packages/airflow/example_dags/example_complex.py for tasks to queue
[2021-05-08 01:15:12,055] {logging_mixin.py:104} INFO - [2021-05-08 01:15:12,055] {dagbag.py:451} INFO - Filling up the DagBag from /home/navneetsajwan/airflow/etl/lib/python3.8/site-packages/airflow/example_dags/example_complex.py
[2021-05-08 01:15:12,069] {scheduler_job.py:639} INFO - DAG(s) dict_keys(['example_complex']) retrieved from /home/navneetsajwan/airflow/etl/lib/python3.8/site-packages/airflow/example_dags/example_complex.py
[2021-05-08 01:15:12,099] {logging_mixin.py:104} INFO - [2021-05-08 01:15:12,099] {dag.py:1824} INFO - Sync 1 DAGs
[2021-05-08 01:15:12,111] {logging_mixin.py:104} INFO - [2021-05-08 01:15:12,111] {dag.py:2280} INFO - Setting next_dagrun for example_complex to None
[2021-05-08 01:15:12,202] {scheduler_job.py:190} INFO - Processing /home/navneetsajwan/airflow/etl/lib/python3.8/site-packages/airflow/example_dags/example_complex.py took 0.152 seconds
[2021-05-08 01:15:49,344] {scheduler_job.py:182} INFO - Started process (PID=448655) to work on /home/navneetsajwan/airflow/etl/lib/python3.8/site-packages/airflow/example_dags/example_complex.py
[2021-05-08 01:15:49,346] {scheduler_job.py:629} INFO - Processing file /home/navneetsajwan/airflow/etl/lib/python3.8/site-packages/airflow/example_dags/example_complex.py for tasks to queue
[2021-05-08 01:15:49,347] {logging_mixin.py:104} INFO - [2021-05-08 01:15:49,347] {dagbag.py:451} INFO - Filling up the DagBag from /home/navneetsajwan/airflow/etl/lib/python3.8/site-packages/airflow/example_dags/example_complex.py
[2021-05-08 01:15:49,379] {scheduler_job.py:639} INFO - DAG(s) dict_keys(['example_complex']) retrieved from /home/navneetsajwan/airflow/etl/lib/python3.8/site-packages/airflow/example_dags/example_complex.py
[2021-05-08 01:15:49,414] {logging_mixin.py:104} INFO - [2021-05-08 01:15:49,414] {dag.py:1824} INFO - Sync 1 DAGs
[2021-05-08 01:15:49,433] {logging_mixin.py:104} INFO - [2021-05-08 01:15:49,433] {dag.py:2280} INFO - Setting next_dagrun for example_complex to None
[2021-05-08 01:15:49,938] {scheduler_job.py:190} INFO - Processing /home/navneetsajwan/airflow/etl/lib/python3.8/site-packages/airflow/example_dags/example_complex.py took 0.601 seconds
[2021-05-08 01:16:20,912] {scheduler_job.py:182} INFO - Started process (PID=449200) to work on /home/navneetsajwan/airflow/etl/lib/python3.8/site-packages/airflow/example_dags/example_complex.py
[2021-05-08 01:16:20,913] {scheduler_job.py:629} INFO - Processing file /home/navneetsajwan/airflow/etl/lib/python3.8/site-packages/airflow/example_dags/example_complex.py for tasks to queue
[2021-05-08 01:16:20,914] {logging_mixin.py:104} INFO - [2021-05-08 01:16:20,914] {dagbag.py:451} INFO - Filling up the DagBag from /home/navneetsajwan/airflow/etl/lib/python3.8/site-packages/airflow/example_dags/example_complex.py
[2021-05-08 01:16:20,928] {scheduler_job.py:639} INFO - DAG(s) dict_keys(['example_complex']) retrieved from /home/navneetsajwan/airflow/etl/lib/python3.8/site-packages/airflow/example_dags/example_complex.py
[2021-05-08 01:16:20,950] {logging_mixin.py:104} INFO - [2021-05-08 01:16:20,950] {dag.py:1824} INFO - Sync 1 DAGs
[2021-05-08 01:16:20,962] {logging_mixin.py:104} INFO - [2021-05-08 01:16:20,962] {dag.py:2280} INFO - Setting next_dagrun for example_complex to None
[2021-05-08 01:16:21,072] {scheduler_job.py:190} INFO - Processing /home/navneetsajwan/airflow/etl/lib/python3.8/site-packages/airflow/example_dags/example_complex.py took 0.164 seconds
[2021-05-08 01:17:01,624] {scheduler_job.py:182} INFO - Started process (PID=449792) to work on /home/navneetsajwan/airflow/etl/lib/python3.8/site-packages/airflow/example_dags/example_complex.py
[2021-05-08 01:17:01,625] {scheduler_job.py:629} INFO - Processing file /home/navneetsajwan/airflow/etl/lib/python3.8/site-packages/airflow/example_dags/example_complex.py for tasks to queue
[2021-05-08 01:17:01,636] {logging_mixin.py:104} INFO - [2021-05-08 01:17:01,635] {dagbag.py:451} INFO - Filling up the DagBag from /home/navneetsajwan/airflow/etl/lib/python3.8/site-packages/airflow/example_dags/example_complex.py
[2021-05-08 01:17:01,676] {scheduler_job.py:639} INFO - DAG(s) dict_keys(['example_complex']) retrieved from /home/navneetsajwan/airflow/etl/lib/python3.8/site-packages/airflow/example_dags/example_complex.py
[2021-05-08 01:17:01,800] {logging_mixin.py:104} INFO - [2021-05-08 01:17:01,797] {dag.py:1824} INFO - Sync 1 DAGs
[2021-05-08 01:17:01,854] {logging_mixin.py:104} INFO - [2021-05-08 01:17:01,854] {dag.py:2280} INFO - Setting next_dagrun for example_complex to None
[2021-05-08 01:17:02,045] {scheduler_job.py:190} INFO - Processing /home/navneetsajwan/airflow/etl/lib/python3.8/site-packages/airflow/example_dags/example_complex.py took 0.436 seconds
[2021-05-08 01:17:39,706] {scheduler_job.py:182} INFO - Started process (PID=450696) to work on /home/navneetsajwan/airflow/etl/lib/python3.8/site-packages/airflow/example_dags/example_complex.py
[2021-05-08 01:17:39,707] {scheduler_job.py:629} INFO - Processing file /home/navneetsajwan/airflow/etl/lib/python3.8/site-packages/airflow/example_dags/example_complex.py for tasks to queue
[2021-05-08 01:17:39,707] {logging_mixin.py:104} INFO - [2021-05-08 01:17:39,707] {dagbag.py:451} INFO - Filling up the DagBag from /home/navneetsajwan/airflow/etl/lib/python3.8/site-packages/airflow/example_dags/example_complex.py
[2021-05-08 01:17:39,723] {scheduler_job.py:639} INFO - DAG(s) dict_keys(['example_complex']) retrieved from /home/navneetsajwan/airflow/etl/lib/python3.8/site-packages/airflow/example_dags/example_complex.py
[2021-05-08 01:17:39,750] {logging_mixin.py:104} INFO - [2021-05-08 01:17:39,750] {dag.py:1824} INFO - Sync 1 DAGs
[2021-05-08 01:17:39,764] {logging_mixin.py:104} INFO - [2021-05-08 01:17:39,764] {dag.py:2280} INFO - Setting next_dagrun for example_complex to None
[2021-05-08 01:17:39,888] {scheduler_job.py:190} INFO - Processing /home/navneetsajwan/airflow/etl/lib/python3.8/site-packages/airflow/example_dags/example_complex.py took 0.185 seconds
[2021-05-08 01:18:16,991] {scheduler_job.py:182} INFO - Started process (PID=451260) to work on /home/navneetsajwan/airflow/etl/lib/python3.8/site-packages/airflow/example_dags/example_complex.py
[2021-05-08 01:18:16,993] {scheduler_job.py:629} INFO - Processing file /home/navneetsajwan/airflow/etl/lib/python3.8/site-packages/airflow/example_dags/example_complex.py for tasks to queue
[2021-05-08 01:18:16,994] {logging_mixin.py:104} INFO - [2021-05-08 01:18:16,993] {dagbag.py:451} INFO - Filling up the DagBag from /home/navneetsajwan/airflow/etl/lib/python3.8/site-packages/airflow/example_dags/example_complex.py
[2021-05-08 01:18:17,009] {scheduler_job.py:639} INFO - DAG(s) dict_keys(['example_complex']) retrieved from /home/navneetsajwan/airflow/etl/lib/python3.8/site-packages/airflow/example_dags/example_complex.py
[2021-05-08 01:18:17,053] {logging_mixin.py:104} INFO - [2021-05-08 01:18:17,053] {dag.py:1824} INFO - Sync 1 DAGs
[2021-05-08 01:18:17,068] {logging_mixin.py:104} INFO - [2021-05-08 01:18:17,068] {dag.py:2280} INFO - Setting next_dagrun for example_complex to None
[2021-05-08 01:18:17,201] {scheduler_job.py:190} INFO - Processing /home/navneetsajwan/airflow/etl/lib/python3.8/site-packages/airflow/example_dags/example_complex.py took 0.212 seconds
[2021-05-08 01:18:56,999] {scheduler_job.py:182} INFO - Started process (PID=451838) to work on /home/navneetsajwan/airflow/etl/lib/python3.8/site-packages/airflow/example_dags/example_complex.py
[2021-05-08 01:18:57,000] {scheduler_job.py:629} INFO - Processing file /home/navneetsajwan/airflow/etl/lib/python3.8/site-packages/airflow/example_dags/example_complex.py for tasks to queue
[2021-05-08 01:18:57,000] {logging_mixin.py:104} INFO - [2021-05-08 01:18:57,000] {dagbag.py:451} INFO - Filling up the DagBag from /home/navneetsajwan/airflow/etl/lib/python3.8/site-packages/airflow/example_dags/example_complex.py
[2021-05-08 01:18:57,016] {scheduler_job.py:639} INFO - DAG(s) dict_keys(['example_complex']) retrieved from /home/navneetsajwan/airflow/etl/lib/python3.8/site-packages/airflow/example_dags/example_complex.py
[2021-05-08 01:18:57,038] {logging_mixin.py:104} INFO - [2021-05-08 01:18:57,038] {dag.py:1824} INFO - Sync 1 DAGs
[2021-05-08 01:18:57,050] {logging_mixin.py:104} INFO - [2021-05-08 01:18:57,050] {dag.py:2280} INFO - Setting next_dagrun for example_complex to None
[2021-05-08 01:18:57,187] {scheduler_job.py:190} INFO - Processing /home/navneetsajwan/airflow/etl/lib/python3.8/site-packages/airflow/example_dags/example_complex.py took 0.192 seconds
[2021-05-08 01:19:33,094] {scheduler_job.py:182} INFO - Started process (PID=452669) to work on /home/navneetsajwan/airflow/etl/lib/python3.8/site-packages/airflow/example_dags/example_complex.py
[2021-05-08 01:19:33,095] {scheduler_job.py:629} INFO - Processing file /home/navneetsajwan/airflow/etl/lib/python3.8/site-packages/airflow/example_dags/example_complex.py for tasks to queue
[2021-05-08 01:19:33,096] {logging_mixin.py:104} INFO - [2021-05-08 01:19:33,096] {dagbag.py:451} INFO - Filling up the DagBag from /home/navneetsajwan/airflow/etl/lib/python3.8/site-packages/airflow/example_dags/example_complex.py
[2021-05-08 01:19:33,110] {scheduler_job.py:639} INFO - DAG(s) dict_keys(['example_complex']) retrieved from /home/navneetsajwan/airflow/etl/lib/python3.8/site-packages/airflow/example_dags/example_complex.py
[2021-05-08 01:19:33,142] {logging_mixin.py:104} INFO - [2021-05-08 01:19:33,142] {dag.py:1824} INFO - Sync 1 DAGs
[2021-05-08 01:19:33,159] {logging_mixin.py:104} INFO - [2021-05-08 01:19:33,159] {dag.py:2280} INFO - Setting next_dagrun for example_complex to None
[2021-05-08 01:19:33,284] {scheduler_job.py:190} INFO - Processing /home/navneetsajwan/airflow/etl/lib/python3.8/site-packages/airflow/example_dags/example_complex.py took 0.194 seconds
[2021-05-08 01:20:08,113] {scheduler_job.py:182} INFO - Started process (PID=453158) to work on /home/navneetsajwan/airflow/etl/lib/python3.8/site-packages/airflow/example_dags/example_complex.py
[2021-05-08 01:20:08,125] {scheduler_job.py:629} INFO - Processing file /home/navneetsajwan/airflow/etl/lib/python3.8/site-packages/airflow/example_dags/example_complex.py for tasks to queue
[2021-05-08 01:20:08,130] {logging_mixin.py:104} INFO - [2021-05-08 01:20:08,130] {dagbag.py:451} INFO - Filling up the DagBag from /home/navneetsajwan/airflow/etl/lib/python3.8/site-packages/airflow/example_dags/example_complex.py
[2021-05-08 01:20:08,209] {scheduler_job.py:639} INFO - DAG(s) dict_keys(['example_complex']) retrieved from /home/navneetsajwan/airflow/etl/lib/python3.8/site-packages/airflow/example_dags/example_complex.py
[2021-05-08 01:20:08,290] {logging_mixin.py:104} INFO - [2021-05-08 01:20:08,290] {dag.py:1824} INFO - Sync 1 DAGs
[2021-05-08 01:20:08,324] {logging_mixin.py:104} INFO - [2021-05-08 01:20:08,324] {dag.py:2280} INFO - Setting next_dagrun for example_complex to None
[2021-05-08 01:20:08,484] {scheduler_job.py:190} INFO - Processing /home/navneetsajwan/airflow/etl/lib/python3.8/site-packages/airflow/example_dags/example_complex.py took 0.390 seconds
[2021-05-08 01:20:47,022] {scheduler_job.py:182} INFO - Started process (PID=453785) to work on /home/navneetsajwan/airflow/etl/lib/python3.8/site-packages/airflow/example_dags/example_complex.py
[2021-05-08 01:20:47,024] {scheduler_job.py:629} INFO - Processing file /home/navneetsajwan/airflow/etl/lib/python3.8/site-packages/airflow/example_dags/example_complex.py for tasks to queue
[2021-05-08 01:20:47,025] {logging_mixin.py:104} INFO - [2021-05-08 01:20:47,024] {dagbag.py:451} INFO - Filling up the DagBag from /home/navneetsajwan/airflow/etl/lib/python3.8/site-packages/airflow/example_dags/example_complex.py
[2021-05-08 01:20:47,041] {scheduler_job.py:639} INFO - DAG(s) dict_keys(['example_complex']) retrieved from /home/navneetsajwan/airflow/etl/lib/python3.8/site-packages/airflow/example_dags/example_complex.py
[2021-05-08 01:20:47,062] {logging_mixin.py:104} INFO - [2021-05-08 01:20:47,062] {dag.py:1824} INFO - Sync 1 DAGs
[2021-05-08 01:20:47,073] {logging_mixin.py:104} INFO - [2021-05-08 01:20:47,073] {dag.py:2280} INFO - Setting next_dagrun for example_complex to None
[2021-05-08 01:20:47,776] {scheduler_job.py:190} INFO - Processing /home/navneetsajwan/airflow/etl/lib/python3.8/site-packages/airflow/example_dags/example_complex.py took 0.757 seconds
[2021-05-08 01:21:23,706] {scheduler_job.py:182} INFO - Started process (PID=454576) to work on /home/navneetsajwan/airflow/etl/lib/python3.8/site-packages/airflow/example_dags/example_complex.py
[2021-05-08 01:21:23,709] {scheduler_job.py:629} INFO - Processing file /home/navneetsajwan/airflow/etl/lib/python3.8/site-packages/airflow/example_dags/example_complex.py for tasks to queue
[2021-05-08 01:21:23,709] {logging_mixin.py:104} INFO - [2021-05-08 01:21:23,709] {dagbag.py:451} INFO - Filling up the DagBag from /home/navneetsajwan/airflow/etl/lib/python3.8/site-packages/airflow/example_dags/example_complex.py
[2021-05-08 01:21:23,723] {scheduler_job.py:639} INFO - DAG(s) dict_keys(['example_complex']) retrieved from /home/navneetsajwan/airflow/etl/lib/python3.8/site-packages/airflow/example_dags/example_complex.py
[2021-05-08 01:21:23,743] {logging_mixin.py:104} INFO - [2021-05-08 01:21:23,742] {dag.py:1824} INFO - Sync 1 DAGs
[2021-05-08 01:21:23,757] {logging_mixin.py:104} INFO - [2021-05-08 01:21:23,757] {dag.py:2280} INFO - Setting next_dagrun for example_complex to None
[2021-05-08 01:21:23,912] {scheduler_job.py:190} INFO - Processing /home/navneetsajwan/airflow/etl/lib/python3.8/site-packages/airflow/example_dags/example_complex.py took 0.209 seconds
[2021-05-08 01:21:56,676] {scheduler_job.py:182} INFO - Started process (PID=455011) to work on /home/navneetsajwan/airflow/etl/lib/python3.8/site-packages/airflow/example_dags/example_complex.py
[2021-05-08 01:21:56,677] {scheduler_job.py:629} INFO - Processing file /home/navneetsajwan/airflow/etl/lib/python3.8/site-packages/airflow/example_dags/example_complex.py for tasks to queue
[2021-05-08 01:21:56,677] {logging_mixin.py:104} INFO - [2021-05-08 01:21:56,677] {dagbag.py:451} INFO - Filling up the DagBag from /home/navneetsajwan/airflow/etl/lib/python3.8/site-packages/airflow/example_dags/example_complex.py
[2021-05-08 01:21:56,692] {scheduler_job.py:639} INFO - DAG(s) dict_keys(['example_complex']) retrieved from /home/navneetsajwan/airflow/etl/lib/python3.8/site-packages/airflow/example_dags/example_complex.py
[2021-05-08 01:21:56,714] {logging_mixin.py:104} INFO - [2021-05-08 01:21:56,714] {dag.py:1824} INFO - Sync 1 DAGs
[2021-05-08 01:21:56,727] {logging_mixin.py:104} INFO - [2021-05-08 01:21:56,727] {dag.py:2280} INFO - Setting next_dagrun for example_complex to None
[2021-05-08 01:21:56,816] {scheduler_job.py:190} INFO - Processing /home/navneetsajwan/airflow/etl/lib/python3.8/site-packages/airflow/example_dags/example_complex.py took 0.143 seconds
[2021-05-08 01:22:31,265] {scheduler_job.py:182} INFO - Started process (PID=455806) to work on /home/navneetsajwan/airflow/etl/lib/python3.8/site-packages/airflow/example_dags/example_complex.py
[2021-05-08 01:22:31,267] {scheduler_job.py:629} INFO - Processing file /home/navneetsajwan/airflow/etl/lib/python3.8/site-packages/airflow/example_dags/example_complex.py for tasks to queue
[2021-05-08 01:22:31,268] {logging_mixin.py:104} INFO - [2021-05-08 01:22:31,268] {dagbag.py:451} INFO - Filling up the DagBag from /home/navneetsajwan/airflow/etl/lib/python3.8/site-packages/airflow/example_dags/example_complex.py
[2021-05-08 01:22:31,352] {scheduler_job.py:639} INFO - DAG(s) dict_keys(['example_complex']) retrieved from /home/navneetsajwan/airflow/etl/lib/python3.8/site-packages/airflow/example_dags/example_complex.py
[2021-05-08 01:22:31,453] {logging_mixin.py:104} INFO - [2021-05-08 01:22:31,451] {dag.py:1824} INFO - Sync 1 DAGs
[2021-05-08 01:22:31,484] {logging_mixin.py:104} INFO - [2021-05-08 01:22:31,484] {dag.py:2280} INFO - Setting next_dagrun for example_complex to None
[2021-05-08 01:22:31,593] {scheduler_job.py:190} INFO - Processing /home/navneetsajwan/airflow/etl/lib/python3.8/site-packages/airflow/example_dags/example_complex.py took 0.334 seconds
[2021-05-08 01:23:08,959] {scheduler_job.py:182} INFO - Started process (PID=456355) to work on /home/navneetsajwan/airflow/etl/lib/python3.8/site-packages/airflow/example_dags/example_complex.py
[2021-05-08 01:23:08,961] {scheduler_job.py:629} INFO - Processing file /home/navneetsajwan/airflow/etl/lib/python3.8/site-packages/airflow/example_dags/example_complex.py for tasks to queue
[2021-05-08 01:23:08,980] {logging_mixin.py:104} INFO - [2021-05-08 01:23:08,961] {dagbag.py:451} INFO - Filling up the DagBag from /home/navneetsajwan/airflow/etl/lib/python3.8/site-packages/airflow/example_dags/example_complex.py
[2021-05-08 01:23:09,126] {scheduler_job.py:639} INFO - DAG(s) dict_keys(['example_complex']) retrieved from /home/navneetsajwan/airflow/etl/lib/python3.8/site-packages/airflow/example_dags/example_complex.py
[2021-05-08 01:23:09,375] {logging_mixin.py:104} INFO - [2021-05-08 01:23:09,374] {dag.py:1824} INFO - Sync 1 DAGs
[2021-05-08 01:23:09,465] {logging_mixin.py:104} INFO - [2021-05-08 01:23:09,465] {dag.py:2280} INFO - Setting next_dagrun for example_complex to None
[2021-05-08 01:23:09,612] {scheduler_job.py:190} INFO - Processing /home/navneetsajwan/airflow/etl/lib/python3.8/site-packages/airflow/example_dags/example_complex.py took 0.697 seconds
[2021-05-08 01:23:44,643] {scheduler_job.py:182} INFO - Started process (PID=456824) to work on /home/navneetsajwan/airflow/etl/lib/python3.8/site-packages/airflow/example_dags/example_complex.py
[2021-05-08 01:23:44,645] {scheduler_job.py:629} INFO - Processing file /home/navneetsajwan/airflow/etl/lib/python3.8/site-packages/airflow/example_dags/example_complex.py for tasks to queue
[2021-05-08 01:23:44,646] {logging_mixin.py:104} INFO - [2021-05-08 01:23:44,646] {dagbag.py:451} INFO - Filling up the DagBag from /home/navneetsajwan/airflow/etl/lib/python3.8/site-packages/airflow/example_dags/example_complex.py
[2021-05-08 01:23:44,670] {scheduler_job.py:639} INFO - DAG(s) dict_keys(['example_complex']) retrieved from /home/navneetsajwan/airflow/etl/lib/python3.8/site-packages/airflow/example_dags/example_complex.py
[2021-05-08 01:23:44,706] {logging_mixin.py:104} INFO - [2021-05-08 01:23:44,706] {dag.py:1824} INFO - Sync 1 DAGs
[2021-05-08 01:23:44,724] {logging_mixin.py:104} INFO - [2021-05-08 01:23:44,724] {dag.py:2280} INFO - Setting next_dagrun for example_complex to None
[2021-05-08 01:23:44,810] {scheduler_job.py:190} INFO - Processing /home/navneetsajwan/airflow/etl/lib/python3.8/site-packages/airflow/example_dags/example_complex.py took 0.172 seconds
[2021-05-08 01:24:33,084] {scheduler_job.py:182} INFO - Started process (PID=457834) to work on /home/navneetsajwan/airflow/etl/lib/python3.8/site-packages/airflow/example_dags/example_complex.py
[2021-05-08 01:24:33,086] {scheduler_job.py:629} INFO - Processing file /home/navneetsajwan/airflow/etl/lib/python3.8/site-packages/airflow/example_dags/example_complex.py for tasks to queue
[2021-05-08 01:24:33,086] {logging_mixin.py:104} INFO - [2021-05-08 01:24:33,086] {dagbag.py:451} INFO - Filling up the DagBag from /home/navneetsajwan/airflow/etl/lib/python3.8/site-packages/airflow/example_dags/example_complex.py
[2021-05-08 01:24:33,108] {scheduler_job.py:639} INFO - DAG(s) dict_keys(['example_complex']) retrieved from /home/navneetsajwan/airflow/etl/lib/python3.8/site-packages/airflow/example_dags/example_complex.py
[2021-05-08 01:24:33,129] {logging_mixin.py:104} INFO - [2021-05-08 01:24:33,129] {dag.py:1824} INFO - Sync 1 DAGs
[2021-05-08 01:24:33,142] {logging_mixin.py:104} INFO - [2021-05-08 01:24:33,142] {dag.py:2280} INFO - Setting next_dagrun for example_complex to None
[2021-05-08 01:24:33,213] {scheduler_job.py:190} INFO - Processing /home/navneetsajwan/airflow/etl/lib/python3.8/site-packages/airflow/example_dags/example_complex.py took 0.132 seconds
[2021-05-08 01:25:11,166] {scheduler_job.py:182} INFO - Started process (PID=458576) to work on /home/navneetsajwan/airflow/etl/lib/python3.8/site-packages/airflow/example_dags/example_complex.py
[2021-05-08 01:25:11,177] {scheduler_job.py:629} INFO - Processing file /home/navneetsajwan/airflow/etl/lib/python3.8/site-packages/airflow/example_dags/example_complex.py for tasks to queue
[2021-05-08 01:25:11,180] {logging_mixin.py:104} INFO - [2021-05-08 01:25:11,180] {dagbag.py:451} INFO - Filling up the DagBag from /home/navneetsajwan/airflow/etl/lib/python3.8/site-packages/airflow/example_dags/example_complex.py
[2021-05-08 01:25:11,342] {scheduler_job.py:639} INFO - DAG(s) dict_keys(['example_complex']) retrieved from /home/navneetsajwan/airflow/etl/lib/python3.8/site-packages/airflow/example_dags/example_complex.py
[2021-05-08 01:25:11,443] {logging_mixin.py:104} INFO - [2021-05-08 01:25:11,443] {dag.py:1824} INFO - Sync 1 DAGs
[2021-05-08 01:25:11,467] {logging_mixin.py:104} INFO - [2021-05-08 01:25:11,467] {dag.py:2280} INFO - Setting next_dagrun for example_complex to None
[2021-05-08 01:25:11,664] {scheduler_job.py:190} INFO - Processing /home/navneetsajwan/airflow/etl/lib/python3.8/site-packages/airflow/example_dags/example_complex.py took 0.509 seconds
[2021-05-08 01:26:09,323] {scheduler_job.py:182} INFO - Started process (PID=459644) to work on /home/navneetsajwan/airflow/etl/lib/python3.8/site-packages/airflow/example_dags/example_complex.py
[2021-05-08 01:26:09,327] {scheduler_job.py:629} INFO - Processing file /home/navneetsajwan/airflow/etl/lib/python3.8/site-packages/airflow/example_dags/example_complex.py for tasks to queue
[2021-05-08 01:26:09,328] {logging_mixin.py:104} INFO - [2021-05-08 01:26:09,328] {dagbag.py:451} INFO - Filling up the DagBag from /home/navneetsajwan/airflow/etl/lib/python3.8/site-packages/airflow/example_dags/example_complex.py
[2021-05-08 01:26:09,367] {scheduler_job.py:639} INFO - DAG(s) dict_keys(['example_complex']) retrieved from /home/navneetsajwan/airflow/etl/lib/python3.8/site-packages/airflow/example_dags/example_complex.py
[2021-05-08 01:26:09,466] {logging_mixin.py:104} INFO - [2021-05-08 01:26:09,466] {dag.py:1824} INFO - Sync 1 DAGs
[2021-05-08 01:26:09,511] {logging_mixin.py:104} INFO - [2021-05-08 01:26:09,511] {dag.py:2280} INFO - Setting next_dagrun for example_complex to None
[2021-05-08 01:26:10,040] {scheduler_job.py:190} INFO - Processing /home/navneetsajwan/airflow/etl/lib/python3.8/site-packages/airflow/example_dags/example_complex.py took 0.722 seconds
[2021-05-08 01:27:05,798] {scheduler_job.py:182} INFO - Started process (PID=460561) to work on /home/navneetsajwan/airflow/etl/lib/python3.8/site-packages/airflow/example_dags/example_complex.py
[2021-05-08 01:27:05,800] {scheduler_job.py:629} INFO - Processing file /home/navneetsajwan/airflow/etl/lib/python3.8/site-packages/airflow/example_dags/example_complex.py for tasks to queue
[2021-05-08 01:27:05,801] {logging_mixin.py:104} INFO - [2021-05-08 01:27:05,801] {dagbag.py:451} INFO - Filling up the DagBag from /home/navneetsajwan/airflow/etl/lib/python3.8/site-packages/airflow/example_dags/example_complex.py
[2021-05-08 01:27:05,830] {scheduler_job.py:639} INFO - DAG(s) dict_keys(['example_complex']) retrieved from /home/navneetsajwan/airflow/etl/lib/python3.8/site-packages/airflow/example_dags/example_complex.py
[2021-05-08 01:27:05,882] {logging_mixin.py:104} INFO - [2021-05-08 01:27:05,882] {dag.py:1824} INFO - Sync 1 DAGs
[2021-05-08 01:27:05,908] {logging_mixin.py:104} INFO - [2021-05-08 01:27:05,908] {dag.py:2280} INFO - Setting next_dagrun for example_complex to None
[2021-05-08 01:27:06,052] {scheduler_job.py:190} INFO - Processing /home/navneetsajwan/airflow/etl/lib/python3.8/site-packages/airflow/example_dags/example_complex.py took 0.259 seconds
[2021-05-08 01:27:53,137] {scheduler_job.py:182} INFO - Started process (PID=461603) to work on /home/navneetsajwan/airflow/etl/lib/python3.8/site-packages/airflow/example_dags/example_complex.py
[2021-05-08 01:27:53,164] {scheduler_job.py:629} INFO - Processing file /home/navneetsajwan/airflow/etl/lib/python3.8/site-packages/airflow/example_dags/example_complex.py for tasks to queue
[2021-05-08 01:27:53,166] {logging_mixin.py:104} INFO - [2021-05-08 01:27:53,165] {dagbag.py:451} INFO - Filling up the DagBag from /home/navneetsajwan/airflow/etl/lib/python3.8/site-packages/airflow/example_dags/example_complex.py
[2021-05-08 01:27:53,278] {scheduler_job.py:639} INFO - DAG(s) dict_keys(['example_complex']) retrieved from /home/navneetsajwan/airflow/etl/lib/python3.8/site-packages/airflow/example_dags/example_complex.py
[2021-05-08 01:27:53,420] {logging_mixin.py:104} INFO - [2021-05-08 01:27:53,420] {dag.py:1824} INFO - Sync 1 DAGs
[2021-05-08 01:27:53,457] {logging_mixin.py:104} INFO - [2021-05-08 01:27:53,457] {dag.py:2280} INFO - Setting next_dagrun for example_complex to None
[2021-05-08 01:27:53,572] {scheduler_job.py:190} INFO - Processing /home/navneetsajwan/airflow/etl/lib/python3.8/site-packages/airflow/example_dags/example_complex.py took 0.456 seconds
[2021-05-08 01:28:40,725] {scheduler_job.py:182} INFO - Started process (PID=462230) to work on /home/navneetsajwan/airflow/etl/lib/python3.8/site-packages/airflow/example_dags/example_complex.py
[2021-05-08 01:28:40,729] {scheduler_job.py:629} INFO - Processing file /home/navneetsajwan/airflow/etl/lib/python3.8/site-packages/airflow/example_dags/example_complex.py for tasks to queue
[2021-05-08 01:28:40,743] {logging_mixin.py:104} INFO - [2021-05-08 01:28:40,743] {dagbag.py:451} INFO - Filling up the DagBag from /home/navneetsajwan/airflow/etl/lib/python3.8/site-packages/airflow/example_dags/example_complex.py
[2021-05-08 01:28:40,869] {scheduler_job.py:639} INFO - DAG(s) dict_keys(['example_complex']) retrieved from /home/navneetsajwan/airflow/etl/lib/python3.8/site-packages/airflow/example_dags/example_complex.py
[2021-05-08 01:28:40,981] {logging_mixin.py:104} INFO - [2021-05-08 01:28:40,981] {dag.py:1824} INFO - Sync 1 DAGs
[2021-05-08 01:28:41,014] {logging_mixin.py:104} INFO - [2021-05-08 01:28:41,014] {dag.py:2280} INFO - Setting next_dagrun for example_complex to None
[2021-05-08 01:28:41,147] {scheduler_job.py:190} INFO - Processing /home/navneetsajwan/airflow/etl/lib/python3.8/site-packages/airflow/example_dags/example_complex.py took 0.441 seconds
[2021-05-08 01:29:44,430] {scheduler_job.py:182} INFO - Started process (PID=463468) to work on /home/navneetsajwan/airflow/etl/lib/python3.8/site-packages/airflow/example_dags/example_complex.py
[2021-05-08 01:29:44,447] {scheduler_job.py:629} INFO - Processing file /home/navneetsajwan/airflow/etl/lib/python3.8/site-packages/airflow/example_dags/example_complex.py for tasks to queue
[2021-05-08 01:29:44,448] {logging_mixin.py:104} INFO - [2021-05-08 01:29:44,448] {dagbag.py:451} INFO - Filling up the DagBag from /home/navneetsajwan/airflow/etl/lib/python3.8/site-packages/airflow/example_dags/example_complex.py
[2021-05-08 01:29:44,549] {scheduler_job.py:639} INFO - DAG(s) dict_keys(['example_complex']) retrieved from /home/navneetsajwan/airflow/etl/lib/python3.8/site-packages/airflow/example_dags/example_complex.py
[2021-05-08 01:29:44,656] {logging_mixin.py:104} INFO - [2021-05-08 01:29:44,656] {dag.py:1824} INFO - Sync 1 DAGs
[2021-05-08 01:29:44,706] {logging_mixin.py:104} INFO - [2021-05-08 01:29:44,706] {dag.py:2280} INFO - Setting next_dagrun for example_complex to None
[2021-05-08 01:29:44,900] {scheduler_job.py:190} INFO - Processing /home/navneetsajwan/airflow/etl/lib/python3.8/site-packages/airflow/example_dags/example_complex.py took 0.491 seconds
[2021-05-08 01:30:31,128] {scheduler_job.py:182} INFO - Started process (PID=464152) to work on /home/navneetsajwan/airflow/etl/lib/python3.8/site-packages/airflow/example_dags/example_complex.py
[2021-05-08 01:30:31,132] {scheduler_job.py:629} INFO - Processing file /home/navneetsajwan/airflow/etl/lib/python3.8/site-packages/airflow/example_dags/example_complex.py for tasks to queue
[2021-05-08 01:30:31,133] {logging_mixin.py:104} INFO - [2021-05-08 01:30:31,133] {dagbag.py:451} INFO - Filling up the DagBag from /home/navneetsajwan/airflow/etl/lib/python3.8/site-packages/airflow/example_dags/example_complex.py
[2021-05-08 01:30:31,160] {scheduler_job.py:639} INFO - DAG(s) dict_keys(['example_complex']) retrieved from /home/navneetsajwan/airflow/etl/lib/python3.8/site-packages/airflow/example_dags/example_complex.py
[2021-05-08 01:30:31,195] {logging_mixin.py:104} INFO - [2021-05-08 01:30:31,195] {dag.py:1824} INFO - Sync 1 DAGs
[2021-05-08 01:30:31,212] {logging_mixin.py:104} INFO - [2021-05-08 01:30:31,212] {dag.py:2280} INFO - Setting next_dagrun for example_complex to None
[2021-05-08 01:30:31,326] {scheduler_job.py:190} INFO - Processing /home/navneetsajwan/airflow/etl/lib/python3.8/site-packages/airflow/example_dags/example_complex.py took 0.203 seconds
[2021-05-08 01:31:05,328] {scheduler_job.py:182} INFO - Started process (PID=464640) to work on /home/navneetsajwan/airflow/etl/lib/python3.8/site-packages/airflow/example_dags/example_complex.py
[2021-05-08 01:31:05,330] {scheduler_job.py:629} INFO - Processing file /home/navneetsajwan/airflow/etl/lib/python3.8/site-packages/airflow/example_dags/example_complex.py for tasks to queue
[2021-05-08 01:31:05,331] {logging_mixin.py:104} INFO - [2021-05-08 01:31:05,331] {dagbag.py:451} INFO - Filling up the DagBag from /home/navneetsajwan/airflow/etl/lib/python3.8/site-packages/airflow/example_dags/example_complex.py
[2021-05-08 01:31:05,350] {scheduler_job.py:639} INFO - DAG(s) dict_keys(['example_complex']) retrieved from /home/navneetsajwan/airflow/etl/lib/python3.8/site-packages/airflow/example_dags/example_complex.py
[2021-05-08 01:31:05,373] {logging_mixin.py:104} INFO - [2021-05-08 01:31:05,373] {dag.py:1824} INFO - Sync 1 DAGs
[2021-05-08 01:31:05,387] {logging_mixin.py:104} INFO - [2021-05-08 01:31:05,387] {dag.py:2280} INFO - Setting next_dagrun for example_complex to None
[2021-05-08 01:31:05,518] {scheduler_job.py:190} INFO - Processing /home/navneetsajwan/airflow/etl/lib/python3.8/site-packages/airflow/example_dags/example_complex.py took 0.193 seconds
[2021-05-08 01:31:48,038] {scheduler_job.py:182} INFO - Started process (PID=465632) to work on /home/navneetsajwan/airflow/etl/lib/python3.8/site-packages/airflow/example_dags/example_complex.py
[2021-05-08 01:31:48,040] {scheduler_job.py:629} INFO - Processing file /home/navneetsajwan/airflow/etl/lib/python3.8/site-packages/airflow/example_dags/example_complex.py for tasks to queue
[2021-05-08 01:31:48,040] {logging_mixin.py:104} INFO - [2021-05-08 01:31:48,040] {dagbag.py:451} INFO - Filling up the DagBag from /home/navneetsajwan/airflow/etl/lib/python3.8/site-packages/airflow/example_dags/example_complex.py
[2021-05-08 01:31:48,078] {scheduler_job.py:639} INFO - DAG(s) dict_keys(['example_complex']) retrieved from /home/navneetsajwan/airflow/etl/lib/python3.8/site-packages/airflow/example_dags/example_complex.py
[2021-05-08 01:31:48,115] {logging_mixin.py:104} INFO - [2021-05-08 01:31:48,115] {dag.py:1824} INFO - Sync 1 DAGs
[2021-05-08 01:31:48,134] {logging_mixin.py:104} INFO - [2021-05-08 01:31:48,134] {dag.py:2280} INFO - Setting next_dagrun for example_complex to None
[2021-05-08 01:31:48,274] {scheduler_job.py:190} INFO - Processing /home/navneetsajwan/airflow/etl/lib/python3.8/site-packages/airflow/example_dags/example_complex.py took 0.240 seconds
[2021-05-08 01:32:25,681] {scheduler_job.py:182} INFO - Started process (PID=466203) to work on /home/navneetsajwan/airflow/etl/lib/python3.8/site-packages/airflow/example_dags/example_complex.py
[2021-05-08 01:32:25,685] {scheduler_job.py:629} INFO - Processing file /home/navneetsajwan/airflow/etl/lib/python3.8/site-packages/airflow/example_dags/example_complex.py for tasks to queue
[2021-05-08 01:32:25,686] {logging_mixin.py:104} INFO - [2021-05-08 01:32:25,686] {dagbag.py:451} INFO - Filling up the DagBag from /home/navneetsajwan/airflow/etl/lib/python3.8/site-packages/airflow/example_dags/example_complex.py
[2021-05-08 01:32:25,862] {scheduler_job.py:639} INFO - DAG(s) dict_keys(['example_complex']) retrieved from /home/navneetsajwan/airflow/etl/lib/python3.8/site-packages/airflow/example_dags/example_complex.py
[2021-05-08 01:32:26,122] {logging_mixin.py:104} INFO - [2021-05-08 01:32:26,121] {dag.py:1824} INFO - Sync 1 DAGs
[2021-05-08 01:32:26,269] {logging_mixin.py:104} INFO - [2021-05-08 01:32:26,269] {dag.py:2280} INFO - Setting next_dagrun for example_complex to None
[2021-05-08 01:32:26,979] {scheduler_job.py:190} INFO - Processing /home/navneetsajwan/airflow/etl/lib/python3.8/site-packages/airflow/example_dags/example_complex.py took 1.314 seconds
[2021-05-08 01:33:10,022] {scheduler_job.py:182} INFO - Started process (PID=466808) to work on /home/navneetsajwan/airflow/etl/lib/python3.8/site-packages/airflow/example_dags/example_complex.py
[2021-05-08 01:33:10,023] {scheduler_job.py:629} INFO - Processing file /home/navneetsajwan/airflow/etl/lib/python3.8/site-packages/airflow/example_dags/example_complex.py for tasks to queue
[2021-05-08 01:33:10,024] {logging_mixin.py:104} INFO - [2021-05-08 01:33:10,024] {dagbag.py:451} INFO - Filling up the DagBag from /home/navneetsajwan/airflow/etl/lib/python3.8/site-packages/airflow/example_dags/example_complex.py
[2021-05-08 01:33:10,049] {scheduler_job.py:639} INFO - DAG(s) dict_keys(['example_complex']) retrieved from /home/navneetsajwan/airflow/etl/lib/python3.8/site-packages/airflow/example_dags/example_complex.py
[2021-05-08 01:33:11,637] {logging_mixin.py:104} INFO - [2021-05-08 01:33:11,637] {dag.py:1824} INFO - Sync 1 DAGs
[2021-05-08 01:33:11,650] {logging_mixin.py:104} INFO - [2021-05-08 01:33:11,650] {dag.py:2280} INFO - Setting next_dagrun for example_complex to None
[2021-05-08 01:33:12,023] {scheduler_job.py:190} INFO - Processing /home/navneetsajwan/airflow/etl/lib/python3.8/site-packages/airflow/example_dags/example_complex.py took 2.006 seconds
[2021-05-08 01:33:49,953] {scheduler_job.py:182} INFO - Started process (PID=467692) to work on /home/navneetsajwan/airflow/etl/lib/python3.8/site-packages/airflow/example_dags/example_complex.py
[2021-05-08 01:33:49,963] {scheduler_job.py:629} INFO - Processing file /home/navneetsajwan/airflow/etl/lib/python3.8/site-packages/airflow/example_dags/example_complex.py for tasks to queue
[2021-05-08 01:33:49,983] {logging_mixin.py:104} INFO - [2021-05-08 01:33:49,983] {dagbag.py:451} INFO - Filling up the DagBag from /home/navneetsajwan/airflow/etl/lib/python3.8/site-packages/airflow/example_dags/example_complex.py
[2021-05-08 01:33:50,094] {scheduler_job.py:639} INFO - DAG(s) dict_keys(['example_complex']) retrieved from /home/navneetsajwan/airflow/etl/lib/python3.8/site-packages/airflow/example_dags/example_complex.py
[2021-05-08 01:33:50,192] {logging_mixin.py:104} INFO - [2021-05-08 01:33:50,192] {dag.py:1824} INFO - Sync 1 DAGs
[2021-05-08 01:33:50,222] {logging_mixin.py:104} INFO - [2021-05-08 01:33:50,222] {dag.py:2280} INFO - Setting next_dagrun for example_complex to None
[2021-05-08 01:33:50,631] {scheduler_job.py:190} INFO - Processing /home/navneetsajwan/airflow/etl/lib/python3.8/site-packages/airflow/example_dags/example_complex.py took 0.726 seconds
[2021-05-08 01:34:39,285] {scheduler_job.py:182} INFO - Started process (PID=468382) to work on /home/navneetsajwan/airflow/etl/lib/python3.8/site-packages/airflow/example_dags/example_complex.py
[2021-05-08 01:34:39,293] {scheduler_job.py:629} INFO - Processing file /home/navneetsajwan/airflow/etl/lib/python3.8/site-packages/airflow/example_dags/example_complex.py for tasks to queue
[2021-05-08 01:34:39,300] {logging_mixin.py:104} INFO - [2021-05-08 01:34:39,300] {dagbag.py:451} INFO - Filling up the DagBag from /home/navneetsajwan/airflow/etl/lib/python3.8/site-packages/airflow/example_dags/example_complex.py
[2021-05-08 01:34:39,384] {scheduler_job.py:639} INFO - DAG(s) dict_keys(['example_complex']) retrieved from /home/navneetsajwan/airflow/etl/lib/python3.8/site-packages/airflow/example_dags/example_complex.py
[2021-05-08 01:34:39,490] {logging_mixin.py:104} INFO - [2021-05-08 01:34:39,490] {dag.py:1824} INFO - Sync 1 DAGs
[2021-05-08 01:34:39,596] {logging_mixin.py:104} INFO - [2021-05-08 01:34:39,595] {dag.py:2280} INFO - Setting next_dagrun for example_complex to None
[2021-05-08 01:34:39,774] {scheduler_job.py:190} INFO - Processing /home/navneetsajwan/airflow/etl/lib/python3.8/site-packages/airflow/example_dags/example_complex.py took 0.504 seconds
[2021-05-08 01:35:17,112] {scheduler_job.py:182} INFO - Started process (PID=469259) to work on /home/navneetsajwan/airflow/etl/lib/python3.8/site-packages/airflow/example_dags/example_complex.py
[2021-05-08 01:35:17,113] {scheduler_job.py:629} INFO - Processing file /home/navneetsajwan/airflow/etl/lib/python3.8/site-packages/airflow/example_dags/example_complex.py for tasks to queue
[2021-05-08 01:35:17,113] {logging_mixin.py:104} INFO - [2021-05-08 01:35:17,113] {dagbag.py:451} INFO - Filling up the DagBag from /home/navneetsajwan/airflow/etl/lib/python3.8/site-packages/airflow/example_dags/example_complex.py
[2021-05-08 01:35:17,129] {scheduler_job.py:639} INFO - DAG(s) dict_keys(['example_complex']) retrieved from /home/navneetsajwan/airflow/etl/lib/python3.8/site-packages/airflow/example_dags/example_complex.py
[2021-05-08 01:35:17,150] {logging_mixin.py:104} INFO - [2021-05-08 01:35:17,150] {dag.py:1824} INFO - Sync 1 DAGs
[2021-05-08 01:35:17,161] {logging_mixin.py:104} INFO - [2021-05-08 01:35:17,161] {dag.py:2280} INFO - Setting next_dagrun for example_complex to None
[2021-05-08 01:35:17,295] {scheduler_job.py:190} INFO - Processing /home/navneetsajwan/airflow/etl/lib/python3.8/site-packages/airflow/example_dags/example_complex.py took 0.187 seconds
[2021-05-08 01:35:51,817] {scheduler_job.py:182} INFO - Started process (PID=469768) to work on /home/navneetsajwan/airflow/etl/lib/python3.8/site-packages/airflow/example_dags/example_complex.py
[2021-05-08 01:35:51,818] {scheduler_job.py:629} INFO - Processing file /home/navneetsajwan/airflow/etl/lib/python3.8/site-packages/airflow/example_dags/example_complex.py for tasks to queue
[2021-05-08 01:35:51,819] {logging_mixin.py:104} INFO - [2021-05-08 01:35:51,819] {dagbag.py:451} INFO - Filling up the DagBag from /home/navneetsajwan/airflow/etl/lib/python3.8/site-packages/airflow/example_dags/example_complex.py
[2021-05-08 01:35:51,834] {scheduler_job.py:639} INFO - DAG(s) dict_keys(['example_complex']) retrieved from /home/navneetsajwan/airflow/etl/lib/python3.8/site-packages/airflow/example_dags/example_complex.py
[2021-05-08 01:35:51,855] {logging_mixin.py:104} INFO - [2021-05-08 01:35:51,855] {dag.py:1824} INFO - Sync 1 DAGs
[2021-05-08 01:35:51,867] {logging_mixin.py:104} INFO - [2021-05-08 01:35:51,866] {dag.py:2280} INFO - Setting next_dagrun for example_complex to None
[2021-05-08 01:35:52,132] {scheduler_job.py:190} INFO - Processing /home/navneetsajwan/airflow/etl/lib/python3.8/site-packages/airflow/example_dags/example_complex.py took 0.319 seconds
[2021-05-08 01:36:27,619] {scheduler_job.py:182} INFO - Started process (PID=470285) to work on /home/navneetsajwan/airflow/etl/lib/python3.8/site-packages/airflow/example_dags/example_complex.py
[2021-05-08 01:36:27,620] {scheduler_job.py:629} INFO - Processing file /home/navneetsajwan/airflow/etl/lib/python3.8/site-packages/airflow/example_dags/example_complex.py for tasks to queue
[2021-05-08 01:36:27,620] {logging_mixin.py:104} INFO - [2021-05-08 01:36:27,620] {dagbag.py:451} INFO - Filling up the DagBag from /home/navneetsajwan/airflow/etl/lib/python3.8/site-packages/airflow/example_dags/example_complex.py
[2021-05-08 01:36:27,635] {scheduler_job.py:639} INFO - DAG(s) dict_keys(['example_complex']) retrieved from /home/navneetsajwan/airflow/etl/lib/python3.8/site-packages/airflow/example_dags/example_complex.py
[2021-05-08 01:36:27,656] {logging_mixin.py:104} INFO - [2021-05-08 01:36:27,656] {dag.py:1824} INFO - Sync 1 DAGs
[2021-05-08 01:36:27,671] {logging_mixin.py:104} INFO - [2021-05-08 01:36:27,671] {dag.py:2280} INFO - Setting next_dagrun for example_complex to None
[2021-05-08 01:36:27,800] {scheduler_job.py:190} INFO - Processing /home/navneetsajwan/airflow/etl/lib/python3.8/site-packages/airflow/example_dags/example_complex.py took 0.186 seconds
[2021-05-08 01:37:10,866] {scheduler_job.py:182} INFO - Started process (PID=471213) to work on /home/navneetsajwan/airflow/etl/lib/python3.8/site-packages/airflow/example_dags/example_complex.py
[2021-05-08 01:37:10,868] {scheduler_job.py:629} INFO - Processing file /home/navneetsajwan/airflow/etl/lib/python3.8/site-packages/airflow/example_dags/example_complex.py for tasks to queue
[2021-05-08 01:37:10,869] {logging_mixin.py:104} INFO - [2021-05-08 01:37:10,869] {dagbag.py:451} INFO - Filling up the DagBag from /home/navneetsajwan/airflow/etl/lib/python3.8/site-packages/airflow/example_dags/example_complex.py
[2021-05-08 01:37:10,893] {scheduler_job.py:639} INFO - DAG(s) dict_keys(['example_complex']) retrieved from /home/navneetsajwan/airflow/etl/lib/python3.8/site-packages/airflow/example_dags/example_complex.py
[2021-05-08 01:37:10,933] {logging_mixin.py:104} INFO - [2021-05-08 01:37:10,932] {dag.py:1824} INFO - Sync 1 DAGs
[2021-05-08 01:37:10,956] {logging_mixin.py:104} INFO - [2021-05-08 01:37:10,956] {dag.py:2280} INFO - Setting next_dagrun for example_complex to None
[2021-05-08 01:37:11,083] {scheduler_job.py:190} INFO - Processing /home/navneetsajwan/airflow/etl/lib/python3.8/site-packages/airflow/example_dags/example_complex.py took 0.222 seconds
[2021-05-08 01:37:57,132] {scheduler_job.py:182} INFO - Started process (PID=471888) to work on /home/navneetsajwan/airflow/etl/lib/python3.8/site-packages/airflow/example_dags/example_complex.py
[2021-05-08 01:37:57,134] {scheduler_job.py:629} INFO - Processing file /home/navneetsajwan/airflow/etl/lib/python3.8/site-packages/airflow/example_dags/example_complex.py for tasks to queue
[2021-05-08 01:37:57,136] {logging_mixin.py:104} INFO - [2021-05-08 01:37:57,136] {dagbag.py:451} INFO - Filling up the DagBag from /home/navneetsajwan/airflow/etl/lib/python3.8/site-packages/airflow/example_dags/example_complex.py
[2021-05-08 01:37:57,165] {scheduler_job.py:639} INFO - DAG(s) dict_keys(['example_complex']) retrieved from /home/navneetsajwan/airflow/etl/lib/python3.8/site-packages/airflow/example_dags/example_complex.py
[2021-05-08 01:37:57,188] {logging_mixin.py:104} INFO - [2021-05-08 01:37:57,188] {dag.py:1824} INFO - Sync 1 DAGs
[2021-05-08 01:37:57,202] {logging_mixin.py:104} INFO - [2021-05-08 01:37:57,202] {dag.py:2280} INFO - Setting next_dagrun for example_complex to None
[2021-05-08 01:37:57,314] {scheduler_job.py:190} INFO - Processing /home/navneetsajwan/airflow/etl/lib/python3.8/site-packages/airflow/example_dags/example_complex.py took 0.185 seconds
