[2021-05-08 01:07:05,541] {scheduler_job.py:182} INFO - Started process (PID=439903) to work on /home/navneetsajwan/airflow/etl/lib/python3.8/site-packages/airflow/example_dags/example_python_operator.py
[2021-05-08 01:07:05,542] {scheduler_job.py:629} INFO - Processing file /home/navneetsajwan/airflow/etl/lib/python3.8/site-packages/airflow/example_dags/example_python_operator.py for tasks to queue
[2021-05-08 01:07:05,543] {logging_mixin.py:104} INFO - [2021-05-08 01:07:05,543] {dagbag.py:451} INFO - Filling up the DagBag from /home/navneetsajwan/airflow/etl/lib/python3.8/site-packages/airflow/example_dags/example_python_operator.py
[2021-05-08 01:07:05,556] {scheduler_job.py:639} INFO - DAG(s) dict_keys(['example_python_operator']) retrieved from /home/navneetsajwan/airflow/etl/lib/python3.8/site-packages/airflow/example_dags/example_python_operator.py
[2021-05-08 01:07:05,578] {logging_mixin.py:104} INFO - [2021-05-08 01:07:05,578] {dag.py:1824} INFO - Sync 1 DAGs
[2021-05-08 01:07:05,596] {logging_mixin.py:104} INFO - [2021-05-08 01:07:05,596] {dag.py:2280} INFO - Setting next_dagrun for example_python_operator to None
[2021-05-08 01:07:05,762] {scheduler_job.py:190} INFO - Processing /home/navneetsajwan/airflow/etl/lib/python3.8/site-packages/airflow/example_dags/example_python_operator.py took 0.224 seconds
[2021-05-08 01:07:41,094] {scheduler_job.py:182} INFO - Started process (PID=440371) to work on /home/navneetsajwan/airflow/etl/lib/python3.8/site-packages/airflow/example_dags/example_python_operator.py
[2021-05-08 01:07:41,100] {scheduler_job.py:629} INFO - Processing file /home/navneetsajwan/airflow/etl/lib/python3.8/site-packages/airflow/example_dags/example_python_operator.py for tasks to queue
[2021-05-08 01:07:41,101] {logging_mixin.py:104} INFO - [2021-05-08 01:07:41,101] {dagbag.py:451} INFO - Filling up the DagBag from /home/navneetsajwan/airflow/etl/lib/python3.8/site-packages/airflow/example_dags/example_python_operator.py
[2021-05-08 01:07:41,144] {scheduler_job.py:639} INFO - DAG(s) dict_keys(['example_python_operator']) retrieved from /home/navneetsajwan/airflow/etl/lib/python3.8/site-packages/airflow/example_dags/example_python_operator.py
[2021-05-08 01:07:41,183] {logging_mixin.py:104} INFO - [2021-05-08 01:07:41,183] {dag.py:1824} INFO - Sync 1 DAGs
[2021-05-08 01:07:41,229] {logging_mixin.py:104} INFO - [2021-05-08 01:07:41,229] {dag.py:2280} INFO - Setting next_dagrun for example_python_operator to None
[2021-05-08 01:07:41,340] {scheduler_job.py:190} INFO - Processing /home/navneetsajwan/airflow/etl/lib/python3.8/site-packages/airflow/example_dags/example_python_operator.py took 0.269 seconds
[2021-05-08 01:08:20,831] {scheduler_job.py:182} INFO - Started process (PID=440887) to work on /home/navneetsajwan/airflow/etl/lib/python3.8/site-packages/airflow/example_dags/example_python_operator.py
[2021-05-08 01:08:20,833] {scheduler_job.py:629} INFO - Processing file /home/navneetsajwan/airflow/etl/lib/python3.8/site-packages/airflow/example_dags/example_python_operator.py for tasks to queue
[2021-05-08 01:08:20,834] {logging_mixin.py:104} INFO - [2021-05-08 01:08:20,834] {dagbag.py:451} INFO - Filling up the DagBag from /home/navneetsajwan/airflow/etl/lib/python3.8/site-packages/airflow/example_dags/example_python_operator.py
[2021-05-08 01:08:20,931] {scheduler_job.py:639} INFO - DAG(s) dict_keys(['example_python_operator']) retrieved from /home/navneetsajwan/airflow/etl/lib/python3.8/site-packages/airflow/example_dags/example_python_operator.py
[2021-05-08 01:08:21,042] {logging_mixin.py:104} INFO - [2021-05-08 01:08:21,042] {dag.py:1824} INFO - Sync 1 DAGs
[2021-05-08 01:08:21,091] {logging_mixin.py:104} INFO - [2021-05-08 01:08:21,090] {dag.py:2280} INFO - Setting next_dagrun for example_python_operator to None
[2021-05-08 01:08:21,289] {scheduler_job.py:190} INFO - Processing /home/navneetsajwan/airflow/etl/lib/python3.8/site-packages/airflow/example_dags/example_python_operator.py took 0.462 seconds
[2021-05-08 01:09:08,064] {scheduler_job.py:182} INFO - Started process (PID=441868) to work on /home/navneetsajwan/airflow/etl/lib/python3.8/site-packages/airflow/example_dags/example_python_operator.py
[2021-05-08 01:09:08,065] {scheduler_job.py:629} INFO - Processing file /home/navneetsajwan/airflow/etl/lib/python3.8/site-packages/airflow/example_dags/example_python_operator.py for tasks to queue
[2021-05-08 01:09:08,066] {logging_mixin.py:104} INFO - [2021-05-08 01:09:08,066] {dagbag.py:451} INFO - Filling up the DagBag from /home/navneetsajwan/airflow/etl/lib/python3.8/site-packages/airflow/example_dags/example_python_operator.py
[2021-05-08 01:09:08,080] {scheduler_job.py:639} INFO - DAG(s) dict_keys(['example_python_operator']) retrieved from /home/navneetsajwan/airflow/etl/lib/python3.8/site-packages/airflow/example_dags/example_python_operator.py
[2021-05-08 01:09:08,096] {logging_mixin.py:104} INFO - [2021-05-08 01:09:08,096] {dag.py:1824} INFO - Sync 1 DAGs
[2021-05-08 01:09:08,110] {logging_mixin.py:104} INFO - [2021-05-08 01:09:08,109] {dag.py:2280} INFO - Setting next_dagrun for example_python_operator to None
[2021-05-08 01:09:08,292] {scheduler_job.py:190} INFO - Processing /home/navneetsajwan/airflow/etl/lib/python3.8/site-packages/airflow/example_dags/example_python_operator.py took 0.231 seconds
[2021-05-08 01:09:42,661] {scheduler_job.py:182} INFO - Started process (PID=442398) to work on /home/navneetsajwan/airflow/etl/lib/python3.8/site-packages/airflow/example_dags/example_python_operator.py
[2021-05-08 01:09:42,676] {scheduler_job.py:629} INFO - Processing file /home/navneetsajwan/airflow/etl/lib/python3.8/site-packages/airflow/example_dags/example_python_operator.py for tasks to queue
[2021-05-08 01:09:42,677] {logging_mixin.py:104} INFO - [2021-05-08 01:09:42,677] {dagbag.py:451} INFO - Filling up the DagBag from /home/navneetsajwan/airflow/etl/lib/python3.8/site-packages/airflow/example_dags/example_python_operator.py
[2021-05-08 01:09:42,759] {scheduler_job.py:639} INFO - DAG(s) dict_keys(['example_python_operator']) retrieved from /home/navneetsajwan/airflow/etl/lib/python3.8/site-packages/airflow/example_dags/example_python_operator.py
[2021-05-08 01:09:42,883] {logging_mixin.py:104} INFO - [2021-05-08 01:09:42,883] {dag.py:1824} INFO - Sync 1 DAGs
[2021-05-08 01:09:42,941] {logging_mixin.py:104} INFO - [2021-05-08 01:09:42,941] {dag.py:2280} INFO - Setting next_dagrun for example_python_operator to None
[2021-05-08 01:09:43,380] {scheduler_job.py:190} INFO - Processing /home/navneetsajwan/airflow/etl/lib/python3.8/site-packages/airflow/example_dags/example_python_operator.py took 0.732 seconds
[2021-05-08 01:10:22,056] {scheduler_job.py:182} INFO - Started process (PID=442977) to work on /home/navneetsajwan/airflow/etl/lib/python3.8/site-packages/airflow/example_dags/example_python_operator.py
[2021-05-08 01:10:22,061] {scheduler_job.py:629} INFO - Processing file /home/navneetsajwan/airflow/etl/lib/python3.8/site-packages/airflow/example_dags/example_python_operator.py for tasks to queue
[2021-05-08 01:10:22,061] {logging_mixin.py:104} INFO - [2021-05-08 01:10:22,061] {dagbag.py:451} INFO - Filling up the DagBag from /home/navneetsajwan/airflow/etl/lib/python3.8/site-packages/airflow/example_dags/example_python_operator.py
[2021-05-08 01:10:22,091] {scheduler_job.py:639} INFO - DAG(s) dict_keys(['example_python_operator']) retrieved from /home/navneetsajwan/airflow/etl/lib/python3.8/site-packages/airflow/example_dags/example_python_operator.py
[2021-05-08 01:10:22,121] {logging_mixin.py:104} INFO - [2021-05-08 01:10:22,121] {dag.py:1824} INFO - Sync 1 DAGs
[2021-05-08 01:10:22,157] {logging_mixin.py:104} INFO - [2021-05-08 01:10:22,157] {dag.py:2280} INFO - Setting next_dagrun for example_python_operator to None
[2021-05-08 01:10:22,300] {scheduler_job.py:190} INFO - Processing /home/navneetsajwan/airflow/etl/lib/python3.8/site-packages/airflow/example_dags/example_python_operator.py took 0.250 seconds
[2021-05-08 01:10:56,157] {scheduler_job.py:182} INFO - Started process (PID=443781) to work on /home/navneetsajwan/airflow/etl/lib/python3.8/site-packages/airflow/example_dags/example_python_operator.py
[2021-05-08 01:10:56,159] {scheduler_job.py:629} INFO - Processing file /home/navneetsajwan/airflow/etl/lib/python3.8/site-packages/airflow/example_dags/example_python_operator.py for tasks to queue
[2021-05-08 01:10:56,161] {logging_mixin.py:104} INFO - [2021-05-08 01:10:56,161] {dagbag.py:451} INFO - Filling up the DagBag from /home/navneetsajwan/airflow/etl/lib/python3.8/site-packages/airflow/example_dags/example_python_operator.py
[2021-05-08 01:10:56,257] {scheduler_job.py:639} INFO - DAG(s) dict_keys(['example_python_operator']) retrieved from /home/navneetsajwan/airflow/etl/lib/python3.8/site-packages/airflow/example_dags/example_python_operator.py
[2021-05-08 01:10:56,403] {logging_mixin.py:104} INFO - [2021-05-08 01:10:56,403] {dag.py:1824} INFO - Sync 1 DAGs
[2021-05-08 01:10:56,535] {logging_mixin.py:104} INFO - [2021-05-08 01:10:56,535] {dag.py:2280} INFO - Setting next_dagrun for example_python_operator to None
[2021-05-08 01:10:56,694] {scheduler_job.py:190} INFO - Processing /home/navneetsajwan/airflow/etl/lib/python3.8/site-packages/airflow/example_dags/example_python_operator.py took 0.542 seconds
[2021-05-08 01:11:35,780] {scheduler_job.py:182} INFO - Started process (PID=444325) to work on /home/navneetsajwan/airflow/etl/lib/python3.8/site-packages/airflow/example_dags/example_python_operator.py
[2021-05-08 01:11:35,781] {scheduler_job.py:629} INFO - Processing file /home/navneetsajwan/airflow/etl/lib/python3.8/site-packages/airflow/example_dags/example_python_operator.py for tasks to queue
[2021-05-08 01:11:35,782] {logging_mixin.py:104} INFO - [2021-05-08 01:11:35,782] {dagbag.py:451} INFO - Filling up the DagBag from /home/navneetsajwan/airflow/etl/lib/python3.8/site-packages/airflow/example_dags/example_python_operator.py
[2021-05-08 01:11:35,800] {scheduler_job.py:639} INFO - DAG(s) dict_keys(['example_python_operator']) retrieved from /home/navneetsajwan/airflow/etl/lib/python3.8/site-packages/airflow/example_dags/example_python_operator.py
[2021-05-08 01:11:35,821] {logging_mixin.py:104} INFO - [2021-05-08 01:11:35,821] {dag.py:1824} INFO - Sync 1 DAGs
[2021-05-08 01:11:35,837] {logging_mixin.py:104} INFO - [2021-05-08 01:11:35,836] {dag.py:2280} INFO - Setting next_dagrun for example_python_operator to None
[2021-05-08 01:11:35,927] {scheduler_job.py:190} INFO - Processing /home/navneetsajwan/airflow/etl/lib/python3.8/site-packages/airflow/example_dags/example_python_operator.py took 0.152 seconds
[2021-05-08 01:14:40,933] {scheduler_job.py:182} INFO - Started process (PID=447421) to work on /home/navneetsajwan/airflow/etl/lib/python3.8/site-packages/airflow/example_dags/example_python_operator.py
[2021-05-08 01:14:40,934] {scheduler_job.py:629} INFO - Processing file /home/navneetsajwan/airflow/etl/lib/python3.8/site-packages/airflow/example_dags/example_python_operator.py for tasks to queue
[2021-05-08 01:14:40,935] {logging_mixin.py:104} INFO - [2021-05-08 01:14:40,935] {dagbag.py:451} INFO - Filling up the DagBag from /home/navneetsajwan/airflow/etl/lib/python3.8/site-packages/airflow/example_dags/example_python_operator.py
[2021-05-08 01:14:40,944] {scheduler_job.py:639} INFO - DAG(s) dict_keys(['example_python_operator']) retrieved from /home/navneetsajwan/airflow/etl/lib/python3.8/site-packages/airflow/example_dags/example_python_operator.py
[2021-05-08 01:14:40,961] {logging_mixin.py:104} INFO - [2021-05-08 01:14:40,960] {dag.py:1824} INFO - Sync 1 DAGs
[2021-05-08 01:14:40,973] {logging_mixin.py:104} INFO - [2021-05-08 01:14:40,973] {dag.py:2280} INFO - Setting next_dagrun for example_python_operator to None
[2021-05-08 01:14:41,274] {scheduler_job.py:190} INFO - Processing /home/navneetsajwan/airflow/etl/lib/python3.8/site-packages/airflow/example_dags/example_python_operator.py took 0.345 seconds
[2021-05-08 01:15:14,703] {scheduler_job.py:182} INFO - Started process (PID=447914) to work on /home/navneetsajwan/airflow/etl/lib/python3.8/site-packages/airflow/example_dags/example_python_operator.py
[2021-05-08 01:15:14,704] {scheduler_job.py:629} INFO - Processing file /home/navneetsajwan/airflow/etl/lib/python3.8/site-packages/airflow/example_dags/example_python_operator.py for tasks to queue
[2021-05-08 01:15:14,704] {logging_mixin.py:104} INFO - [2021-05-08 01:15:14,704] {dagbag.py:451} INFO - Filling up the DagBag from /home/navneetsajwan/airflow/etl/lib/python3.8/site-packages/airflow/example_dags/example_python_operator.py
[2021-05-08 01:15:14,712] {scheduler_job.py:639} INFO - DAG(s) dict_keys(['example_python_operator']) retrieved from /home/navneetsajwan/airflow/etl/lib/python3.8/site-packages/airflow/example_dags/example_python_operator.py
[2021-05-08 01:15:14,730] {logging_mixin.py:104} INFO - [2021-05-08 01:15:14,730] {dag.py:1824} INFO - Sync 1 DAGs
[2021-05-08 01:15:14,744] {logging_mixin.py:104} INFO - [2021-05-08 01:15:14,744] {dag.py:2280} INFO - Setting next_dagrun for example_python_operator to None
[2021-05-08 01:15:14,871] {scheduler_job.py:190} INFO - Processing /home/navneetsajwan/airflow/etl/lib/python3.8/site-packages/airflow/example_dags/example_python_operator.py took 0.171 seconds
[2021-05-08 01:15:48,061] {scheduler_job.py:182} INFO - Started process (PID=448639) to work on /home/navneetsajwan/airflow/etl/lib/python3.8/site-packages/airflow/example_dags/example_python_operator.py
[2021-05-08 01:15:48,063] {scheduler_job.py:629} INFO - Processing file /home/navneetsajwan/airflow/etl/lib/python3.8/site-packages/airflow/example_dags/example_python_operator.py for tasks to queue
[2021-05-08 01:15:48,063] {logging_mixin.py:104} INFO - [2021-05-08 01:15:48,063] {dagbag.py:451} INFO - Filling up the DagBag from /home/navneetsajwan/airflow/etl/lib/python3.8/site-packages/airflow/example_dags/example_python_operator.py
[2021-05-08 01:15:48,073] {scheduler_job.py:639} INFO - DAG(s) dict_keys(['example_python_operator']) retrieved from /home/navneetsajwan/airflow/etl/lib/python3.8/site-packages/airflow/example_dags/example_python_operator.py
[2021-05-08 01:15:48,092] {logging_mixin.py:104} INFO - [2021-05-08 01:15:48,092] {dag.py:1824} INFO - Sync 1 DAGs
[2021-05-08 01:15:48,106] {logging_mixin.py:104} INFO - [2021-05-08 01:15:48,106] {dag.py:2280} INFO - Setting next_dagrun for example_python_operator to None
[2021-05-08 01:15:48,204] {scheduler_job.py:190} INFO - Processing /home/navneetsajwan/airflow/etl/lib/python3.8/site-packages/airflow/example_dags/example_python_operator.py took 0.147 seconds
[2021-05-08 01:16:23,419] {scheduler_job.py:182} INFO - Started process (PID=449232) to work on /home/navneetsajwan/airflow/etl/lib/python3.8/site-packages/airflow/example_dags/example_python_operator.py
[2021-05-08 01:16:23,421] {scheduler_job.py:629} INFO - Processing file /home/navneetsajwan/airflow/etl/lib/python3.8/site-packages/airflow/example_dags/example_python_operator.py for tasks to queue
[2021-05-08 01:16:23,423] {logging_mixin.py:104} INFO - [2021-05-08 01:16:23,423] {dagbag.py:451} INFO - Filling up the DagBag from /home/navneetsajwan/airflow/etl/lib/python3.8/site-packages/airflow/example_dags/example_python_operator.py
[2021-05-08 01:16:23,438] {scheduler_job.py:639} INFO - DAG(s) dict_keys(['example_python_operator']) retrieved from /home/navneetsajwan/airflow/etl/lib/python3.8/site-packages/airflow/example_dags/example_python_operator.py
[2021-05-08 01:16:23,474] {logging_mixin.py:104} INFO - [2021-05-08 01:16:23,474] {dag.py:1824} INFO - Sync 1 DAGs
[2021-05-08 01:16:23,500] {logging_mixin.py:104} INFO - [2021-05-08 01:16:23,500] {dag.py:2280} INFO - Setting next_dagrun for example_python_operator to None
[2021-05-08 01:16:23,636] {scheduler_job.py:190} INFO - Processing /home/navneetsajwan/airflow/etl/lib/python3.8/site-packages/airflow/example_dags/example_python_operator.py took 0.224 seconds
[2021-05-08 01:17:00,197] {scheduler_job.py:182} INFO - Started process (PID=449785) to work on /home/navneetsajwan/airflow/etl/lib/python3.8/site-packages/airflow/example_dags/example_python_operator.py
[2021-05-08 01:17:00,198] {scheduler_job.py:629} INFO - Processing file /home/navneetsajwan/airflow/etl/lib/python3.8/site-packages/airflow/example_dags/example_python_operator.py for tasks to queue
[2021-05-08 01:17:00,199] {logging_mixin.py:104} INFO - [2021-05-08 01:17:00,199] {dagbag.py:451} INFO - Filling up the DagBag from /home/navneetsajwan/airflow/etl/lib/python3.8/site-packages/airflow/example_dags/example_python_operator.py
[2021-05-08 01:17:00,226] {scheduler_job.py:639} INFO - DAG(s) dict_keys(['example_python_operator']) retrieved from /home/navneetsajwan/airflow/etl/lib/python3.8/site-packages/airflow/example_dags/example_python_operator.py
[2021-05-08 01:17:00,256] {logging_mixin.py:104} INFO - [2021-05-08 01:17:00,255] {dag.py:1824} INFO - Sync 1 DAGs
[2021-05-08 01:17:00,279] {logging_mixin.py:104} INFO - [2021-05-08 01:17:00,279] {dag.py:2280} INFO - Setting next_dagrun for example_python_operator to None
[2021-05-08 01:17:00,401] {scheduler_job.py:190} INFO - Processing /home/navneetsajwan/airflow/etl/lib/python3.8/site-packages/airflow/example_dags/example_python_operator.py took 0.214 seconds
[2021-05-08 01:17:38,071] {scheduler_job.py:182} INFO - Started process (PID=450686) to work on /home/navneetsajwan/airflow/etl/lib/python3.8/site-packages/airflow/example_dags/example_python_operator.py
[2021-05-08 01:17:38,084] {scheduler_job.py:629} INFO - Processing file /home/navneetsajwan/airflow/etl/lib/python3.8/site-packages/airflow/example_dags/example_python_operator.py for tasks to queue
[2021-05-08 01:17:38,085] {logging_mixin.py:104} INFO - [2021-05-08 01:17:38,085] {dagbag.py:451} INFO - Filling up the DagBag from /home/navneetsajwan/airflow/etl/lib/python3.8/site-packages/airflow/example_dags/example_python_operator.py
[2021-05-08 01:17:38,117] {scheduler_job.py:639} INFO - DAG(s) dict_keys(['example_python_operator']) retrieved from /home/navneetsajwan/airflow/etl/lib/python3.8/site-packages/airflow/example_dags/example_python_operator.py
[2021-05-08 01:17:38,154] {logging_mixin.py:104} INFO - [2021-05-08 01:17:38,154] {dag.py:1824} INFO - Sync 1 DAGs
[2021-05-08 01:17:38,172] {logging_mixin.py:104} INFO - [2021-05-08 01:17:38,172] {dag.py:2280} INFO - Setting next_dagrun for example_python_operator to None
[2021-05-08 01:17:38,444] {scheduler_job.py:190} INFO - Processing /home/navneetsajwan/airflow/etl/lib/python3.8/site-packages/airflow/example_dags/example_python_operator.py took 0.377 seconds
[2021-05-08 01:18:16,059] {scheduler_job.py:182} INFO - Started process (PID=451237) to work on /home/navneetsajwan/airflow/etl/lib/python3.8/site-packages/airflow/example_dags/example_python_operator.py
[2021-05-08 01:18:16,061] {scheduler_job.py:629} INFO - Processing file /home/navneetsajwan/airflow/etl/lib/python3.8/site-packages/airflow/example_dags/example_python_operator.py for tasks to queue
[2021-05-08 01:18:16,062] {logging_mixin.py:104} INFO - [2021-05-08 01:18:16,062] {dagbag.py:451} INFO - Filling up the DagBag from /home/navneetsajwan/airflow/etl/lib/python3.8/site-packages/airflow/example_dags/example_python_operator.py
[2021-05-08 01:18:16,075] {scheduler_job.py:639} INFO - DAG(s) dict_keys(['example_python_operator']) retrieved from /home/navneetsajwan/airflow/etl/lib/python3.8/site-packages/airflow/example_dags/example_python_operator.py
[2021-05-08 01:18:16,098] {logging_mixin.py:104} INFO - [2021-05-08 01:18:16,098] {dag.py:1824} INFO - Sync 1 DAGs
[2021-05-08 01:18:16,116] {logging_mixin.py:104} INFO - [2021-05-08 01:18:16,115] {dag.py:2280} INFO - Setting next_dagrun for example_python_operator to None
[2021-05-08 01:18:16,234] {scheduler_job.py:190} INFO - Processing /home/navneetsajwan/airflow/etl/lib/python3.8/site-packages/airflow/example_dags/example_python_operator.py took 0.179 seconds
[2021-05-08 01:18:49,003] {scheduler_job.py:182} INFO - Started process (PID=451719) to work on /home/navneetsajwan/airflow/etl/lib/python3.8/site-packages/airflow/example_dags/example_python_operator.py
[2021-05-08 01:18:49,005] {scheduler_job.py:629} INFO - Processing file /home/navneetsajwan/airflow/etl/lib/python3.8/site-packages/airflow/example_dags/example_python_operator.py for tasks to queue
[2021-05-08 01:18:49,007] {logging_mixin.py:104} INFO - [2021-05-08 01:18:49,006] {dagbag.py:451} INFO - Filling up the DagBag from /home/navneetsajwan/airflow/etl/lib/python3.8/site-packages/airflow/example_dags/example_python_operator.py
[2021-05-08 01:18:49,023] {scheduler_job.py:639} INFO - DAG(s) dict_keys(['example_python_operator']) retrieved from /home/navneetsajwan/airflow/etl/lib/python3.8/site-packages/airflow/example_dags/example_python_operator.py
[2021-05-08 01:18:49,050] {logging_mixin.py:104} INFO - [2021-05-08 01:18:49,050] {dag.py:1824} INFO - Sync 1 DAGs
[2021-05-08 01:18:49,069] {logging_mixin.py:104} INFO - [2021-05-08 01:18:49,069] {dag.py:2280} INFO - Setting next_dagrun for example_python_operator to None
[2021-05-08 01:18:49,252] {scheduler_job.py:190} INFO - Processing /home/navneetsajwan/airflow/etl/lib/python3.8/site-packages/airflow/example_dags/example_python_operator.py took 0.259 seconds
[2021-05-08 01:19:24,940] {scheduler_job.py:182} INFO - Started process (PID=452589) to work on /home/navneetsajwan/airflow/etl/lib/python3.8/site-packages/airflow/example_dags/example_python_operator.py
[2021-05-08 01:19:24,942] {scheduler_job.py:629} INFO - Processing file /home/navneetsajwan/airflow/etl/lib/python3.8/site-packages/airflow/example_dags/example_python_operator.py for tasks to queue
[2021-05-08 01:19:24,943] {logging_mixin.py:104} INFO - [2021-05-08 01:19:24,942] {dagbag.py:451} INFO - Filling up the DagBag from /home/navneetsajwan/airflow/etl/lib/python3.8/site-packages/airflow/example_dags/example_python_operator.py
[2021-05-08 01:19:24,987] {scheduler_job.py:639} INFO - DAG(s) dict_keys(['example_python_operator']) retrieved from /home/navneetsajwan/airflow/etl/lib/python3.8/site-packages/airflow/example_dags/example_python_operator.py
[2021-05-08 01:19:25,014] {logging_mixin.py:104} INFO - [2021-05-08 01:19:25,014] {dag.py:1824} INFO - Sync 1 DAGs
[2021-05-08 01:19:25,040] {logging_mixin.py:104} INFO - [2021-05-08 01:19:25,040] {dag.py:2280} INFO - Setting next_dagrun for example_python_operator to None
[2021-05-08 01:19:25,207] {scheduler_job.py:190} INFO - Processing /home/navneetsajwan/airflow/etl/lib/python3.8/site-packages/airflow/example_dags/example_python_operator.py took 0.280 seconds
[2021-05-08 01:19:59,836] {scheduler_job.py:182} INFO - Started process (PID=453061) to work on /home/navneetsajwan/airflow/etl/lib/python3.8/site-packages/airflow/example_dags/example_python_operator.py
[2021-05-08 01:19:59,837] {scheduler_job.py:629} INFO - Processing file /home/navneetsajwan/airflow/etl/lib/python3.8/site-packages/airflow/example_dags/example_python_operator.py for tasks to queue
[2021-05-08 01:19:59,850] {logging_mixin.py:104} INFO - [2021-05-08 01:19:59,849] {dagbag.py:451} INFO - Filling up the DagBag from /home/navneetsajwan/airflow/etl/lib/python3.8/site-packages/airflow/example_dags/example_python_operator.py
[2021-05-08 01:19:59,886] {scheduler_job.py:639} INFO - DAG(s) dict_keys(['example_python_operator']) retrieved from /home/navneetsajwan/airflow/etl/lib/python3.8/site-packages/airflow/example_dags/example_python_operator.py
[2021-05-08 01:20:00,035] {logging_mixin.py:104} INFO - [2021-05-08 01:20:00,035] {dag.py:1824} INFO - Sync 1 DAGs
[2021-05-08 01:20:00,128] {logging_mixin.py:104} INFO - [2021-05-08 01:20:00,128] {dag.py:2280} INFO - Setting next_dagrun for example_python_operator to None
[2021-05-08 01:20:00,319] {scheduler_job.py:190} INFO - Processing /home/navneetsajwan/airflow/etl/lib/python3.8/site-packages/airflow/example_dags/example_python_operator.py took 0.496 seconds
[2021-05-08 01:20:44,610] {scheduler_job.py:182} INFO - Started process (PID=453741) to work on /home/navneetsajwan/airflow/etl/lib/python3.8/site-packages/airflow/example_dags/example_python_operator.py
[2021-05-08 01:20:44,612] {scheduler_job.py:629} INFO - Processing file /home/navneetsajwan/airflow/etl/lib/python3.8/site-packages/airflow/example_dags/example_python_operator.py for tasks to queue
[2021-05-08 01:20:44,614] {logging_mixin.py:104} INFO - [2021-05-08 01:20:44,613] {dagbag.py:451} INFO - Filling up the DagBag from /home/navneetsajwan/airflow/etl/lib/python3.8/site-packages/airflow/example_dags/example_python_operator.py
[2021-05-08 01:20:44,626] {scheduler_job.py:639} INFO - DAG(s) dict_keys(['example_python_operator']) retrieved from /home/navneetsajwan/airflow/etl/lib/python3.8/site-packages/airflow/example_dags/example_python_operator.py
[2021-05-08 01:20:44,643] {logging_mixin.py:104} INFO - [2021-05-08 01:20:44,643] {dag.py:1824} INFO - Sync 1 DAGs
[2021-05-08 01:20:44,657] {logging_mixin.py:104} INFO - [2021-05-08 01:20:44,657] {dag.py:2280} INFO - Setting next_dagrun for example_python_operator to None
[2021-05-08 01:20:45,433] {scheduler_job.py:190} INFO - Processing /home/navneetsajwan/airflow/etl/lib/python3.8/site-packages/airflow/example_dags/example_python_operator.py took 0.829 seconds
[2021-05-08 01:21:22,372] {scheduler_job.py:182} INFO - Started process (PID=454570) to work on /home/navneetsajwan/airflow/etl/lib/python3.8/site-packages/airflow/example_dags/example_python_operator.py
[2021-05-08 01:21:22,374] {scheduler_job.py:629} INFO - Processing file /home/navneetsajwan/airflow/etl/lib/python3.8/site-packages/airflow/example_dags/example_python_operator.py for tasks to queue
[2021-05-08 01:21:22,375] {logging_mixin.py:104} INFO - [2021-05-08 01:21:22,375] {dagbag.py:451} INFO - Filling up the DagBag from /home/navneetsajwan/airflow/etl/lib/python3.8/site-packages/airflow/example_dags/example_python_operator.py
[2021-05-08 01:21:22,387] {scheduler_job.py:639} INFO - DAG(s) dict_keys(['example_python_operator']) retrieved from /home/navneetsajwan/airflow/etl/lib/python3.8/site-packages/airflow/example_dags/example_python_operator.py
[2021-05-08 01:21:22,412] {logging_mixin.py:104} INFO - [2021-05-08 01:21:22,412] {dag.py:1824} INFO - Sync 1 DAGs
[2021-05-08 01:21:22,431] {logging_mixin.py:104} INFO - [2021-05-08 01:21:22,431] {dag.py:2280} INFO - Setting next_dagrun for example_python_operator to None
[2021-05-08 01:21:22,596] {scheduler_job.py:190} INFO - Processing /home/navneetsajwan/airflow/etl/lib/python3.8/site-packages/airflow/example_dags/example_python_operator.py took 0.230 seconds
[2021-05-08 01:21:55,908] {scheduler_job.py:182} INFO - Started process (PID=455008) to work on /home/navneetsajwan/airflow/etl/lib/python3.8/site-packages/airflow/example_dags/example_python_operator.py
[2021-05-08 01:21:55,909] {scheduler_job.py:629} INFO - Processing file /home/navneetsajwan/airflow/etl/lib/python3.8/site-packages/airflow/example_dags/example_python_operator.py for tasks to queue
[2021-05-08 01:21:55,910] {logging_mixin.py:104} INFO - [2021-05-08 01:21:55,910] {dagbag.py:451} INFO - Filling up the DagBag from /home/navneetsajwan/airflow/etl/lib/python3.8/site-packages/airflow/example_dags/example_python_operator.py
[2021-05-08 01:21:55,920] {scheduler_job.py:639} INFO - DAG(s) dict_keys(['example_python_operator']) retrieved from /home/navneetsajwan/airflow/etl/lib/python3.8/site-packages/airflow/example_dags/example_python_operator.py
[2021-05-08 01:21:55,940] {logging_mixin.py:104} INFO - [2021-05-08 01:21:55,940] {dag.py:1824} INFO - Sync 1 DAGs
[2021-05-08 01:21:55,952] {logging_mixin.py:104} INFO - [2021-05-08 01:21:55,952] {dag.py:2280} INFO - Setting next_dagrun for example_python_operator to None
[2021-05-08 01:21:56,071] {scheduler_job.py:190} INFO - Processing /home/navneetsajwan/airflow/etl/lib/python3.8/site-packages/airflow/example_dags/example_python_operator.py took 0.168 seconds
[2021-05-08 01:22:30,103] {scheduler_job.py:182} INFO - Started process (PID=455770) to work on /home/navneetsajwan/airflow/etl/lib/python3.8/site-packages/airflow/example_dags/example_python_operator.py
[2021-05-08 01:22:30,105] {scheduler_job.py:629} INFO - Processing file /home/navneetsajwan/airflow/etl/lib/python3.8/site-packages/airflow/example_dags/example_python_operator.py for tasks to queue
[2021-05-08 01:22:30,106] {logging_mixin.py:104} INFO - [2021-05-08 01:22:30,105] {dagbag.py:451} INFO - Filling up the DagBag from /home/navneetsajwan/airflow/etl/lib/python3.8/site-packages/airflow/example_dags/example_python_operator.py
[2021-05-08 01:22:30,119] {scheduler_job.py:639} INFO - DAG(s) dict_keys(['example_python_operator']) retrieved from /home/navneetsajwan/airflow/etl/lib/python3.8/site-packages/airflow/example_dags/example_python_operator.py
[2021-05-08 01:22:30,149] {logging_mixin.py:104} INFO - [2021-05-08 01:22:30,148] {dag.py:1824} INFO - Sync 1 DAGs
[2021-05-08 01:22:30,170] {logging_mixin.py:104} INFO - [2021-05-08 01:22:30,169] {dag.py:2280} INFO - Setting next_dagrun for example_python_operator to None
[2021-05-08 01:22:30,298] {scheduler_job.py:190} INFO - Processing /home/navneetsajwan/airflow/etl/lib/python3.8/site-packages/airflow/example_dags/example_python_operator.py took 0.202 seconds
[2021-05-08 01:23:07,592] {scheduler_job.py:182} INFO - Started process (PID=456332) to work on /home/navneetsajwan/airflow/etl/lib/python3.8/site-packages/airflow/example_dags/example_python_operator.py
[2021-05-08 01:23:07,593] {scheduler_job.py:629} INFO - Processing file /home/navneetsajwan/airflow/etl/lib/python3.8/site-packages/airflow/example_dags/example_python_operator.py for tasks to queue
[2021-05-08 01:23:07,594] {logging_mixin.py:104} INFO - [2021-05-08 01:23:07,594] {dagbag.py:451} INFO - Filling up the DagBag from /home/navneetsajwan/airflow/etl/lib/python3.8/site-packages/airflow/example_dags/example_python_operator.py
[2021-05-08 01:23:07,606] {scheduler_job.py:639} INFO - DAG(s) dict_keys(['example_python_operator']) retrieved from /home/navneetsajwan/airflow/etl/lib/python3.8/site-packages/airflow/example_dags/example_python_operator.py
[2021-05-08 01:23:07,624] {logging_mixin.py:104} INFO - [2021-05-08 01:23:07,624] {dag.py:1824} INFO - Sync 1 DAGs
[2021-05-08 01:23:07,636] {logging_mixin.py:104} INFO - [2021-05-08 01:23:07,636] {dag.py:2280} INFO - Setting next_dagrun for example_python_operator to None
[2021-05-08 01:23:07,730] {scheduler_job.py:190} INFO - Processing /home/navneetsajwan/airflow/etl/lib/python3.8/site-packages/airflow/example_dags/example_python_operator.py took 0.142 seconds
[2021-05-08 01:23:43,160] {scheduler_job.py:182} INFO - Started process (PID=456818) to work on /home/navneetsajwan/airflow/etl/lib/python3.8/site-packages/airflow/example_dags/example_python_operator.py
[2021-05-08 01:23:43,161] {scheduler_job.py:629} INFO - Processing file /home/navneetsajwan/airflow/etl/lib/python3.8/site-packages/airflow/example_dags/example_python_operator.py for tasks to queue
[2021-05-08 01:23:43,162] {logging_mixin.py:104} INFO - [2021-05-08 01:23:43,162] {dagbag.py:451} INFO - Filling up the DagBag from /home/navneetsajwan/airflow/etl/lib/python3.8/site-packages/airflow/example_dags/example_python_operator.py
[2021-05-08 01:23:43,171] {scheduler_job.py:639} INFO - DAG(s) dict_keys(['example_python_operator']) retrieved from /home/navneetsajwan/airflow/etl/lib/python3.8/site-packages/airflow/example_dags/example_python_operator.py
[2021-05-08 01:23:43,190] {logging_mixin.py:104} INFO - [2021-05-08 01:23:43,189] {dag.py:1824} INFO - Sync 1 DAGs
[2021-05-08 01:23:43,201] {logging_mixin.py:104} INFO - [2021-05-08 01:23:43,201] {dag.py:2280} INFO - Setting next_dagrun for example_python_operator to None
[2021-05-08 01:23:43,356] {scheduler_job.py:190} INFO - Processing /home/navneetsajwan/airflow/etl/lib/python3.8/site-packages/airflow/example_dags/example_python_operator.py took 0.200 seconds
[2021-05-08 01:24:34,460] {scheduler_job.py:182} INFO - Started process (PID=457835) to work on /home/navneetsajwan/airflow/etl/lib/python3.8/site-packages/airflow/example_dags/example_python_operator.py
[2021-05-08 01:24:34,461] {scheduler_job.py:629} INFO - Processing file /home/navneetsajwan/airflow/etl/lib/python3.8/site-packages/airflow/example_dags/example_python_operator.py for tasks to queue
[2021-05-08 01:24:34,462] {logging_mixin.py:104} INFO - [2021-05-08 01:24:34,461] {dagbag.py:451} INFO - Filling up the DagBag from /home/navneetsajwan/airflow/etl/lib/python3.8/site-packages/airflow/example_dags/example_python_operator.py
[2021-05-08 01:24:34,469] {scheduler_job.py:639} INFO - DAG(s) dict_keys(['example_python_operator']) retrieved from /home/navneetsajwan/airflow/etl/lib/python3.8/site-packages/airflow/example_dags/example_python_operator.py
[2021-05-08 01:24:34,484] {logging_mixin.py:104} INFO - [2021-05-08 01:24:34,484] {dag.py:1824} INFO - Sync 1 DAGs
[2021-05-08 01:24:34,497] {logging_mixin.py:104} INFO - [2021-05-08 01:24:34,497] {dag.py:2280} INFO - Setting next_dagrun for example_python_operator to None
[2021-05-08 01:24:34,580] {scheduler_job.py:190} INFO - Processing /home/navneetsajwan/airflow/etl/lib/python3.8/site-packages/airflow/example_dags/example_python_operator.py took 0.124 seconds
[2021-05-08 01:25:09,137] {scheduler_job.py:182} INFO - Started process (PID=458553) to work on /home/navneetsajwan/airflow/etl/lib/python3.8/site-packages/airflow/example_dags/example_python_operator.py
[2021-05-08 01:25:09,186] {scheduler_job.py:629} INFO - Processing file /home/navneetsajwan/airflow/etl/lib/python3.8/site-packages/airflow/example_dags/example_python_operator.py for tasks to queue
[2021-05-08 01:25:09,223] {logging_mixin.py:104} INFO - [2021-05-08 01:25:09,187] {dagbag.py:451} INFO - Filling up the DagBag from /home/navneetsajwan/airflow/etl/lib/python3.8/site-packages/airflow/example_dags/example_python_operator.py
[2021-05-08 01:25:09,362] {scheduler_job.py:639} INFO - DAG(s) dict_keys(['example_python_operator']) retrieved from /home/navneetsajwan/airflow/etl/lib/python3.8/site-packages/airflow/example_dags/example_python_operator.py
[2021-05-08 01:25:09,527] {logging_mixin.py:104} INFO - [2021-05-08 01:25:09,527] {dag.py:1824} INFO - Sync 1 DAGs
[2021-05-08 01:25:09,646] {logging_mixin.py:104} INFO - [2021-05-08 01:25:09,646] {dag.py:2280} INFO - Setting next_dagrun for example_python_operator to None
[2021-05-08 01:25:09,907] {scheduler_job.py:190} INFO - Processing /home/navneetsajwan/airflow/etl/lib/python3.8/site-packages/airflow/example_dags/example_python_operator.py took 0.807 seconds
[2021-05-08 01:26:11,423] {scheduler_job.py:182} INFO - Started process (PID=459680) to work on /home/navneetsajwan/airflow/etl/lib/python3.8/site-packages/airflow/example_dags/example_python_operator.py
[2021-05-08 01:26:11,433] {scheduler_job.py:629} INFO - Processing file /home/navneetsajwan/airflow/etl/lib/python3.8/site-packages/airflow/example_dags/example_python_operator.py for tasks to queue
[2021-05-08 01:26:11,435] {logging_mixin.py:104} INFO - [2021-05-08 01:26:11,433] {dagbag.py:451} INFO - Filling up the DagBag from /home/navneetsajwan/airflow/etl/lib/python3.8/site-packages/airflow/example_dags/example_python_operator.py
[2021-05-08 01:26:11,466] {scheduler_job.py:639} INFO - DAG(s) dict_keys(['example_python_operator']) retrieved from /home/navneetsajwan/airflow/etl/lib/python3.8/site-packages/airflow/example_dags/example_python_operator.py
[2021-05-08 01:26:11,534] {logging_mixin.py:104} INFO - [2021-05-08 01:26:11,534] {dag.py:1824} INFO - Sync 1 DAGs
[2021-05-08 01:26:11,596] {logging_mixin.py:104} INFO - [2021-05-08 01:26:11,596] {dag.py:2280} INFO - Setting next_dagrun for example_python_operator to None
[2021-05-08 01:26:11,813] {scheduler_job.py:190} INFO - Processing /home/navneetsajwan/airflow/etl/lib/python3.8/site-packages/airflow/example_dags/example_python_operator.py took 0.402 seconds
[2021-05-08 01:27:06,480] {scheduler_job.py:182} INFO - Started process (PID=460566) to work on /home/navneetsajwan/airflow/etl/lib/python3.8/site-packages/airflow/example_dags/example_python_operator.py
[2021-05-08 01:27:06,488] {scheduler_job.py:629} INFO - Processing file /home/navneetsajwan/airflow/etl/lib/python3.8/site-packages/airflow/example_dags/example_python_operator.py for tasks to queue
[2021-05-08 01:27:06,492] {logging_mixin.py:104} INFO - [2021-05-08 01:27:06,490] {dagbag.py:451} INFO - Filling up the DagBag from /home/navneetsajwan/airflow/etl/lib/python3.8/site-packages/airflow/example_dags/example_python_operator.py
[2021-05-08 01:27:06,513] {scheduler_job.py:639} INFO - DAG(s) dict_keys(['example_python_operator']) retrieved from /home/navneetsajwan/airflow/etl/lib/python3.8/site-packages/airflow/example_dags/example_python_operator.py
[2021-05-08 01:27:06,565] {logging_mixin.py:104} INFO - [2021-05-08 01:27:06,565] {dag.py:1824} INFO - Sync 1 DAGs
[2021-05-08 01:27:06,595] {logging_mixin.py:104} INFO - [2021-05-08 01:27:06,595] {dag.py:2280} INFO - Setting next_dagrun for example_python_operator to None
[2021-05-08 01:27:06,712] {scheduler_job.py:190} INFO - Processing /home/navneetsajwan/airflow/etl/lib/python3.8/site-packages/airflow/example_dags/example_python_operator.py took 0.237 seconds
[2021-05-08 01:27:54,903] {scheduler_job.py:182} INFO - Started process (PID=461611) to work on /home/navneetsajwan/airflow/etl/lib/python3.8/site-packages/airflow/example_dags/example_python_operator.py
[2021-05-08 01:27:54,904] {scheduler_job.py:629} INFO - Processing file /home/navneetsajwan/airflow/etl/lib/python3.8/site-packages/airflow/example_dags/example_python_operator.py for tasks to queue
[2021-05-08 01:27:54,905] {logging_mixin.py:104} INFO - [2021-05-08 01:27:54,905] {dagbag.py:451} INFO - Filling up the DagBag from /home/navneetsajwan/airflow/etl/lib/python3.8/site-packages/airflow/example_dags/example_python_operator.py
[2021-05-08 01:27:54,918] {scheduler_job.py:639} INFO - DAG(s) dict_keys(['example_python_operator']) retrieved from /home/navneetsajwan/airflow/etl/lib/python3.8/site-packages/airflow/example_dags/example_python_operator.py
[2021-05-08 01:27:54,941] {logging_mixin.py:104} INFO - [2021-05-08 01:27:54,941] {dag.py:1824} INFO - Sync 1 DAGs
[2021-05-08 01:27:54,963] {logging_mixin.py:104} INFO - [2021-05-08 01:27:54,962] {dag.py:2280} INFO - Setting next_dagrun for example_python_operator to None
[2021-05-08 01:27:55,074] {scheduler_job.py:190} INFO - Processing /home/navneetsajwan/airflow/etl/lib/python3.8/site-packages/airflow/example_dags/example_python_operator.py took 0.177 seconds
[2021-05-08 01:28:42,075] {scheduler_job.py:182} INFO - Started process (PID=462280) to work on /home/navneetsajwan/airflow/etl/lib/python3.8/site-packages/airflow/example_dags/example_python_operator.py
[2021-05-08 01:28:42,081] {scheduler_job.py:629} INFO - Processing file /home/navneetsajwan/airflow/etl/lib/python3.8/site-packages/airflow/example_dags/example_python_operator.py for tasks to queue
[2021-05-08 01:28:42,087] {logging_mixin.py:104} INFO - [2021-05-08 01:28:42,082] {dagbag.py:451} INFO - Filling up the DagBag from /home/navneetsajwan/airflow/etl/lib/python3.8/site-packages/airflow/example_dags/example_python_operator.py
[2021-05-08 01:28:42,109] {scheduler_job.py:639} INFO - DAG(s) dict_keys(['example_python_operator']) retrieved from /home/navneetsajwan/airflow/etl/lib/python3.8/site-packages/airflow/example_dags/example_python_operator.py
[2021-05-08 01:28:42,172] {logging_mixin.py:104} INFO - [2021-05-08 01:28:42,172] {dag.py:1824} INFO - Sync 1 DAGs
[2021-05-08 01:28:42,196] {logging_mixin.py:104} INFO - [2021-05-08 01:28:42,196] {dag.py:2280} INFO - Setting next_dagrun for example_python_operator to None
[2021-05-08 01:28:42,332] {scheduler_job.py:190} INFO - Processing /home/navneetsajwan/airflow/etl/lib/python3.8/site-packages/airflow/example_dags/example_python_operator.py took 0.266 seconds
[2021-05-08 01:29:46,490] {scheduler_job.py:182} INFO - Started process (PID=463511) to work on /home/navneetsajwan/airflow/etl/lib/python3.8/site-packages/airflow/example_dags/example_python_operator.py
[2021-05-08 01:29:46,492] {scheduler_job.py:629} INFO - Processing file /home/navneetsajwan/airflow/etl/lib/python3.8/site-packages/airflow/example_dags/example_python_operator.py for tasks to queue
[2021-05-08 01:29:46,493] {logging_mixin.py:104} INFO - [2021-05-08 01:29:46,493] {dagbag.py:451} INFO - Filling up the DagBag from /home/navneetsajwan/airflow/etl/lib/python3.8/site-packages/airflow/example_dags/example_python_operator.py
[2021-05-08 01:29:46,505] {scheduler_job.py:639} INFO - DAG(s) dict_keys(['example_python_operator']) retrieved from /home/navneetsajwan/airflow/etl/lib/python3.8/site-packages/airflow/example_dags/example_python_operator.py
[2021-05-08 01:29:46,521] {logging_mixin.py:104} INFO - [2021-05-08 01:29:46,521] {dag.py:1824} INFO - Sync 1 DAGs
[2021-05-08 01:29:46,536] {logging_mixin.py:104} INFO - [2021-05-08 01:29:46,536] {dag.py:2280} INFO - Setting next_dagrun for example_python_operator to None
[2021-05-08 01:29:46,743] {scheduler_job.py:190} INFO - Processing /home/navneetsajwan/airflow/etl/lib/python3.8/site-packages/airflow/example_dags/example_python_operator.py took 0.256 seconds
[2021-05-08 01:30:32,501] {scheduler_job.py:182} INFO - Started process (PID=464156) to work on /home/navneetsajwan/airflow/etl/lib/python3.8/site-packages/airflow/example_dags/example_python_operator.py
[2021-05-08 01:30:32,503] {scheduler_job.py:629} INFO - Processing file /home/navneetsajwan/airflow/etl/lib/python3.8/site-packages/airflow/example_dags/example_python_operator.py for tasks to queue
[2021-05-08 01:30:32,504] {logging_mixin.py:104} INFO - [2021-05-08 01:30:32,503] {dagbag.py:451} INFO - Filling up the DagBag from /home/navneetsajwan/airflow/etl/lib/python3.8/site-packages/airflow/example_dags/example_python_operator.py
[2021-05-08 01:30:32,517] {scheduler_job.py:639} INFO - DAG(s) dict_keys(['example_python_operator']) retrieved from /home/navneetsajwan/airflow/etl/lib/python3.8/site-packages/airflow/example_dags/example_python_operator.py
[2021-05-08 01:30:32,534] {logging_mixin.py:104} INFO - [2021-05-08 01:30:32,534] {dag.py:1824} INFO - Sync 1 DAGs
[2021-05-08 01:30:32,547] {logging_mixin.py:104} INFO - [2021-05-08 01:30:32,547] {dag.py:2280} INFO - Setting next_dagrun for example_python_operator to None
[2021-05-08 01:30:32,704] {scheduler_job.py:190} INFO - Processing /home/navneetsajwan/airflow/etl/lib/python3.8/site-packages/airflow/example_dags/example_python_operator.py took 0.206 seconds
[2021-05-08 01:31:06,581] {scheduler_job.py:182} INFO - Started process (PID=464664) to work on /home/navneetsajwan/airflow/etl/lib/python3.8/site-packages/airflow/example_dags/example_python_operator.py
[2021-05-08 01:31:06,583] {scheduler_job.py:629} INFO - Processing file /home/navneetsajwan/airflow/etl/lib/python3.8/site-packages/airflow/example_dags/example_python_operator.py for tasks to queue
[2021-05-08 01:31:06,584] {logging_mixin.py:104} INFO - [2021-05-08 01:31:06,584] {dagbag.py:451} INFO - Filling up the DagBag from /home/navneetsajwan/airflow/etl/lib/python3.8/site-packages/airflow/example_dags/example_python_operator.py
[2021-05-08 01:31:06,601] {scheduler_job.py:639} INFO - DAG(s) dict_keys(['example_python_operator']) retrieved from /home/navneetsajwan/airflow/etl/lib/python3.8/site-packages/airflow/example_dags/example_python_operator.py
[2021-05-08 01:31:06,645] {logging_mixin.py:104} INFO - [2021-05-08 01:31:06,638] {dag.py:1824} INFO - Sync 1 DAGs
[2021-05-08 01:31:06,686] {logging_mixin.py:104} INFO - [2021-05-08 01:31:06,686] {dag.py:2280} INFO - Setting next_dagrun for example_python_operator to None
[2021-05-08 01:31:07,019] {scheduler_job.py:190} INFO - Processing /home/navneetsajwan/airflow/etl/lib/python3.8/site-packages/airflow/example_dags/example_python_operator.py took 0.442 seconds
[2021-05-08 01:31:49,011] {scheduler_job.py:182} INFO - Started process (PID=465637) to work on /home/navneetsajwan/airflow/etl/lib/python3.8/site-packages/airflow/example_dags/example_python_operator.py
[2021-05-08 01:31:49,013] {scheduler_job.py:629} INFO - Processing file /home/navneetsajwan/airflow/etl/lib/python3.8/site-packages/airflow/example_dags/example_python_operator.py for tasks to queue
[2021-05-08 01:31:49,014] {logging_mixin.py:104} INFO - [2021-05-08 01:31:49,014] {dagbag.py:451} INFO - Filling up the DagBag from /home/navneetsajwan/airflow/etl/lib/python3.8/site-packages/airflow/example_dags/example_python_operator.py
[2021-05-08 01:31:49,028] {scheduler_job.py:639} INFO - DAG(s) dict_keys(['example_python_operator']) retrieved from /home/navneetsajwan/airflow/etl/lib/python3.8/site-packages/airflow/example_dags/example_python_operator.py
[2021-05-08 01:31:49,045] {logging_mixin.py:104} INFO - [2021-05-08 01:31:49,045] {dag.py:1824} INFO - Sync 1 DAGs
[2021-05-08 01:31:49,064] {logging_mixin.py:104} INFO - [2021-05-08 01:31:49,064] {dag.py:2280} INFO - Setting next_dagrun for example_python_operator to None
[2021-05-08 01:31:49,184] {scheduler_job.py:190} INFO - Processing /home/navneetsajwan/airflow/etl/lib/python3.8/site-packages/airflow/example_dags/example_python_operator.py took 0.178 seconds
[2021-05-08 01:32:28,389] {scheduler_job.py:182} INFO - Started process (PID=466233) to work on /home/navneetsajwan/airflow/etl/lib/python3.8/site-packages/airflow/example_dags/example_python_operator.py
[2021-05-08 01:32:28,396] {scheduler_job.py:629} INFO - Processing file /home/navneetsajwan/airflow/etl/lib/python3.8/site-packages/airflow/example_dags/example_python_operator.py for tasks to queue
[2021-05-08 01:32:28,398] {logging_mixin.py:104} INFO - [2021-05-08 01:32:28,398] {dagbag.py:451} INFO - Filling up the DagBag from /home/navneetsajwan/airflow/etl/lib/python3.8/site-packages/airflow/example_dags/example_python_operator.py
[2021-05-08 01:32:28,417] {scheduler_job.py:639} INFO - DAG(s) dict_keys(['example_python_operator']) retrieved from /home/navneetsajwan/airflow/etl/lib/python3.8/site-packages/airflow/example_dags/example_python_operator.py
[2021-05-08 01:32:28,454] {logging_mixin.py:104} INFO - [2021-05-08 01:32:28,454] {dag.py:1824} INFO - Sync 1 DAGs
[2021-05-08 01:32:28,490] {logging_mixin.py:104} INFO - [2021-05-08 01:32:28,489] {dag.py:2280} INFO - Setting next_dagrun for example_python_operator to None
[2021-05-08 01:32:28,886] {scheduler_job.py:190} INFO - Processing /home/navneetsajwan/airflow/etl/lib/python3.8/site-packages/airflow/example_dags/example_python_operator.py took 0.510 seconds
[2021-05-08 01:33:13,162] {scheduler_job.py:182} INFO - Started process (PID=467025) to work on /home/navneetsajwan/airflow/etl/lib/python3.8/site-packages/airflow/example_dags/example_python_operator.py
[2021-05-08 01:33:13,164] {scheduler_job.py:629} INFO - Processing file /home/navneetsajwan/airflow/etl/lib/python3.8/site-packages/airflow/example_dags/example_python_operator.py for tasks to queue
[2021-05-08 01:33:13,165] {logging_mixin.py:104} INFO - [2021-05-08 01:33:13,165] {dagbag.py:451} INFO - Filling up the DagBag from /home/navneetsajwan/airflow/etl/lib/python3.8/site-packages/airflow/example_dags/example_python_operator.py
[2021-05-08 01:33:13,175] {scheduler_job.py:639} INFO - DAG(s) dict_keys(['example_python_operator']) retrieved from /home/navneetsajwan/airflow/etl/lib/python3.8/site-packages/airflow/example_dags/example_python_operator.py
[2021-05-08 01:33:13,208] {logging_mixin.py:104} INFO - [2021-05-08 01:33:13,207] {dag.py:1824} INFO - Sync 1 DAGs
[2021-05-08 01:33:13,223] {logging_mixin.py:104} INFO - [2021-05-08 01:33:13,223] {dag.py:2280} INFO - Setting next_dagrun for example_python_operator to None
[2021-05-08 01:33:14,316] {scheduler_job.py:190} INFO - Processing /home/navneetsajwan/airflow/etl/lib/python3.8/site-packages/airflow/example_dags/example_python_operator.py took 1.157 seconds
[2021-05-08 01:33:51,734] {scheduler_job.py:182} INFO - Started process (PID=467702) to work on /home/navneetsajwan/airflow/etl/lib/python3.8/site-packages/airflow/example_dags/example_python_operator.py
[2021-05-08 01:33:51,736] {scheduler_job.py:629} INFO - Processing file /home/navneetsajwan/airflow/etl/lib/python3.8/site-packages/airflow/example_dags/example_python_operator.py for tasks to queue
[2021-05-08 01:33:51,737] {logging_mixin.py:104} INFO - [2021-05-08 01:33:51,737] {dagbag.py:451} INFO - Filling up the DagBag from /home/navneetsajwan/airflow/etl/lib/python3.8/site-packages/airflow/example_dags/example_python_operator.py
[2021-05-08 01:33:51,749] {scheduler_job.py:639} INFO - DAG(s) dict_keys(['example_python_operator']) retrieved from /home/navneetsajwan/airflow/etl/lib/python3.8/site-packages/airflow/example_dags/example_python_operator.py
[2021-05-08 01:33:51,766] {logging_mixin.py:104} INFO - [2021-05-08 01:33:51,766] {dag.py:1824} INFO - Sync 1 DAGs
[2021-05-08 01:33:51,778] {logging_mixin.py:104} INFO - [2021-05-08 01:33:51,778] {dag.py:2280} INFO - Setting next_dagrun for example_python_operator to None
[2021-05-08 01:33:51,901] {scheduler_job.py:190} INFO - Processing /home/navneetsajwan/airflow/etl/lib/python3.8/site-packages/airflow/example_dags/example_python_operator.py took 0.171 seconds
[2021-05-08 01:34:41,008] {scheduler_job.py:182} INFO - Started process (PID=468408) to work on /home/navneetsajwan/airflow/etl/lib/python3.8/site-packages/airflow/example_dags/example_python_operator.py
[2021-05-08 01:34:41,009] {scheduler_job.py:629} INFO - Processing file /home/navneetsajwan/airflow/etl/lib/python3.8/site-packages/airflow/example_dags/example_python_operator.py for tasks to queue
[2021-05-08 01:34:41,010] {logging_mixin.py:104} INFO - [2021-05-08 01:34:41,010] {dagbag.py:451} INFO - Filling up the DagBag from /home/navneetsajwan/airflow/etl/lib/python3.8/site-packages/airflow/example_dags/example_python_operator.py
[2021-05-08 01:34:41,022] {scheduler_job.py:639} INFO - DAG(s) dict_keys(['example_python_operator']) retrieved from /home/navneetsajwan/airflow/etl/lib/python3.8/site-packages/airflow/example_dags/example_python_operator.py
[2021-05-08 01:34:41,040] {logging_mixin.py:104} INFO - [2021-05-08 01:34:41,040] {dag.py:1824} INFO - Sync 1 DAGs
[2021-05-08 01:34:41,053] {logging_mixin.py:104} INFO - [2021-05-08 01:34:41,053] {dag.py:2280} INFO - Setting next_dagrun for example_python_operator to None
[2021-05-08 01:34:41,181] {scheduler_job.py:190} INFO - Processing /home/navneetsajwan/airflow/etl/lib/python3.8/site-packages/airflow/example_dags/example_python_operator.py took 0.178 seconds
[2021-05-08 01:35:18,472] {scheduler_job.py:182} INFO - Started process (PID=469262) to work on /home/navneetsajwan/airflow/etl/lib/python3.8/site-packages/airflow/example_dags/example_python_operator.py
[2021-05-08 01:35:18,474] {scheduler_job.py:629} INFO - Processing file /home/navneetsajwan/airflow/etl/lib/python3.8/site-packages/airflow/example_dags/example_python_operator.py for tasks to queue
[2021-05-08 01:35:18,475] {logging_mixin.py:104} INFO - [2021-05-08 01:35:18,475] {dagbag.py:451} INFO - Filling up the DagBag from /home/navneetsajwan/airflow/etl/lib/python3.8/site-packages/airflow/example_dags/example_python_operator.py
[2021-05-08 01:35:18,484] {scheduler_job.py:639} INFO - DAG(s) dict_keys(['example_python_operator']) retrieved from /home/navneetsajwan/airflow/etl/lib/python3.8/site-packages/airflow/example_dags/example_python_operator.py
[2021-05-08 01:35:18,500] {logging_mixin.py:104} INFO - [2021-05-08 01:35:18,500] {dag.py:1824} INFO - Sync 1 DAGs
[2021-05-08 01:35:18,512] {logging_mixin.py:104} INFO - [2021-05-08 01:35:18,511] {dag.py:2280} INFO - Setting next_dagrun for example_python_operator to None
[2021-05-08 01:35:18,629] {scheduler_job.py:190} INFO - Processing /home/navneetsajwan/airflow/etl/lib/python3.8/site-packages/airflow/example_dags/example_python_operator.py took 0.161 seconds
[2021-05-08 01:36:07,730] {scheduler_job.py:182} INFO - Started process (PID=469997) to work on /home/navneetsajwan/airflow/etl/lib/python3.8/site-packages/airflow/example_dags/example_python_operator.py
[2021-05-08 01:36:07,733] {scheduler_job.py:629} INFO - Processing file /home/navneetsajwan/airflow/etl/lib/python3.8/site-packages/airflow/example_dags/example_python_operator.py for tasks to queue
[2021-05-08 01:36:07,734] {logging_mixin.py:104} INFO - [2021-05-08 01:36:07,733] {dagbag.py:451} INFO - Filling up the DagBag from /home/navneetsajwan/airflow/etl/lib/python3.8/site-packages/airflow/example_dags/example_python_operator.py
[2021-05-08 01:36:07,745] {scheduler_job.py:639} INFO - DAG(s) dict_keys(['example_python_operator']) retrieved from /home/navneetsajwan/airflow/etl/lib/python3.8/site-packages/airflow/example_dags/example_python_operator.py
[2021-05-08 01:36:07,765] {logging_mixin.py:104} INFO - [2021-05-08 01:36:07,765] {dag.py:1824} INFO - Sync 1 DAGs
[2021-05-08 01:36:07,778] {logging_mixin.py:104} INFO - [2021-05-08 01:36:07,778] {dag.py:2280} INFO - Setting next_dagrun for example_python_operator to None
[2021-05-08 01:36:07,943] {scheduler_job.py:190} INFO - Processing /home/navneetsajwan/airflow/etl/lib/python3.8/site-packages/airflow/example_dags/example_python_operator.py took 0.217 seconds
[2021-05-08 01:36:45,443] {scheduler_job.py:182} INFO - Started process (PID=470796) to work on /home/navneetsajwan/airflow/etl/lib/python3.8/site-packages/airflow/example_dags/example_python_operator.py
[2021-05-08 01:36:45,450] {scheduler_job.py:629} INFO - Processing file /home/navneetsajwan/airflow/etl/lib/python3.8/site-packages/airflow/example_dags/example_python_operator.py for tasks to queue
[2021-05-08 01:36:45,451] {logging_mixin.py:104} INFO - [2021-05-08 01:36:45,451] {dagbag.py:451} INFO - Filling up the DagBag from /home/navneetsajwan/airflow/etl/lib/python3.8/site-packages/airflow/example_dags/example_python_operator.py
[2021-05-08 01:36:45,468] {scheduler_job.py:639} INFO - DAG(s) dict_keys(['example_python_operator']) retrieved from /home/navneetsajwan/airflow/etl/lib/python3.8/site-packages/airflow/example_dags/example_python_operator.py
[2021-05-08 01:36:45,605] {logging_mixin.py:104} INFO - [2021-05-08 01:36:45,605] {dag.py:1824} INFO - Sync 1 DAGs
[2021-05-08 01:36:45,691] {logging_mixin.py:104} INFO - [2021-05-08 01:36:45,691] {dag.py:2280} INFO - Setting next_dagrun for example_python_operator to None
[2021-05-08 01:36:46,052] {scheduler_job.py:190} INFO - Processing /home/navneetsajwan/airflow/etl/lib/python3.8/site-packages/airflow/example_dags/example_python_operator.py took 0.617 seconds
[2021-05-08 01:37:24,833] {scheduler_job.py:182} INFO - Started process (PID=471430) to work on /home/navneetsajwan/airflow/etl/lib/python3.8/site-packages/airflow/example_dags/example_python_operator.py
[2021-05-08 01:37:24,834] {scheduler_job.py:629} INFO - Processing file /home/navneetsajwan/airflow/etl/lib/python3.8/site-packages/airflow/example_dags/example_python_operator.py for tasks to queue
[2021-05-08 01:37:24,835] {logging_mixin.py:104} INFO - [2021-05-08 01:37:24,835] {dagbag.py:451} INFO - Filling up the DagBag from /home/navneetsajwan/airflow/etl/lib/python3.8/site-packages/airflow/example_dags/example_python_operator.py
[2021-05-08 01:37:24,848] {scheduler_job.py:639} INFO - DAG(s) dict_keys(['example_python_operator']) retrieved from /home/navneetsajwan/airflow/etl/lib/python3.8/site-packages/airflow/example_dags/example_python_operator.py
[2021-05-08 01:37:24,868] {logging_mixin.py:104} INFO - [2021-05-08 01:37:24,867] {dag.py:1824} INFO - Sync 1 DAGs
[2021-05-08 01:37:24,882] {logging_mixin.py:104} INFO - [2021-05-08 01:37:24,882] {dag.py:2280} INFO - Setting next_dagrun for example_python_operator to None
[2021-05-08 01:37:25,005] {scheduler_job.py:190} INFO - Processing /home/navneetsajwan/airflow/etl/lib/python3.8/site-packages/airflow/example_dags/example_python_operator.py took 0.176 seconds
[2021-05-08 01:37:55,908] {scheduler_job.py:182} INFO - Started process (PID=471880) to work on /home/navneetsajwan/airflow/etl/lib/python3.8/site-packages/airflow/example_dags/example_python_operator.py
[2021-05-08 01:37:55,910] {scheduler_job.py:629} INFO - Processing file /home/navneetsajwan/airflow/etl/lib/python3.8/site-packages/airflow/example_dags/example_python_operator.py for tasks to queue
[2021-05-08 01:37:55,911] {logging_mixin.py:104} INFO - [2021-05-08 01:37:55,911] {dagbag.py:451} INFO - Filling up the DagBag from /home/navneetsajwan/airflow/etl/lib/python3.8/site-packages/airflow/example_dags/example_python_operator.py
[2021-05-08 01:37:55,923] {scheduler_job.py:639} INFO - DAG(s) dict_keys(['example_python_operator']) retrieved from /home/navneetsajwan/airflow/etl/lib/python3.8/site-packages/airflow/example_dags/example_python_operator.py
[2021-05-08 01:37:55,943] {logging_mixin.py:104} INFO - [2021-05-08 01:37:55,942] {dag.py:1824} INFO - Sync 1 DAGs
[2021-05-08 01:37:55,960] {logging_mixin.py:104} INFO - [2021-05-08 01:37:55,959] {dag.py:2280} INFO - Setting next_dagrun for example_python_operator to None
[2021-05-08 01:37:56,071] {scheduler_job.py:190} INFO - Processing /home/navneetsajwan/airflow/etl/lib/python3.8/site-packages/airflow/example_dags/example_python_operator.py took 0.167 seconds
