[2021-05-08 01:07:28,732] {scheduler_job.py:182} INFO - Started process (PID=440215) to work on /home/navneetsajwan/airflow/etl/lib/python3.8/site-packages/airflow/example_dags/example_dag_decorator.py
[2021-05-08 01:07:28,733] {scheduler_job.py:629} INFO - Processing file /home/navneetsajwan/airflow/etl/lib/python3.8/site-packages/airflow/example_dags/example_dag_decorator.py for tasks to queue
[2021-05-08 01:07:28,734] {logging_mixin.py:104} INFO - [2021-05-08 01:07:28,734] {dagbag.py:451} INFO - Filling up the DagBag from /home/navneetsajwan/airflow/etl/lib/python3.8/site-packages/airflow/example_dags/example_dag_decorator.py
[2021-05-08 01:07:28,782] {scheduler_job.py:639} INFO - DAG(s) dict_keys(['example_dag_decorator']) retrieved from /home/navneetsajwan/airflow/etl/lib/python3.8/site-packages/airflow/example_dags/example_dag_decorator.py
[2021-05-08 01:07:28,801] {logging_mixin.py:104} INFO - [2021-05-08 01:07:28,801] {dag.py:1824} INFO - Sync 1 DAGs
[2021-05-08 01:07:28,812] {logging_mixin.py:104} INFO - [2021-05-08 01:07:28,812] {dag.py:2280} INFO - Setting next_dagrun for example_dag_decorator to None
[2021-05-08 01:07:28,893] {scheduler_job.py:190} INFO - Processing /home/navneetsajwan/airflow/etl/lib/python3.8/site-packages/airflow/example_dags/example_dag_decorator.py took 0.165 seconds
[2021-05-08 01:08:04,721] {scheduler_job.py:182} INFO - Started process (PID=440678) to work on /home/navneetsajwan/airflow/etl/lib/python3.8/site-packages/airflow/example_dags/example_dag_decorator.py
[2021-05-08 01:08:04,740] {scheduler_job.py:629} INFO - Processing file /home/navneetsajwan/airflow/etl/lib/python3.8/site-packages/airflow/example_dags/example_dag_decorator.py for tasks to queue
[2021-05-08 01:08:04,740] {logging_mixin.py:104} INFO - [2021-05-08 01:08:04,740] {dagbag.py:451} INFO - Filling up the DagBag from /home/navneetsajwan/airflow/etl/lib/python3.8/site-packages/airflow/example_dags/example_dag_decorator.py
[2021-05-08 01:08:04,763] {scheduler_job.py:639} INFO - DAG(s) dict_keys(['example_dag_decorator']) retrieved from /home/navneetsajwan/airflow/etl/lib/python3.8/site-packages/airflow/example_dags/example_dag_decorator.py
[2021-05-08 01:08:04,787] {logging_mixin.py:104} INFO - [2021-05-08 01:08:04,787] {dag.py:1824} INFO - Sync 1 DAGs
[2021-05-08 01:08:04,809] {logging_mixin.py:104} INFO - [2021-05-08 01:08:04,809] {dag.py:2280} INFO - Setting next_dagrun for example_dag_decorator to None
[2021-05-08 01:08:05,500] {scheduler_job.py:190} INFO - Processing /home/navneetsajwan/airflow/etl/lib/python3.8/site-packages/airflow/example_dags/example_dag_decorator.py took 0.783 seconds
[2021-05-08 01:08:58,329] {scheduler_job.py:182} INFO - Started process (PID=441638) to work on /home/navneetsajwan/airflow/etl/lib/python3.8/site-packages/airflow/example_dags/example_dag_decorator.py
[2021-05-08 01:08:58,330] {scheduler_job.py:629} INFO - Processing file /home/navneetsajwan/airflow/etl/lib/python3.8/site-packages/airflow/example_dags/example_dag_decorator.py for tasks to queue
[2021-05-08 01:08:58,336] {logging_mixin.py:104} INFO - [2021-05-08 01:08:58,336] {dagbag.py:451} INFO - Filling up the DagBag from /home/navneetsajwan/airflow/etl/lib/python3.8/site-packages/airflow/example_dags/example_dag_decorator.py
[2021-05-08 01:08:58,434] {scheduler_job.py:639} INFO - DAG(s) dict_keys(['example_dag_decorator']) retrieved from /home/navneetsajwan/airflow/etl/lib/python3.8/site-packages/airflow/example_dags/example_dag_decorator.py
[2021-05-08 01:08:58,508] {logging_mixin.py:104} INFO - [2021-05-08 01:08:58,508] {dag.py:1824} INFO - Sync 1 DAGs
[2021-05-08 01:08:58,565] {logging_mixin.py:104} INFO - [2021-05-08 01:08:58,565] {dag.py:2280} INFO - Setting next_dagrun for example_dag_decorator to None
[2021-05-08 01:08:59,053] {scheduler_job.py:190} INFO - Processing /home/navneetsajwan/airflow/etl/lib/python3.8/site-packages/airflow/example_dags/example_dag_decorator.py took 0.741 seconds
[2021-05-08 01:09:33,216] {scheduler_job.py:182} INFO - Started process (PID=442300) to work on /home/navneetsajwan/airflow/etl/lib/python3.8/site-packages/airflow/example_dags/example_dag_decorator.py
[2021-05-08 01:09:33,218] {scheduler_job.py:629} INFO - Processing file /home/navneetsajwan/airflow/etl/lib/python3.8/site-packages/airflow/example_dags/example_dag_decorator.py for tasks to queue
[2021-05-08 01:09:33,219] {logging_mixin.py:104} INFO - [2021-05-08 01:09:33,219] {dagbag.py:451} INFO - Filling up the DagBag from /home/navneetsajwan/airflow/etl/lib/python3.8/site-packages/airflow/example_dags/example_dag_decorator.py
[2021-05-08 01:09:33,247] {scheduler_job.py:639} INFO - DAG(s) dict_keys(['example_dag_decorator']) retrieved from /home/navneetsajwan/airflow/etl/lib/python3.8/site-packages/airflow/example_dags/example_dag_decorator.py
[2021-05-08 01:09:33,296] {logging_mixin.py:104} INFO - [2021-05-08 01:09:33,296] {dag.py:1824} INFO - Sync 1 DAGs
[2021-05-08 01:09:33,322] {logging_mixin.py:104} INFO - [2021-05-08 01:09:33,322] {dag.py:2280} INFO - Setting next_dagrun for example_dag_decorator to None
[2021-05-08 01:09:33,454] {scheduler_job.py:190} INFO - Processing /home/navneetsajwan/airflow/etl/lib/python3.8/site-packages/airflow/example_dags/example_dag_decorator.py took 0.242 seconds
[2021-05-08 01:10:06,200] {scheduler_job.py:182} INFO - Started process (PID=442770) to work on /home/navneetsajwan/airflow/etl/lib/python3.8/site-packages/airflow/example_dags/example_dag_decorator.py
[2021-05-08 01:10:06,204] {scheduler_job.py:629} INFO - Processing file /home/navneetsajwan/airflow/etl/lib/python3.8/site-packages/airflow/example_dags/example_dag_decorator.py for tasks to queue
[2021-05-08 01:10:06,205] {logging_mixin.py:104} INFO - [2021-05-08 01:10:06,205] {dagbag.py:451} INFO - Filling up the DagBag from /home/navneetsajwan/airflow/etl/lib/python3.8/site-packages/airflow/example_dags/example_dag_decorator.py
[2021-05-08 01:10:06,260] {scheduler_job.py:639} INFO - DAG(s) dict_keys(['example_dag_decorator']) retrieved from /home/navneetsajwan/airflow/etl/lib/python3.8/site-packages/airflow/example_dags/example_dag_decorator.py
[2021-05-08 01:10:06,284] {logging_mixin.py:104} INFO - [2021-05-08 01:10:06,284] {dag.py:1824} INFO - Sync 1 DAGs
[2021-05-08 01:10:06,310] {logging_mixin.py:104} INFO - [2021-05-08 01:10:06,310] {dag.py:2280} INFO - Setting next_dagrun for example_dag_decorator to None
[2021-05-08 01:10:06,484] {scheduler_job.py:190} INFO - Processing /home/navneetsajwan/airflow/etl/lib/python3.8/site-packages/airflow/example_dags/example_dag_decorator.py took 0.295 seconds
[2021-05-08 01:10:45,484] {scheduler_job.py:182} INFO - Started process (PID=443626) to work on /home/navneetsajwan/airflow/etl/lib/python3.8/site-packages/airflow/example_dags/example_dag_decorator.py
[2021-05-08 01:10:45,485] {scheduler_job.py:629} INFO - Processing file /home/navneetsajwan/airflow/etl/lib/python3.8/site-packages/airflow/example_dags/example_dag_decorator.py for tasks to queue
[2021-05-08 01:10:45,486] {logging_mixin.py:104} INFO - [2021-05-08 01:10:45,486] {dagbag.py:451} INFO - Filling up the DagBag from /home/navneetsajwan/airflow/etl/lib/python3.8/site-packages/airflow/example_dags/example_dag_decorator.py
[2021-05-08 01:10:45,508] {scheduler_job.py:639} INFO - DAG(s) dict_keys(['example_dag_decorator']) retrieved from /home/navneetsajwan/airflow/etl/lib/python3.8/site-packages/airflow/example_dags/example_dag_decorator.py
[2021-05-08 01:10:45,533] {logging_mixin.py:104} INFO - [2021-05-08 01:10:45,533] {dag.py:1824} INFO - Sync 1 DAGs
[2021-05-08 01:10:45,551] {logging_mixin.py:104} INFO - [2021-05-08 01:10:45,551] {dag.py:2280} INFO - Setting next_dagrun for example_dag_decorator to None
[2021-05-08 01:10:45,648] {scheduler_job.py:190} INFO - Processing /home/navneetsajwan/airflow/etl/lib/python3.8/site-packages/airflow/example_dags/example_dag_decorator.py took 0.168 seconds
[2021-05-08 01:11:18,932] {scheduler_job.py:182} INFO - Started process (PID=444106) to work on /home/navneetsajwan/airflow/etl/lib/python3.8/site-packages/airflow/example_dags/example_dag_decorator.py
[2021-05-08 01:11:18,934] {scheduler_job.py:629} INFO - Processing file /home/navneetsajwan/airflow/etl/lib/python3.8/site-packages/airflow/example_dags/example_dag_decorator.py for tasks to queue
[2021-05-08 01:11:18,935] {logging_mixin.py:104} INFO - [2021-05-08 01:11:18,935] {dagbag.py:451} INFO - Filling up the DagBag from /home/navneetsajwan/airflow/etl/lib/python3.8/site-packages/airflow/example_dags/example_dag_decorator.py
[2021-05-08 01:11:18,965] {scheduler_job.py:639} INFO - DAG(s) dict_keys(['example_dag_decorator']) retrieved from /home/navneetsajwan/airflow/etl/lib/python3.8/site-packages/airflow/example_dags/example_dag_decorator.py
[2021-05-08 01:11:19,008] {logging_mixin.py:104} INFO - [2021-05-08 01:11:19,008] {dag.py:1824} INFO - Sync 1 DAGs
[2021-05-08 01:11:19,044] {logging_mixin.py:104} INFO - [2021-05-08 01:11:19,043] {dag.py:2280} INFO - Setting next_dagrun for example_dag_decorator to None
[2021-05-08 01:11:19,186] {scheduler_job.py:190} INFO - Processing /home/navneetsajwan/airflow/etl/lib/python3.8/site-packages/airflow/example_dags/example_dag_decorator.py took 0.260 seconds
[2021-05-08 01:15:06,207] {scheduler_job.py:182} INFO - Started process (PID=447817) to work on /home/navneetsajwan/airflow/etl/lib/python3.8/site-packages/airflow/example_dags/example_dag_decorator.py
[2021-05-08 01:15:06,210] {scheduler_job.py:629} INFO - Processing file /home/navneetsajwan/airflow/etl/lib/python3.8/site-packages/airflow/example_dags/example_dag_decorator.py for tasks to queue
[2021-05-08 01:15:06,211] {logging_mixin.py:104} INFO - [2021-05-08 01:15:06,211] {dagbag.py:451} INFO - Filling up the DagBag from /home/navneetsajwan/airflow/etl/lib/python3.8/site-packages/airflow/example_dags/example_dag_decorator.py
[2021-05-08 01:15:06,232] {scheduler_job.py:639} INFO - DAG(s) dict_keys(['example_dag_decorator']) retrieved from /home/navneetsajwan/airflow/etl/lib/python3.8/site-packages/airflow/example_dags/example_dag_decorator.py
[2021-05-08 01:15:06,257] {logging_mixin.py:104} INFO - [2021-05-08 01:15:06,257] {dag.py:1824} INFO - Sync 1 DAGs
[2021-05-08 01:15:06,271] {logging_mixin.py:104} INFO - [2021-05-08 01:15:06,271] {dag.py:2280} INFO - Setting next_dagrun for example_dag_decorator to None
[2021-05-08 01:15:06,369] {scheduler_job.py:190} INFO - Processing /home/navneetsajwan/airflow/etl/lib/python3.8/site-packages/airflow/example_dags/example_dag_decorator.py took 0.166 seconds
[2021-05-08 01:15:39,209] {scheduler_job.py:182} INFO - Started process (PID=448300) to work on /home/navneetsajwan/airflow/etl/lib/python3.8/site-packages/airflow/example_dags/example_dag_decorator.py
[2021-05-08 01:15:39,212] {scheduler_job.py:629} INFO - Processing file /home/navneetsajwan/airflow/etl/lib/python3.8/site-packages/airflow/example_dags/example_dag_decorator.py for tasks to queue
[2021-05-08 01:15:39,213] {logging_mixin.py:104} INFO - [2021-05-08 01:15:39,212] {dagbag.py:451} INFO - Filling up the DagBag from /home/navneetsajwan/airflow/etl/lib/python3.8/site-packages/airflow/example_dags/example_dag_decorator.py
[2021-05-08 01:15:39,230] {scheduler_job.py:639} INFO - DAG(s) dict_keys(['example_dag_decorator']) retrieved from /home/navneetsajwan/airflow/etl/lib/python3.8/site-packages/airflow/example_dags/example_dag_decorator.py
[2021-05-08 01:15:39,259] {logging_mixin.py:104} INFO - [2021-05-08 01:15:39,258] {dag.py:1824} INFO - Sync 1 DAGs
[2021-05-08 01:15:39,276] {logging_mixin.py:104} INFO - [2021-05-08 01:15:39,275] {dag.py:2280} INFO - Setting next_dagrun for example_dag_decorator to None
[2021-05-08 01:15:39,540] {scheduler_job.py:190} INFO - Processing /home/navneetsajwan/airflow/etl/lib/python3.8/site-packages/airflow/example_dags/example_dag_decorator.py took 0.336 seconds
[2021-05-08 01:16:15,391] {scheduler_job.py:182} INFO - Started process (PID=449134) to work on /home/navneetsajwan/airflow/etl/lib/python3.8/site-packages/airflow/example_dags/example_dag_decorator.py
[2021-05-08 01:16:15,392] {scheduler_job.py:629} INFO - Processing file /home/navneetsajwan/airflow/etl/lib/python3.8/site-packages/airflow/example_dags/example_dag_decorator.py for tasks to queue
[2021-05-08 01:16:15,393] {logging_mixin.py:104} INFO - [2021-05-08 01:16:15,393] {dagbag.py:451} INFO - Filling up the DagBag from /home/navneetsajwan/airflow/etl/lib/python3.8/site-packages/airflow/example_dags/example_dag_decorator.py
[2021-05-08 01:16:15,408] {scheduler_job.py:639} INFO - DAG(s) dict_keys(['example_dag_decorator']) retrieved from /home/navneetsajwan/airflow/etl/lib/python3.8/site-packages/airflow/example_dags/example_dag_decorator.py
[2021-05-08 01:16:15,432] {logging_mixin.py:104} INFO - [2021-05-08 01:16:15,432] {dag.py:1824} INFO - Sync 1 DAGs
[2021-05-08 01:16:15,443] {logging_mixin.py:104} INFO - [2021-05-08 01:16:15,443] {dag.py:2280} INFO - Setting next_dagrun for example_dag_decorator to None
[2021-05-08 01:16:15,549] {scheduler_job.py:190} INFO - Processing /home/navneetsajwan/airflow/etl/lib/python3.8/site-packages/airflow/example_dags/example_dag_decorator.py took 0.161 seconds
[2021-05-08 01:16:54,342] {scheduler_job.py:182} INFO - Started process (PID=449701) to work on /home/navneetsajwan/airflow/etl/lib/python3.8/site-packages/airflow/example_dags/example_dag_decorator.py
[2021-05-08 01:16:54,343] {scheduler_job.py:629} INFO - Processing file /home/navneetsajwan/airflow/etl/lib/python3.8/site-packages/airflow/example_dags/example_dag_decorator.py for tasks to queue
[2021-05-08 01:16:54,344] {logging_mixin.py:104} INFO - [2021-05-08 01:16:54,344] {dagbag.py:451} INFO - Filling up the DagBag from /home/navneetsajwan/airflow/etl/lib/python3.8/site-packages/airflow/example_dags/example_dag_decorator.py
[2021-05-08 01:16:54,363] {scheduler_job.py:639} INFO - DAG(s) dict_keys(['example_dag_decorator']) retrieved from /home/navneetsajwan/airflow/etl/lib/python3.8/site-packages/airflow/example_dags/example_dag_decorator.py
[2021-05-08 01:16:54,389] {logging_mixin.py:104} INFO - [2021-05-08 01:16:54,389] {dag.py:1824} INFO - Sync 1 DAGs
[2021-05-08 01:16:54,411] {logging_mixin.py:104} INFO - [2021-05-08 01:16:54,411] {dag.py:2280} INFO - Setting next_dagrun for example_dag_decorator to None
[2021-05-08 01:16:54,509] {scheduler_job.py:190} INFO - Processing /home/navneetsajwan/airflow/etl/lib/python3.8/site-packages/airflow/example_dags/example_dag_decorator.py took 0.172 seconds
[2021-05-08 01:17:42,403] {scheduler_job.py:182} INFO - Started process (PID=450736) to work on /home/navneetsajwan/airflow/etl/lib/python3.8/site-packages/airflow/example_dags/example_dag_decorator.py
[2021-05-08 01:17:42,405] {scheduler_job.py:629} INFO - Processing file /home/navneetsajwan/airflow/etl/lib/python3.8/site-packages/airflow/example_dags/example_dag_decorator.py for tasks to queue
[2021-05-08 01:17:42,415] {logging_mixin.py:104} INFO - [2021-05-08 01:17:42,415] {dagbag.py:451} INFO - Filling up the DagBag from /home/navneetsajwan/airflow/etl/lib/python3.8/site-packages/airflow/example_dags/example_dag_decorator.py
[2021-05-08 01:17:42,491] {scheduler_job.py:639} INFO - DAG(s) dict_keys(['example_dag_decorator']) retrieved from /home/navneetsajwan/airflow/etl/lib/python3.8/site-packages/airflow/example_dags/example_dag_decorator.py
[2021-05-08 01:17:42,556] {logging_mixin.py:104} INFO - [2021-05-08 01:17:42,555] {dag.py:1824} INFO - Sync 1 DAGs
[2021-05-08 01:17:42,569] {logging_mixin.py:104} INFO - [2021-05-08 01:17:42,569] {dag.py:2280} INFO - Setting next_dagrun for example_dag_decorator to None
[2021-05-08 01:17:42,655] {scheduler_job.py:190} INFO - Processing /home/navneetsajwan/airflow/etl/lib/python3.8/site-packages/airflow/example_dags/example_dag_decorator.py took 0.276 seconds
[2021-05-08 01:18:12,995] {scheduler_job.py:182} INFO - Started process (PID=451187) to work on /home/navneetsajwan/airflow/etl/lib/python3.8/site-packages/airflow/example_dags/example_dag_decorator.py
[2021-05-08 01:18:12,997] {scheduler_job.py:629} INFO - Processing file /home/navneetsajwan/airflow/etl/lib/python3.8/site-packages/airflow/example_dags/example_dag_decorator.py for tasks to queue
[2021-05-08 01:18:12,998] {logging_mixin.py:104} INFO - [2021-05-08 01:18:12,997] {dagbag.py:451} INFO - Filling up the DagBag from /home/navneetsajwan/airflow/etl/lib/python3.8/site-packages/airflow/example_dags/example_dag_decorator.py
[2021-05-08 01:18:13,008] {scheduler_job.py:639} INFO - DAG(s) dict_keys(['example_dag_decorator']) retrieved from /home/navneetsajwan/airflow/etl/lib/python3.8/site-packages/airflow/example_dags/example_dag_decorator.py
[2021-05-08 01:18:13,033] {logging_mixin.py:104} INFO - [2021-05-08 01:18:13,033] {dag.py:1824} INFO - Sync 1 DAGs
[2021-05-08 01:18:13,054] {logging_mixin.py:104} INFO - [2021-05-08 01:18:13,054] {dag.py:2280} INFO - Setting next_dagrun for example_dag_decorator to None
[2021-05-08 01:18:13,143] {scheduler_job.py:190} INFO - Processing /home/navneetsajwan/airflow/etl/lib/python3.8/site-packages/airflow/example_dags/example_dag_decorator.py took 0.151 seconds
[2021-05-08 01:18:46,296] {scheduler_job.py:182} INFO - Started process (PID=451676) to work on /home/navneetsajwan/airflow/etl/lib/python3.8/site-packages/airflow/example_dags/example_dag_decorator.py
[2021-05-08 01:18:46,298] {scheduler_job.py:629} INFO - Processing file /home/navneetsajwan/airflow/etl/lib/python3.8/site-packages/airflow/example_dags/example_dag_decorator.py for tasks to queue
[2021-05-08 01:18:46,299] {logging_mixin.py:104} INFO - [2021-05-08 01:18:46,299] {dagbag.py:451} INFO - Filling up the DagBag from /home/navneetsajwan/airflow/etl/lib/python3.8/site-packages/airflow/example_dags/example_dag_decorator.py
[2021-05-08 01:18:46,322] {scheduler_job.py:639} INFO - DAG(s) dict_keys(['example_dag_decorator']) retrieved from /home/navneetsajwan/airflow/etl/lib/python3.8/site-packages/airflow/example_dags/example_dag_decorator.py
[2021-05-08 01:18:46,361] {logging_mixin.py:104} INFO - [2021-05-08 01:18:46,360] {dag.py:1824} INFO - Sync 1 DAGs
[2021-05-08 01:18:46,383] {logging_mixin.py:104} INFO - [2021-05-08 01:18:46,382] {dag.py:2280} INFO - Setting next_dagrun for example_dag_decorator to None
[2021-05-08 01:18:46,481] {scheduler_job.py:190} INFO - Processing /home/navneetsajwan/airflow/etl/lib/python3.8/site-packages/airflow/example_dags/example_dag_decorator.py took 0.191 seconds
[2021-05-08 01:19:22,285] {scheduler_job.py:182} INFO - Started process (PID=452522) to work on /home/navneetsajwan/airflow/etl/lib/python3.8/site-packages/airflow/example_dags/example_dag_decorator.py
[2021-05-08 01:19:22,287] {scheduler_job.py:629} INFO - Processing file /home/navneetsajwan/airflow/etl/lib/python3.8/site-packages/airflow/example_dags/example_dag_decorator.py for tasks to queue
[2021-05-08 01:19:22,287] {logging_mixin.py:104} INFO - [2021-05-08 01:19:22,287] {dagbag.py:451} INFO - Filling up the DagBag from /home/navneetsajwan/airflow/etl/lib/python3.8/site-packages/airflow/example_dags/example_dag_decorator.py
[2021-05-08 01:19:22,302] {scheduler_job.py:639} INFO - DAG(s) dict_keys(['example_dag_decorator']) retrieved from /home/navneetsajwan/airflow/etl/lib/python3.8/site-packages/airflow/example_dags/example_dag_decorator.py
[2021-05-08 01:19:22,333] {logging_mixin.py:104} INFO - [2021-05-08 01:19:22,333] {dag.py:1824} INFO - Sync 1 DAGs
[2021-05-08 01:19:22,355] {logging_mixin.py:104} INFO - [2021-05-08 01:19:22,355] {dag.py:2280} INFO - Setting next_dagrun for example_dag_decorator to None
[2021-05-08 01:19:22,479] {scheduler_job.py:190} INFO - Processing /home/navneetsajwan/airflow/etl/lib/python3.8/site-packages/airflow/example_dags/example_dag_decorator.py took 0.198 seconds
[2021-05-08 01:19:57,189] {scheduler_job.py:182} INFO - Started process (PID=452998) to work on /home/navneetsajwan/airflow/etl/lib/python3.8/site-packages/airflow/example_dags/example_dag_decorator.py
[2021-05-08 01:19:57,193] {scheduler_job.py:629} INFO - Processing file /home/navneetsajwan/airflow/etl/lib/python3.8/site-packages/airflow/example_dags/example_dag_decorator.py for tasks to queue
[2021-05-08 01:19:57,196] {logging_mixin.py:104} INFO - [2021-05-08 01:19:57,196] {dagbag.py:451} INFO - Filling up the DagBag from /home/navneetsajwan/airflow/etl/lib/python3.8/site-packages/airflow/example_dags/example_dag_decorator.py
[2021-05-08 01:19:57,240] {scheduler_job.py:639} INFO - DAG(s) dict_keys(['example_dag_decorator']) retrieved from /home/navneetsajwan/airflow/etl/lib/python3.8/site-packages/airflow/example_dags/example_dag_decorator.py
[2021-05-08 01:19:57,324] {logging_mixin.py:104} INFO - [2021-05-08 01:19:57,324] {dag.py:1824} INFO - Sync 1 DAGs
[2021-05-08 01:19:57,379] {logging_mixin.py:104} INFO - [2021-05-08 01:19:57,379] {dag.py:2280} INFO - Setting next_dagrun for example_dag_decorator to None
[2021-05-08 01:19:57,576] {scheduler_job.py:190} INFO - Processing /home/navneetsajwan/airflow/etl/lib/python3.8/site-packages/airflow/example_dags/example_dag_decorator.py took 0.395 seconds
[2021-05-08 01:20:52,609] {scheduler_job.py:182} INFO - Started process (PID=454110) to work on /home/navneetsajwan/airflow/etl/lib/python3.8/site-packages/airflow/example_dags/example_dag_decorator.py
[2021-05-08 01:20:52,622] {scheduler_job.py:629} INFO - Processing file /home/navneetsajwan/airflow/etl/lib/python3.8/site-packages/airflow/example_dags/example_dag_decorator.py for tasks to queue
[2021-05-08 01:20:52,631] {logging_mixin.py:104} INFO - [2021-05-08 01:20:52,623] {dagbag.py:451} INFO - Filling up the DagBag from /home/navneetsajwan/airflow/etl/lib/python3.8/site-packages/airflow/example_dags/example_dag_decorator.py
[2021-05-08 01:20:52,680] {scheduler_job.py:639} INFO - DAG(s) dict_keys(['example_dag_decorator']) retrieved from /home/navneetsajwan/airflow/etl/lib/python3.8/site-packages/airflow/example_dags/example_dag_decorator.py
[2021-05-08 01:20:52,775] {logging_mixin.py:104} INFO - [2021-05-08 01:20:52,775] {dag.py:1824} INFO - Sync 1 DAGs
[2021-05-08 01:20:52,829] {logging_mixin.py:104} INFO - [2021-05-08 01:20:52,829] {dag.py:2280} INFO - Setting next_dagrun for example_dag_decorator to None
[2021-05-08 01:20:52,990] {scheduler_job.py:190} INFO - Processing /home/navneetsajwan/airflow/etl/lib/python3.8/site-packages/airflow/example_dags/example_dag_decorator.py took 0.405 seconds
[2021-05-08 01:21:25,176] {scheduler_job.py:182} INFO - Started process (PID=454584) to work on /home/navneetsajwan/airflow/etl/lib/python3.8/site-packages/airflow/example_dags/example_dag_decorator.py
[2021-05-08 01:21:25,182] {scheduler_job.py:629} INFO - Processing file /home/navneetsajwan/airflow/etl/lib/python3.8/site-packages/airflow/example_dags/example_dag_decorator.py for tasks to queue
[2021-05-08 01:21:25,183] {logging_mixin.py:104} INFO - [2021-05-08 01:21:25,183] {dagbag.py:451} INFO - Filling up the DagBag from /home/navneetsajwan/airflow/etl/lib/python3.8/site-packages/airflow/example_dags/example_dag_decorator.py
[2021-05-08 01:21:25,207] {scheduler_job.py:639} INFO - DAG(s) dict_keys(['example_dag_decorator']) retrieved from /home/navneetsajwan/airflow/etl/lib/python3.8/site-packages/airflow/example_dags/example_dag_decorator.py
[2021-05-08 01:21:25,338] {logging_mixin.py:104} INFO - [2021-05-08 01:21:25,338] {dag.py:1824} INFO - Sync 1 DAGs
[2021-05-08 01:21:25,363] {logging_mixin.py:104} INFO - [2021-05-08 01:21:25,363] {dag.py:2280} INFO - Setting next_dagrun for example_dag_decorator to None
[2021-05-08 01:21:25,697] {scheduler_job.py:190} INFO - Processing /home/navneetsajwan/airflow/etl/lib/python3.8/site-packages/airflow/example_dags/example_dag_decorator.py took 0.525 seconds
[2021-05-08 01:22:03,675] {scheduler_job.py:182} INFO - Started process (PID=455123) to work on /home/navneetsajwan/airflow/etl/lib/python3.8/site-packages/airflow/example_dags/example_dag_decorator.py
[2021-05-08 01:22:03,677] {scheduler_job.py:629} INFO - Processing file /home/navneetsajwan/airflow/etl/lib/python3.8/site-packages/airflow/example_dags/example_dag_decorator.py for tasks to queue
[2021-05-08 01:22:03,677] {logging_mixin.py:104} INFO - [2021-05-08 01:22:03,677] {dagbag.py:451} INFO - Filling up the DagBag from /home/navneetsajwan/airflow/etl/lib/python3.8/site-packages/airflow/example_dags/example_dag_decorator.py
[2021-05-08 01:22:03,695] {scheduler_job.py:639} INFO - DAG(s) dict_keys(['example_dag_decorator']) retrieved from /home/navneetsajwan/airflow/etl/lib/python3.8/site-packages/airflow/example_dags/example_dag_decorator.py
[2021-05-08 01:22:03,727] {logging_mixin.py:104} INFO - [2021-05-08 01:22:03,727] {dag.py:1824} INFO - Sync 1 DAGs
[2021-05-08 01:22:03,747] {logging_mixin.py:104} INFO - [2021-05-08 01:22:03,746] {dag.py:2280} INFO - Setting next_dagrun for example_dag_decorator to None
[2021-05-08 01:22:03,884] {scheduler_job.py:190} INFO - Processing /home/navneetsajwan/airflow/etl/lib/python3.8/site-packages/airflow/example_dags/example_dag_decorator.py took 0.213 seconds
[2021-05-08 01:22:47,602] {scheduler_job.py:182} INFO - Started process (PID=456051) to work on /home/navneetsajwan/airflow/etl/lib/python3.8/site-packages/airflow/example_dags/example_dag_decorator.py
[2021-05-08 01:22:47,604] {scheduler_job.py:629} INFO - Processing file /home/navneetsajwan/airflow/etl/lib/python3.8/site-packages/airflow/example_dags/example_dag_decorator.py for tasks to queue
[2021-05-08 01:22:47,605] {logging_mixin.py:104} INFO - [2021-05-08 01:22:47,605] {dagbag.py:451} INFO - Filling up the DagBag from /home/navneetsajwan/airflow/etl/lib/python3.8/site-packages/airflow/example_dags/example_dag_decorator.py
[2021-05-08 01:22:47,620] {scheduler_job.py:639} INFO - DAG(s) dict_keys(['example_dag_decorator']) retrieved from /home/navneetsajwan/airflow/etl/lib/python3.8/site-packages/airflow/example_dags/example_dag_decorator.py
[2021-05-08 01:22:47,648] {logging_mixin.py:104} INFO - [2021-05-08 01:22:47,647] {dag.py:1824} INFO - Sync 1 DAGs
[2021-05-08 01:22:47,667] {logging_mixin.py:104} INFO - [2021-05-08 01:22:47,667] {dag.py:2280} INFO - Setting next_dagrun for example_dag_decorator to None
[2021-05-08 01:22:47,752] {scheduler_job.py:190} INFO - Processing /home/navneetsajwan/airflow/etl/lib/python3.8/site-packages/airflow/example_dags/example_dag_decorator.py took 0.154 seconds
[2021-05-08 01:23:21,186] {scheduler_job.py:182} INFO - Started process (PID=456509) to work on /home/navneetsajwan/airflow/etl/lib/python3.8/site-packages/airflow/example_dags/example_dag_decorator.py
[2021-05-08 01:23:21,188] {scheduler_job.py:629} INFO - Processing file /home/navneetsajwan/airflow/etl/lib/python3.8/site-packages/airflow/example_dags/example_dag_decorator.py for tasks to queue
[2021-05-08 01:23:21,191] {logging_mixin.py:104} INFO - [2021-05-08 01:23:21,190] {dagbag.py:451} INFO - Filling up the DagBag from /home/navneetsajwan/airflow/etl/lib/python3.8/site-packages/airflow/example_dags/example_dag_decorator.py
[2021-05-08 01:23:21,204] {scheduler_job.py:639} INFO - DAG(s) dict_keys(['example_dag_decorator']) retrieved from /home/navneetsajwan/airflow/etl/lib/python3.8/site-packages/airflow/example_dags/example_dag_decorator.py
[2021-05-08 01:23:21,223] {logging_mixin.py:104} INFO - [2021-05-08 01:23:21,223] {dag.py:1824} INFO - Sync 1 DAGs
[2021-05-08 01:23:21,235] {logging_mixin.py:104} INFO - [2021-05-08 01:23:21,235] {dag.py:2280} INFO - Setting next_dagrun for example_dag_decorator to None
[2021-05-08 01:23:21,353] {scheduler_job.py:190} INFO - Processing /home/navneetsajwan/airflow/etl/lib/python3.8/site-packages/airflow/example_dags/example_dag_decorator.py took 0.171 seconds
[2021-05-08 01:23:57,216] {scheduler_job.py:182} INFO - Started process (PID=457019) to work on /home/navneetsajwan/airflow/etl/lib/python3.8/site-packages/airflow/example_dags/example_dag_decorator.py
[2021-05-08 01:23:57,218] {scheduler_job.py:629} INFO - Processing file /home/navneetsajwan/airflow/etl/lib/python3.8/site-packages/airflow/example_dags/example_dag_decorator.py for tasks to queue
[2021-05-08 01:23:57,219] {logging_mixin.py:104} INFO - [2021-05-08 01:23:57,219] {dagbag.py:451} INFO - Filling up the DagBag from /home/navneetsajwan/airflow/etl/lib/python3.8/site-packages/airflow/example_dags/example_dag_decorator.py
[2021-05-08 01:23:57,293] {scheduler_job.py:639} INFO - DAG(s) dict_keys(['example_dag_decorator']) retrieved from /home/navneetsajwan/airflow/etl/lib/python3.8/site-packages/airflow/example_dags/example_dag_decorator.py
[2021-05-08 01:23:57,338] {logging_mixin.py:104} INFO - [2021-05-08 01:23:57,338] {dag.py:1824} INFO - Sync 1 DAGs
[2021-05-08 01:23:57,362] {logging_mixin.py:104} INFO - [2021-05-08 01:23:57,362] {dag.py:2280} INFO - Setting next_dagrun for example_dag_decorator to None
[2021-05-08 01:23:57,616] {scheduler_job.py:190} INFO - Processing /home/navneetsajwan/airflow/etl/lib/python3.8/site-packages/airflow/example_dags/example_dag_decorator.py took 0.464 seconds
[2021-05-08 01:24:47,326] {scheduler_job.py:182} INFO - Started process (PID=458068) to work on /home/navneetsajwan/airflow/etl/lib/python3.8/site-packages/airflow/example_dags/example_dag_decorator.py
[2021-05-08 01:24:47,328] {scheduler_job.py:629} INFO - Processing file /home/navneetsajwan/airflow/etl/lib/python3.8/site-packages/airflow/example_dags/example_dag_decorator.py for tasks to queue
[2021-05-08 01:24:47,328] {logging_mixin.py:104} INFO - [2021-05-08 01:24:47,328] {dagbag.py:451} INFO - Filling up the DagBag from /home/navneetsajwan/airflow/etl/lib/python3.8/site-packages/airflow/example_dags/example_dag_decorator.py
[2021-05-08 01:24:47,348] {scheduler_job.py:639} INFO - DAG(s) dict_keys(['example_dag_decorator']) retrieved from /home/navneetsajwan/airflow/etl/lib/python3.8/site-packages/airflow/example_dags/example_dag_decorator.py
[2021-05-08 01:24:47,387] {logging_mixin.py:104} INFO - [2021-05-08 01:24:47,387] {dag.py:1824} INFO - Sync 1 DAGs
[2021-05-08 01:24:47,496] {logging_mixin.py:104} INFO - [2021-05-08 01:24:47,496] {dag.py:2280} INFO - Setting next_dagrun for example_dag_decorator to None
[2021-05-08 01:24:47,659] {scheduler_job.py:190} INFO - Processing /home/navneetsajwan/airflow/etl/lib/python3.8/site-packages/airflow/example_dags/example_dag_decorator.py took 0.343 seconds
[2021-05-08 01:26:06,226] {scheduler_job.py:182} INFO - Started process (PID=459594) to work on /home/navneetsajwan/airflow/etl/lib/python3.8/site-packages/airflow/example_dags/example_dag_decorator.py
[2021-05-08 01:26:06,236] {scheduler_job.py:629} INFO - Processing file /home/navneetsajwan/airflow/etl/lib/python3.8/site-packages/airflow/example_dags/example_dag_decorator.py for tasks to queue
[2021-05-08 01:26:06,237] {logging_mixin.py:104} INFO - [2021-05-08 01:26:06,237] {dagbag.py:451} INFO - Filling up the DagBag from /home/navneetsajwan/airflow/etl/lib/python3.8/site-packages/airflow/example_dags/example_dag_decorator.py
[2021-05-08 01:26:06,307] {scheduler_job.py:639} INFO - DAG(s) dict_keys(['example_dag_decorator']) retrieved from /home/navneetsajwan/airflow/etl/lib/python3.8/site-packages/airflow/example_dags/example_dag_decorator.py
[2021-05-08 01:26:06,380] {logging_mixin.py:104} INFO - [2021-05-08 01:26:06,380] {dag.py:1824} INFO - Sync 1 DAGs
[2021-05-08 01:26:06,456] {logging_mixin.py:104} INFO - [2021-05-08 01:26:06,456] {dag.py:2280} INFO - Setting next_dagrun for example_dag_decorator to None
[2021-05-08 01:26:06,648] {scheduler_job.py:190} INFO - Processing /home/navneetsajwan/airflow/etl/lib/python3.8/site-packages/airflow/example_dags/example_dag_decorator.py took 0.445 seconds
[2021-05-08 01:27:00,057] {scheduler_job.py:182} INFO - Started process (PID=460484) to work on /home/navneetsajwan/airflow/etl/lib/python3.8/site-packages/airflow/example_dags/example_dag_decorator.py
[2021-05-08 01:27:00,058] {scheduler_job.py:629} INFO - Processing file /home/navneetsajwan/airflow/etl/lib/python3.8/site-packages/airflow/example_dags/example_dag_decorator.py for tasks to queue
[2021-05-08 01:27:00,059] {logging_mixin.py:104} INFO - [2021-05-08 01:27:00,059] {dagbag.py:451} INFO - Filling up the DagBag from /home/navneetsajwan/airflow/etl/lib/python3.8/site-packages/airflow/example_dags/example_dag_decorator.py
[2021-05-08 01:27:00,124] {scheduler_job.py:639} INFO - DAG(s) dict_keys(['example_dag_decorator']) retrieved from /home/navneetsajwan/airflow/etl/lib/python3.8/site-packages/airflow/example_dags/example_dag_decorator.py
[2021-05-08 01:27:00,178] {logging_mixin.py:104} INFO - [2021-05-08 01:27:00,177] {dag.py:1824} INFO - Sync 1 DAGs
[2021-05-08 01:27:00,250] {logging_mixin.py:104} INFO - [2021-05-08 01:27:00,250] {dag.py:2280} INFO - Setting next_dagrun for example_dag_decorator to None
[2021-05-08 01:27:00,417] {scheduler_job.py:190} INFO - Processing /home/navneetsajwan/airflow/etl/lib/python3.8/site-packages/airflow/example_dags/example_dag_decorator.py took 0.385 seconds
[2021-05-08 01:28:10,256] {scheduler_job.py:182} INFO - Started process (PID=461820) to work on /home/navneetsajwan/airflow/etl/lib/python3.8/site-packages/airflow/example_dags/example_dag_decorator.py
[2021-05-08 01:28:10,257] {scheduler_job.py:629} INFO - Processing file /home/navneetsajwan/airflow/etl/lib/python3.8/site-packages/airflow/example_dags/example_dag_decorator.py for tasks to queue
[2021-05-08 01:28:10,258] {logging_mixin.py:104} INFO - [2021-05-08 01:28:10,258] {dagbag.py:451} INFO - Filling up the DagBag from /home/navneetsajwan/airflow/etl/lib/python3.8/site-packages/airflow/example_dags/example_dag_decorator.py
[2021-05-08 01:28:10,279] {scheduler_job.py:639} INFO - DAG(s) dict_keys(['example_dag_decorator']) retrieved from /home/navneetsajwan/airflow/etl/lib/python3.8/site-packages/airflow/example_dags/example_dag_decorator.py
[2021-05-08 01:28:10,311] {logging_mixin.py:104} INFO - [2021-05-08 01:28:10,311] {dag.py:1824} INFO - Sync 1 DAGs
[2021-05-08 01:28:10,333] {logging_mixin.py:104} INFO - [2021-05-08 01:28:10,333] {dag.py:2280} INFO - Setting next_dagrun for example_dag_decorator to None
[2021-05-08 01:28:10,722] {scheduler_job.py:190} INFO - Processing /home/navneetsajwan/airflow/etl/lib/python3.8/site-packages/airflow/example_dags/example_dag_decorator.py took 0.471 seconds
[2021-05-08 01:29:36,952] {scheduler_job.py:182} INFO - Started process (PID=463079) to work on /home/navneetsajwan/airflow/etl/lib/python3.8/site-packages/airflow/example_dags/example_dag_decorator.py
[2021-05-08 01:29:36,954] {scheduler_job.py:629} INFO - Processing file /home/navneetsajwan/airflow/etl/lib/python3.8/site-packages/airflow/example_dags/example_dag_decorator.py for tasks to queue
[2021-05-08 01:29:36,955] {logging_mixin.py:104} INFO - [2021-05-08 01:29:36,954] {dagbag.py:451} INFO - Filling up the DagBag from /home/navneetsajwan/airflow/etl/lib/python3.8/site-packages/airflow/example_dags/example_dag_decorator.py
[2021-05-08 01:29:36,971] {scheduler_job.py:639} INFO - DAG(s) dict_keys(['example_dag_decorator']) retrieved from /home/navneetsajwan/airflow/etl/lib/python3.8/site-packages/airflow/example_dags/example_dag_decorator.py
[2021-05-08 01:29:36,993] {logging_mixin.py:104} INFO - [2021-05-08 01:29:36,993] {dag.py:1824} INFO - Sync 1 DAGs
[2021-05-08 01:29:37,009] {logging_mixin.py:104} INFO - [2021-05-08 01:29:37,009] {dag.py:2280} INFO - Setting next_dagrun for example_dag_decorator to None
[2021-05-08 01:29:37,688] {scheduler_job.py:190} INFO - Processing /home/navneetsajwan/airflow/etl/lib/python3.8/site-packages/airflow/example_dags/example_dag_decorator.py took 0.740 seconds
[2021-05-08 01:30:23,442] {scheduler_job.py:182} INFO - Started process (PID=464054) to work on /home/navneetsajwan/airflow/etl/lib/python3.8/site-packages/airflow/example_dags/example_dag_decorator.py
[2021-05-08 01:30:23,444] {scheduler_job.py:629} INFO - Processing file /home/navneetsajwan/airflow/etl/lib/python3.8/site-packages/airflow/example_dags/example_dag_decorator.py for tasks to queue
[2021-05-08 01:30:23,452] {logging_mixin.py:104} INFO - [2021-05-08 01:30:23,452] {dagbag.py:451} INFO - Filling up the DagBag from /home/navneetsajwan/airflow/etl/lib/python3.8/site-packages/airflow/example_dags/example_dag_decorator.py
[2021-05-08 01:30:23,570] {scheduler_job.py:639} INFO - DAG(s) dict_keys(['example_dag_decorator']) retrieved from /home/navneetsajwan/airflow/etl/lib/python3.8/site-packages/airflow/example_dags/example_dag_decorator.py
[2021-05-08 01:30:23,729] {logging_mixin.py:104} INFO - [2021-05-08 01:30:23,729] {dag.py:1824} INFO - Sync 1 DAGs
[2021-05-08 01:30:23,853] {logging_mixin.py:104} INFO - [2021-05-08 01:30:23,853] {dag.py:2280} INFO - Setting next_dagrun for example_dag_decorator to None
[2021-05-08 01:30:24,202] {scheduler_job.py:190} INFO - Processing /home/navneetsajwan/airflow/etl/lib/python3.8/site-packages/airflow/example_dags/example_dag_decorator.py took 0.801 seconds
[2021-05-08 01:31:15,886] {scheduler_job.py:182} INFO - Started process (PID=464827) to work on /home/navneetsajwan/airflow/etl/lib/python3.8/site-packages/airflow/example_dags/example_dag_decorator.py
[2021-05-08 01:31:15,888] {scheduler_job.py:629} INFO - Processing file /home/navneetsajwan/airflow/etl/lib/python3.8/site-packages/airflow/example_dags/example_dag_decorator.py for tasks to queue
[2021-05-08 01:31:15,889] {logging_mixin.py:104} INFO - [2021-05-08 01:31:15,889] {dagbag.py:451} INFO - Filling up the DagBag from /home/navneetsajwan/airflow/etl/lib/python3.8/site-packages/airflow/example_dags/example_dag_decorator.py
[2021-05-08 01:31:15,919] {scheduler_job.py:639} INFO - DAG(s) dict_keys(['example_dag_decorator']) retrieved from /home/navneetsajwan/airflow/etl/lib/python3.8/site-packages/airflow/example_dags/example_dag_decorator.py
[2021-05-08 01:31:15,946] {logging_mixin.py:104} INFO - [2021-05-08 01:31:15,946] {dag.py:1824} INFO - Sync 1 DAGs
[2021-05-08 01:31:15,963] {logging_mixin.py:104} INFO - [2021-05-08 01:31:15,962] {dag.py:2280} INFO - Setting next_dagrun for example_dag_decorator to None
[2021-05-08 01:31:16,687] {scheduler_job.py:190} INFO - Processing /home/navneetsajwan/airflow/etl/lib/python3.8/site-packages/airflow/example_dags/example_dag_decorator.py took 0.805 seconds
[2021-05-08 01:32:19,030] {scheduler_job.py:182} INFO - Started process (PID=466079) to work on /home/navneetsajwan/airflow/etl/lib/python3.8/site-packages/airflow/example_dags/example_dag_decorator.py
[2021-05-08 01:32:19,032] {scheduler_job.py:629} INFO - Processing file /home/navneetsajwan/airflow/etl/lib/python3.8/site-packages/airflow/example_dags/example_dag_decorator.py for tasks to queue
[2021-05-08 01:32:19,032] {logging_mixin.py:104} INFO - [2021-05-08 01:32:19,032] {dagbag.py:451} INFO - Filling up the DagBag from /home/navneetsajwan/airflow/etl/lib/python3.8/site-packages/airflow/example_dags/example_dag_decorator.py
[2021-05-08 01:32:19,048] {scheduler_job.py:639} INFO - DAG(s) dict_keys(['example_dag_decorator']) retrieved from /home/navneetsajwan/airflow/etl/lib/python3.8/site-packages/airflow/example_dags/example_dag_decorator.py
[2021-05-08 01:32:19,071] {logging_mixin.py:104} INFO - [2021-05-08 01:32:19,070] {dag.py:1824} INFO - Sync 1 DAGs
[2021-05-08 01:32:19,085] {logging_mixin.py:104} INFO - [2021-05-08 01:32:19,084] {dag.py:2280} INFO - Setting next_dagrun for example_dag_decorator to None
[2021-05-08 01:32:19,179] {scheduler_job.py:190} INFO - Processing /home/navneetsajwan/airflow/etl/lib/python3.8/site-packages/airflow/example_dags/example_dag_decorator.py took 0.153 seconds
[2021-05-08 01:33:23,993] {scheduler_job.py:182} INFO - Started process (PID=467303) to work on /home/navneetsajwan/airflow/etl/lib/python3.8/site-packages/airflow/example_dags/example_dag_decorator.py
[2021-05-08 01:33:24,028] {scheduler_job.py:629} INFO - Processing file /home/navneetsajwan/airflow/etl/lib/python3.8/site-packages/airflow/example_dags/example_dag_decorator.py for tasks to queue
[2021-05-08 01:33:24,032] {logging_mixin.py:104} INFO - [2021-05-08 01:33:24,032] {dagbag.py:451} INFO - Filling up the DagBag from /home/navneetsajwan/airflow/etl/lib/python3.8/site-packages/airflow/example_dags/example_dag_decorator.py
[2021-05-08 01:33:24,051] {scheduler_job.py:639} INFO - DAG(s) dict_keys(['example_dag_decorator']) retrieved from /home/navneetsajwan/airflow/etl/lib/python3.8/site-packages/airflow/example_dags/example_dag_decorator.py
[2021-05-08 01:33:24,078] {logging_mixin.py:104} INFO - [2021-05-08 01:33:24,078] {dag.py:1824} INFO - Sync 1 DAGs
[2021-05-08 01:33:24,096] {logging_mixin.py:104} INFO - [2021-05-08 01:33:24,096] {dag.py:2280} INFO - Setting next_dagrun for example_dag_decorator to None
[2021-05-08 01:33:24,238] {scheduler_job.py:190} INFO - Processing /home/navneetsajwan/airflow/etl/lib/python3.8/site-packages/airflow/example_dags/example_dag_decorator.py took 0.249 seconds
[2021-05-08 01:34:13,164] {scheduler_job.py:182} INFO - Started process (PID=468013) to work on /home/navneetsajwan/airflow/etl/lib/python3.8/site-packages/airflow/example_dags/example_dag_decorator.py
[2021-05-08 01:34:13,166] {scheduler_job.py:629} INFO - Processing file /home/navneetsajwan/airflow/etl/lib/python3.8/site-packages/airflow/example_dags/example_dag_decorator.py for tasks to queue
[2021-05-08 01:34:13,167] {logging_mixin.py:104} INFO - [2021-05-08 01:34:13,167] {dagbag.py:451} INFO - Filling up the DagBag from /home/navneetsajwan/airflow/etl/lib/python3.8/site-packages/airflow/example_dags/example_dag_decorator.py
[2021-05-08 01:34:13,188] {scheduler_job.py:639} INFO - DAG(s) dict_keys(['example_dag_decorator']) retrieved from /home/navneetsajwan/airflow/etl/lib/python3.8/site-packages/airflow/example_dags/example_dag_decorator.py
[2021-05-08 01:34:13,218] {logging_mixin.py:104} INFO - [2021-05-08 01:34:13,218] {dag.py:1824} INFO - Sync 1 DAGs
[2021-05-08 01:34:13,266] {logging_mixin.py:104} INFO - [2021-05-08 01:34:13,265] {dag.py:2280} INFO - Setting next_dagrun for example_dag_decorator to None
[2021-05-08 01:34:13,446] {scheduler_job.py:190} INFO - Processing /home/navneetsajwan/airflow/etl/lib/python3.8/site-packages/airflow/example_dags/example_dag_decorator.py took 0.289 seconds
[2021-05-08 01:35:07,635] {scheduler_job.py:182} INFO - Started process (PID=469114) to work on /home/navneetsajwan/airflow/etl/lib/python3.8/site-packages/airflow/example_dags/example_dag_decorator.py
[2021-05-08 01:35:07,637] {scheduler_job.py:629} INFO - Processing file /home/navneetsajwan/airflow/etl/lib/python3.8/site-packages/airflow/example_dags/example_dag_decorator.py for tasks to queue
[2021-05-08 01:35:07,638] {logging_mixin.py:104} INFO - [2021-05-08 01:35:07,638] {dagbag.py:451} INFO - Filling up the DagBag from /home/navneetsajwan/airflow/etl/lib/python3.8/site-packages/airflow/example_dags/example_dag_decorator.py
[2021-05-08 01:35:07,653] {scheduler_job.py:639} INFO - DAG(s) dict_keys(['example_dag_decorator']) retrieved from /home/navneetsajwan/airflow/etl/lib/python3.8/site-packages/airflow/example_dags/example_dag_decorator.py
[2021-05-08 01:35:07,673] {logging_mixin.py:104} INFO - [2021-05-08 01:35:07,673] {dag.py:1824} INFO - Sync 1 DAGs
[2021-05-08 01:35:07,686] {logging_mixin.py:104} INFO - [2021-05-08 01:35:07,686] {dag.py:2280} INFO - Setting next_dagrun for example_dag_decorator to None
[2021-05-08 01:35:07,783] {scheduler_job.py:190} INFO - Processing /home/navneetsajwan/airflow/etl/lib/python3.8/site-packages/airflow/example_dags/example_dag_decorator.py took 0.151 seconds
[2021-05-08 01:35:59,473] {scheduler_job.py:182} INFO - Started process (PID=469904) to work on /home/navneetsajwan/airflow/etl/lib/python3.8/site-packages/airflow/example_dags/example_dag_decorator.py
[2021-05-08 01:35:59,475] {scheduler_job.py:629} INFO - Processing file /home/navneetsajwan/airflow/etl/lib/python3.8/site-packages/airflow/example_dags/example_dag_decorator.py for tasks to queue
[2021-05-08 01:35:59,476] {logging_mixin.py:104} INFO - [2021-05-08 01:35:59,476] {dagbag.py:451} INFO - Filling up the DagBag from /home/navneetsajwan/airflow/etl/lib/python3.8/site-packages/airflow/example_dags/example_dag_decorator.py
[2021-05-08 01:35:59,496] {scheduler_job.py:639} INFO - DAG(s) dict_keys(['example_dag_decorator']) retrieved from /home/navneetsajwan/airflow/etl/lib/python3.8/site-packages/airflow/example_dags/example_dag_decorator.py
[2021-05-08 01:35:59,518] {logging_mixin.py:104} INFO - [2021-05-08 01:35:59,518] {dag.py:1824} INFO - Sync 1 DAGs
[2021-05-08 01:35:59,536] {logging_mixin.py:104} INFO - [2021-05-08 01:35:59,536] {dag.py:2280} INFO - Setting next_dagrun for example_dag_decorator to None
[2021-05-08 01:35:59,641] {scheduler_job.py:190} INFO - Processing /home/navneetsajwan/airflow/etl/lib/python3.8/site-packages/airflow/example_dags/example_dag_decorator.py took 0.171 seconds
[2021-05-08 01:37:04,369] {scheduler_job.py:182} INFO - Started process (PID=471123) to work on /home/navneetsajwan/airflow/etl/lib/python3.8/site-packages/airflow/example_dags/example_dag_decorator.py
[2021-05-08 01:37:04,371] {scheduler_job.py:629} INFO - Processing file /home/navneetsajwan/airflow/etl/lib/python3.8/site-packages/airflow/example_dags/example_dag_decorator.py for tasks to queue
[2021-05-08 01:37:04,372] {logging_mixin.py:104} INFO - [2021-05-08 01:37:04,372] {dagbag.py:451} INFO - Filling up the DagBag from /home/navneetsajwan/airflow/etl/lib/python3.8/site-packages/airflow/example_dags/example_dag_decorator.py
[2021-05-08 01:37:04,389] {scheduler_job.py:639} INFO - DAG(s) dict_keys(['example_dag_decorator']) retrieved from /home/navneetsajwan/airflow/etl/lib/python3.8/site-packages/airflow/example_dags/example_dag_decorator.py
[2021-05-08 01:37:04,412] {logging_mixin.py:104} INFO - [2021-05-08 01:37:04,412] {dag.py:1824} INFO - Sync 1 DAGs
[2021-05-08 01:37:04,431] {logging_mixin.py:104} INFO - [2021-05-08 01:37:04,431] {dag.py:2280} INFO - Setting next_dagrun for example_dag_decorator to None
[2021-05-08 01:37:04,566] {scheduler_job.py:190} INFO - Processing /home/navneetsajwan/airflow/etl/lib/python3.8/site-packages/airflow/example_dags/example_dag_decorator.py took 0.200 seconds
[2021-05-08 01:37:53,105] {scheduler_job.py:182} INFO - Started process (PID=471833) to work on /home/navneetsajwan/airflow/etl/lib/python3.8/site-packages/airflow/example_dags/example_dag_decorator.py
[2021-05-08 01:37:53,107] {scheduler_job.py:629} INFO - Processing file /home/navneetsajwan/airflow/etl/lib/python3.8/site-packages/airflow/example_dags/example_dag_decorator.py for tasks to queue
[2021-05-08 01:37:53,107] {logging_mixin.py:104} INFO - [2021-05-08 01:37:53,107] {dagbag.py:451} INFO - Filling up the DagBag from /home/navneetsajwan/airflow/etl/lib/python3.8/site-packages/airflow/example_dags/example_dag_decorator.py
[2021-05-08 01:37:53,122] {scheduler_job.py:639} INFO - DAG(s) dict_keys(['example_dag_decorator']) retrieved from /home/navneetsajwan/airflow/etl/lib/python3.8/site-packages/airflow/example_dags/example_dag_decorator.py
[2021-05-08 01:37:53,141] {logging_mixin.py:104} INFO - [2021-05-08 01:37:53,141] {dag.py:1824} INFO - Sync 1 DAGs
[2021-05-08 01:37:53,155] {logging_mixin.py:104} INFO - [2021-05-08 01:37:53,154] {dag.py:2280} INFO - Setting next_dagrun for example_dag_decorator to None
[2021-05-08 01:37:53,281] {scheduler_job.py:190} INFO - Processing /home/navneetsajwan/airflow/etl/lib/python3.8/site-packages/airflow/example_dags/example_dag_decorator.py took 0.179 seconds
