[2021-05-08 01:07:08,724] {scheduler_job.py:182} INFO - Started process (PID=439932) to work on /home/navneetsajwan/airflow/etl/lib/python3.8/site-packages/airflow/example_dags/example_task_group.py
[2021-05-08 01:07:08,725] {scheduler_job.py:629} INFO - Processing file /home/navneetsajwan/airflow/etl/lib/python3.8/site-packages/airflow/example_dags/example_task_group.py for tasks to queue
[2021-05-08 01:07:08,726] {logging_mixin.py:104} INFO - [2021-05-08 01:07:08,726] {dagbag.py:451} INFO - Filling up the DagBag from /home/navneetsajwan/airflow/etl/lib/python3.8/site-packages/airflow/example_dags/example_task_group.py
[2021-05-08 01:07:08,740] {scheduler_job.py:639} INFO - DAG(s) dict_keys(['example_task_group']) retrieved from /home/navneetsajwan/airflow/etl/lib/python3.8/site-packages/airflow/example_dags/example_task_group.py
[2021-05-08 01:07:08,775] {logging_mixin.py:104} INFO - [2021-05-08 01:07:08,775] {dag.py:1824} INFO - Sync 1 DAGs
[2021-05-08 01:07:08,792] {logging_mixin.py:104} INFO - [2021-05-08 01:07:08,791] {dag.py:2280} INFO - Setting next_dagrun for example_task_group to 2021-05-05 00:00:00+00:00
[2021-05-08 01:07:08,946] {scheduler_job.py:190} INFO - Processing /home/navneetsajwan/airflow/etl/lib/python3.8/site-packages/airflow/example_dags/example_task_group.py took 0.227 seconds
[2021-05-08 01:07:45,070] {scheduler_job.py:182} INFO - Started process (PID=440448) to work on /home/navneetsajwan/airflow/etl/lib/python3.8/site-packages/airflow/example_dags/example_task_group.py
[2021-05-08 01:07:45,071] {scheduler_job.py:629} INFO - Processing file /home/navneetsajwan/airflow/etl/lib/python3.8/site-packages/airflow/example_dags/example_task_group.py for tasks to queue
[2021-05-08 01:07:45,072] {logging_mixin.py:104} INFO - [2021-05-08 01:07:45,072] {dagbag.py:451} INFO - Filling up the DagBag from /home/navneetsajwan/airflow/etl/lib/python3.8/site-packages/airflow/example_dags/example_task_group.py
[2021-05-08 01:07:45,084] {scheduler_job.py:639} INFO - DAG(s) dict_keys(['example_task_group']) retrieved from /home/navneetsajwan/airflow/etl/lib/python3.8/site-packages/airflow/example_dags/example_task_group.py
[2021-05-08 01:07:45,100] {logging_mixin.py:104} INFO - [2021-05-08 01:07:45,099] {dag.py:1824} INFO - Sync 1 DAGs
[2021-05-08 01:07:45,113] {logging_mixin.py:104} INFO - [2021-05-08 01:07:45,113] {dag.py:2280} INFO - Setting next_dagrun for example_task_group to 2021-05-05 00:00:00+00:00
[2021-05-08 01:07:45,272] {scheduler_job.py:190} INFO - Processing /home/navneetsajwan/airflow/etl/lib/python3.8/site-packages/airflow/example_dags/example_task_group.py took 0.206 seconds
[2021-05-08 01:08:22,610] {scheduler_job.py:182} INFO - Started process (PID=440892) to work on /home/navneetsajwan/airflow/etl/lib/python3.8/site-packages/airflow/example_dags/example_task_group.py
[2021-05-08 01:08:22,627] {scheduler_job.py:629} INFO - Processing file /home/navneetsajwan/airflow/etl/lib/python3.8/site-packages/airflow/example_dags/example_task_group.py for tasks to queue
[2021-05-08 01:08:22,628] {logging_mixin.py:104} INFO - [2021-05-08 01:08:22,628] {dagbag.py:451} INFO - Filling up the DagBag from /home/navneetsajwan/airflow/etl/lib/python3.8/site-packages/airflow/example_dags/example_task_group.py
[2021-05-08 01:08:22,677] {scheduler_job.py:639} INFO - DAG(s) dict_keys(['example_task_group']) retrieved from /home/navneetsajwan/airflow/etl/lib/python3.8/site-packages/airflow/example_dags/example_task_group.py
[2021-05-08 01:08:22,766] {logging_mixin.py:104} INFO - [2021-05-08 01:08:22,766] {dag.py:1824} INFO - Sync 1 DAGs
[2021-05-08 01:08:22,824] {logging_mixin.py:104} INFO - [2021-05-08 01:08:22,824] {dag.py:2280} INFO - Setting next_dagrun for example_task_group to 2021-05-05 00:00:00+00:00
[2021-05-08 01:08:22,999] {scheduler_job.py:190} INFO - Processing /home/navneetsajwan/airflow/etl/lib/python3.8/site-packages/airflow/example_dags/example_task_group.py took 0.405 seconds
[2021-05-08 01:09:12,148] {scheduler_job.py:182} INFO - Started process (PID=441945) to work on /home/navneetsajwan/airflow/etl/lib/python3.8/site-packages/airflow/example_dags/example_task_group.py
[2021-05-08 01:09:12,150] {scheduler_job.py:629} INFO - Processing file /home/navneetsajwan/airflow/etl/lib/python3.8/site-packages/airflow/example_dags/example_task_group.py for tasks to queue
[2021-05-08 01:09:12,151] {logging_mixin.py:104} INFO - [2021-05-08 01:09:12,151] {dagbag.py:451} INFO - Filling up the DagBag from /home/navneetsajwan/airflow/etl/lib/python3.8/site-packages/airflow/example_dags/example_task_group.py
[2021-05-08 01:09:12,170] {scheduler_job.py:639} INFO - DAG(s) dict_keys(['example_task_group']) retrieved from /home/navneetsajwan/airflow/etl/lib/python3.8/site-packages/airflow/example_dags/example_task_group.py
[2021-05-08 01:09:12,192] {logging_mixin.py:104} INFO - [2021-05-08 01:09:12,192] {dag.py:1824} INFO - Sync 1 DAGs
[2021-05-08 01:09:12,211] {logging_mixin.py:104} INFO - [2021-05-08 01:09:12,211] {dag.py:2280} INFO - Setting next_dagrun for example_task_group to 2021-05-05 00:00:00+00:00
[2021-05-08 01:09:12,337] {scheduler_job.py:190} INFO - Processing /home/navneetsajwan/airflow/etl/lib/python3.8/site-packages/airflow/example_dags/example_task_group.py took 0.193 seconds
[2021-05-08 01:09:47,415] {scheduler_job.py:182} INFO - Started process (PID=442470) to work on /home/navneetsajwan/airflow/etl/lib/python3.8/site-packages/airflow/example_dags/example_task_group.py
[2021-05-08 01:09:47,417] {scheduler_job.py:629} INFO - Processing file /home/navneetsajwan/airflow/etl/lib/python3.8/site-packages/airflow/example_dags/example_task_group.py for tasks to queue
[2021-05-08 01:09:47,418] {logging_mixin.py:104} INFO - [2021-05-08 01:09:47,418] {dagbag.py:451} INFO - Filling up the DagBag from /home/navneetsajwan/airflow/etl/lib/python3.8/site-packages/airflow/example_dags/example_task_group.py
[2021-05-08 01:09:47,433] {scheduler_job.py:639} INFO - DAG(s) dict_keys(['example_task_group']) retrieved from /home/navneetsajwan/airflow/etl/lib/python3.8/site-packages/airflow/example_dags/example_task_group.py
[2021-05-08 01:09:47,455] {logging_mixin.py:104} INFO - [2021-05-08 01:09:47,455] {dag.py:1824} INFO - Sync 1 DAGs
[2021-05-08 01:09:47,474] {logging_mixin.py:104} INFO - [2021-05-08 01:09:47,474] {dag.py:2280} INFO - Setting next_dagrun for example_task_group to 2021-05-05 00:00:00+00:00
[2021-05-08 01:09:47,605] {scheduler_job.py:190} INFO - Processing /home/navneetsajwan/airflow/etl/lib/python3.8/site-packages/airflow/example_dags/example_task_group.py took 0.195 seconds
[2021-05-08 01:10:25,292] {scheduler_job.py:182} INFO - Started process (PID=443033) to work on /home/navneetsajwan/airflow/etl/lib/python3.8/site-packages/airflow/example_dags/example_task_group.py
[2021-05-08 01:10:25,294] {scheduler_job.py:629} INFO - Processing file /home/navneetsajwan/airflow/etl/lib/python3.8/site-packages/airflow/example_dags/example_task_group.py for tasks to queue
[2021-05-08 01:10:25,294] {logging_mixin.py:104} INFO - [2021-05-08 01:10:25,294] {dagbag.py:451} INFO - Filling up the DagBag from /home/navneetsajwan/airflow/etl/lib/python3.8/site-packages/airflow/example_dags/example_task_group.py
[2021-05-08 01:10:25,316] {scheduler_job.py:639} INFO - DAG(s) dict_keys(['example_task_group']) retrieved from /home/navneetsajwan/airflow/etl/lib/python3.8/site-packages/airflow/example_dags/example_task_group.py
[2021-05-08 01:10:25,359] {logging_mixin.py:104} INFO - [2021-05-08 01:10:25,359] {dag.py:1824} INFO - Sync 1 DAGs
[2021-05-08 01:10:25,374] {logging_mixin.py:104} INFO - [2021-05-08 01:10:25,374] {dag.py:2280} INFO - Setting next_dagrun for example_task_group to 2021-05-05 00:00:00+00:00
[2021-05-08 01:10:25,657] {scheduler_job.py:190} INFO - Processing /home/navneetsajwan/airflow/etl/lib/python3.8/site-packages/airflow/example_dags/example_task_group.py took 0.370 seconds
[2021-05-08 01:11:04,185] {scheduler_job.py:182} INFO - Started process (PID=443860) to work on /home/navneetsajwan/airflow/etl/lib/python3.8/site-packages/airflow/example_dags/example_task_group.py
[2021-05-08 01:11:04,187] {scheduler_job.py:629} INFO - Processing file /home/navneetsajwan/airflow/etl/lib/python3.8/site-packages/airflow/example_dags/example_task_group.py for tasks to queue
[2021-05-08 01:11:04,188] {logging_mixin.py:104} INFO - [2021-05-08 01:11:04,187] {dagbag.py:451} INFO - Filling up the DagBag from /home/navneetsajwan/airflow/etl/lib/python3.8/site-packages/airflow/example_dags/example_task_group.py
[2021-05-08 01:11:04,199] {scheduler_job.py:639} INFO - DAG(s) dict_keys(['example_task_group']) retrieved from /home/navneetsajwan/airflow/etl/lib/python3.8/site-packages/airflow/example_dags/example_task_group.py
[2021-05-08 01:11:04,220] {logging_mixin.py:104} INFO - [2021-05-08 01:11:04,220] {dag.py:1824} INFO - Sync 1 DAGs
[2021-05-08 01:11:04,241] {logging_mixin.py:104} INFO - [2021-05-08 01:11:04,240] {dag.py:2280} INFO - Setting next_dagrun for example_task_group to 2021-05-05 00:00:00+00:00
[2021-05-08 01:11:04,402] {scheduler_job.py:190} INFO - Processing /home/navneetsajwan/airflow/etl/lib/python3.8/site-packages/airflow/example_dags/example_task_group.py took 0.221 seconds
[2021-05-08 01:11:38,909] {scheduler_job.py:182} INFO - Started process (PID=444380) to work on /home/navneetsajwan/airflow/etl/lib/python3.8/site-packages/airflow/example_dags/example_task_group.py
[2021-05-08 01:11:38,945] {scheduler_job.py:629} INFO - Processing file /home/navneetsajwan/airflow/etl/lib/python3.8/site-packages/airflow/example_dags/example_task_group.py for tasks to queue
[2021-05-08 01:11:38,946] {logging_mixin.py:104} INFO - [2021-05-08 01:11:38,946] {dagbag.py:451} INFO - Filling up the DagBag from /home/navneetsajwan/airflow/etl/lib/python3.8/site-packages/airflow/example_dags/example_task_group.py
[2021-05-08 01:11:39,100] {scheduler_job.py:639} INFO - DAG(s) dict_keys(['example_task_group']) retrieved from /home/navneetsajwan/airflow/etl/lib/python3.8/site-packages/airflow/example_dags/example_task_group.py
[2021-05-08 01:11:39,190] {logging_mixin.py:104} INFO - [2021-05-08 01:11:39,190] {dag.py:1824} INFO - Sync 1 DAGs
[2021-05-08 01:11:39,232] {logging_mixin.py:104} INFO - [2021-05-08 01:11:39,231] {dag.py:2280} INFO - Setting next_dagrun for example_task_group to 2021-05-05 00:00:00+00:00
[2021-05-08 01:11:39,440] {scheduler_job.py:190} INFO - Processing /home/navneetsajwan/airflow/etl/lib/python3.8/site-packages/airflow/example_dags/example_task_group.py took 0.559 seconds
[2021-05-08 01:14:45,913] {scheduler_job.py:182} INFO - Started process (PID=447521) to work on /home/navneetsajwan/airflow/etl/lib/python3.8/site-packages/airflow/example_dags/example_task_group.py
[2021-05-08 01:14:45,914] {scheduler_job.py:629} INFO - Processing file /home/navneetsajwan/airflow/etl/lib/python3.8/site-packages/airflow/example_dags/example_task_group.py for tasks to queue
[2021-05-08 01:14:45,915] {logging_mixin.py:104} INFO - [2021-05-08 01:14:45,915] {dagbag.py:451} INFO - Filling up the DagBag from /home/navneetsajwan/airflow/etl/lib/python3.8/site-packages/airflow/example_dags/example_task_group.py
[2021-05-08 01:14:45,928] {scheduler_job.py:639} INFO - DAG(s) dict_keys(['example_task_group']) retrieved from /home/navneetsajwan/airflow/etl/lib/python3.8/site-packages/airflow/example_dags/example_task_group.py
[2021-05-08 01:14:45,955] {logging_mixin.py:104} INFO - [2021-05-08 01:14:45,954] {dag.py:1824} INFO - Sync 1 DAGs
[2021-05-08 01:14:45,973] {logging_mixin.py:104} INFO - [2021-05-08 01:14:45,973] {dag.py:2280} INFO - Setting next_dagrun for example_task_group to 2021-05-05 00:00:00+00:00
[2021-05-08 01:14:46,081] {scheduler_job.py:190} INFO - Processing /home/navneetsajwan/airflow/etl/lib/python3.8/site-packages/airflow/example_dags/example_task_group.py took 0.173 seconds
[2021-05-08 01:15:17,391] {scheduler_job.py:182} INFO - Started process (PID=447971) to work on /home/navneetsajwan/airflow/etl/lib/python3.8/site-packages/airflow/example_dags/example_task_group.py
[2021-05-08 01:15:17,392] {scheduler_job.py:629} INFO - Processing file /home/navneetsajwan/airflow/etl/lib/python3.8/site-packages/airflow/example_dags/example_task_group.py for tasks to queue
[2021-05-08 01:15:17,393] {logging_mixin.py:104} INFO - [2021-05-08 01:15:17,393] {dagbag.py:451} INFO - Filling up the DagBag from /home/navneetsajwan/airflow/etl/lib/python3.8/site-packages/airflow/example_dags/example_task_group.py
[2021-05-08 01:15:17,404] {scheduler_job.py:639} INFO - DAG(s) dict_keys(['example_task_group']) retrieved from /home/navneetsajwan/airflow/etl/lib/python3.8/site-packages/airflow/example_dags/example_task_group.py
[2021-05-08 01:15:17,428] {logging_mixin.py:104} INFO - [2021-05-08 01:15:17,428] {dag.py:1824} INFO - Sync 1 DAGs
[2021-05-08 01:15:17,446] {logging_mixin.py:104} INFO - [2021-05-08 01:15:17,446] {dag.py:2280} INFO - Setting next_dagrun for example_task_group to 2021-05-05 00:00:00+00:00
[2021-05-08 01:15:17,549] {scheduler_job.py:190} INFO - Processing /home/navneetsajwan/airflow/etl/lib/python3.8/site-packages/airflow/example_dags/example_task_group.py took 0.163 seconds
[2021-05-08 01:15:55,083] {scheduler_job.py:182} INFO - Started process (PID=448838) to work on /home/navneetsajwan/airflow/etl/lib/python3.8/site-packages/airflow/example_dags/example_task_group.py
[2021-05-08 01:15:55,087] {scheduler_job.py:629} INFO - Processing file /home/navneetsajwan/airflow/etl/lib/python3.8/site-packages/airflow/example_dags/example_task_group.py for tasks to queue
[2021-05-08 01:15:55,090] {logging_mixin.py:104} INFO - [2021-05-08 01:15:55,090] {dagbag.py:451} INFO - Filling up the DagBag from /home/navneetsajwan/airflow/etl/lib/python3.8/site-packages/airflow/example_dags/example_task_group.py
[2021-05-08 01:15:55,102] {scheduler_job.py:639} INFO - DAG(s) dict_keys(['example_task_group']) retrieved from /home/navneetsajwan/airflow/etl/lib/python3.8/site-packages/airflow/example_dags/example_task_group.py
[2021-05-08 01:15:55,142] {logging_mixin.py:104} INFO - [2021-05-08 01:15:55,142] {dag.py:1824} INFO - Sync 1 DAGs
[2021-05-08 01:15:55,167] {logging_mixin.py:104} INFO - [2021-05-08 01:15:55,167] {dag.py:2280} INFO - Setting next_dagrun for example_task_group to 2021-05-05 00:00:00+00:00
[2021-05-08 01:15:55,307] {scheduler_job.py:190} INFO - Processing /home/navneetsajwan/airflow/etl/lib/python3.8/site-packages/airflow/example_dags/example_task_group.py took 0.229 seconds
[2021-05-08 01:16:31,773] {scheduler_job.py:182} INFO - Started process (PID=449352) to work on /home/navneetsajwan/airflow/etl/lib/python3.8/site-packages/airflow/example_dags/example_task_group.py
[2021-05-08 01:16:31,775] {scheduler_job.py:629} INFO - Processing file /home/navneetsajwan/airflow/etl/lib/python3.8/site-packages/airflow/example_dags/example_task_group.py for tasks to queue
[2021-05-08 01:16:31,779] {logging_mixin.py:104} INFO - [2021-05-08 01:16:31,778] {dagbag.py:451} INFO - Filling up the DagBag from /home/navneetsajwan/airflow/etl/lib/python3.8/site-packages/airflow/example_dags/example_task_group.py
[2021-05-08 01:16:31,792] {scheduler_job.py:639} INFO - DAG(s) dict_keys(['example_task_group']) retrieved from /home/navneetsajwan/airflow/etl/lib/python3.8/site-packages/airflow/example_dags/example_task_group.py
[2021-05-08 01:16:31,826] {logging_mixin.py:104} INFO - [2021-05-08 01:16:31,826] {dag.py:1824} INFO - Sync 1 DAGs
[2021-05-08 01:16:31,856] {logging_mixin.py:104} INFO - [2021-05-08 01:16:31,856] {dag.py:2280} INFO - Setting next_dagrun for example_task_group to 2021-05-05 00:00:00+00:00
[2021-05-08 01:16:31,986] {scheduler_job.py:190} INFO - Processing /home/navneetsajwan/airflow/etl/lib/python3.8/site-packages/airflow/example_dags/example_task_group.py took 0.220 seconds
[2021-05-08 01:17:10,343] {scheduler_job.py:182} INFO - Started process (PID=449927) to work on /home/navneetsajwan/airflow/etl/lib/python3.8/site-packages/airflow/example_dags/example_task_group.py
[2021-05-08 01:17:10,345] {scheduler_job.py:629} INFO - Processing file /home/navneetsajwan/airflow/etl/lib/python3.8/site-packages/airflow/example_dags/example_task_group.py for tasks to queue
[2021-05-08 01:17:10,348] {logging_mixin.py:104} INFO - [2021-05-08 01:17:10,348] {dagbag.py:451} INFO - Filling up the DagBag from /home/navneetsajwan/airflow/etl/lib/python3.8/site-packages/airflow/example_dags/example_task_group.py
[2021-05-08 01:17:10,364] {scheduler_job.py:639} INFO - DAG(s) dict_keys(['example_task_group']) retrieved from /home/navneetsajwan/airflow/etl/lib/python3.8/site-packages/airflow/example_dags/example_task_group.py
[2021-05-08 01:17:10,411] {logging_mixin.py:104} INFO - [2021-05-08 01:17:10,411] {dag.py:1824} INFO - Sync 1 DAGs
[2021-05-08 01:17:10,442] {logging_mixin.py:104} INFO - [2021-05-08 01:17:10,442] {dag.py:2280} INFO - Setting next_dagrun for example_task_group to 2021-05-05 00:00:00+00:00
[2021-05-08 01:17:10,553] {scheduler_job.py:190} INFO - Processing /home/navneetsajwan/airflow/etl/lib/python3.8/site-packages/airflow/example_dags/example_task_group.py took 0.215 seconds
[2021-05-08 01:17:54,886] {scheduler_job.py:182} INFO - Started process (PID=450931) to work on /home/navneetsajwan/airflow/etl/lib/python3.8/site-packages/airflow/example_dags/example_task_group.py
[2021-05-08 01:17:54,888] {scheduler_job.py:629} INFO - Processing file /home/navneetsajwan/airflow/etl/lib/python3.8/site-packages/airflow/example_dags/example_task_group.py for tasks to queue
[2021-05-08 01:17:54,889] {logging_mixin.py:104} INFO - [2021-05-08 01:17:54,889] {dagbag.py:451} INFO - Filling up the DagBag from /home/navneetsajwan/airflow/etl/lib/python3.8/site-packages/airflow/example_dags/example_task_group.py
[2021-05-08 01:17:54,902] {scheduler_job.py:639} INFO - DAG(s) dict_keys(['example_task_group']) retrieved from /home/navneetsajwan/airflow/etl/lib/python3.8/site-packages/airflow/example_dags/example_task_group.py
[2021-05-08 01:17:54,926] {logging_mixin.py:104} INFO - [2021-05-08 01:17:54,925] {dag.py:1824} INFO - Sync 1 DAGs
[2021-05-08 01:17:54,941] {logging_mixin.py:104} INFO - [2021-05-08 01:17:54,941] {dag.py:2280} INFO - Setting next_dagrun for example_task_group to 2021-05-05 00:00:00+00:00
[2021-05-08 01:17:55,132] {scheduler_job.py:190} INFO - Processing /home/navneetsajwan/airflow/etl/lib/python3.8/site-packages/airflow/example_dags/example_task_group.py took 0.250 seconds
[2021-05-08 01:18:33,171] {scheduler_job.py:182} INFO - Started process (PID=451478) to work on /home/navneetsajwan/airflow/etl/lib/python3.8/site-packages/airflow/example_dags/example_task_group.py
[2021-05-08 01:18:33,176] {scheduler_job.py:629} INFO - Processing file /home/navneetsajwan/airflow/etl/lib/python3.8/site-packages/airflow/example_dags/example_task_group.py for tasks to queue
[2021-05-08 01:18:33,179] {logging_mixin.py:104} INFO - [2021-05-08 01:18:33,179] {dagbag.py:451} INFO - Filling up the DagBag from /home/navneetsajwan/airflow/etl/lib/python3.8/site-packages/airflow/example_dags/example_task_group.py
[2021-05-08 01:18:33,206] {scheduler_job.py:639} INFO - DAG(s) dict_keys(['example_task_group']) retrieved from /home/navneetsajwan/airflow/etl/lib/python3.8/site-packages/airflow/example_dags/example_task_group.py
[2021-05-08 01:18:33,304] {logging_mixin.py:104} INFO - [2021-05-08 01:18:33,304] {dag.py:1824} INFO - Sync 1 DAGs
[2021-05-08 01:18:33,399] {logging_mixin.py:104} INFO - [2021-05-08 01:18:33,390] {dag.py:2280} INFO - Setting next_dagrun for example_task_group to 2021-05-05 00:00:00+00:00
[2021-05-08 01:18:33,537] {scheduler_job.py:190} INFO - Processing /home/navneetsajwan/airflow/etl/lib/python3.8/site-packages/airflow/example_dags/example_task_group.py took 0.376 seconds
[2021-05-08 01:19:12,324] {scheduler_job.py:182} INFO - Started process (PID=452360) to work on /home/navneetsajwan/airflow/etl/lib/python3.8/site-packages/airflow/example_dags/example_task_group.py
[2021-05-08 01:19:12,327] {scheduler_job.py:629} INFO - Processing file /home/navneetsajwan/airflow/etl/lib/python3.8/site-packages/airflow/example_dags/example_task_group.py for tasks to queue
[2021-05-08 01:19:12,329] {logging_mixin.py:104} INFO - [2021-05-08 01:19:12,328] {dagbag.py:451} INFO - Filling up the DagBag from /home/navneetsajwan/airflow/etl/lib/python3.8/site-packages/airflow/example_dags/example_task_group.py
[2021-05-08 01:19:12,340] {scheduler_job.py:639} INFO - DAG(s) dict_keys(['example_task_group']) retrieved from /home/navneetsajwan/airflow/etl/lib/python3.8/site-packages/airflow/example_dags/example_task_group.py
[2021-05-08 01:19:12,371] {logging_mixin.py:104} INFO - [2021-05-08 01:19:12,370] {dag.py:1824} INFO - Sync 1 DAGs
[2021-05-08 01:19:12,391] {logging_mixin.py:104} INFO - [2021-05-08 01:19:12,391] {dag.py:2280} INFO - Setting next_dagrun for example_task_group to 2021-05-05 00:00:00+00:00
[2021-05-08 01:19:12,554] {scheduler_job.py:190} INFO - Processing /home/navneetsajwan/airflow/etl/lib/python3.8/site-packages/airflow/example_dags/example_task_group.py took 0.234 seconds
[2021-05-08 01:19:55,455] {scheduler_job.py:182} INFO - Started process (PID=452969) to work on /home/navneetsajwan/airflow/etl/lib/python3.8/site-packages/airflow/example_dags/example_task_group.py
[2021-05-08 01:19:55,463] {scheduler_job.py:629} INFO - Processing file /home/navneetsajwan/airflow/etl/lib/python3.8/site-packages/airflow/example_dags/example_task_group.py for tasks to queue
[2021-05-08 01:19:55,469] {logging_mixin.py:104} INFO - [2021-05-08 01:19:55,469] {dagbag.py:451} INFO - Filling up the DagBag from /home/navneetsajwan/airflow/etl/lib/python3.8/site-packages/airflow/example_dags/example_task_group.py
[2021-05-08 01:19:55,551] {scheduler_job.py:639} INFO - DAG(s) dict_keys(['example_task_group']) retrieved from /home/navneetsajwan/airflow/etl/lib/python3.8/site-packages/airflow/example_dags/example_task_group.py
[2021-05-08 01:19:55,779] {logging_mixin.py:104} INFO - [2021-05-08 01:19:55,779] {dag.py:1824} INFO - Sync 1 DAGs
[2021-05-08 01:19:55,798] {logging_mixin.py:104} INFO - [2021-05-08 01:19:55,798] {dag.py:2280} INFO - Setting next_dagrun for example_task_group to 2021-05-05 00:00:00+00:00
[2021-05-08 01:19:55,897] {scheduler_job.py:190} INFO - Processing /home/navneetsajwan/airflow/etl/lib/python3.8/site-packages/airflow/example_dags/example_task_group.py took 0.467 seconds
[2021-05-08 01:20:35,053] {scheduler_job.py:182} INFO - Started process (PID=453521) to work on /home/navneetsajwan/airflow/etl/lib/python3.8/site-packages/airflow/example_dags/example_task_group.py
[2021-05-08 01:20:35,055] {scheduler_job.py:629} INFO - Processing file /home/navneetsajwan/airflow/etl/lib/python3.8/site-packages/airflow/example_dags/example_task_group.py for tasks to queue
[2021-05-08 01:20:35,056] {logging_mixin.py:104} INFO - [2021-05-08 01:20:35,056] {dagbag.py:451} INFO - Filling up the DagBag from /home/navneetsajwan/airflow/etl/lib/python3.8/site-packages/airflow/example_dags/example_task_group.py
[2021-05-08 01:20:35,075] {scheduler_job.py:639} INFO - DAG(s) dict_keys(['example_task_group']) retrieved from /home/navneetsajwan/airflow/etl/lib/python3.8/site-packages/airflow/example_dags/example_task_group.py
[2021-05-08 01:20:35,249] {logging_mixin.py:104} INFO - [2021-05-08 01:20:35,249] {dag.py:1824} INFO - Sync 1 DAGs
[2021-05-08 01:20:35,401] {logging_mixin.py:104} INFO - [2021-05-08 01:20:35,401] {dag.py:2280} INFO - Setting next_dagrun for example_task_group to 2021-05-05 00:00:00+00:00
[2021-05-08 01:20:35,588] {scheduler_job.py:190} INFO - Processing /home/navneetsajwan/airflow/etl/lib/python3.8/site-packages/airflow/example_dags/example_task_group.py took 0.574 seconds
[2021-05-08 01:21:07,347] {scheduler_job.py:182} INFO - Started process (PID=454354) to work on /home/navneetsajwan/airflow/etl/lib/python3.8/site-packages/airflow/example_dags/example_task_group.py
[2021-05-08 01:21:07,348] {scheduler_job.py:629} INFO - Processing file /home/navneetsajwan/airflow/etl/lib/python3.8/site-packages/airflow/example_dags/example_task_group.py for tasks to queue
[2021-05-08 01:21:07,350] {logging_mixin.py:104} INFO - [2021-05-08 01:21:07,350] {dagbag.py:451} INFO - Filling up the DagBag from /home/navneetsajwan/airflow/etl/lib/python3.8/site-packages/airflow/example_dags/example_task_group.py
[2021-05-08 01:21:07,362] {scheduler_job.py:639} INFO - DAG(s) dict_keys(['example_task_group']) retrieved from /home/navneetsajwan/airflow/etl/lib/python3.8/site-packages/airflow/example_dags/example_task_group.py
[2021-05-08 01:21:07,392] {logging_mixin.py:104} INFO - [2021-05-08 01:21:07,391] {dag.py:1824} INFO - Sync 1 DAGs
[2021-05-08 01:21:07,412] {logging_mixin.py:104} INFO - [2021-05-08 01:21:07,412] {dag.py:2280} INFO - Setting next_dagrun for example_task_group to 2021-05-05 00:00:00+00:00
[2021-05-08 01:21:07,536] {scheduler_job.py:190} INFO - Processing /home/navneetsajwan/airflow/etl/lib/python3.8/site-packages/airflow/example_dags/example_task_group.py took 0.194 seconds
[2021-05-08 01:21:44,677] {scheduler_job.py:182} INFO - Started process (PID=454863) to work on /home/navneetsajwan/airflow/etl/lib/python3.8/site-packages/airflow/example_dags/example_task_group.py
[2021-05-08 01:21:44,679] {scheduler_job.py:629} INFO - Processing file /home/navneetsajwan/airflow/etl/lib/python3.8/site-packages/airflow/example_dags/example_task_group.py for tasks to queue
[2021-05-08 01:21:44,681] {logging_mixin.py:104} INFO - [2021-05-08 01:21:44,681] {dagbag.py:451} INFO - Filling up the DagBag from /home/navneetsajwan/airflow/etl/lib/python3.8/site-packages/airflow/example_dags/example_task_group.py
[2021-05-08 01:21:44,726] {scheduler_job.py:639} INFO - DAG(s) dict_keys(['example_task_group']) retrieved from /home/navneetsajwan/airflow/etl/lib/python3.8/site-packages/airflow/example_dags/example_task_group.py
[2021-05-08 01:21:44,853] {logging_mixin.py:104} INFO - [2021-05-08 01:21:44,838] {dag.py:1824} INFO - Sync 1 DAGs
[2021-05-08 01:21:44,971] {logging_mixin.py:104} INFO - [2021-05-08 01:21:44,966] {dag.py:2280} INFO - Setting next_dagrun for example_task_group to 2021-05-05 00:00:00+00:00
[2021-05-08 01:21:45,134] {scheduler_job.py:190} INFO - Processing /home/navneetsajwan/airflow/etl/lib/python3.8/site-packages/airflow/example_dags/example_task_group.py took 0.474 seconds
[2021-05-08 01:22:18,679] {scheduler_job.py:182} INFO - Started process (PID=455333) to work on /home/navneetsajwan/airflow/etl/lib/python3.8/site-packages/airflow/example_dags/example_task_group.py
[2021-05-08 01:22:18,680] {scheduler_job.py:629} INFO - Processing file /home/navneetsajwan/airflow/etl/lib/python3.8/site-packages/airflow/example_dags/example_task_group.py for tasks to queue
[2021-05-08 01:22:18,680] {logging_mixin.py:104} INFO - [2021-05-08 01:22:18,680] {dagbag.py:451} INFO - Filling up the DagBag from /home/navneetsajwan/airflow/etl/lib/python3.8/site-packages/airflow/example_dags/example_task_group.py
[2021-05-08 01:22:18,687] {scheduler_job.py:639} INFO - DAG(s) dict_keys(['example_task_group']) retrieved from /home/navneetsajwan/airflow/etl/lib/python3.8/site-packages/airflow/example_dags/example_task_group.py
[2021-05-08 01:22:18,708] {logging_mixin.py:104} INFO - [2021-05-08 01:22:18,708] {dag.py:1824} INFO - Sync 1 DAGs
[2021-05-08 01:22:18,723] {logging_mixin.py:104} INFO - [2021-05-08 01:22:18,722] {dag.py:2280} INFO - Setting next_dagrun for example_task_group to 2021-05-05 00:00:00+00:00
[2021-05-08 01:22:18,881] {scheduler_job.py:190} INFO - Processing /home/navneetsajwan/airflow/etl/lib/python3.8/site-packages/airflow/example_dags/example_task_group.py took 0.206 seconds
[2021-05-08 01:22:58,049] {scheduler_job.py:182} INFO - Started process (PID=456195) to work on /home/navneetsajwan/airflow/etl/lib/python3.8/site-packages/airflow/example_dags/example_task_group.py
[2021-05-08 01:22:58,051] {scheduler_job.py:629} INFO - Processing file /home/navneetsajwan/airflow/etl/lib/python3.8/site-packages/airflow/example_dags/example_task_group.py for tasks to queue
[2021-05-08 01:22:58,052] {logging_mixin.py:104} INFO - [2021-05-08 01:22:58,052] {dagbag.py:451} INFO - Filling up the DagBag from /home/navneetsajwan/airflow/etl/lib/python3.8/site-packages/airflow/example_dags/example_task_group.py
[2021-05-08 01:22:58,066] {scheduler_job.py:639} INFO - DAG(s) dict_keys(['example_task_group']) retrieved from /home/navneetsajwan/airflow/etl/lib/python3.8/site-packages/airflow/example_dags/example_task_group.py
[2021-05-08 01:22:58,105] {logging_mixin.py:104} INFO - [2021-05-08 01:22:58,105] {dag.py:1824} INFO - Sync 1 DAGs
[2021-05-08 01:22:58,125] {logging_mixin.py:104} INFO - [2021-05-08 01:22:58,125] {dag.py:2280} INFO - Setting next_dagrun for example_task_group to 2021-05-05 00:00:00+00:00
[2021-05-08 01:22:58,276] {scheduler_job.py:190} INFO - Processing /home/navneetsajwan/airflow/etl/lib/python3.8/site-packages/airflow/example_dags/example_task_group.py took 0.231 seconds
[2021-05-08 01:23:31,851] {scheduler_job.py:182} INFO - Started process (PID=456650) to work on /home/navneetsajwan/airflow/etl/lib/python3.8/site-packages/airflow/example_dags/example_task_group.py
[2021-05-08 01:23:31,853] {scheduler_job.py:629} INFO - Processing file /home/navneetsajwan/airflow/etl/lib/python3.8/site-packages/airflow/example_dags/example_task_group.py for tasks to queue
[2021-05-08 01:23:31,854] {logging_mixin.py:104} INFO - [2021-05-08 01:23:31,854] {dagbag.py:451} INFO - Filling up the DagBag from /home/navneetsajwan/airflow/etl/lib/python3.8/site-packages/airflow/example_dags/example_task_group.py
[2021-05-08 01:23:31,865] {scheduler_job.py:639} INFO - DAG(s) dict_keys(['example_task_group']) retrieved from /home/navneetsajwan/airflow/etl/lib/python3.8/site-packages/airflow/example_dags/example_task_group.py
[2021-05-08 01:23:31,889] {logging_mixin.py:104} INFO - [2021-05-08 01:23:31,889] {dag.py:1824} INFO - Sync 1 DAGs
[2021-05-08 01:23:31,908] {logging_mixin.py:104} INFO - [2021-05-08 01:23:31,908] {dag.py:2280} INFO - Setting next_dagrun for example_task_group to 2021-05-05 00:00:00+00:00
[2021-05-08 01:23:32,066] {scheduler_job.py:190} INFO - Processing /home/navneetsajwan/airflow/etl/lib/python3.8/site-packages/airflow/example_dags/example_task_group.py took 0.219 seconds
[2021-05-08 01:24:10,852] {scheduler_job.py:182} INFO - Started process (PID=457522) to work on /home/navneetsajwan/airflow/etl/lib/python3.8/site-packages/airflow/example_dags/example_task_group.py
[2021-05-08 01:24:10,857] {scheduler_job.py:629} INFO - Processing file /home/navneetsajwan/airflow/etl/lib/python3.8/site-packages/airflow/example_dags/example_task_group.py for tasks to queue
[2021-05-08 01:24:10,858] {logging_mixin.py:104} INFO - [2021-05-08 01:24:10,858] {dagbag.py:451} INFO - Filling up the DagBag from /home/navneetsajwan/airflow/etl/lib/python3.8/site-packages/airflow/example_dags/example_task_group.py
[2021-05-08 01:24:10,868] {scheduler_job.py:639} INFO - DAG(s) dict_keys(['example_task_group']) retrieved from /home/navneetsajwan/airflow/etl/lib/python3.8/site-packages/airflow/example_dags/example_task_group.py
[2021-05-08 01:24:10,891] {logging_mixin.py:104} INFO - [2021-05-08 01:24:10,890] {dag.py:1824} INFO - Sync 1 DAGs
[2021-05-08 01:24:10,908] {logging_mixin.py:104} INFO - [2021-05-08 01:24:10,908] {dag.py:2280} INFO - Setting next_dagrun for example_task_group to 2021-05-05 00:00:00+00:00
[2021-05-08 01:24:11,225] {scheduler_job.py:190} INFO - Processing /home/navneetsajwan/airflow/etl/lib/python3.8/site-packages/airflow/example_dags/example_task_group.py took 0.407 seconds
[2021-05-08 01:24:56,022] {scheduler_job.py:182} INFO - Started process (PID=458205) to work on /home/navneetsajwan/airflow/etl/lib/python3.8/site-packages/airflow/example_dags/example_task_group.py
[2021-05-08 01:24:56,024] {scheduler_job.py:629} INFO - Processing file /home/navneetsajwan/airflow/etl/lib/python3.8/site-packages/airflow/example_dags/example_task_group.py for tasks to queue
[2021-05-08 01:24:56,024] {logging_mixin.py:104} INFO - [2021-05-08 01:24:56,024] {dagbag.py:451} INFO - Filling up the DagBag from /home/navneetsajwan/airflow/etl/lib/python3.8/site-packages/airflow/example_dags/example_task_group.py
[2021-05-08 01:24:56,035] {scheduler_job.py:639} INFO - DAG(s) dict_keys(['example_task_group']) retrieved from /home/navneetsajwan/airflow/etl/lib/python3.8/site-packages/airflow/example_dags/example_task_group.py
[2021-05-08 01:24:56,052] {logging_mixin.py:104} INFO - [2021-05-08 01:24:56,052] {dag.py:1824} INFO - Sync 1 DAGs
[2021-05-08 01:24:56,069] {logging_mixin.py:104} INFO - [2021-05-08 01:24:56,069] {dag.py:2280} INFO - Setting next_dagrun for example_task_group to 2021-05-05 00:00:00+00:00
[2021-05-08 01:24:56,150] {scheduler_job.py:190} INFO - Processing /home/navneetsajwan/airflow/etl/lib/python3.8/site-packages/airflow/example_dags/example_task_group.py took 0.132 seconds
[2021-05-08 01:25:40,844] {scheduler_job.py:182} INFO - Started process (PID=458993) to work on /home/navneetsajwan/airflow/etl/lib/python3.8/site-packages/airflow/example_dags/example_task_group.py
[2021-05-08 01:25:40,846] {scheduler_job.py:629} INFO - Processing file /home/navneetsajwan/airflow/etl/lib/python3.8/site-packages/airflow/example_dags/example_task_group.py for tasks to queue
[2021-05-08 01:25:40,847] {logging_mixin.py:104} INFO - [2021-05-08 01:25:40,847] {dagbag.py:451} INFO - Filling up the DagBag from /home/navneetsajwan/airflow/etl/lib/python3.8/site-packages/airflow/example_dags/example_task_group.py
[2021-05-08 01:25:40,867] {scheduler_job.py:639} INFO - DAG(s) dict_keys(['example_task_group']) retrieved from /home/navneetsajwan/airflow/etl/lib/python3.8/site-packages/airflow/example_dags/example_task_group.py
[2021-05-08 01:25:40,919] {logging_mixin.py:104} INFO - [2021-05-08 01:25:40,918] {dag.py:1824} INFO - Sync 1 DAGs
[2021-05-08 01:25:40,951] {logging_mixin.py:104} INFO - [2021-05-08 01:25:40,951] {dag.py:2280} INFO - Setting next_dagrun for example_task_group to 2021-05-05 00:00:00+00:00
[2021-05-08 01:25:41,074] {scheduler_job.py:190} INFO - Processing /home/navneetsajwan/airflow/etl/lib/python3.8/site-packages/airflow/example_dags/example_task_group.py took 0.242 seconds
[2021-05-08 01:26:40,325] {scheduler_job.py:182} INFO - Started process (PID=460062) to work on /home/navneetsajwan/airflow/etl/lib/python3.8/site-packages/airflow/example_dags/example_task_group.py
[2021-05-08 01:26:40,328] {scheduler_job.py:629} INFO - Processing file /home/navneetsajwan/airflow/etl/lib/python3.8/site-packages/airflow/example_dags/example_task_group.py for tasks to queue
[2021-05-08 01:26:40,329] {logging_mixin.py:104} INFO - [2021-05-08 01:26:40,329] {dagbag.py:451} INFO - Filling up the DagBag from /home/navneetsajwan/airflow/etl/lib/python3.8/site-packages/airflow/example_dags/example_task_group.py
[2021-05-08 01:26:40,360] {scheduler_job.py:639} INFO - DAG(s) dict_keys(['example_task_group']) retrieved from /home/navneetsajwan/airflow/etl/lib/python3.8/site-packages/airflow/example_dags/example_task_group.py
[2021-05-08 01:26:40,460] {logging_mixin.py:104} INFO - [2021-05-08 01:26:40,460] {dag.py:1824} INFO - Sync 1 DAGs
[2021-05-08 01:26:40,590] {logging_mixin.py:104} INFO - [2021-05-08 01:26:40,590] {dag.py:2280} INFO - Setting next_dagrun for example_task_group to 2021-05-05 00:00:00+00:00
[2021-05-08 01:26:40,929] {scheduler_job.py:190} INFO - Processing /home/navneetsajwan/airflow/etl/lib/python3.8/site-packages/airflow/example_dags/example_task_group.py took 0.613 seconds
[2021-05-08 01:27:32,516] {scheduler_job.py:182} INFO - Started process (PID=460981) to work on /home/navneetsajwan/airflow/etl/lib/python3.8/site-packages/airflow/example_dags/example_task_group.py
[2021-05-08 01:27:32,530] {scheduler_job.py:629} INFO - Processing file /home/navneetsajwan/airflow/etl/lib/python3.8/site-packages/airflow/example_dags/example_task_group.py for tasks to queue
[2021-05-08 01:27:32,541] {logging_mixin.py:104} INFO - [2021-05-08 01:27:32,541] {dagbag.py:451} INFO - Filling up the DagBag from /home/navneetsajwan/airflow/etl/lib/python3.8/site-packages/airflow/example_dags/example_task_group.py
[2021-05-08 01:27:32,600] {scheduler_job.py:639} INFO - DAG(s) dict_keys(['example_task_group']) retrieved from /home/navneetsajwan/airflow/etl/lib/python3.8/site-packages/airflow/example_dags/example_task_group.py
[2021-05-08 01:27:32,699] {logging_mixin.py:104} INFO - [2021-05-08 01:27:32,699] {dag.py:1824} INFO - Sync 1 DAGs
[2021-05-08 01:27:32,801] {logging_mixin.py:104} INFO - [2021-05-08 01:27:32,801] {dag.py:2280} INFO - Setting next_dagrun for example_task_group to 2021-05-05 00:00:00+00:00
[2021-05-08 01:27:33,070] {scheduler_job.py:190} INFO - Processing /home/navneetsajwan/airflow/etl/lib/python3.8/site-packages/airflow/example_dags/example_task_group.py took 0.610 seconds
[2021-05-08 01:28:20,135] {scheduler_job.py:182} INFO - Started process (PID=461965) to work on /home/navneetsajwan/airflow/etl/lib/python3.8/site-packages/airflow/example_dags/example_task_group.py
[2021-05-08 01:28:20,141] {scheduler_job.py:629} INFO - Processing file /home/navneetsajwan/airflow/etl/lib/python3.8/site-packages/airflow/example_dags/example_task_group.py for tasks to queue
[2021-05-08 01:28:20,144] {logging_mixin.py:104} INFO - [2021-05-08 01:28:20,144] {dagbag.py:451} INFO - Filling up the DagBag from /home/navneetsajwan/airflow/etl/lib/python3.8/site-packages/airflow/example_dags/example_task_group.py
[2021-05-08 01:28:20,162] {scheduler_job.py:639} INFO - DAG(s) dict_keys(['example_task_group']) retrieved from /home/navneetsajwan/airflow/etl/lib/python3.8/site-packages/airflow/example_dags/example_task_group.py
[2021-05-08 01:28:20,197] {logging_mixin.py:104} INFO - [2021-05-08 01:28:20,197] {dag.py:1824} INFO - Sync 1 DAGs
[2021-05-08 01:28:20,232] {logging_mixin.py:104} INFO - [2021-05-08 01:28:20,232] {dag.py:2280} INFO - Setting next_dagrun for example_task_group to 2021-05-05 00:00:00+00:00
[2021-05-08 01:28:20,345] {scheduler_job.py:190} INFO - Processing /home/navneetsajwan/airflow/etl/lib/python3.8/site-packages/airflow/example_dags/example_task_group.py took 0.219 seconds
[2021-05-08 01:29:07,617] {scheduler_job.py:182} INFO - Started process (PID=462628) to work on /home/navneetsajwan/airflow/etl/lib/python3.8/site-packages/airflow/example_dags/example_task_group.py
[2021-05-08 01:29:07,619] {scheduler_job.py:629} INFO - Processing file /home/navneetsajwan/airflow/etl/lib/python3.8/site-packages/airflow/example_dags/example_task_group.py for tasks to queue
[2021-05-08 01:29:07,620] {logging_mixin.py:104} INFO - [2021-05-08 01:29:07,620] {dagbag.py:451} INFO - Filling up the DagBag from /home/navneetsajwan/airflow/etl/lib/python3.8/site-packages/airflow/example_dags/example_task_group.py
[2021-05-08 01:29:07,633] {scheduler_job.py:639} INFO - DAG(s) dict_keys(['example_task_group']) retrieved from /home/navneetsajwan/airflow/etl/lib/python3.8/site-packages/airflow/example_dags/example_task_group.py
[2021-05-08 01:29:07,677] {logging_mixin.py:104} INFO - [2021-05-08 01:29:07,677] {dag.py:1824} INFO - Sync 1 DAGs
[2021-05-08 01:29:07,695] {logging_mixin.py:104} INFO - [2021-05-08 01:29:07,695] {dag.py:2280} INFO - Setting next_dagrun for example_task_group to 2021-05-05 00:00:00+00:00
[2021-05-08 01:29:07,820] {scheduler_job.py:190} INFO - Processing /home/navneetsajwan/airflow/etl/lib/python3.8/site-packages/airflow/example_dags/example_task_group.py took 0.209 seconds
[2021-05-08 01:29:53,697] {scheduler_job.py:182} INFO - Started process (PID=463630) to work on /home/navneetsajwan/airflow/etl/lib/python3.8/site-packages/airflow/example_dags/example_task_group.py
[2021-05-08 01:29:53,698] {scheduler_job.py:629} INFO - Processing file /home/navneetsajwan/airflow/etl/lib/python3.8/site-packages/airflow/example_dags/example_task_group.py for tasks to queue
[2021-05-08 01:29:53,699] {logging_mixin.py:104} INFO - [2021-05-08 01:29:53,699] {dagbag.py:451} INFO - Filling up the DagBag from /home/navneetsajwan/airflow/etl/lib/python3.8/site-packages/airflow/example_dags/example_task_group.py
[2021-05-08 01:29:53,775] {scheduler_job.py:639} INFO - DAG(s) dict_keys(['example_task_group']) retrieved from /home/navneetsajwan/airflow/etl/lib/python3.8/site-packages/airflow/example_dags/example_task_group.py
[2021-05-08 01:29:53,824] {logging_mixin.py:104} INFO - [2021-05-08 01:29:53,824] {dag.py:1824} INFO - Sync 1 DAGs
[2021-05-08 01:29:53,860] {logging_mixin.py:104} INFO - [2021-05-08 01:29:53,860] {dag.py:2280} INFO - Setting next_dagrun for example_task_group to 2021-05-05 00:00:00+00:00
[2021-05-08 01:29:54,012] {scheduler_job.py:190} INFO - Processing /home/navneetsajwan/airflow/etl/lib/python3.8/site-packages/airflow/example_dags/example_task_group.py took 0.325 seconds
[2021-05-08 01:30:39,381] {scheduler_job.py:182} INFO - Started process (PID=464270) to work on /home/navneetsajwan/airflow/etl/lib/python3.8/site-packages/airflow/example_dags/example_task_group.py
[2021-05-08 01:30:39,389] {scheduler_job.py:629} INFO - Processing file /home/navneetsajwan/airflow/etl/lib/python3.8/site-packages/airflow/example_dags/example_task_group.py for tasks to queue
[2021-05-08 01:30:39,390] {logging_mixin.py:104} INFO - [2021-05-08 01:30:39,389] {dagbag.py:451} INFO - Filling up the DagBag from /home/navneetsajwan/airflow/etl/lib/python3.8/site-packages/airflow/example_dags/example_task_group.py
[2021-05-08 01:30:39,404] {scheduler_job.py:639} INFO - DAG(s) dict_keys(['example_task_group']) retrieved from /home/navneetsajwan/airflow/etl/lib/python3.8/site-packages/airflow/example_dags/example_task_group.py
[2021-05-08 01:30:39,429] {logging_mixin.py:104} INFO - [2021-05-08 01:30:39,429] {dag.py:1824} INFO - Sync 1 DAGs
[2021-05-08 01:30:39,447] {logging_mixin.py:104} INFO - [2021-05-08 01:30:39,446] {dag.py:2280} INFO - Setting next_dagrun for example_task_group to 2021-05-05 00:00:00+00:00
[2021-05-08 01:30:39,525] {scheduler_job.py:190} INFO - Processing /home/navneetsajwan/airflow/etl/lib/python3.8/site-packages/airflow/example_dags/example_task_group.py took 0.149 seconds
[2021-05-08 01:31:40,908] {scheduler_job.py:182} INFO - Started process (PID=465492) to work on /home/navneetsajwan/airflow/etl/lib/python3.8/site-packages/airflow/example_dags/example_task_group.py
[2021-05-08 01:31:40,915] {scheduler_job.py:629} INFO - Processing file /home/navneetsajwan/airflow/etl/lib/python3.8/site-packages/airflow/example_dags/example_task_group.py for tasks to queue
[2021-05-08 01:31:40,916] {logging_mixin.py:104} INFO - [2021-05-08 01:31:40,916] {dagbag.py:451} INFO - Filling up the DagBag from /home/navneetsajwan/airflow/etl/lib/python3.8/site-packages/airflow/example_dags/example_task_group.py
[2021-05-08 01:31:40,926] {scheduler_job.py:639} INFO - DAG(s) dict_keys(['example_task_group']) retrieved from /home/navneetsajwan/airflow/etl/lib/python3.8/site-packages/airflow/example_dags/example_task_group.py
[2021-05-08 01:31:40,948] {logging_mixin.py:104} INFO - [2021-05-08 01:31:40,948] {dag.py:1824} INFO - Sync 1 DAGs
[2021-05-08 01:31:40,967] {logging_mixin.py:104} INFO - [2021-05-08 01:31:40,966] {dag.py:2280} INFO - Setting next_dagrun for example_task_group to 2021-05-05 00:00:00+00:00
[2021-05-08 01:31:41,371] {scheduler_job.py:190} INFO - Processing /home/navneetsajwan/airflow/etl/lib/python3.8/site-packages/airflow/example_dags/example_task_group.py took 0.468 seconds
[2021-05-08 01:32:39,662] {scheduler_job.py:182} INFO - Started process (PID=466394) to work on /home/navneetsajwan/airflow/etl/lib/python3.8/site-packages/airflow/example_dags/example_task_group.py
[2021-05-08 01:32:39,664] {scheduler_job.py:629} INFO - Processing file /home/navneetsajwan/airflow/etl/lib/python3.8/site-packages/airflow/example_dags/example_task_group.py for tasks to queue
[2021-05-08 01:32:39,666] {logging_mixin.py:104} INFO - [2021-05-08 01:32:39,665] {dagbag.py:451} INFO - Filling up the DagBag from /home/navneetsajwan/airflow/etl/lib/python3.8/site-packages/airflow/example_dags/example_task_group.py
[2021-05-08 01:32:39,679] {scheduler_job.py:639} INFO - DAG(s) dict_keys(['example_task_group']) retrieved from /home/navneetsajwan/airflow/etl/lib/python3.8/site-packages/airflow/example_dags/example_task_group.py
[2021-05-08 01:32:39,724] {logging_mixin.py:104} INFO - [2021-05-08 01:32:39,724] {dag.py:1824} INFO - Sync 1 DAGs
[2021-05-08 01:32:39,745] {logging_mixin.py:104} INFO - [2021-05-08 01:32:39,745] {dag.py:2280} INFO - Setting next_dagrun for example_task_group to 2021-05-05 00:00:00+00:00
[2021-05-08 01:32:39,921] {scheduler_job.py:190} INFO - Processing /home/navneetsajwan/airflow/etl/lib/python3.8/site-packages/airflow/example_dags/example_task_group.py took 0.266 seconds
[2021-05-08 01:33:39,110] {scheduler_job.py:182} INFO - Started process (PID=467544) to work on /home/navneetsajwan/airflow/etl/lib/python3.8/site-packages/airflow/example_dags/example_task_group.py
[2021-05-08 01:33:39,142] {scheduler_job.py:629} INFO - Processing file /home/navneetsajwan/airflow/etl/lib/python3.8/site-packages/airflow/example_dags/example_task_group.py for tasks to queue
[2021-05-08 01:33:39,143] {logging_mixin.py:104} INFO - [2021-05-08 01:33:39,143] {dagbag.py:451} INFO - Filling up the DagBag from /home/navneetsajwan/airflow/etl/lib/python3.8/site-packages/airflow/example_dags/example_task_group.py
[2021-05-08 01:33:39,223] {scheduler_job.py:639} INFO - DAG(s) dict_keys(['example_task_group']) retrieved from /home/navneetsajwan/airflow/etl/lib/python3.8/site-packages/airflow/example_dags/example_task_group.py
[2021-05-08 01:33:39,345] {logging_mixin.py:104} INFO - [2021-05-08 01:33:39,345] {dag.py:1824} INFO - Sync 1 DAGs
[2021-05-08 01:33:39,410] {logging_mixin.py:104} INFO - [2021-05-08 01:33:39,410] {dag.py:2280} INFO - Setting next_dagrun for example_task_group to 2021-05-05 00:00:00+00:00
[2021-05-08 01:33:39,574] {scheduler_job.py:190} INFO - Processing /home/navneetsajwan/airflow/etl/lib/python3.8/site-packages/airflow/example_dags/example_task_group.py took 0.471 seconds
[2021-05-08 01:34:24,749] {scheduler_job.py:182} INFO - Started process (PID=468168) to work on /home/navneetsajwan/airflow/etl/lib/python3.8/site-packages/airflow/example_dags/example_task_group.py
[2021-05-08 01:34:24,752] {scheduler_job.py:629} INFO - Processing file /home/navneetsajwan/airflow/etl/lib/python3.8/site-packages/airflow/example_dags/example_task_group.py for tasks to queue
[2021-05-08 01:34:24,753] {logging_mixin.py:104} INFO - [2021-05-08 01:34:24,753] {dagbag.py:451} INFO - Filling up the DagBag from /home/navneetsajwan/airflow/etl/lib/python3.8/site-packages/airflow/example_dags/example_task_group.py
[2021-05-08 01:34:24,766] {scheduler_job.py:639} INFO - DAG(s) dict_keys(['example_task_group']) retrieved from /home/navneetsajwan/airflow/etl/lib/python3.8/site-packages/airflow/example_dags/example_task_group.py
[2021-05-08 01:34:24,789] {logging_mixin.py:104} INFO - [2021-05-08 01:34:24,789] {dag.py:1824} INFO - Sync 1 DAGs
[2021-05-08 01:34:24,806] {logging_mixin.py:104} INFO - [2021-05-08 01:34:24,806] {dag.py:2280} INFO - Setting next_dagrun for example_task_group to 2021-05-05 00:00:00+00:00
[2021-05-08 01:34:24,917] {scheduler_job.py:190} INFO - Processing /home/navneetsajwan/airflow/etl/lib/python3.8/site-packages/airflow/example_dags/example_task_group.py took 0.172 seconds
[2021-05-08 01:35:22,415] {scheduler_job.py:182} INFO - Started process (PID=469340) to work on /home/navneetsajwan/airflow/etl/lib/python3.8/site-packages/airflow/example_dags/example_task_group.py
[2021-05-08 01:35:22,417] {scheduler_job.py:629} INFO - Processing file /home/navneetsajwan/airflow/etl/lib/python3.8/site-packages/airflow/example_dags/example_task_group.py for tasks to queue
[2021-05-08 01:35:22,418] {logging_mixin.py:104} INFO - [2021-05-08 01:35:22,418] {dagbag.py:451} INFO - Filling up the DagBag from /home/navneetsajwan/airflow/etl/lib/python3.8/site-packages/airflow/example_dags/example_task_group.py
[2021-05-08 01:35:22,435] {scheduler_job.py:639} INFO - DAG(s) dict_keys(['example_task_group']) retrieved from /home/navneetsajwan/airflow/etl/lib/python3.8/site-packages/airflow/example_dags/example_task_group.py
[2021-05-08 01:35:22,482] {logging_mixin.py:104} INFO - [2021-05-08 01:35:22,482] {dag.py:1824} INFO - Sync 1 DAGs
[2021-05-08 01:35:22,494] {logging_mixin.py:104} INFO - [2021-05-08 01:35:22,494] {dag.py:2280} INFO - Setting next_dagrun for example_task_group to 2021-05-05 00:00:00+00:00
[2021-05-08 01:35:22,618] {scheduler_job.py:190} INFO - Processing /home/navneetsajwan/airflow/etl/lib/python3.8/site-packages/airflow/example_dags/example_task_group.py took 0.207 seconds
[2021-05-08 01:36:13,462] {scheduler_job.py:182} INFO - Started process (PID=470064) to work on /home/navneetsajwan/airflow/etl/lib/python3.8/site-packages/airflow/example_dags/example_task_group.py
[2021-05-08 01:36:13,464] {scheduler_job.py:629} INFO - Processing file /home/navneetsajwan/airflow/etl/lib/python3.8/site-packages/airflow/example_dags/example_task_group.py for tasks to queue
[2021-05-08 01:36:13,467] {logging_mixin.py:104} INFO - [2021-05-08 01:36:13,467] {dagbag.py:451} INFO - Filling up the DagBag from /home/navneetsajwan/airflow/etl/lib/python3.8/site-packages/airflow/example_dags/example_task_group.py
[2021-05-08 01:36:13,481] {scheduler_job.py:639} INFO - DAG(s) dict_keys(['example_task_group']) retrieved from /home/navneetsajwan/airflow/etl/lib/python3.8/site-packages/airflow/example_dags/example_task_group.py
[2021-05-08 01:36:13,510] {logging_mixin.py:104} INFO - [2021-05-08 01:36:13,510] {dag.py:1824} INFO - Sync 1 DAGs
[2021-05-08 01:36:13,562] {logging_mixin.py:104} INFO - [2021-05-08 01:36:13,561] {dag.py:2280} INFO - Setting next_dagrun for example_task_group to 2021-05-05 00:00:00+00:00
[2021-05-08 01:36:13,668] {scheduler_job.py:190} INFO - Processing /home/navneetsajwan/airflow/etl/lib/python3.8/site-packages/airflow/example_dags/example_task_group.py took 0.212 seconds
[2021-05-08 01:36:51,227] {scheduler_job.py:182} INFO - Started process (PID=470953) to work on /home/navneetsajwan/airflow/etl/lib/python3.8/site-packages/airflow/example_dags/example_task_group.py
[2021-05-08 01:36:51,228] {scheduler_job.py:629} INFO - Processing file /home/navneetsajwan/airflow/etl/lib/python3.8/site-packages/airflow/example_dags/example_task_group.py for tasks to queue
[2021-05-08 01:36:51,229] {logging_mixin.py:104} INFO - [2021-05-08 01:36:51,229] {dagbag.py:451} INFO - Filling up the DagBag from /home/navneetsajwan/airflow/etl/lib/python3.8/site-packages/airflow/example_dags/example_task_group.py
[2021-05-08 01:36:51,237] {scheduler_job.py:639} INFO - DAG(s) dict_keys(['example_task_group']) retrieved from /home/navneetsajwan/airflow/etl/lib/python3.8/site-packages/airflow/example_dags/example_task_group.py
[2021-05-08 01:36:51,254] {logging_mixin.py:104} INFO - [2021-05-08 01:36:51,254] {dag.py:1824} INFO - Sync 1 DAGs
[2021-05-08 01:36:51,266] {logging_mixin.py:104} INFO - [2021-05-08 01:36:51,266] {dag.py:2280} INFO - Setting next_dagrun for example_task_group to 2021-05-05 00:00:00+00:00
[2021-05-08 01:36:51,399] {scheduler_job.py:190} INFO - Processing /home/navneetsajwan/airflow/etl/lib/python3.8/site-packages/airflow/example_dags/example_task_group.py took 0.178 seconds
[2021-05-08 01:37:30,206] {scheduler_job.py:182} INFO - Started process (PID=471515) to work on /home/navneetsajwan/airflow/etl/lib/python3.8/site-packages/airflow/example_dags/example_task_group.py
[2021-05-08 01:37:30,211] {scheduler_job.py:629} INFO - Processing file /home/navneetsajwan/airflow/etl/lib/python3.8/site-packages/airflow/example_dags/example_task_group.py for tasks to queue
[2021-05-08 01:37:30,215] {logging_mixin.py:104} INFO - [2021-05-08 01:37:30,214] {dagbag.py:451} INFO - Filling up the DagBag from /home/navneetsajwan/airflow/etl/lib/python3.8/site-packages/airflow/example_dags/example_task_group.py
[2021-05-08 01:37:30,236] {scheduler_job.py:639} INFO - DAG(s) dict_keys(['example_task_group']) retrieved from /home/navneetsajwan/airflow/etl/lib/python3.8/site-packages/airflow/example_dags/example_task_group.py
[2021-05-08 01:37:30,259] {logging_mixin.py:104} INFO - [2021-05-08 01:37:30,259] {dag.py:1824} INFO - Sync 1 DAGs
[2021-05-08 01:37:30,277] {logging_mixin.py:104} INFO - [2021-05-08 01:37:30,277] {dag.py:2280} INFO - Setting next_dagrun for example_task_group to 2021-05-05 00:00:00+00:00
[2021-05-08 01:37:30,417] {scheduler_job.py:190} INFO - Processing /home/navneetsajwan/airflow/etl/lib/python3.8/site-packages/airflow/example_dags/example_task_group.py took 0.216 seconds
[2021-05-08 01:38:17,111] {scheduler_job.py:182} INFO - Started process (PID=472195) to work on /home/navneetsajwan/airflow/etl/lib/python3.8/site-packages/airflow/example_dags/example_task_group.py
[2021-05-08 01:38:17,113] {scheduler_job.py:629} INFO - Processing file /home/navneetsajwan/airflow/etl/lib/python3.8/site-packages/airflow/example_dags/example_task_group.py for tasks to queue
[2021-05-08 01:38:17,114] {logging_mixin.py:104} INFO - [2021-05-08 01:38:17,114] {dagbag.py:451} INFO - Filling up the DagBag from /home/navneetsajwan/airflow/etl/lib/python3.8/site-packages/airflow/example_dags/example_task_group.py
[2021-05-08 01:38:17,233] {scheduler_job.py:639} INFO - DAG(s) dict_keys(['example_task_group']) retrieved from /home/navneetsajwan/airflow/etl/lib/python3.8/site-packages/airflow/example_dags/example_task_group.py
[2021-05-08 01:38:17,346] {logging_mixin.py:104} INFO - [2021-05-08 01:38:17,346] {dag.py:1824} INFO - Sync 1 DAGs
[2021-05-08 01:38:17,408] {logging_mixin.py:104} INFO - [2021-05-08 01:38:17,408] {dag.py:2280} INFO - Setting next_dagrun for example_task_group to 2021-05-05 00:00:00+00:00
[2021-05-08 01:38:18,597] {scheduler_job.py:190} INFO - Processing /home/navneetsajwan/airflow/etl/lib/python3.8/site-packages/airflow/example_dags/example_task_group.py took 1.534 seconds
