[2021-05-08 01:07:32,697] {scheduler_job.py:182} INFO - Started process (PID=440260) to work on /home/navneetsajwan/airflow/etl/lib/python3.8/site-packages/airflow/example_dags/example_branch_operator.py
[2021-05-08 01:07:32,703] {scheduler_job.py:629} INFO - Processing file /home/navneetsajwan/airflow/etl/lib/python3.8/site-packages/airflow/example_dags/example_branch_operator.py for tasks to queue
[2021-05-08 01:07:32,704] {logging_mixin.py:104} INFO - [2021-05-08 01:07:32,704] {dagbag.py:451} INFO - Filling up the DagBag from /home/navneetsajwan/airflow/etl/lib/python3.8/site-packages/airflow/example_dags/example_branch_operator.py
[2021-05-08 01:07:32,784] {scheduler_job.py:639} INFO - DAG(s) dict_keys(['example_branch_operator']) retrieved from /home/navneetsajwan/airflow/etl/lib/python3.8/site-packages/airflow/example_dags/example_branch_operator.py
[2021-05-08 01:07:32,870] {logging_mixin.py:104} INFO - [2021-05-08 01:07:32,869] {dag.py:1824} INFO - Sync 1 DAGs
[2021-05-08 01:07:32,966] {logging_mixin.py:104} INFO - [2021-05-08 01:07:32,965] {dag.py:2280} INFO - Setting next_dagrun for example_branch_operator to 2021-05-05 00:00:00+00:00
[2021-05-08 01:07:33,137] {scheduler_job.py:190} INFO - Processing /home/navneetsajwan/airflow/etl/lib/python3.8/site-packages/airflow/example_dags/example_branch_operator.py took 0.453 seconds
[2021-05-08 01:08:08,787] {scheduler_job.py:182} INFO - Started process (PID=440743) to work on /home/navneetsajwan/airflow/etl/lib/python3.8/site-packages/airflow/example_dags/example_branch_operator.py
[2021-05-08 01:08:08,789] {scheduler_job.py:629} INFO - Processing file /home/navneetsajwan/airflow/etl/lib/python3.8/site-packages/airflow/example_dags/example_branch_operator.py for tasks to queue
[2021-05-08 01:08:08,790] {logging_mixin.py:104} INFO - [2021-05-08 01:08:08,790] {dagbag.py:451} INFO - Filling up the DagBag from /home/navneetsajwan/airflow/etl/lib/python3.8/site-packages/airflow/example_dags/example_branch_operator.py
[2021-05-08 01:08:08,806] {scheduler_job.py:639} INFO - DAG(s) dict_keys(['example_branch_operator']) retrieved from /home/navneetsajwan/airflow/etl/lib/python3.8/site-packages/airflow/example_dags/example_branch_operator.py
[2021-05-08 01:08:08,823] {logging_mixin.py:104} INFO - [2021-05-08 01:08:08,823] {dag.py:1824} INFO - Sync 1 DAGs
[2021-05-08 01:08:08,846] {logging_mixin.py:104} INFO - [2021-05-08 01:08:08,846] {dag.py:2280} INFO - Setting next_dagrun for example_branch_operator to 2021-05-05 00:00:00+00:00
[2021-05-08 01:08:09,029] {scheduler_job.py:190} INFO - Processing /home/navneetsajwan/airflow/etl/lib/python3.8/site-packages/airflow/example_dags/example_branch_operator.py took 0.245 seconds
[2021-05-08 01:09:03,046] {scheduler_job.py:182} INFO - Started process (PID=441803) to work on /home/navneetsajwan/airflow/etl/lib/python3.8/site-packages/airflow/example_dags/example_branch_operator.py
[2021-05-08 01:09:03,051] {scheduler_job.py:629} INFO - Processing file /home/navneetsajwan/airflow/etl/lib/python3.8/site-packages/airflow/example_dags/example_branch_operator.py for tasks to queue
[2021-05-08 01:09:03,053] {logging_mixin.py:104} INFO - [2021-05-08 01:09:03,053] {dagbag.py:451} INFO - Filling up the DagBag from /home/navneetsajwan/airflow/etl/lib/python3.8/site-packages/airflow/example_dags/example_branch_operator.py
[2021-05-08 01:09:03,106] {scheduler_job.py:639} INFO - DAG(s) dict_keys(['example_branch_operator']) retrieved from /home/navneetsajwan/airflow/etl/lib/python3.8/site-packages/airflow/example_dags/example_branch_operator.py
[2021-05-08 01:09:03,145] {logging_mixin.py:104} INFO - [2021-05-08 01:09:03,145] {dag.py:1824} INFO - Sync 1 DAGs
[2021-05-08 01:09:03,200] {logging_mixin.py:104} INFO - [2021-05-08 01:09:03,200] {dag.py:2280} INFO - Setting next_dagrun for example_branch_operator to 2021-05-05 00:00:00+00:00
[2021-05-08 01:09:03,335] {scheduler_job.py:190} INFO - Processing /home/navneetsajwan/airflow/etl/lib/python3.8/site-packages/airflow/example_dags/example_branch_operator.py took 0.298 seconds
[2021-05-08 01:09:44,328] {scheduler_job.py:182} INFO - Started process (PID=442447) to work on /home/navneetsajwan/airflow/etl/lib/python3.8/site-packages/airflow/example_dags/example_branch_operator.py
[2021-05-08 01:09:44,337] {scheduler_job.py:629} INFO - Processing file /home/navneetsajwan/airflow/etl/lib/python3.8/site-packages/airflow/example_dags/example_branch_operator.py for tasks to queue
[2021-05-08 01:09:44,338] {logging_mixin.py:104} INFO - [2021-05-08 01:09:44,337] {dagbag.py:451} INFO - Filling up the DagBag from /home/navneetsajwan/airflow/etl/lib/python3.8/site-packages/airflow/example_dags/example_branch_operator.py
[2021-05-08 01:09:44,463] {scheduler_job.py:639} INFO - DAG(s) dict_keys(['example_branch_operator']) retrieved from /home/navneetsajwan/airflow/etl/lib/python3.8/site-packages/airflow/example_dags/example_branch_operator.py
[2021-05-08 01:09:44,523] {logging_mixin.py:104} INFO - [2021-05-08 01:09:44,522] {dag.py:1824} INFO - Sync 1 DAGs
[2021-05-08 01:09:44,583] {logging_mixin.py:104} INFO - [2021-05-08 01:09:44,583] {dag.py:2280} INFO - Setting next_dagrun for example_branch_operator to 2021-05-05 00:00:00+00:00
[2021-05-08 01:09:44,712] {scheduler_job.py:190} INFO - Processing /home/navneetsajwan/airflow/etl/lib/python3.8/site-packages/airflow/example_dags/example_branch_operator.py took 0.408 seconds
[2021-05-08 01:10:17,355] {scheduler_job.py:182} INFO - Started process (PID=442920) to work on /home/navneetsajwan/airflow/etl/lib/python3.8/site-packages/airflow/example_dags/example_branch_operator.py
[2021-05-08 01:10:17,357] {scheduler_job.py:629} INFO - Processing file /home/navneetsajwan/airflow/etl/lib/python3.8/site-packages/airflow/example_dags/example_branch_operator.py for tasks to queue
[2021-05-08 01:10:17,358] {logging_mixin.py:104} INFO - [2021-05-08 01:10:17,358] {dagbag.py:451} INFO - Filling up the DagBag from /home/navneetsajwan/airflow/etl/lib/python3.8/site-packages/airflow/example_dags/example_branch_operator.py
[2021-05-08 01:10:17,412] {scheduler_job.py:639} INFO - DAG(s) dict_keys(['example_branch_operator']) retrieved from /home/navneetsajwan/airflow/etl/lib/python3.8/site-packages/airflow/example_dags/example_branch_operator.py
[2021-05-08 01:10:17,443] {logging_mixin.py:104} INFO - [2021-05-08 01:10:17,443] {dag.py:1824} INFO - Sync 1 DAGs
[2021-05-08 01:10:17,486] {logging_mixin.py:104} INFO - [2021-05-08 01:10:17,486] {dag.py:2280} INFO - Setting next_dagrun for example_branch_operator to 2021-05-05 00:00:00+00:00
[2021-05-08 01:10:17,649] {scheduler_job.py:190} INFO - Processing /home/navneetsajwan/airflow/etl/lib/python3.8/site-packages/airflow/example_dags/example_branch_operator.py took 0.299 seconds
[2021-05-08 01:10:58,917] {scheduler_job.py:182} INFO - Started process (PID=443795) to work on /home/navneetsajwan/airflow/etl/lib/python3.8/site-packages/airflow/example_dags/example_branch_operator.py
[2021-05-08 01:10:58,920] {scheduler_job.py:629} INFO - Processing file /home/navneetsajwan/airflow/etl/lib/python3.8/site-packages/airflow/example_dags/example_branch_operator.py for tasks to queue
[2021-05-08 01:10:58,921] {logging_mixin.py:104} INFO - [2021-05-08 01:10:58,921] {dagbag.py:451} INFO - Filling up the DagBag from /home/navneetsajwan/airflow/etl/lib/python3.8/site-packages/airflow/example_dags/example_branch_operator.py
[2021-05-08 01:10:58,976] {scheduler_job.py:639} INFO - DAG(s) dict_keys(['example_branch_operator']) retrieved from /home/navneetsajwan/airflow/etl/lib/python3.8/site-packages/airflow/example_dags/example_branch_operator.py
[2021-05-08 01:10:59,005] {logging_mixin.py:104} INFO - [2021-05-08 01:10:59,005] {dag.py:1824} INFO - Sync 1 DAGs
[2021-05-08 01:10:59,047] {logging_mixin.py:104} INFO - [2021-05-08 01:10:59,047] {dag.py:2280} INFO - Setting next_dagrun for example_branch_operator to 2021-05-05 00:00:00+00:00
[2021-05-08 01:10:59,192] {scheduler_job.py:190} INFO - Processing /home/navneetsajwan/airflow/etl/lib/python3.8/site-packages/airflow/example_dags/example_branch_operator.py took 0.287 seconds
[2021-05-08 01:11:31,845] {scheduler_job.py:182} INFO - Started process (PID=444270) to work on /home/navneetsajwan/airflow/etl/lib/python3.8/site-packages/airflow/example_dags/example_branch_operator.py
[2021-05-08 01:11:31,847] {scheduler_job.py:629} INFO - Processing file /home/navneetsajwan/airflow/etl/lib/python3.8/site-packages/airflow/example_dags/example_branch_operator.py for tasks to queue
[2021-05-08 01:11:31,848] {logging_mixin.py:104} INFO - [2021-05-08 01:11:31,848] {dagbag.py:451} INFO - Filling up the DagBag from /home/navneetsajwan/airflow/etl/lib/python3.8/site-packages/airflow/example_dags/example_branch_operator.py
[2021-05-08 01:11:31,936] {scheduler_job.py:639} INFO - DAG(s) dict_keys(['example_branch_operator']) retrieved from /home/navneetsajwan/airflow/etl/lib/python3.8/site-packages/airflow/example_dags/example_branch_operator.py
[2021-05-08 01:11:32,055] {logging_mixin.py:104} INFO - [2021-05-08 01:11:32,054] {dag.py:1824} INFO - Sync 1 DAGs
[2021-05-08 01:11:32,246] {logging_mixin.py:104} INFO - [2021-05-08 01:11:32,246] {dag.py:2280} INFO - Setting next_dagrun for example_branch_operator to 2021-05-05 00:00:00+00:00
[2021-05-08 01:11:32,427] {scheduler_job.py:190} INFO - Processing /home/navneetsajwan/airflow/etl/lib/python3.8/site-packages/airflow/example_dags/example_branch_operator.py took 0.587 seconds
[2021-05-08 01:15:09,427] {scheduler_job.py:182} INFO - Started process (PID=447846) to work on /home/navneetsajwan/airflow/etl/lib/python3.8/site-packages/airflow/example_dags/example_branch_operator.py
[2021-05-08 01:15:09,428] {scheduler_job.py:629} INFO - Processing file /home/navneetsajwan/airflow/etl/lib/python3.8/site-packages/airflow/example_dags/example_branch_operator.py for tasks to queue
[2021-05-08 01:15:09,429] {logging_mixin.py:104} INFO - [2021-05-08 01:15:09,429] {dagbag.py:451} INFO - Filling up the DagBag from /home/navneetsajwan/airflow/etl/lib/python3.8/site-packages/airflow/example_dags/example_branch_operator.py
[2021-05-08 01:15:09,446] {scheduler_job.py:639} INFO - DAG(s) dict_keys(['example_branch_operator']) retrieved from /home/navneetsajwan/airflow/etl/lib/python3.8/site-packages/airflow/example_dags/example_branch_operator.py
[2021-05-08 01:15:09,471] {logging_mixin.py:104} INFO - [2021-05-08 01:15:09,471] {dag.py:1824} INFO - Sync 1 DAGs
[2021-05-08 01:15:09,508] {logging_mixin.py:104} INFO - [2021-05-08 01:15:09,508] {dag.py:2280} INFO - Setting next_dagrun for example_branch_operator to 2021-05-05 00:00:00+00:00
[2021-05-08 01:15:09,604] {scheduler_job.py:190} INFO - Processing /home/navneetsajwan/airflow/etl/lib/python3.8/site-packages/airflow/example_dags/example_branch_operator.py took 0.183 seconds
[2021-05-08 01:15:42,608] {scheduler_job.py:182} INFO - Started process (PID=448519) to work on /home/navneetsajwan/airflow/etl/lib/python3.8/site-packages/airflow/example_dags/example_branch_operator.py
[2021-05-08 01:15:42,609] {scheduler_job.py:629} INFO - Processing file /home/navneetsajwan/airflow/etl/lib/python3.8/site-packages/airflow/example_dags/example_branch_operator.py for tasks to queue
[2021-05-08 01:15:42,616] {logging_mixin.py:104} INFO - [2021-05-08 01:15:42,610] {dagbag.py:451} INFO - Filling up the DagBag from /home/navneetsajwan/airflow/etl/lib/python3.8/site-packages/airflow/example_dags/example_branch_operator.py
[2021-05-08 01:15:42,674] {scheduler_job.py:639} INFO - DAG(s) dict_keys(['example_branch_operator']) retrieved from /home/navneetsajwan/airflow/etl/lib/python3.8/site-packages/airflow/example_dags/example_branch_operator.py
[2021-05-08 01:15:42,751] {logging_mixin.py:104} INFO - [2021-05-08 01:15:42,746] {dag.py:1824} INFO - Sync 1 DAGs
[2021-05-08 01:15:42,833] {logging_mixin.py:104} INFO - [2021-05-08 01:15:42,833] {dag.py:2280} INFO - Setting next_dagrun for example_branch_operator to 2021-05-05 00:00:00+00:00
[2021-05-08 01:15:42,931] {scheduler_job.py:190} INFO - Processing /home/navneetsajwan/airflow/etl/lib/python3.8/site-packages/airflow/example_dags/example_branch_operator.py took 0.344 seconds
[2021-05-08 01:16:17,879] {scheduler_job.py:182} INFO - Started process (PID=449143) to work on /home/navneetsajwan/airflow/etl/lib/python3.8/site-packages/airflow/example_dags/example_branch_operator.py
[2021-05-08 01:16:17,881] {scheduler_job.py:629} INFO - Processing file /home/navneetsajwan/airflow/etl/lib/python3.8/site-packages/airflow/example_dags/example_branch_operator.py for tasks to queue
[2021-05-08 01:16:17,882] {logging_mixin.py:104} INFO - [2021-05-08 01:16:17,881] {dagbag.py:451} INFO - Filling up the DagBag from /home/navneetsajwan/airflow/etl/lib/python3.8/site-packages/airflow/example_dags/example_branch_operator.py
[2021-05-08 01:16:17,899] {scheduler_job.py:639} INFO - DAG(s) dict_keys(['example_branch_operator']) retrieved from /home/navneetsajwan/airflow/etl/lib/python3.8/site-packages/airflow/example_dags/example_branch_operator.py
[2021-05-08 01:16:17,921] {logging_mixin.py:104} INFO - [2021-05-08 01:16:17,921] {dag.py:1824} INFO - Sync 1 DAGs
[2021-05-08 01:16:17,943] {logging_mixin.py:104} INFO - [2021-05-08 01:16:17,943] {dag.py:2280} INFO - Setting next_dagrun for example_branch_operator to 2021-05-05 00:00:00+00:00
[2021-05-08 01:16:18,078] {scheduler_job.py:190} INFO - Processing /home/navneetsajwan/airflow/etl/lib/python3.8/site-packages/airflow/example_dags/example_branch_operator.py took 0.203 seconds
[2021-05-08 01:16:52,669] {scheduler_job.py:182} INFO - Started process (PID=449672) to work on /home/navneetsajwan/airflow/etl/lib/python3.8/site-packages/airflow/example_dags/example_branch_operator.py
[2021-05-08 01:16:52,672] {scheduler_job.py:629} INFO - Processing file /home/navneetsajwan/airflow/etl/lib/python3.8/site-packages/airflow/example_dags/example_branch_operator.py for tasks to queue
[2021-05-08 01:16:52,673] {logging_mixin.py:104} INFO - [2021-05-08 01:16:52,673] {dagbag.py:451} INFO - Filling up the DagBag from /home/navneetsajwan/airflow/etl/lib/python3.8/site-packages/airflow/example_dags/example_branch_operator.py
[2021-05-08 01:16:52,715] {scheduler_job.py:639} INFO - DAG(s) dict_keys(['example_branch_operator']) retrieved from /home/navneetsajwan/airflow/etl/lib/python3.8/site-packages/airflow/example_dags/example_branch_operator.py
[2021-05-08 01:16:52,756] {logging_mixin.py:104} INFO - [2021-05-08 01:16:52,756] {dag.py:1824} INFO - Sync 1 DAGs
[2021-05-08 01:16:52,945] {logging_mixin.py:104} INFO - [2021-05-08 01:16:52,945] {dag.py:2280} INFO - Setting next_dagrun for example_branch_operator to 2021-05-05 00:00:00+00:00
[2021-05-08 01:16:53,117] {scheduler_job.py:190} INFO - Processing /home/navneetsajwan/airflow/etl/lib/python3.8/site-packages/airflow/example_dags/example_branch_operator.py took 0.456 seconds
[2021-05-08 01:17:45,275] {scheduler_job.py:182} INFO - Started process (PID=450785) to work on /home/navneetsajwan/airflow/etl/lib/python3.8/site-packages/airflow/example_dags/example_branch_operator.py
[2021-05-08 01:17:45,276] {scheduler_job.py:629} INFO - Processing file /home/navneetsajwan/airflow/etl/lib/python3.8/site-packages/airflow/example_dags/example_branch_operator.py for tasks to queue
[2021-05-08 01:17:45,277] {logging_mixin.py:104} INFO - [2021-05-08 01:17:45,277] {dagbag.py:451} INFO - Filling up the DagBag from /home/navneetsajwan/airflow/etl/lib/python3.8/site-packages/airflow/example_dags/example_branch_operator.py
[2021-05-08 01:17:45,290] {scheduler_job.py:639} INFO - DAG(s) dict_keys(['example_branch_operator']) retrieved from /home/navneetsajwan/airflow/etl/lib/python3.8/site-packages/airflow/example_dags/example_branch_operator.py
[2021-05-08 01:17:45,309] {logging_mixin.py:104} INFO - [2021-05-08 01:17:45,309] {dag.py:1824} INFO - Sync 1 DAGs
[2021-05-08 01:17:45,337] {logging_mixin.py:104} INFO - [2021-05-08 01:17:45,337] {dag.py:2280} INFO - Setting next_dagrun for example_branch_operator to 2021-05-05 00:00:00+00:00
[2021-05-08 01:17:45,489] {scheduler_job.py:190} INFO - Processing /home/navneetsajwan/airflow/etl/lib/python3.8/site-packages/airflow/example_dags/example_branch_operator.py took 0.217 seconds
[2021-05-08 01:18:19,698] {scheduler_job.py:182} INFO - Started process (PID=451278) to work on /home/navneetsajwan/airflow/etl/lib/python3.8/site-packages/airflow/example_dags/example_branch_operator.py
[2021-05-08 01:18:19,700] {scheduler_job.py:629} INFO - Processing file /home/navneetsajwan/airflow/etl/lib/python3.8/site-packages/airflow/example_dags/example_branch_operator.py for tasks to queue
[2021-05-08 01:18:19,702] {logging_mixin.py:104} INFO - [2021-05-08 01:18:19,702] {dagbag.py:451} INFO - Filling up the DagBag from /home/navneetsajwan/airflow/etl/lib/python3.8/site-packages/airflow/example_dags/example_branch_operator.py
[2021-05-08 01:18:19,718] {scheduler_job.py:639} INFO - DAG(s) dict_keys(['example_branch_operator']) retrieved from /home/navneetsajwan/airflow/etl/lib/python3.8/site-packages/airflow/example_dags/example_branch_operator.py
[2021-05-08 01:18:19,741] {logging_mixin.py:104} INFO - [2021-05-08 01:18:19,741] {dag.py:1824} INFO - Sync 1 DAGs
[2021-05-08 01:18:19,781] {logging_mixin.py:104} INFO - [2021-05-08 01:18:19,781] {dag.py:2280} INFO - Setting next_dagrun for example_branch_operator to 2021-05-05 00:00:00+00:00
[2021-05-08 01:18:19,933] {scheduler_job.py:190} INFO - Processing /home/navneetsajwan/airflow/etl/lib/python3.8/site-packages/airflow/example_dags/example_branch_operator.py took 0.240 seconds
[2021-05-08 01:19:00,998] {scheduler_job.py:182} INFO - Started process (PID=451921) to work on /home/navneetsajwan/airflow/etl/lib/python3.8/site-packages/airflow/example_dags/example_branch_operator.py
[2021-05-08 01:19:01,000] {scheduler_job.py:629} INFO - Processing file /home/navneetsajwan/airflow/etl/lib/python3.8/site-packages/airflow/example_dags/example_branch_operator.py for tasks to queue
[2021-05-08 01:19:01,001] {logging_mixin.py:104} INFO - [2021-05-08 01:19:01,001] {dagbag.py:451} INFO - Filling up the DagBag from /home/navneetsajwan/airflow/etl/lib/python3.8/site-packages/airflow/example_dags/example_branch_operator.py
[2021-05-08 01:19:01,013] {scheduler_job.py:639} INFO - DAG(s) dict_keys(['example_branch_operator']) retrieved from /home/navneetsajwan/airflow/etl/lib/python3.8/site-packages/airflow/example_dags/example_branch_operator.py
[2021-05-08 01:19:01,041] {logging_mixin.py:104} INFO - [2021-05-08 01:19:01,041] {dag.py:1824} INFO - Sync 1 DAGs
[2021-05-08 01:19:01,078] {logging_mixin.py:104} INFO - [2021-05-08 01:19:01,078] {dag.py:2280} INFO - Setting next_dagrun for example_branch_operator to 2021-05-05 00:00:00+00:00
[2021-05-08 01:19:02,041] {scheduler_job.py:190} INFO - Processing /home/navneetsajwan/airflow/etl/lib/python3.8/site-packages/airflow/example_dags/example_branch_operator.py took 1.046 seconds
[2021-05-08 01:19:45,872] {scheduler_job.py:182} INFO - Started process (PID=452845) to work on /home/navneetsajwan/airflow/etl/lib/python3.8/site-packages/airflow/example_dags/example_branch_operator.py
[2021-05-08 01:19:45,903] {scheduler_job.py:629} INFO - Processing file /home/navneetsajwan/airflow/etl/lib/python3.8/site-packages/airflow/example_dags/example_branch_operator.py for tasks to queue
[2021-05-08 01:19:45,904] {logging_mixin.py:104} INFO - [2021-05-08 01:19:45,904] {dagbag.py:451} INFO - Filling up the DagBag from /home/navneetsajwan/airflow/etl/lib/python3.8/site-packages/airflow/example_dags/example_branch_operator.py
[2021-05-08 01:19:45,977] {scheduler_job.py:639} INFO - DAG(s) dict_keys(['example_branch_operator']) retrieved from /home/navneetsajwan/airflow/etl/lib/python3.8/site-packages/airflow/example_dags/example_branch_operator.py
[2021-05-08 01:19:46,083] {logging_mixin.py:104} INFO - [2021-05-08 01:19:46,077] {dag.py:1824} INFO - Sync 1 DAGs
[2021-05-08 01:19:46,293] {logging_mixin.py:104} INFO - [2021-05-08 01:19:46,292] {dag.py:2280} INFO - Setting next_dagrun for example_branch_operator to 2021-05-05 00:00:00+00:00
[2021-05-08 01:19:46,511] {scheduler_job.py:190} INFO - Processing /home/navneetsajwan/airflow/etl/lib/python3.8/site-packages/airflow/example_dags/example_branch_operator.py took 0.679 seconds
[2021-05-08 01:20:40,641] {scheduler_job.py:182} INFO - Started process (PID=453622) to work on /home/navneetsajwan/airflow/etl/lib/python3.8/site-packages/airflow/example_dags/example_branch_operator.py
[2021-05-08 01:20:40,644] {scheduler_job.py:629} INFO - Processing file /home/navneetsajwan/airflow/etl/lib/python3.8/site-packages/airflow/example_dags/example_branch_operator.py for tasks to queue
[2021-05-08 01:20:40,645] {logging_mixin.py:104} INFO - [2021-05-08 01:20:40,645] {dagbag.py:451} INFO - Filling up the DagBag from /home/navneetsajwan/airflow/etl/lib/python3.8/site-packages/airflow/example_dags/example_branch_operator.py
[2021-05-08 01:20:40,660] {scheduler_job.py:639} INFO - DAG(s) dict_keys(['example_branch_operator']) retrieved from /home/navneetsajwan/airflow/etl/lib/python3.8/site-packages/airflow/example_dags/example_branch_operator.py
[2021-05-08 01:20:40,682] {logging_mixin.py:104} INFO - [2021-05-08 01:20:40,682] {dag.py:1824} INFO - Sync 1 DAGs
[2021-05-08 01:20:40,716] {logging_mixin.py:104} INFO - [2021-05-08 01:20:40,715] {dag.py:2280} INFO - Setting next_dagrun for example_branch_operator to 2021-05-05 00:00:00+00:00
[2021-05-08 01:20:40,876] {scheduler_job.py:190} INFO - Processing /home/navneetsajwan/airflow/etl/lib/python3.8/site-packages/airflow/example_dags/example_branch_operator.py took 0.239 seconds
[2021-05-08 01:21:14,041] {scheduler_job.py:182} INFO - Started process (PID=454436) to work on /home/navneetsajwan/airflow/etl/lib/python3.8/site-packages/airflow/example_dags/example_branch_operator.py
[2021-05-08 01:21:14,043] {scheduler_job.py:629} INFO - Processing file /home/navneetsajwan/airflow/etl/lib/python3.8/site-packages/airflow/example_dags/example_branch_operator.py for tasks to queue
[2021-05-08 01:21:14,043] {logging_mixin.py:104} INFO - [2021-05-08 01:21:14,043] {dagbag.py:451} INFO - Filling up the DagBag from /home/navneetsajwan/airflow/etl/lib/python3.8/site-packages/airflow/example_dags/example_branch_operator.py
[2021-05-08 01:21:14,057] {scheduler_job.py:639} INFO - DAG(s) dict_keys(['example_branch_operator']) retrieved from /home/navneetsajwan/airflow/etl/lib/python3.8/site-packages/airflow/example_dags/example_branch_operator.py
[2021-05-08 01:21:14,080] {logging_mixin.py:104} INFO - [2021-05-08 01:21:14,079] {dag.py:1824} INFO - Sync 1 DAGs
[2021-05-08 01:21:14,105] {logging_mixin.py:104} INFO - [2021-05-08 01:21:14,104] {dag.py:2280} INFO - Setting next_dagrun for example_branch_operator to 2021-05-05 00:00:00+00:00
[2021-05-08 01:21:14,235] {scheduler_job.py:190} INFO - Processing /home/navneetsajwan/airflow/etl/lib/python3.8/site-packages/airflow/example_dags/example_branch_operator.py took 0.198 seconds
[2021-05-08 01:21:50,168] {scheduler_job.py:182} INFO - Started process (PID=454924) to work on /home/navneetsajwan/airflow/etl/lib/python3.8/site-packages/airflow/example_dags/example_branch_operator.py
[2021-05-08 01:21:50,170] {scheduler_job.py:629} INFO - Processing file /home/navneetsajwan/airflow/etl/lib/python3.8/site-packages/airflow/example_dags/example_branch_operator.py for tasks to queue
[2021-05-08 01:21:50,171] {logging_mixin.py:104} INFO - [2021-05-08 01:21:50,171] {dagbag.py:451} INFO - Filling up the DagBag from /home/navneetsajwan/airflow/etl/lib/python3.8/site-packages/airflow/example_dags/example_branch_operator.py
[2021-05-08 01:21:50,183] {scheduler_job.py:639} INFO - DAG(s) dict_keys(['example_branch_operator']) retrieved from /home/navneetsajwan/airflow/etl/lib/python3.8/site-packages/airflow/example_dags/example_branch_operator.py
[2021-05-08 01:21:50,203] {logging_mixin.py:104} INFO - [2021-05-08 01:21:50,203] {dag.py:1824} INFO - Sync 1 DAGs
[2021-05-08 01:21:50,233] {logging_mixin.py:104} INFO - [2021-05-08 01:21:50,232] {dag.py:2280} INFO - Setting next_dagrun for example_branch_operator to 2021-05-05 00:00:00+00:00
[2021-05-08 01:21:50,337] {scheduler_job.py:190} INFO - Processing /home/navneetsajwan/airflow/etl/lib/python3.8/site-packages/airflow/example_dags/example_branch_operator.py took 0.174 seconds
[2021-05-08 01:22:21,292] {scheduler_job.py:182} INFO - Started process (PID=455380) to work on /home/navneetsajwan/airflow/etl/lib/python3.8/site-packages/airflow/example_dags/example_branch_operator.py
[2021-05-08 01:22:21,294] {scheduler_job.py:629} INFO - Processing file /home/navneetsajwan/airflow/etl/lib/python3.8/site-packages/airflow/example_dags/example_branch_operator.py for tasks to queue
[2021-05-08 01:22:21,295] {logging_mixin.py:104} INFO - [2021-05-08 01:22:21,295] {dagbag.py:451} INFO - Filling up the DagBag from /home/navneetsajwan/airflow/etl/lib/python3.8/site-packages/airflow/example_dags/example_branch_operator.py
[2021-05-08 01:22:21,312] {scheduler_job.py:639} INFO - DAG(s) dict_keys(['example_branch_operator']) retrieved from /home/navneetsajwan/airflow/etl/lib/python3.8/site-packages/airflow/example_dags/example_branch_operator.py
[2021-05-08 01:22:21,341] {logging_mixin.py:104} INFO - [2021-05-08 01:22:21,340] {dag.py:1824} INFO - Sync 1 DAGs
[2021-05-08 01:22:21,364] {logging_mixin.py:104} INFO - [2021-05-08 01:22:21,363] {dag.py:2280} INFO - Setting next_dagrun for example_branch_operator to 2021-05-05 00:00:00+00:00
[2021-05-08 01:22:22,260] {scheduler_job.py:190} INFO - Processing /home/navneetsajwan/airflow/etl/lib/python3.8/site-packages/airflow/example_dags/example_branch_operator.py took 0.972 seconds
[2021-05-08 01:23:01,059] {scheduler_job.py:182} INFO - Started process (PID=456217) to work on /home/navneetsajwan/airflow/etl/lib/python3.8/site-packages/airflow/example_dags/example_branch_operator.py
[2021-05-08 01:23:01,060] {scheduler_job.py:629} INFO - Processing file /home/navneetsajwan/airflow/etl/lib/python3.8/site-packages/airflow/example_dags/example_branch_operator.py for tasks to queue
[2021-05-08 01:23:01,061] {logging_mixin.py:104} INFO - [2021-05-08 01:23:01,061] {dagbag.py:451} INFO - Filling up the DagBag from /home/navneetsajwan/airflow/etl/lib/python3.8/site-packages/airflow/example_dags/example_branch_operator.py
[2021-05-08 01:23:01,076] {scheduler_job.py:639} INFO - DAG(s) dict_keys(['example_branch_operator']) retrieved from /home/navneetsajwan/airflow/etl/lib/python3.8/site-packages/airflow/example_dags/example_branch_operator.py
[2021-05-08 01:23:01,097] {logging_mixin.py:104} INFO - [2021-05-08 01:23:01,097] {dag.py:1824} INFO - Sync 1 DAGs
[2021-05-08 01:23:01,122] {logging_mixin.py:104} INFO - [2021-05-08 01:23:01,121] {dag.py:2280} INFO - Setting next_dagrun for example_branch_operator to 2021-05-05 00:00:00+00:00
[2021-05-08 01:23:01,208] {scheduler_job.py:190} INFO - Processing /home/navneetsajwan/airflow/etl/lib/python3.8/site-packages/airflow/example_dags/example_branch_operator.py took 0.152 seconds
[2021-05-08 01:23:37,307] {scheduler_job.py:182} INFO - Started process (PID=456723) to work on /home/navneetsajwan/airflow/etl/lib/python3.8/site-packages/airflow/example_dags/example_branch_operator.py
[2021-05-08 01:23:37,310] {scheduler_job.py:629} INFO - Processing file /home/navneetsajwan/airflow/etl/lib/python3.8/site-packages/airflow/example_dags/example_branch_operator.py for tasks to queue
[2021-05-08 01:23:37,312] {logging_mixin.py:104} INFO - [2021-05-08 01:23:37,312] {dagbag.py:451} INFO - Filling up the DagBag from /home/navneetsajwan/airflow/etl/lib/python3.8/site-packages/airflow/example_dags/example_branch_operator.py
[2021-05-08 01:23:37,355] {scheduler_job.py:639} INFO - DAG(s) dict_keys(['example_branch_operator']) retrieved from /home/navneetsajwan/airflow/etl/lib/python3.8/site-packages/airflow/example_dags/example_branch_operator.py
[2021-05-08 01:23:37,476] {logging_mixin.py:104} INFO - [2021-05-08 01:23:37,475] {dag.py:1824} INFO - Sync 1 DAGs
[2021-05-08 01:23:37,710] {logging_mixin.py:104} INFO - [2021-05-08 01:23:37,704] {dag.py:2280} INFO - Setting next_dagrun for example_branch_operator to 2021-05-05 00:00:00+00:00
[2021-05-08 01:23:37,979] {scheduler_job.py:190} INFO - Processing /home/navneetsajwan/airflow/etl/lib/python3.8/site-packages/airflow/example_dags/example_branch_operator.py took 0.680 seconds
[2021-05-08 01:24:27,617] {scheduler_job.py:182} INFO - Started process (PID=457774) to work on /home/navneetsajwan/airflow/etl/lib/python3.8/site-packages/airflow/example_dags/example_branch_operator.py
[2021-05-08 01:24:27,627] {scheduler_job.py:629} INFO - Processing file /home/navneetsajwan/airflow/etl/lib/python3.8/site-packages/airflow/example_dags/example_branch_operator.py for tasks to queue
[2021-05-08 01:24:27,628] {logging_mixin.py:104} INFO - [2021-05-08 01:24:27,628] {dagbag.py:451} INFO - Filling up the DagBag from /home/navneetsajwan/airflow/etl/lib/python3.8/site-packages/airflow/example_dags/example_branch_operator.py
[2021-05-08 01:24:27,649] {scheduler_job.py:639} INFO - DAG(s) dict_keys(['example_branch_operator']) retrieved from /home/navneetsajwan/airflow/etl/lib/python3.8/site-packages/airflow/example_dags/example_branch_operator.py
[2021-05-08 01:24:27,682] {logging_mixin.py:104} INFO - [2021-05-08 01:24:27,682] {dag.py:1824} INFO - Sync 1 DAGs
[2021-05-08 01:24:27,745] {logging_mixin.py:104} INFO - [2021-05-08 01:24:27,744] {dag.py:2280} INFO - Setting next_dagrun for example_branch_operator to 2021-05-05 00:00:00+00:00
[2021-05-08 01:24:27,915] {scheduler_job.py:190} INFO - Processing /home/navneetsajwan/airflow/etl/lib/python3.8/site-packages/airflow/example_dags/example_branch_operator.py took 0.311 seconds
[2021-05-08 01:25:26,561] {scheduler_job.py:182} INFO - Started process (PID=458739) to work on /home/navneetsajwan/airflow/etl/lib/python3.8/site-packages/airflow/example_dags/example_branch_operator.py
[2021-05-08 01:25:26,572] {scheduler_job.py:629} INFO - Processing file /home/navneetsajwan/airflow/etl/lib/python3.8/site-packages/airflow/example_dags/example_branch_operator.py for tasks to queue
[2021-05-08 01:25:26,575] {logging_mixin.py:104} INFO - [2021-05-08 01:25:26,573] {dagbag.py:451} INFO - Filling up the DagBag from /home/navneetsajwan/airflow/etl/lib/python3.8/site-packages/airflow/example_dags/example_branch_operator.py
[2021-05-08 01:25:26,638] {scheduler_job.py:639} INFO - DAG(s) dict_keys(['example_branch_operator']) retrieved from /home/navneetsajwan/airflow/etl/lib/python3.8/site-packages/airflow/example_dags/example_branch_operator.py
[2021-05-08 01:25:26,729] {logging_mixin.py:104} INFO - [2021-05-08 01:25:26,729] {dag.py:1824} INFO - Sync 1 DAGs
[2021-05-08 01:25:26,854] {logging_mixin.py:104} INFO - [2021-05-08 01:25:26,853] {dag.py:2280} INFO - Setting next_dagrun for example_branch_operator to 2021-05-05 00:00:00+00:00
[2021-05-08 01:25:26,980] {scheduler_job.py:190} INFO - Processing /home/navneetsajwan/airflow/etl/lib/python3.8/site-packages/airflow/example_dags/example_branch_operator.py took 0.429 seconds
[2021-05-08 01:26:34,842] {scheduler_job.py:182} INFO - Started process (PID=459981) to work on /home/navneetsajwan/airflow/etl/lib/python3.8/site-packages/airflow/example_dags/example_branch_operator.py
[2021-05-08 01:26:34,855] {scheduler_job.py:629} INFO - Processing file /home/navneetsajwan/airflow/etl/lib/python3.8/site-packages/airflow/example_dags/example_branch_operator.py for tasks to queue
[2021-05-08 01:26:34,856] {logging_mixin.py:104} INFO - [2021-05-08 01:26:34,856] {dagbag.py:451} INFO - Filling up the DagBag from /home/navneetsajwan/airflow/etl/lib/python3.8/site-packages/airflow/example_dags/example_branch_operator.py
[2021-05-08 01:26:34,913] {scheduler_job.py:639} INFO - DAG(s) dict_keys(['example_branch_operator']) retrieved from /home/navneetsajwan/airflow/etl/lib/python3.8/site-packages/airflow/example_dags/example_branch_operator.py
[2021-05-08 01:26:35,118] {logging_mixin.py:104} INFO - [2021-05-08 01:26:35,118] {dag.py:1824} INFO - Sync 1 DAGs
[2021-05-08 01:26:35,304] {logging_mixin.py:104} INFO - [2021-05-08 01:26:35,304] {dag.py:2280} INFO - Setting next_dagrun for example_branch_operator to 2021-05-05 00:00:00+00:00
[2021-05-08 01:26:35,458] {scheduler_job.py:190} INFO - Processing /home/navneetsajwan/airflow/etl/lib/python3.8/site-packages/airflow/example_dags/example_branch_operator.py took 0.625 seconds
[2021-05-08 01:27:42,097] {scheduler_job.py:182} INFO - Started process (PID=461157) to work on /home/navneetsajwan/airflow/etl/lib/python3.8/site-packages/airflow/example_dags/example_branch_operator.py
[2021-05-08 01:27:42,099] {scheduler_job.py:629} INFO - Processing file /home/navneetsajwan/airflow/etl/lib/python3.8/site-packages/airflow/example_dags/example_branch_operator.py for tasks to queue
[2021-05-08 01:27:42,099] {logging_mixin.py:104} INFO - [2021-05-08 01:27:42,099] {dagbag.py:451} INFO - Filling up the DagBag from /home/navneetsajwan/airflow/etl/lib/python3.8/site-packages/airflow/example_dags/example_branch_operator.py
[2021-05-08 01:27:42,121] {scheduler_job.py:639} INFO - DAG(s) dict_keys(['example_branch_operator']) retrieved from /home/navneetsajwan/airflow/etl/lib/python3.8/site-packages/airflow/example_dags/example_branch_operator.py
[2021-05-08 01:27:42,143] {logging_mixin.py:104} INFO - [2021-05-08 01:27:42,143] {dag.py:1824} INFO - Sync 1 DAGs
[2021-05-08 01:27:42,171] {logging_mixin.py:104} INFO - [2021-05-08 01:27:42,171] {dag.py:2280} INFO - Setting next_dagrun for example_branch_operator to 2021-05-05 00:00:00+00:00
[2021-05-08 01:27:43,161] {scheduler_job.py:190} INFO - Processing /home/navneetsajwan/airflow/etl/lib/python3.8/site-packages/airflow/example_dags/example_branch_operator.py took 1.070 seconds
[2021-05-08 01:28:59,710] {scheduler_job.py:182} INFO - Started process (PID=462518) to work on /home/navneetsajwan/airflow/etl/lib/python3.8/site-packages/airflow/example_dags/example_branch_operator.py
[2021-05-08 01:28:59,718] {scheduler_job.py:629} INFO - Processing file /home/navneetsajwan/airflow/etl/lib/python3.8/site-packages/airflow/example_dags/example_branch_operator.py for tasks to queue
[2021-05-08 01:28:59,734] {logging_mixin.py:104} INFO - [2021-05-08 01:28:59,731] {dagbag.py:451} INFO - Filling up the DagBag from /home/navneetsajwan/airflow/etl/lib/python3.8/site-packages/airflow/example_dags/example_branch_operator.py
[2021-05-08 01:28:59,774] {scheduler_job.py:639} INFO - DAG(s) dict_keys(['example_branch_operator']) retrieved from /home/navneetsajwan/airflow/etl/lib/python3.8/site-packages/airflow/example_dags/example_branch_operator.py
[2021-05-08 01:28:59,896] {logging_mixin.py:104} INFO - [2021-05-08 01:28:59,896] {dag.py:1824} INFO - Sync 1 DAGs
[2021-05-08 01:29:00,025] {logging_mixin.py:104} INFO - [2021-05-08 01:29:00,024] {dag.py:2280} INFO - Setting next_dagrun for example_branch_operator to 2021-05-05 00:00:00+00:00
[2021-05-08 01:29:00,240] {scheduler_job.py:190} INFO - Processing /home/navneetsajwan/airflow/etl/lib/python3.8/site-packages/airflow/example_dags/example_branch_operator.py took 0.544 seconds
[2021-05-08 01:30:08,696] {scheduler_job.py:182} INFO - Started process (PID=463846) to work on /home/navneetsajwan/airflow/etl/lib/python3.8/site-packages/airflow/example_dags/example_branch_operator.py
[2021-05-08 01:30:08,698] {scheduler_job.py:629} INFO - Processing file /home/navneetsajwan/airflow/etl/lib/python3.8/site-packages/airflow/example_dags/example_branch_operator.py for tasks to queue
[2021-05-08 01:30:08,699] {logging_mixin.py:104} INFO - [2021-05-08 01:30:08,699] {dagbag.py:451} INFO - Filling up the DagBag from /home/navneetsajwan/airflow/etl/lib/python3.8/site-packages/airflow/example_dags/example_branch_operator.py
[2021-05-08 01:30:08,719] {scheduler_job.py:639} INFO - DAG(s) dict_keys(['example_branch_operator']) retrieved from /home/navneetsajwan/airflow/etl/lib/python3.8/site-packages/airflow/example_dags/example_branch_operator.py
[2021-05-08 01:30:08,743] {logging_mixin.py:104} INFO - [2021-05-08 01:30:08,743] {dag.py:1824} INFO - Sync 1 DAGs
[2021-05-08 01:30:08,780] {logging_mixin.py:104} INFO - [2021-05-08 01:30:08,779] {dag.py:2280} INFO - Setting next_dagrun for example_branch_operator to 2021-05-05 00:00:00+00:00
[2021-05-08 01:30:08,901] {scheduler_job.py:190} INFO - Processing /home/navneetsajwan/airflow/etl/lib/python3.8/site-packages/airflow/example_dags/example_branch_operator.py took 0.209 seconds
[2021-05-08 01:31:01,004] {scheduler_job.py:182} INFO - Started process (PID=464581) to work on /home/navneetsajwan/airflow/etl/lib/python3.8/site-packages/airflow/example_dags/example_branch_operator.py
[2021-05-08 01:31:01,008] {scheduler_job.py:629} INFO - Processing file /home/navneetsajwan/airflow/etl/lib/python3.8/site-packages/airflow/example_dags/example_branch_operator.py for tasks to queue
[2021-05-08 01:31:01,009] {logging_mixin.py:104} INFO - [2021-05-08 01:31:01,009] {dagbag.py:451} INFO - Filling up the DagBag from /home/navneetsajwan/airflow/etl/lib/python3.8/site-packages/airflow/example_dags/example_branch_operator.py
[2021-05-08 01:31:01,070] {scheduler_job.py:639} INFO - DAG(s) dict_keys(['example_branch_operator']) retrieved from /home/navneetsajwan/airflow/etl/lib/python3.8/site-packages/airflow/example_dags/example_branch_operator.py
[2021-05-08 01:31:01,106] {logging_mixin.py:104} INFO - [2021-05-08 01:31:01,106] {dag.py:1824} INFO - Sync 1 DAGs
[2021-05-08 01:31:01,207] {logging_mixin.py:104} INFO - [2021-05-08 01:31:01,207] {dag.py:2280} INFO - Setting next_dagrun for example_branch_operator to 2021-05-05 00:00:00+00:00
[2021-05-08 01:31:01,399] {scheduler_job.py:190} INFO - Processing /home/navneetsajwan/airflow/etl/lib/python3.8/site-packages/airflow/example_dags/example_branch_operator.py took 0.405 seconds
[2021-05-08 01:32:04,505] {scheduler_job.py:182} INFO - Started process (PID=465853) to work on /home/navneetsajwan/airflow/etl/lib/python3.8/site-packages/airflow/example_dags/example_branch_operator.py
[2021-05-08 01:32:04,507] {scheduler_job.py:629} INFO - Processing file /home/navneetsajwan/airflow/etl/lib/python3.8/site-packages/airflow/example_dags/example_branch_operator.py for tasks to queue
[2021-05-08 01:32:04,508] {logging_mixin.py:104} INFO - [2021-05-08 01:32:04,508] {dagbag.py:451} INFO - Filling up the DagBag from /home/navneetsajwan/airflow/etl/lib/python3.8/site-packages/airflow/example_dags/example_branch_operator.py
[2021-05-08 01:32:04,544] {scheduler_job.py:639} INFO - DAG(s) dict_keys(['example_branch_operator']) retrieved from /home/navneetsajwan/airflow/etl/lib/python3.8/site-packages/airflow/example_dags/example_branch_operator.py
[2021-05-08 01:32:04,573] {logging_mixin.py:104} INFO - [2021-05-08 01:32:04,572] {dag.py:1824} INFO - Sync 1 DAGs
[2021-05-08 01:32:04,611] {logging_mixin.py:104} INFO - [2021-05-08 01:32:04,611] {dag.py:2280} INFO - Setting next_dagrun for example_branch_operator to 2021-05-05 00:00:00+00:00
[2021-05-08 01:32:04,711] {scheduler_job.py:190} INFO - Processing /home/navneetsajwan/airflow/etl/lib/python3.8/site-packages/airflow/example_dags/example_branch_operator.py took 0.209 seconds
[2021-05-08 01:33:04,644] {scheduler_job.py:182} INFO - Started process (PID=466711) to work on /home/navneetsajwan/airflow/etl/lib/python3.8/site-packages/airflow/example_dags/example_branch_operator.py
[2021-05-08 01:33:04,646] {scheduler_job.py:629} INFO - Processing file /home/navneetsajwan/airflow/etl/lib/python3.8/site-packages/airflow/example_dags/example_branch_operator.py for tasks to queue
[2021-05-08 01:33:04,651] {logging_mixin.py:104} INFO - [2021-05-08 01:33:04,651] {dagbag.py:451} INFO - Filling up the DagBag from /home/navneetsajwan/airflow/etl/lib/python3.8/site-packages/airflow/example_dags/example_branch_operator.py
[2021-05-08 01:33:04,714] {scheduler_job.py:639} INFO - DAG(s) dict_keys(['example_branch_operator']) retrieved from /home/navneetsajwan/airflow/etl/lib/python3.8/site-packages/airflow/example_dags/example_branch_operator.py
[2021-05-08 01:33:04,822] {logging_mixin.py:104} INFO - [2021-05-08 01:33:04,822] {dag.py:1824} INFO - Sync 1 DAGs
[2021-05-08 01:33:05,021] {logging_mixin.py:104} INFO - [2021-05-08 01:33:05,021] {dag.py:2280} INFO - Setting next_dagrun for example_branch_operator to 2021-05-05 00:00:00+00:00
[2021-05-08 01:33:05,273] {scheduler_job.py:190} INFO - Processing /home/navneetsajwan/airflow/etl/lib/python3.8/site-packages/airflow/example_dags/example_branch_operator.py took 0.642 seconds
[2021-05-08 01:34:00,902] {scheduler_job.py:182} INFO - Started process (PID=467850) to work on /home/navneetsajwan/airflow/etl/lib/python3.8/site-packages/airflow/example_dags/example_branch_operator.py
[2021-05-08 01:34:00,910] {scheduler_job.py:629} INFO - Processing file /home/navneetsajwan/airflow/etl/lib/python3.8/site-packages/airflow/example_dags/example_branch_operator.py for tasks to queue
[2021-05-08 01:34:00,922] {logging_mixin.py:104} INFO - [2021-05-08 01:34:00,921] {dagbag.py:451} INFO - Filling up the DagBag from /home/navneetsajwan/airflow/etl/lib/python3.8/site-packages/airflow/example_dags/example_branch_operator.py
[2021-05-08 01:34:01,011] {scheduler_job.py:639} INFO - DAG(s) dict_keys(['example_branch_operator']) retrieved from /home/navneetsajwan/airflow/etl/lib/python3.8/site-packages/airflow/example_dags/example_branch_operator.py
[2021-05-08 01:34:01,098] {logging_mixin.py:104} INFO - [2021-05-08 01:34:01,097] {dag.py:1824} INFO - Sync 1 DAGs
[2021-05-08 01:34:01,133] {logging_mixin.py:104} INFO - [2021-05-08 01:34:01,132] {dag.py:2280} INFO - Setting next_dagrun for example_branch_operator to 2021-05-05 00:00:00+00:00
[2021-05-08 01:34:01,214] {scheduler_job.py:190} INFO - Processing /home/navneetsajwan/airflow/etl/lib/python3.8/site-packages/airflow/example_dags/example_branch_operator.py took 0.331 seconds
[2021-05-08 01:34:50,436] {scheduler_job.py:182} INFO - Started process (PID=468548) to work on /home/navneetsajwan/airflow/etl/lib/python3.8/site-packages/airflow/example_dags/example_branch_operator.py
[2021-05-08 01:34:50,438] {scheduler_job.py:629} INFO - Processing file /home/navneetsajwan/airflow/etl/lib/python3.8/site-packages/airflow/example_dags/example_branch_operator.py for tasks to queue
[2021-05-08 01:34:50,439] {logging_mixin.py:104} INFO - [2021-05-08 01:34:50,439] {dagbag.py:451} INFO - Filling up the DagBag from /home/navneetsajwan/airflow/etl/lib/python3.8/site-packages/airflow/example_dags/example_branch_operator.py
[2021-05-08 01:34:50,452] {scheduler_job.py:639} INFO - DAG(s) dict_keys(['example_branch_operator']) retrieved from /home/navneetsajwan/airflow/etl/lib/python3.8/site-packages/airflow/example_dags/example_branch_operator.py
[2021-05-08 01:34:50,470] {logging_mixin.py:104} INFO - [2021-05-08 01:34:50,470] {dag.py:1824} INFO - Sync 1 DAGs
[2021-05-08 01:34:50,494] {logging_mixin.py:104} INFO - [2021-05-08 01:34:50,493] {dag.py:2280} INFO - Setting next_dagrun for example_branch_operator to 2021-05-05 00:00:00+00:00
[2021-05-08 01:34:50,740] {scheduler_job.py:190} INFO - Processing /home/navneetsajwan/airflow/etl/lib/python3.8/site-packages/airflow/example_dags/example_branch_operator.py took 0.308 seconds
[2021-05-08 01:35:45,968] {scheduler_job.py:182} INFO - Started process (PID=469693) to work on /home/navneetsajwan/airflow/etl/lib/python3.8/site-packages/airflow/example_dags/example_branch_operator.py
[2021-05-08 01:35:45,970] {scheduler_job.py:629} INFO - Processing file /home/navneetsajwan/airflow/etl/lib/python3.8/site-packages/airflow/example_dags/example_branch_operator.py for tasks to queue
[2021-05-08 01:35:45,971] {logging_mixin.py:104} INFO - [2021-05-08 01:35:45,971] {dagbag.py:451} INFO - Filling up the DagBag from /home/navneetsajwan/airflow/etl/lib/python3.8/site-packages/airflow/example_dags/example_branch_operator.py
[2021-05-08 01:35:45,985] {scheduler_job.py:639} INFO - DAG(s) dict_keys(['example_branch_operator']) retrieved from /home/navneetsajwan/airflow/etl/lib/python3.8/site-packages/airflow/example_dags/example_branch_operator.py
[2021-05-08 01:35:46,003] {logging_mixin.py:104} INFO - [2021-05-08 01:35:46,003] {dag.py:1824} INFO - Sync 1 DAGs
[2021-05-08 01:35:46,036] {logging_mixin.py:104} INFO - [2021-05-08 01:35:46,036] {dag.py:2280} INFO - Setting next_dagrun for example_branch_operator to 2021-05-05 00:00:00+00:00
[2021-05-08 01:35:46,152] {scheduler_job.py:190} INFO - Processing /home/navneetsajwan/airflow/etl/lib/python3.8/site-packages/airflow/example_dags/example_branch_operator.py took 0.187 seconds
[2021-05-08 01:36:41,128] {scheduler_job.py:182} INFO - Started process (PID=470508) to work on /home/navneetsajwan/airflow/etl/lib/python3.8/site-packages/airflow/example_dags/example_branch_operator.py
[2021-05-08 01:36:41,131] {scheduler_job.py:629} INFO - Processing file /home/navneetsajwan/airflow/etl/lib/python3.8/site-packages/airflow/example_dags/example_branch_operator.py for tasks to queue
[2021-05-08 01:36:41,132] {logging_mixin.py:104} INFO - [2021-05-08 01:36:41,132] {dagbag.py:451} INFO - Filling up the DagBag from /home/navneetsajwan/airflow/etl/lib/python3.8/site-packages/airflow/example_dags/example_branch_operator.py
[2021-05-08 01:36:41,145] {scheduler_job.py:639} INFO - DAG(s) dict_keys(['example_branch_operator']) retrieved from /home/navneetsajwan/airflow/etl/lib/python3.8/site-packages/airflow/example_dags/example_branch_operator.py
[2021-05-08 01:36:41,162] {logging_mixin.py:104} INFO - [2021-05-08 01:36:41,162] {dag.py:1824} INFO - Sync 1 DAGs
[2021-05-08 01:36:41,204] {logging_mixin.py:104} INFO - [2021-05-08 01:36:41,204] {dag.py:2280} INFO - Setting next_dagrun for example_branch_operator to 2021-05-05 00:00:00+00:00
[2021-05-08 01:36:41,648] {scheduler_job.py:190} INFO - Processing /home/navneetsajwan/airflow/etl/lib/python3.8/site-packages/airflow/example_dags/example_branch_operator.py took 0.523 seconds
[2021-05-08 01:37:37,284] {scheduler_job.py:182} INFO - Started process (PID=471600) to work on /home/navneetsajwan/airflow/etl/lib/python3.8/site-packages/airflow/example_dags/example_branch_operator.py
[2021-05-08 01:37:37,289] {scheduler_job.py:629} INFO - Processing file /home/navneetsajwan/airflow/etl/lib/python3.8/site-packages/airflow/example_dags/example_branch_operator.py for tasks to queue
[2021-05-08 01:37:37,294] {logging_mixin.py:104} INFO - [2021-05-08 01:37:37,294] {dagbag.py:451} INFO - Filling up the DagBag from /home/navneetsajwan/airflow/etl/lib/python3.8/site-packages/airflow/example_dags/example_branch_operator.py
[2021-05-08 01:37:37,326] {scheduler_job.py:639} INFO - DAG(s) dict_keys(['example_branch_operator']) retrieved from /home/navneetsajwan/airflow/etl/lib/python3.8/site-packages/airflow/example_dags/example_branch_operator.py
[2021-05-08 01:37:37,365] {logging_mixin.py:104} INFO - [2021-05-08 01:37:37,365] {dag.py:1824} INFO - Sync 1 DAGs
[2021-05-08 01:37:37,439] {logging_mixin.py:104} INFO - [2021-05-08 01:37:37,439] {dag.py:2280} INFO - Setting next_dagrun for example_branch_operator to 2021-05-05 00:00:00+00:00
[2021-05-08 01:37:37,595] {scheduler_job.py:190} INFO - Processing /home/navneetsajwan/airflow/etl/lib/python3.8/site-packages/airflow/example_dags/example_branch_operator.py took 0.319 seconds
[2021-05-08 01:38:29,429] {scheduler_job.py:182} INFO - Started process (PID=472661) to work on /home/navneetsajwan/airflow/etl/lib/python3.8/site-packages/airflow/example_dags/example_branch_operator.py
[2021-05-08 01:38:29,431] {scheduler_job.py:629} INFO - Processing file /home/navneetsajwan/airflow/etl/lib/python3.8/site-packages/airflow/example_dags/example_branch_operator.py for tasks to queue
[2021-05-08 01:38:29,432] {logging_mixin.py:104} INFO - [2021-05-08 01:38:29,432] {dagbag.py:451} INFO - Filling up the DagBag from /home/navneetsajwan/airflow/etl/lib/python3.8/site-packages/airflow/example_dags/example_branch_operator.py
[2021-05-08 01:38:29,457] {scheduler_job.py:639} INFO - DAG(s) dict_keys(['example_branch_operator']) retrieved from /home/navneetsajwan/airflow/etl/lib/python3.8/site-packages/airflow/example_dags/example_branch_operator.py
[2021-05-08 01:38:29,491] {logging_mixin.py:104} INFO - [2021-05-08 01:38:29,491] {dag.py:1824} INFO - Sync 1 DAGs
[2021-05-08 01:38:29,527] {logging_mixin.py:104} INFO - [2021-05-08 01:38:29,527] {dag.py:2280} INFO - Setting next_dagrun for example_branch_operator to 2021-05-05 00:00:00+00:00
[2021-05-08 01:38:29,617] {scheduler_job.py:190} INFO - Processing /home/navneetsajwan/airflow/etl/lib/python3.8/site-packages/airflow/example_dags/example_branch_operator.py took 0.201 seconds
