[2021-05-08 01:07:30,084] {scheduler_job.py:182} INFO - Started process (PID=440217) to work on /home/navneetsajwan/airflow/etl/lib/python3.8/site-packages/airflow/example_dags/example_latest_only_with_trigger.py
[2021-05-08 01:07:30,086] {scheduler_job.py:629} INFO - Processing file /home/navneetsajwan/airflow/etl/lib/python3.8/site-packages/airflow/example_dags/example_latest_only_with_trigger.py for tasks to queue
[2021-05-08 01:07:30,087] {logging_mixin.py:104} INFO - [2021-05-08 01:07:30,087] {dagbag.py:451} INFO - Filling up the DagBag from /home/navneetsajwan/airflow/etl/lib/python3.8/site-packages/airflow/example_dags/example_latest_only_with_trigger.py
[2021-05-08 01:07:30,098] {scheduler_job.py:639} INFO - DAG(s) dict_keys(['latest_only_with_trigger']) retrieved from /home/navneetsajwan/airflow/etl/lib/python3.8/site-packages/airflow/example_dags/example_latest_only_with_trigger.py
[2021-05-08 01:07:30,117] {logging_mixin.py:104} INFO - [2021-05-08 01:07:30,117] {dag.py:1824} INFO - Sync 1 DAGs
[2021-05-08 01:07:30,130] {logging_mixin.py:104} INFO - [2021-05-08 01:07:30,130] {dag.py:2280} INFO - Setting next_dagrun for latest_only_with_trigger to 2021-05-05 00:00:00+00:00
[2021-05-08 01:07:30,264] {scheduler_job.py:190} INFO - Processing /home/navneetsajwan/airflow/etl/lib/python3.8/site-packages/airflow/example_dags/example_latest_only_with_trigger.py took 0.183 seconds
[2021-05-08 01:08:03,313] {scheduler_job.py:182} INFO - Started process (PID=440667) to work on /home/navneetsajwan/airflow/etl/lib/python3.8/site-packages/airflow/example_dags/example_latest_only_with_trigger.py
[2021-05-08 01:08:03,315] {scheduler_job.py:629} INFO - Processing file /home/navneetsajwan/airflow/etl/lib/python3.8/site-packages/airflow/example_dags/example_latest_only_with_trigger.py for tasks to queue
[2021-05-08 01:08:03,316] {logging_mixin.py:104} INFO - [2021-05-08 01:08:03,316] {dagbag.py:451} INFO - Filling up the DagBag from /home/navneetsajwan/airflow/etl/lib/python3.8/site-packages/airflow/example_dags/example_latest_only_with_trigger.py
[2021-05-08 01:08:03,328] {scheduler_job.py:639} INFO - DAG(s) dict_keys(['latest_only_with_trigger']) retrieved from /home/navneetsajwan/airflow/etl/lib/python3.8/site-packages/airflow/example_dags/example_latest_only_with_trigger.py
[2021-05-08 01:08:03,344] {logging_mixin.py:104} INFO - [2021-05-08 01:08:03,344] {dag.py:1824} INFO - Sync 1 DAGs
[2021-05-08 01:08:03,358] {logging_mixin.py:104} INFO - [2021-05-08 01:08:03,358] {dag.py:2280} INFO - Setting next_dagrun for latest_only_with_trigger to 2021-05-05 00:00:00+00:00
[2021-05-08 01:08:03,574] {scheduler_job.py:190} INFO - Processing /home/navneetsajwan/airflow/etl/lib/python3.8/site-packages/airflow/example_dags/example_latest_only_with_trigger.py took 0.265 seconds
[2021-05-08 01:08:59,765] {scheduler_job.py:182} INFO - Started process (PID=441699) to work on /home/navneetsajwan/airflow/etl/lib/python3.8/site-packages/airflow/example_dags/example_latest_only_with_trigger.py
[2021-05-08 01:08:59,783] {scheduler_job.py:629} INFO - Processing file /home/navneetsajwan/airflow/etl/lib/python3.8/site-packages/airflow/example_dags/example_latest_only_with_trigger.py for tasks to queue
[2021-05-08 01:08:59,784] {logging_mixin.py:104} INFO - [2021-05-08 01:08:59,784] {dagbag.py:451} INFO - Filling up the DagBag from /home/navneetsajwan/airflow/etl/lib/python3.8/site-packages/airflow/example_dags/example_latest_only_with_trigger.py
[2021-05-08 01:08:59,864] {scheduler_job.py:639} INFO - DAG(s) dict_keys(['latest_only_with_trigger']) retrieved from /home/navneetsajwan/airflow/etl/lib/python3.8/site-packages/airflow/example_dags/example_latest_only_with_trigger.py
[2021-05-08 01:08:59,922] {logging_mixin.py:104} INFO - [2021-05-08 01:08:59,922] {dag.py:1824} INFO - Sync 1 DAGs
[2021-05-08 01:08:59,955] {logging_mixin.py:104} INFO - [2021-05-08 01:08:59,955] {dag.py:2280} INFO - Setting next_dagrun for latest_only_with_trigger to 2021-05-05 00:00:00+00:00
[2021-05-08 01:09:00,172] {scheduler_job.py:190} INFO - Processing /home/navneetsajwan/airflow/etl/lib/python3.8/site-packages/airflow/example_dags/example_latest_only_with_trigger.py took 0.411 seconds
[2021-05-08 01:09:31,942] {scheduler_job.py:182} INFO - Started process (PID=442255) to work on /home/navneetsajwan/airflow/etl/lib/python3.8/site-packages/airflow/example_dags/example_latest_only_with_trigger.py
[2021-05-08 01:09:31,943] {scheduler_job.py:629} INFO - Processing file /home/navneetsajwan/airflow/etl/lib/python3.8/site-packages/airflow/example_dags/example_latest_only_with_trigger.py for tasks to queue
[2021-05-08 01:09:31,944] {logging_mixin.py:104} INFO - [2021-05-08 01:09:31,944] {dagbag.py:451} INFO - Filling up the DagBag from /home/navneetsajwan/airflow/etl/lib/python3.8/site-packages/airflow/example_dags/example_latest_only_with_trigger.py
[2021-05-08 01:09:31,957] {scheduler_job.py:639} INFO - DAG(s) dict_keys(['latest_only_with_trigger']) retrieved from /home/navneetsajwan/airflow/etl/lib/python3.8/site-packages/airflow/example_dags/example_latest_only_with_trigger.py
[2021-05-08 01:09:31,973] {logging_mixin.py:104} INFO - [2021-05-08 01:09:31,973] {dag.py:1824} INFO - Sync 1 DAGs
[2021-05-08 01:09:31,988] {logging_mixin.py:104} INFO - [2021-05-08 01:09:31,988] {dag.py:2280} INFO - Setting next_dagrun for latest_only_with_trigger to 2021-05-05 00:00:00+00:00
[2021-05-08 01:09:32,089] {scheduler_job.py:190} INFO - Processing /home/navneetsajwan/airflow/etl/lib/python3.8/site-packages/airflow/example_dags/example_latest_only_with_trigger.py took 0.150 seconds
[2021-05-08 01:10:04,885] {scheduler_job.py:182} INFO - Started process (PID=442729) to work on /home/navneetsajwan/airflow/etl/lib/python3.8/site-packages/airflow/example_dags/example_latest_only_with_trigger.py
[2021-05-08 01:10:04,887] {scheduler_job.py:629} INFO - Processing file /home/navneetsajwan/airflow/etl/lib/python3.8/site-packages/airflow/example_dags/example_latest_only_with_trigger.py for tasks to queue
[2021-05-08 01:10:04,889] {logging_mixin.py:104} INFO - [2021-05-08 01:10:04,888] {dagbag.py:451} INFO - Filling up the DagBag from /home/navneetsajwan/airflow/etl/lib/python3.8/site-packages/airflow/example_dags/example_latest_only_with_trigger.py
[2021-05-08 01:10:04,909] {scheduler_job.py:639} INFO - DAG(s) dict_keys(['latest_only_with_trigger']) retrieved from /home/navneetsajwan/airflow/etl/lib/python3.8/site-packages/airflow/example_dags/example_latest_only_with_trigger.py
[2021-05-08 01:10:04,948] {logging_mixin.py:104} INFO - [2021-05-08 01:10:04,948] {dag.py:1824} INFO - Sync 1 DAGs
[2021-05-08 01:10:04,961] {logging_mixin.py:104} INFO - [2021-05-08 01:10:04,961] {dag.py:2280} INFO - Setting next_dagrun for latest_only_with_trigger to 2021-05-05 00:00:00+00:00
[2021-05-08 01:10:05,188] {scheduler_job.py:190} INFO - Processing /home/navneetsajwan/airflow/etl/lib/python3.8/site-packages/airflow/example_dags/example_latest_only_with_trigger.py took 0.308 seconds
[2021-05-08 01:10:47,228] {scheduler_job.py:182} INFO - Started process (PID=443638) to work on /home/navneetsajwan/airflow/etl/lib/python3.8/site-packages/airflow/example_dags/example_latest_only_with_trigger.py
[2021-05-08 01:10:47,230] {scheduler_job.py:629} INFO - Processing file /home/navneetsajwan/airflow/etl/lib/python3.8/site-packages/airflow/example_dags/example_latest_only_with_trigger.py for tasks to queue
[2021-05-08 01:10:47,231] {logging_mixin.py:104} INFO - [2021-05-08 01:10:47,231] {dagbag.py:451} INFO - Filling up the DagBag from /home/navneetsajwan/airflow/etl/lib/python3.8/site-packages/airflow/example_dags/example_latest_only_with_trigger.py
[2021-05-08 01:10:47,246] {scheduler_job.py:639} INFO - DAG(s) dict_keys(['latest_only_with_trigger']) retrieved from /home/navneetsajwan/airflow/etl/lib/python3.8/site-packages/airflow/example_dags/example_latest_only_with_trigger.py
[2021-05-08 01:10:47,267] {logging_mixin.py:104} INFO - [2021-05-08 01:10:47,267] {dag.py:1824} INFO - Sync 1 DAGs
[2021-05-08 01:10:47,280] {logging_mixin.py:104} INFO - [2021-05-08 01:10:47,280] {dag.py:2280} INFO - Setting next_dagrun for latest_only_with_trigger to 2021-05-05 00:00:00+00:00
[2021-05-08 01:10:47,392] {scheduler_job.py:190} INFO - Processing /home/navneetsajwan/airflow/etl/lib/python3.8/site-packages/airflow/example_dags/example_latest_only_with_trigger.py took 0.169 seconds
[2021-05-08 01:11:23,539] {scheduler_job.py:182} INFO - Started process (PID=444178) to work on /home/navneetsajwan/airflow/etl/lib/python3.8/site-packages/airflow/example_dags/example_latest_only_with_trigger.py
[2021-05-08 01:11:23,541] {scheduler_job.py:629} INFO - Processing file /home/navneetsajwan/airflow/etl/lib/python3.8/site-packages/airflow/example_dags/example_latest_only_with_trigger.py for tasks to queue
[2021-05-08 01:11:23,542] {logging_mixin.py:104} INFO - [2021-05-08 01:11:23,541] {dagbag.py:451} INFO - Filling up the DagBag from /home/navneetsajwan/airflow/etl/lib/python3.8/site-packages/airflow/example_dags/example_latest_only_with_trigger.py
[2021-05-08 01:11:23,562] {scheduler_job.py:639} INFO - DAG(s) dict_keys(['latest_only_with_trigger']) retrieved from /home/navneetsajwan/airflow/etl/lib/python3.8/site-packages/airflow/example_dags/example_latest_only_with_trigger.py
[2021-05-08 01:11:23,590] {logging_mixin.py:104} INFO - [2021-05-08 01:11:23,590] {dag.py:1824} INFO - Sync 1 DAGs
[2021-05-08 01:11:23,639] {logging_mixin.py:104} INFO - [2021-05-08 01:11:23,638] {dag.py:2280} INFO - Setting next_dagrun for latest_only_with_trigger to 2021-05-05 00:00:00+00:00
[2021-05-08 01:11:23,765] {scheduler_job.py:190} INFO - Processing /home/navneetsajwan/airflow/etl/lib/python3.8/site-packages/airflow/example_dags/example_latest_only_with_trigger.py took 0.232 seconds
[2021-05-08 01:15:06,570] {scheduler_job.py:182} INFO - Started process (PID=447821) to work on /home/navneetsajwan/airflow/etl/lib/python3.8/site-packages/airflow/example_dags/example_latest_only_with_trigger.py
[2021-05-08 01:15:06,572] {scheduler_job.py:629} INFO - Processing file /home/navneetsajwan/airflow/etl/lib/python3.8/site-packages/airflow/example_dags/example_latest_only_with_trigger.py for tasks to queue
[2021-05-08 01:15:06,576] {logging_mixin.py:104} INFO - [2021-05-08 01:15:06,576] {dagbag.py:451} INFO - Filling up the DagBag from /home/navneetsajwan/airflow/etl/lib/python3.8/site-packages/airflow/example_dags/example_latest_only_with_trigger.py
[2021-05-08 01:15:06,587] {scheduler_job.py:639} INFO - DAG(s) dict_keys(['latest_only_with_trigger']) retrieved from /home/navneetsajwan/airflow/etl/lib/python3.8/site-packages/airflow/example_dags/example_latest_only_with_trigger.py
[2021-05-08 01:15:06,615] {logging_mixin.py:104} INFO - [2021-05-08 01:15:06,615] {dag.py:1824} INFO - Sync 1 DAGs
[2021-05-08 01:15:06,637] {logging_mixin.py:104} INFO - [2021-05-08 01:15:06,636] {dag.py:2280} INFO - Setting next_dagrun for latest_only_with_trigger to 2021-05-05 00:00:00+00:00
[2021-05-08 01:15:06,759] {scheduler_job.py:190} INFO - Processing /home/navneetsajwan/airflow/etl/lib/python3.8/site-packages/airflow/example_dags/example_latest_only_with_trigger.py took 0.194 seconds
[2021-05-08 01:15:37,928] {scheduler_job.py:182} INFO - Started process (PID=448278) to work on /home/navneetsajwan/airflow/etl/lib/python3.8/site-packages/airflow/example_dags/example_latest_only_with_trigger.py
[2021-05-08 01:15:37,930] {scheduler_job.py:629} INFO - Processing file /home/navneetsajwan/airflow/etl/lib/python3.8/site-packages/airflow/example_dags/example_latest_only_with_trigger.py for tasks to queue
[2021-05-08 01:15:37,932] {logging_mixin.py:104} INFO - [2021-05-08 01:15:37,932] {dagbag.py:451} INFO - Filling up the DagBag from /home/navneetsajwan/airflow/etl/lib/python3.8/site-packages/airflow/example_dags/example_latest_only_with_trigger.py
[2021-05-08 01:15:37,941] {scheduler_job.py:639} INFO - DAG(s) dict_keys(['latest_only_with_trigger']) retrieved from /home/navneetsajwan/airflow/etl/lib/python3.8/site-packages/airflow/example_dags/example_latest_only_with_trigger.py
[2021-05-08 01:15:37,969] {logging_mixin.py:104} INFO - [2021-05-08 01:15:37,969] {dag.py:1824} INFO - Sync 1 DAGs
[2021-05-08 01:15:37,989] {logging_mixin.py:104} INFO - [2021-05-08 01:15:37,989] {dag.py:2280} INFO - Setting next_dagrun for latest_only_with_trigger to 2021-05-05 00:00:00+00:00
[2021-05-08 01:15:38,686] {scheduler_job.py:190} INFO - Processing /home/navneetsajwan/airflow/etl/lib/python3.8/site-packages/airflow/example_dags/example_latest_only_with_trigger.py took 0.762 seconds
[2021-05-08 01:16:14,098] {scheduler_job.py:182} INFO - Started process (PID=449109) to work on /home/navneetsajwan/airflow/etl/lib/python3.8/site-packages/airflow/example_dags/example_latest_only_with_trigger.py
[2021-05-08 01:16:14,100] {scheduler_job.py:629} INFO - Processing file /home/navneetsajwan/airflow/etl/lib/python3.8/site-packages/airflow/example_dags/example_latest_only_with_trigger.py for tasks to queue
[2021-05-08 01:16:14,101] {logging_mixin.py:104} INFO - [2021-05-08 01:16:14,101] {dagbag.py:451} INFO - Filling up the DagBag from /home/navneetsajwan/airflow/etl/lib/python3.8/site-packages/airflow/example_dags/example_latest_only_with_trigger.py
[2021-05-08 01:16:14,117] {scheduler_job.py:639} INFO - DAG(s) dict_keys(['latest_only_with_trigger']) retrieved from /home/navneetsajwan/airflow/etl/lib/python3.8/site-packages/airflow/example_dags/example_latest_only_with_trigger.py
[2021-05-08 01:16:14,138] {logging_mixin.py:104} INFO - [2021-05-08 01:16:14,138] {dag.py:1824} INFO - Sync 1 DAGs
[2021-05-08 01:16:14,152] {logging_mixin.py:104} INFO - [2021-05-08 01:16:14,152] {dag.py:2280} INFO - Setting next_dagrun for latest_only_with_trigger to 2021-05-05 00:00:00+00:00
[2021-05-08 01:16:14,253] {scheduler_job.py:190} INFO - Processing /home/navneetsajwan/airflow/etl/lib/python3.8/site-packages/airflow/example_dags/example_latest_only_with_trigger.py took 0.159 seconds
[2021-05-08 01:16:47,099] {scheduler_job.py:182} INFO - Started process (PID=449594) to work on /home/navneetsajwan/airflow/etl/lib/python3.8/site-packages/airflow/example_dags/example_latest_only_with_trigger.py
[2021-05-08 01:16:47,101] {scheduler_job.py:629} INFO - Processing file /home/navneetsajwan/airflow/etl/lib/python3.8/site-packages/airflow/example_dags/example_latest_only_with_trigger.py for tasks to queue
[2021-05-08 01:16:47,115] {logging_mixin.py:104} INFO - [2021-05-08 01:16:47,114] {dagbag.py:451} INFO - Filling up the DagBag from /home/navneetsajwan/airflow/etl/lib/python3.8/site-packages/airflow/example_dags/example_latest_only_with_trigger.py
[2021-05-08 01:16:47,147] {scheduler_job.py:639} INFO - DAG(s) dict_keys(['latest_only_with_trigger']) retrieved from /home/navneetsajwan/airflow/etl/lib/python3.8/site-packages/airflow/example_dags/example_latest_only_with_trigger.py
[2021-05-08 01:16:47,215] {logging_mixin.py:104} INFO - [2021-05-08 01:16:47,215] {dag.py:1824} INFO - Sync 1 DAGs
[2021-05-08 01:16:47,284] {logging_mixin.py:104} INFO - [2021-05-08 01:16:47,284] {dag.py:2280} INFO - Setting next_dagrun for latest_only_with_trigger to 2021-05-05 00:00:00+00:00
[2021-05-08 01:16:47,455] {scheduler_job.py:190} INFO - Processing /home/navneetsajwan/airflow/etl/lib/python3.8/site-packages/airflow/example_dags/example_latest_only_with_trigger.py took 0.383 seconds
[2021-05-08 01:17:24,368] {scheduler_job.py:182} INFO - Started process (PID=450331) to work on /home/navneetsajwan/airflow/etl/lib/python3.8/site-packages/airflow/example_dags/example_latest_only_with_trigger.py
[2021-05-08 01:17:24,370] {scheduler_job.py:629} INFO - Processing file /home/navneetsajwan/airflow/etl/lib/python3.8/site-packages/airflow/example_dags/example_latest_only_with_trigger.py for tasks to queue
[2021-05-08 01:17:24,395] {logging_mixin.py:104} INFO - [2021-05-08 01:17:24,394] {dagbag.py:451} INFO - Filling up the DagBag from /home/navneetsajwan/airflow/etl/lib/python3.8/site-packages/airflow/example_dags/example_latest_only_with_trigger.py
[2021-05-08 01:17:24,437] {scheduler_job.py:639} INFO - DAG(s) dict_keys(['latest_only_with_trigger']) retrieved from /home/navneetsajwan/airflow/etl/lib/python3.8/site-packages/airflow/example_dags/example_latest_only_with_trigger.py
[2021-05-08 01:17:24,638] {logging_mixin.py:104} INFO - [2021-05-08 01:17:24,638] {dag.py:1824} INFO - Sync 1 DAGs
[2021-05-08 01:17:24,753] {logging_mixin.py:104} INFO - [2021-05-08 01:17:24,752] {dag.py:2280} INFO - Setting next_dagrun for latest_only_with_trigger to 2021-05-05 00:00:00+00:00
[2021-05-08 01:17:24,935] {scheduler_job.py:190} INFO - Processing /home/navneetsajwan/airflow/etl/lib/python3.8/site-packages/airflow/example_dags/example_latest_only_with_trigger.py took 0.638 seconds
[2021-05-08 01:18:00,124] {scheduler_job.py:182} INFO - Started process (PID=451009) to work on /home/navneetsajwan/airflow/etl/lib/python3.8/site-packages/airflow/example_dags/example_latest_only_with_trigger.py
[2021-05-08 01:18:00,125] {scheduler_job.py:629} INFO - Processing file /home/navneetsajwan/airflow/etl/lib/python3.8/site-packages/airflow/example_dags/example_latest_only_with_trigger.py for tasks to queue
[2021-05-08 01:18:00,128] {logging_mixin.py:104} INFO - [2021-05-08 01:18:00,126] {dagbag.py:451} INFO - Filling up the DagBag from /home/navneetsajwan/airflow/etl/lib/python3.8/site-packages/airflow/example_dags/example_latest_only_with_trigger.py
[2021-05-08 01:18:00,144] {scheduler_job.py:639} INFO - DAG(s) dict_keys(['latest_only_with_trigger']) retrieved from /home/navneetsajwan/airflow/etl/lib/python3.8/site-packages/airflow/example_dags/example_latest_only_with_trigger.py
[2021-05-08 01:18:00,282] {logging_mixin.py:104} INFO - [2021-05-08 01:18:00,282] {dag.py:1824} INFO - Sync 1 DAGs
[2021-05-08 01:18:00,339] {logging_mixin.py:104} INFO - [2021-05-08 01:18:00,339] {dag.py:2280} INFO - Setting next_dagrun for latest_only_with_trigger to 2021-05-05 00:00:00+00:00
[2021-05-08 01:18:00,614] {scheduler_job.py:190} INFO - Processing /home/navneetsajwan/airflow/etl/lib/python3.8/site-packages/airflow/example_dags/example_latest_only_with_trigger.py took 0.503 seconds
[2021-05-08 01:18:38,648] {scheduler_job.py:182} INFO - Started process (PID=451558) to work on /home/navneetsajwan/airflow/etl/lib/python3.8/site-packages/airflow/example_dags/example_latest_only_with_trigger.py
[2021-05-08 01:18:38,650] {scheduler_job.py:629} INFO - Processing file /home/navneetsajwan/airflow/etl/lib/python3.8/site-packages/airflow/example_dags/example_latest_only_with_trigger.py for tasks to queue
[2021-05-08 01:18:38,675] {logging_mixin.py:104} INFO - [2021-05-08 01:18:38,675] {dagbag.py:451} INFO - Filling up the DagBag from /home/navneetsajwan/airflow/etl/lib/python3.8/site-packages/airflow/example_dags/example_latest_only_with_trigger.py
[2021-05-08 01:18:38,764] {scheduler_job.py:639} INFO - DAG(s) dict_keys(['latest_only_with_trigger']) retrieved from /home/navneetsajwan/airflow/etl/lib/python3.8/site-packages/airflow/example_dags/example_latest_only_with_trigger.py
[2021-05-08 01:18:38,989] {logging_mixin.py:104} INFO - [2021-05-08 01:18:38,989] {dag.py:1824} INFO - Sync 1 DAGs
[2021-05-08 01:18:39,132] {logging_mixin.py:104} INFO - [2021-05-08 01:18:39,131] {dag.py:2280} INFO - Setting next_dagrun for latest_only_with_trigger to 2021-05-05 00:00:00+00:00
[2021-05-08 01:18:39,360] {scheduler_job.py:190} INFO - Processing /home/navneetsajwan/airflow/etl/lib/python3.8/site-packages/airflow/example_dags/example_latest_only_with_trigger.py took 0.744 seconds
[2021-05-08 01:19:15,133] {scheduler_job.py:182} INFO - Started process (PID=452432) to work on /home/navneetsajwan/airflow/etl/lib/python3.8/site-packages/airflow/example_dags/example_latest_only_with_trigger.py
[2021-05-08 01:19:15,134] {scheduler_job.py:629} INFO - Processing file /home/navneetsajwan/airflow/etl/lib/python3.8/site-packages/airflow/example_dags/example_latest_only_with_trigger.py for tasks to queue
[2021-05-08 01:19:15,135] {logging_mixin.py:104} INFO - [2021-05-08 01:19:15,134] {dagbag.py:451} INFO - Filling up the DagBag from /home/navneetsajwan/airflow/etl/lib/python3.8/site-packages/airflow/example_dags/example_latest_only_with_trigger.py
[2021-05-08 01:19:15,141] {scheduler_job.py:639} INFO - DAG(s) dict_keys(['latest_only_with_trigger']) retrieved from /home/navneetsajwan/airflow/etl/lib/python3.8/site-packages/airflow/example_dags/example_latest_only_with_trigger.py
[2021-05-08 01:19:15,172] {logging_mixin.py:104} INFO - [2021-05-08 01:19:15,172] {dag.py:1824} INFO - Sync 1 DAGs
[2021-05-08 01:19:15,188] {logging_mixin.py:104} INFO - [2021-05-08 01:19:15,188] {dag.py:2280} INFO - Setting next_dagrun for latest_only_with_trigger to 2021-05-05 00:00:00+00:00
[2021-05-08 01:19:15,307] {scheduler_job.py:190} INFO - Processing /home/navneetsajwan/airflow/etl/lib/python3.8/site-packages/airflow/example_dags/example_latest_only_with_trigger.py took 0.179 seconds
[2021-05-08 01:19:49,929] {scheduler_job.py:182} INFO - Started process (PID=452899) to work on /home/navneetsajwan/airflow/etl/lib/python3.8/site-packages/airflow/example_dags/example_latest_only_with_trigger.py
[2021-05-08 01:19:49,932] {scheduler_job.py:629} INFO - Processing file /home/navneetsajwan/airflow/etl/lib/python3.8/site-packages/airflow/example_dags/example_latest_only_with_trigger.py for tasks to queue
[2021-05-08 01:19:49,932] {logging_mixin.py:104} INFO - [2021-05-08 01:19:49,932] {dagbag.py:451} INFO - Filling up the DagBag from /home/navneetsajwan/airflow/etl/lib/python3.8/site-packages/airflow/example_dags/example_latest_only_with_trigger.py
[2021-05-08 01:19:49,943] {scheduler_job.py:639} INFO - DAG(s) dict_keys(['latest_only_with_trigger']) retrieved from /home/navneetsajwan/airflow/etl/lib/python3.8/site-packages/airflow/example_dags/example_latest_only_with_trigger.py
[2021-05-08 01:19:49,970] {logging_mixin.py:104} INFO - [2021-05-08 01:19:49,970] {dag.py:1824} INFO - Sync 1 DAGs
[2021-05-08 01:19:49,990] {logging_mixin.py:104} INFO - [2021-05-08 01:19:49,990] {dag.py:2280} INFO - Setting next_dagrun for latest_only_with_trigger to 2021-05-05 00:00:00+00:00
[2021-05-08 01:19:50,120] {scheduler_job.py:190} INFO - Processing /home/navneetsajwan/airflow/etl/lib/python3.8/site-packages/airflow/example_dags/example_latest_only_with_trigger.py took 0.201 seconds
[2021-05-08 01:20:37,063] {scheduler_job.py:182} INFO - Started process (PID=453555) to work on /home/navneetsajwan/airflow/etl/lib/python3.8/site-packages/airflow/example_dags/example_latest_only_with_trigger.py
[2021-05-08 01:20:37,068] {scheduler_job.py:629} INFO - Processing file /home/navneetsajwan/airflow/etl/lib/python3.8/site-packages/airflow/example_dags/example_latest_only_with_trigger.py for tasks to queue
[2021-05-08 01:20:37,069] {logging_mixin.py:104} INFO - [2021-05-08 01:20:37,069] {dagbag.py:451} INFO - Filling up the DagBag from /home/navneetsajwan/airflow/etl/lib/python3.8/site-packages/airflow/example_dags/example_latest_only_with_trigger.py
[2021-05-08 01:20:37,146] {scheduler_job.py:639} INFO - DAG(s) dict_keys(['latest_only_with_trigger']) retrieved from /home/navneetsajwan/airflow/etl/lib/python3.8/site-packages/airflow/example_dags/example_latest_only_with_trigger.py
[2021-05-08 01:20:37,363] {logging_mixin.py:104} INFO - [2021-05-08 01:20:37,363] {dag.py:1824} INFO - Sync 1 DAGs
[2021-05-08 01:20:37,464] {logging_mixin.py:104} INFO - [2021-05-08 01:20:37,464] {dag.py:2280} INFO - Setting next_dagrun for latest_only_with_trigger to 2021-05-05 00:00:00+00:00
[2021-05-08 01:20:37,839] {scheduler_job.py:190} INFO - Processing /home/navneetsajwan/airflow/etl/lib/python3.8/site-packages/airflow/example_dags/example_latest_only_with_trigger.py took 0.820 seconds
[2021-05-08 01:21:15,378] {scheduler_job.py:182} INFO - Started process (PID=454461) to work on /home/navneetsajwan/airflow/etl/lib/python3.8/site-packages/airflow/example_dags/example_latest_only_with_trigger.py
[2021-05-08 01:21:15,380] {scheduler_job.py:629} INFO - Processing file /home/navneetsajwan/airflow/etl/lib/python3.8/site-packages/airflow/example_dags/example_latest_only_with_trigger.py for tasks to queue
[2021-05-08 01:21:15,380] {logging_mixin.py:104} INFO - [2021-05-08 01:21:15,380] {dagbag.py:451} INFO - Filling up the DagBag from /home/navneetsajwan/airflow/etl/lib/python3.8/site-packages/airflow/example_dags/example_latest_only_with_trigger.py
[2021-05-08 01:21:15,387] {scheduler_job.py:639} INFO - DAG(s) dict_keys(['latest_only_with_trigger']) retrieved from /home/navneetsajwan/airflow/etl/lib/python3.8/site-packages/airflow/example_dags/example_latest_only_with_trigger.py
[2021-05-08 01:21:15,403] {logging_mixin.py:104} INFO - [2021-05-08 01:21:15,403] {dag.py:1824} INFO - Sync 1 DAGs
[2021-05-08 01:21:15,425] {logging_mixin.py:104} INFO - [2021-05-08 01:21:15,425] {dag.py:2280} INFO - Setting next_dagrun for latest_only_with_trigger to 2021-05-05 00:00:00+00:00
[2021-05-08 01:21:15,574] {scheduler_job.py:190} INFO - Processing /home/navneetsajwan/airflow/etl/lib/python3.8/site-packages/airflow/example_dags/example_latest_only_with_trigger.py took 0.199 seconds
[2021-05-08 01:21:47,243] {scheduler_job.py:182} INFO - Started process (PID=454889) to work on /home/navneetsajwan/airflow/etl/lib/python3.8/site-packages/airflow/example_dags/example_latest_only_with_trigger.py
[2021-05-08 01:21:47,244] {scheduler_job.py:629} INFO - Processing file /home/navneetsajwan/airflow/etl/lib/python3.8/site-packages/airflow/example_dags/example_latest_only_with_trigger.py for tasks to queue
[2021-05-08 01:21:47,245] {logging_mixin.py:104} INFO - [2021-05-08 01:21:47,245] {dagbag.py:451} INFO - Filling up the DagBag from /home/navneetsajwan/airflow/etl/lib/python3.8/site-packages/airflow/example_dags/example_latest_only_with_trigger.py
[2021-05-08 01:21:47,252] {scheduler_job.py:639} INFO - DAG(s) dict_keys(['latest_only_with_trigger']) retrieved from /home/navneetsajwan/airflow/etl/lib/python3.8/site-packages/airflow/example_dags/example_latest_only_with_trigger.py
[2021-05-08 01:21:47,269] {logging_mixin.py:104} INFO - [2021-05-08 01:21:47,269] {dag.py:1824} INFO - Sync 1 DAGs
[2021-05-08 01:21:47,282] {logging_mixin.py:104} INFO - [2021-05-08 01:21:47,282] {dag.py:2280} INFO - Setting next_dagrun for latest_only_with_trigger to 2021-05-05 00:00:00+00:00
[2021-05-08 01:21:47,448] {scheduler_job.py:190} INFO - Processing /home/navneetsajwan/airflow/etl/lib/python3.8/site-packages/airflow/example_dags/example_latest_only_with_trigger.py took 0.211 seconds
[2021-05-08 01:22:23,383] {scheduler_job.py:182} INFO - Started process (PID=455435) to work on /home/navneetsajwan/airflow/etl/lib/python3.8/site-packages/airflow/example_dags/example_latest_only_with_trigger.py
[2021-05-08 01:22:23,385] {scheduler_job.py:629} INFO - Processing file /home/navneetsajwan/airflow/etl/lib/python3.8/site-packages/airflow/example_dags/example_latest_only_with_trigger.py for tasks to queue
[2021-05-08 01:22:23,386] {logging_mixin.py:104} INFO - [2021-05-08 01:22:23,386] {dagbag.py:451} INFO - Filling up the DagBag from /home/navneetsajwan/airflow/etl/lib/python3.8/site-packages/airflow/example_dags/example_latest_only_with_trigger.py
[2021-05-08 01:22:23,400] {scheduler_job.py:639} INFO - DAG(s) dict_keys(['latest_only_with_trigger']) retrieved from /home/navneetsajwan/airflow/etl/lib/python3.8/site-packages/airflow/example_dags/example_latest_only_with_trigger.py
[2021-05-08 01:22:23,430] {logging_mixin.py:104} INFO - [2021-05-08 01:22:23,428] {dag.py:1824} INFO - Sync 1 DAGs
[2021-05-08 01:22:23,516] {logging_mixin.py:104} INFO - [2021-05-08 01:22:23,516] {dag.py:2280} INFO - Setting next_dagrun for latest_only_with_trigger to 2021-05-05 00:00:00+00:00
[2021-05-08 01:22:24,030] {scheduler_job.py:190} INFO - Processing /home/navneetsajwan/airflow/etl/lib/python3.8/site-packages/airflow/example_dags/example_latest_only_with_trigger.py took 0.651 seconds
[2021-05-08 01:23:03,563] {scheduler_job.py:182} INFO - Started process (PID=456264) to work on /home/navneetsajwan/airflow/etl/lib/python3.8/site-packages/airflow/example_dags/example_latest_only_with_trigger.py
[2021-05-08 01:23:03,564] {scheduler_job.py:629} INFO - Processing file /home/navneetsajwan/airflow/etl/lib/python3.8/site-packages/airflow/example_dags/example_latest_only_with_trigger.py for tasks to queue
[2021-05-08 01:23:03,565] {logging_mixin.py:104} INFO - [2021-05-08 01:23:03,564] {dagbag.py:451} INFO - Filling up the DagBag from /home/navneetsajwan/airflow/etl/lib/python3.8/site-packages/airflow/example_dags/example_latest_only_with_trigger.py
[2021-05-08 01:23:03,571] {scheduler_job.py:639} INFO - DAG(s) dict_keys(['latest_only_with_trigger']) retrieved from /home/navneetsajwan/airflow/etl/lib/python3.8/site-packages/airflow/example_dags/example_latest_only_with_trigger.py
[2021-05-08 01:23:03,596] {logging_mixin.py:104} INFO - [2021-05-08 01:23:03,596] {dag.py:1824} INFO - Sync 1 DAGs
[2021-05-08 01:23:03,613] {logging_mixin.py:104} INFO - [2021-05-08 01:23:03,613] {dag.py:2280} INFO - Setting next_dagrun for latest_only_with_trigger to 2021-05-05 00:00:00+00:00
[2021-05-08 01:23:03,834] {scheduler_job.py:190} INFO - Processing /home/navneetsajwan/airflow/etl/lib/python3.8/site-packages/airflow/example_dags/example_latest_only_with_trigger.py took 0.275 seconds
[2021-05-08 01:23:34,683] {scheduler_job.py:182} INFO - Started process (PID=456693) to work on /home/navneetsajwan/airflow/etl/lib/python3.8/site-packages/airflow/example_dags/example_latest_only_with_trigger.py
[2021-05-08 01:23:34,685] {scheduler_job.py:629} INFO - Processing file /home/navneetsajwan/airflow/etl/lib/python3.8/site-packages/airflow/example_dags/example_latest_only_with_trigger.py for tasks to queue
[2021-05-08 01:23:34,689] {logging_mixin.py:104} INFO - [2021-05-08 01:23:34,689] {dagbag.py:451} INFO - Filling up the DagBag from /home/navneetsajwan/airflow/etl/lib/python3.8/site-packages/airflow/example_dags/example_latest_only_with_trigger.py
[2021-05-08 01:23:34,710] {scheduler_job.py:639} INFO - DAG(s) dict_keys(['latest_only_with_trigger']) retrieved from /home/navneetsajwan/airflow/etl/lib/python3.8/site-packages/airflow/example_dags/example_latest_only_with_trigger.py
[2021-05-08 01:23:34,777] {logging_mixin.py:104} INFO - [2021-05-08 01:23:34,777] {dag.py:1824} INFO - Sync 1 DAGs
[2021-05-08 01:23:34,798] {logging_mixin.py:104} INFO - [2021-05-08 01:23:34,798] {dag.py:2280} INFO - Setting next_dagrun for latest_only_with_trigger to 2021-05-05 00:00:00+00:00
[2021-05-08 01:23:34,923] {scheduler_job.py:190} INFO - Processing /home/navneetsajwan/airflow/etl/lib/python3.8/site-packages/airflow/example_dags/example_latest_only_with_trigger.py took 0.254 seconds
[2021-05-08 01:24:23,610] {scheduler_job.py:182} INFO - Started process (PID=457695) to work on /home/navneetsajwan/airflow/etl/lib/python3.8/site-packages/airflow/example_dags/example_latest_only_with_trigger.py
[2021-05-08 01:24:23,612] {scheduler_job.py:629} INFO - Processing file /home/navneetsajwan/airflow/etl/lib/python3.8/site-packages/airflow/example_dags/example_latest_only_with_trigger.py for tasks to queue
[2021-05-08 01:24:23,614] {logging_mixin.py:104} INFO - [2021-05-08 01:24:23,613] {dagbag.py:451} INFO - Filling up the DagBag from /home/navneetsajwan/airflow/etl/lib/python3.8/site-packages/airflow/example_dags/example_latest_only_with_trigger.py
[2021-05-08 01:24:23,623] {scheduler_job.py:639} INFO - DAG(s) dict_keys(['latest_only_with_trigger']) retrieved from /home/navneetsajwan/airflow/etl/lib/python3.8/site-packages/airflow/example_dags/example_latest_only_with_trigger.py
[2021-05-08 01:24:23,652] {logging_mixin.py:104} INFO - [2021-05-08 01:24:23,652] {dag.py:1824} INFO - Sync 1 DAGs
[2021-05-08 01:24:23,670] {logging_mixin.py:104} INFO - [2021-05-08 01:24:23,670] {dag.py:2280} INFO - Setting next_dagrun for latest_only_with_trigger to 2021-05-05 00:00:00+00:00
[2021-05-08 01:24:24,180] {scheduler_job.py:190} INFO - Processing /home/navneetsajwan/airflow/etl/lib/python3.8/site-packages/airflow/example_dags/example_latest_only_with_trigger.py took 0.575 seconds
[2021-05-08 01:25:23,850] {scheduler_job.py:182} INFO - Started process (PID=458730) to work on /home/navneetsajwan/airflow/etl/lib/python3.8/site-packages/airflow/example_dags/example_latest_only_with_trigger.py
[2021-05-08 01:25:23,857] {scheduler_job.py:629} INFO - Processing file /home/navneetsajwan/airflow/etl/lib/python3.8/site-packages/airflow/example_dags/example_latest_only_with_trigger.py for tasks to queue
[2021-05-08 01:25:23,858] {logging_mixin.py:104} INFO - [2021-05-08 01:25:23,858] {dagbag.py:451} INFO - Filling up the DagBag from /home/navneetsajwan/airflow/etl/lib/python3.8/site-packages/airflow/example_dags/example_latest_only_with_trigger.py
[2021-05-08 01:25:23,870] {scheduler_job.py:639} INFO - DAG(s) dict_keys(['latest_only_with_trigger']) retrieved from /home/navneetsajwan/airflow/etl/lib/python3.8/site-packages/airflow/example_dags/example_latest_only_with_trigger.py
[2021-05-08 01:25:23,898] {logging_mixin.py:104} INFO - [2021-05-08 01:25:23,898] {dag.py:1824} INFO - Sync 1 DAGs
[2021-05-08 01:25:23,926] {logging_mixin.py:104} INFO - [2021-05-08 01:25:23,926] {dag.py:2280} INFO - Setting next_dagrun for latest_only_with_trigger to 2021-05-05 00:00:00+00:00
[2021-05-08 01:25:24,130] {scheduler_job.py:190} INFO - Processing /home/navneetsajwan/airflow/etl/lib/python3.8/site-packages/airflow/example_dags/example_latest_only_with_trigger.py took 0.285 seconds
[2021-05-08 01:26:31,723] {scheduler_job.py:182} INFO - Started process (PID=459961) to work on /home/navneetsajwan/airflow/etl/lib/python3.8/site-packages/airflow/example_dags/example_latest_only_with_trigger.py
[2021-05-08 01:26:31,725] {scheduler_job.py:629} INFO - Processing file /home/navneetsajwan/airflow/etl/lib/python3.8/site-packages/airflow/example_dags/example_latest_only_with_trigger.py for tasks to queue
[2021-05-08 01:26:31,729] {logging_mixin.py:104} INFO - [2021-05-08 01:26:31,726] {dagbag.py:451} INFO - Filling up the DagBag from /home/navneetsajwan/airflow/etl/lib/python3.8/site-packages/airflow/example_dags/example_latest_only_with_trigger.py
[2021-05-08 01:26:31,739] {scheduler_job.py:639} INFO - DAG(s) dict_keys(['latest_only_with_trigger']) retrieved from /home/navneetsajwan/airflow/etl/lib/python3.8/site-packages/airflow/example_dags/example_latest_only_with_trigger.py
[2021-05-08 01:26:31,801] {logging_mixin.py:104} INFO - [2021-05-08 01:26:31,800] {dag.py:1824} INFO - Sync 1 DAGs
[2021-05-08 01:26:31,878] {logging_mixin.py:104} INFO - [2021-05-08 01:26:31,878] {dag.py:2280} INFO - Setting next_dagrun for latest_only_with_trigger to 2021-05-05 00:00:00+00:00
[2021-05-08 01:26:32,011] {scheduler_job.py:190} INFO - Processing /home/navneetsajwan/airflow/etl/lib/python3.8/site-packages/airflow/example_dags/example_latest_only_with_trigger.py took 0.298 seconds
[2021-05-08 01:27:35,835] {scheduler_job.py:182} INFO - Started process (PID=461031) to work on /home/navneetsajwan/airflow/etl/lib/python3.8/site-packages/airflow/example_dags/example_latest_only_with_trigger.py
[2021-05-08 01:27:35,837] {scheduler_job.py:629} INFO - Processing file /home/navneetsajwan/airflow/etl/lib/python3.8/site-packages/airflow/example_dags/example_latest_only_with_trigger.py for tasks to queue
[2021-05-08 01:27:35,840] {logging_mixin.py:104} INFO - [2021-05-08 01:27:35,840] {dagbag.py:451} INFO - Filling up the DagBag from /home/navneetsajwan/airflow/etl/lib/python3.8/site-packages/airflow/example_dags/example_latest_only_with_trigger.py
[2021-05-08 01:27:35,857] {scheduler_job.py:639} INFO - DAG(s) dict_keys(['latest_only_with_trigger']) retrieved from /home/navneetsajwan/airflow/etl/lib/python3.8/site-packages/airflow/example_dags/example_latest_only_with_trigger.py
[2021-05-08 01:27:35,898] {logging_mixin.py:104} INFO - [2021-05-08 01:27:35,898] {dag.py:1824} INFO - Sync 1 DAGs
[2021-05-08 01:27:35,937] {logging_mixin.py:104} INFO - [2021-05-08 01:27:35,937] {dag.py:2280} INFO - Setting next_dagrun for latest_only_with_trigger to 2021-05-05 00:00:00+00:00
[2021-05-08 01:27:36,056] {scheduler_job.py:190} INFO - Processing /home/navneetsajwan/airflow/etl/lib/python3.8/site-packages/airflow/example_dags/example_latest_only_with_trigger.py took 0.229 seconds
[2021-05-08 01:28:28,287] {scheduler_job.py:182} INFO - Started process (PID=462065) to work on /home/navneetsajwan/airflow/etl/lib/python3.8/site-packages/airflow/example_dags/example_latest_only_with_trigger.py
[2021-05-08 01:28:28,289] {scheduler_job.py:629} INFO - Processing file /home/navneetsajwan/airflow/etl/lib/python3.8/site-packages/airflow/example_dags/example_latest_only_with_trigger.py for tasks to queue
[2021-05-08 01:28:28,300] {logging_mixin.py:104} INFO - [2021-05-08 01:28:28,299] {dagbag.py:451} INFO - Filling up the DagBag from /home/navneetsajwan/airflow/etl/lib/python3.8/site-packages/airflow/example_dags/example_latest_only_with_trigger.py
[2021-05-08 01:28:28,312] {scheduler_job.py:639} INFO - DAG(s) dict_keys(['latest_only_with_trigger']) retrieved from /home/navneetsajwan/airflow/etl/lib/python3.8/site-packages/airflow/example_dags/example_latest_only_with_trigger.py
[2021-05-08 01:28:28,349] {logging_mixin.py:104} INFO - [2021-05-08 01:28:28,349] {dag.py:1824} INFO - Sync 1 DAGs
[2021-05-08 01:28:28,386] {logging_mixin.py:104} INFO - [2021-05-08 01:28:28,386] {dag.py:2280} INFO - Setting next_dagrun for latest_only_with_trigger to 2021-05-05 00:00:00+00:00
[2021-05-08 01:28:28,533] {scheduler_job.py:190} INFO - Processing /home/navneetsajwan/airflow/etl/lib/python3.8/site-packages/airflow/example_dags/example_latest_only_with_trigger.py took 0.266 seconds
[2021-05-08 01:29:38,325] {scheduler_job.py:182} INFO - Started process (PID=463127) to work on /home/navneetsajwan/airflow/etl/lib/python3.8/site-packages/airflow/example_dags/example_latest_only_with_trigger.py
[2021-05-08 01:29:38,348] {scheduler_job.py:629} INFO - Processing file /home/navneetsajwan/airflow/etl/lib/python3.8/site-packages/airflow/example_dags/example_latest_only_with_trigger.py for tasks to queue
[2021-05-08 01:29:38,349] {logging_mixin.py:104} INFO - [2021-05-08 01:29:38,349] {dagbag.py:451} INFO - Filling up the DagBag from /home/navneetsajwan/airflow/etl/lib/python3.8/site-packages/airflow/example_dags/example_latest_only_with_trigger.py
[2021-05-08 01:29:38,471] {scheduler_job.py:639} INFO - DAG(s) dict_keys(['latest_only_with_trigger']) retrieved from /home/navneetsajwan/airflow/etl/lib/python3.8/site-packages/airflow/example_dags/example_latest_only_with_trigger.py
[2021-05-08 01:29:38,574] {logging_mixin.py:104} INFO - [2021-05-08 01:29:38,574] {dag.py:1824} INFO - Sync 1 DAGs
[2021-05-08 01:29:38,594] {logging_mixin.py:104} INFO - [2021-05-08 01:29:38,593] {dag.py:2280} INFO - Setting next_dagrun for latest_only_with_trigger to 2021-05-05 00:00:00+00:00
[2021-05-08 01:29:39,269] {scheduler_job.py:190} INFO - Processing /home/navneetsajwan/airflow/etl/lib/python3.8/site-packages/airflow/example_dags/example_latest_only_with_trigger.py took 0.997 seconds
[2021-05-08 01:30:26,953] {scheduler_job.py:182} INFO - Started process (PID=464093) to work on /home/navneetsajwan/airflow/etl/lib/python3.8/site-packages/airflow/example_dags/example_latest_only_with_trigger.py
[2021-05-08 01:30:26,955] {scheduler_job.py:629} INFO - Processing file /home/navneetsajwan/airflow/etl/lib/python3.8/site-packages/airflow/example_dags/example_latest_only_with_trigger.py for tasks to queue
[2021-05-08 01:30:26,957] {logging_mixin.py:104} INFO - [2021-05-08 01:30:26,956] {dagbag.py:451} INFO - Filling up the DagBag from /home/navneetsajwan/airflow/etl/lib/python3.8/site-packages/airflow/example_dags/example_latest_only_with_trigger.py
[2021-05-08 01:30:26,976] {scheduler_job.py:639} INFO - DAG(s) dict_keys(['latest_only_with_trigger']) retrieved from /home/navneetsajwan/airflow/etl/lib/python3.8/site-packages/airflow/example_dags/example_latest_only_with_trigger.py
[2021-05-08 01:30:27,003] {logging_mixin.py:104} INFO - [2021-05-08 01:30:27,003] {dag.py:1824} INFO - Sync 1 DAGs
[2021-05-08 01:30:27,022] {logging_mixin.py:104} INFO - [2021-05-08 01:30:27,022] {dag.py:2280} INFO - Setting next_dagrun for latest_only_with_trigger to 2021-05-05 00:00:00+00:00
[2021-05-08 01:30:27,148] {scheduler_job.py:190} INFO - Processing /home/navneetsajwan/airflow/etl/lib/python3.8/site-packages/airflow/example_dags/example_latest_only_with_trigger.py took 0.198 seconds
[2021-05-08 01:31:19,888] {scheduler_job.py:182} INFO - Started process (PID=464968) to work on /home/navneetsajwan/airflow/etl/lib/python3.8/site-packages/airflow/example_dags/example_latest_only_with_trigger.py
[2021-05-08 01:31:19,890] {scheduler_job.py:629} INFO - Processing file /home/navneetsajwan/airflow/etl/lib/python3.8/site-packages/airflow/example_dags/example_latest_only_with_trigger.py for tasks to queue
[2021-05-08 01:31:19,895] {logging_mixin.py:104} INFO - [2021-05-08 01:31:19,895] {dagbag.py:451} INFO - Filling up the DagBag from /home/navneetsajwan/airflow/etl/lib/python3.8/site-packages/airflow/example_dags/example_latest_only_with_trigger.py
[2021-05-08 01:31:19,947] {scheduler_job.py:639} INFO - DAG(s) dict_keys(['latest_only_with_trigger']) retrieved from /home/navneetsajwan/airflow/etl/lib/python3.8/site-packages/airflow/example_dags/example_latest_only_with_trigger.py
[2021-05-08 01:31:20,030] {logging_mixin.py:104} INFO - [2021-05-08 01:31:20,030] {dag.py:1824} INFO - Sync 1 DAGs
[2021-05-08 01:31:20,054] {logging_mixin.py:104} INFO - [2021-05-08 01:31:20,054] {dag.py:2280} INFO - Setting next_dagrun for latest_only_with_trigger to 2021-05-05 00:00:00+00:00
[2021-05-08 01:31:20,550] {scheduler_job.py:190} INFO - Processing /home/navneetsajwan/airflow/etl/lib/python3.8/site-packages/airflow/example_dags/example_latest_only_with_trigger.py took 0.670 seconds
[2021-05-08 01:32:20,403] {scheduler_job.py:182} INFO - Started process (PID=466124) to work on /home/navneetsajwan/airflow/etl/lib/python3.8/site-packages/airflow/example_dags/example_latest_only_with_trigger.py
[2021-05-08 01:32:20,409] {scheduler_job.py:629} INFO - Processing file /home/navneetsajwan/airflow/etl/lib/python3.8/site-packages/airflow/example_dags/example_latest_only_with_trigger.py for tasks to queue
[2021-05-08 01:32:20,414] {logging_mixin.py:104} INFO - [2021-05-08 01:32:20,414] {dagbag.py:451} INFO - Filling up the DagBag from /home/navneetsajwan/airflow/etl/lib/python3.8/site-packages/airflow/example_dags/example_latest_only_with_trigger.py
[2021-05-08 01:32:20,429] {scheduler_job.py:639} INFO - DAG(s) dict_keys(['latest_only_with_trigger']) retrieved from /home/navneetsajwan/airflow/etl/lib/python3.8/site-packages/airflow/example_dags/example_latest_only_with_trigger.py
[2021-05-08 01:32:20,455] {logging_mixin.py:104} INFO - [2021-05-08 01:32:20,454] {dag.py:1824} INFO - Sync 1 DAGs
[2021-05-08 01:32:20,479] {logging_mixin.py:104} INFO - [2021-05-08 01:32:20,478] {dag.py:2280} INFO - Setting next_dagrun for latest_only_with_trigger to 2021-05-05 00:00:00+00:00
[2021-05-08 01:32:20,611] {scheduler_job.py:190} INFO - Processing /home/navneetsajwan/airflow/etl/lib/python3.8/site-packages/airflow/example_dags/example_latest_only_with_trigger.py took 0.227 seconds
[2021-05-08 01:33:25,255] {scheduler_job.py:182} INFO - Started process (PID=467313) to work on /home/navneetsajwan/airflow/etl/lib/python3.8/site-packages/airflow/example_dags/example_latest_only_with_trigger.py
[2021-05-08 01:33:25,256] {scheduler_job.py:629} INFO - Processing file /home/navneetsajwan/airflow/etl/lib/python3.8/site-packages/airflow/example_dags/example_latest_only_with_trigger.py for tasks to queue
[2021-05-08 01:33:25,257] {logging_mixin.py:104} INFO - [2021-05-08 01:33:25,257] {dagbag.py:451} INFO - Filling up the DagBag from /home/navneetsajwan/airflow/etl/lib/python3.8/site-packages/airflow/example_dags/example_latest_only_with_trigger.py
[2021-05-08 01:33:25,265] {scheduler_job.py:639} INFO - DAG(s) dict_keys(['latest_only_with_trigger']) retrieved from /home/navneetsajwan/airflow/etl/lib/python3.8/site-packages/airflow/example_dags/example_latest_only_with_trigger.py
[2021-05-08 01:33:25,288] {logging_mixin.py:104} INFO - [2021-05-08 01:33:25,288] {dag.py:1824} INFO - Sync 1 DAGs
[2021-05-08 01:33:25,303] {logging_mixin.py:104} INFO - [2021-05-08 01:33:25,303] {dag.py:2280} INFO - Setting next_dagrun for latest_only_with_trigger to 2021-05-05 00:00:00+00:00
[2021-05-08 01:33:25,445] {scheduler_job.py:190} INFO - Processing /home/navneetsajwan/airflow/etl/lib/python3.8/site-packages/airflow/example_dags/example_latest_only_with_trigger.py took 0.194 seconds
[2021-05-08 01:34:14,207] {scheduler_job.py:182} INFO - Started process (PID=468019) to work on /home/navneetsajwan/airflow/etl/lib/python3.8/site-packages/airflow/example_dags/example_latest_only_with_trigger.py
[2021-05-08 01:34:14,208] {scheduler_job.py:629} INFO - Processing file /home/navneetsajwan/airflow/etl/lib/python3.8/site-packages/airflow/example_dags/example_latest_only_with_trigger.py for tasks to queue
[2021-05-08 01:34:14,209] {logging_mixin.py:104} INFO - [2021-05-08 01:34:14,209] {dagbag.py:451} INFO - Filling up the DagBag from /home/navneetsajwan/airflow/etl/lib/python3.8/site-packages/airflow/example_dags/example_latest_only_with_trigger.py
[2021-05-08 01:34:14,217] {scheduler_job.py:639} INFO - DAG(s) dict_keys(['latest_only_with_trigger']) retrieved from /home/navneetsajwan/airflow/etl/lib/python3.8/site-packages/airflow/example_dags/example_latest_only_with_trigger.py
[2021-05-08 01:34:14,237] {logging_mixin.py:104} INFO - [2021-05-08 01:34:14,237] {dag.py:1824} INFO - Sync 1 DAGs
[2021-05-08 01:34:14,251] {logging_mixin.py:104} INFO - [2021-05-08 01:34:14,251] {dag.py:2280} INFO - Setting next_dagrun for latest_only_with_trigger to 2021-05-05 00:00:00+00:00
[2021-05-08 01:34:14,384] {scheduler_job.py:190} INFO - Processing /home/navneetsajwan/airflow/etl/lib/python3.8/site-packages/airflow/example_dags/example_latest_only_with_trigger.py took 0.181 seconds
[2021-05-08 01:35:08,887] {scheduler_job.py:182} INFO - Started process (PID=469135) to work on /home/navneetsajwan/airflow/etl/lib/python3.8/site-packages/airflow/example_dags/example_latest_only_with_trigger.py
[2021-05-08 01:35:08,890] {scheduler_job.py:629} INFO - Processing file /home/navneetsajwan/airflow/etl/lib/python3.8/site-packages/airflow/example_dags/example_latest_only_with_trigger.py for tasks to queue
[2021-05-08 01:35:08,891] {logging_mixin.py:104} INFO - [2021-05-08 01:35:08,891] {dagbag.py:451} INFO - Filling up the DagBag from /home/navneetsajwan/airflow/etl/lib/python3.8/site-packages/airflow/example_dags/example_latest_only_with_trigger.py
[2021-05-08 01:35:08,900] {scheduler_job.py:639} INFO - DAG(s) dict_keys(['latest_only_with_trigger']) retrieved from /home/navneetsajwan/airflow/etl/lib/python3.8/site-packages/airflow/example_dags/example_latest_only_with_trigger.py
[2021-05-08 01:35:08,927] {logging_mixin.py:104} INFO - [2021-05-08 01:35:08,927] {dag.py:1824} INFO - Sync 1 DAGs
[2021-05-08 01:35:08,949] {logging_mixin.py:104} INFO - [2021-05-08 01:35:08,949] {dag.py:2280} INFO - Setting next_dagrun for latest_only_with_trigger to 2021-05-05 00:00:00+00:00
[2021-05-08 01:35:09,076] {scheduler_job.py:190} INFO - Processing /home/navneetsajwan/airflow/etl/lib/python3.8/site-packages/airflow/example_dags/example_latest_only_with_trigger.py took 0.192 seconds
[2021-05-08 01:36:00,720] {scheduler_job.py:182} INFO - Started process (PID=469910) to work on /home/navneetsajwan/airflow/etl/lib/python3.8/site-packages/airflow/example_dags/example_latest_only_with_trigger.py
[2021-05-08 01:36:00,723] {scheduler_job.py:629} INFO - Processing file /home/navneetsajwan/airflow/etl/lib/python3.8/site-packages/airflow/example_dags/example_latest_only_with_trigger.py for tasks to queue
[2021-05-08 01:36:00,724] {logging_mixin.py:104} INFO - [2021-05-08 01:36:00,724] {dagbag.py:451} INFO - Filling up the DagBag from /home/navneetsajwan/airflow/etl/lib/python3.8/site-packages/airflow/example_dags/example_latest_only_with_trigger.py
[2021-05-08 01:36:00,732] {scheduler_job.py:639} INFO - DAG(s) dict_keys(['latest_only_with_trigger']) retrieved from /home/navneetsajwan/airflow/etl/lib/python3.8/site-packages/airflow/example_dags/example_latest_only_with_trigger.py
[2021-05-08 01:36:00,747] {logging_mixin.py:104} INFO - [2021-05-08 01:36:00,747] {dag.py:1824} INFO - Sync 1 DAGs
[2021-05-08 01:36:00,761] {logging_mixin.py:104} INFO - [2021-05-08 01:36:00,761] {dag.py:2280} INFO - Setting next_dagrun for latest_only_with_trigger to 2021-05-05 00:00:00+00:00
[2021-05-08 01:36:00,864] {scheduler_job.py:190} INFO - Processing /home/navneetsajwan/airflow/etl/lib/python3.8/site-packages/airflow/example_dags/example_latest_only_with_trigger.py took 0.148 seconds
[2021-05-08 01:37:05,710] {scheduler_job.py:182} INFO - Started process (PID=471129) to work on /home/navneetsajwan/airflow/etl/lib/python3.8/site-packages/airflow/example_dags/example_latest_only_with_trigger.py
[2021-05-08 01:37:05,713] {scheduler_job.py:629} INFO - Processing file /home/navneetsajwan/airflow/etl/lib/python3.8/site-packages/airflow/example_dags/example_latest_only_with_trigger.py for tasks to queue
[2021-05-08 01:37:05,718] {logging_mixin.py:104} INFO - [2021-05-08 01:37:05,718] {dagbag.py:451} INFO - Filling up the DagBag from /home/navneetsajwan/airflow/etl/lib/python3.8/site-packages/airflow/example_dags/example_latest_only_with_trigger.py
[2021-05-08 01:37:05,731] {scheduler_job.py:639} INFO - DAG(s) dict_keys(['latest_only_with_trigger']) retrieved from /home/navneetsajwan/airflow/etl/lib/python3.8/site-packages/airflow/example_dags/example_latest_only_with_trigger.py
[2021-05-08 01:37:05,769] {logging_mixin.py:104} INFO - [2021-05-08 01:37:05,769] {dag.py:1824} INFO - Sync 1 DAGs
[2021-05-08 01:37:05,793] {logging_mixin.py:104} INFO - [2021-05-08 01:37:05,793] {dag.py:2280} INFO - Setting next_dagrun for latest_only_with_trigger to 2021-05-05 00:00:00+00:00
[2021-05-08 01:37:05,904] {scheduler_job.py:190} INFO - Processing /home/navneetsajwan/airflow/etl/lib/python3.8/site-packages/airflow/example_dags/example_latest_only_with_trigger.py took 0.199 seconds
[2021-05-08 01:37:54,355] {scheduler_job.py:182} INFO - Started process (PID=471839) to work on /home/navneetsajwan/airflow/etl/lib/python3.8/site-packages/airflow/example_dags/example_latest_only_with_trigger.py
[2021-05-08 01:37:54,357] {scheduler_job.py:629} INFO - Processing file /home/navneetsajwan/airflow/etl/lib/python3.8/site-packages/airflow/example_dags/example_latest_only_with_trigger.py for tasks to queue
[2021-05-08 01:37:54,357] {logging_mixin.py:104} INFO - [2021-05-08 01:37:54,357] {dagbag.py:451} INFO - Filling up the DagBag from /home/navneetsajwan/airflow/etl/lib/python3.8/site-packages/airflow/example_dags/example_latest_only_with_trigger.py
[2021-05-08 01:37:54,364] {scheduler_job.py:639} INFO - DAG(s) dict_keys(['latest_only_with_trigger']) retrieved from /home/navneetsajwan/airflow/etl/lib/python3.8/site-packages/airflow/example_dags/example_latest_only_with_trigger.py
[2021-05-08 01:37:54,383] {logging_mixin.py:104} INFO - [2021-05-08 01:37:54,383] {dag.py:1824} INFO - Sync 1 DAGs
[2021-05-08 01:37:54,406] {logging_mixin.py:104} INFO - [2021-05-08 01:37:54,405] {dag.py:2280} INFO - Setting next_dagrun for latest_only_with_trigger to 2021-05-05 00:00:00+00:00
[2021-05-08 01:37:54,777] {scheduler_job.py:190} INFO - Processing /home/navneetsajwan/airflow/etl/lib/python3.8/site-packages/airflow/example_dags/example_latest_only_with_trigger.py took 0.425 seconds
