[2021-05-08 01:07:07,366] {scheduler_job.py:182} INFO - Started process (PID=439925) to work on /home/navneetsajwan/airflow/etl/lib/python3.8/site-packages/airflow/example_dags/example_subdag_operator.py
[2021-05-08 01:07:07,367] {scheduler_job.py:629} INFO - Processing file /home/navneetsajwan/airflow/etl/lib/python3.8/site-packages/airflow/example_dags/example_subdag_operator.py for tasks to queue
[2021-05-08 01:07:07,368] {logging_mixin.py:104} INFO - [2021-05-08 01:07:07,368] {dagbag.py:451} INFO - Filling up the DagBag from /home/navneetsajwan/airflow/etl/lib/python3.8/site-packages/airflow/example_dags/example_subdag_operator.py
[2021-05-08 01:07:07,432] {scheduler_job.py:639} INFO - DAG(s) dict_keys(['example_subdag_operator.section-1', 'example_subdag_operator.section-2', 'example_subdag_operator']) retrieved from /home/navneetsajwan/airflow/etl/lib/python3.8/site-packages/airflow/example_dags/example_subdag_operator.py
[2021-05-08 01:07:07,447] {logging_mixin.py:104} INFO - [2021-05-08 01:07:07,447] {dag.py:1824} INFO - Sync 3 DAGs
[2021-05-08 01:07:07,459] {logging_mixin.py:104} INFO - [2021-05-08 01:07:07,459] {dag.py:2280} INFO - Setting next_dagrun for example_subdag_operator to 2021-05-05 00:00:00+00:00
[2021-05-08 01:07:07,460] {logging_mixin.py:104} INFO - [2021-05-08 01:07:07,460] {dag.py:2280} INFO - Setting next_dagrun for example_subdag_operator.section-1 to None
[2021-05-08 01:07:07,460] {logging_mixin.py:104} INFO - [2021-05-08 01:07:07,460] {dag.py:2280} INFO - Setting next_dagrun for example_subdag_operator.section-2 to None
[2021-05-08 01:07:07,546] {logging_mixin.py:104} INFO - [2021-05-08 01:07:07,546] {dag.py:1824} INFO - Sync 2 DAGs
[2021-05-08 01:07:07,553] {logging_mixin.py:104} INFO - [2021-05-08 01:07:07,553] {dag.py:2280} INFO - Setting next_dagrun for example_subdag_operator.section-1 to None
[2021-05-08 01:07:07,554] {logging_mixin.py:104} INFO - [2021-05-08 01:07:07,554] {dag.py:2280} INFO - Setting next_dagrun for example_subdag_operator.section-2 to None
[2021-05-08 01:07:07,626] {scheduler_job.py:190} INFO - Processing /home/navneetsajwan/airflow/etl/lib/python3.8/site-packages/airflow/example_dags/example_subdag_operator.py took 0.264 seconds
[2021-05-08 01:07:39,454] {scheduler_job.py:182} INFO - Started process (PID=440364) to work on /home/navneetsajwan/airflow/etl/lib/python3.8/site-packages/airflow/example_dags/example_subdag_operator.py
[2021-05-08 01:07:39,456] {scheduler_job.py:629} INFO - Processing file /home/navneetsajwan/airflow/etl/lib/python3.8/site-packages/airflow/example_dags/example_subdag_operator.py for tasks to queue
[2021-05-08 01:07:39,457] {logging_mixin.py:104} INFO - [2021-05-08 01:07:39,457] {dagbag.py:451} INFO - Filling up the DagBag from /home/navneetsajwan/airflow/etl/lib/python3.8/site-packages/airflow/example_dags/example_subdag_operator.py
[2021-05-08 01:07:39,494] {scheduler_job.py:639} INFO - DAG(s) dict_keys(['example_subdag_operator.section-1', 'example_subdag_operator.section-2', 'example_subdag_operator']) retrieved from /home/navneetsajwan/airflow/etl/lib/python3.8/site-packages/airflow/example_dags/example_subdag_operator.py
[2021-05-08 01:07:39,513] {logging_mixin.py:104} INFO - [2021-05-08 01:07:39,512] {dag.py:1824} INFO - Sync 3 DAGs
[2021-05-08 01:07:39,532] {logging_mixin.py:104} INFO - [2021-05-08 01:07:39,532] {dag.py:2280} INFO - Setting next_dagrun for example_subdag_operator to 2021-05-05 00:00:00+00:00
[2021-05-08 01:07:39,533] {logging_mixin.py:104} INFO - [2021-05-08 01:07:39,533] {dag.py:2280} INFO - Setting next_dagrun for example_subdag_operator.section-1 to None
[2021-05-08 01:07:39,534] {logging_mixin.py:104} INFO - [2021-05-08 01:07:39,533] {dag.py:2280} INFO - Setting next_dagrun for example_subdag_operator.section-2 to None
[2021-05-08 01:07:39,647] {logging_mixin.py:104} INFO - [2021-05-08 01:07:39,647] {dag.py:1824} INFO - Sync 2 DAGs
[2021-05-08 01:07:39,669] {logging_mixin.py:104} INFO - [2021-05-08 01:07:39,669] {dag.py:2280} INFO - Setting next_dagrun for example_subdag_operator.section-1 to None
[2021-05-08 01:07:39,669] {logging_mixin.py:104} INFO - [2021-05-08 01:07:39,669] {dag.py:2280} INFO - Setting next_dagrun for example_subdag_operator.section-2 to None
[2021-05-08 01:07:39,749] {scheduler_job.py:190} INFO - Processing /home/navneetsajwan/airflow/etl/lib/python3.8/site-packages/airflow/example_dags/example_subdag_operator.py took 0.299 seconds
[2021-05-08 01:08:15,942] {scheduler_job.py:182} INFO - Started process (PID=440819) to work on /home/navneetsajwan/airflow/etl/lib/python3.8/site-packages/airflow/example_dags/example_subdag_operator.py
[2021-05-08 01:08:15,943] {scheduler_job.py:629} INFO - Processing file /home/navneetsajwan/airflow/etl/lib/python3.8/site-packages/airflow/example_dags/example_subdag_operator.py for tasks to queue
[2021-05-08 01:08:15,944] {logging_mixin.py:104} INFO - [2021-05-08 01:08:15,943] {dagbag.py:451} INFO - Filling up the DagBag from /home/navneetsajwan/airflow/etl/lib/python3.8/site-packages/airflow/example_dags/example_subdag_operator.py
[2021-05-08 01:08:15,969] {scheduler_job.py:639} INFO - DAG(s) dict_keys(['example_subdag_operator.section-1', 'example_subdag_operator.section-2', 'example_subdag_operator']) retrieved from /home/navneetsajwan/airflow/etl/lib/python3.8/site-packages/airflow/example_dags/example_subdag_operator.py
[2021-05-08 01:08:15,981] {logging_mixin.py:104} INFO - [2021-05-08 01:08:15,981] {dag.py:1824} INFO - Sync 3 DAGs
[2021-05-08 01:08:15,994] {logging_mixin.py:104} INFO - [2021-05-08 01:08:15,994] {dag.py:2280} INFO - Setting next_dagrun for example_subdag_operator to 2021-05-05 00:00:00+00:00
[2021-05-08 01:08:15,996] {logging_mixin.py:104} INFO - [2021-05-08 01:08:15,995] {dag.py:2280} INFO - Setting next_dagrun for example_subdag_operator.section-1 to None
[2021-05-08 01:08:15,996] {logging_mixin.py:104} INFO - [2021-05-08 01:08:15,996] {dag.py:2280} INFO - Setting next_dagrun for example_subdag_operator.section-2 to None
[2021-05-08 01:08:16,127] {logging_mixin.py:104} INFO - [2021-05-08 01:08:16,126] {dag.py:1824} INFO - Sync 2 DAGs
[2021-05-08 01:08:16,138] {logging_mixin.py:104} INFO - [2021-05-08 01:08:16,137] {dag.py:2280} INFO - Setting next_dagrun for example_subdag_operator.section-1 to None
[2021-05-08 01:08:16,138] {logging_mixin.py:104} INFO - [2021-05-08 01:08:16,138] {dag.py:2280} INFO - Setting next_dagrun for example_subdag_operator.section-2 to None
[2021-05-08 01:08:16,263] {scheduler_job.py:190} INFO - Processing /home/navneetsajwan/airflow/etl/lib/python3.8/site-packages/airflow/example_dags/example_subdag_operator.py took 0.324 seconds
[2021-05-08 01:08:53,494] {scheduler_job.py:182} INFO - Started process (PID=441559) to work on /home/navneetsajwan/airflow/etl/lib/python3.8/site-packages/airflow/example_dags/example_subdag_operator.py
[2021-05-08 01:08:53,496] {scheduler_job.py:629} INFO - Processing file /home/navneetsajwan/airflow/etl/lib/python3.8/site-packages/airflow/example_dags/example_subdag_operator.py for tasks to queue
[2021-05-08 01:08:53,519] {logging_mixin.py:104} INFO - [2021-05-08 01:08:53,519] {dagbag.py:451} INFO - Filling up the DagBag from /home/navneetsajwan/airflow/etl/lib/python3.8/site-packages/airflow/example_dags/example_subdag_operator.py
[2021-05-08 01:08:53,751] {scheduler_job.py:639} INFO - DAG(s) dict_keys(['example_subdag_operator.section-1', 'example_subdag_operator.section-2', 'example_subdag_operator']) retrieved from /home/navneetsajwan/airflow/etl/lib/python3.8/site-packages/airflow/example_dags/example_subdag_operator.py
[2021-05-08 01:08:53,834] {logging_mixin.py:104} INFO - [2021-05-08 01:08:53,833] {dag.py:1824} INFO - Sync 3 DAGs
[2021-05-08 01:08:53,913] {logging_mixin.py:104} INFO - [2021-05-08 01:08:53,913] {dag.py:2280} INFO - Setting next_dagrun for example_subdag_operator to 2021-05-05 00:00:00+00:00
[2021-05-08 01:08:53,927] {logging_mixin.py:104} INFO - [2021-05-08 01:08:53,914] {dag.py:2280} INFO - Setting next_dagrun for example_subdag_operator.section-1 to None
[2021-05-08 01:08:53,927] {logging_mixin.py:104} INFO - [2021-05-08 01:08:53,927] {dag.py:2280} INFO - Setting next_dagrun for example_subdag_operator.section-2 to None
[2021-05-08 01:08:54,260] {logging_mixin.py:104} INFO - [2021-05-08 01:08:54,260] {dag.py:1824} INFO - Sync 2 DAGs
[2021-05-08 01:08:54,279] {logging_mixin.py:104} INFO - [2021-05-08 01:08:54,279] {dag.py:2280} INFO - Setting next_dagrun for example_subdag_operator.section-1 to None
[2021-05-08 01:08:54,279] {logging_mixin.py:104} INFO - [2021-05-08 01:08:54,279] {dag.py:2280} INFO - Setting next_dagrun for example_subdag_operator.section-2 to None
[2021-05-08 01:08:54,575] {scheduler_job.py:190} INFO - Processing /home/navneetsajwan/airflow/etl/lib/python3.8/site-packages/airflow/example_dags/example_subdag_operator.py took 1.096 seconds
[2021-05-08 01:09:29,265] {scheduler_job.py:182} INFO - Started process (PID=442223) to work on /home/navneetsajwan/airflow/etl/lib/python3.8/site-packages/airflow/example_dags/example_subdag_operator.py
[2021-05-08 01:09:29,266] {scheduler_job.py:629} INFO - Processing file /home/navneetsajwan/airflow/etl/lib/python3.8/site-packages/airflow/example_dags/example_subdag_operator.py for tasks to queue
[2021-05-08 01:09:29,267] {logging_mixin.py:104} INFO - [2021-05-08 01:09:29,267] {dagbag.py:451} INFO - Filling up the DagBag from /home/navneetsajwan/airflow/etl/lib/python3.8/site-packages/airflow/example_dags/example_subdag_operator.py
[2021-05-08 01:09:29,303] {scheduler_job.py:639} INFO - DAG(s) dict_keys(['example_subdag_operator.section-1', 'example_subdag_operator.section-2', 'example_subdag_operator']) retrieved from /home/navneetsajwan/airflow/etl/lib/python3.8/site-packages/airflow/example_dags/example_subdag_operator.py
[2021-05-08 01:09:29,323] {logging_mixin.py:104} INFO - [2021-05-08 01:09:29,322] {dag.py:1824} INFO - Sync 3 DAGs
[2021-05-08 01:09:29,342] {logging_mixin.py:104} INFO - [2021-05-08 01:09:29,342] {dag.py:2280} INFO - Setting next_dagrun for example_subdag_operator to 2021-05-05 00:00:00+00:00
[2021-05-08 01:09:29,344] {logging_mixin.py:104} INFO - [2021-05-08 01:09:29,344] {dag.py:2280} INFO - Setting next_dagrun for example_subdag_operator.section-1 to None
[2021-05-08 01:09:29,344] {logging_mixin.py:104} INFO - [2021-05-08 01:09:29,344] {dag.py:2280} INFO - Setting next_dagrun for example_subdag_operator.section-2 to None
[2021-05-08 01:09:29,462] {logging_mixin.py:104} INFO - [2021-05-08 01:09:29,462] {dag.py:1824} INFO - Sync 2 DAGs
[2021-05-08 01:09:29,472] {logging_mixin.py:104} INFO - [2021-05-08 01:09:29,472] {dag.py:2280} INFO - Setting next_dagrun for example_subdag_operator.section-1 to None
[2021-05-08 01:09:29,473] {logging_mixin.py:104} INFO - [2021-05-08 01:09:29,473] {dag.py:2280} INFO - Setting next_dagrun for example_subdag_operator.section-2 to None
[2021-05-08 01:09:29,553] {scheduler_job.py:190} INFO - Processing /home/navneetsajwan/airflow/etl/lib/python3.8/site-packages/airflow/example_dags/example_subdag_operator.py took 0.293 seconds
[2021-05-08 01:10:07,819] {scheduler_job.py:182} INFO - Started process (PID=442784) to work on /home/navneetsajwan/airflow/etl/lib/python3.8/site-packages/airflow/example_dags/example_subdag_operator.py
[2021-05-08 01:10:07,821] {scheduler_job.py:629} INFO - Processing file /home/navneetsajwan/airflow/etl/lib/python3.8/site-packages/airflow/example_dags/example_subdag_operator.py for tasks to queue
[2021-05-08 01:10:07,822] {logging_mixin.py:104} INFO - [2021-05-08 01:10:07,822] {dagbag.py:451} INFO - Filling up the DagBag from /home/navneetsajwan/airflow/etl/lib/python3.8/site-packages/airflow/example_dags/example_subdag_operator.py
[2021-05-08 01:10:07,920] {scheduler_job.py:639} INFO - DAG(s) dict_keys(['example_subdag_operator.section-1', 'example_subdag_operator.section-2', 'example_subdag_operator']) retrieved from /home/navneetsajwan/airflow/etl/lib/python3.8/site-packages/airflow/example_dags/example_subdag_operator.py
[2021-05-08 01:10:07,953] {logging_mixin.py:104} INFO - [2021-05-08 01:10:07,953] {dag.py:1824} INFO - Sync 3 DAGs
[2021-05-08 01:10:07,991] {logging_mixin.py:104} INFO - [2021-05-08 01:10:07,991] {dag.py:2280} INFO - Setting next_dagrun for example_subdag_operator to 2021-05-05 00:00:00+00:00
[2021-05-08 01:10:07,996] {logging_mixin.py:104} INFO - [2021-05-08 01:10:07,994] {dag.py:2280} INFO - Setting next_dagrun for example_subdag_operator.section-1 to None
[2021-05-08 01:10:07,997] {logging_mixin.py:104} INFO - [2021-05-08 01:10:07,996] {dag.py:2280} INFO - Setting next_dagrun for example_subdag_operator.section-2 to None
[2021-05-08 01:10:08,098] {logging_mixin.py:104} INFO - [2021-05-08 01:10:08,098] {dag.py:1824} INFO - Sync 2 DAGs
[2021-05-08 01:10:08,168] {logging_mixin.py:104} INFO - [2021-05-08 01:10:08,167] {dag.py:2280} INFO - Setting next_dagrun for example_subdag_operator.section-1 to None
[2021-05-08 01:10:08,168] {logging_mixin.py:104} INFO - [2021-05-08 01:10:08,168] {dag.py:2280} INFO - Setting next_dagrun for example_subdag_operator.section-2 to None
[2021-05-08 01:10:08,362] {scheduler_job.py:190} INFO - Processing /home/navneetsajwan/airflow/etl/lib/python3.8/site-packages/airflow/example_dags/example_subdag_operator.py took 0.550 seconds
[2021-05-08 01:10:51,174] {scheduler_job.py:182} INFO - Started process (PID=443698) to work on /home/navneetsajwan/airflow/etl/lib/python3.8/site-packages/airflow/example_dags/example_subdag_operator.py
[2021-05-08 01:10:51,175] {scheduler_job.py:629} INFO - Processing file /home/navneetsajwan/airflow/etl/lib/python3.8/site-packages/airflow/example_dags/example_subdag_operator.py for tasks to queue
[2021-05-08 01:10:51,180] {logging_mixin.py:104} INFO - [2021-05-08 01:10:51,179] {dagbag.py:451} INFO - Filling up the DagBag from /home/navneetsajwan/airflow/etl/lib/python3.8/site-packages/airflow/example_dags/example_subdag_operator.py
[2021-05-08 01:10:51,296] {scheduler_job.py:639} INFO - DAG(s) dict_keys(['example_subdag_operator.section-1', 'example_subdag_operator.section-2', 'example_subdag_operator']) retrieved from /home/navneetsajwan/airflow/etl/lib/python3.8/site-packages/airflow/example_dags/example_subdag_operator.py
[2021-05-08 01:10:51,339] {logging_mixin.py:104} INFO - [2021-05-08 01:10:51,339] {dag.py:1824} INFO - Sync 3 DAGs
[2021-05-08 01:10:51,370] {logging_mixin.py:104} INFO - [2021-05-08 01:10:51,370] {dag.py:2280} INFO - Setting next_dagrun for example_subdag_operator to 2021-05-05 00:00:00+00:00
[2021-05-08 01:10:51,373] {logging_mixin.py:104} INFO - [2021-05-08 01:10:51,373] {dag.py:2280} INFO - Setting next_dagrun for example_subdag_operator.section-1 to None
[2021-05-08 01:10:51,373] {logging_mixin.py:104} INFO - [2021-05-08 01:10:51,373] {dag.py:2280} INFO - Setting next_dagrun for example_subdag_operator.section-2 to None
[2021-05-08 01:10:51,499] {logging_mixin.py:104} INFO - [2021-05-08 01:10:51,499] {dag.py:1824} INFO - Sync 2 DAGs
[2021-05-08 01:10:51,542] {logging_mixin.py:104} INFO - [2021-05-08 01:10:51,542] {dag.py:2280} INFO - Setting next_dagrun for example_subdag_operator.section-1 to None
[2021-05-08 01:10:51,548] {logging_mixin.py:104} INFO - [2021-05-08 01:10:51,547] {dag.py:2280} INFO - Setting next_dagrun for example_subdag_operator.section-2 to None
[2021-05-08 01:10:51,668] {scheduler_job.py:190} INFO - Processing /home/navneetsajwan/airflow/etl/lib/python3.8/site-packages/airflow/example_dags/example_subdag_operator.py took 0.500 seconds
[2021-05-08 01:11:28,436] {scheduler_job.py:182} INFO - Started process (PID=444238) to work on /home/navneetsajwan/airflow/etl/lib/python3.8/site-packages/airflow/example_dags/example_subdag_operator.py
[2021-05-08 01:11:28,437] {scheduler_job.py:629} INFO - Processing file /home/navneetsajwan/airflow/etl/lib/python3.8/site-packages/airflow/example_dags/example_subdag_operator.py for tasks to queue
[2021-05-08 01:11:28,443] {logging_mixin.py:104} INFO - [2021-05-08 01:11:28,442] {dagbag.py:451} INFO - Filling up the DagBag from /home/navneetsajwan/airflow/etl/lib/python3.8/site-packages/airflow/example_dags/example_subdag_operator.py
[2021-05-08 01:11:28,496] {scheduler_job.py:639} INFO - DAG(s) dict_keys(['example_subdag_operator.section-1', 'example_subdag_operator.section-2', 'example_subdag_operator']) retrieved from /home/navneetsajwan/airflow/etl/lib/python3.8/site-packages/airflow/example_dags/example_subdag_operator.py
[2021-05-08 01:11:28,619] {logging_mixin.py:104} INFO - [2021-05-08 01:11:28,619] {dag.py:1824} INFO - Sync 3 DAGs
[2021-05-08 01:11:28,651] {logging_mixin.py:104} INFO - [2021-05-08 01:11:28,651] {dag.py:2280} INFO - Setting next_dagrun for example_subdag_operator to 2021-05-05 00:00:00+00:00
[2021-05-08 01:11:28,653] {logging_mixin.py:104} INFO - [2021-05-08 01:11:28,653] {dag.py:2280} INFO - Setting next_dagrun for example_subdag_operator.section-1 to None
[2021-05-08 01:11:28,653] {logging_mixin.py:104} INFO - [2021-05-08 01:11:28,653] {dag.py:2280} INFO - Setting next_dagrun for example_subdag_operator.section-2 to None
[2021-05-08 01:11:28,784] {logging_mixin.py:104} INFO - [2021-05-08 01:11:28,784] {dag.py:1824} INFO - Sync 2 DAGs
[2021-05-08 01:11:28,857] {logging_mixin.py:104} INFO - [2021-05-08 01:11:28,856] {dag.py:2280} INFO - Setting next_dagrun for example_subdag_operator.section-1 to None
[2021-05-08 01:11:28,857] {logging_mixin.py:104} INFO - [2021-05-08 01:11:28,857] {dag.py:2280} INFO - Setting next_dagrun for example_subdag_operator.section-2 to None
[2021-05-08 01:11:29,219] {scheduler_job.py:190} INFO - Processing /home/navneetsajwan/airflow/etl/lib/python3.8/site-packages/airflow/example_dags/example_subdag_operator.py took 0.794 seconds
[2021-05-08 01:14:43,785] {scheduler_job.py:182} INFO - Started process (PID=447493) to work on /home/navneetsajwan/airflow/etl/lib/python3.8/site-packages/airflow/example_dags/example_subdag_operator.py
[2021-05-08 01:14:43,787] {scheduler_job.py:629} INFO - Processing file /home/navneetsajwan/airflow/etl/lib/python3.8/site-packages/airflow/example_dags/example_subdag_operator.py for tasks to queue
[2021-05-08 01:14:43,787] {logging_mixin.py:104} INFO - [2021-05-08 01:14:43,787] {dagbag.py:451} INFO - Filling up the DagBag from /home/navneetsajwan/airflow/etl/lib/python3.8/site-packages/airflow/example_dags/example_subdag_operator.py
[2021-05-08 01:14:43,810] {scheduler_job.py:639} INFO - DAG(s) dict_keys(['example_subdag_operator.section-1', 'example_subdag_operator.section-2', 'example_subdag_operator']) retrieved from /home/navneetsajwan/airflow/etl/lib/python3.8/site-packages/airflow/example_dags/example_subdag_operator.py
[2021-05-08 01:14:43,829] {logging_mixin.py:104} INFO - [2021-05-08 01:14:43,829] {dag.py:1824} INFO - Sync 3 DAGs
[2021-05-08 01:14:43,843] {logging_mixin.py:104} INFO - [2021-05-08 01:14:43,843] {dag.py:2280} INFO - Setting next_dagrun for example_subdag_operator to 2021-05-05 00:00:00+00:00
[2021-05-08 01:14:43,844] {logging_mixin.py:104} INFO - [2021-05-08 01:14:43,844] {dag.py:2280} INFO - Setting next_dagrun for example_subdag_operator.section-1 to None
[2021-05-08 01:14:43,844] {logging_mixin.py:104} INFO - [2021-05-08 01:14:43,844] {dag.py:2280} INFO - Setting next_dagrun for example_subdag_operator.section-2 to None
[2021-05-08 01:14:44,165] {logging_mixin.py:104} INFO - [2021-05-08 01:14:44,164] {dag.py:1824} INFO - Sync 2 DAGs
[2021-05-08 01:14:44,173] {logging_mixin.py:104} INFO - [2021-05-08 01:14:44,173] {dag.py:2280} INFO - Setting next_dagrun for example_subdag_operator.section-1 to None
[2021-05-08 01:14:44,173] {logging_mixin.py:104} INFO - [2021-05-08 01:14:44,173] {dag.py:2280} INFO - Setting next_dagrun for example_subdag_operator.section-2 to None
[2021-05-08 01:14:44,645] {scheduler_job.py:190} INFO - Processing /home/navneetsajwan/airflow/etl/lib/python3.8/site-packages/airflow/example_dags/example_subdag_operator.py took 0.863 seconds
[2021-05-08 01:15:15,958] {scheduler_job.py:182} INFO - Started process (PID=447944) to work on /home/navneetsajwan/airflow/etl/lib/python3.8/site-packages/airflow/example_dags/example_subdag_operator.py
[2021-05-08 01:15:15,961] {scheduler_job.py:629} INFO - Processing file /home/navneetsajwan/airflow/etl/lib/python3.8/site-packages/airflow/example_dags/example_subdag_operator.py for tasks to queue
[2021-05-08 01:15:15,962] {logging_mixin.py:104} INFO - [2021-05-08 01:15:15,962] {dagbag.py:451} INFO - Filling up the DagBag from /home/navneetsajwan/airflow/etl/lib/python3.8/site-packages/airflow/example_dags/example_subdag_operator.py
[2021-05-08 01:15:15,999] {scheduler_job.py:639} INFO - DAG(s) dict_keys(['example_subdag_operator.section-1', 'example_subdag_operator.section-2', 'example_subdag_operator']) retrieved from /home/navneetsajwan/airflow/etl/lib/python3.8/site-packages/airflow/example_dags/example_subdag_operator.py
[2021-05-08 01:15:16,022] {logging_mixin.py:104} INFO - [2021-05-08 01:15:16,022] {dag.py:1824} INFO - Sync 3 DAGs
[2021-05-08 01:15:16,043] {logging_mixin.py:104} INFO - [2021-05-08 01:15:16,043] {dag.py:2280} INFO - Setting next_dagrun for example_subdag_operator to 2021-05-05 00:00:00+00:00
[2021-05-08 01:15:16,045] {logging_mixin.py:104} INFO - [2021-05-08 01:15:16,045] {dag.py:2280} INFO - Setting next_dagrun for example_subdag_operator.section-1 to None
[2021-05-08 01:15:16,045] {logging_mixin.py:104} INFO - [2021-05-08 01:15:16,045] {dag.py:2280} INFO - Setting next_dagrun for example_subdag_operator.section-2 to None
[2021-05-08 01:15:16,166] {logging_mixin.py:104} INFO - [2021-05-08 01:15:16,166] {dag.py:1824} INFO - Sync 2 DAGs
[2021-05-08 01:15:16,179] {logging_mixin.py:104} INFO - [2021-05-08 01:15:16,179] {dag.py:2280} INFO - Setting next_dagrun for example_subdag_operator.section-1 to None
[2021-05-08 01:15:16,179] {logging_mixin.py:104} INFO - [2021-05-08 01:15:16,179] {dag.py:2280} INFO - Setting next_dagrun for example_subdag_operator.section-2 to None
[2021-05-08 01:15:16,266] {scheduler_job.py:190} INFO - Processing /home/navneetsajwan/airflow/etl/lib/python3.8/site-packages/airflow/example_dags/example_subdag_operator.py took 0.312 seconds
[2021-05-08 01:15:53,726] {scheduler_job.py:182} INFO - Started process (PID=448824) to work on /home/navneetsajwan/airflow/etl/lib/python3.8/site-packages/airflow/example_dags/example_subdag_operator.py
[2021-05-08 01:15:53,728] {scheduler_job.py:629} INFO - Processing file /home/navneetsajwan/airflow/etl/lib/python3.8/site-packages/airflow/example_dags/example_subdag_operator.py for tasks to queue
[2021-05-08 01:15:53,729] {logging_mixin.py:104} INFO - [2021-05-08 01:15:53,729] {dagbag.py:451} INFO - Filling up the DagBag from /home/navneetsajwan/airflow/etl/lib/python3.8/site-packages/airflow/example_dags/example_subdag_operator.py
[2021-05-08 01:15:53,755] {scheduler_job.py:639} INFO - DAG(s) dict_keys(['example_subdag_operator.section-1', 'example_subdag_operator.section-2', 'example_subdag_operator']) retrieved from /home/navneetsajwan/airflow/etl/lib/python3.8/site-packages/airflow/example_dags/example_subdag_operator.py
[2021-05-08 01:15:53,776] {logging_mixin.py:104} INFO - [2021-05-08 01:15:53,776] {dag.py:1824} INFO - Sync 3 DAGs
[2021-05-08 01:15:53,795] {logging_mixin.py:104} INFO - [2021-05-08 01:15:53,795] {dag.py:2280} INFO - Setting next_dagrun for example_subdag_operator to 2021-05-05 00:00:00+00:00
[2021-05-08 01:15:53,796] {logging_mixin.py:104} INFO - [2021-05-08 01:15:53,796] {dag.py:2280} INFO - Setting next_dagrun for example_subdag_operator.section-1 to None
[2021-05-08 01:15:53,796] {logging_mixin.py:104} INFO - [2021-05-08 01:15:53,796] {dag.py:2280} INFO - Setting next_dagrun for example_subdag_operator.section-2 to None
[2021-05-08 01:15:53,890] {logging_mixin.py:104} INFO - [2021-05-08 01:15:53,890] {dag.py:1824} INFO - Sync 2 DAGs
[2021-05-08 01:15:53,901] {logging_mixin.py:104} INFO - [2021-05-08 01:15:53,901] {dag.py:2280} INFO - Setting next_dagrun for example_subdag_operator.section-1 to None
[2021-05-08 01:15:53,901] {logging_mixin.py:104} INFO - [2021-05-08 01:15:53,901] {dag.py:2280} INFO - Setting next_dagrun for example_subdag_operator.section-2 to None
[2021-05-08 01:15:53,994] {scheduler_job.py:190} INFO - Processing /home/navneetsajwan/airflow/etl/lib/python3.8/site-packages/airflow/example_dags/example_subdag_operator.py took 0.270 seconds
[2021-05-08 01:16:27,186] {scheduler_job.py:182} INFO - Started process (PID=449291) to work on /home/navneetsajwan/airflow/etl/lib/python3.8/site-packages/airflow/example_dags/example_subdag_operator.py
[2021-05-08 01:16:27,188] {scheduler_job.py:629} INFO - Processing file /home/navneetsajwan/airflow/etl/lib/python3.8/site-packages/airflow/example_dags/example_subdag_operator.py for tasks to queue
[2021-05-08 01:16:27,189] {logging_mixin.py:104} INFO - [2021-05-08 01:16:27,189] {dagbag.py:451} INFO - Filling up the DagBag from /home/navneetsajwan/airflow/etl/lib/python3.8/site-packages/airflow/example_dags/example_subdag_operator.py
[2021-05-08 01:16:27,262] {scheduler_job.py:639} INFO - DAG(s) dict_keys(['example_subdag_operator.section-1', 'example_subdag_operator.section-2', 'example_subdag_operator']) retrieved from /home/navneetsajwan/airflow/etl/lib/python3.8/site-packages/airflow/example_dags/example_subdag_operator.py
[2021-05-08 01:16:27,354] {logging_mixin.py:104} INFO - [2021-05-08 01:16:27,354] {dag.py:1824} INFO - Sync 3 DAGs
[2021-05-08 01:16:27,442] {logging_mixin.py:104} INFO - [2021-05-08 01:16:27,442] {dag.py:2280} INFO - Setting next_dagrun for example_subdag_operator to 2021-05-05 00:00:00+00:00
[2021-05-08 01:16:27,447] {logging_mixin.py:104} INFO - [2021-05-08 01:16:27,447] {dag.py:2280} INFO - Setting next_dagrun for example_subdag_operator.section-1 to None
[2021-05-08 01:16:27,448] {logging_mixin.py:104} INFO - [2021-05-08 01:16:27,448] {dag.py:2280} INFO - Setting next_dagrun for example_subdag_operator.section-2 to None
[2021-05-08 01:16:27,608] {logging_mixin.py:104} INFO - [2021-05-08 01:16:27,607] {dag.py:1824} INFO - Sync 2 DAGs
[2021-05-08 01:16:27,650] {logging_mixin.py:104} INFO - [2021-05-08 01:16:27,650] {dag.py:2280} INFO - Setting next_dagrun for example_subdag_operator.section-1 to None
[2021-05-08 01:16:27,651] {logging_mixin.py:104} INFO - [2021-05-08 01:16:27,651] {dag.py:2280} INFO - Setting next_dagrun for example_subdag_operator.section-2 to None
[2021-05-08 01:16:27,758] {scheduler_job.py:190} INFO - Processing /home/navneetsajwan/airflow/etl/lib/python3.8/site-packages/airflow/example_dags/example_subdag_operator.py took 0.577 seconds
[2021-05-08 01:17:08,132] {scheduler_job.py:182} INFO - Started process (PID=449883) to work on /home/navneetsajwan/airflow/etl/lib/python3.8/site-packages/airflow/example_dags/example_subdag_operator.py
[2021-05-08 01:17:08,134] {scheduler_job.py:629} INFO - Processing file /home/navneetsajwan/airflow/etl/lib/python3.8/site-packages/airflow/example_dags/example_subdag_operator.py for tasks to queue
[2021-05-08 01:17:08,135] {logging_mixin.py:104} INFO - [2021-05-08 01:17:08,135] {dagbag.py:451} INFO - Filling up the DagBag from /home/navneetsajwan/airflow/etl/lib/python3.8/site-packages/airflow/example_dags/example_subdag_operator.py
[2021-05-08 01:17:08,319] {scheduler_job.py:639} INFO - DAG(s) dict_keys(['example_subdag_operator.section-1', 'example_subdag_operator.section-2', 'example_subdag_operator']) retrieved from /home/navneetsajwan/airflow/etl/lib/python3.8/site-packages/airflow/example_dags/example_subdag_operator.py
[2021-05-08 01:17:08,458] {logging_mixin.py:104} INFO - [2021-05-08 01:17:08,458] {dag.py:1824} INFO - Sync 3 DAGs
[2021-05-08 01:17:08,541] {logging_mixin.py:104} INFO - [2021-05-08 01:17:08,541] {dag.py:2280} INFO - Setting next_dagrun for example_subdag_operator to 2021-05-05 00:00:00+00:00
[2021-05-08 01:17:08,543] {logging_mixin.py:104} INFO - [2021-05-08 01:17:08,542] {dag.py:2280} INFO - Setting next_dagrun for example_subdag_operator.section-1 to None
[2021-05-08 01:17:08,546] {logging_mixin.py:104} INFO - [2021-05-08 01:17:08,546] {dag.py:2280} INFO - Setting next_dagrun for example_subdag_operator.section-2 to None
[2021-05-08 01:17:08,651] {logging_mixin.py:104} INFO - [2021-05-08 01:17:08,651] {dag.py:1824} INFO - Sync 2 DAGs
[2021-05-08 01:17:08,703] {logging_mixin.py:104} INFO - [2021-05-08 01:17:08,702] {dag.py:2280} INFO - Setting next_dagrun for example_subdag_operator.section-1 to None
[2021-05-08 01:17:08,703] {logging_mixin.py:104} INFO - [2021-05-08 01:17:08,703] {dag.py:2280} INFO - Setting next_dagrun for example_subdag_operator.section-2 to None
[2021-05-08 01:17:08,849] {scheduler_job.py:190} INFO - Processing /home/navneetsajwan/airflow/etl/lib/python3.8/site-packages/airflow/example_dags/example_subdag_operator.py took 0.737 seconds
[2021-05-08 01:17:53,506] {scheduler_job.py:182} INFO - Started process (PID=450885) to work on /home/navneetsajwan/airflow/etl/lib/python3.8/site-packages/airflow/example_dags/example_subdag_operator.py
[2021-05-08 01:17:53,507] {scheduler_job.py:629} INFO - Processing file /home/navneetsajwan/airflow/etl/lib/python3.8/site-packages/airflow/example_dags/example_subdag_operator.py for tasks to queue
[2021-05-08 01:17:53,508] {logging_mixin.py:104} INFO - [2021-05-08 01:17:53,508] {dagbag.py:451} INFO - Filling up the DagBag from /home/navneetsajwan/airflow/etl/lib/python3.8/site-packages/airflow/example_dags/example_subdag_operator.py
[2021-05-08 01:17:53,532] {scheduler_job.py:639} INFO - DAG(s) dict_keys(['example_subdag_operator.section-1', 'example_subdag_operator.section-2', 'example_subdag_operator']) retrieved from /home/navneetsajwan/airflow/etl/lib/python3.8/site-packages/airflow/example_dags/example_subdag_operator.py
[2021-05-08 01:17:53,547] {logging_mixin.py:104} INFO - [2021-05-08 01:17:53,547] {dag.py:1824} INFO - Sync 3 DAGs
[2021-05-08 01:17:53,563] {logging_mixin.py:104} INFO - [2021-05-08 01:17:53,563] {dag.py:2280} INFO - Setting next_dagrun for example_subdag_operator to 2021-05-05 00:00:00+00:00
[2021-05-08 01:17:53,564] {logging_mixin.py:104} INFO - [2021-05-08 01:17:53,564] {dag.py:2280} INFO - Setting next_dagrun for example_subdag_operator.section-1 to None
[2021-05-08 01:17:53,565] {logging_mixin.py:104} INFO - [2021-05-08 01:17:53,565] {dag.py:2280} INFO - Setting next_dagrun for example_subdag_operator.section-2 to None
[2021-05-08 01:17:53,650] {logging_mixin.py:104} INFO - [2021-05-08 01:17:53,650] {dag.py:1824} INFO - Sync 2 DAGs
[2021-05-08 01:17:53,660] {logging_mixin.py:104} INFO - [2021-05-08 01:17:53,660] {dag.py:2280} INFO - Setting next_dagrun for example_subdag_operator.section-1 to None
[2021-05-08 01:17:53,660] {logging_mixin.py:104} INFO - [2021-05-08 01:17:53,660] {dag.py:2280} INFO - Setting next_dagrun for example_subdag_operator.section-2 to None
[2021-05-08 01:17:53,744] {scheduler_job.py:190} INFO - Processing /home/navneetsajwan/airflow/etl/lib/python3.8/site-packages/airflow/example_dags/example_subdag_operator.py took 0.241 seconds
[2021-05-08 01:18:26,309] {scheduler_job.py:182} INFO - Started process (PID=451384) to work on /home/navneetsajwan/airflow/etl/lib/python3.8/site-packages/airflow/example_dags/example_subdag_operator.py
[2021-05-08 01:18:26,310] {scheduler_job.py:629} INFO - Processing file /home/navneetsajwan/airflow/etl/lib/python3.8/site-packages/airflow/example_dags/example_subdag_operator.py for tasks to queue
[2021-05-08 01:18:26,311] {logging_mixin.py:104} INFO - [2021-05-08 01:18:26,311] {dagbag.py:451} INFO - Filling up the DagBag from /home/navneetsajwan/airflow/etl/lib/python3.8/site-packages/airflow/example_dags/example_subdag_operator.py
[2021-05-08 01:18:26,331] {scheduler_job.py:639} INFO - DAG(s) dict_keys(['example_subdag_operator.section-1', 'example_subdag_operator.section-2', 'example_subdag_operator']) retrieved from /home/navneetsajwan/airflow/etl/lib/python3.8/site-packages/airflow/example_dags/example_subdag_operator.py
[2021-05-08 01:18:26,343] {logging_mixin.py:104} INFO - [2021-05-08 01:18:26,343] {dag.py:1824} INFO - Sync 3 DAGs
[2021-05-08 01:18:26,355] {logging_mixin.py:104} INFO - [2021-05-08 01:18:26,355] {dag.py:2280} INFO - Setting next_dagrun for example_subdag_operator to 2021-05-05 00:00:00+00:00
[2021-05-08 01:18:26,356] {logging_mixin.py:104} INFO - [2021-05-08 01:18:26,356] {dag.py:2280} INFO - Setting next_dagrun for example_subdag_operator.section-1 to None
[2021-05-08 01:18:26,356] {logging_mixin.py:104} INFO - [2021-05-08 01:18:26,356] {dag.py:2280} INFO - Setting next_dagrun for example_subdag_operator.section-2 to None
[2021-05-08 01:18:26,463] {logging_mixin.py:104} INFO - [2021-05-08 01:18:26,463] {dag.py:1824} INFO - Sync 2 DAGs
[2021-05-08 01:18:26,472] {logging_mixin.py:104} INFO - [2021-05-08 01:18:26,472] {dag.py:2280} INFO - Setting next_dagrun for example_subdag_operator.section-1 to None
[2021-05-08 01:18:26,472] {logging_mixin.py:104} INFO - [2021-05-08 01:18:26,472] {dag.py:2280} INFO - Setting next_dagrun for example_subdag_operator.section-2 to None
[2021-05-08 01:18:26,555] {scheduler_job.py:190} INFO - Processing /home/navneetsajwan/airflow/etl/lib/python3.8/site-packages/airflow/example_dags/example_subdag_operator.py took 0.249 seconds
[2021-05-08 01:19:10,840] {scheduler_job.py:182} INFO - Started process (PID=452346) to work on /home/navneetsajwan/airflow/etl/lib/python3.8/site-packages/airflow/example_dags/example_subdag_operator.py
[2021-05-08 01:19:10,842] {scheduler_job.py:629} INFO - Processing file /home/navneetsajwan/airflow/etl/lib/python3.8/site-packages/airflow/example_dags/example_subdag_operator.py for tasks to queue
[2021-05-08 01:19:10,843] {logging_mixin.py:104} INFO - [2021-05-08 01:19:10,842] {dagbag.py:451} INFO - Filling up the DagBag from /home/navneetsajwan/airflow/etl/lib/python3.8/site-packages/airflow/example_dags/example_subdag_operator.py
[2021-05-08 01:19:10,874] {scheduler_job.py:639} INFO - DAG(s) dict_keys(['example_subdag_operator.section-1', 'example_subdag_operator.section-2', 'example_subdag_operator']) retrieved from /home/navneetsajwan/airflow/etl/lib/python3.8/site-packages/airflow/example_dags/example_subdag_operator.py
[2021-05-08 01:19:10,892] {logging_mixin.py:104} INFO - [2021-05-08 01:19:10,892] {dag.py:1824} INFO - Sync 3 DAGs
[2021-05-08 01:19:10,909] {logging_mixin.py:104} INFO - [2021-05-08 01:19:10,909] {dag.py:2280} INFO - Setting next_dagrun for example_subdag_operator to 2021-05-05 00:00:00+00:00
[2021-05-08 01:19:10,911] {logging_mixin.py:104} INFO - [2021-05-08 01:19:10,911] {dag.py:2280} INFO - Setting next_dagrun for example_subdag_operator.section-1 to None
[2021-05-08 01:19:10,911] {logging_mixin.py:104} INFO - [2021-05-08 01:19:10,911] {dag.py:2280} INFO - Setting next_dagrun for example_subdag_operator.section-2 to None
[2021-05-08 01:19:11,024] {logging_mixin.py:104} INFO - [2021-05-08 01:19:11,023] {dag.py:1824} INFO - Sync 2 DAGs
[2021-05-08 01:19:11,056] {logging_mixin.py:104} INFO - [2021-05-08 01:19:11,056] {dag.py:2280} INFO - Setting next_dagrun for example_subdag_operator.section-1 to None
[2021-05-08 01:19:11,057] {logging_mixin.py:104} INFO - [2021-05-08 01:19:11,057] {dag.py:2280} INFO - Setting next_dagrun for example_subdag_operator.section-2 to None
[2021-05-08 01:19:11,139] {scheduler_job.py:190} INFO - Processing /home/navneetsajwan/airflow/etl/lib/python3.8/site-packages/airflow/example_dags/example_subdag_operator.py took 0.307 seconds
[2021-05-08 01:19:53,991] {scheduler_job.py:182} INFO - Started process (PID=452958) to work on /home/navneetsajwan/airflow/etl/lib/python3.8/site-packages/airflow/example_dags/example_subdag_operator.py
[2021-05-08 01:19:53,992] {scheduler_job.py:629} INFO - Processing file /home/navneetsajwan/airflow/etl/lib/python3.8/site-packages/airflow/example_dags/example_subdag_operator.py for tasks to queue
[2021-05-08 01:19:53,992] {logging_mixin.py:104} INFO - [2021-05-08 01:19:53,992] {dagbag.py:451} INFO - Filling up the DagBag from /home/navneetsajwan/airflow/etl/lib/python3.8/site-packages/airflow/example_dags/example_subdag_operator.py
[2021-05-08 01:19:54,012] {scheduler_job.py:639} INFO - DAG(s) dict_keys(['example_subdag_operator.section-1', 'example_subdag_operator.section-2', 'example_subdag_operator']) retrieved from /home/navneetsajwan/airflow/etl/lib/python3.8/site-packages/airflow/example_dags/example_subdag_operator.py
[2021-05-08 01:19:54,027] {logging_mixin.py:104} INFO - [2021-05-08 01:19:54,027] {dag.py:1824} INFO - Sync 3 DAGs
[2021-05-08 01:19:54,039] {logging_mixin.py:104} INFO - [2021-05-08 01:19:54,039] {dag.py:2280} INFO - Setting next_dagrun for example_subdag_operator to 2021-05-05 00:00:00+00:00
[2021-05-08 01:19:54,040] {logging_mixin.py:104} INFO - [2021-05-08 01:19:54,040] {dag.py:2280} INFO - Setting next_dagrun for example_subdag_operator.section-1 to None
[2021-05-08 01:19:54,040] {logging_mixin.py:104} INFO - [2021-05-08 01:19:54,040] {dag.py:2280} INFO - Setting next_dagrun for example_subdag_operator.section-2 to None
[2021-05-08 01:19:54,137] {logging_mixin.py:104} INFO - [2021-05-08 01:19:54,137] {dag.py:1824} INFO - Sync 2 DAGs
[2021-05-08 01:19:54,159] {logging_mixin.py:104} INFO - [2021-05-08 01:19:54,158] {dag.py:2280} INFO - Setting next_dagrun for example_subdag_operator.section-1 to None
[2021-05-08 01:19:54,159] {logging_mixin.py:104} INFO - [2021-05-08 01:19:54,159] {dag.py:2280} INFO - Setting next_dagrun for example_subdag_operator.section-2 to None
[2021-05-08 01:19:54,257] {scheduler_job.py:190} INFO - Processing /home/navneetsajwan/airflow/etl/lib/python3.8/site-packages/airflow/example_dags/example_subdag_operator.py took 0.269 seconds
[2021-05-08 01:20:31,162] {scheduler_job.py:182} INFO - Started process (PID=453481) to work on /home/navneetsajwan/airflow/etl/lib/python3.8/site-packages/airflow/example_dags/example_subdag_operator.py
[2021-05-08 01:20:31,167] {scheduler_job.py:629} INFO - Processing file /home/navneetsajwan/airflow/etl/lib/python3.8/site-packages/airflow/example_dags/example_subdag_operator.py for tasks to queue
[2021-05-08 01:20:31,168] {logging_mixin.py:104} INFO - [2021-05-08 01:20:31,168] {dagbag.py:451} INFO - Filling up the DagBag from /home/navneetsajwan/airflow/etl/lib/python3.8/site-packages/airflow/example_dags/example_subdag_operator.py
[2021-05-08 01:20:31,261] {scheduler_job.py:639} INFO - DAG(s) dict_keys(['example_subdag_operator.section-1', 'example_subdag_operator.section-2', 'example_subdag_operator']) retrieved from /home/navneetsajwan/airflow/etl/lib/python3.8/site-packages/airflow/example_dags/example_subdag_operator.py
[2021-05-08 01:20:31,350] {logging_mixin.py:104} INFO - [2021-05-08 01:20:31,350] {dag.py:1824} INFO - Sync 3 DAGs
[2021-05-08 01:20:31,629] {logging_mixin.py:104} INFO - [2021-05-08 01:20:31,629] {dag.py:2280} INFO - Setting next_dagrun for example_subdag_operator to 2021-05-05 00:00:00+00:00
[2021-05-08 01:20:31,650] {logging_mixin.py:104} INFO - [2021-05-08 01:20:31,649] {dag.py:2280} INFO - Setting next_dagrun for example_subdag_operator.section-1 to None
[2021-05-08 01:20:31,655] {logging_mixin.py:104} INFO - [2021-05-08 01:20:31,655] {dag.py:2280} INFO - Setting next_dagrun for example_subdag_operator.section-2 to None
[2021-05-08 01:20:31,917] {logging_mixin.py:104} INFO - [2021-05-08 01:20:31,917] {dag.py:1824} INFO - Sync 2 DAGs
[2021-05-08 01:20:31,936] {logging_mixin.py:104} INFO - [2021-05-08 01:20:31,936] {dag.py:2280} INFO - Setting next_dagrun for example_subdag_operator.section-1 to None
[2021-05-08 01:20:31,936] {logging_mixin.py:104} INFO - [2021-05-08 01:20:31,936] {dag.py:2280} INFO - Setting next_dagrun for example_subdag_operator.section-2 to None
[2021-05-08 01:20:32,055] {scheduler_job.py:190} INFO - Processing /home/navneetsajwan/airflow/etl/lib/python3.8/site-packages/airflow/example_dags/example_subdag_operator.py took 0.899 seconds
[2021-05-08 01:21:09,980] {scheduler_job.py:182} INFO - Started process (PID=454395) to work on /home/navneetsajwan/airflow/etl/lib/python3.8/site-packages/airflow/example_dags/example_subdag_operator.py
[2021-05-08 01:21:09,983] {scheduler_job.py:629} INFO - Processing file /home/navneetsajwan/airflow/etl/lib/python3.8/site-packages/airflow/example_dags/example_subdag_operator.py for tasks to queue
[2021-05-08 01:21:09,984] {logging_mixin.py:104} INFO - [2021-05-08 01:21:09,983] {dagbag.py:451} INFO - Filling up the DagBag from /home/navneetsajwan/airflow/etl/lib/python3.8/site-packages/airflow/example_dags/example_subdag_operator.py
[2021-05-08 01:21:10,013] {scheduler_job.py:639} INFO - DAG(s) dict_keys(['example_subdag_operator.section-1', 'example_subdag_operator.section-2', 'example_subdag_operator']) retrieved from /home/navneetsajwan/airflow/etl/lib/python3.8/site-packages/airflow/example_dags/example_subdag_operator.py
[2021-05-08 01:21:10,035] {logging_mixin.py:104} INFO - [2021-05-08 01:21:10,035] {dag.py:1824} INFO - Sync 3 DAGs
[2021-05-08 01:21:10,049] {logging_mixin.py:104} INFO - [2021-05-08 01:21:10,049] {dag.py:2280} INFO - Setting next_dagrun for example_subdag_operator to 2021-05-05 00:00:00+00:00
[2021-05-08 01:21:10,051] {logging_mixin.py:104} INFO - [2021-05-08 01:21:10,051] {dag.py:2280} INFO - Setting next_dagrun for example_subdag_operator.section-1 to None
[2021-05-08 01:21:10,052] {logging_mixin.py:104} INFO - [2021-05-08 01:21:10,052] {dag.py:2280} INFO - Setting next_dagrun for example_subdag_operator.section-2 to None
[2021-05-08 01:21:10,186] {logging_mixin.py:104} INFO - [2021-05-08 01:21:10,186] {dag.py:1824} INFO - Sync 2 DAGs
[2021-05-08 01:21:10,195] {logging_mixin.py:104} INFO - [2021-05-08 01:21:10,195] {dag.py:2280} INFO - Setting next_dagrun for example_subdag_operator.section-1 to None
[2021-05-08 01:21:10,195] {logging_mixin.py:104} INFO - [2021-05-08 01:21:10,195] {dag.py:2280} INFO - Setting next_dagrun for example_subdag_operator.section-2 to None
[2021-05-08 01:21:10,291] {scheduler_job.py:190} INFO - Processing /home/navneetsajwan/airflow/etl/lib/python3.8/site-packages/airflow/example_dags/example_subdag_operator.py took 0.315 seconds
[2021-05-08 01:21:51,236] {scheduler_job.py:182} INFO - Started process (PID=454946) to work on /home/navneetsajwan/airflow/etl/lib/python3.8/site-packages/airflow/example_dags/example_subdag_operator.py
[2021-05-08 01:21:51,237] {scheduler_job.py:629} INFO - Processing file /home/navneetsajwan/airflow/etl/lib/python3.8/site-packages/airflow/example_dags/example_subdag_operator.py for tasks to queue
[2021-05-08 01:21:51,238] {logging_mixin.py:104} INFO - [2021-05-08 01:21:51,238] {dagbag.py:451} INFO - Filling up the DagBag from /home/navneetsajwan/airflow/etl/lib/python3.8/site-packages/airflow/example_dags/example_subdag_operator.py
[2021-05-08 01:21:51,258] {scheduler_job.py:639} INFO - DAG(s) dict_keys(['example_subdag_operator.section-1', 'example_subdag_operator.section-2', 'example_subdag_operator']) retrieved from /home/navneetsajwan/airflow/etl/lib/python3.8/site-packages/airflow/example_dags/example_subdag_operator.py
[2021-05-08 01:21:51,270] {logging_mixin.py:104} INFO - [2021-05-08 01:21:51,270] {dag.py:1824} INFO - Sync 3 DAGs
[2021-05-08 01:21:51,281] {logging_mixin.py:104} INFO - [2021-05-08 01:21:51,281] {dag.py:2280} INFO - Setting next_dagrun for example_subdag_operator to 2021-05-05 00:00:00+00:00
[2021-05-08 01:21:51,282] {logging_mixin.py:104} INFO - [2021-05-08 01:21:51,282] {dag.py:2280} INFO - Setting next_dagrun for example_subdag_operator.section-1 to None
[2021-05-08 01:21:51,282] {logging_mixin.py:104} INFO - [2021-05-08 01:21:51,282] {dag.py:2280} INFO - Setting next_dagrun for example_subdag_operator.section-2 to None
[2021-05-08 01:21:51,411] {logging_mixin.py:104} INFO - [2021-05-08 01:21:51,411] {dag.py:1824} INFO - Sync 2 DAGs
[2021-05-08 01:21:51,420] {logging_mixin.py:104} INFO - [2021-05-08 01:21:51,420] {dag.py:2280} INFO - Setting next_dagrun for example_subdag_operator.section-1 to None
[2021-05-08 01:21:51,421] {logging_mixin.py:104} INFO - [2021-05-08 01:21:51,421] {dag.py:2280} INFO - Setting next_dagrun for example_subdag_operator.section-2 to None
[2021-05-08 01:21:51,492] {scheduler_job.py:190} INFO - Processing /home/navneetsajwan/airflow/etl/lib/python3.8/site-packages/airflow/example_dags/example_subdag_operator.py took 0.259 seconds
[2021-05-08 01:22:34,735] {scheduler_job.py:182} INFO - Started process (PID=455849) to work on /home/navneetsajwan/airflow/etl/lib/python3.8/site-packages/airflow/example_dags/example_subdag_operator.py
[2021-05-08 01:22:34,737] {scheduler_job.py:629} INFO - Processing file /home/navneetsajwan/airflow/etl/lib/python3.8/site-packages/airflow/example_dags/example_subdag_operator.py for tasks to queue
[2021-05-08 01:22:34,738] {logging_mixin.py:104} INFO - [2021-05-08 01:22:34,738] {dagbag.py:451} INFO - Filling up the DagBag from /home/navneetsajwan/airflow/etl/lib/python3.8/site-packages/airflow/example_dags/example_subdag_operator.py
[2021-05-08 01:22:34,797] {scheduler_job.py:639} INFO - DAG(s) dict_keys(['example_subdag_operator.section-1', 'example_subdag_operator.section-2', 'example_subdag_operator']) retrieved from /home/navneetsajwan/airflow/etl/lib/python3.8/site-packages/airflow/example_dags/example_subdag_operator.py
[2021-05-08 01:22:34,837] {logging_mixin.py:104} INFO - [2021-05-08 01:22:34,837] {dag.py:1824} INFO - Sync 3 DAGs
[2021-05-08 01:22:34,868] {logging_mixin.py:104} INFO - [2021-05-08 01:22:34,867] {dag.py:2280} INFO - Setting next_dagrun for example_subdag_operator to 2021-05-05 00:00:00+00:00
[2021-05-08 01:22:34,873] {logging_mixin.py:104} INFO - [2021-05-08 01:22:34,873] {dag.py:2280} INFO - Setting next_dagrun for example_subdag_operator.section-1 to None
[2021-05-08 01:22:34,874] {logging_mixin.py:104} INFO - [2021-05-08 01:22:34,874] {dag.py:2280} INFO - Setting next_dagrun for example_subdag_operator.section-2 to None
[2021-05-08 01:22:34,993] {logging_mixin.py:104} INFO - [2021-05-08 01:22:34,992] {dag.py:1824} INFO - Sync 2 DAGs
[2021-05-08 01:22:35,042] {logging_mixin.py:104} INFO - [2021-05-08 01:22:35,041] {dag.py:2280} INFO - Setting next_dagrun for example_subdag_operator.section-1 to None
[2021-05-08 01:22:35,042] {logging_mixin.py:104} INFO - [2021-05-08 01:22:35,042] {dag.py:2280} INFO - Setting next_dagrun for example_subdag_operator.section-2 to None
[2021-05-08 01:22:35,210] {scheduler_job.py:190} INFO - Processing /home/navneetsajwan/airflow/etl/lib/python3.8/site-packages/airflow/example_dags/example_subdag_operator.py took 0.483 seconds
[2021-05-08 01:23:14,649] {scheduler_job.py:182} INFO - Started process (PID=456424) to work on /home/navneetsajwan/airflow/etl/lib/python3.8/site-packages/airflow/example_dags/example_subdag_operator.py
[2021-05-08 01:23:14,652] {scheduler_job.py:629} INFO - Processing file /home/navneetsajwan/airflow/etl/lib/python3.8/site-packages/airflow/example_dags/example_subdag_operator.py for tasks to queue
[2021-05-08 01:23:14,653] {logging_mixin.py:104} INFO - [2021-05-08 01:23:14,653] {dagbag.py:451} INFO - Filling up the DagBag from /home/navneetsajwan/airflow/etl/lib/python3.8/site-packages/airflow/example_dags/example_subdag_operator.py
[2021-05-08 01:23:14,683] {scheduler_job.py:639} INFO - DAG(s) dict_keys(['example_subdag_operator.section-1', 'example_subdag_operator.section-2', 'example_subdag_operator']) retrieved from /home/navneetsajwan/airflow/etl/lib/python3.8/site-packages/airflow/example_dags/example_subdag_operator.py
[2021-05-08 01:23:14,713] {logging_mixin.py:104} INFO - [2021-05-08 01:23:14,712] {dag.py:1824} INFO - Sync 3 DAGs
[2021-05-08 01:23:14,732] {logging_mixin.py:104} INFO - [2021-05-08 01:23:14,732] {dag.py:2280} INFO - Setting next_dagrun for example_subdag_operator to 2021-05-05 00:00:00+00:00
[2021-05-08 01:23:14,734] {logging_mixin.py:104} INFO - [2021-05-08 01:23:14,734] {dag.py:2280} INFO - Setting next_dagrun for example_subdag_operator.section-1 to None
[2021-05-08 01:23:14,734] {logging_mixin.py:104} INFO - [2021-05-08 01:23:14,734] {dag.py:2280} INFO - Setting next_dagrun for example_subdag_operator.section-2 to None
[2021-05-08 01:23:14,818] {logging_mixin.py:104} INFO - [2021-05-08 01:23:14,817] {dag.py:1824} INFO - Sync 2 DAGs
[2021-05-08 01:23:14,831] {logging_mixin.py:104} INFO - [2021-05-08 01:23:14,830] {dag.py:2280} INFO - Setting next_dagrun for example_subdag_operator.section-1 to None
[2021-05-08 01:23:14,831] {logging_mixin.py:104} INFO - [2021-05-08 01:23:14,831] {dag.py:2280} INFO - Setting next_dagrun for example_subdag_operator.section-2 to None
[2021-05-08 01:23:14,988] {scheduler_job.py:190} INFO - Processing /home/navneetsajwan/airflow/etl/lib/python3.8/site-packages/airflow/example_dags/example_subdag_operator.py took 0.344 seconds
[2021-05-08 01:23:50,171] {scheduler_job.py:182} INFO - Started process (PID=456912) to work on /home/navneetsajwan/airflow/etl/lib/python3.8/site-packages/airflow/example_dags/example_subdag_operator.py
[2021-05-08 01:23:50,172] {scheduler_job.py:629} INFO - Processing file /home/navneetsajwan/airflow/etl/lib/python3.8/site-packages/airflow/example_dags/example_subdag_operator.py for tasks to queue
[2021-05-08 01:23:50,173] {logging_mixin.py:104} INFO - [2021-05-08 01:23:50,173] {dagbag.py:451} INFO - Filling up the DagBag from /home/navneetsajwan/airflow/etl/lib/python3.8/site-packages/airflow/example_dags/example_subdag_operator.py
[2021-05-08 01:23:50,193] {scheduler_job.py:639} INFO - DAG(s) dict_keys(['example_subdag_operator.section-1', 'example_subdag_operator.section-2', 'example_subdag_operator']) retrieved from /home/navneetsajwan/airflow/etl/lib/python3.8/site-packages/airflow/example_dags/example_subdag_operator.py
[2021-05-08 01:23:50,205] {logging_mixin.py:104} INFO - [2021-05-08 01:23:50,205] {dag.py:1824} INFO - Sync 3 DAGs
[2021-05-08 01:23:50,217] {logging_mixin.py:104} INFO - [2021-05-08 01:23:50,217] {dag.py:2280} INFO - Setting next_dagrun for example_subdag_operator to 2021-05-05 00:00:00+00:00
[2021-05-08 01:23:50,218] {logging_mixin.py:104} INFO - [2021-05-08 01:23:50,218] {dag.py:2280} INFO - Setting next_dagrun for example_subdag_operator.section-1 to None
[2021-05-08 01:23:50,219] {logging_mixin.py:104} INFO - [2021-05-08 01:23:50,219] {dag.py:2280} INFO - Setting next_dagrun for example_subdag_operator.section-2 to None
[2021-05-08 01:23:50,308] {logging_mixin.py:104} INFO - [2021-05-08 01:23:50,307] {dag.py:1824} INFO - Sync 2 DAGs
[2021-05-08 01:23:50,316] {logging_mixin.py:104} INFO - [2021-05-08 01:23:50,316] {dag.py:2280} INFO - Setting next_dagrun for example_subdag_operator.section-1 to None
[2021-05-08 01:23:50,316] {logging_mixin.py:104} INFO - [2021-05-08 01:23:50,316] {dag.py:2280} INFO - Setting next_dagrun for example_subdag_operator.section-2 to None
[2021-05-08 01:23:50,411] {scheduler_job.py:190} INFO - Processing /home/navneetsajwan/airflow/etl/lib/python3.8/site-packages/airflow/example_dags/example_subdag_operator.py took 0.244 seconds
[2021-05-08 01:24:41,117] {scheduler_job.py:182} INFO - Started process (PID=457970) to work on /home/navneetsajwan/airflow/etl/lib/python3.8/site-packages/airflow/example_dags/example_subdag_operator.py
[2021-05-08 01:24:41,159] {scheduler_job.py:629} INFO - Processing file /home/navneetsajwan/airflow/etl/lib/python3.8/site-packages/airflow/example_dags/example_subdag_operator.py for tasks to queue
[2021-05-08 01:24:41,160] {logging_mixin.py:104} INFO - [2021-05-08 01:24:41,160] {dagbag.py:451} INFO - Filling up the DagBag from /home/navneetsajwan/airflow/etl/lib/python3.8/site-packages/airflow/example_dags/example_subdag_operator.py
[2021-05-08 01:24:41,267] {scheduler_job.py:639} INFO - DAG(s) dict_keys(['example_subdag_operator.section-1', 'example_subdag_operator.section-2', 'example_subdag_operator']) retrieved from /home/navneetsajwan/airflow/etl/lib/python3.8/site-packages/airflow/example_dags/example_subdag_operator.py
[2021-05-08 01:24:41,297] {logging_mixin.py:104} INFO - [2021-05-08 01:24:41,297] {dag.py:1824} INFO - Sync 3 DAGs
[2021-05-08 01:24:41,339] {logging_mixin.py:104} INFO - [2021-05-08 01:24:41,338] {dag.py:2280} INFO - Setting next_dagrun for example_subdag_operator to 2021-05-05 00:00:00+00:00
[2021-05-08 01:24:41,342] {logging_mixin.py:104} INFO - [2021-05-08 01:24:41,342] {dag.py:2280} INFO - Setting next_dagrun for example_subdag_operator.section-1 to None
[2021-05-08 01:24:41,351] {logging_mixin.py:104} INFO - [2021-05-08 01:24:41,350] {dag.py:2280} INFO - Setting next_dagrun for example_subdag_operator.section-2 to None
[2021-05-08 01:24:41,533] {logging_mixin.py:104} INFO - [2021-05-08 01:24:41,533] {dag.py:1824} INFO - Sync 2 DAGs
[2021-05-08 01:24:41,560] {logging_mixin.py:104} INFO - [2021-05-08 01:24:41,560] {dag.py:2280} INFO - Setting next_dagrun for example_subdag_operator.section-1 to None
[2021-05-08 01:24:41,566] {logging_mixin.py:104} INFO - [2021-05-08 01:24:41,566] {dag.py:2280} INFO - Setting next_dagrun for example_subdag_operator.section-2 to None
[2021-05-08 01:24:41,690] {scheduler_job.py:190} INFO - Processing /home/navneetsajwan/airflow/etl/lib/python3.8/site-packages/airflow/example_dags/example_subdag_operator.py took 0.592 seconds
[2021-05-08 01:25:38,996] {scheduler_job.py:182} INFO - Started process (PID=458929) to work on /home/navneetsajwan/airflow/etl/lib/python3.8/site-packages/airflow/example_dags/example_subdag_operator.py
[2021-05-08 01:25:38,999] {scheduler_job.py:629} INFO - Processing file /home/navneetsajwan/airflow/etl/lib/python3.8/site-packages/airflow/example_dags/example_subdag_operator.py for tasks to queue
[2021-05-08 01:25:39,000] {logging_mixin.py:104} INFO - [2021-05-08 01:25:39,000] {dagbag.py:451} INFO - Filling up the DagBag from /home/navneetsajwan/airflow/etl/lib/python3.8/site-packages/airflow/example_dags/example_subdag_operator.py
[2021-05-08 01:25:39,109] {scheduler_job.py:639} INFO - DAG(s) dict_keys(['example_subdag_operator.section-1', 'example_subdag_operator.section-2', 'example_subdag_operator']) retrieved from /home/navneetsajwan/airflow/etl/lib/python3.8/site-packages/airflow/example_dags/example_subdag_operator.py
[2021-05-08 01:25:39,129] {logging_mixin.py:104} INFO - [2021-05-08 01:25:39,129] {dag.py:1824} INFO - Sync 3 DAGs
[2021-05-08 01:25:39,150] {logging_mixin.py:104} INFO - [2021-05-08 01:25:39,150] {dag.py:2280} INFO - Setting next_dagrun for example_subdag_operator to 2021-05-05 00:00:00+00:00
[2021-05-08 01:25:39,152] {logging_mixin.py:104} INFO - [2021-05-08 01:25:39,152] {dag.py:2280} INFO - Setting next_dagrun for example_subdag_operator.section-1 to None
[2021-05-08 01:25:39,153] {logging_mixin.py:104} INFO - [2021-05-08 01:25:39,153] {dag.py:2280} INFO - Setting next_dagrun for example_subdag_operator.section-2 to None
[2021-05-08 01:25:39,259] {logging_mixin.py:104} INFO - [2021-05-08 01:25:39,259] {dag.py:1824} INFO - Sync 2 DAGs
[2021-05-08 01:25:39,281] {logging_mixin.py:104} INFO - [2021-05-08 01:25:39,281] {dag.py:2280} INFO - Setting next_dagrun for example_subdag_operator.section-1 to None
[2021-05-08 01:25:39,282] {logging_mixin.py:104} INFO - [2021-05-08 01:25:39,282] {dag.py:2280} INFO - Setting next_dagrun for example_subdag_operator.section-2 to None
[2021-05-08 01:25:39,432] {scheduler_job.py:190} INFO - Processing /home/navneetsajwan/airflow/etl/lib/python3.8/site-packages/airflow/example_dags/example_subdag_operator.py took 0.451 seconds
[2021-05-08 01:26:37,297] {scheduler_job.py:182} INFO - Started process (PID=460026) to work on /home/navneetsajwan/airflow/etl/lib/python3.8/site-packages/airflow/example_dags/example_subdag_operator.py
[2021-05-08 01:26:37,300] {scheduler_job.py:629} INFO - Processing file /home/navneetsajwan/airflow/etl/lib/python3.8/site-packages/airflow/example_dags/example_subdag_operator.py for tasks to queue
[2021-05-08 01:26:37,301] {logging_mixin.py:104} INFO - [2021-05-08 01:26:37,300] {dagbag.py:451} INFO - Filling up the DagBag from /home/navneetsajwan/airflow/etl/lib/python3.8/site-packages/airflow/example_dags/example_subdag_operator.py
[2021-05-08 01:26:37,329] {scheduler_job.py:639} INFO - DAG(s) dict_keys(['example_subdag_operator.section-1', 'example_subdag_operator.section-2', 'example_subdag_operator']) retrieved from /home/navneetsajwan/airflow/etl/lib/python3.8/site-packages/airflow/example_dags/example_subdag_operator.py
[2021-05-08 01:26:37,344] {logging_mixin.py:104} INFO - [2021-05-08 01:26:37,344] {dag.py:1824} INFO - Sync 3 DAGs
[2021-05-08 01:26:37,361] {logging_mixin.py:104} INFO - [2021-05-08 01:26:37,361] {dag.py:2280} INFO - Setting next_dagrun for example_subdag_operator to 2021-05-05 00:00:00+00:00
[2021-05-08 01:26:37,362] {logging_mixin.py:104} INFO - [2021-05-08 01:26:37,362] {dag.py:2280} INFO - Setting next_dagrun for example_subdag_operator.section-1 to None
[2021-05-08 01:26:37,363] {logging_mixin.py:104} INFO - [2021-05-08 01:26:37,363] {dag.py:2280} INFO - Setting next_dagrun for example_subdag_operator.section-2 to None
[2021-05-08 01:26:37,462] {logging_mixin.py:104} INFO - [2021-05-08 01:26:37,462] {dag.py:1824} INFO - Sync 2 DAGs
[2021-05-08 01:26:37,473] {logging_mixin.py:104} INFO - [2021-05-08 01:26:37,473] {dag.py:2280} INFO - Setting next_dagrun for example_subdag_operator.section-1 to None
[2021-05-08 01:26:37,474] {logging_mixin.py:104} INFO - [2021-05-08 01:26:37,474] {dag.py:2280} INFO - Setting next_dagrun for example_subdag_operator.section-2 to None
[2021-05-08 01:26:37,544] {scheduler_job.py:190} INFO - Processing /home/navneetsajwan/airflow/etl/lib/python3.8/site-packages/airflow/example_dags/example_subdag_operator.py took 0.252 seconds
[2021-05-08 01:27:28,281] {scheduler_job.py:182} INFO - Started process (PID=460921) to work on /home/navneetsajwan/airflow/etl/lib/python3.8/site-packages/airflow/example_dags/example_subdag_operator.py
[2021-05-08 01:27:28,283] {scheduler_job.py:629} INFO - Processing file /home/navneetsajwan/airflow/etl/lib/python3.8/site-packages/airflow/example_dags/example_subdag_operator.py for tasks to queue
[2021-05-08 01:27:28,287] {logging_mixin.py:104} INFO - [2021-05-08 01:27:28,287] {dagbag.py:451} INFO - Filling up the DagBag from /home/navneetsajwan/airflow/etl/lib/python3.8/site-packages/airflow/example_dags/example_subdag_operator.py
[2021-05-08 01:27:28,369] {scheduler_job.py:639} INFO - DAG(s) dict_keys(['example_subdag_operator.section-1', 'example_subdag_operator.section-2', 'example_subdag_operator']) retrieved from /home/navneetsajwan/airflow/etl/lib/python3.8/site-packages/airflow/example_dags/example_subdag_operator.py
[2021-05-08 01:27:28,475] {logging_mixin.py:104} INFO - [2021-05-08 01:27:28,475] {dag.py:1824} INFO - Sync 3 DAGs
[2021-05-08 01:27:28,570] {logging_mixin.py:104} INFO - [2021-05-08 01:27:28,569] {dag.py:2280} INFO - Setting next_dagrun for example_subdag_operator to 2021-05-05 00:00:00+00:00
[2021-05-08 01:27:28,577] {logging_mixin.py:104} INFO - [2021-05-08 01:27:28,577] {dag.py:2280} INFO - Setting next_dagrun for example_subdag_operator.section-1 to None
[2021-05-08 01:27:28,582] {logging_mixin.py:104} INFO - [2021-05-08 01:27:28,581] {dag.py:2280} INFO - Setting next_dagrun for example_subdag_operator.section-2 to None
[2021-05-08 01:27:28,910] {logging_mixin.py:104} INFO - [2021-05-08 01:27:28,910] {dag.py:1824} INFO - Sync 2 DAGs
[2021-05-08 01:27:28,931] {logging_mixin.py:104} INFO - [2021-05-08 01:27:28,931] {dag.py:2280} INFO - Setting next_dagrun for example_subdag_operator.section-1 to None
[2021-05-08 01:27:28,941] {logging_mixin.py:104} INFO - [2021-05-08 01:27:28,941] {dag.py:2280} INFO - Setting next_dagrun for example_subdag_operator.section-2 to None
[2021-05-08 01:27:29,199] {scheduler_job.py:190} INFO - Processing /home/navneetsajwan/airflow/etl/lib/python3.8/site-packages/airflow/example_dags/example_subdag_operator.py took 0.931 seconds
[2021-05-08 01:28:17,002] {scheduler_job.py:182} INFO - Started process (PID=461910) to work on /home/navneetsajwan/airflow/etl/lib/python3.8/site-packages/airflow/example_dags/example_subdag_operator.py
[2021-05-08 01:28:17,010] {scheduler_job.py:629} INFO - Processing file /home/navneetsajwan/airflow/etl/lib/python3.8/site-packages/airflow/example_dags/example_subdag_operator.py for tasks to queue
[2021-05-08 01:28:17,011] {logging_mixin.py:104} INFO - [2021-05-08 01:28:17,011] {dagbag.py:451} INFO - Filling up the DagBag from /home/navneetsajwan/airflow/etl/lib/python3.8/site-packages/airflow/example_dags/example_subdag_operator.py
[2021-05-08 01:28:17,063] {scheduler_job.py:639} INFO - DAG(s) dict_keys(['example_subdag_operator.section-1', 'example_subdag_operator.section-2', 'example_subdag_operator']) retrieved from /home/navneetsajwan/airflow/etl/lib/python3.8/site-packages/airflow/example_dags/example_subdag_operator.py
[2021-05-08 01:28:17,205] {logging_mixin.py:104} INFO - [2021-05-08 01:28:17,204] {dag.py:1824} INFO - Sync 3 DAGs
[2021-05-08 01:28:17,249] {logging_mixin.py:104} INFO - [2021-05-08 01:28:17,249] {dag.py:2280} INFO - Setting next_dagrun for example_subdag_operator to 2021-05-05 00:00:00+00:00
[2021-05-08 01:28:17,259] {logging_mixin.py:104} INFO - [2021-05-08 01:28:17,250] {dag.py:2280} INFO - Setting next_dagrun for example_subdag_operator.section-1 to None
[2021-05-08 01:28:17,265] {logging_mixin.py:104} INFO - [2021-05-08 01:28:17,265] {dag.py:2280} INFO - Setting next_dagrun for example_subdag_operator.section-2 to None
[2021-05-08 01:28:17,419] {logging_mixin.py:104} INFO - [2021-05-08 01:28:17,419] {dag.py:1824} INFO - Sync 2 DAGs
[2021-05-08 01:28:17,461] {logging_mixin.py:104} INFO - [2021-05-08 01:28:17,454] {dag.py:2280} INFO - Setting next_dagrun for example_subdag_operator.section-1 to None
[2021-05-08 01:28:17,468] {logging_mixin.py:104} INFO - [2021-05-08 01:28:17,468] {dag.py:2280} INFO - Setting next_dagrun for example_subdag_operator.section-2 to None
[2021-05-08 01:28:17,673] {scheduler_job.py:190} INFO - Processing /home/navneetsajwan/airflow/etl/lib/python3.8/site-packages/airflow/example_dags/example_subdag_operator.py took 0.676 seconds
[2021-05-08 01:29:03,182] {scheduler_job.py:182} INFO - Started process (PID=462573) to work on /home/navneetsajwan/airflow/etl/lib/python3.8/site-packages/airflow/example_dags/example_subdag_operator.py
[2021-05-08 01:29:03,184] {scheduler_job.py:629} INFO - Processing file /home/navneetsajwan/airflow/etl/lib/python3.8/site-packages/airflow/example_dags/example_subdag_operator.py for tasks to queue
[2021-05-08 01:29:03,185] {logging_mixin.py:104} INFO - [2021-05-08 01:29:03,185] {dagbag.py:451} INFO - Filling up the DagBag from /home/navneetsajwan/airflow/etl/lib/python3.8/site-packages/airflow/example_dags/example_subdag_operator.py
[2021-05-08 01:29:03,249] {scheduler_job.py:639} INFO - DAG(s) dict_keys(['example_subdag_operator.section-1', 'example_subdag_operator.section-2', 'example_subdag_operator']) retrieved from /home/navneetsajwan/airflow/etl/lib/python3.8/site-packages/airflow/example_dags/example_subdag_operator.py
[2021-05-08 01:29:03,451] {logging_mixin.py:104} INFO - [2021-05-08 01:29:03,451] {dag.py:1824} INFO - Sync 3 DAGs
[2021-05-08 01:29:03,547] {logging_mixin.py:104} INFO - [2021-05-08 01:29:03,547] {dag.py:2280} INFO - Setting next_dagrun for example_subdag_operator to 2021-05-05 00:00:00+00:00
[2021-05-08 01:29:03,550] {logging_mixin.py:104} INFO - [2021-05-08 01:29:03,550] {dag.py:2280} INFO - Setting next_dagrun for example_subdag_operator.section-1 to None
[2021-05-08 01:29:03,550] {logging_mixin.py:104} INFO - [2021-05-08 01:29:03,550] {dag.py:2280} INFO - Setting next_dagrun for example_subdag_operator.section-2 to None
[2021-05-08 01:29:03,849] {logging_mixin.py:104} INFO - [2021-05-08 01:29:03,849] {dag.py:1824} INFO - Sync 2 DAGs
[2021-05-08 01:29:03,905] {logging_mixin.py:104} INFO - [2021-05-08 01:29:03,905] {dag.py:2280} INFO - Setting next_dagrun for example_subdag_operator.section-1 to None
[2021-05-08 01:29:03,915] {logging_mixin.py:104} INFO - [2021-05-08 01:29:03,914] {dag.py:2280} INFO - Setting next_dagrun for example_subdag_operator.section-2 to None
[2021-05-08 01:29:04,031] {scheduler_job.py:190} INFO - Processing /home/navneetsajwan/airflow/etl/lib/python3.8/site-packages/airflow/example_dags/example_subdag_operator.py took 0.856 seconds
[2021-05-08 01:29:52,219] {scheduler_job.py:182} INFO - Started process (PID=463617) to work on /home/navneetsajwan/airflow/etl/lib/python3.8/site-packages/airflow/example_dags/example_subdag_operator.py
[2021-05-08 01:29:52,224] {scheduler_job.py:629} INFO - Processing file /home/navneetsajwan/airflow/etl/lib/python3.8/site-packages/airflow/example_dags/example_subdag_operator.py for tasks to queue
[2021-05-08 01:29:52,225] {logging_mixin.py:104} INFO - [2021-05-08 01:29:52,225] {dagbag.py:451} INFO - Filling up the DagBag from /home/navneetsajwan/airflow/etl/lib/python3.8/site-packages/airflow/example_dags/example_subdag_operator.py
[2021-05-08 01:29:52,254] {scheduler_job.py:639} INFO - DAG(s) dict_keys(['example_subdag_operator.section-1', 'example_subdag_operator.section-2', 'example_subdag_operator']) retrieved from /home/navneetsajwan/airflow/etl/lib/python3.8/site-packages/airflow/example_dags/example_subdag_operator.py
[2021-05-08 01:29:52,267] {logging_mixin.py:104} INFO - [2021-05-08 01:29:52,267] {dag.py:1824} INFO - Sync 3 DAGs
[2021-05-08 01:29:52,282] {logging_mixin.py:104} INFO - [2021-05-08 01:29:52,282] {dag.py:2280} INFO - Setting next_dagrun for example_subdag_operator to 2021-05-05 00:00:00+00:00
[2021-05-08 01:29:52,283] {logging_mixin.py:104} INFO - [2021-05-08 01:29:52,283] {dag.py:2280} INFO - Setting next_dagrun for example_subdag_operator.section-1 to None
[2021-05-08 01:29:52,284] {logging_mixin.py:104} INFO - [2021-05-08 01:29:52,284] {dag.py:2280} INFO - Setting next_dagrun for example_subdag_operator.section-2 to None
[2021-05-08 01:29:52,418] {logging_mixin.py:104} INFO - [2021-05-08 01:29:52,418] {dag.py:1824} INFO - Sync 2 DAGs
[2021-05-08 01:29:52,432] {logging_mixin.py:104} INFO - [2021-05-08 01:29:52,432] {dag.py:2280} INFO - Setting next_dagrun for example_subdag_operator.section-1 to None
[2021-05-08 01:29:52,432] {logging_mixin.py:104} INFO - [2021-05-08 01:29:52,432] {dag.py:2280} INFO - Setting next_dagrun for example_subdag_operator.section-2 to None
[2021-05-08 01:29:52,545] {scheduler_job.py:190} INFO - Processing /home/navneetsajwan/airflow/etl/lib/python3.8/site-packages/airflow/example_dags/example_subdag_operator.py took 0.330 seconds
[2021-05-08 01:30:37,594] {scheduler_job.py:182} INFO - Started process (PID=464238) to work on /home/navneetsajwan/airflow/etl/lib/python3.8/site-packages/airflow/example_dags/example_subdag_operator.py
[2021-05-08 01:30:37,595] {scheduler_job.py:629} INFO - Processing file /home/navneetsajwan/airflow/etl/lib/python3.8/site-packages/airflow/example_dags/example_subdag_operator.py for tasks to queue
[2021-05-08 01:30:37,596] {logging_mixin.py:104} INFO - [2021-05-08 01:30:37,596] {dagbag.py:451} INFO - Filling up the DagBag from /home/navneetsajwan/airflow/etl/lib/python3.8/site-packages/airflow/example_dags/example_subdag_operator.py
[2021-05-08 01:30:37,624] {scheduler_job.py:639} INFO - DAG(s) dict_keys(['example_subdag_operator.section-1', 'example_subdag_operator.section-2', 'example_subdag_operator']) retrieved from /home/navneetsajwan/airflow/etl/lib/python3.8/site-packages/airflow/example_dags/example_subdag_operator.py
[2021-05-08 01:30:37,646] {logging_mixin.py:104} INFO - [2021-05-08 01:30:37,645] {dag.py:1824} INFO - Sync 3 DAGs
[2021-05-08 01:30:37,666] {logging_mixin.py:104} INFO - [2021-05-08 01:30:37,666] {dag.py:2280} INFO - Setting next_dagrun for example_subdag_operator to 2021-05-05 00:00:00+00:00
[2021-05-08 01:30:37,668] {logging_mixin.py:104} INFO - [2021-05-08 01:30:37,668] {dag.py:2280} INFO - Setting next_dagrun for example_subdag_operator.section-1 to None
[2021-05-08 01:30:37,668] {logging_mixin.py:104} INFO - [2021-05-08 01:30:37,668] {dag.py:2280} INFO - Setting next_dagrun for example_subdag_operator.section-2 to None
[2021-05-08 01:30:38,032] {logging_mixin.py:104} INFO - [2021-05-08 01:30:38,032] {dag.py:1824} INFO - Sync 2 DAGs
[2021-05-08 01:30:38,045] {logging_mixin.py:104} INFO - [2021-05-08 01:30:38,045] {dag.py:2280} INFO - Setting next_dagrun for example_subdag_operator.section-1 to None
[2021-05-08 01:30:38,046] {logging_mixin.py:104} INFO - [2021-05-08 01:30:38,046] {dag.py:2280} INFO - Setting next_dagrun for example_subdag_operator.section-2 to None
[2021-05-08 01:30:38,224] {scheduler_job.py:190} INFO - Processing /home/navneetsajwan/airflow/etl/lib/python3.8/site-packages/airflow/example_dags/example_subdag_operator.py took 0.633 seconds
[2021-05-08 01:31:37,486] {scheduler_job.py:182} INFO - Started process (PID=465478) to work on /home/navneetsajwan/airflow/etl/lib/python3.8/site-packages/airflow/example_dags/example_subdag_operator.py
[2021-05-08 01:31:37,514] {scheduler_job.py:629} INFO - Processing file /home/navneetsajwan/airflow/etl/lib/python3.8/site-packages/airflow/example_dags/example_subdag_operator.py for tasks to queue
[2021-05-08 01:31:37,515] {logging_mixin.py:104} INFO - [2021-05-08 01:31:37,515] {dagbag.py:451} INFO - Filling up the DagBag from /home/navneetsajwan/airflow/etl/lib/python3.8/site-packages/airflow/example_dags/example_subdag_operator.py
[2021-05-08 01:31:37,634] {scheduler_job.py:639} INFO - DAG(s) dict_keys(['example_subdag_operator.section-1', 'example_subdag_operator.section-2', 'example_subdag_operator']) retrieved from /home/navneetsajwan/airflow/etl/lib/python3.8/site-packages/airflow/example_dags/example_subdag_operator.py
[2021-05-08 01:31:37,737] {logging_mixin.py:104} INFO - [2021-05-08 01:31:37,736] {dag.py:1824} INFO - Sync 3 DAGs
[2021-05-08 01:31:37,824] {logging_mixin.py:104} INFO - [2021-05-08 01:31:37,823] {dag.py:2280} INFO - Setting next_dagrun for example_subdag_operator to 2021-05-05 00:00:00+00:00
[2021-05-08 01:31:37,837] {logging_mixin.py:104} INFO - [2021-05-08 01:31:37,834] {dag.py:2280} INFO - Setting next_dagrun for example_subdag_operator.section-1 to None
[2021-05-08 01:31:37,843] {logging_mixin.py:104} INFO - [2021-05-08 01:31:37,842] {dag.py:2280} INFO - Setting next_dagrun for example_subdag_operator.section-2 to None
[2021-05-08 01:31:37,980] {logging_mixin.py:104} INFO - [2021-05-08 01:31:37,979] {dag.py:1824} INFO - Sync 2 DAGs
[2021-05-08 01:31:38,022] {logging_mixin.py:104} INFO - [2021-05-08 01:31:38,022] {dag.py:2280} INFO - Setting next_dagrun for example_subdag_operator.section-1 to None
[2021-05-08 01:31:38,041] {logging_mixin.py:104} INFO - [2021-05-08 01:31:38,039] {dag.py:2280} INFO - Setting next_dagrun for example_subdag_operator.section-2 to None
[2021-05-08 01:31:38,163] {scheduler_job.py:190} INFO - Processing /home/navneetsajwan/airflow/etl/lib/python3.8/site-packages/airflow/example_dags/example_subdag_operator.py took 0.697 seconds
[2021-05-08 01:32:35,970] {scheduler_job.py:182} INFO - Started process (PID=466322) to work on /home/navneetsajwan/airflow/etl/lib/python3.8/site-packages/airflow/example_dags/example_subdag_operator.py
[2021-05-08 01:32:35,972] {scheduler_job.py:629} INFO - Processing file /home/navneetsajwan/airflow/etl/lib/python3.8/site-packages/airflow/example_dags/example_subdag_operator.py for tasks to queue
[2021-05-08 01:32:35,973] {logging_mixin.py:104} INFO - [2021-05-08 01:32:35,973] {dagbag.py:451} INFO - Filling up the DagBag from /home/navneetsajwan/airflow/etl/lib/python3.8/site-packages/airflow/example_dags/example_subdag_operator.py
[2021-05-08 01:32:36,001] {scheduler_job.py:639} INFO - DAG(s) dict_keys(['example_subdag_operator.section-1', 'example_subdag_operator.section-2', 'example_subdag_operator']) retrieved from /home/navneetsajwan/airflow/etl/lib/python3.8/site-packages/airflow/example_dags/example_subdag_operator.py
[2021-05-08 01:32:36,033] {logging_mixin.py:104} INFO - [2021-05-08 01:32:36,032] {dag.py:1824} INFO - Sync 3 DAGs
[2021-05-08 01:32:36,112] {logging_mixin.py:104} INFO - [2021-05-08 01:32:36,112] {dag.py:2280} INFO - Setting next_dagrun for example_subdag_operator to 2021-05-05 00:00:00+00:00
[2021-05-08 01:32:36,114] {logging_mixin.py:104} INFO - [2021-05-08 01:32:36,114] {dag.py:2280} INFO - Setting next_dagrun for example_subdag_operator.section-1 to None
[2021-05-08 01:32:36,115] {logging_mixin.py:104} INFO - [2021-05-08 01:32:36,115] {dag.py:2280} INFO - Setting next_dagrun for example_subdag_operator.section-2 to None
[2021-05-08 01:32:36,683] {logging_mixin.py:104} INFO - [2021-05-08 01:32:36,683] {dag.py:1824} INFO - Sync 2 DAGs
[2021-05-08 01:32:36,693] {logging_mixin.py:104} INFO - [2021-05-08 01:32:36,692] {dag.py:2280} INFO - Setting next_dagrun for example_subdag_operator.section-1 to None
[2021-05-08 01:32:36,693] {logging_mixin.py:104} INFO - [2021-05-08 01:32:36,693] {dag.py:2280} INFO - Setting next_dagrun for example_subdag_operator.section-2 to None
[2021-05-08 01:32:37,005] {scheduler_job.py:190} INFO - Processing /home/navneetsajwan/airflow/etl/lib/python3.8/site-packages/airflow/example_dags/example_subdag_operator.py took 1.038 seconds
[2021-05-08 01:33:21,265] {scheduler_job.py:182} INFO - Started process (PID=467273) to work on /home/navneetsajwan/airflow/etl/lib/python3.8/site-packages/airflow/example_dags/example_subdag_operator.py
[2021-05-08 01:33:21,268] {scheduler_job.py:629} INFO - Processing file /home/navneetsajwan/airflow/etl/lib/python3.8/site-packages/airflow/example_dags/example_subdag_operator.py for tasks to queue
[2021-05-08 01:33:21,269] {logging_mixin.py:104} INFO - [2021-05-08 01:33:21,269] {dagbag.py:451} INFO - Filling up the DagBag from /home/navneetsajwan/airflow/etl/lib/python3.8/site-packages/airflow/example_dags/example_subdag_operator.py
[2021-05-08 01:33:21,303] {scheduler_job.py:639} INFO - DAG(s) dict_keys(['example_subdag_operator.section-1', 'example_subdag_operator.section-2', 'example_subdag_operator']) retrieved from /home/navneetsajwan/airflow/etl/lib/python3.8/site-packages/airflow/example_dags/example_subdag_operator.py
[2021-05-08 01:33:21,333] {logging_mixin.py:104} INFO - [2021-05-08 01:33:21,333] {dag.py:1824} INFO - Sync 3 DAGs
[2021-05-08 01:33:21,357] {logging_mixin.py:104} INFO - [2021-05-08 01:33:21,357] {dag.py:2280} INFO - Setting next_dagrun for example_subdag_operator to 2021-05-05 00:00:00+00:00
[2021-05-08 01:33:21,358] {logging_mixin.py:104} INFO - [2021-05-08 01:33:21,358] {dag.py:2280} INFO - Setting next_dagrun for example_subdag_operator.section-1 to None
[2021-05-08 01:33:21,359] {logging_mixin.py:104} INFO - [2021-05-08 01:33:21,359] {dag.py:2280} INFO - Setting next_dagrun for example_subdag_operator.section-2 to None
[2021-05-08 01:33:21,463] {logging_mixin.py:104} INFO - [2021-05-08 01:33:21,463] {dag.py:1824} INFO - Sync 2 DAGs
[2021-05-08 01:33:21,472] {logging_mixin.py:104} INFO - [2021-05-08 01:33:21,472] {dag.py:2280} INFO - Setting next_dagrun for example_subdag_operator.section-1 to None
[2021-05-08 01:33:21,473] {logging_mixin.py:104} INFO - [2021-05-08 01:33:21,473] {dag.py:2280} INFO - Setting next_dagrun for example_subdag_operator.section-2 to None
[2021-05-08 01:33:21,577] {scheduler_job.py:190} INFO - Processing /home/navneetsajwan/airflow/etl/lib/python3.8/site-packages/airflow/example_dags/example_subdag_operator.py took 0.316 seconds
[2021-05-08 01:34:11,711] {scheduler_job.py:182} INFO - Started process (PID=468005) to work on /home/navneetsajwan/airflow/etl/lib/python3.8/site-packages/airflow/example_dags/example_subdag_operator.py
[2021-05-08 01:34:11,713] {scheduler_job.py:629} INFO - Processing file /home/navneetsajwan/airflow/etl/lib/python3.8/site-packages/airflow/example_dags/example_subdag_operator.py for tasks to queue
[2021-05-08 01:34:11,714] {logging_mixin.py:104} INFO - [2021-05-08 01:34:11,714] {dagbag.py:451} INFO - Filling up the DagBag from /home/navneetsajwan/airflow/etl/lib/python3.8/site-packages/airflow/example_dags/example_subdag_operator.py
[2021-05-08 01:34:11,743] {scheduler_job.py:639} INFO - DAG(s) dict_keys(['example_subdag_operator.section-1', 'example_subdag_operator.section-2', 'example_subdag_operator']) retrieved from /home/navneetsajwan/airflow/etl/lib/python3.8/site-packages/airflow/example_dags/example_subdag_operator.py
[2021-05-08 01:34:11,757] {logging_mixin.py:104} INFO - [2021-05-08 01:34:11,757] {dag.py:1824} INFO - Sync 3 DAGs
[2021-05-08 01:34:11,777] {logging_mixin.py:104} INFO - [2021-05-08 01:34:11,777] {dag.py:2280} INFO - Setting next_dagrun for example_subdag_operator to 2021-05-05 00:00:00+00:00
[2021-05-08 01:34:11,778] {logging_mixin.py:104} INFO - [2021-05-08 01:34:11,778] {dag.py:2280} INFO - Setting next_dagrun for example_subdag_operator.section-1 to None
[2021-05-08 01:34:11,779] {logging_mixin.py:104} INFO - [2021-05-08 01:34:11,779] {dag.py:2280} INFO - Setting next_dagrun for example_subdag_operator.section-2 to None
[2021-05-08 01:34:11,932] {logging_mixin.py:104} INFO - [2021-05-08 01:34:11,932] {dag.py:1824} INFO - Sync 2 DAGs
[2021-05-08 01:34:11,941] {logging_mixin.py:104} INFO - [2021-05-08 01:34:11,941] {dag.py:2280} INFO - Setting next_dagrun for example_subdag_operator.section-1 to None
[2021-05-08 01:34:11,941] {logging_mixin.py:104} INFO - [2021-05-08 01:34:11,941] {dag.py:2280} INFO - Setting next_dagrun for example_subdag_operator.section-2 to None
[2021-05-08 01:34:12,047] {scheduler_job.py:190} INFO - Processing /home/navneetsajwan/airflow/etl/lib/python3.8/site-packages/airflow/example_dags/example_subdag_operator.py took 0.340 seconds
[2021-05-08 01:35:05,199] {scheduler_job.py:182} INFO - Started process (PID=469102) to work on /home/navneetsajwan/airflow/etl/lib/python3.8/site-packages/airflow/example_dags/example_subdag_operator.py
[2021-05-08 01:35:05,201] {scheduler_job.py:629} INFO - Processing file /home/navneetsajwan/airflow/etl/lib/python3.8/site-packages/airflow/example_dags/example_subdag_operator.py for tasks to queue
[2021-05-08 01:35:05,202] {logging_mixin.py:104} INFO - [2021-05-08 01:35:05,201] {dagbag.py:451} INFO - Filling up the DagBag from /home/navneetsajwan/airflow/etl/lib/python3.8/site-packages/airflow/example_dags/example_subdag_operator.py
[2021-05-08 01:35:05,316] {scheduler_job.py:639} INFO - DAG(s) dict_keys(['example_subdag_operator.section-1', 'example_subdag_operator.section-2', 'example_subdag_operator']) retrieved from /home/navneetsajwan/airflow/etl/lib/python3.8/site-packages/airflow/example_dags/example_subdag_operator.py
[2021-05-08 01:35:05,410] {logging_mixin.py:104} INFO - [2021-05-08 01:35:05,410] {dag.py:1824} INFO - Sync 3 DAGs
[2021-05-08 01:35:05,461] {logging_mixin.py:104} INFO - [2021-05-08 01:35:05,461] {dag.py:2280} INFO - Setting next_dagrun for example_subdag_operator to 2021-05-05 00:00:00+00:00
[2021-05-08 01:35:05,474] {logging_mixin.py:104} INFO - [2021-05-08 01:35:05,474] {dag.py:2280} INFO - Setting next_dagrun for example_subdag_operator.section-1 to None
[2021-05-08 01:35:05,478] {logging_mixin.py:104} INFO - [2021-05-08 01:35:05,478] {dag.py:2280} INFO - Setting next_dagrun for example_subdag_operator.section-2 to None
[2021-05-08 01:35:05,672] {logging_mixin.py:104} INFO - [2021-05-08 01:35:05,672] {dag.py:1824} INFO - Sync 2 DAGs
[2021-05-08 01:35:05,709] {logging_mixin.py:104} INFO - [2021-05-08 01:35:05,708] {dag.py:2280} INFO - Setting next_dagrun for example_subdag_operator.section-1 to None
[2021-05-08 01:35:05,709] {logging_mixin.py:104} INFO - [2021-05-08 01:35:05,709] {dag.py:2280} INFO - Setting next_dagrun for example_subdag_operator.section-2 to None
[2021-05-08 01:35:05,829] {scheduler_job.py:190} INFO - Processing /home/navneetsajwan/airflow/etl/lib/python3.8/site-packages/airflow/example_dags/example_subdag_operator.py took 0.640 seconds
[2021-05-08 01:35:57,380] {scheduler_job.py:182} INFO - Started process (PID=469850) to work on /home/navneetsajwan/airflow/etl/lib/python3.8/site-packages/airflow/example_dags/example_subdag_operator.py
[2021-05-08 01:35:57,381] {scheduler_job.py:629} INFO - Processing file /home/navneetsajwan/airflow/etl/lib/python3.8/site-packages/airflow/example_dags/example_subdag_operator.py for tasks to queue
[2021-05-08 01:35:57,382] {logging_mixin.py:104} INFO - [2021-05-08 01:35:57,382] {dagbag.py:451} INFO - Filling up the DagBag from /home/navneetsajwan/airflow/etl/lib/python3.8/site-packages/airflow/example_dags/example_subdag_operator.py
[2021-05-08 01:35:57,408] {scheduler_job.py:639} INFO - DAG(s) dict_keys(['example_subdag_operator.section-1', 'example_subdag_operator.section-2', 'example_subdag_operator']) retrieved from /home/navneetsajwan/airflow/etl/lib/python3.8/site-packages/airflow/example_dags/example_subdag_operator.py
[2021-05-08 01:35:57,464] {logging_mixin.py:104} INFO - [2021-05-08 01:35:57,464] {dag.py:1824} INFO - Sync 3 DAGs
[2021-05-08 01:35:57,520] {logging_mixin.py:104} INFO - [2021-05-08 01:35:57,520] {dag.py:2280} INFO - Setting next_dagrun for example_subdag_operator to 2021-05-05 00:00:00+00:00
[2021-05-08 01:35:57,528] {logging_mixin.py:104} INFO - [2021-05-08 01:35:57,528] {dag.py:2280} INFO - Setting next_dagrun for example_subdag_operator.section-1 to None
[2021-05-08 01:35:57,528] {logging_mixin.py:104} INFO - [2021-05-08 01:35:57,528] {dag.py:2280} INFO - Setting next_dagrun for example_subdag_operator.section-2 to None
[2021-05-08 01:35:57,860] {logging_mixin.py:104} INFO - [2021-05-08 01:35:57,860] {dag.py:1824} INFO - Sync 2 DAGs
[2021-05-08 01:35:57,874] {logging_mixin.py:104} INFO - [2021-05-08 01:35:57,874] {dag.py:2280} INFO - Setting next_dagrun for example_subdag_operator.section-1 to None
[2021-05-08 01:35:57,875] {logging_mixin.py:104} INFO - [2021-05-08 01:35:57,875] {dag.py:2280} INFO - Setting next_dagrun for example_subdag_operator.section-2 to None
[2021-05-08 01:35:58,010] {scheduler_job.py:190} INFO - Processing /home/navneetsajwan/airflow/etl/lib/python3.8/site-packages/airflow/example_dags/example_subdag_operator.py took 0.633 seconds
[2021-05-08 01:36:48,453] {scheduler_job.py:182} INFO - Started process (PID=470899) to work on /home/navneetsajwan/airflow/etl/lib/python3.8/site-packages/airflow/example_dags/example_subdag_operator.py
[2021-05-08 01:36:48,455] {scheduler_job.py:629} INFO - Processing file /home/navneetsajwan/airflow/etl/lib/python3.8/site-packages/airflow/example_dags/example_subdag_operator.py for tasks to queue
[2021-05-08 01:36:48,456] {logging_mixin.py:104} INFO - [2021-05-08 01:36:48,456] {dagbag.py:451} INFO - Filling up the DagBag from /home/navneetsajwan/airflow/etl/lib/python3.8/site-packages/airflow/example_dags/example_subdag_operator.py
[2021-05-08 01:36:48,511] {scheduler_job.py:639} INFO - DAG(s) dict_keys(['example_subdag_operator.section-1', 'example_subdag_operator.section-2', 'example_subdag_operator']) retrieved from /home/navneetsajwan/airflow/etl/lib/python3.8/site-packages/airflow/example_dags/example_subdag_operator.py
[2021-05-08 01:36:48,652] {logging_mixin.py:104} INFO - [2021-05-08 01:36:48,651] {dag.py:1824} INFO - Sync 3 DAGs
[2021-05-08 01:36:48,738] {logging_mixin.py:104} INFO - [2021-05-08 01:36:48,738] {dag.py:2280} INFO - Setting next_dagrun for example_subdag_operator to 2021-05-05 00:00:00+00:00
[2021-05-08 01:36:48,748] {logging_mixin.py:104} INFO - [2021-05-08 01:36:48,748] {dag.py:2280} INFO - Setting next_dagrun for example_subdag_operator.section-1 to None
[2021-05-08 01:36:48,754] {logging_mixin.py:104} INFO - [2021-05-08 01:36:48,754] {dag.py:2280} INFO - Setting next_dagrun for example_subdag_operator.section-2 to None
[2021-05-08 01:36:48,907] {logging_mixin.py:104} INFO - [2021-05-08 01:36:48,907] {dag.py:1824} INFO - Sync 2 DAGs
[2021-05-08 01:36:48,962] {logging_mixin.py:104} INFO - [2021-05-08 01:36:48,962] {dag.py:2280} INFO - Setting next_dagrun for example_subdag_operator.section-1 to None
[2021-05-08 01:36:48,969] {logging_mixin.py:104} INFO - [2021-05-08 01:36:48,969] {dag.py:2280} INFO - Setting next_dagrun for example_subdag_operator.section-2 to None
[2021-05-08 01:36:49,091] {scheduler_job.py:190} INFO - Processing /home/navneetsajwan/airflow/etl/lib/python3.8/site-packages/airflow/example_dags/example_subdag_operator.py took 0.643 seconds
[2021-05-08 01:37:27,505] {scheduler_job.py:182} INFO - Started process (PID=471458) to work on /home/navneetsajwan/airflow/etl/lib/python3.8/site-packages/airflow/example_dags/example_subdag_operator.py
[2021-05-08 01:37:27,517] {scheduler_job.py:629} INFO - Processing file /home/navneetsajwan/airflow/etl/lib/python3.8/site-packages/airflow/example_dags/example_subdag_operator.py for tasks to queue
[2021-05-08 01:37:27,532] {logging_mixin.py:104} INFO - [2021-05-08 01:37:27,532] {dagbag.py:451} INFO - Filling up the DagBag from /home/navneetsajwan/airflow/etl/lib/python3.8/site-packages/airflow/example_dags/example_subdag_operator.py
[2021-05-08 01:37:27,701] {scheduler_job.py:639} INFO - DAG(s) dict_keys(['example_subdag_operator.section-1', 'example_subdag_operator.section-2', 'example_subdag_operator']) retrieved from /home/navneetsajwan/airflow/etl/lib/python3.8/site-packages/airflow/example_dags/example_subdag_operator.py
[2021-05-08 01:37:27,772] {logging_mixin.py:104} INFO - [2021-05-08 01:37:27,771] {dag.py:1824} INFO - Sync 3 DAGs
[2021-05-08 01:37:27,793] {logging_mixin.py:104} INFO - [2021-05-08 01:37:27,793] {dag.py:2280} INFO - Setting next_dagrun for example_subdag_operator to 2021-05-05 00:00:00+00:00
[2021-05-08 01:37:27,795] {logging_mixin.py:104} INFO - [2021-05-08 01:37:27,794] {dag.py:2280} INFO - Setting next_dagrun for example_subdag_operator.section-1 to None
[2021-05-08 01:37:27,795] {logging_mixin.py:104} INFO - [2021-05-08 01:37:27,795] {dag.py:2280} INFO - Setting next_dagrun for example_subdag_operator.section-2 to None
[2021-05-08 01:37:27,887] {logging_mixin.py:104} INFO - [2021-05-08 01:37:27,887] {dag.py:1824} INFO - Sync 2 DAGs
[2021-05-08 01:37:27,903] {logging_mixin.py:104} INFO - [2021-05-08 01:37:27,903] {dag.py:2280} INFO - Setting next_dagrun for example_subdag_operator.section-1 to None
[2021-05-08 01:37:27,904] {logging_mixin.py:104} INFO - [2021-05-08 01:37:27,904] {dag.py:2280} INFO - Setting next_dagrun for example_subdag_operator.section-2 to None
[2021-05-08 01:37:27,996] {scheduler_job.py:190} INFO - Processing /home/navneetsajwan/airflow/etl/lib/python3.8/site-packages/airflow/example_dags/example_subdag_operator.py took 0.517 seconds
[2021-05-08 01:38:13,619] {scheduler_job.py:182} INFO - Started process (PID=472135) to work on /home/navneetsajwan/airflow/etl/lib/python3.8/site-packages/airflow/example_dags/example_subdag_operator.py
[2021-05-08 01:38:13,621] {scheduler_job.py:629} INFO - Processing file /home/navneetsajwan/airflow/etl/lib/python3.8/site-packages/airflow/example_dags/example_subdag_operator.py for tasks to queue
[2021-05-08 01:38:13,625] {logging_mixin.py:104} INFO - [2021-05-08 01:38:13,625] {dagbag.py:451} INFO - Filling up the DagBag from /home/navneetsajwan/airflow/etl/lib/python3.8/site-packages/airflow/example_dags/example_subdag_operator.py
[2021-05-08 01:38:13,652] {scheduler_job.py:639} INFO - DAG(s) dict_keys(['example_subdag_operator.section-1', 'example_subdag_operator.section-2', 'example_subdag_operator']) retrieved from /home/navneetsajwan/airflow/etl/lib/python3.8/site-packages/airflow/example_dags/example_subdag_operator.py
[2021-05-08 01:38:13,676] {logging_mixin.py:104} INFO - [2021-05-08 01:38:13,676] {dag.py:1824} INFO - Sync 3 DAGs
[2021-05-08 01:38:13,700] {logging_mixin.py:104} INFO - [2021-05-08 01:38:13,700] {dag.py:2280} INFO - Setting next_dagrun for example_subdag_operator to 2021-05-05 00:00:00+00:00
[2021-05-08 01:38:13,704] {logging_mixin.py:104} INFO - [2021-05-08 01:38:13,703] {dag.py:2280} INFO - Setting next_dagrun for example_subdag_operator.section-1 to None
[2021-05-08 01:38:13,704] {logging_mixin.py:104} INFO - [2021-05-08 01:38:13,704] {dag.py:2280} INFO - Setting next_dagrun for example_subdag_operator.section-2 to None
[2021-05-08 01:38:13,900] {logging_mixin.py:104} INFO - [2021-05-08 01:38:13,899] {dag.py:1824} INFO - Sync 2 DAGs
[2021-05-08 01:38:13,909] {logging_mixin.py:104} INFO - [2021-05-08 01:38:13,909] {dag.py:2280} INFO - Setting next_dagrun for example_subdag_operator.section-1 to None
[2021-05-08 01:38:13,909] {logging_mixin.py:104} INFO - [2021-05-08 01:38:13,909] {dag.py:2280} INFO - Setting next_dagrun for example_subdag_operator.section-2 to None
[2021-05-08 01:38:14,397] {scheduler_job.py:190} INFO - Processing /home/navneetsajwan/airflow/etl/lib/python3.8/site-packages/airflow/example_dags/example_subdag_operator.py took 0.782 seconds
