[2021-05-08 01:07:27,137] {scheduler_job.py:182} INFO - Started process (PID=440186) to work on /home/navneetsajwan/airflow/etl/lib/python3.8/site-packages/airflow/example_dags/example_trigger_target_dag.py
[2021-05-08 01:07:27,147] {scheduler_job.py:629} INFO - Processing file /home/navneetsajwan/airflow/etl/lib/python3.8/site-packages/airflow/example_dags/example_trigger_target_dag.py for tasks to queue
[2021-05-08 01:07:27,148] {logging_mixin.py:104} INFO - [2021-05-08 01:07:27,148] {dagbag.py:451} INFO - Filling up the DagBag from /home/navneetsajwan/airflow/etl/lib/python3.8/site-packages/airflow/example_dags/example_trigger_target_dag.py
[2021-05-08 01:07:27,190] {scheduler_job.py:639} INFO - DAG(s) dict_keys(['example_trigger_target_dag']) retrieved from /home/navneetsajwan/airflow/etl/lib/python3.8/site-packages/airflow/example_dags/example_trigger_target_dag.py
[2021-05-08 01:07:27,273] {logging_mixin.py:104} INFO - [2021-05-08 01:07:27,273] {dag.py:1824} INFO - Sync 1 DAGs
[2021-05-08 01:07:27,327] {logging_mixin.py:104} INFO - [2021-05-08 01:07:27,327] {dag.py:2280} INFO - Setting next_dagrun for example_trigger_target_dag to None
[2021-05-08 01:07:27,545] {scheduler_job.py:190} INFO - Processing /home/navneetsajwan/airflow/etl/lib/python3.8/site-packages/airflow/example_dags/example_trigger_target_dag.py took 0.416 seconds
[2021-05-08 01:08:10,126] {scheduler_job.py:182} INFO - Started process (PID=440744) to work on /home/navneetsajwan/airflow/etl/lib/python3.8/site-packages/airflow/example_dags/example_trigger_target_dag.py
[2021-05-08 01:08:10,127] {scheduler_job.py:629} INFO - Processing file /home/navneetsajwan/airflow/etl/lib/python3.8/site-packages/airflow/example_dags/example_trigger_target_dag.py for tasks to queue
[2021-05-08 01:08:10,129] {logging_mixin.py:104} INFO - [2021-05-08 01:08:10,129] {dagbag.py:451} INFO - Filling up the DagBag from /home/navneetsajwan/airflow/etl/lib/python3.8/site-packages/airflow/example_dags/example_trigger_target_dag.py
[2021-05-08 01:08:10,142] {scheduler_job.py:639} INFO - DAG(s) dict_keys(['example_trigger_target_dag']) retrieved from /home/navneetsajwan/airflow/etl/lib/python3.8/site-packages/airflow/example_dags/example_trigger_target_dag.py
[2021-05-08 01:08:10,158] {logging_mixin.py:104} INFO - [2021-05-08 01:08:10,158] {dag.py:1824} INFO - Sync 1 DAGs
[2021-05-08 01:08:10,171] {logging_mixin.py:104} INFO - [2021-05-08 01:08:10,171] {dag.py:2280} INFO - Setting next_dagrun for example_trigger_target_dag to None
[2021-05-08 01:08:10,296] {scheduler_job.py:190} INFO - Processing /home/navneetsajwan/airflow/etl/lib/python3.8/site-packages/airflow/example_dags/example_trigger_target_dag.py took 0.173 seconds
[2021-05-08 01:08:56,899] {scheduler_job.py:182} INFO - Started process (PID=441615) to work on /home/navneetsajwan/airflow/etl/lib/python3.8/site-packages/airflow/example_dags/example_trigger_target_dag.py
[2021-05-08 01:08:56,900] {scheduler_job.py:629} INFO - Processing file /home/navneetsajwan/airflow/etl/lib/python3.8/site-packages/airflow/example_dags/example_trigger_target_dag.py for tasks to queue
[2021-05-08 01:08:56,901] {logging_mixin.py:104} INFO - [2021-05-08 01:08:56,901] {dagbag.py:451} INFO - Filling up the DagBag from /home/navneetsajwan/airflow/etl/lib/python3.8/site-packages/airflow/example_dags/example_trigger_target_dag.py
[2021-05-08 01:08:56,918] {scheduler_job.py:639} INFO - DAG(s) dict_keys(['example_trigger_target_dag']) retrieved from /home/navneetsajwan/airflow/etl/lib/python3.8/site-packages/airflow/example_dags/example_trigger_target_dag.py
[2021-05-08 01:08:56,938] {logging_mixin.py:104} INFO - [2021-05-08 01:08:56,938] {dag.py:1824} INFO - Sync 1 DAGs
[2021-05-08 01:08:56,955] {logging_mixin.py:104} INFO - [2021-05-08 01:08:56,955] {dag.py:2280} INFO - Setting next_dagrun for example_trigger_target_dag to None
[2021-05-08 01:08:57,120] {scheduler_job.py:190} INFO - Processing /home/navneetsajwan/airflow/etl/lib/python3.8/site-packages/airflow/example_dags/example_trigger_target_dag.py took 0.225 seconds
[2021-05-08 01:09:36,910] {scheduler_job.py:182} INFO - Started process (PID=442316) to work on /home/navneetsajwan/airflow/etl/lib/python3.8/site-packages/airflow/example_dags/example_trigger_target_dag.py
[2021-05-08 01:09:36,912] {scheduler_job.py:629} INFO - Processing file /home/navneetsajwan/airflow/etl/lib/python3.8/site-packages/airflow/example_dags/example_trigger_target_dag.py for tasks to queue
[2021-05-08 01:09:36,912] {logging_mixin.py:104} INFO - [2021-05-08 01:09:36,912] {dagbag.py:451} INFO - Filling up the DagBag from /home/navneetsajwan/airflow/etl/lib/python3.8/site-packages/airflow/example_dags/example_trigger_target_dag.py
[2021-05-08 01:09:36,933] {scheduler_job.py:639} INFO - DAG(s) dict_keys(['example_trigger_target_dag']) retrieved from /home/navneetsajwan/airflow/etl/lib/python3.8/site-packages/airflow/example_dags/example_trigger_target_dag.py
[2021-05-08 01:09:36,953] {logging_mixin.py:104} INFO - [2021-05-08 01:09:36,953] {dag.py:1824} INFO - Sync 1 DAGs
[2021-05-08 01:09:36,996] {logging_mixin.py:104} INFO - [2021-05-08 01:09:36,996] {dag.py:2280} INFO - Setting next_dagrun for example_trigger_target_dag to None
[2021-05-08 01:09:37,173] {scheduler_job.py:190} INFO - Processing /home/navneetsajwan/airflow/etl/lib/python3.8/site-packages/airflow/example_dags/example_trigger_target_dag.py took 0.266 seconds
[2021-05-08 01:10:16,532] {scheduler_job.py:182} INFO - Started process (PID=442897) to work on /home/navneetsajwan/airflow/etl/lib/python3.8/site-packages/airflow/example_dags/example_trigger_target_dag.py
[2021-05-08 01:10:16,539] {scheduler_job.py:629} INFO - Processing file /home/navneetsajwan/airflow/etl/lib/python3.8/site-packages/airflow/example_dags/example_trigger_target_dag.py for tasks to queue
[2021-05-08 01:10:16,542] {logging_mixin.py:104} INFO - [2021-05-08 01:10:16,542] {dagbag.py:451} INFO - Filling up the DagBag from /home/navneetsajwan/airflow/etl/lib/python3.8/site-packages/airflow/example_dags/example_trigger_target_dag.py
[2021-05-08 01:10:16,567] {scheduler_job.py:639} INFO - DAG(s) dict_keys(['example_trigger_target_dag']) retrieved from /home/navneetsajwan/airflow/etl/lib/python3.8/site-packages/airflow/example_dags/example_trigger_target_dag.py
[2021-05-08 01:10:16,595] {logging_mixin.py:104} INFO - [2021-05-08 01:10:16,595] {dag.py:1824} INFO - Sync 1 DAGs
[2021-05-08 01:10:16,666] {logging_mixin.py:104} INFO - [2021-05-08 01:10:16,666] {dag.py:2280} INFO - Setting next_dagrun for example_trigger_target_dag to None
[2021-05-08 01:10:16,889] {scheduler_job.py:190} INFO - Processing /home/navneetsajwan/airflow/etl/lib/python3.8/site-packages/airflow/example_dags/example_trigger_target_dag.py took 0.371 seconds
[2021-05-08 01:11:01,484] {scheduler_job.py:182} INFO - Started process (PID=443845) to work on /home/navneetsajwan/airflow/etl/lib/python3.8/site-packages/airflow/example_dags/example_trigger_target_dag.py
[2021-05-08 01:11:01,488] {scheduler_job.py:629} INFO - Processing file /home/navneetsajwan/airflow/etl/lib/python3.8/site-packages/airflow/example_dags/example_trigger_target_dag.py for tasks to queue
[2021-05-08 01:11:01,490] {logging_mixin.py:104} INFO - [2021-05-08 01:11:01,489] {dagbag.py:451} INFO - Filling up the DagBag from /home/navneetsajwan/airflow/etl/lib/python3.8/site-packages/airflow/example_dags/example_trigger_target_dag.py
[2021-05-08 01:11:01,524] {scheduler_job.py:639} INFO - DAG(s) dict_keys(['example_trigger_target_dag']) retrieved from /home/navneetsajwan/airflow/etl/lib/python3.8/site-packages/airflow/example_dags/example_trigger_target_dag.py
[2021-05-08 01:11:01,554] {logging_mixin.py:104} INFO - [2021-05-08 01:11:01,554] {dag.py:1824} INFO - Sync 1 DAGs
[2021-05-08 01:11:01,575] {logging_mixin.py:104} INFO - [2021-05-08 01:11:01,574] {dag.py:2280} INFO - Setting next_dagrun for example_trigger_target_dag to None
[2021-05-08 01:11:01,696] {scheduler_job.py:190} INFO - Processing /home/navneetsajwan/airflow/etl/lib/python3.8/site-packages/airflow/example_dags/example_trigger_target_dag.py took 0.218 seconds
[2021-05-08 01:11:42,740] {scheduler_job.py:182} INFO - Started process (PID=444426) to work on /home/navneetsajwan/airflow/etl/lib/python3.8/site-packages/airflow/example_dags/example_trigger_target_dag.py
[2021-05-08 01:11:42,753] {scheduler_job.py:629} INFO - Processing file /home/navneetsajwan/airflow/etl/lib/python3.8/site-packages/airflow/example_dags/example_trigger_target_dag.py for tasks to queue
[2021-05-08 01:11:42,755] {logging_mixin.py:104} INFO - [2021-05-08 01:11:42,754] {dagbag.py:451} INFO - Filling up the DagBag from /home/navneetsajwan/airflow/etl/lib/python3.8/site-packages/airflow/example_dags/example_trigger_target_dag.py
[2021-05-08 01:11:42,925] {scheduler_job.py:639} INFO - DAG(s) dict_keys(['example_trigger_target_dag']) retrieved from /home/navneetsajwan/airflow/etl/lib/python3.8/site-packages/airflow/example_dags/example_trigger_target_dag.py
[2021-05-08 01:11:42,991] {logging_mixin.py:104} INFO - [2021-05-08 01:11:42,991] {dag.py:1824} INFO - Sync 1 DAGs
[2021-05-08 01:11:43,035] {logging_mixin.py:104} INFO - [2021-05-08 01:11:43,035] {dag.py:2280} INFO - Setting next_dagrun for example_trigger_target_dag to None
[2021-05-08 01:11:43,158] {scheduler_job.py:190} INFO - Processing /home/navneetsajwan/airflow/etl/lib/python3.8/site-packages/airflow/example_dags/example_trigger_target_dag.py took 0.432 seconds
[2021-05-08 01:15:04,955] {scheduler_job.py:182} INFO - Started process (PID=447790) to work on /home/navneetsajwan/airflow/etl/lib/python3.8/site-packages/airflow/example_dags/example_trigger_target_dag.py
[2021-05-08 01:15:04,957] {scheduler_job.py:629} INFO - Processing file /home/navneetsajwan/airflow/etl/lib/python3.8/site-packages/airflow/example_dags/example_trigger_target_dag.py for tasks to queue
[2021-05-08 01:15:04,957] {logging_mixin.py:104} INFO - [2021-05-08 01:15:04,957] {dagbag.py:451} INFO - Filling up the DagBag from /home/navneetsajwan/airflow/etl/lib/python3.8/site-packages/airflow/example_dags/example_trigger_target_dag.py
[2021-05-08 01:15:04,965] {scheduler_job.py:639} INFO - DAG(s) dict_keys(['example_trigger_target_dag']) retrieved from /home/navneetsajwan/airflow/etl/lib/python3.8/site-packages/airflow/example_dags/example_trigger_target_dag.py
[2021-05-08 01:15:04,980] {logging_mixin.py:104} INFO - [2021-05-08 01:15:04,980] {dag.py:1824} INFO - Sync 1 DAGs
[2021-05-08 01:15:04,993] {logging_mixin.py:104} INFO - [2021-05-08 01:15:04,993] {dag.py:2280} INFO - Setting next_dagrun for example_trigger_target_dag to None
[2021-05-08 01:15:05,104] {scheduler_job.py:190} INFO - Processing /home/navneetsajwan/airflow/etl/lib/python3.8/site-packages/airflow/example_dags/example_trigger_target_dag.py took 0.152 seconds
[2021-05-08 01:15:36,373] {scheduler_job.py:182} INFO - Started process (PID=448227) to work on /home/navneetsajwan/airflow/etl/lib/python3.8/site-packages/airflow/example_dags/example_trigger_target_dag.py
[2021-05-08 01:15:36,374] {scheduler_job.py:629} INFO - Processing file /home/navneetsajwan/airflow/etl/lib/python3.8/site-packages/airflow/example_dags/example_trigger_target_dag.py for tasks to queue
[2021-05-08 01:15:36,375] {logging_mixin.py:104} INFO - [2021-05-08 01:15:36,375] {dagbag.py:451} INFO - Filling up the DagBag from /home/navneetsajwan/airflow/etl/lib/python3.8/site-packages/airflow/example_dags/example_trigger_target_dag.py
[2021-05-08 01:15:36,383] {scheduler_job.py:639} INFO - DAG(s) dict_keys(['example_trigger_target_dag']) retrieved from /home/navneetsajwan/airflow/etl/lib/python3.8/site-packages/airflow/example_dags/example_trigger_target_dag.py
[2021-05-08 01:15:36,400] {logging_mixin.py:104} INFO - [2021-05-08 01:15:36,400] {dag.py:1824} INFO - Sync 1 DAGs
[2021-05-08 01:15:36,415] {logging_mixin.py:104} INFO - [2021-05-08 01:15:36,415] {dag.py:2280} INFO - Setting next_dagrun for example_trigger_target_dag to None
[2021-05-08 01:15:36,801] {scheduler_job.py:190} INFO - Processing /home/navneetsajwan/airflow/etl/lib/python3.8/site-packages/airflow/example_dags/example_trigger_target_dag.py took 0.433 seconds
[2021-05-08 01:16:11,930] {scheduler_job.py:182} INFO - Started process (PID=449057) to work on /home/navneetsajwan/airflow/etl/lib/python3.8/site-packages/airflow/example_dags/example_trigger_target_dag.py
[2021-05-08 01:16:11,931] {scheduler_job.py:629} INFO - Processing file /home/navneetsajwan/airflow/etl/lib/python3.8/site-packages/airflow/example_dags/example_trigger_target_dag.py for tasks to queue
[2021-05-08 01:16:11,932] {logging_mixin.py:104} INFO - [2021-05-08 01:16:11,932] {dagbag.py:451} INFO - Filling up the DagBag from /home/navneetsajwan/airflow/etl/lib/python3.8/site-packages/airflow/example_dags/example_trigger_target_dag.py
[2021-05-08 01:16:11,939] {scheduler_job.py:639} INFO - DAG(s) dict_keys(['example_trigger_target_dag']) retrieved from /home/navneetsajwan/airflow/etl/lib/python3.8/site-packages/airflow/example_dags/example_trigger_target_dag.py
[2021-05-08 01:16:11,955] {logging_mixin.py:104} INFO - [2021-05-08 01:16:11,955] {dag.py:1824} INFO - Sync 1 DAGs
[2021-05-08 01:16:11,968] {logging_mixin.py:104} INFO - [2021-05-08 01:16:11,968] {dag.py:2280} INFO - Setting next_dagrun for example_trigger_target_dag to None
[2021-05-08 01:16:12,072] {scheduler_job.py:190} INFO - Processing /home/navneetsajwan/airflow/etl/lib/python3.8/site-packages/airflow/example_dags/example_trigger_target_dag.py took 0.145 seconds
[2021-05-08 01:16:50,157] {scheduler_job.py:182} INFO - Started process (PID=449618) to work on /home/navneetsajwan/airflow/etl/lib/python3.8/site-packages/airflow/example_dags/example_trigger_target_dag.py
[2021-05-08 01:16:50,166] {scheduler_job.py:629} INFO - Processing file /home/navneetsajwan/airflow/etl/lib/python3.8/site-packages/airflow/example_dags/example_trigger_target_dag.py for tasks to queue
[2021-05-08 01:16:50,168] {logging_mixin.py:104} INFO - [2021-05-08 01:16:50,168] {dagbag.py:451} INFO - Filling up the DagBag from /home/navneetsajwan/airflow/etl/lib/python3.8/site-packages/airflow/example_dags/example_trigger_target_dag.py
[2021-05-08 01:16:50,225] {scheduler_job.py:639} INFO - DAG(s) dict_keys(['example_trigger_target_dag']) retrieved from /home/navneetsajwan/airflow/etl/lib/python3.8/site-packages/airflow/example_dags/example_trigger_target_dag.py
[2021-05-08 01:16:50,345] {logging_mixin.py:104} INFO - [2021-05-08 01:16:50,345] {dag.py:1824} INFO - Sync 1 DAGs
[2021-05-08 01:16:50,395] {logging_mixin.py:104} INFO - [2021-05-08 01:16:50,395] {dag.py:2280} INFO - Setting next_dagrun for example_trigger_target_dag to None
[2021-05-08 01:16:50,590] {scheduler_job.py:190} INFO - Processing /home/navneetsajwan/airflow/etl/lib/python3.8/site-packages/airflow/example_dags/example_trigger_target_dag.py took 0.445 seconds
[2021-05-08 01:17:34,057] {scheduler_job.py:182} INFO - Started process (PID=450594) to work on /home/navneetsajwan/airflow/etl/lib/python3.8/site-packages/airflow/example_dags/example_trigger_target_dag.py
[2021-05-08 01:17:34,059] {scheduler_job.py:629} INFO - Processing file /home/navneetsajwan/airflow/etl/lib/python3.8/site-packages/airflow/example_dags/example_trigger_target_dag.py for tasks to queue
[2021-05-08 01:17:34,060] {logging_mixin.py:104} INFO - [2021-05-08 01:17:34,060] {dagbag.py:451} INFO - Filling up the DagBag from /home/navneetsajwan/airflow/etl/lib/python3.8/site-packages/airflow/example_dags/example_trigger_target_dag.py
[2021-05-08 01:17:34,071] {scheduler_job.py:639} INFO - DAG(s) dict_keys(['example_trigger_target_dag']) retrieved from /home/navneetsajwan/airflow/etl/lib/python3.8/site-packages/airflow/example_dags/example_trigger_target_dag.py
[2021-05-08 01:17:34,093] {logging_mixin.py:104} INFO - [2021-05-08 01:17:34,092] {dag.py:1824} INFO - Sync 1 DAGs
[2021-05-08 01:17:34,111] {logging_mixin.py:104} INFO - [2021-05-08 01:17:34,111] {dag.py:2280} INFO - Setting next_dagrun for example_trigger_target_dag to None
[2021-05-08 01:17:34,241] {scheduler_job.py:190} INFO - Processing /home/navneetsajwan/airflow/etl/lib/python3.8/site-packages/airflow/example_dags/example_trigger_target_dag.py took 0.189 seconds
[2021-05-08 01:18:11,530] {scheduler_job.py:182} INFO - Started process (PID=451179) to work on /home/navneetsajwan/airflow/etl/lib/python3.8/site-packages/airflow/example_dags/example_trigger_target_dag.py
[2021-05-08 01:18:11,540] {scheduler_job.py:629} INFO - Processing file /home/navneetsajwan/airflow/etl/lib/python3.8/site-packages/airflow/example_dags/example_trigger_target_dag.py for tasks to queue
[2021-05-08 01:18:11,544] {logging_mixin.py:104} INFO - [2021-05-08 01:18:11,540] {dagbag.py:451} INFO - Filling up the DagBag from /home/navneetsajwan/airflow/etl/lib/python3.8/site-packages/airflow/example_dags/example_trigger_target_dag.py
[2021-05-08 01:18:11,569] {scheduler_job.py:639} INFO - DAG(s) dict_keys(['example_trigger_target_dag']) retrieved from /home/navneetsajwan/airflow/etl/lib/python3.8/site-packages/airflow/example_dags/example_trigger_target_dag.py
[2021-05-08 01:18:11,652] {logging_mixin.py:104} INFO - [2021-05-08 01:18:11,652] {dag.py:1824} INFO - Sync 1 DAGs
[2021-05-08 01:18:11,681] {logging_mixin.py:104} INFO - [2021-05-08 01:18:11,681] {dag.py:2280} INFO - Setting next_dagrun for example_trigger_target_dag to None
[2021-05-08 01:18:11,772] {scheduler_job.py:190} INFO - Processing /home/navneetsajwan/airflow/etl/lib/python3.8/site-packages/airflow/example_dags/example_trigger_target_dag.py took 0.246 seconds
[2021-05-08 01:18:54,036] {scheduler_job.py:182} INFO - Started process (PID=451781) to work on /home/navneetsajwan/airflow/etl/lib/python3.8/site-packages/airflow/example_dags/example_trigger_target_dag.py
[2021-05-08 01:18:54,038] {scheduler_job.py:629} INFO - Processing file /home/navneetsajwan/airflow/etl/lib/python3.8/site-packages/airflow/example_dags/example_trigger_target_dag.py for tasks to queue
[2021-05-08 01:18:54,039] {logging_mixin.py:104} INFO - [2021-05-08 01:18:54,039] {dagbag.py:451} INFO - Filling up the DagBag from /home/navneetsajwan/airflow/etl/lib/python3.8/site-packages/airflow/example_dags/example_trigger_target_dag.py
[2021-05-08 01:18:54,050] {scheduler_job.py:639} INFO - DAG(s) dict_keys(['example_trigger_target_dag']) retrieved from /home/navneetsajwan/airflow/etl/lib/python3.8/site-packages/airflow/example_dags/example_trigger_target_dag.py
[2021-05-08 01:18:54,072] {logging_mixin.py:104} INFO - [2021-05-08 01:18:54,072] {dag.py:1824} INFO - Sync 1 DAGs
[2021-05-08 01:18:54,091] {logging_mixin.py:104} INFO - [2021-05-08 01:18:54,091] {dag.py:2280} INFO - Setting next_dagrun for example_trigger_target_dag to None
[2021-05-08 01:18:54,223] {scheduler_job.py:190} INFO - Processing /home/navneetsajwan/airflow/etl/lib/python3.8/site-packages/airflow/example_dags/example_trigger_target_dag.py took 0.191 seconds
[2021-05-08 01:19:38,791] {scheduler_job.py:182} INFO - Started process (PID=452752) to work on /home/navneetsajwan/airflow/etl/lib/python3.8/site-packages/airflow/example_dags/example_trigger_target_dag.py
[2021-05-08 01:19:38,792] {scheduler_job.py:629} INFO - Processing file /home/navneetsajwan/airflow/etl/lib/python3.8/site-packages/airflow/example_dags/example_trigger_target_dag.py for tasks to queue
[2021-05-08 01:19:38,792] {logging_mixin.py:104} INFO - [2021-05-08 01:19:38,792] {dagbag.py:451} INFO - Filling up the DagBag from /home/navneetsajwan/airflow/etl/lib/python3.8/site-packages/airflow/example_dags/example_trigger_target_dag.py
[2021-05-08 01:19:38,800] {scheduler_job.py:639} INFO - DAG(s) dict_keys(['example_trigger_target_dag']) retrieved from /home/navneetsajwan/airflow/etl/lib/python3.8/site-packages/airflow/example_dags/example_trigger_target_dag.py
[2021-05-08 01:19:38,816] {logging_mixin.py:104} INFO - [2021-05-08 01:19:38,816] {dag.py:1824} INFO - Sync 1 DAGs
[2021-05-08 01:19:38,828] {logging_mixin.py:104} INFO - [2021-05-08 01:19:38,828] {dag.py:2280} INFO - Setting next_dagrun for example_trigger_target_dag to None
[2021-05-08 01:19:38,965] {scheduler_job.py:190} INFO - Processing /home/navneetsajwan/airflow/etl/lib/python3.8/site-packages/airflow/example_dags/example_trigger_target_dag.py took 0.178 seconds
[2021-05-08 01:20:25,371] {scheduler_job.py:182} INFO - Started process (PID=453382) to work on /home/navneetsajwan/airflow/etl/lib/python3.8/site-packages/airflow/example_dags/example_trigger_target_dag.py
[2021-05-08 01:20:25,387] {scheduler_job.py:629} INFO - Processing file /home/navneetsajwan/airflow/etl/lib/python3.8/site-packages/airflow/example_dags/example_trigger_target_dag.py for tasks to queue
[2021-05-08 01:20:25,388] {logging_mixin.py:104} INFO - [2021-05-08 01:20:25,388] {dagbag.py:451} INFO - Filling up the DagBag from /home/navneetsajwan/airflow/etl/lib/python3.8/site-packages/airflow/example_dags/example_trigger_target_dag.py
[2021-05-08 01:20:25,459] {scheduler_job.py:639} INFO - DAG(s) dict_keys(['example_trigger_target_dag']) retrieved from /home/navneetsajwan/airflow/etl/lib/python3.8/site-packages/airflow/example_dags/example_trigger_target_dag.py
[2021-05-08 01:20:25,555] {logging_mixin.py:104} INFO - [2021-05-08 01:20:25,555] {dag.py:1824} INFO - Sync 1 DAGs
[2021-05-08 01:20:25,640] {logging_mixin.py:104} INFO - [2021-05-08 01:20:25,640] {dag.py:2280} INFO - Setting next_dagrun for example_trigger_target_dag to None
[2021-05-08 01:20:26,181] {scheduler_job.py:190} INFO - Processing /home/navneetsajwan/airflow/etl/lib/python3.8/site-packages/airflow/example_dags/example_trigger_target_dag.py took 0.836 seconds
[2021-05-08 01:21:12,701] {scheduler_job.py:182} INFO - Started process (PID=454431) to work on /home/navneetsajwan/airflow/etl/lib/python3.8/site-packages/airflow/example_dags/example_trigger_target_dag.py
[2021-05-08 01:21:12,702] {scheduler_job.py:629} INFO - Processing file /home/navneetsajwan/airflow/etl/lib/python3.8/site-packages/airflow/example_dags/example_trigger_target_dag.py for tasks to queue
[2021-05-08 01:21:12,703] {logging_mixin.py:104} INFO - [2021-05-08 01:21:12,703] {dagbag.py:451} INFO - Filling up the DagBag from /home/navneetsajwan/airflow/etl/lib/python3.8/site-packages/airflow/example_dags/example_trigger_target_dag.py
[2021-05-08 01:21:12,711] {scheduler_job.py:639} INFO - DAG(s) dict_keys(['example_trigger_target_dag']) retrieved from /home/navneetsajwan/airflow/etl/lib/python3.8/site-packages/airflow/example_dags/example_trigger_target_dag.py
[2021-05-08 01:21:12,726] {logging_mixin.py:104} INFO - [2021-05-08 01:21:12,726] {dag.py:1824} INFO - Sync 1 DAGs
[2021-05-08 01:21:12,737] {logging_mixin.py:104} INFO - [2021-05-08 01:21:12,737] {dag.py:2280} INFO - Setting next_dagrun for example_trigger_target_dag to None
[2021-05-08 01:21:12,845] {scheduler_job.py:190} INFO - Processing /home/navneetsajwan/airflow/etl/lib/python3.8/site-packages/airflow/example_dags/example_trigger_target_dag.py took 0.148 seconds
[2021-05-08 01:21:53,945] {scheduler_job.py:182} INFO - Started process (PID=454979) to work on /home/navneetsajwan/airflow/etl/lib/python3.8/site-packages/airflow/example_dags/example_trigger_target_dag.py
[2021-05-08 01:21:53,948] {scheduler_job.py:629} INFO - Processing file /home/navneetsajwan/airflow/etl/lib/python3.8/site-packages/airflow/example_dags/example_trigger_target_dag.py for tasks to queue
[2021-05-08 01:21:53,949] {logging_mixin.py:104} INFO - [2021-05-08 01:21:53,949] {dagbag.py:451} INFO - Filling up the DagBag from /home/navneetsajwan/airflow/etl/lib/python3.8/site-packages/airflow/example_dags/example_trigger_target_dag.py
[2021-05-08 01:21:53,962] {scheduler_job.py:639} INFO - DAG(s) dict_keys(['example_trigger_target_dag']) retrieved from /home/navneetsajwan/airflow/etl/lib/python3.8/site-packages/airflow/example_dags/example_trigger_target_dag.py
[2021-05-08 01:21:53,988] {logging_mixin.py:104} INFO - [2021-05-08 01:21:53,988] {dag.py:1824} INFO - Sync 1 DAGs
[2021-05-08 01:21:54,011] {logging_mixin.py:104} INFO - [2021-05-08 01:21:54,011] {dag.py:2280} INFO - Setting next_dagrun for example_trigger_target_dag to None
[2021-05-08 01:21:54,357] {scheduler_job.py:190} INFO - Processing /home/navneetsajwan/airflow/etl/lib/python3.8/site-packages/airflow/example_dags/example_trigger_target_dag.py took 0.417 seconds
[2021-05-08 01:22:38,786] {scheduler_job.py:182} INFO - Started process (PID=455903) to work on /home/navneetsajwan/airflow/etl/lib/python3.8/site-packages/airflow/example_dags/example_trigger_target_dag.py
[2021-05-08 01:22:38,788] {scheduler_job.py:629} INFO - Processing file /home/navneetsajwan/airflow/etl/lib/python3.8/site-packages/airflow/example_dags/example_trigger_target_dag.py for tasks to queue
[2021-05-08 01:22:38,796] {logging_mixin.py:104} INFO - [2021-05-08 01:22:38,796] {dagbag.py:451} INFO - Filling up the DagBag from /home/navneetsajwan/airflow/etl/lib/python3.8/site-packages/airflow/example_dags/example_trigger_target_dag.py
[2021-05-08 01:22:38,875] {scheduler_job.py:639} INFO - DAG(s) dict_keys(['example_trigger_target_dag']) retrieved from /home/navneetsajwan/airflow/etl/lib/python3.8/site-packages/airflow/example_dags/example_trigger_target_dag.py
[2021-05-08 01:22:38,987] {logging_mixin.py:104} INFO - [2021-05-08 01:22:38,987] {dag.py:1824} INFO - Sync 1 DAGs
[2021-05-08 01:22:39,068] {logging_mixin.py:104} INFO - [2021-05-08 01:22:39,068] {dag.py:2280} INFO - Setting next_dagrun for example_trigger_target_dag to None
[2021-05-08 01:22:39,529] {scheduler_job.py:190} INFO - Processing /home/navneetsajwan/airflow/etl/lib/python3.8/site-packages/airflow/example_dags/example_trigger_target_dag.py took 0.755 seconds
[2021-05-08 01:23:17,180] {scheduler_job.py:182} INFO - Started process (PID=456448) to work on /home/navneetsajwan/airflow/etl/lib/python3.8/site-packages/airflow/example_dags/example_trigger_target_dag.py
[2021-05-08 01:23:17,181] {scheduler_job.py:629} INFO - Processing file /home/navneetsajwan/airflow/etl/lib/python3.8/site-packages/airflow/example_dags/example_trigger_target_dag.py for tasks to queue
[2021-05-08 01:23:17,182] {logging_mixin.py:104} INFO - [2021-05-08 01:23:17,182] {dagbag.py:451} INFO - Filling up the DagBag from /home/navneetsajwan/airflow/etl/lib/python3.8/site-packages/airflow/example_dags/example_trigger_target_dag.py
[2021-05-08 01:23:17,189] {scheduler_job.py:639} INFO - DAG(s) dict_keys(['example_trigger_target_dag']) retrieved from /home/navneetsajwan/airflow/etl/lib/python3.8/site-packages/airflow/example_dags/example_trigger_target_dag.py
[2021-05-08 01:23:17,204] {logging_mixin.py:104} INFO - [2021-05-08 01:23:17,203] {dag.py:1824} INFO - Sync 1 DAGs
[2021-05-08 01:23:17,215] {logging_mixin.py:104} INFO - [2021-05-08 01:23:17,215] {dag.py:2280} INFO - Setting next_dagrun for example_trigger_target_dag to None
[2021-05-08 01:23:17,309] {scheduler_job.py:190} INFO - Processing /home/navneetsajwan/airflow/etl/lib/python3.8/site-packages/airflow/example_dags/example_trigger_target_dag.py took 0.132 seconds
[2021-05-08 01:23:59,573] {scheduler_job.py:182} INFO - Started process (PID=457075) to work on /home/navneetsajwan/airflow/etl/lib/python3.8/site-packages/airflow/example_dags/example_trigger_target_dag.py
[2021-05-08 01:23:59,575] {scheduler_job.py:629} INFO - Processing file /home/navneetsajwan/airflow/etl/lib/python3.8/site-packages/airflow/example_dags/example_trigger_target_dag.py for tasks to queue
[2021-05-08 01:23:59,575] {logging_mixin.py:104} INFO - [2021-05-08 01:23:59,575] {dagbag.py:451} INFO - Filling up the DagBag from /home/navneetsajwan/airflow/etl/lib/python3.8/site-packages/airflow/example_dags/example_trigger_target_dag.py
[2021-05-08 01:23:59,583] {scheduler_job.py:639} INFO - DAG(s) dict_keys(['example_trigger_target_dag']) retrieved from /home/navneetsajwan/airflow/etl/lib/python3.8/site-packages/airflow/example_dags/example_trigger_target_dag.py
[2021-05-08 01:23:59,599] {logging_mixin.py:104} INFO - [2021-05-08 01:23:59,598] {dag.py:1824} INFO - Sync 1 DAGs
[2021-05-08 01:23:59,614] {logging_mixin.py:104} INFO - [2021-05-08 01:23:59,613] {dag.py:2280} INFO - Setting next_dagrun for example_trigger_target_dag to None
[2021-05-08 01:23:59,832] {scheduler_job.py:190} INFO - Processing /home/navneetsajwan/airflow/etl/lib/python3.8/site-packages/airflow/example_dags/example_trigger_target_dag.py took 0.262 seconds
[2021-05-08 01:24:45,166] {scheduler_job.py:182} INFO - Started process (PID=458001) to work on /home/navneetsajwan/airflow/etl/lib/python3.8/site-packages/airflow/example_dags/example_trigger_target_dag.py
[2021-05-08 01:24:45,167] {scheduler_job.py:629} INFO - Processing file /home/navneetsajwan/airflow/etl/lib/python3.8/site-packages/airflow/example_dags/example_trigger_target_dag.py for tasks to queue
[2021-05-08 01:24:45,168] {logging_mixin.py:104} INFO - [2021-05-08 01:24:45,168] {dagbag.py:451} INFO - Filling up the DagBag from /home/navneetsajwan/airflow/etl/lib/python3.8/site-packages/airflow/example_dags/example_trigger_target_dag.py
[2021-05-08 01:24:45,175] {scheduler_job.py:639} INFO - DAG(s) dict_keys(['example_trigger_target_dag']) retrieved from /home/navneetsajwan/airflow/etl/lib/python3.8/site-packages/airflow/example_dags/example_trigger_target_dag.py
[2021-05-08 01:24:45,628] {logging_mixin.py:104} INFO - [2021-05-08 01:24:45,628] {dag.py:1824} INFO - Sync 1 DAGs
[2021-05-08 01:24:45,649] {logging_mixin.py:104} INFO - [2021-05-08 01:24:45,649] {dag.py:2280} INFO - Setting next_dagrun for example_trigger_target_dag to None
[2021-05-08 01:24:46,118] {scheduler_job.py:190} INFO - Processing /home/navneetsajwan/airflow/etl/lib/python3.8/site-packages/airflow/example_dags/example_trigger_target_dag.py took 0.955 seconds
[2021-05-08 01:26:04,510] {scheduler_job.py:182} INFO - Started process (PID=459582) to work on /home/navneetsajwan/airflow/etl/lib/python3.8/site-packages/airflow/example_dags/example_trigger_target_dag.py
[2021-05-08 01:26:04,512] {scheduler_job.py:629} INFO - Processing file /home/navneetsajwan/airflow/etl/lib/python3.8/site-packages/airflow/example_dags/example_trigger_target_dag.py for tasks to queue
[2021-05-08 01:26:04,513] {logging_mixin.py:104} INFO - [2021-05-08 01:26:04,513] {dagbag.py:451} INFO - Filling up the DagBag from /home/navneetsajwan/airflow/etl/lib/python3.8/site-packages/airflow/example_dags/example_trigger_target_dag.py
[2021-05-08 01:26:04,539] {scheduler_job.py:639} INFO - DAG(s) dict_keys(['example_trigger_target_dag']) retrieved from /home/navneetsajwan/airflow/etl/lib/python3.8/site-packages/airflow/example_dags/example_trigger_target_dag.py
[2021-05-08 01:26:04,578] {logging_mixin.py:104} INFO - [2021-05-08 01:26:04,578] {dag.py:1824} INFO - Sync 1 DAGs
[2021-05-08 01:26:04,640] {logging_mixin.py:104} INFO - [2021-05-08 01:26:04,640] {dag.py:2280} INFO - Setting next_dagrun for example_trigger_target_dag to None
[2021-05-08 01:26:04,820] {scheduler_job.py:190} INFO - Processing /home/navneetsajwan/airflow/etl/lib/python3.8/site-packages/airflow/example_dags/example_trigger_target_dag.py took 0.322 seconds
[2021-05-08 01:26:58,584] {scheduler_job.py:182} INFO - Started process (PID=460447) to work on /home/navneetsajwan/airflow/etl/lib/python3.8/site-packages/airflow/example_dags/example_trigger_target_dag.py
[2021-05-08 01:26:58,590] {scheduler_job.py:629} INFO - Processing file /home/navneetsajwan/airflow/etl/lib/python3.8/site-packages/airflow/example_dags/example_trigger_target_dag.py for tasks to queue
[2021-05-08 01:26:58,598] {logging_mixin.py:104} INFO - [2021-05-08 01:26:58,598] {dagbag.py:451} INFO - Filling up the DagBag from /home/navneetsajwan/airflow/etl/lib/python3.8/site-packages/airflow/example_dags/example_trigger_target_dag.py
[2021-05-08 01:26:58,631] {scheduler_job.py:639} INFO - DAG(s) dict_keys(['example_trigger_target_dag']) retrieved from /home/navneetsajwan/airflow/etl/lib/python3.8/site-packages/airflow/example_dags/example_trigger_target_dag.py
[2021-05-08 01:26:58,702] {logging_mixin.py:104} INFO - [2021-05-08 01:26:58,702] {dag.py:1824} INFO - Sync 1 DAGs
[2021-05-08 01:26:58,730] {logging_mixin.py:104} INFO - [2021-05-08 01:26:58,730] {dag.py:2280} INFO - Setting next_dagrun for example_trigger_target_dag to None
[2021-05-08 01:26:58,974] {scheduler_job.py:190} INFO - Processing /home/navneetsajwan/airflow/etl/lib/python3.8/site-packages/airflow/example_dags/example_trigger_target_dag.py took 0.398 seconds
[2021-05-08 01:28:04,975] {scheduler_job.py:182} INFO - Started process (PID=461758) to work on /home/navneetsajwan/airflow/etl/lib/python3.8/site-packages/airflow/example_dags/example_trigger_target_dag.py
[2021-05-08 01:28:04,977] {scheduler_job.py:629} INFO - Processing file /home/navneetsajwan/airflow/etl/lib/python3.8/site-packages/airflow/example_dags/example_trigger_target_dag.py for tasks to queue
[2021-05-08 01:28:04,979] {logging_mixin.py:104} INFO - [2021-05-08 01:28:04,979] {dagbag.py:451} INFO - Filling up the DagBag from /home/navneetsajwan/airflow/etl/lib/python3.8/site-packages/airflow/example_dags/example_trigger_target_dag.py
[2021-05-08 01:28:04,989] {scheduler_job.py:639} INFO - DAG(s) dict_keys(['example_trigger_target_dag']) retrieved from /home/navneetsajwan/airflow/etl/lib/python3.8/site-packages/airflow/example_dags/example_trigger_target_dag.py
[2021-05-08 01:28:05,009] {logging_mixin.py:104} INFO - [2021-05-08 01:28:05,008] {dag.py:1824} INFO - Sync 1 DAGs
[2021-05-08 01:28:05,033] {logging_mixin.py:104} INFO - [2021-05-08 01:28:05,033] {dag.py:2280} INFO - Setting next_dagrun for example_trigger_target_dag to None
[2021-05-08 01:28:05,116] {scheduler_job.py:190} INFO - Processing /home/navneetsajwan/airflow/etl/lib/python3.8/site-packages/airflow/example_dags/example_trigger_target_dag.py took 0.144 seconds
[2021-05-08 01:28:57,729] {scheduler_job.py:182} INFO - Started process (PID=462489) to work on /home/navneetsajwan/airflow/etl/lib/python3.8/site-packages/airflow/example_dags/example_trigger_target_dag.py
[2021-05-08 01:28:57,730] {scheduler_job.py:629} INFO - Processing file /home/navneetsajwan/airflow/etl/lib/python3.8/site-packages/airflow/example_dags/example_trigger_target_dag.py for tasks to queue
[2021-05-08 01:28:57,759] {logging_mixin.py:104} INFO - [2021-05-08 01:28:57,759] {dagbag.py:451} INFO - Filling up the DagBag from /home/navneetsajwan/airflow/etl/lib/python3.8/site-packages/airflow/example_dags/example_trigger_target_dag.py
[2021-05-08 01:28:57,805] {scheduler_job.py:639} INFO - DAG(s) dict_keys(['example_trigger_target_dag']) retrieved from /home/navneetsajwan/airflow/etl/lib/python3.8/site-packages/airflow/example_dags/example_trigger_target_dag.py
[2021-05-08 01:28:58,066] {logging_mixin.py:104} INFO - [2021-05-08 01:28:58,065] {dag.py:1824} INFO - Sync 1 DAGs
[2021-05-08 01:28:58,181] {logging_mixin.py:104} INFO - [2021-05-08 01:28:58,181] {dag.py:2280} INFO - Setting next_dagrun for example_trigger_target_dag to None
[2021-05-08 01:28:58,401] {scheduler_job.py:190} INFO - Processing /home/navneetsajwan/airflow/etl/lib/python3.8/site-packages/airflow/example_dags/example_trigger_target_dag.py took 0.700 seconds
[2021-05-08 01:30:07,257] {scheduler_job.py:182} INFO - Started process (PID=463817) to work on /home/navneetsajwan/airflow/etl/lib/python3.8/site-packages/airflow/example_dags/example_trigger_target_dag.py
[2021-05-08 01:30:07,259] {scheduler_job.py:629} INFO - Processing file /home/navneetsajwan/airflow/etl/lib/python3.8/site-packages/airflow/example_dags/example_trigger_target_dag.py for tasks to queue
[2021-05-08 01:30:07,260] {logging_mixin.py:104} INFO - [2021-05-08 01:30:07,260] {dagbag.py:451} INFO - Filling up the DagBag from /home/navneetsajwan/airflow/etl/lib/python3.8/site-packages/airflow/example_dags/example_trigger_target_dag.py
[2021-05-08 01:30:07,275] {scheduler_job.py:639} INFO - DAG(s) dict_keys(['example_trigger_target_dag']) retrieved from /home/navneetsajwan/airflow/etl/lib/python3.8/site-packages/airflow/example_dags/example_trigger_target_dag.py
[2021-05-08 01:30:07,298] {logging_mixin.py:104} INFO - [2021-05-08 01:30:07,298] {dag.py:1824} INFO - Sync 1 DAGs
[2021-05-08 01:30:07,320] {logging_mixin.py:104} INFO - [2021-05-08 01:30:07,320] {dag.py:2280} INFO - Setting next_dagrun for example_trigger_target_dag to None
[2021-05-08 01:30:07,425] {scheduler_job.py:190} INFO - Processing /home/navneetsajwan/airflow/etl/lib/python3.8/site-packages/airflow/example_dags/example_trigger_target_dag.py took 0.172 seconds
[2021-05-08 01:30:59,612] {scheduler_job.py:182} INFO - Started process (PID=464555) to work on /home/navneetsajwan/airflow/etl/lib/python3.8/site-packages/airflow/example_dags/example_trigger_target_dag.py
[2021-05-08 01:30:59,622] {scheduler_job.py:629} INFO - Processing file /home/navneetsajwan/airflow/etl/lib/python3.8/site-packages/airflow/example_dags/example_trigger_target_dag.py for tasks to queue
[2021-05-08 01:30:59,625] {logging_mixin.py:104} INFO - [2021-05-08 01:30:59,625] {dagbag.py:451} INFO - Filling up the DagBag from /home/navneetsajwan/airflow/etl/lib/python3.8/site-packages/airflow/example_dags/example_trigger_target_dag.py
[2021-05-08 01:30:59,648] {scheduler_job.py:639} INFO - DAG(s) dict_keys(['example_trigger_target_dag']) retrieved from /home/navneetsajwan/airflow/etl/lib/python3.8/site-packages/airflow/example_dags/example_trigger_target_dag.py
[2021-05-08 01:30:59,688] {logging_mixin.py:104} INFO - [2021-05-08 01:30:59,688] {dag.py:1824} INFO - Sync 1 DAGs
[2021-05-08 01:30:59,712] {logging_mixin.py:104} INFO - [2021-05-08 01:30:59,712] {dag.py:2280} INFO - Setting next_dagrun for example_trigger_target_dag to None
[2021-05-08 01:30:59,861] {scheduler_job.py:190} INFO - Processing /home/navneetsajwan/airflow/etl/lib/python3.8/site-packages/airflow/example_dags/example_trigger_target_dag.py took 0.254 seconds
[2021-05-08 01:31:54,388] {scheduler_job.py:182} INFO - Started process (PID=465699) to work on /home/navneetsajwan/airflow/etl/lib/python3.8/site-packages/airflow/example_dags/example_trigger_target_dag.py
[2021-05-08 01:31:54,389] {scheduler_job.py:629} INFO - Processing file /home/navneetsajwan/airflow/etl/lib/python3.8/site-packages/airflow/example_dags/example_trigger_target_dag.py for tasks to queue
[2021-05-08 01:31:54,390] {logging_mixin.py:104} INFO - [2021-05-08 01:31:54,389] {dagbag.py:451} INFO - Filling up the DagBag from /home/navneetsajwan/airflow/etl/lib/python3.8/site-packages/airflow/example_dags/example_trigger_target_dag.py
[2021-05-08 01:31:54,398] {scheduler_job.py:639} INFO - DAG(s) dict_keys(['example_trigger_target_dag']) retrieved from /home/navneetsajwan/airflow/etl/lib/python3.8/site-packages/airflow/example_dags/example_trigger_target_dag.py
[2021-05-08 01:31:54,413] {logging_mixin.py:104} INFO - [2021-05-08 01:31:54,413] {dag.py:1824} INFO - Sync 1 DAGs
[2021-05-08 01:31:54,425] {logging_mixin.py:104} INFO - [2021-05-08 01:31:54,425] {dag.py:2280} INFO - Setting next_dagrun for example_trigger_target_dag to None
[2021-05-08 01:31:54,550] {scheduler_job.py:190} INFO - Processing /home/navneetsajwan/airflow/etl/lib/python3.8/site-packages/airflow/example_dags/example_trigger_target_dag.py took 0.167 seconds
[2021-05-08 01:32:55,250] {scheduler_job.py:182} INFO - Started process (PID=466589) to work on /home/navneetsajwan/airflow/etl/lib/python3.8/site-packages/airflow/example_dags/example_trigger_target_dag.py
[2021-05-08 01:32:55,264] {scheduler_job.py:629} INFO - Processing file /home/navneetsajwan/airflow/etl/lib/python3.8/site-packages/airflow/example_dags/example_trigger_target_dag.py for tasks to queue
[2021-05-08 01:32:55,268] {logging_mixin.py:104} INFO - [2021-05-08 01:32:55,268] {dagbag.py:451} INFO - Filling up the DagBag from /home/navneetsajwan/airflow/etl/lib/python3.8/site-packages/airflow/example_dags/example_trigger_target_dag.py
[2021-05-08 01:32:55,286] {scheduler_job.py:639} INFO - DAG(s) dict_keys(['example_trigger_target_dag']) retrieved from /home/navneetsajwan/airflow/etl/lib/python3.8/site-packages/airflow/example_dags/example_trigger_target_dag.py
[2021-05-08 01:32:55,316] {logging_mixin.py:104} INFO - [2021-05-08 01:32:55,316] {dag.py:1824} INFO - Sync 1 DAGs
[2021-05-08 01:32:55,341] {logging_mixin.py:104} INFO - [2021-05-08 01:32:55,341] {dag.py:2280} INFO - Setting next_dagrun for example_trigger_target_dag to None
[2021-05-08 01:32:55,457] {scheduler_job.py:190} INFO - Processing /home/navneetsajwan/airflow/etl/lib/python3.8/site-packages/airflow/example_dags/example_trigger_target_dag.py took 0.212 seconds
[2021-05-08 01:33:41,726] {scheduler_job.py:182} INFO - Started process (PID=467555) to work on /home/navneetsajwan/airflow/etl/lib/python3.8/site-packages/airflow/example_dags/example_trigger_target_dag.py
[2021-05-08 01:33:41,727] {scheduler_job.py:629} INFO - Processing file /home/navneetsajwan/airflow/etl/lib/python3.8/site-packages/airflow/example_dags/example_trigger_target_dag.py for tasks to queue
[2021-05-08 01:33:41,728] {logging_mixin.py:104} INFO - [2021-05-08 01:33:41,728] {dagbag.py:451} INFO - Filling up the DagBag from /home/navneetsajwan/airflow/etl/lib/python3.8/site-packages/airflow/example_dags/example_trigger_target_dag.py
[2021-05-08 01:33:41,736] {scheduler_job.py:639} INFO - DAG(s) dict_keys(['example_trigger_target_dag']) retrieved from /home/navneetsajwan/airflow/etl/lib/python3.8/site-packages/airflow/example_dags/example_trigger_target_dag.py
[2021-05-08 01:33:41,752] {logging_mixin.py:104} INFO - [2021-05-08 01:33:41,752] {dag.py:1824} INFO - Sync 1 DAGs
[2021-05-08 01:33:41,765] {logging_mixin.py:104} INFO - [2021-05-08 01:33:41,765] {dag.py:2280} INFO - Setting next_dagrun for example_trigger_target_dag to None
[2021-05-08 01:33:41,867] {scheduler_job.py:190} INFO - Processing /home/navneetsajwan/airflow/etl/lib/python3.8/site-packages/airflow/example_dags/example_trigger_target_dag.py took 0.145 seconds
[2021-05-08 01:34:26,958] {scheduler_job.py:182} INFO - Started process (PID=468200) to work on /home/navneetsajwan/airflow/etl/lib/python3.8/site-packages/airflow/example_dags/example_trigger_target_dag.py
[2021-05-08 01:34:26,960] {scheduler_job.py:629} INFO - Processing file /home/navneetsajwan/airflow/etl/lib/python3.8/site-packages/airflow/example_dags/example_trigger_target_dag.py for tasks to queue
[2021-05-08 01:34:26,962] {logging_mixin.py:104} INFO - [2021-05-08 01:34:26,961] {dagbag.py:451} INFO - Filling up the DagBag from /home/navneetsajwan/airflow/etl/lib/python3.8/site-packages/airflow/example_dags/example_trigger_target_dag.py
[2021-05-08 01:34:26,971] {scheduler_job.py:639} INFO - DAG(s) dict_keys(['example_trigger_target_dag']) retrieved from /home/navneetsajwan/airflow/etl/lib/python3.8/site-packages/airflow/example_dags/example_trigger_target_dag.py
[2021-05-08 01:34:26,986] {logging_mixin.py:104} INFO - [2021-05-08 01:34:26,986] {dag.py:1824} INFO - Sync 1 DAGs
[2021-05-08 01:34:26,998] {logging_mixin.py:104} INFO - [2021-05-08 01:34:26,998] {dag.py:2280} INFO - Setting next_dagrun for example_trigger_target_dag to None
[2021-05-08 01:34:27,125] {scheduler_job.py:190} INFO - Processing /home/navneetsajwan/airflow/etl/lib/python3.8/site-packages/airflow/example_dags/example_trigger_target_dag.py took 0.171 seconds
[2021-05-08 01:35:25,023] {scheduler_job.py:182} INFO - Started process (PID=469377) to work on /home/navneetsajwan/airflow/etl/lib/python3.8/site-packages/airflow/example_dags/example_trigger_target_dag.py
[2021-05-08 01:35:25,025] {scheduler_job.py:629} INFO - Processing file /home/navneetsajwan/airflow/etl/lib/python3.8/site-packages/airflow/example_dags/example_trigger_target_dag.py for tasks to queue
[2021-05-08 01:35:25,027] {logging_mixin.py:104} INFO - [2021-05-08 01:35:25,027] {dagbag.py:451} INFO - Filling up the DagBag from /home/navneetsajwan/airflow/etl/lib/python3.8/site-packages/airflow/example_dags/example_trigger_target_dag.py
[2021-05-08 01:35:25,043] {scheduler_job.py:639} INFO - DAG(s) dict_keys(['example_trigger_target_dag']) retrieved from /home/navneetsajwan/airflow/etl/lib/python3.8/site-packages/airflow/example_dags/example_trigger_target_dag.py
[2021-05-08 01:35:25,098] {logging_mixin.py:104} INFO - [2021-05-08 01:35:25,098] {dag.py:1824} INFO - Sync 1 DAGs
[2021-05-08 01:35:25,128] {logging_mixin.py:104} INFO - [2021-05-08 01:35:25,128] {dag.py:2280} INFO - Setting next_dagrun for example_trigger_target_dag to None
[2021-05-08 01:35:25,263] {scheduler_job.py:190} INFO - Processing /home/navneetsajwan/airflow/etl/lib/python3.8/site-packages/airflow/example_dags/example_trigger_target_dag.py took 0.246 seconds
[2021-05-08 01:36:16,413] {scheduler_job.py:182} INFO - Started process (PID=470137) to work on /home/navneetsajwan/airflow/etl/lib/python3.8/site-packages/airflow/example_dags/example_trigger_target_dag.py
[2021-05-08 01:36:16,415] {scheduler_job.py:629} INFO - Processing file /home/navneetsajwan/airflow/etl/lib/python3.8/site-packages/airflow/example_dags/example_trigger_target_dag.py for tasks to queue
[2021-05-08 01:36:16,416] {logging_mixin.py:104} INFO - [2021-05-08 01:36:16,415] {dagbag.py:451} INFO - Filling up the DagBag from /home/navneetsajwan/airflow/etl/lib/python3.8/site-packages/airflow/example_dags/example_trigger_target_dag.py
[2021-05-08 01:36:16,428] {scheduler_job.py:639} INFO - DAG(s) dict_keys(['example_trigger_target_dag']) retrieved from /home/navneetsajwan/airflow/etl/lib/python3.8/site-packages/airflow/example_dags/example_trigger_target_dag.py
[2021-05-08 01:36:16,444] {logging_mixin.py:104} INFO - [2021-05-08 01:36:16,444] {dag.py:1824} INFO - Sync 1 DAGs
[2021-05-08 01:36:16,455] {logging_mixin.py:104} INFO - [2021-05-08 01:36:16,455] {dag.py:2280} INFO - Setting next_dagrun for example_trigger_target_dag to None
[2021-05-08 01:36:16,544] {scheduler_job.py:190} INFO - Processing /home/navneetsajwan/airflow/etl/lib/python3.8/site-packages/airflow/example_dags/example_trigger_target_dag.py took 0.135 seconds
[2021-05-08 01:37:17,189] {scheduler_job.py:182} INFO - Started process (PID=471303) to work on /home/navneetsajwan/airflow/etl/lib/python3.8/site-packages/airflow/example_dags/example_trigger_target_dag.py
[2021-05-08 01:37:17,190] {scheduler_job.py:629} INFO - Processing file /home/navneetsajwan/airflow/etl/lib/python3.8/site-packages/airflow/example_dags/example_trigger_target_dag.py for tasks to queue
[2021-05-08 01:37:17,191] {logging_mixin.py:104} INFO - [2021-05-08 01:37:17,191] {dagbag.py:451} INFO - Filling up the DagBag from /home/navneetsajwan/airflow/etl/lib/python3.8/site-packages/airflow/example_dags/example_trigger_target_dag.py
[2021-05-08 01:37:17,200] {scheduler_job.py:639} INFO - DAG(s) dict_keys(['example_trigger_target_dag']) retrieved from /home/navneetsajwan/airflow/etl/lib/python3.8/site-packages/airflow/example_dags/example_trigger_target_dag.py
[2021-05-08 01:37:17,219] {logging_mixin.py:104} INFO - [2021-05-08 01:37:17,219] {dag.py:1824} INFO - Sync 1 DAGs
[2021-05-08 01:37:17,237] {logging_mixin.py:104} INFO - [2021-05-08 01:37:17,237] {dag.py:2280} INFO - Setting next_dagrun for example_trigger_target_dag to None
[2021-05-08 01:37:17,384] {scheduler_job.py:190} INFO - Processing /home/navneetsajwan/airflow/etl/lib/python3.8/site-packages/airflow/example_dags/example_trigger_target_dag.py took 0.198 seconds
[2021-05-08 01:38:02,501] {scheduler_job.py:182} INFO - Started process (PID=471974) to work on /home/navneetsajwan/airflow/etl/lib/python3.8/site-packages/airflow/example_dags/example_trigger_target_dag.py
[2021-05-08 01:38:02,505] {scheduler_job.py:629} INFO - Processing file /home/navneetsajwan/airflow/etl/lib/python3.8/site-packages/airflow/example_dags/example_trigger_target_dag.py for tasks to queue
[2021-05-08 01:38:02,507] {logging_mixin.py:104} INFO - [2021-05-08 01:38:02,506] {dagbag.py:451} INFO - Filling up the DagBag from /home/navneetsajwan/airflow/etl/lib/python3.8/site-packages/airflow/example_dags/example_trigger_target_dag.py
[2021-05-08 01:38:02,531] {scheduler_job.py:639} INFO - DAG(s) dict_keys(['example_trigger_target_dag']) retrieved from /home/navneetsajwan/airflow/etl/lib/python3.8/site-packages/airflow/example_dags/example_trigger_target_dag.py
[2021-05-08 01:38:02,590] {logging_mixin.py:104} INFO - [2021-05-08 01:38:02,590] {dag.py:1824} INFO - Sync 1 DAGs
[2021-05-08 01:38:02,609] {logging_mixin.py:104} INFO - [2021-05-08 01:38:02,609] {dag.py:2280} INFO - Setting next_dagrun for example_trigger_target_dag to None
[2021-05-08 01:38:02,849] {scheduler_job.py:190} INFO - Processing /home/navneetsajwan/airflow/etl/lib/python3.8/site-packages/airflow/example_dags/example_trigger_target_dag.py took 0.354 seconds
