[2021-05-08 01:07:10,072] {scheduler_job.py:182} INFO - Started process (PID=439957) to work on /home/navneetsajwan/airflow/etl/lib/python3.8/site-packages/airflow/example_dags/example_trigger_controller_dag.py
[2021-05-08 01:07:10,073] {scheduler_job.py:629} INFO - Processing file /home/navneetsajwan/airflow/etl/lib/python3.8/site-packages/airflow/example_dags/example_trigger_controller_dag.py for tasks to queue
[2021-05-08 01:07:10,074] {logging_mixin.py:104} INFO - [2021-05-08 01:07:10,074] {dagbag.py:451} INFO - Filling up the DagBag from /home/navneetsajwan/airflow/etl/lib/python3.8/site-packages/airflow/example_dags/example_trigger_controller_dag.py
[2021-05-08 01:07:10,169] {scheduler_job.py:639} INFO - DAG(s) dict_keys(['example_trigger_controller_dag']) retrieved from /home/navneetsajwan/airflow/etl/lib/python3.8/site-packages/airflow/example_dags/example_trigger_controller_dag.py
[2021-05-08 01:07:10,191] {logging_mixin.py:104} INFO - [2021-05-08 01:07:10,191] {dag.py:1824} INFO - Sync 1 DAGs
[2021-05-08 01:07:10,210] {logging_mixin.py:104} INFO - [2021-05-08 01:07:10,210] {dag.py:2280} INFO - Setting next_dagrun for example_trigger_controller_dag to 2021-05-05 00:00:00+00:00
[2021-05-08 01:07:10,638] {scheduler_job.py:190} INFO - Processing /home/navneetsajwan/airflow/etl/lib/python3.8/site-packages/airflow/example_dags/example_trigger_controller_dag.py took 0.569 seconds
[2021-05-08 01:07:44,107] {scheduler_job.py:182} INFO - Started process (PID=440426) to work on /home/navneetsajwan/airflow/etl/lib/python3.8/site-packages/airflow/example_dags/example_trigger_controller_dag.py
[2021-05-08 01:07:44,110] {scheduler_job.py:629} INFO - Processing file /home/navneetsajwan/airflow/etl/lib/python3.8/site-packages/airflow/example_dags/example_trigger_controller_dag.py for tasks to queue
[2021-05-08 01:07:44,111] {logging_mixin.py:104} INFO - [2021-05-08 01:07:44,111] {dagbag.py:451} INFO - Filling up the DagBag from /home/navneetsajwan/airflow/etl/lib/python3.8/site-packages/airflow/example_dags/example_trigger_controller_dag.py
[2021-05-08 01:07:44,127] {scheduler_job.py:639} INFO - DAG(s) dict_keys(['example_trigger_controller_dag']) retrieved from /home/navneetsajwan/airflow/etl/lib/python3.8/site-packages/airflow/example_dags/example_trigger_controller_dag.py
[2021-05-08 01:07:44,145] {logging_mixin.py:104} INFO - [2021-05-08 01:07:44,145] {dag.py:1824} INFO - Sync 1 DAGs
[2021-05-08 01:07:44,159] {logging_mixin.py:104} INFO - [2021-05-08 01:07:44,159] {dag.py:2280} INFO - Setting next_dagrun for example_trigger_controller_dag to 2021-05-05 00:00:00+00:00
[2021-05-08 01:07:44,627] {scheduler_job.py:190} INFO - Processing /home/navneetsajwan/airflow/etl/lib/python3.8/site-packages/airflow/example_dags/example_trigger_controller_dag.py took 0.524 seconds
[2021-05-08 01:08:28,190] {scheduler_job.py:182} INFO - Started process (PID=440974) to work on /home/navneetsajwan/airflow/etl/lib/python3.8/site-packages/airflow/example_dags/example_trigger_controller_dag.py
[2021-05-08 01:08:28,193] {scheduler_job.py:629} INFO - Processing file /home/navneetsajwan/airflow/etl/lib/python3.8/site-packages/airflow/example_dags/example_trigger_controller_dag.py for tasks to queue
[2021-05-08 01:08:28,203] {logging_mixin.py:104} INFO - [2021-05-08 01:08:28,203] {dagbag.py:451} INFO - Filling up the DagBag from /home/navneetsajwan/airflow/etl/lib/python3.8/site-packages/airflow/example_dags/example_trigger_controller_dag.py
[2021-05-08 01:08:28,378] {scheduler_job.py:639} INFO - DAG(s) dict_keys(['example_trigger_controller_dag']) retrieved from /home/navneetsajwan/airflow/etl/lib/python3.8/site-packages/airflow/example_dags/example_trigger_controller_dag.py
[2021-05-08 01:08:28,604] {logging_mixin.py:104} INFO - [2021-05-08 01:08:28,600] {dag.py:1824} INFO - Sync 1 DAGs
[2021-05-08 01:08:28,790] {logging_mixin.py:104} INFO - [2021-05-08 01:08:28,790] {dag.py:2280} INFO - Setting next_dagrun for example_trigger_controller_dag to 2021-05-05 00:00:00+00:00
[2021-05-08 01:08:29,023] {scheduler_job.py:190} INFO - Processing /home/navneetsajwan/airflow/etl/lib/python3.8/site-packages/airflow/example_dags/example_trigger_controller_dag.py took 0.847 seconds
[2021-05-08 01:09:10,801] {scheduler_job.py:182} INFO - Started process (PID=441942) to work on /home/navneetsajwan/airflow/etl/lib/python3.8/site-packages/airflow/example_dags/example_trigger_controller_dag.py
[2021-05-08 01:09:10,803] {scheduler_job.py:629} INFO - Processing file /home/navneetsajwan/airflow/etl/lib/python3.8/site-packages/airflow/example_dags/example_trigger_controller_dag.py for tasks to queue
[2021-05-08 01:09:10,803] {logging_mixin.py:104} INFO - [2021-05-08 01:09:10,803] {dagbag.py:451} INFO - Filling up the DagBag from /home/navneetsajwan/airflow/etl/lib/python3.8/site-packages/airflow/example_dags/example_trigger_controller_dag.py
[2021-05-08 01:09:10,814] {scheduler_job.py:639} INFO - DAG(s) dict_keys(['example_trigger_controller_dag']) retrieved from /home/navneetsajwan/airflow/etl/lib/python3.8/site-packages/airflow/example_dags/example_trigger_controller_dag.py
[2021-05-08 01:09:10,832] {logging_mixin.py:104} INFO - [2021-05-08 01:09:10,832] {dag.py:1824} INFO - Sync 1 DAGs
[2021-05-08 01:09:10,847] {logging_mixin.py:104} INFO - [2021-05-08 01:09:10,847] {dag.py:2280} INFO - Setting next_dagrun for example_trigger_controller_dag to 2021-05-05 00:00:00+00:00
[2021-05-08 01:09:10,954] {scheduler_job.py:190} INFO - Processing /home/navneetsajwan/airflow/etl/lib/python3.8/site-packages/airflow/example_dags/example_trigger_controller_dag.py took 0.158 seconds
[2021-05-08 01:09:49,972] {scheduler_job.py:182} INFO - Started process (PID=442525) to work on /home/navneetsajwan/airflow/etl/lib/python3.8/site-packages/airflow/example_dags/example_trigger_controller_dag.py
[2021-05-08 01:09:49,974] {scheduler_job.py:629} INFO - Processing file /home/navneetsajwan/airflow/etl/lib/python3.8/site-packages/airflow/example_dags/example_trigger_controller_dag.py for tasks to queue
[2021-05-08 01:09:49,976] {logging_mixin.py:104} INFO - [2021-05-08 01:09:49,975] {dagbag.py:451} INFO - Filling up the DagBag from /home/navneetsajwan/airflow/etl/lib/python3.8/site-packages/airflow/example_dags/example_trigger_controller_dag.py
[2021-05-08 01:09:50,024] {scheduler_job.py:639} INFO - DAG(s) dict_keys(['example_trigger_controller_dag']) retrieved from /home/navneetsajwan/airflow/etl/lib/python3.8/site-packages/airflow/example_dags/example_trigger_controller_dag.py
[2021-05-08 01:09:50,081] {logging_mixin.py:104} INFO - [2021-05-08 01:09:50,081] {dag.py:1824} INFO - Sync 1 DAGs
[2021-05-08 01:09:50,119] {logging_mixin.py:104} INFO - [2021-05-08 01:09:50,119] {dag.py:2280} INFO - Setting next_dagrun for example_trigger_controller_dag to 2021-05-05 00:00:00+00:00
[2021-05-08 01:09:50,278] {scheduler_job.py:190} INFO - Processing /home/navneetsajwan/airflow/etl/lib/python3.8/site-packages/airflow/example_dags/example_trigger_controller_dag.py took 0.311 seconds
[2021-05-08 01:10:28,757] {scheduler_job.py:182} INFO - Started process (PID=443130) to work on /home/navneetsajwan/airflow/etl/lib/python3.8/site-packages/airflow/example_dags/example_trigger_controller_dag.py
[2021-05-08 01:10:28,759] {scheduler_job.py:629} INFO - Processing file /home/navneetsajwan/airflow/etl/lib/python3.8/site-packages/airflow/example_dags/example_trigger_controller_dag.py for tasks to queue
[2021-05-08 01:10:28,799] {logging_mixin.py:104} INFO - [2021-05-08 01:10:28,799] {dagbag.py:451} INFO - Filling up the DagBag from /home/navneetsajwan/airflow/etl/lib/python3.8/site-packages/airflow/example_dags/example_trigger_controller_dag.py
[2021-05-08 01:10:28,843] {scheduler_job.py:639} INFO - DAG(s) dict_keys(['example_trigger_controller_dag']) retrieved from /home/navneetsajwan/airflow/etl/lib/python3.8/site-packages/airflow/example_dags/example_trigger_controller_dag.py
[2021-05-08 01:10:28,937] {logging_mixin.py:104} INFO - [2021-05-08 01:10:28,937] {dag.py:1824} INFO - Sync 1 DAGs
[2021-05-08 01:10:29,012] {logging_mixin.py:104} INFO - [2021-05-08 01:10:29,011] {dag.py:2280} INFO - Setting next_dagrun for example_trigger_controller_dag to 2021-05-05 00:00:00+00:00
[2021-05-08 01:10:30,056] {scheduler_job.py:190} INFO - Processing /home/navneetsajwan/airflow/etl/lib/python3.8/site-packages/airflow/example_dags/example_trigger_controller_dag.py took 1.312 seconds
[2021-05-08 01:11:06,786] {scheduler_job.py:182} INFO - Started process (PID=443931) to work on /home/navneetsajwan/airflow/etl/lib/python3.8/site-packages/airflow/example_dags/example_trigger_controller_dag.py
[2021-05-08 01:11:06,791] {scheduler_job.py:629} INFO - Processing file /home/navneetsajwan/airflow/etl/lib/python3.8/site-packages/airflow/example_dags/example_trigger_controller_dag.py for tasks to queue
[2021-05-08 01:11:06,792] {logging_mixin.py:104} INFO - [2021-05-08 01:11:06,792] {dagbag.py:451} INFO - Filling up the DagBag from /home/navneetsajwan/airflow/etl/lib/python3.8/site-packages/airflow/example_dags/example_trigger_controller_dag.py
[2021-05-08 01:11:06,810] {scheduler_job.py:639} INFO - DAG(s) dict_keys(['example_trigger_controller_dag']) retrieved from /home/navneetsajwan/airflow/etl/lib/python3.8/site-packages/airflow/example_dags/example_trigger_controller_dag.py
[2021-05-08 01:11:06,835] {logging_mixin.py:104} INFO - [2021-05-08 01:11:06,834] {dag.py:1824} INFO - Sync 1 DAGs
[2021-05-08 01:11:06,856] {logging_mixin.py:104} INFO - [2021-05-08 01:11:06,856] {dag.py:2280} INFO - Setting next_dagrun for example_trigger_controller_dag to 2021-05-05 00:00:00+00:00
[2021-05-08 01:11:06,951] {scheduler_job.py:190} INFO - Processing /home/navneetsajwan/airflow/etl/lib/python3.8/site-packages/airflow/example_dags/example_trigger_controller_dag.py took 0.168 seconds
[2021-05-08 01:11:40,973] {scheduler_job.py:182} INFO - Started process (PID=444408) to work on /home/navneetsajwan/airflow/etl/lib/python3.8/site-packages/airflow/example_dags/example_trigger_controller_dag.py
[2021-05-08 01:11:40,975] {scheduler_job.py:629} INFO - Processing file /home/navneetsajwan/airflow/etl/lib/python3.8/site-packages/airflow/example_dags/example_trigger_controller_dag.py for tasks to queue
[2021-05-08 01:11:40,976] {logging_mixin.py:104} INFO - [2021-05-08 01:11:40,975] {dagbag.py:451} INFO - Filling up the DagBag from /home/navneetsajwan/airflow/etl/lib/python3.8/site-packages/airflow/example_dags/example_trigger_controller_dag.py
[2021-05-08 01:11:40,987] {scheduler_job.py:639} INFO - DAG(s) dict_keys(['example_trigger_controller_dag']) retrieved from /home/navneetsajwan/airflow/etl/lib/python3.8/site-packages/airflow/example_dags/example_trigger_controller_dag.py
[2021-05-08 01:11:41,003] {logging_mixin.py:104} INFO - [2021-05-08 01:11:41,002] {dag.py:1824} INFO - Sync 1 DAGs
[2021-05-08 01:11:41,019] {logging_mixin.py:104} INFO - [2021-05-08 01:11:41,019] {dag.py:2280} INFO - Setting next_dagrun for example_trigger_controller_dag to 2021-05-05 00:00:00+00:00
[2021-05-08 01:11:41,140] {scheduler_job.py:190} INFO - Processing /home/navneetsajwan/airflow/etl/lib/python3.8/site-packages/airflow/example_dags/example_trigger_controller_dag.py took 0.172 seconds
[2021-05-08 01:14:47,192] {scheduler_job.py:182} INFO - Started process (PID=447549) to work on /home/navneetsajwan/airflow/etl/lib/python3.8/site-packages/airflow/example_dags/example_trigger_controller_dag.py
[2021-05-08 01:14:47,194] {scheduler_job.py:629} INFO - Processing file /home/navneetsajwan/airflow/etl/lib/python3.8/site-packages/airflow/example_dags/example_trigger_controller_dag.py for tasks to queue
[2021-05-08 01:14:47,195] {logging_mixin.py:104} INFO - [2021-05-08 01:14:47,195] {dagbag.py:451} INFO - Filling up the DagBag from /home/navneetsajwan/airflow/etl/lib/python3.8/site-packages/airflow/example_dags/example_trigger_controller_dag.py
[2021-05-08 01:14:47,202] {scheduler_job.py:639} INFO - DAG(s) dict_keys(['example_trigger_controller_dag']) retrieved from /home/navneetsajwan/airflow/etl/lib/python3.8/site-packages/airflow/example_dags/example_trigger_controller_dag.py
[2021-05-08 01:14:47,228] {logging_mixin.py:104} INFO - [2021-05-08 01:14:47,228] {dag.py:1824} INFO - Sync 1 DAGs
[2021-05-08 01:14:47,292] {logging_mixin.py:104} INFO - [2021-05-08 01:14:47,292] {dag.py:2280} INFO - Setting next_dagrun for example_trigger_controller_dag to 2021-05-05 00:00:00+00:00
[2021-05-08 01:14:47,520] {scheduler_job.py:190} INFO - Processing /home/navneetsajwan/airflow/etl/lib/python3.8/site-packages/airflow/example_dags/example_trigger_controller_dag.py took 0.332 seconds
[2021-05-08 01:15:18,744] {scheduler_job.py:182} INFO - Started process (PID=447978) to work on /home/navneetsajwan/airflow/etl/lib/python3.8/site-packages/airflow/example_dags/example_trigger_controller_dag.py
[2021-05-08 01:15:18,745] {scheduler_job.py:629} INFO - Processing file /home/navneetsajwan/airflow/etl/lib/python3.8/site-packages/airflow/example_dags/example_trigger_controller_dag.py for tasks to queue
[2021-05-08 01:15:18,746] {logging_mixin.py:104} INFO - [2021-05-08 01:15:18,746] {dagbag.py:451} INFO - Filling up the DagBag from /home/navneetsajwan/airflow/etl/lib/python3.8/site-packages/airflow/example_dags/example_trigger_controller_dag.py
[2021-05-08 01:15:18,754] {scheduler_job.py:639} INFO - DAG(s) dict_keys(['example_trigger_controller_dag']) retrieved from /home/navneetsajwan/airflow/etl/lib/python3.8/site-packages/airflow/example_dags/example_trigger_controller_dag.py
[2021-05-08 01:15:18,770] {logging_mixin.py:104} INFO - [2021-05-08 01:15:18,770] {dag.py:1824} INFO - Sync 1 DAGs
[2021-05-08 01:15:18,781] {logging_mixin.py:104} INFO - [2021-05-08 01:15:18,781] {dag.py:2280} INFO - Setting next_dagrun for example_trigger_controller_dag to 2021-05-05 00:00:00+00:00
[2021-05-08 01:15:19,064] {scheduler_job.py:190} INFO - Processing /home/navneetsajwan/airflow/etl/lib/python3.8/site-packages/airflow/example_dags/example_trigger_controller_dag.py took 0.324 seconds
[2021-05-08 01:15:52,463] {scheduler_job.py:182} INFO - Started process (PID=448762) to work on /home/navneetsajwan/airflow/etl/lib/python3.8/site-packages/airflow/example_dags/example_trigger_controller_dag.py
[2021-05-08 01:15:52,464] {scheduler_job.py:629} INFO - Processing file /home/navneetsajwan/airflow/etl/lib/python3.8/site-packages/airflow/example_dags/example_trigger_controller_dag.py for tasks to queue
[2021-05-08 01:15:52,465] {logging_mixin.py:104} INFO - [2021-05-08 01:15:52,465] {dagbag.py:451} INFO - Filling up the DagBag from /home/navneetsajwan/airflow/etl/lib/python3.8/site-packages/airflow/example_dags/example_trigger_controller_dag.py
[2021-05-08 01:15:52,476] {scheduler_job.py:639} INFO - DAG(s) dict_keys(['example_trigger_controller_dag']) retrieved from /home/navneetsajwan/airflow/etl/lib/python3.8/site-packages/airflow/example_dags/example_trigger_controller_dag.py
[2021-05-08 01:15:52,497] {logging_mixin.py:104} INFO - [2021-05-08 01:15:52,497] {dag.py:1824} INFO - Sync 1 DAGs
[2021-05-08 01:15:52,524] {logging_mixin.py:104} INFO - [2021-05-08 01:15:52,523] {dag.py:2280} INFO - Setting next_dagrun for example_trigger_controller_dag to 2021-05-05 00:00:00+00:00
[2021-05-08 01:15:52,616] {scheduler_job.py:190} INFO - Processing /home/navneetsajwan/airflow/etl/lib/python3.8/site-packages/airflow/example_dags/example_trigger_controller_dag.py took 0.159 seconds
[2021-05-08 01:16:24,877] {scheduler_job.py:182} INFO - Started process (PID=449259) to work on /home/navneetsajwan/airflow/etl/lib/python3.8/site-packages/airflow/example_dags/example_trigger_controller_dag.py
[2021-05-08 01:16:24,878] {scheduler_job.py:629} INFO - Processing file /home/navneetsajwan/airflow/etl/lib/python3.8/site-packages/airflow/example_dags/example_trigger_controller_dag.py for tasks to queue
[2021-05-08 01:16:24,879] {logging_mixin.py:104} INFO - [2021-05-08 01:16:24,879] {dagbag.py:451} INFO - Filling up the DagBag from /home/navneetsajwan/airflow/etl/lib/python3.8/site-packages/airflow/example_dags/example_trigger_controller_dag.py
[2021-05-08 01:16:24,885] {scheduler_job.py:639} INFO - DAG(s) dict_keys(['example_trigger_controller_dag']) retrieved from /home/navneetsajwan/airflow/etl/lib/python3.8/site-packages/airflow/example_dags/example_trigger_controller_dag.py
[2021-05-08 01:16:24,900] {logging_mixin.py:104} INFO - [2021-05-08 01:16:24,900] {dag.py:1824} INFO - Sync 1 DAGs
[2021-05-08 01:16:24,913] {logging_mixin.py:104} INFO - [2021-05-08 01:16:24,913] {dag.py:2280} INFO - Setting next_dagrun for example_trigger_controller_dag to 2021-05-05 00:00:00+00:00
[2021-05-08 01:16:25,011] {scheduler_job.py:190} INFO - Processing /home/navneetsajwan/airflow/etl/lib/python3.8/site-packages/airflow/example_dags/example_trigger_controller_dag.py took 0.137 seconds
[2021-05-08 01:17:02,293] {scheduler_job.py:182} INFO - Started process (PID=449799) to work on /home/navneetsajwan/airflow/etl/lib/python3.8/site-packages/airflow/example_dags/example_trigger_controller_dag.py
[2021-05-08 01:17:02,297] {scheduler_job.py:629} INFO - Processing file /home/navneetsajwan/airflow/etl/lib/python3.8/site-packages/airflow/example_dags/example_trigger_controller_dag.py for tasks to queue
[2021-05-08 01:17:02,313] {logging_mixin.py:104} INFO - [2021-05-08 01:17:02,298] {dagbag.py:451} INFO - Filling up the DagBag from /home/navneetsajwan/airflow/etl/lib/python3.8/site-packages/airflow/example_dags/example_trigger_controller_dag.py
[2021-05-08 01:17:02,366] {scheduler_job.py:639} INFO - DAG(s) dict_keys(['example_trigger_controller_dag']) retrieved from /home/navneetsajwan/airflow/etl/lib/python3.8/site-packages/airflow/example_dags/example_trigger_controller_dag.py
[2021-05-08 01:17:02,431] {logging_mixin.py:104} INFO - [2021-05-08 01:17:02,431] {dag.py:1824} INFO - Sync 1 DAGs
[2021-05-08 01:17:02,472] {logging_mixin.py:104} INFO - [2021-05-08 01:17:02,472] {dag.py:2280} INFO - Setting next_dagrun for example_trigger_controller_dag to 2021-05-05 00:00:00+00:00
[2021-05-08 01:17:02,633] {scheduler_job.py:190} INFO - Processing /home/navneetsajwan/airflow/etl/lib/python3.8/site-packages/airflow/example_dags/example_trigger_controller_dag.py took 0.360 seconds
[2021-05-08 01:17:40,984] {scheduler_job.py:182} INFO - Started process (PID=450703) to work on /home/navneetsajwan/airflow/etl/lib/python3.8/site-packages/airflow/example_dags/example_trigger_controller_dag.py
[2021-05-08 01:17:40,986] {scheduler_job.py:629} INFO - Processing file /home/navneetsajwan/airflow/etl/lib/python3.8/site-packages/airflow/example_dags/example_trigger_controller_dag.py for tasks to queue
[2021-05-08 01:17:40,999] {logging_mixin.py:104} INFO - [2021-05-08 01:17:40,999] {dagbag.py:451} INFO - Filling up the DagBag from /home/navneetsajwan/airflow/etl/lib/python3.8/site-packages/airflow/example_dags/example_trigger_controller_dag.py
[2021-05-08 01:17:41,026] {scheduler_job.py:639} INFO - DAG(s) dict_keys(['example_trigger_controller_dag']) retrieved from /home/navneetsajwan/airflow/etl/lib/python3.8/site-packages/airflow/example_dags/example_trigger_controller_dag.py
[2021-05-08 01:17:41,092] {logging_mixin.py:104} INFO - [2021-05-08 01:17:41,092] {dag.py:1824} INFO - Sync 1 DAGs
[2021-05-08 01:17:41,143] {logging_mixin.py:104} INFO - [2021-05-08 01:17:41,143] {dag.py:2280} INFO - Setting next_dagrun for example_trigger_controller_dag to 2021-05-05 00:00:00+00:00
[2021-05-08 01:17:41,253] {scheduler_job.py:190} INFO - Processing /home/navneetsajwan/airflow/etl/lib/python3.8/site-packages/airflow/example_dags/example_trigger_controller_dag.py took 0.281 seconds
[2021-05-08 01:18:18,442] {scheduler_job.py:182} INFO - Started process (PID=451268) to work on /home/navneetsajwan/airflow/etl/lib/python3.8/site-packages/airflow/example_dags/example_trigger_controller_dag.py
[2021-05-08 01:18:18,443] {scheduler_job.py:629} INFO - Processing file /home/navneetsajwan/airflow/etl/lib/python3.8/site-packages/airflow/example_dags/example_trigger_controller_dag.py for tasks to queue
[2021-05-08 01:18:18,444] {logging_mixin.py:104} INFO - [2021-05-08 01:18:18,444] {dagbag.py:451} INFO - Filling up the DagBag from /home/navneetsajwan/airflow/etl/lib/python3.8/site-packages/airflow/example_dags/example_trigger_controller_dag.py
[2021-05-08 01:18:18,453] {scheduler_job.py:639} INFO - DAG(s) dict_keys(['example_trigger_controller_dag']) retrieved from /home/navneetsajwan/airflow/etl/lib/python3.8/site-packages/airflow/example_dags/example_trigger_controller_dag.py
[2021-05-08 01:18:18,473] {logging_mixin.py:104} INFO - [2021-05-08 01:18:18,473] {dag.py:1824} INFO - Sync 1 DAGs
[2021-05-08 01:18:18,490] {logging_mixin.py:104} INFO - [2021-05-08 01:18:18,490] {dag.py:2280} INFO - Setting next_dagrun for example_trigger_controller_dag to 2021-05-05 00:00:00+00:00
[2021-05-08 01:18:18,625] {scheduler_job.py:190} INFO - Processing /home/navneetsajwan/airflow/etl/lib/python3.8/site-packages/airflow/example_dags/example_trigger_controller_dag.py took 0.188 seconds
[2021-05-08 01:19:03,009] {scheduler_job.py:182} INFO - Started process (PID=452024) to work on /home/navneetsajwan/airflow/etl/lib/python3.8/site-packages/airflow/example_dags/example_trigger_controller_dag.py
[2021-05-08 01:19:03,011] {scheduler_job.py:629} INFO - Processing file /home/navneetsajwan/airflow/etl/lib/python3.8/site-packages/airflow/example_dags/example_trigger_controller_dag.py for tasks to queue
[2021-05-08 01:19:03,021] {logging_mixin.py:104} INFO - [2021-05-08 01:19:03,021] {dagbag.py:451} INFO - Filling up the DagBag from /home/navneetsajwan/airflow/etl/lib/python3.8/site-packages/airflow/example_dags/example_trigger_controller_dag.py
[2021-05-08 01:19:03,039] {scheduler_job.py:639} INFO - DAG(s) dict_keys(['example_trigger_controller_dag']) retrieved from /home/navneetsajwan/airflow/etl/lib/python3.8/site-packages/airflow/example_dags/example_trigger_controller_dag.py
[2021-05-08 01:19:03,084] {logging_mixin.py:104} INFO - [2021-05-08 01:19:03,084] {dag.py:1824} INFO - Sync 1 DAGs
[2021-05-08 01:19:03,103] {logging_mixin.py:104} INFO - [2021-05-08 01:19:03,102] {dag.py:2280} INFO - Setting next_dagrun for example_trigger_controller_dag to 2021-05-05 00:00:00+00:00
[2021-05-08 01:19:03,280] {scheduler_job.py:190} INFO - Processing /home/navneetsajwan/airflow/etl/lib/python3.8/site-packages/airflow/example_dags/example_trigger_controller_dag.py took 0.278 seconds
[2021-05-08 01:19:47,060] {scheduler_job.py:182} INFO - Started process (PID=452888) to work on /home/navneetsajwan/airflow/etl/lib/python3.8/site-packages/airflow/example_dags/example_trigger_controller_dag.py
[2021-05-08 01:19:47,076] {scheduler_job.py:629} INFO - Processing file /home/navneetsajwan/airflow/etl/lib/python3.8/site-packages/airflow/example_dags/example_trigger_controller_dag.py for tasks to queue
[2021-05-08 01:19:47,077] {logging_mixin.py:104} INFO - [2021-05-08 01:19:47,077] {dagbag.py:451} INFO - Filling up the DagBag from /home/navneetsajwan/airflow/etl/lib/python3.8/site-packages/airflow/example_dags/example_trigger_controller_dag.py
[2021-05-08 01:19:47,121] {scheduler_job.py:639} INFO - DAG(s) dict_keys(['example_trigger_controller_dag']) retrieved from /home/navneetsajwan/airflow/etl/lib/python3.8/site-packages/airflow/example_dags/example_trigger_controller_dag.py
[2021-05-08 01:19:47,200] {logging_mixin.py:104} INFO - [2021-05-08 01:19:47,200] {dag.py:1824} INFO - Sync 1 DAGs
[2021-05-08 01:19:47,226] {logging_mixin.py:104} INFO - [2021-05-08 01:19:47,226] {dag.py:2280} INFO - Setting next_dagrun for example_trigger_controller_dag to 2021-05-05 00:00:00+00:00
[2021-05-08 01:19:47,463] {scheduler_job.py:190} INFO - Processing /home/navneetsajwan/airflow/etl/lib/python3.8/site-packages/airflow/example_dags/example_trigger_controller_dag.py took 0.410 seconds
[2021-05-08 01:20:33,388] {scheduler_job.py:182} INFO - Started process (PID=453514) to work on /home/navneetsajwan/airflow/etl/lib/python3.8/site-packages/airflow/example_dags/example_trigger_controller_dag.py
[2021-05-08 01:20:33,390] {scheduler_job.py:629} INFO - Processing file /home/navneetsajwan/airflow/etl/lib/python3.8/site-packages/airflow/example_dags/example_trigger_controller_dag.py for tasks to queue
[2021-05-08 01:20:33,391] {logging_mixin.py:104} INFO - [2021-05-08 01:20:33,391] {dagbag.py:451} INFO - Filling up the DagBag from /home/navneetsajwan/airflow/etl/lib/python3.8/site-packages/airflow/example_dags/example_trigger_controller_dag.py
[2021-05-08 01:20:33,402] {scheduler_job.py:639} INFO - DAG(s) dict_keys(['example_trigger_controller_dag']) retrieved from /home/navneetsajwan/airflow/etl/lib/python3.8/site-packages/airflow/example_dags/example_trigger_controller_dag.py
[2021-05-08 01:20:33,427] {logging_mixin.py:104} INFO - [2021-05-08 01:20:33,427] {dag.py:1824} INFO - Sync 1 DAGs
[2021-05-08 01:20:33,461] {logging_mixin.py:104} INFO - [2021-05-08 01:20:33,461] {dag.py:2280} INFO - Setting next_dagrun for example_trigger_controller_dag to 2021-05-05 00:00:00+00:00
[2021-05-08 01:20:33,605] {scheduler_job.py:190} INFO - Processing /home/navneetsajwan/airflow/etl/lib/python3.8/site-packages/airflow/example_dags/example_trigger_controller_dag.py took 0.221 seconds
[2021-05-08 01:21:11,432] {scheduler_job.py:182} INFO - Started process (PID=454424) to work on /home/navneetsajwan/airflow/etl/lib/python3.8/site-packages/airflow/example_dags/example_trigger_controller_dag.py
[2021-05-08 01:21:11,434] {scheduler_job.py:629} INFO - Processing file /home/navneetsajwan/airflow/etl/lib/python3.8/site-packages/airflow/example_dags/example_trigger_controller_dag.py for tasks to queue
[2021-05-08 01:21:11,435] {logging_mixin.py:104} INFO - [2021-05-08 01:21:11,435] {dagbag.py:451} INFO - Filling up the DagBag from /home/navneetsajwan/airflow/etl/lib/python3.8/site-packages/airflow/example_dags/example_trigger_controller_dag.py
[2021-05-08 01:21:11,444] {scheduler_job.py:639} INFO - DAG(s) dict_keys(['example_trigger_controller_dag']) retrieved from /home/navneetsajwan/airflow/etl/lib/python3.8/site-packages/airflow/example_dags/example_trigger_controller_dag.py
[2021-05-08 01:21:11,470] {logging_mixin.py:104} INFO - [2021-05-08 01:21:11,470] {dag.py:1824} INFO - Sync 1 DAGs
[2021-05-08 01:21:11,511] {logging_mixin.py:104} INFO - [2021-05-08 01:21:11,511] {dag.py:2280} INFO - Setting next_dagrun for example_trigger_controller_dag to 2021-05-05 00:00:00+00:00
[2021-05-08 01:21:11,618] {scheduler_job.py:190} INFO - Processing /home/navneetsajwan/airflow/etl/lib/python3.8/site-packages/airflow/example_dags/example_trigger_controller_dag.py took 0.192 seconds
[2021-05-08 01:21:52,679] {scheduler_job.py:182} INFO - Started process (PID=454971) to work on /home/navneetsajwan/airflow/etl/lib/python3.8/site-packages/airflow/example_dags/example_trigger_controller_dag.py
[2021-05-08 01:21:52,681] {scheduler_job.py:629} INFO - Processing file /home/navneetsajwan/airflow/etl/lib/python3.8/site-packages/airflow/example_dags/example_trigger_controller_dag.py for tasks to queue
[2021-05-08 01:21:52,682] {logging_mixin.py:104} INFO - [2021-05-08 01:21:52,682] {dagbag.py:451} INFO - Filling up the DagBag from /home/navneetsajwan/airflow/etl/lib/python3.8/site-packages/airflow/example_dags/example_trigger_controller_dag.py
[2021-05-08 01:21:52,687] {scheduler_job.py:639} INFO - DAG(s) dict_keys(['example_trigger_controller_dag']) retrieved from /home/navneetsajwan/airflow/etl/lib/python3.8/site-packages/airflow/example_dags/example_trigger_controller_dag.py
[2021-05-08 01:21:52,705] {logging_mixin.py:104} INFO - [2021-05-08 01:21:52,705] {dag.py:1824} INFO - Sync 1 DAGs
[2021-05-08 01:21:52,718] {logging_mixin.py:104} INFO - [2021-05-08 01:21:52,718] {dag.py:2280} INFO - Setting next_dagrun for example_trigger_controller_dag to 2021-05-05 00:00:00+00:00
[2021-05-08 01:21:52,806] {scheduler_job.py:190} INFO - Processing /home/navneetsajwan/airflow/etl/lib/python3.8/site-packages/airflow/example_dags/example_trigger_controller_dag.py took 0.130 seconds
[2021-05-08 01:22:36,494] {scheduler_job.py:182} INFO - Started process (PID=455884) to work on /home/navneetsajwan/airflow/etl/lib/python3.8/site-packages/airflow/example_dags/example_trigger_controller_dag.py
[2021-05-08 01:22:36,504] {scheduler_job.py:629} INFO - Processing file /home/navneetsajwan/airflow/etl/lib/python3.8/site-packages/airflow/example_dags/example_trigger_controller_dag.py for tasks to queue
[2021-05-08 01:22:36,509] {logging_mixin.py:104} INFO - [2021-05-08 01:22:36,509] {dagbag.py:451} INFO - Filling up the DagBag from /home/navneetsajwan/airflow/etl/lib/python3.8/site-packages/airflow/example_dags/example_trigger_controller_dag.py
[2021-05-08 01:22:36,545] {scheduler_job.py:639} INFO - DAG(s) dict_keys(['example_trigger_controller_dag']) retrieved from /home/navneetsajwan/airflow/etl/lib/python3.8/site-packages/airflow/example_dags/example_trigger_controller_dag.py
[2021-05-08 01:22:36,816] {logging_mixin.py:104} INFO - [2021-05-08 01:22:36,815] {dag.py:1824} INFO - Sync 1 DAGs
[2021-05-08 01:22:37,032] {logging_mixin.py:104} INFO - [2021-05-08 01:22:37,032] {dag.py:2280} INFO - Setting next_dagrun for example_trigger_controller_dag to 2021-05-05 00:00:00+00:00
[2021-05-08 01:22:37,168] {scheduler_job.py:190} INFO - Processing /home/navneetsajwan/airflow/etl/lib/python3.8/site-packages/airflow/example_dags/example_trigger_controller_dag.py took 0.700 seconds
[2021-05-08 01:23:15,820] {scheduler_job.py:182} INFO - Started process (PID=456430) to work on /home/navneetsajwan/airflow/etl/lib/python3.8/site-packages/airflow/example_dags/example_trigger_controller_dag.py
[2021-05-08 01:23:15,822] {scheduler_job.py:629} INFO - Processing file /home/navneetsajwan/airflow/etl/lib/python3.8/site-packages/airflow/example_dags/example_trigger_controller_dag.py for tasks to queue
[2021-05-08 01:23:15,822] {logging_mixin.py:104} INFO - [2021-05-08 01:23:15,822] {dagbag.py:451} INFO - Filling up the DagBag from /home/navneetsajwan/airflow/etl/lib/python3.8/site-packages/airflow/example_dags/example_trigger_controller_dag.py
[2021-05-08 01:23:15,828] {scheduler_job.py:639} INFO - DAG(s) dict_keys(['example_trigger_controller_dag']) retrieved from /home/navneetsajwan/airflow/etl/lib/python3.8/site-packages/airflow/example_dags/example_trigger_controller_dag.py
[2021-05-08 01:23:15,844] {logging_mixin.py:104} INFO - [2021-05-08 01:23:15,844] {dag.py:1824} INFO - Sync 1 DAGs
[2021-05-08 01:23:15,858] {logging_mixin.py:104} INFO - [2021-05-08 01:23:15,857] {dag.py:2280} INFO - Setting next_dagrun for example_trigger_controller_dag to 2021-05-05 00:00:00+00:00
[2021-05-08 01:23:15,987] {scheduler_job.py:190} INFO - Processing /home/navneetsajwan/airflow/etl/lib/python3.8/site-packages/airflow/example_dags/example_trigger_controller_dag.py took 0.170 seconds
[2021-05-08 01:23:51,537] {scheduler_job.py:182} INFO - Started process (PID=456943) to work on /home/navneetsajwan/airflow/etl/lib/python3.8/site-packages/airflow/example_dags/example_trigger_controller_dag.py
[2021-05-08 01:23:51,539] {scheduler_job.py:629} INFO - Processing file /home/navneetsajwan/airflow/etl/lib/python3.8/site-packages/airflow/example_dags/example_trigger_controller_dag.py for tasks to queue
[2021-05-08 01:23:51,540] {logging_mixin.py:104} INFO - [2021-05-08 01:23:51,540] {dagbag.py:451} INFO - Filling up the DagBag from /home/navneetsajwan/airflow/etl/lib/python3.8/site-packages/airflow/example_dags/example_trigger_controller_dag.py
[2021-05-08 01:23:51,550] {scheduler_job.py:639} INFO - DAG(s) dict_keys(['example_trigger_controller_dag']) retrieved from /home/navneetsajwan/airflow/etl/lib/python3.8/site-packages/airflow/example_dags/example_trigger_controller_dag.py
[2021-05-08 01:23:51,580] {logging_mixin.py:104} INFO - [2021-05-08 01:23:51,580] {dag.py:1824} INFO - Sync 1 DAGs
[2021-05-08 01:23:51,605] {logging_mixin.py:104} INFO - [2021-05-08 01:23:51,605] {dag.py:2280} INFO - Setting next_dagrun for example_trigger_controller_dag to 2021-05-05 00:00:00+00:00
[2021-05-08 01:23:51,951] {scheduler_job.py:190} INFO - Processing /home/navneetsajwan/airflow/etl/lib/python3.8/site-packages/airflow/example_dags/example_trigger_controller_dag.py took 0.419 seconds
[2021-05-08 01:24:42,853] {scheduler_job.py:182} INFO - Started process (PID=457991) to work on /home/navneetsajwan/airflow/etl/lib/python3.8/site-packages/airflow/example_dags/example_trigger_controller_dag.py
[2021-05-08 01:24:42,854] {scheduler_job.py:629} INFO - Processing file /home/navneetsajwan/airflow/etl/lib/python3.8/site-packages/airflow/example_dags/example_trigger_controller_dag.py for tasks to queue
[2021-05-08 01:24:42,855] {logging_mixin.py:104} INFO - [2021-05-08 01:24:42,855] {dagbag.py:451} INFO - Filling up the DagBag from /home/navneetsajwan/airflow/etl/lib/python3.8/site-packages/airflow/example_dags/example_trigger_controller_dag.py
[2021-05-08 01:24:42,861] {scheduler_job.py:639} INFO - DAG(s) dict_keys(['example_trigger_controller_dag']) retrieved from /home/navneetsajwan/airflow/etl/lib/python3.8/site-packages/airflow/example_dags/example_trigger_controller_dag.py
[2021-05-08 01:24:42,880] {logging_mixin.py:104} INFO - [2021-05-08 01:24:42,880] {dag.py:1824} INFO - Sync 1 DAGs
[2021-05-08 01:24:42,896] {logging_mixin.py:104} INFO - [2021-05-08 01:24:42,896] {dag.py:2280} INFO - Setting next_dagrun for example_trigger_controller_dag to 2021-05-05 00:00:00+00:00
[2021-05-08 01:24:43,042] {scheduler_job.py:190} INFO - Processing /home/navneetsajwan/airflow/etl/lib/python3.8/site-packages/airflow/example_dags/example_trigger_controller_dag.py took 0.192 seconds
[2021-05-08 01:25:42,429] {scheduler_job.py:182} INFO - Started process (PID=459002) to work on /home/navneetsajwan/airflow/etl/lib/python3.8/site-packages/airflow/example_dags/example_trigger_controller_dag.py
[2021-05-08 01:25:42,450] {scheduler_job.py:629} INFO - Processing file /home/navneetsajwan/airflow/etl/lib/python3.8/site-packages/airflow/example_dags/example_trigger_controller_dag.py for tasks to queue
[2021-05-08 01:25:42,457] {logging_mixin.py:104} INFO - [2021-05-08 01:25:42,457] {dagbag.py:451} INFO - Filling up the DagBag from /home/navneetsajwan/airflow/etl/lib/python3.8/site-packages/airflow/example_dags/example_trigger_controller_dag.py
[2021-05-08 01:25:42,488] {scheduler_job.py:639} INFO - DAG(s) dict_keys(['example_trigger_controller_dag']) retrieved from /home/navneetsajwan/airflow/etl/lib/python3.8/site-packages/airflow/example_dags/example_trigger_controller_dag.py
[2021-05-08 01:25:42,589] {logging_mixin.py:104} INFO - [2021-05-08 01:25:42,588] {dag.py:1824} INFO - Sync 1 DAGs
[2021-05-08 01:25:42,661] {logging_mixin.py:104} INFO - [2021-05-08 01:25:42,661] {dag.py:2280} INFO - Setting next_dagrun for example_trigger_controller_dag to 2021-05-05 00:00:00+00:00
[2021-05-08 01:25:42,820] {scheduler_job.py:190} INFO - Processing /home/navneetsajwan/airflow/etl/lib/python3.8/site-packages/airflow/example_dags/example_trigger_controller_dag.py took 0.395 seconds
[2021-05-08 01:26:38,910] {scheduler_job.py:182} INFO - Started process (PID=460042) to work on /home/navneetsajwan/airflow/etl/lib/python3.8/site-packages/airflow/example_dags/example_trigger_controller_dag.py
[2021-05-08 01:26:38,920] {scheduler_job.py:629} INFO - Processing file /home/navneetsajwan/airflow/etl/lib/python3.8/site-packages/airflow/example_dags/example_trigger_controller_dag.py for tasks to queue
[2021-05-08 01:26:38,921] {logging_mixin.py:104} INFO - [2021-05-08 01:26:38,921] {dagbag.py:451} INFO - Filling up the DagBag from /home/navneetsajwan/airflow/etl/lib/python3.8/site-packages/airflow/example_dags/example_trigger_controller_dag.py
[2021-05-08 01:26:38,937] {scheduler_job.py:639} INFO - DAG(s) dict_keys(['example_trigger_controller_dag']) retrieved from /home/navneetsajwan/airflow/etl/lib/python3.8/site-packages/airflow/example_dags/example_trigger_controller_dag.py
[2021-05-08 01:26:38,979] {logging_mixin.py:104} INFO - [2021-05-08 01:26:38,979] {dag.py:1824} INFO - Sync 1 DAGs
[2021-05-08 01:26:39,027] {logging_mixin.py:104} INFO - [2021-05-08 01:26:39,027] {dag.py:2280} INFO - Setting next_dagrun for example_trigger_controller_dag to 2021-05-05 00:00:00+00:00
[2021-05-08 01:26:39,124] {scheduler_job.py:190} INFO - Processing /home/navneetsajwan/airflow/etl/lib/python3.8/site-packages/airflow/example_dags/example_trigger_controller_dag.py took 0.254 seconds
[2021-05-08 01:27:30,312] {scheduler_job.py:182} INFO - Started process (PID=460946) to work on /home/navneetsajwan/airflow/etl/lib/python3.8/site-packages/airflow/example_dags/example_trigger_controller_dag.py
[2021-05-08 01:27:30,336] {scheduler_job.py:629} INFO - Processing file /home/navneetsajwan/airflow/etl/lib/python3.8/site-packages/airflow/example_dags/example_trigger_controller_dag.py for tasks to queue
[2021-05-08 01:27:30,337] {logging_mixin.py:104} INFO - [2021-05-08 01:27:30,337] {dagbag.py:451} INFO - Filling up the DagBag from /home/navneetsajwan/airflow/etl/lib/python3.8/site-packages/airflow/example_dags/example_trigger_controller_dag.py
[2021-05-08 01:27:30,353] {scheduler_job.py:639} INFO - DAG(s) dict_keys(['example_trigger_controller_dag']) retrieved from /home/navneetsajwan/airflow/etl/lib/python3.8/site-packages/airflow/example_dags/example_trigger_controller_dag.py
[2021-05-08 01:27:30,394] {logging_mixin.py:104} INFO - [2021-05-08 01:27:30,393] {dag.py:1824} INFO - Sync 1 DAGs
[2021-05-08 01:27:30,483] {logging_mixin.py:104} INFO - [2021-05-08 01:27:30,483] {dag.py:2280} INFO - Setting next_dagrun for example_trigger_controller_dag to 2021-05-05 00:00:00+00:00
[2021-05-08 01:27:30,928] {scheduler_job.py:190} INFO - Processing /home/navneetsajwan/airflow/etl/lib/python3.8/site-packages/airflow/example_dags/example_trigger_controller_dag.py took 0.622 seconds
[2021-05-08 01:28:18,313] {scheduler_job.py:182} INFO - Started process (PID=461940) to work on /home/navneetsajwan/airflow/etl/lib/python3.8/site-packages/airflow/example_dags/example_trigger_controller_dag.py
[2021-05-08 01:28:18,328] {scheduler_job.py:629} INFO - Processing file /home/navneetsajwan/airflow/etl/lib/python3.8/site-packages/airflow/example_dags/example_trigger_controller_dag.py for tasks to queue
[2021-05-08 01:28:18,330] {logging_mixin.py:104} INFO - [2021-05-08 01:28:18,329] {dagbag.py:451} INFO - Filling up the DagBag from /home/navneetsajwan/airflow/etl/lib/python3.8/site-packages/airflow/example_dags/example_trigger_controller_dag.py
[2021-05-08 01:28:18,382] {scheduler_job.py:639} INFO - DAG(s) dict_keys(['example_trigger_controller_dag']) retrieved from /home/navneetsajwan/airflow/etl/lib/python3.8/site-packages/airflow/example_dags/example_trigger_controller_dag.py
[2021-05-08 01:28:18,526] {logging_mixin.py:104} INFO - [2021-05-08 01:28:18,522] {dag.py:1824} INFO - Sync 1 DAGs
[2021-05-08 01:28:18,660] {logging_mixin.py:104} INFO - [2021-05-08 01:28:18,655] {dag.py:2280} INFO - Setting next_dagrun for example_trigger_controller_dag to 2021-05-05 00:00:00+00:00
[2021-05-08 01:28:18,876] {scheduler_job.py:190} INFO - Processing /home/navneetsajwan/airflow/etl/lib/python3.8/site-packages/airflow/example_dags/example_trigger_controller_dag.py took 0.574 seconds
[2021-05-08 01:29:05,278] {scheduler_job.py:182} INFO - Started process (PID=462600) to work on /home/navneetsajwan/airflow/etl/lib/python3.8/site-packages/airflow/example_dags/example_trigger_controller_dag.py
[2021-05-08 01:29:05,308] {scheduler_job.py:629} INFO - Processing file /home/navneetsajwan/airflow/etl/lib/python3.8/site-packages/airflow/example_dags/example_trigger_controller_dag.py for tasks to queue
[2021-05-08 01:29:05,310] {logging_mixin.py:104} INFO - [2021-05-08 01:29:05,309] {dagbag.py:451} INFO - Filling up the DagBag from /home/navneetsajwan/airflow/etl/lib/python3.8/site-packages/airflow/example_dags/example_trigger_controller_dag.py
[2021-05-08 01:29:05,359] {scheduler_job.py:639} INFO - DAG(s) dict_keys(['example_trigger_controller_dag']) retrieved from /home/navneetsajwan/airflow/etl/lib/python3.8/site-packages/airflow/example_dags/example_trigger_controller_dag.py
[2021-05-08 01:29:05,500] {logging_mixin.py:104} INFO - [2021-05-08 01:29:05,499] {dag.py:1824} INFO - Sync 1 DAGs
[2021-05-08 01:29:05,629] {logging_mixin.py:104} INFO - [2021-05-08 01:29:05,629] {dag.py:2280} INFO - Setting next_dagrun for example_trigger_controller_dag to 2021-05-05 00:00:00+00:00
[2021-05-08 01:29:05,817] {scheduler_job.py:190} INFO - Processing /home/navneetsajwan/airflow/etl/lib/python3.8/site-packages/airflow/example_dags/example_trigger_controller_dag.py took 0.572 seconds
[2021-05-08 01:29:55,168] {scheduler_job.py:182} INFO - Started process (PID=463639) to work on /home/navneetsajwan/airflow/etl/lib/python3.8/site-packages/airflow/example_dags/example_trigger_controller_dag.py
[2021-05-08 01:29:55,176] {scheduler_job.py:629} INFO - Processing file /home/navneetsajwan/airflow/etl/lib/python3.8/site-packages/airflow/example_dags/example_trigger_controller_dag.py for tasks to queue
[2021-05-08 01:29:55,188] {logging_mixin.py:104} INFO - [2021-05-08 01:29:55,188] {dagbag.py:451} INFO - Filling up the DagBag from /home/navneetsajwan/airflow/etl/lib/python3.8/site-packages/airflow/example_dags/example_trigger_controller_dag.py
[2021-05-08 01:29:55,202] {scheduler_job.py:639} INFO - DAG(s) dict_keys(['example_trigger_controller_dag']) retrieved from /home/navneetsajwan/airflow/etl/lib/python3.8/site-packages/airflow/example_dags/example_trigger_controller_dag.py
[2021-05-08 01:29:55,288] {logging_mixin.py:104} INFO - [2021-05-08 01:29:55,287] {dag.py:1824} INFO - Sync 1 DAGs
[2021-05-08 01:29:55,334] {logging_mixin.py:104} INFO - [2021-05-08 01:29:55,330] {dag.py:2280} INFO - Setting next_dagrun for example_trigger_controller_dag to 2021-05-05 00:00:00+00:00
[2021-05-08 01:29:55,593] {scheduler_job.py:190} INFO - Processing /home/navneetsajwan/airflow/etl/lib/python3.8/site-packages/airflow/example_dags/example_trigger_controller_dag.py took 0.432 seconds
[2021-05-08 01:30:40,639] {scheduler_job.py:182} INFO - Started process (PID=464294) to work on /home/navneetsajwan/airflow/etl/lib/python3.8/site-packages/airflow/example_dags/example_trigger_controller_dag.py
[2021-05-08 01:30:40,641] {scheduler_job.py:629} INFO - Processing file /home/navneetsajwan/airflow/etl/lib/python3.8/site-packages/airflow/example_dags/example_trigger_controller_dag.py for tasks to queue
[2021-05-08 01:30:40,642] {logging_mixin.py:104} INFO - [2021-05-08 01:30:40,642] {dagbag.py:451} INFO - Filling up the DagBag from /home/navneetsajwan/airflow/etl/lib/python3.8/site-packages/airflow/example_dags/example_trigger_controller_dag.py
[2021-05-08 01:30:40,653] {scheduler_job.py:639} INFO - DAG(s) dict_keys(['example_trigger_controller_dag']) retrieved from /home/navneetsajwan/airflow/etl/lib/python3.8/site-packages/airflow/example_dags/example_trigger_controller_dag.py
[2021-05-08 01:30:40,675] {logging_mixin.py:104} INFO - [2021-05-08 01:30:40,675] {dag.py:1824} INFO - Sync 1 DAGs
[2021-05-08 01:30:40,693] {logging_mixin.py:104} INFO - [2021-05-08 01:30:40,693] {dag.py:2280} INFO - Setting next_dagrun for example_trigger_controller_dag to 2021-05-05 00:00:00+00:00
[2021-05-08 01:30:40,802] {scheduler_job.py:190} INFO - Processing /home/navneetsajwan/airflow/etl/lib/python3.8/site-packages/airflow/example_dags/example_trigger_controller_dag.py took 0.167 seconds
[2021-05-08 01:31:39,541] {scheduler_job.py:182} INFO - Started process (PID=465488) to work on /home/navneetsajwan/airflow/etl/lib/python3.8/site-packages/airflow/example_dags/example_trigger_controller_dag.py
[2021-05-08 01:31:39,555] {scheduler_job.py:629} INFO - Processing file /home/navneetsajwan/airflow/etl/lib/python3.8/site-packages/airflow/example_dags/example_trigger_controller_dag.py for tasks to queue
[2021-05-08 01:31:39,555] {logging_mixin.py:104} INFO - [2021-05-08 01:31:39,555] {dagbag.py:451} INFO - Filling up the DagBag from /home/navneetsajwan/airflow/etl/lib/python3.8/site-packages/airflow/example_dags/example_trigger_controller_dag.py
[2021-05-08 01:31:39,561] {scheduler_job.py:639} INFO - DAG(s) dict_keys(['example_trigger_controller_dag']) retrieved from /home/navneetsajwan/airflow/etl/lib/python3.8/site-packages/airflow/example_dags/example_trigger_controller_dag.py
[2021-05-08 01:31:39,598] {logging_mixin.py:104} INFO - [2021-05-08 01:31:39,598] {dag.py:1824} INFO - Sync 1 DAGs
[2021-05-08 01:31:39,621] {logging_mixin.py:104} INFO - [2021-05-08 01:31:39,621] {dag.py:2280} INFO - Setting next_dagrun for example_trigger_controller_dag to 2021-05-05 00:00:00+00:00
[2021-05-08 01:31:39,760] {scheduler_job.py:190} INFO - Processing /home/navneetsajwan/airflow/etl/lib/python3.8/site-packages/airflow/example_dags/example_trigger_controller_dag.py took 0.224 seconds
[2021-05-08 01:32:38,170] {scheduler_job.py:182} INFO - Started process (PID=466383) to work on /home/navneetsajwan/airflow/etl/lib/python3.8/site-packages/airflow/example_dags/example_trigger_controller_dag.py
[2021-05-08 01:32:38,177] {scheduler_job.py:629} INFO - Processing file /home/navneetsajwan/airflow/etl/lib/python3.8/site-packages/airflow/example_dags/example_trigger_controller_dag.py for tasks to queue
[2021-05-08 01:32:38,184] {logging_mixin.py:104} INFO - [2021-05-08 01:32:38,184] {dagbag.py:451} INFO - Filling up the DagBag from /home/navneetsajwan/airflow/etl/lib/python3.8/site-packages/airflow/example_dags/example_trigger_controller_dag.py
[2021-05-08 01:32:38,194] {scheduler_job.py:639} INFO - DAG(s) dict_keys(['example_trigger_controller_dag']) retrieved from /home/navneetsajwan/airflow/etl/lib/python3.8/site-packages/airflow/example_dags/example_trigger_controller_dag.py
[2021-05-08 01:32:38,235] {logging_mixin.py:104} INFO - [2021-05-08 01:32:38,235] {dag.py:1824} INFO - Sync 1 DAGs
[2021-05-08 01:32:38,273] {logging_mixin.py:104} INFO - [2021-05-08 01:32:38,273] {dag.py:2280} INFO - Setting next_dagrun for example_trigger_controller_dag to 2021-05-05 00:00:00+00:00
[2021-05-08 01:32:38,728] {scheduler_job.py:190} INFO - Processing /home/navneetsajwan/airflow/etl/lib/python3.8/site-packages/airflow/example_dags/example_trigger_controller_dag.py took 0.576 seconds
[2021-05-08 01:33:37,738] {scheduler_job.py:182} INFO - Started process (PID=467494) to work on /home/navneetsajwan/airflow/etl/lib/python3.8/site-packages/airflow/example_dags/example_trigger_controller_dag.py
[2021-05-08 01:33:37,739] {scheduler_job.py:629} INFO - Processing file /home/navneetsajwan/airflow/etl/lib/python3.8/site-packages/airflow/example_dags/example_trigger_controller_dag.py for tasks to queue
[2021-05-08 01:33:37,740] {logging_mixin.py:104} INFO - [2021-05-08 01:33:37,740] {dagbag.py:451} INFO - Filling up the DagBag from /home/navneetsajwan/airflow/etl/lib/python3.8/site-packages/airflow/example_dags/example_trigger_controller_dag.py
[2021-05-08 01:33:37,746] {scheduler_job.py:639} INFO - DAG(s) dict_keys(['example_trigger_controller_dag']) retrieved from /home/navneetsajwan/airflow/etl/lib/python3.8/site-packages/airflow/example_dags/example_trigger_controller_dag.py
[2021-05-08 01:33:37,764] {logging_mixin.py:104} INFO - [2021-05-08 01:33:37,764] {dag.py:1824} INFO - Sync 1 DAGs
[2021-05-08 01:33:37,778] {logging_mixin.py:104} INFO - [2021-05-08 01:33:37,778] {dag.py:2280} INFO - Setting next_dagrun for example_trigger_controller_dag to 2021-05-05 00:00:00+00:00
[2021-05-08 01:33:37,893] {scheduler_job.py:190} INFO - Processing /home/navneetsajwan/airflow/etl/lib/python3.8/site-packages/airflow/example_dags/example_trigger_controller_dag.py took 0.159 seconds
[2021-05-08 01:34:23,494] {scheduler_job.py:182} INFO - Started process (PID=468159) to work on /home/navneetsajwan/airflow/etl/lib/python3.8/site-packages/airflow/example_dags/example_trigger_controller_dag.py
[2021-05-08 01:34:23,497] {scheduler_job.py:629} INFO - Processing file /home/navneetsajwan/airflow/etl/lib/python3.8/site-packages/airflow/example_dags/example_trigger_controller_dag.py for tasks to queue
[2021-05-08 01:34:23,498] {logging_mixin.py:104} INFO - [2021-05-08 01:34:23,497] {dagbag.py:451} INFO - Filling up the DagBag from /home/navneetsajwan/airflow/etl/lib/python3.8/site-packages/airflow/example_dags/example_trigger_controller_dag.py
[2021-05-08 01:34:23,505] {scheduler_job.py:639} INFO - DAG(s) dict_keys(['example_trigger_controller_dag']) retrieved from /home/navneetsajwan/airflow/etl/lib/python3.8/site-packages/airflow/example_dags/example_trigger_controller_dag.py
[2021-05-08 01:34:23,527] {logging_mixin.py:104} INFO - [2021-05-08 01:34:23,526] {dag.py:1824} INFO - Sync 1 DAGs
[2021-05-08 01:34:23,546] {logging_mixin.py:104} INFO - [2021-05-08 01:34:23,546] {dag.py:2280} INFO - Setting next_dagrun for example_trigger_controller_dag to 2021-05-05 00:00:00+00:00
[2021-05-08 01:34:23,660] {scheduler_job.py:190} INFO - Processing /home/navneetsajwan/airflow/etl/lib/python3.8/site-packages/airflow/example_dags/example_trigger_controller_dag.py took 0.170 seconds
[2021-05-08 01:35:21,142] {scheduler_job.py:182} INFO - Started process (PID=469318) to work on /home/navneetsajwan/airflow/etl/lib/python3.8/site-packages/airflow/example_dags/example_trigger_controller_dag.py
[2021-05-08 01:35:21,144] {scheduler_job.py:629} INFO - Processing file /home/navneetsajwan/airflow/etl/lib/python3.8/site-packages/airflow/example_dags/example_trigger_controller_dag.py for tasks to queue
[2021-05-08 01:35:21,146] {logging_mixin.py:104} INFO - [2021-05-08 01:35:21,146] {dagbag.py:451} INFO - Filling up the DagBag from /home/navneetsajwan/airflow/etl/lib/python3.8/site-packages/airflow/example_dags/example_trigger_controller_dag.py
[2021-05-08 01:35:21,157] {scheduler_job.py:639} INFO - DAG(s) dict_keys(['example_trigger_controller_dag']) retrieved from /home/navneetsajwan/airflow/etl/lib/python3.8/site-packages/airflow/example_dags/example_trigger_controller_dag.py
[2021-05-08 01:35:21,185] {logging_mixin.py:104} INFO - [2021-05-08 01:35:21,185] {dag.py:1824} INFO - Sync 1 DAGs
[2021-05-08 01:35:21,206] {logging_mixin.py:104} INFO - [2021-05-08 01:35:21,206] {dag.py:2280} INFO - Setting next_dagrun for example_trigger_controller_dag to 2021-05-05 00:00:00+00:00
[2021-05-08 01:35:21,310] {scheduler_job.py:190} INFO - Processing /home/navneetsajwan/airflow/etl/lib/python3.8/site-packages/airflow/example_dags/example_trigger_controller_dag.py took 0.174 seconds
[2021-05-08 01:36:12,209] {scheduler_job.py:182} INFO - Started process (PID=470057) to work on /home/navneetsajwan/airflow/etl/lib/python3.8/site-packages/airflow/example_dags/example_trigger_controller_dag.py
[2021-05-08 01:36:12,210] {scheduler_job.py:629} INFO - Processing file /home/navneetsajwan/airflow/etl/lib/python3.8/site-packages/airflow/example_dags/example_trigger_controller_dag.py for tasks to queue
[2021-05-08 01:36:12,211] {logging_mixin.py:104} INFO - [2021-05-08 01:36:12,211] {dagbag.py:451} INFO - Filling up the DagBag from /home/navneetsajwan/airflow/etl/lib/python3.8/site-packages/airflow/example_dags/example_trigger_controller_dag.py
[2021-05-08 01:36:12,218] {scheduler_job.py:639} INFO - DAG(s) dict_keys(['example_trigger_controller_dag']) retrieved from /home/navneetsajwan/airflow/etl/lib/python3.8/site-packages/airflow/example_dags/example_trigger_controller_dag.py
[2021-05-08 01:36:12,235] {logging_mixin.py:104} INFO - [2021-05-08 01:36:12,235] {dag.py:1824} INFO - Sync 1 DAGs
[2021-05-08 01:36:12,248] {logging_mixin.py:104} INFO - [2021-05-08 01:36:12,247] {dag.py:2280} INFO - Setting next_dagrun for example_trigger_controller_dag to 2021-05-05 00:00:00+00:00
[2021-05-08 01:36:12,364] {scheduler_job.py:190} INFO - Processing /home/navneetsajwan/airflow/etl/lib/python3.8/site-packages/airflow/example_dags/example_trigger_controller_dag.py took 0.158 seconds
[2021-05-08 01:36:49,399] {scheduler_job.py:182} INFO - Started process (PID=470910) to work on /home/navneetsajwan/airflow/etl/lib/python3.8/site-packages/airflow/example_dags/example_trigger_controller_dag.py
[2021-05-08 01:36:49,402] {scheduler_job.py:629} INFO - Processing file /home/navneetsajwan/airflow/etl/lib/python3.8/site-packages/airflow/example_dags/example_trigger_controller_dag.py for tasks to queue
[2021-05-08 01:36:49,403] {logging_mixin.py:104} INFO - [2021-05-08 01:36:49,403] {dagbag.py:451} INFO - Filling up the DagBag from /home/navneetsajwan/airflow/etl/lib/python3.8/site-packages/airflow/example_dags/example_trigger_controller_dag.py
[2021-05-08 01:36:49,414] {scheduler_job.py:639} INFO - DAG(s) dict_keys(['example_trigger_controller_dag']) retrieved from /home/navneetsajwan/airflow/etl/lib/python3.8/site-packages/airflow/example_dags/example_trigger_controller_dag.py
[2021-05-08 01:36:49,469] {logging_mixin.py:104} INFO - [2021-05-08 01:36:49,469] {dag.py:1824} INFO - Sync 1 DAGs
[2021-05-08 01:36:49,521] {logging_mixin.py:104} INFO - [2021-05-08 01:36:49,520] {dag.py:2280} INFO - Setting next_dagrun for example_trigger_controller_dag to 2021-05-05 00:00:00+00:00
[2021-05-08 01:36:49,641] {scheduler_job.py:190} INFO - Processing /home/navneetsajwan/airflow/etl/lib/python3.8/site-packages/airflow/example_dags/example_trigger_controller_dag.py took 0.249 seconds
[2021-05-08 01:37:29,119] {scheduler_job.py:182} INFO - Started process (PID=471511) to work on /home/navneetsajwan/airflow/etl/lib/python3.8/site-packages/airflow/example_dags/example_trigger_controller_dag.py
[2021-05-08 01:37:29,120] {scheduler_job.py:629} INFO - Processing file /home/navneetsajwan/airflow/etl/lib/python3.8/site-packages/airflow/example_dags/example_trigger_controller_dag.py for tasks to queue
[2021-05-08 01:37:29,121] {logging_mixin.py:104} INFO - [2021-05-08 01:37:29,121] {dagbag.py:451} INFO - Filling up the DagBag from /home/navneetsajwan/airflow/etl/lib/python3.8/site-packages/airflow/example_dags/example_trigger_controller_dag.py
[2021-05-08 01:37:29,128] {scheduler_job.py:639} INFO - DAG(s) dict_keys(['example_trigger_controller_dag']) retrieved from /home/navneetsajwan/airflow/etl/lib/python3.8/site-packages/airflow/example_dags/example_trigger_controller_dag.py
[2021-05-08 01:37:29,146] {logging_mixin.py:104} INFO - [2021-05-08 01:37:29,146] {dag.py:1824} INFO - Sync 1 DAGs
[2021-05-08 01:37:29,161] {logging_mixin.py:104} INFO - [2021-05-08 01:37:29,161] {dag.py:2280} INFO - Setting next_dagrun for example_trigger_controller_dag to 2021-05-05 00:00:00+00:00
[2021-05-08 01:37:29,292] {scheduler_job.py:190} INFO - Processing /home/navneetsajwan/airflow/etl/lib/python3.8/site-packages/airflow/example_dags/example_trigger_controller_dag.py took 0.176 seconds
[2021-05-08 01:38:15,607] {scheduler_job.py:182} INFO - Started process (PID=472152) to work on /home/navneetsajwan/airflow/etl/lib/python3.8/site-packages/airflow/example_dags/example_trigger_controller_dag.py
[2021-05-08 01:38:15,611] {scheduler_job.py:629} INFO - Processing file /home/navneetsajwan/airflow/etl/lib/python3.8/site-packages/airflow/example_dags/example_trigger_controller_dag.py for tasks to queue
[2021-05-08 01:38:15,612] {logging_mixin.py:104} INFO - [2021-05-08 01:38:15,612] {dagbag.py:451} INFO - Filling up the DagBag from /home/navneetsajwan/airflow/etl/lib/python3.8/site-packages/airflow/example_dags/example_trigger_controller_dag.py
[2021-05-08 01:38:15,625] {scheduler_job.py:639} INFO - DAG(s) dict_keys(['example_trigger_controller_dag']) retrieved from /home/navneetsajwan/airflow/etl/lib/python3.8/site-packages/airflow/example_dags/example_trigger_controller_dag.py
[2021-05-08 01:38:15,664] {logging_mixin.py:104} INFO - [2021-05-08 01:38:15,664] {dag.py:1824} INFO - Sync 1 DAGs
[2021-05-08 01:38:15,692] {logging_mixin.py:104} INFO - [2021-05-08 01:38:15,692] {dag.py:2280} INFO - Setting next_dagrun for example_trigger_controller_dag to 2021-05-05 00:00:00+00:00
[2021-05-08 01:38:15,850] {scheduler_job.py:190} INFO - Processing /home/navneetsajwan/airflow/etl/lib/python3.8/site-packages/airflow/example_dags/example_trigger_controller_dag.py took 0.250 seconds
