[2021-05-08 01:07:31,330] {scheduler_job.py:182} INFO - Started process (PID=440224) to work on /home/navneetsajwan/airflow/etl/lib/python3.8/site-packages/airflow/example_dags/example_branch_python_dop_operator_3.py
[2021-05-08 01:07:31,332] {scheduler_job.py:629} INFO - Processing file /home/navneetsajwan/airflow/etl/lib/python3.8/site-packages/airflow/example_dags/example_branch_python_dop_operator_3.py for tasks to queue
[2021-05-08 01:07:31,333] {logging_mixin.py:104} INFO - [2021-05-08 01:07:31,333] {dagbag.py:451} INFO - Filling up the DagBag from /home/navneetsajwan/airflow/etl/lib/python3.8/site-packages/airflow/example_dags/example_branch_python_dop_operator_3.py
[2021-05-08 01:07:31,359] {scheduler_job.py:639} INFO - DAG(s) dict_keys(['example_branch_dop_operator_v3']) retrieved from /home/navneetsajwan/airflow/etl/lib/python3.8/site-packages/airflow/example_dags/example_branch_python_dop_operator_3.py
[2021-05-08 01:07:31,389] {logging_mixin.py:104} INFO - [2021-05-08 01:07:31,389] {dag.py:1824} INFO - Sync 1 DAGs
[2021-05-08 01:07:31,453] {logging_mixin.py:104} INFO - [2021-05-08 01:07:31,453] {dag.py:2280} INFO - Setting next_dagrun for example_branch_dop_operator_v3 to 2021-05-05 00:00:00+00:00
[2021-05-08 01:07:31,596] {scheduler_job.py:190} INFO - Processing /home/navneetsajwan/airflow/etl/lib/python3.8/site-packages/airflow/example_dags/example_branch_python_dop_operator_3.py took 0.270 seconds
[2021-05-08 01:08:06,690] {scheduler_job.py:182} INFO - Started process (PID=440714) to work on /home/navneetsajwan/airflow/etl/lib/python3.8/site-packages/airflow/example_dags/example_branch_python_dop_operator_3.py
[2021-05-08 01:08:06,704] {scheduler_job.py:629} INFO - Processing file /home/navneetsajwan/airflow/etl/lib/python3.8/site-packages/airflow/example_dags/example_branch_python_dop_operator_3.py for tasks to queue
[2021-05-08 01:08:06,705] {logging_mixin.py:104} INFO - [2021-05-08 01:08:06,705] {dagbag.py:451} INFO - Filling up the DagBag from /home/navneetsajwan/airflow/etl/lib/python3.8/site-packages/airflow/example_dags/example_branch_python_dop_operator_3.py
[2021-05-08 01:08:06,820] {scheduler_job.py:639} INFO - DAG(s) dict_keys(['example_branch_dop_operator_v3']) retrieved from /home/navneetsajwan/airflow/etl/lib/python3.8/site-packages/airflow/example_dags/example_branch_python_dop_operator_3.py
[2021-05-08 01:08:06,871] {logging_mixin.py:104} INFO - [2021-05-08 01:08:06,871] {dag.py:1824} INFO - Sync 1 DAGs
[2021-05-08 01:08:07,053] {logging_mixin.py:104} INFO - [2021-05-08 01:08:07,051] {dag.py:2280} INFO - Setting next_dagrun for example_branch_dop_operator_v3 to 2021-05-05 00:00:00+00:00
[2021-05-08 01:08:07,367] {scheduler_job.py:190} INFO - Processing /home/navneetsajwan/airflow/etl/lib/python3.8/site-packages/airflow/example_dags/example_branch_python_dop_operator_3.py took 0.693 seconds
[2021-05-08 01:09:01,574] {scheduler_job.py:182} INFO - Started process (PID=441794) to work on /home/navneetsajwan/airflow/etl/lib/python3.8/site-packages/airflow/example_dags/example_branch_python_dop_operator_3.py
[2021-05-08 01:09:01,575] {scheduler_job.py:629} INFO - Processing file /home/navneetsajwan/airflow/etl/lib/python3.8/site-packages/airflow/example_dags/example_branch_python_dop_operator_3.py for tasks to queue
[2021-05-08 01:09:01,576] {logging_mixin.py:104} INFO - [2021-05-08 01:09:01,576] {dagbag.py:451} INFO - Filling up the DagBag from /home/navneetsajwan/airflow/etl/lib/python3.8/site-packages/airflow/example_dags/example_branch_python_dop_operator_3.py
[2021-05-08 01:09:01,594] {scheduler_job.py:639} INFO - DAG(s) dict_keys(['example_branch_dop_operator_v3']) retrieved from /home/navneetsajwan/airflow/etl/lib/python3.8/site-packages/airflow/example_dags/example_branch_python_dop_operator_3.py
[2021-05-08 01:09:01,611] {logging_mixin.py:104} INFO - [2021-05-08 01:09:01,611] {dag.py:1824} INFO - Sync 1 DAGs
[2021-05-08 01:09:01,656] {logging_mixin.py:104} INFO - [2021-05-08 01:09:01,656] {dag.py:2280} INFO - Setting next_dagrun for example_branch_dop_operator_v3 to 2021-05-05 00:00:00+00:00
[2021-05-08 01:09:01,831] {scheduler_job.py:190} INFO - Processing /home/navneetsajwan/airflow/etl/lib/python3.8/site-packages/airflow/example_dags/example_branch_python_dop_operator_3.py took 0.260 seconds
[2021-05-08 01:09:34,687] {scheduler_job.py:182} INFO - Started process (PID=442308) to work on /home/navneetsajwan/airflow/etl/lib/python3.8/site-packages/airflow/example_dags/example_branch_python_dop_operator_3.py
[2021-05-08 01:09:34,689] {scheduler_job.py:629} INFO - Processing file /home/navneetsajwan/airflow/etl/lib/python3.8/site-packages/airflow/example_dags/example_branch_python_dop_operator_3.py for tasks to queue
[2021-05-08 01:09:34,690] {logging_mixin.py:104} INFO - [2021-05-08 01:09:34,689] {dagbag.py:451} INFO - Filling up the DagBag from /home/navneetsajwan/airflow/etl/lib/python3.8/site-packages/airflow/example_dags/example_branch_python_dop_operator_3.py
[2021-05-08 01:09:34,707] {scheduler_job.py:639} INFO - DAG(s) dict_keys(['example_branch_dop_operator_v3']) retrieved from /home/navneetsajwan/airflow/etl/lib/python3.8/site-packages/airflow/example_dags/example_branch_python_dop_operator_3.py
[2021-05-08 01:09:34,724] {logging_mixin.py:104} INFO - [2021-05-08 01:09:34,724] {dag.py:1824} INFO - Sync 1 DAGs
[2021-05-08 01:09:34,765] {logging_mixin.py:104} INFO - [2021-05-08 01:09:34,765] {dag.py:2280} INFO - Setting next_dagrun for example_branch_dop_operator_v3 to 2021-05-05 00:00:00+00:00
[2021-05-08 01:09:34,866] {scheduler_job.py:190} INFO - Processing /home/navneetsajwan/airflow/etl/lib/python3.8/site-packages/airflow/example_dags/example_branch_python_dop_operator_3.py took 0.183 seconds
[2021-05-08 01:10:13,425] {scheduler_job.py:182} INFO - Started process (PID=442863) to work on /home/navneetsajwan/airflow/etl/lib/python3.8/site-packages/airflow/example_dags/example_branch_python_dop_operator_3.py
[2021-05-08 01:10:13,451] {scheduler_job.py:629} INFO - Processing file /home/navneetsajwan/airflow/etl/lib/python3.8/site-packages/airflow/example_dags/example_branch_python_dop_operator_3.py for tasks to queue
[2021-05-08 01:10:13,452] {logging_mixin.py:104} INFO - [2021-05-08 01:10:13,452] {dagbag.py:451} INFO - Filling up the DagBag from /home/navneetsajwan/airflow/etl/lib/python3.8/site-packages/airflow/example_dags/example_branch_python_dop_operator_3.py
[2021-05-08 01:10:13,702] {scheduler_job.py:639} INFO - DAG(s) dict_keys(['example_branch_dop_operator_v3']) retrieved from /home/navneetsajwan/airflow/etl/lib/python3.8/site-packages/airflow/example_dags/example_branch_python_dop_operator_3.py
[2021-05-08 01:10:13,829] {logging_mixin.py:104} INFO - [2021-05-08 01:10:13,828] {dag.py:1824} INFO - Sync 1 DAGs
[2021-05-08 01:10:13,965] {logging_mixin.py:104} INFO - [2021-05-08 01:10:13,965] {dag.py:2280} INFO - Setting next_dagrun for example_branch_dop_operator_v3 to 2021-05-05 00:00:00+00:00
[2021-05-08 01:10:14,115] {scheduler_job.py:190} INFO - Processing /home/navneetsajwan/airflow/etl/lib/python3.8/site-packages/airflow/example_dags/example_branch_python_dop_operator_3.py took 0.704 seconds
[2021-05-08 01:10:57,016] {scheduler_job.py:182} INFO - Started process (PID=443786) to work on /home/navneetsajwan/airflow/etl/lib/python3.8/site-packages/airflow/example_dags/example_branch_python_dop_operator_3.py
[2021-05-08 01:10:57,019] {scheduler_job.py:629} INFO - Processing file /home/navneetsajwan/airflow/etl/lib/python3.8/site-packages/airflow/example_dags/example_branch_python_dop_operator_3.py for tasks to queue
[2021-05-08 01:10:57,021] {logging_mixin.py:104} INFO - [2021-05-08 01:10:57,021] {dagbag.py:451} INFO - Filling up the DagBag from /home/navneetsajwan/airflow/etl/lib/python3.8/site-packages/airflow/example_dags/example_branch_python_dop_operator_3.py
[2021-05-08 01:10:57,072] {scheduler_job.py:639} INFO - DAG(s) dict_keys(['example_branch_dop_operator_v3']) retrieved from /home/navneetsajwan/airflow/etl/lib/python3.8/site-packages/airflow/example_dags/example_branch_python_dop_operator_3.py
[2021-05-08 01:10:57,118] {logging_mixin.py:104} INFO - [2021-05-08 01:10:57,118] {dag.py:1824} INFO - Sync 1 DAGs
[2021-05-08 01:10:57,352] {logging_mixin.py:104} INFO - [2021-05-08 01:10:57,351] {dag.py:2280} INFO - Setting next_dagrun for example_branch_dop_operator_v3 to 2021-05-05 00:00:00+00:00
[2021-05-08 01:10:57,484] {scheduler_job.py:190} INFO - Processing /home/navneetsajwan/airflow/etl/lib/python3.8/site-packages/airflow/example_dags/example_branch_python_dop_operator_3.py took 0.482 seconds
[2021-05-08 01:11:30,054] {scheduler_job.py:182} INFO - Started process (PID=444262) to work on /home/navneetsajwan/airflow/etl/lib/python3.8/site-packages/airflow/example_dags/example_branch_python_dop_operator_3.py
[2021-05-08 01:11:30,056] {scheduler_job.py:629} INFO - Processing file /home/navneetsajwan/airflow/etl/lib/python3.8/site-packages/airflow/example_dags/example_branch_python_dop_operator_3.py for tasks to queue
[2021-05-08 01:11:30,059] {logging_mixin.py:104} INFO - [2021-05-08 01:11:30,059] {dagbag.py:451} INFO - Filling up the DagBag from /home/navneetsajwan/airflow/etl/lib/python3.8/site-packages/airflow/example_dags/example_branch_python_dop_operator_3.py
[2021-05-08 01:11:30,126] {scheduler_job.py:639} INFO - DAG(s) dict_keys(['example_branch_dop_operator_v3']) retrieved from /home/navneetsajwan/airflow/etl/lib/python3.8/site-packages/airflow/example_dags/example_branch_python_dop_operator_3.py
[2021-05-08 01:11:30,182] {logging_mixin.py:104} INFO - [2021-05-08 01:11:30,178] {dag.py:1824} INFO - Sync 1 DAGs
[2021-05-08 01:11:30,339] {logging_mixin.py:104} INFO - [2021-05-08 01:11:30,339] {dag.py:2280} INFO - Setting next_dagrun for example_branch_dop_operator_v3 to 2021-05-05 00:00:00+00:00
[2021-05-08 01:11:30,530] {scheduler_job.py:190} INFO - Processing /home/navneetsajwan/airflow/etl/lib/python3.8/site-packages/airflow/example_dags/example_branch_python_dop_operator_3.py took 0.492 seconds
[2021-05-08 01:15:08,054] {scheduler_job.py:182} INFO - Started process (PID=447825) to work on /home/navneetsajwan/airflow/etl/lib/python3.8/site-packages/airflow/example_dags/example_branch_python_dop_operator_3.py
[2021-05-08 01:15:08,055] {scheduler_job.py:629} INFO - Processing file /home/navneetsajwan/airflow/etl/lib/python3.8/site-packages/airflow/example_dags/example_branch_python_dop_operator_3.py for tasks to queue
[2021-05-08 01:15:08,055] {logging_mixin.py:104} INFO - [2021-05-08 01:15:08,055] {dagbag.py:451} INFO - Filling up the DagBag from /home/navneetsajwan/airflow/etl/lib/python3.8/site-packages/airflow/example_dags/example_branch_python_dop_operator_3.py
[2021-05-08 01:15:08,066] {scheduler_job.py:639} INFO - DAG(s) dict_keys(['example_branch_dop_operator_v3']) retrieved from /home/navneetsajwan/airflow/etl/lib/python3.8/site-packages/airflow/example_dags/example_branch_python_dop_operator_3.py
[2021-05-08 01:15:08,084] {logging_mixin.py:104} INFO - [2021-05-08 01:15:08,084] {dag.py:1824} INFO - Sync 1 DAGs
[2021-05-08 01:15:08,115] {logging_mixin.py:104} INFO - [2021-05-08 01:15:08,115] {dag.py:2280} INFO - Setting next_dagrun for example_branch_dop_operator_v3 to 2021-05-05 00:00:00+00:00
[2021-05-08 01:15:08,270] {scheduler_job.py:190} INFO - Processing /home/navneetsajwan/airflow/etl/lib/python3.8/site-packages/airflow/example_dags/example_branch_python_dop_operator_3.py took 0.220 seconds
[2021-05-08 01:15:40,553] {scheduler_job.py:182} INFO - Started process (PID=448384) to work on /home/navneetsajwan/airflow/etl/lib/python3.8/site-packages/airflow/example_dags/example_branch_python_dop_operator_3.py
[2021-05-08 01:15:40,554] {scheduler_job.py:629} INFO - Processing file /home/navneetsajwan/airflow/etl/lib/python3.8/site-packages/airflow/example_dags/example_branch_python_dop_operator_3.py for tasks to queue
[2021-05-08 01:15:40,554] {logging_mixin.py:104} INFO - [2021-05-08 01:15:40,554] {dagbag.py:451} INFO - Filling up the DagBag from /home/navneetsajwan/airflow/etl/lib/python3.8/site-packages/airflow/example_dags/example_branch_python_dop_operator_3.py
[2021-05-08 01:15:40,568] {scheduler_job.py:639} INFO - DAG(s) dict_keys(['example_branch_dop_operator_v3']) retrieved from /home/navneetsajwan/airflow/etl/lib/python3.8/site-packages/airflow/example_dags/example_branch_python_dop_operator_3.py
[2021-05-08 01:15:40,586] {logging_mixin.py:104} INFO - [2021-05-08 01:15:40,586] {dag.py:1824} INFO - Sync 1 DAGs
[2021-05-08 01:15:40,627] {logging_mixin.py:104} INFO - [2021-05-08 01:15:40,626] {dag.py:2280} INFO - Setting next_dagrun for example_branch_dop_operator_v3 to 2021-05-05 00:00:00+00:00
[2021-05-08 01:15:41,293] {scheduler_job.py:190} INFO - Processing /home/navneetsajwan/airflow/etl/lib/python3.8/site-packages/airflow/example_dags/example_branch_python_dop_operator_3.py took 0.744 seconds
[2021-05-08 01:16:12,741] {scheduler_job.py:182} INFO - Started process (PID=449080) to work on /home/navneetsajwan/airflow/etl/lib/python3.8/site-packages/airflow/example_dags/example_branch_python_dop_operator_3.py
[2021-05-08 01:16:12,742] {scheduler_job.py:629} INFO - Processing file /home/navneetsajwan/airflow/etl/lib/python3.8/site-packages/airflow/example_dags/example_branch_python_dop_operator_3.py for tasks to queue
[2021-05-08 01:16:12,743] {logging_mixin.py:104} INFO - [2021-05-08 01:16:12,743] {dagbag.py:451} INFO - Filling up the DagBag from /home/navneetsajwan/airflow/etl/lib/python3.8/site-packages/airflow/example_dags/example_branch_python_dop_operator_3.py
[2021-05-08 01:16:12,756] {scheduler_job.py:639} INFO - DAG(s) dict_keys(['example_branch_dop_operator_v3']) retrieved from /home/navneetsajwan/airflow/etl/lib/python3.8/site-packages/airflow/example_dags/example_branch_python_dop_operator_3.py
[2021-05-08 01:16:12,773] {logging_mixin.py:104} INFO - [2021-05-08 01:16:12,773] {dag.py:1824} INFO - Sync 1 DAGs
[2021-05-08 01:16:12,816] {logging_mixin.py:104} INFO - [2021-05-08 01:16:12,816] {dag.py:2280} INFO - Setting next_dagrun for example_branch_dop_operator_v3 to 2021-05-05 00:00:00+00:00
[2021-05-08 01:16:12,927] {scheduler_job.py:190} INFO - Processing /home/navneetsajwan/airflow/etl/lib/python3.8/site-packages/airflow/example_dags/example_branch_python_dop_operator_3.py took 0.189 seconds
[2021-05-08 01:16:45,193] {scheduler_job.py:182} INFO - Started process (PID=449549) to work on /home/navneetsajwan/airflow/etl/lib/python3.8/site-packages/airflow/example_dags/example_branch_python_dop_operator_3.py
[2021-05-08 01:16:45,195] {scheduler_job.py:629} INFO - Processing file /home/navneetsajwan/airflow/etl/lib/python3.8/site-packages/airflow/example_dags/example_branch_python_dop_operator_3.py for tasks to queue
[2021-05-08 01:16:45,196] {logging_mixin.py:104} INFO - [2021-05-08 01:16:45,196] {dagbag.py:451} INFO - Filling up the DagBag from /home/navneetsajwan/airflow/etl/lib/python3.8/site-packages/airflow/example_dags/example_branch_python_dop_operator_3.py
[2021-05-08 01:16:45,242] {scheduler_job.py:639} INFO - DAG(s) dict_keys(['example_branch_dop_operator_v3']) retrieved from /home/navneetsajwan/airflow/etl/lib/python3.8/site-packages/airflow/example_dags/example_branch_python_dop_operator_3.py
[2021-05-08 01:16:45,319] {logging_mixin.py:104} INFO - [2021-05-08 01:16:45,318] {dag.py:1824} INFO - Sync 1 DAGs
[2021-05-08 01:16:45,411] {logging_mixin.py:104} INFO - [2021-05-08 01:16:45,410] {dag.py:2280} INFO - Setting next_dagrun for example_branch_dop_operator_v3 to 2021-05-05 00:00:00+00:00
[2021-05-08 01:16:45,602] {scheduler_job.py:190} INFO - Processing /home/navneetsajwan/airflow/etl/lib/python3.8/site-packages/airflow/example_dags/example_branch_python_dop_operator_3.py took 0.414 seconds
[2021-05-08 01:17:28,468] {scheduler_job.py:182} INFO - Started process (PID=450391) to work on /home/navneetsajwan/airflow/etl/lib/python3.8/site-packages/airflow/example_dags/example_branch_python_dop_operator_3.py
[2021-05-08 01:17:28,483] {scheduler_job.py:629} INFO - Processing file /home/navneetsajwan/airflow/etl/lib/python3.8/site-packages/airflow/example_dags/example_branch_python_dop_operator_3.py for tasks to queue
[2021-05-08 01:17:28,488] {logging_mixin.py:104} INFO - [2021-05-08 01:17:28,488] {dagbag.py:451} INFO - Filling up the DagBag from /home/navneetsajwan/airflow/etl/lib/python3.8/site-packages/airflow/example_dags/example_branch_python_dop_operator_3.py
[2021-05-08 01:17:28,585] {scheduler_job.py:639} INFO - DAG(s) dict_keys(['example_branch_dop_operator_v3']) retrieved from /home/navneetsajwan/airflow/etl/lib/python3.8/site-packages/airflow/example_dags/example_branch_python_dop_operator_3.py
[2021-05-08 01:17:28,696] {logging_mixin.py:104} INFO - [2021-05-08 01:17:28,696] {dag.py:1824} INFO - Sync 1 DAGs
[2021-05-08 01:17:28,919] {logging_mixin.py:104} INFO - [2021-05-08 01:17:28,919] {dag.py:2280} INFO - Setting next_dagrun for example_branch_dop_operator_v3 to 2021-05-05 00:00:00+00:00
[2021-05-08 01:17:29,252] {scheduler_job.py:190} INFO - Processing /home/navneetsajwan/airflow/etl/lib/python3.8/site-packages/airflow/example_dags/example_branch_python_dop_operator_3.py took 0.821 seconds
[2021-05-08 01:18:07,523] {scheduler_job.py:182} INFO - Started process (PID=451122) to work on /home/navneetsajwan/airflow/etl/lib/python3.8/site-packages/airflow/example_dags/example_branch_python_dop_operator_3.py
[2021-05-08 01:18:07,525] {scheduler_job.py:629} INFO - Processing file /home/navneetsajwan/airflow/etl/lib/python3.8/site-packages/airflow/example_dags/example_branch_python_dop_operator_3.py for tasks to queue
[2021-05-08 01:18:07,525] {logging_mixin.py:104} INFO - [2021-05-08 01:18:07,525] {dagbag.py:451} INFO - Filling up the DagBag from /home/navneetsajwan/airflow/etl/lib/python3.8/site-packages/airflow/example_dags/example_branch_python_dop_operator_3.py
[2021-05-08 01:18:07,538] {scheduler_job.py:639} INFO - DAG(s) dict_keys(['example_branch_dop_operator_v3']) retrieved from /home/navneetsajwan/airflow/etl/lib/python3.8/site-packages/airflow/example_dags/example_branch_python_dop_operator_3.py
[2021-05-08 01:18:07,557] {logging_mixin.py:104} INFO - [2021-05-08 01:18:07,557] {dag.py:1824} INFO - Sync 1 DAGs
[2021-05-08 01:18:07,598] {logging_mixin.py:104} INFO - [2021-05-08 01:18:07,598] {dag.py:2280} INFO - Setting next_dagrun for example_branch_dop_operator_v3 to 2021-05-05 00:00:00+00:00
[2021-05-08 01:18:07,735] {scheduler_job.py:190} INFO - Processing /home/navneetsajwan/airflow/etl/lib/python3.8/site-packages/airflow/example_dags/example_branch_python_dop_operator_3.py took 0.217 seconds
[2021-05-08 01:18:50,264] {scheduler_job.py:182} INFO - Started process (PID=451744) to work on /home/navneetsajwan/airflow/etl/lib/python3.8/site-packages/airflow/example_dags/example_branch_python_dop_operator_3.py
[2021-05-08 01:18:50,265] {scheduler_job.py:629} INFO - Processing file /home/navneetsajwan/airflow/etl/lib/python3.8/site-packages/airflow/example_dags/example_branch_python_dop_operator_3.py for tasks to queue
[2021-05-08 01:18:50,266] {logging_mixin.py:104} INFO - [2021-05-08 01:18:50,266] {dagbag.py:451} INFO - Filling up the DagBag from /home/navneetsajwan/airflow/etl/lib/python3.8/site-packages/airflow/example_dags/example_branch_python_dop_operator_3.py
[2021-05-08 01:18:50,278] {scheduler_job.py:639} INFO - DAG(s) dict_keys(['example_branch_dop_operator_v3']) retrieved from /home/navneetsajwan/airflow/etl/lib/python3.8/site-packages/airflow/example_dags/example_branch_python_dop_operator_3.py
[2021-05-08 01:18:50,296] {logging_mixin.py:104} INFO - [2021-05-08 01:18:50,296] {dag.py:1824} INFO - Sync 1 DAGs
[2021-05-08 01:18:50,349] {logging_mixin.py:104} INFO - [2021-05-08 01:18:50,349] {dag.py:2280} INFO - Setting next_dagrun for example_branch_dop_operator_v3 to 2021-05-05 00:00:00+00:00
[2021-05-08 01:18:50,457] {scheduler_job.py:190} INFO - Processing /home/navneetsajwan/airflow/etl/lib/python3.8/site-packages/airflow/example_dags/example_branch_python_dop_operator_3.py took 0.197 seconds
[2021-05-08 01:19:26,550] {scheduler_job.py:182} INFO - Started process (PID=452603) to work on /home/navneetsajwan/airflow/etl/lib/python3.8/site-packages/airflow/example_dags/example_branch_python_dop_operator_3.py
[2021-05-08 01:19:26,553] {scheduler_job.py:629} INFO - Processing file /home/navneetsajwan/airflow/etl/lib/python3.8/site-packages/airflow/example_dags/example_branch_python_dop_operator_3.py for tasks to queue
[2021-05-08 01:19:26,554] {logging_mixin.py:104} INFO - [2021-05-08 01:19:26,554] {dagbag.py:451} INFO - Filling up the DagBag from /home/navneetsajwan/airflow/etl/lib/python3.8/site-packages/airflow/example_dags/example_branch_python_dop_operator_3.py
[2021-05-08 01:19:26,569] {scheduler_job.py:639} INFO - DAG(s) dict_keys(['example_branch_dop_operator_v3']) retrieved from /home/navneetsajwan/airflow/etl/lib/python3.8/site-packages/airflow/example_dags/example_branch_python_dop_operator_3.py
[2021-05-08 01:19:26,585] {logging_mixin.py:104} INFO - [2021-05-08 01:19:26,585] {dag.py:1824} INFO - Sync 1 DAGs
[2021-05-08 01:19:26,620] {logging_mixin.py:104} INFO - [2021-05-08 01:19:26,620] {dag.py:2280} INFO - Setting next_dagrun for example_branch_dop_operator_v3 to 2021-05-05 00:00:00+00:00
[2021-05-08 01:19:26,752] {scheduler_job.py:190} INFO - Processing /home/navneetsajwan/airflow/etl/lib/python3.8/site-packages/airflow/example_dags/example_branch_python_dop_operator_3.py took 0.207 seconds
[2021-05-08 01:20:03,087] {scheduler_job.py:182} INFO - Started process (PID=453079) to work on /home/navneetsajwan/airflow/etl/lib/python3.8/site-packages/airflow/example_dags/example_branch_python_dop_operator_3.py
[2021-05-08 01:20:03,089] {scheduler_job.py:629} INFO - Processing file /home/navneetsajwan/airflow/etl/lib/python3.8/site-packages/airflow/example_dags/example_branch_python_dop_operator_3.py for tasks to queue
[2021-05-08 01:20:03,089] {logging_mixin.py:104} INFO - [2021-05-08 01:20:03,089] {dagbag.py:451} INFO - Filling up the DagBag from /home/navneetsajwan/airflow/etl/lib/python3.8/site-packages/airflow/example_dags/example_branch_python_dop_operator_3.py
[2021-05-08 01:20:03,106] {scheduler_job.py:639} INFO - DAG(s) dict_keys(['example_branch_dop_operator_v3']) retrieved from /home/navneetsajwan/airflow/etl/lib/python3.8/site-packages/airflow/example_dags/example_branch_python_dop_operator_3.py
[2021-05-08 01:20:03,132] {logging_mixin.py:104} INFO - [2021-05-08 01:20:03,132] {dag.py:1824} INFO - Sync 1 DAGs
[2021-05-08 01:20:03,265] {logging_mixin.py:104} INFO - [2021-05-08 01:20:03,265] {dag.py:2280} INFO - Setting next_dagrun for example_branch_dop_operator_v3 to 2021-05-05 00:00:00+00:00
[2021-05-08 01:20:03,505] {scheduler_job.py:190} INFO - Processing /home/navneetsajwan/airflow/etl/lib/python3.8/site-packages/airflow/example_dags/example_branch_python_dop_operator_3.py took 0.435 seconds
[2021-05-08 01:20:54,820] {scheduler_job.py:182} INFO - Started process (PID=454160) to work on /home/navneetsajwan/airflow/etl/lib/python3.8/site-packages/airflow/example_dags/example_branch_python_dop_operator_3.py
[2021-05-08 01:20:54,821] {scheduler_job.py:629} INFO - Processing file /home/navneetsajwan/airflow/etl/lib/python3.8/site-packages/airflow/example_dags/example_branch_python_dop_operator_3.py for tasks to queue
[2021-05-08 01:20:54,821] {logging_mixin.py:104} INFO - [2021-05-08 01:20:54,821] {dagbag.py:451} INFO - Filling up the DagBag from /home/navneetsajwan/airflow/etl/lib/python3.8/site-packages/airflow/example_dags/example_branch_python_dop_operator_3.py
[2021-05-08 01:20:54,833] {scheduler_job.py:639} INFO - DAG(s) dict_keys(['example_branch_dop_operator_v3']) retrieved from /home/navneetsajwan/airflow/etl/lib/python3.8/site-packages/airflow/example_dags/example_branch_python_dop_operator_3.py
[2021-05-08 01:20:54,852] {logging_mixin.py:104} INFO - [2021-05-08 01:20:54,852] {dag.py:1824} INFO - Sync 1 DAGs
[2021-05-08 01:20:54,883] {logging_mixin.py:104} INFO - [2021-05-08 01:20:54,883] {dag.py:2280} INFO - Setting next_dagrun for example_branch_dop_operator_v3 to 2021-05-05 00:00:00+00:00
[2021-05-08 01:20:55,012] {scheduler_job.py:190} INFO - Processing /home/navneetsajwan/airflow/etl/lib/python3.8/site-packages/airflow/example_dags/example_branch_python_dop_operator_3.py took 0.196 seconds
[2021-05-08 01:21:29,153] {scheduler_job.py:182} INFO - Started process (PID=454641) to work on /home/navneetsajwan/airflow/etl/lib/python3.8/site-packages/airflow/example_dags/example_branch_python_dop_operator_3.py
[2021-05-08 01:21:29,155] {scheduler_job.py:629} INFO - Processing file /home/navneetsajwan/airflow/etl/lib/python3.8/site-packages/airflow/example_dags/example_branch_python_dop_operator_3.py for tasks to queue
[2021-05-08 01:21:29,156] {logging_mixin.py:104} INFO - [2021-05-08 01:21:29,156] {dagbag.py:451} INFO - Filling up the DagBag from /home/navneetsajwan/airflow/etl/lib/python3.8/site-packages/airflow/example_dags/example_branch_python_dop_operator_3.py
[2021-05-08 01:21:29,169] {scheduler_job.py:639} INFO - DAG(s) dict_keys(['example_branch_dop_operator_v3']) retrieved from /home/navneetsajwan/airflow/etl/lib/python3.8/site-packages/airflow/example_dags/example_branch_python_dop_operator_3.py
[2021-05-08 01:21:29,191] {logging_mixin.py:104} INFO - [2021-05-08 01:21:29,190] {dag.py:1824} INFO - Sync 1 DAGs
[2021-05-08 01:21:29,232] {logging_mixin.py:104} INFO - [2021-05-08 01:21:29,232] {dag.py:2280} INFO - Setting next_dagrun for example_branch_dop_operator_v3 to 2021-05-05 00:00:00+00:00
[2021-05-08 01:21:29,337] {scheduler_job.py:190} INFO - Processing /home/navneetsajwan/airflow/etl/lib/python3.8/site-packages/airflow/example_dags/example_branch_python_dop_operator_3.py took 0.187 seconds
[2021-05-08 01:22:01,977] {scheduler_job.py:182} INFO - Started process (PID=455092) to work on /home/navneetsajwan/airflow/etl/lib/python3.8/site-packages/airflow/example_dags/example_branch_python_dop_operator_3.py
[2021-05-08 01:22:01,979] {scheduler_job.py:629} INFO - Processing file /home/navneetsajwan/airflow/etl/lib/python3.8/site-packages/airflow/example_dags/example_branch_python_dop_operator_3.py for tasks to queue
[2021-05-08 01:22:01,980] {logging_mixin.py:104} INFO - [2021-05-08 01:22:01,980] {dagbag.py:451} INFO - Filling up the DagBag from /home/navneetsajwan/airflow/etl/lib/python3.8/site-packages/airflow/example_dags/example_branch_python_dop_operator_3.py
[2021-05-08 01:22:02,021] {scheduler_job.py:639} INFO - DAG(s) dict_keys(['example_branch_dop_operator_v3']) retrieved from /home/navneetsajwan/airflow/etl/lib/python3.8/site-packages/airflow/example_dags/example_branch_python_dop_operator_3.py
[2021-05-08 01:22:02,099] {logging_mixin.py:104} INFO - [2021-05-08 01:22:02,098] {dag.py:1824} INFO - Sync 1 DAGs
[2021-05-08 01:22:02,259] {logging_mixin.py:104} INFO - [2021-05-08 01:22:02,259] {dag.py:2280} INFO - Setting next_dagrun for example_branch_dop_operator_v3 to 2021-05-05 00:00:00+00:00
[2021-05-08 01:22:02,384] {scheduler_job.py:190} INFO - Processing /home/navneetsajwan/airflow/etl/lib/python3.8/site-packages/airflow/example_dags/example_branch_python_dop_operator_3.py took 0.414 seconds
[2021-05-08 01:22:51,698] {scheduler_job.py:182} INFO - Started process (PID=456087) to work on /home/navneetsajwan/airflow/etl/lib/python3.8/site-packages/airflow/example_dags/example_branch_python_dop_operator_3.py
[2021-05-08 01:22:51,699] {scheduler_job.py:629} INFO - Processing file /home/navneetsajwan/airflow/etl/lib/python3.8/site-packages/airflow/example_dags/example_branch_python_dop_operator_3.py for tasks to queue
[2021-05-08 01:22:51,700] {logging_mixin.py:104} INFO - [2021-05-08 01:22:51,700] {dagbag.py:451} INFO - Filling up the DagBag from /home/navneetsajwan/airflow/etl/lib/python3.8/site-packages/airflow/example_dags/example_branch_python_dop_operator_3.py
[2021-05-08 01:22:51,714] {scheduler_job.py:639} INFO - DAG(s) dict_keys(['example_branch_dop_operator_v3']) retrieved from /home/navneetsajwan/airflow/etl/lib/python3.8/site-packages/airflow/example_dags/example_branch_python_dop_operator_3.py
[2021-05-08 01:22:51,731] {logging_mixin.py:104} INFO - [2021-05-08 01:22:51,731] {dag.py:1824} INFO - Sync 1 DAGs
[2021-05-08 01:22:51,774] {logging_mixin.py:104} INFO - [2021-05-08 01:22:51,774] {dag.py:2280} INFO - Setting next_dagrun for example_branch_dop_operator_v3 to 2021-05-05 00:00:00+00:00
[2021-05-08 01:22:51,920] {scheduler_job.py:190} INFO - Processing /home/navneetsajwan/airflow/etl/lib/python3.8/site-packages/airflow/example_dags/example_branch_python_dop_operator_3.py took 0.225 seconds
[2021-05-08 01:23:25,096] {scheduler_job.py:182} INFO - Started process (PID=456563) to work on /home/navneetsajwan/airflow/etl/lib/python3.8/site-packages/airflow/example_dags/example_branch_python_dop_operator_3.py
[2021-05-08 01:23:25,097] {scheduler_job.py:629} INFO - Processing file /home/navneetsajwan/airflow/etl/lib/python3.8/site-packages/airflow/example_dags/example_branch_python_dop_operator_3.py for tasks to queue
[2021-05-08 01:23:25,098] {logging_mixin.py:104} INFO - [2021-05-08 01:23:25,098] {dagbag.py:451} INFO - Filling up the DagBag from /home/navneetsajwan/airflow/etl/lib/python3.8/site-packages/airflow/example_dags/example_branch_python_dop_operator_3.py
[2021-05-08 01:23:25,129] {scheduler_job.py:639} INFO - DAG(s) dict_keys(['example_branch_dop_operator_v3']) retrieved from /home/navneetsajwan/airflow/etl/lib/python3.8/site-packages/airflow/example_dags/example_branch_python_dop_operator_3.py
[2021-05-08 01:23:25,148] {logging_mixin.py:104} INFO - [2021-05-08 01:23:25,148] {dag.py:1824} INFO - Sync 1 DAGs
[2021-05-08 01:23:25,189] {logging_mixin.py:104} INFO - [2021-05-08 01:23:25,189] {dag.py:2280} INFO - Setting next_dagrun for example_branch_dop_operator_v3 to 2021-05-05 00:00:00+00:00
[2021-05-08 01:23:25,342] {scheduler_job.py:190} INFO - Processing /home/navneetsajwan/airflow/etl/lib/python3.8/site-packages/airflow/example_dags/example_branch_python_dop_operator_3.py took 0.250 seconds
[2021-05-08 01:24:08,513] {scheduler_job.py:182} INFO - Started process (PID=457503) to work on /home/navneetsajwan/airflow/etl/lib/python3.8/site-packages/airflow/example_dags/example_branch_python_dop_operator_3.py
[2021-05-08 01:24:08,520] {scheduler_job.py:629} INFO - Processing file /home/navneetsajwan/airflow/etl/lib/python3.8/site-packages/airflow/example_dags/example_branch_python_dop_operator_3.py for tasks to queue
[2021-05-08 01:24:08,521] {logging_mixin.py:104} INFO - [2021-05-08 01:24:08,521] {dagbag.py:451} INFO - Filling up the DagBag from /home/navneetsajwan/airflow/etl/lib/python3.8/site-packages/airflow/example_dags/example_branch_python_dop_operator_3.py
[2021-05-08 01:24:08,562] {scheduler_job.py:639} INFO - DAG(s) dict_keys(['example_branch_dop_operator_v3']) retrieved from /home/navneetsajwan/airflow/etl/lib/python3.8/site-packages/airflow/example_dags/example_branch_python_dop_operator_3.py
[2021-05-08 01:24:08,608] {logging_mixin.py:104} INFO - [2021-05-08 01:24:08,608] {dag.py:1824} INFO - Sync 1 DAGs
[2021-05-08 01:24:08,840] {logging_mixin.py:104} INFO - [2021-05-08 01:24:08,840] {dag.py:2280} INFO - Setting next_dagrun for example_branch_dop_operator_v3 to 2021-05-05 00:00:00+00:00
[2021-05-08 01:24:08,972] {scheduler_job.py:190} INFO - Processing /home/navneetsajwan/airflow/etl/lib/python3.8/site-packages/airflow/example_dags/example_branch_python_dop_operator_3.py took 0.467 seconds
[2021-05-08 01:25:02,385] {scheduler_job.py:182} INFO - Started process (PID=458376) to work on /home/navneetsajwan/airflow/etl/lib/python3.8/site-packages/airflow/example_dags/example_branch_python_dop_operator_3.py
[2021-05-08 01:25:02,386] {scheduler_job.py:629} INFO - Processing file /home/navneetsajwan/airflow/etl/lib/python3.8/site-packages/airflow/example_dags/example_branch_python_dop_operator_3.py for tasks to queue
[2021-05-08 01:25:02,387] {logging_mixin.py:104} INFO - [2021-05-08 01:25:02,387] {dagbag.py:451} INFO - Filling up the DagBag from /home/navneetsajwan/airflow/etl/lib/python3.8/site-packages/airflow/example_dags/example_branch_python_dop_operator_3.py
[2021-05-08 01:25:02,412] {scheduler_job.py:639} INFO - DAG(s) dict_keys(['example_branch_dop_operator_v3']) retrieved from /home/navneetsajwan/airflow/etl/lib/python3.8/site-packages/airflow/example_dags/example_branch_python_dop_operator_3.py
[2021-05-08 01:25:02,449] {logging_mixin.py:104} INFO - [2021-05-08 01:25:02,449] {dag.py:1824} INFO - Sync 1 DAGs
[2021-05-08 01:25:02,538] {logging_mixin.py:104} INFO - [2021-05-08 01:25:02,537] {dag.py:2280} INFO - Setting next_dagrun for example_branch_dop_operator_v3 to 2021-05-05 00:00:00+00:00
[2021-05-08 01:25:02,645] {scheduler_job.py:190} INFO - Processing /home/navneetsajwan/airflow/etl/lib/python3.8/site-packages/airflow/example_dags/example_branch_python_dop_operator_3.py took 0.267 seconds
[2021-05-08 01:26:33,314] {scheduler_job.py:182} INFO - Started process (PID=459969) to work on /home/navneetsajwan/airflow/etl/lib/python3.8/site-packages/airflow/example_dags/example_branch_python_dop_operator_3.py
[2021-05-08 01:26:33,321] {scheduler_job.py:629} INFO - Processing file /home/navneetsajwan/airflow/etl/lib/python3.8/site-packages/airflow/example_dags/example_branch_python_dop_operator_3.py for tasks to queue
[2021-05-08 01:26:33,322] {logging_mixin.py:104} INFO - [2021-05-08 01:26:33,322] {dagbag.py:451} INFO - Filling up the DagBag from /home/navneetsajwan/airflow/etl/lib/python3.8/site-packages/airflow/example_dags/example_branch_python_dop_operator_3.py
[2021-05-08 01:26:33,340] {scheduler_job.py:639} INFO - DAG(s) dict_keys(['example_branch_dop_operator_v3']) retrieved from /home/navneetsajwan/airflow/etl/lib/python3.8/site-packages/airflow/example_dags/example_branch_python_dop_operator_3.py
[2021-05-08 01:26:33,362] {logging_mixin.py:104} INFO - [2021-05-08 01:26:33,362] {dag.py:1824} INFO - Sync 1 DAGs
[2021-05-08 01:26:33,449] {logging_mixin.py:104} INFO - [2021-05-08 01:26:33,449] {dag.py:2280} INFO - Setting next_dagrun for example_branch_dop_operator_v3 to 2021-05-05 00:00:00+00:00
[2021-05-08 01:26:33,672] {scheduler_job.py:190} INFO - Processing /home/navneetsajwan/airflow/etl/lib/python3.8/site-packages/airflow/example_dags/example_branch_python_dop_operator_3.py took 0.362 seconds
[2021-05-08 01:27:39,032] {scheduler_job.py:182} INFO - Started process (PID=461084) to work on /home/navneetsajwan/airflow/etl/lib/python3.8/site-packages/airflow/example_dags/example_branch_python_dop_operator_3.py
[2021-05-08 01:27:39,038] {scheduler_job.py:629} INFO - Processing file /home/navneetsajwan/airflow/etl/lib/python3.8/site-packages/airflow/example_dags/example_branch_python_dop_operator_3.py for tasks to queue
[2021-05-08 01:27:39,041] {logging_mixin.py:104} INFO - [2021-05-08 01:27:39,041] {dagbag.py:451} INFO - Filling up the DagBag from /home/navneetsajwan/airflow/etl/lib/python3.8/site-packages/airflow/example_dags/example_branch_python_dop_operator_3.py
[2021-05-08 01:27:39,073] {scheduler_job.py:639} INFO - DAG(s) dict_keys(['example_branch_dop_operator_v3']) retrieved from /home/navneetsajwan/airflow/etl/lib/python3.8/site-packages/airflow/example_dags/example_branch_python_dop_operator_3.py
[2021-05-08 01:27:39,154] {logging_mixin.py:104} INFO - [2021-05-08 01:27:39,153] {dag.py:1824} INFO - Sync 1 DAGs
[2021-05-08 01:27:39,229] {logging_mixin.py:104} INFO - [2021-05-08 01:27:39,229] {dag.py:2280} INFO - Setting next_dagrun for example_branch_dop_operator_v3 to 2021-05-05 00:00:00+00:00
[2021-05-08 01:27:40,530] {scheduler_job.py:190} INFO - Processing /home/navneetsajwan/airflow/etl/lib/python3.8/site-packages/airflow/example_dags/example_branch_python_dop_operator_3.py took 1.509 seconds
[2021-05-08 01:28:30,702] {scheduler_job.py:182} INFO - Started process (PID=462103) to work on /home/navneetsajwan/airflow/etl/lib/python3.8/site-packages/airflow/example_dags/example_branch_python_dop_operator_3.py
[2021-05-08 01:28:30,709] {scheduler_job.py:629} INFO - Processing file /home/navneetsajwan/airflow/etl/lib/python3.8/site-packages/airflow/example_dags/example_branch_python_dop_operator_3.py for tasks to queue
[2021-05-08 01:28:30,710] {logging_mixin.py:104} INFO - [2021-05-08 01:28:30,709] {dagbag.py:451} INFO - Filling up the DagBag from /home/navneetsajwan/airflow/etl/lib/python3.8/site-packages/airflow/example_dags/example_branch_python_dop_operator_3.py
[2021-05-08 01:28:30,783] {scheduler_job.py:639} INFO - DAG(s) dict_keys(['example_branch_dop_operator_v3']) retrieved from /home/navneetsajwan/airflow/etl/lib/python3.8/site-packages/airflow/example_dags/example_branch_python_dop_operator_3.py
[2021-05-08 01:28:30,872] {logging_mixin.py:104} INFO - [2021-05-08 01:28:30,872] {dag.py:1824} INFO - Sync 1 DAGs
[2021-05-08 01:28:31,029] {logging_mixin.py:104} INFO - [2021-05-08 01:28:31,029] {dag.py:2280} INFO - Setting next_dagrun for example_branch_dop_operator_v3 to 2021-05-05 00:00:00+00:00
[2021-05-08 01:28:31,132] {scheduler_job.py:190} INFO - Processing /home/navneetsajwan/airflow/etl/lib/python3.8/site-packages/airflow/example_dags/example_branch_python_dop_operator_3.py took 0.441 seconds
[2021-05-08 01:29:40,994] {scheduler_job.py:182} INFO - Started process (PID=463382) to work on /home/navneetsajwan/airflow/etl/lib/python3.8/site-packages/airflow/example_dags/example_branch_python_dop_operator_3.py
[2021-05-08 01:29:41,012] {scheduler_job.py:629} INFO - Processing file /home/navneetsajwan/airflow/etl/lib/python3.8/site-packages/airflow/example_dags/example_branch_python_dop_operator_3.py for tasks to queue
[2021-05-08 01:29:41,013] {logging_mixin.py:104} INFO - [2021-05-08 01:29:41,012] {dagbag.py:451} INFO - Filling up the DagBag from /home/navneetsajwan/airflow/etl/lib/python3.8/site-packages/airflow/example_dags/example_branch_python_dop_operator_3.py
[2021-05-08 01:29:41,060] {scheduler_job.py:639} INFO - DAG(s) dict_keys(['example_branch_dop_operator_v3']) retrieved from /home/navneetsajwan/airflow/etl/lib/python3.8/site-packages/airflow/example_dags/example_branch_python_dop_operator_3.py
[2021-05-08 01:29:41,106] {logging_mixin.py:104} INFO - [2021-05-08 01:29:41,105] {dag.py:1824} INFO - Sync 1 DAGs
[2021-05-08 01:29:41,235] {logging_mixin.py:104} INFO - [2021-05-08 01:29:41,235] {dag.py:2280} INFO - Setting next_dagrun for example_branch_dop_operator_v3 to 2021-05-05 00:00:00+00:00
[2021-05-08 01:29:41,479] {scheduler_job.py:190} INFO - Processing /home/navneetsajwan/airflow/etl/lib/python3.8/site-packages/airflow/example_dags/example_branch_python_dop_operator_3.py took 0.500 seconds
[2021-05-08 01:30:43,245] {scheduler_job.py:182} INFO - Started process (PID=464306) to work on /home/navneetsajwan/airflow/etl/lib/python3.8/site-packages/airflow/example_dags/example_branch_python_dop_operator_3.py
[2021-05-08 01:30:43,248] {scheduler_job.py:629} INFO - Processing file /home/navneetsajwan/airflow/etl/lib/python3.8/site-packages/airflow/example_dags/example_branch_python_dop_operator_3.py for tasks to queue
[2021-05-08 01:30:43,250] {logging_mixin.py:104} INFO - [2021-05-08 01:30:43,250] {dagbag.py:451} INFO - Filling up the DagBag from /home/navneetsajwan/airflow/etl/lib/python3.8/site-packages/airflow/example_dags/example_branch_python_dop_operator_3.py
[2021-05-08 01:30:43,275] {scheduler_job.py:639} INFO - DAG(s) dict_keys(['example_branch_dop_operator_v3']) retrieved from /home/navneetsajwan/airflow/etl/lib/python3.8/site-packages/airflow/example_dags/example_branch_python_dop_operator_3.py
[2021-05-08 01:30:43,307] {logging_mixin.py:104} INFO - [2021-05-08 01:30:43,306] {dag.py:1824} INFO - Sync 1 DAGs
[2021-05-08 01:30:43,437] {logging_mixin.py:104} INFO - [2021-05-08 01:30:43,437] {dag.py:2280} INFO - Setting next_dagrun for example_branch_dop_operator_v3 to 2021-05-05 00:00:00+00:00
[2021-05-08 01:30:43,535] {scheduler_job.py:190} INFO - Processing /home/navneetsajwan/airflow/etl/lib/python3.8/site-packages/airflow/example_dags/example_branch_python_dop_operator_3.py took 0.295 seconds
[2021-05-08 01:31:43,529] {scheduler_job.py:182} INFO - Started process (PID=465548) to work on /home/navneetsajwan/airflow/etl/lib/python3.8/site-packages/airflow/example_dags/example_branch_python_dop_operator_3.py
[2021-05-08 01:31:43,534] {scheduler_job.py:629} INFO - Processing file /home/navneetsajwan/airflow/etl/lib/python3.8/site-packages/airflow/example_dags/example_branch_python_dop_operator_3.py for tasks to queue
[2021-05-08 01:31:43,535] {logging_mixin.py:104} INFO - [2021-05-08 01:31:43,535] {dagbag.py:451} INFO - Filling up the DagBag from /home/navneetsajwan/airflow/etl/lib/python3.8/site-packages/airflow/example_dags/example_branch_python_dop_operator_3.py
[2021-05-08 01:31:43,547] {scheduler_job.py:639} INFO - DAG(s) dict_keys(['example_branch_dop_operator_v3']) retrieved from /home/navneetsajwan/airflow/etl/lib/python3.8/site-packages/airflow/example_dags/example_branch_python_dop_operator_3.py
[2021-05-08 01:31:43,568] {logging_mixin.py:104} INFO - [2021-05-08 01:31:43,568] {dag.py:1824} INFO - Sync 1 DAGs
[2021-05-08 01:31:43,607] {logging_mixin.py:104} INFO - [2021-05-08 01:31:43,607] {dag.py:2280} INFO - Setting next_dagrun for example_branch_dop_operator_v3 to 2021-05-05 00:00:00+00:00
[2021-05-08 01:31:43,741] {scheduler_job.py:190} INFO - Processing /home/navneetsajwan/airflow/etl/lib/python3.8/site-packages/airflow/example_dags/example_branch_python_dop_operator_3.py took 0.216 seconds
[2021-05-08 01:32:43,695] {scheduler_job.py:182} INFO - Started process (PID=466443) to work on /home/navneetsajwan/airflow/etl/lib/python3.8/site-packages/airflow/example_dags/example_branch_python_dop_operator_3.py
[2021-05-08 01:32:43,696] {scheduler_job.py:629} INFO - Processing file /home/navneetsajwan/airflow/etl/lib/python3.8/site-packages/airflow/example_dags/example_branch_python_dop_operator_3.py for tasks to queue
[2021-05-08 01:32:43,697] {logging_mixin.py:104} INFO - [2021-05-08 01:32:43,697] {dagbag.py:451} INFO - Filling up the DagBag from /home/navneetsajwan/airflow/etl/lib/python3.8/site-packages/airflow/example_dags/example_branch_python_dop_operator_3.py
[2021-05-08 01:32:43,709] {scheduler_job.py:639} INFO - DAG(s) dict_keys(['example_branch_dop_operator_v3']) retrieved from /home/navneetsajwan/airflow/etl/lib/python3.8/site-packages/airflow/example_dags/example_branch_python_dop_operator_3.py
[2021-05-08 01:32:43,727] {logging_mixin.py:104} INFO - [2021-05-08 01:32:43,726] {dag.py:1824} INFO - Sync 1 DAGs
[2021-05-08 01:32:43,766] {logging_mixin.py:104} INFO - [2021-05-08 01:32:43,766] {dag.py:2280} INFO - Setting next_dagrun for example_branch_dop_operator_v3 to 2021-05-05 00:00:00+00:00
[2021-05-08 01:32:43,887] {scheduler_job.py:190} INFO - Processing /home/navneetsajwan/airflow/etl/lib/python3.8/site-packages/airflow/example_dags/example_branch_python_dop_operator_3.py took 0.198 seconds
[2021-05-08 01:33:46,848] {scheduler_job.py:182} INFO - Started process (PID=467618) to work on /home/navneetsajwan/airflow/etl/lib/python3.8/site-packages/airflow/example_dags/example_branch_python_dop_operator_3.py
[2021-05-08 01:33:46,850] {scheduler_job.py:629} INFO - Processing file /home/navneetsajwan/airflow/etl/lib/python3.8/site-packages/airflow/example_dags/example_branch_python_dop_operator_3.py for tasks to queue
[2021-05-08 01:33:46,850] {logging_mixin.py:104} INFO - [2021-05-08 01:33:46,850] {dagbag.py:451} INFO - Filling up the DagBag from /home/navneetsajwan/airflow/etl/lib/python3.8/site-packages/airflow/example_dags/example_branch_python_dop_operator_3.py
[2021-05-08 01:33:46,862] {scheduler_job.py:639} INFO - DAG(s) dict_keys(['example_branch_dop_operator_v3']) retrieved from /home/navneetsajwan/airflow/etl/lib/python3.8/site-packages/airflow/example_dags/example_branch_python_dop_operator_3.py
[2021-05-08 01:33:46,877] {logging_mixin.py:104} INFO - [2021-05-08 01:33:46,877] {dag.py:1824} INFO - Sync 1 DAGs
[2021-05-08 01:33:46,909] {logging_mixin.py:104} INFO - [2021-05-08 01:33:46,909] {dag.py:2280} INFO - Setting next_dagrun for example_branch_dop_operator_v3 to 2021-05-05 00:00:00+00:00
[2021-05-08 01:33:47,013] {scheduler_job.py:190} INFO - Processing /home/navneetsajwan/airflow/etl/lib/python3.8/site-packages/airflow/example_dags/example_branch_python_dop_operator_3.py took 0.169 seconds
[2021-05-08 01:34:32,301] {scheduler_job.py:182} INFO - Started process (PID=468286) to work on /home/navneetsajwan/airflow/etl/lib/python3.8/site-packages/airflow/example_dags/example_branch_python_dop_operator_3.py
[2021-05-08 01:34:32,303] {scheduler_job.py:629} INFO - Processing file /home/navneetsajwan/airflow/etl/lib/python3.8/site-packages/airflow/example_dags/example_branch_python_dop_operator_3.py for tasks to queue
[2021-05-08 01:34:32,304] {logging_mixin.py:104} INFO - [2021-05-08 01:34:32,303] {dagbag.py:451} INFO - Filling up the DagBag from /home/navneetsajwan/airflow/etl/lib/python3.8/site-packages/airflow/example_dags/example_branch_python_dop_operator_3.py
[2021-05-08 01:34:32,320] {scheduler_job.py:639} INFO - DAG(s) dict_keys(['example_branch_dop_operator_v3']) retrieved from /home/navneetsajwan/airflow/etl/lib/python3.8/site-packages/airflow/example_dags/example_branch_python_dop_operator_3.py
[2021-05-08 01:34:32,357] {logging_mixin.py:104} INFO - [2021-05-08 01:34:32,357] {dag.py:1824} INFO - Sync 1 DAGs
[2021-05-08 01:34:32,422] {logging_mixin.py:104} INFO - [2021-05-08 01:34:32,422] {dag.py:2280} INFO - Setting next_dagrun for example_branch_dop_operator_v3 to 2021-05-05 00:00:00+00:00
[2021-05-08 01:34:32,562] {scheduler_job.py:190} INFO - Processing /home/navneetsajwan/airflow/etl/lib/python3.8/site-packages/airflow/example_dags/example_branch_python_dop_operator_3.py took 0.265 seconds
[2021-05-08 01:35:30,686] {scheduler_job.py:182} INFO - Started process (PID=469454) to work on /home/navneetsajwan/airflow/etl/lib/python3.8/site-packages/airflow/example_dags/example_branch_python_dop_operator_3.py
[2021-05-08 01:35:30,687] {scheduler_job.py:629} INFO - Processing file /home/navneetsajwan/airflow/etl/lib/python3.8/site-packages/airflow/example_dags/example_branch_python_dop_operator_3.py for tasks to queue
[2021-05-08 01:35:30,688] {logging_mixin.py:104} INFO - [2021-05-08 01:35:30,688] {dagbag.py:451} INFO - Filling up the DagBag from /home/navneetsajwan/airflow/etl/lib/python3.8/site-packages/airflow/example_dags/example_branch_python_dop_operator_3.py
[2021-05-08 01:35:30,744] {scheduler_job.py:639} INFO - DAG(s) dict_keys(['example_branch_dop_operator_v3']) retrieved from /home/navneetsajwan/airflow/etl/lib/python3.8/site-packages/airflow/example_dags/example_branch_python_dop_operator_3.py
[2021-05-08 01:35:30,784] {logging_mixin.py:104} INFO - [2021-05-08 01:35:30,784] {dag.py:1824} INFO - Sync 1 DAGs
[2021-05-08 01:35:30,852] {logging_mixin.py:104} INFO - [2021-05-08 01:35:30,852] {dag.py:2280} INFO - Setting next_dagrun for example_branch_dop_operator_v3 to 2021-05-05 00:00:00+00:00
[2021-05-08 01:35:30,974] {scheduler_job.py:190} INFO - Processing /home/navneetsajwan/airflow/etl/lib/python3.8/site-packages/airflow/example_dags/example_branch_python_dop_operator_3.py took 0.298 seconds
[2021-05-08 01:36:20,431] {scheduler_job.py:182} INFO - Started process (PID=470192) to work on /home/navneetsajwan/airflow/etl/lib/python3.8/site-packages/airflow/example_dags/example_branch_python_dop_operator_3.py
[2021-05-08 01:36:20,433] {scheduler_job.py:629} INFO - Processing file /home/navneetsajwan/airflow/etl/lib/python3.8/site-packages/airflow/example_dags/example_branch_python_dop_operator_3.py for tasks to queue
[2021-05-08 01:36:20,434] {logging_mixin.py:104} INFO - [2021-05-08 01:36:20,433] {dagbag.py:451} INFO - Filling up the DagBag from /home/navneetsajwan/airflow/etl/lib/python3.8/site-packages/airflow/example_dags/example_branch_python_dop_operator_3.py
[2021-05-08 01:36:20,577] {scheduler_job.py:639} INFO - DAG(s) dict_keys(['example_branch_dop_operator_v3']) retrieved from /home/navneetsajwan/airflow/etl/lib/python3.8/site-packages/airflow/example_dags/example_branch_python_dop_operator_3.py
[2021-05-08 01:36:20,716] {logging_mixin.py:104} INFO - [2021-05-08 01:36:20,716] {dag.py:1824} INFO - Sync 1 DAGs
[2021-05-08 01:36:20,894] {logging_mixin.py:104} INFO - [2021-05-08 01:36:20,893] {dag.py:2280} INFO - Setting next_dagrun for example_branch_dop_operator_v3 to 2021-05-05 00:00:00+00:00
[2021-05-08 01:36:21,000] {scheduler_job.py:190} INFO - Processing /home/navneetsajwan/airflow/etl/lib/python3.8/site-packages/airflow/example_dags/example_branch_python_dop_operator_3.py took 0.583 seconds
[2021-05-08 01:37:22,582] {scheduler_job.py:182} INFO - Started process (PID=471396) to work on /home/navneetsajwan/airflow/etl/lib/python3.8/site-packages/airflow/example_dags/example_branch_python_dop_operator_3.py
[2021-05-08 01:37:22,585] {scheduler_job.py:629} INFO - Processing file /home/navneetsajwan/airflow/etl/lib/python3.8/site-packages/airflow/example_dags/example_branch_python_dop_operator_3.py for tasks to queue
[2021-05-08 01:37:22,586] {logging_mixin.py:104} INFO - [2021-05-08 01:37:22,586] {dagbag.py:451} INFO - Filling up the DagBag from /home/navneetsajwan/airflow/etl/lib/python3.8/site-packages/airflow/example_dags/example_branch_python_dop_operator_3.py
[2021-05-08 01:37:22,608] {scheduler_job.py:639} INFO - DAG(s) dict_keys(['example_branch_dop_operator_v3']) retrieved from /home/navneetsajwan/airflow/etl/lib/python3.8/site-packages/airflow/example_dags/example_branch_python_dop_operator_3.py
[2021-05-08 01:37:22,634] {logging_mixin.py:104} INFO - [2021-05-08 01:37:22,634] {dag.py:1824} INFO - Sync 1 DAGs
[2021-05-08 01:37:22,716] {logging_mixin.py:104} INFO - [2021-05-08 01:37:22,715] {dag.py:2280} INFO - Setting next_dagrun for example_branch_dop_operator_v3 to 2021-05-05 00:00:00+00:00
[2021-05-08 01:37:22,852] {scheduler_job.py:190} INFO - Processing /home/navneetsajwan/airflow/etl/lib/python3.8/site-packages/airflow/example_dags/example_branch_python_dop_operator_3.py took 0.281 seconds
[2021-05-08 01:38:08,068] {scheduler_job.py:182} INFO - Started process (PID=472052) to work on /home/navneetsajwan/airflow/etl/lib/python3.8/site-packages/airflow/example_dags/example_branch_python_dop_operator_3.py
[2021-05-08 01:38:08,072] {scheduler_job.py:629} INFO - Processing file /home/navneetsajwan/airflow/etl/lib/python3.8/site-packages/airflow/example_dags/example_branch_python_dop_operator_3.py for tasks to queue
[2021-05-08 01:38:08,073] {logging_mixin.py:104} INFO - [2021-05-08 01:38:08,073] {dagbag.py:451} INFO - Filling up the DagBag from /home/navneetsajwan/airflow/etl/lib/python3.8/site-packages/airflow/example_dags/example_branch_python_dop_operator_3.py
[2021-05-08 01:38:08,125] {scheduler_job.py:639} INFO - DAG(s) dict_keys(['example_branch_dop_operator_v3']) retrieved from /home/navneetsajwan/airflow/etl/lib/python3.8/site-packages/airflow/example_dags/example_branch_python_dop_operator_3.py
[2021-05-08 01:38:08,159] {logging_mixin.py:104} INFO - [2021-05-08 01:38:08,159] {dag.py:1824} INFO - Sync 1 DAGs
[2021-05-08 01:38:08,265] {logging_mixin.py:104} INFO - [2021-05-08 01:38:08,265] {dag.py:2280} INFO - Setting next_dagrun for example_branch_dop_operator_v3 to 2021-05-05 00:00:00+00:00
[2021-05-08 01:38:08,429] {scheduler_job.py:190} INFO - Processing /home/navneetsajwan/airflow/etl/lib/python3.8/site-packages/airflow/example_dags/example_branch_python_dop_operator_3.py took 0.366 seconds
