[2021-05-08 01:07:17,370] {scheduler_job.py:182} INFO - Started process (PID=440055) to work on /home/navneetsajwan/airflow/etl/lib/python3.8/site-packages/airflow/example_dags/example_kubernetes_executor_config.py
[2021-05-08 01:07:17,373] {scheduler_job.py:629} INFO - Processing file /home/navneetsajwan/airflow/etl/lib/python3.8/site-packages/airflow/example_dags/example_kubernetes_executor_config.py for tasks to queue
[2021-05-08 01:07:17,375] {logging_mixin.py:104} INFO - [2021-05-08 01:07:17,374] {dagbag.py:451} INFO - Filling up the DagBag from /home/navneetsajwan/airflow/etl/lib/python3.8/site-packages/airflow/example_dags/example_kubernetes_executor_config.py
[2021-05-08 01:07:17,392] {logging_mixin.py:104} INFO - [2021-05-08 01:07:17,392] {example_kubernetes_executor_config.py:175} WARNING - Could not import DAGs in example_kubernetes_executor_config.py: No module named 'kubernetes'
[2021-05-08 01:07:17,393] {logging_mixin.py:104} INFO - [2021-05-08 01:07:17,393] {example_kubernetes_executor_config.py:176} WARNING - Install kubernetes dependencies with: pip install apache-airflow['cncf.kubernetes']
[2021-05-08 01:07:17,404] {scheduler_job.py:641} WARNING - No viable dags retrieved from /home/navneetsajwan/airflow/etl/lib/python3.8/site-packages/airflow/example_dags/example_kubernetes_executor_config.py
[2021-05-08 01:07:17,417] {scheduler_job.py:190} INFO - Processing /home/navneetsajwan/airflow/etl/lib/python3.8/site-packages/airflow/example_dags/example_kubernetes_executor_config.py took 0.054 seconds
[2021-05-08 01:07:53,766] {scheduler_job.py:182} INFO - Started process (PID=440530) to work on /home/navneetsajwan/airflow/etl/lib/python3.8/site-packages/airflow/example_dags/example_kubernetes_executor_config.py
[2021-05-08 01:07:53,769] {scheduler_job.py:629} INFO - Processing file /home/navneetsajwan/airflow/etl/lib/python3.8/site-packages/airflow/example_dags/example_kubernetes_executor_config.py for tasks to queue
[2021-05-08 01:07:53,770] {logging_mixin.py:104} INFO - [2021-05-08 01:07:53,770] {dagbag.py:451} INFO - Filling up the DagBag from /home/navneetsajwan/airflow/etl/lib/python3.8/site-packages/airflow/example_dags/example_kubernetes_executor_config.py
[2021-05-08 01:07:53,781] {logging_mixin.py:104} INFO - [2021-05-08 01:07:53,781] {example_kubernetes_executor_config.py:175} WARNING - Could not import DAGs in example_kubernetes_executor_config.py: No module named 'kubernetes'
[2021-05-08 01:07:53,782] {logging_mixin.py:104} INFO - [2021-05-08 01:07:53,782] {example_kubernetes_executor_config.py:176} WARNING - Install kubernetes dependencies with: pip install apache-airflow['cncf.kubernetes']
[2021-05-08 01:07:53,782] {scheduler_job.py:641} WARNING - No viable dags retrieved from /home/navneetsajwan/airflow/etl/lib/python3.8/site-packages/airflow/example_dags/example_kubernetes_executor_config.py
[2021-05-08 01:07:53,791] {scheduler_job.py:190} INFO - Processing /home/navneetsajwan/airflow/etl/lib/python3.8/site-packages/airflow/example_dags/example_kubernetes_executor_config.py took 0.030 seconds
[2021-05-08 01:08:32,009] {scheduler_job.py:182} INFO - Started process (PID=441053) to work on /home/navneetsajwan/airflow/etl/lib/python3.8/site-packages/airflow/example_dags/example_kubernetes_executor_config.py
[2021-05-08 01:08:32,011] {scheduler_job.py:629} INFO - Processing file /home/navneetsajwan/airflow/etl/lib/python3.8/site-packages/airflow/example_dags/example_kubernetes_executor_config.py for tasks to queue
[2021-05-08 01:08:32,016] {logging_mixin.py:104} INFO - [2021-05-08 01:08:32,015] {dagbag.py:451} INFO - Filling up the DagBag from /home/navneetsajwan/airflow/etl/lib/python3.8/site-packages/airflow/example_dags/example_kubernetes_executor_config.py
[2021-05-08 01:08:32,046] {logging_mixin.py:104} INFO - [2021-05-08 01:08:32,045] {example_kubernetes_executor_config.py:175} WARNING - Could not import DAGs in example_kubernetes_executor_config.py: No module named 'kubernetes'
[2021-05-08 01:08:32,046] {logging_mixin.py:104} INFO - [2021-05-08 01:08:32,046] {example_kubernetes_executor_config.py:176} WARNING - Install kubernetes dependencies with: pip install apache-airflow['cncf.kubernetes']
[2021-05-08 01:08:32,059] {scheduler_job.py:641} WARNING - No viable dags retrieved from /home/navneetsajwan/airflow/etl/lib/python3.8/site-packages/airflow/example_dags/example_kubernetes_executor_config.py
[2021-05-08 01:08:32,138] {scheduler_job.py:190} INFO - Processing /home/navneetsajwan/airflow/etl/lib/python3.8/site-packages/airflow/example_dags/example_kubernetes_executor_config.py took 0.163 seconds
[2021-05-08 01:09:05,558] {scheduler_job.py:182} INFO - Started process (PID=441862) to work on /home/navneetsajwan/airflow/etl/lib/python3.8/site-packages/airflow/example_dags/example_kubernetes_executor_config.py
[2021-05-08 01:09:05,559] {scheduler_job.py:629} INFO - Processing file /home/navneetsajwan/airflow/etl/lib/python3.8/site-packages/airflow/example_dags/example_kubernetes_executor_config.py for tasks to queue
[2021-05-08 01:09:05,560] {logging_mixin.py:104} INFO - [2021-05-08 01:09:05,560] {dagbag.py:451} INFO - Filling up the DagBag from /home/navneetsajwan/airflow/etl/lib/python3.8/site-packages/airflow/example_dags/example_kubernetes_executor_config.py
[2021-05-08 01:09:05,568] {logging_mixin.py:104} INFO - [2021-05-08 01:09:05,568] {example_kubernetes_executor_config.py:175} WARNING - Could not import DAGs in example_kubernetes_executor_config.py: No module named 'kubernetes'
[2021-05-08 01:09:05,569] {logging_mixin.py:104} INFO - [2021-05-08 01:09:05,569] {example_kubernetes_executor_config.py:176} WARNING - Install kubernetes dependencies with: pip install apache-airflow['cncf.kubernetes']
[2021-05-08 01:09:05,569] {scheduler_job.py:641} WARNING - No viable dags retrieved from /home/navneetsajwan/airflow/etl/lib/python3.8/site-packages/airflow/example_dags/example_kubernetes_executor_config.py
[2021-05-08 01:09:05,576] {scheduler_job.py:190} INFO - Processing /home/navneetsajwan/airflow/etl/lib/python3.8/site-packages/airflow/example_dags/example_kubernetes_executor_config.py took 0.021 seconds
[2021-05-08 01:09:40,187] {scheduler_job.py:182} INFO - Started process (PID=442373) to work on /home/navneetsajwan/airflow/etl/lib/python3.8/site-packages/airflow/example_dags/example_kubernetes_executor_config.py
[2021-05-08 01:09:40,188] {scheduler_job.py:629} INFO - Processing file /home/navneetsajwan/airflow/etl/lib/python3.8/site-packages/airflow/example_dags/example_kubernetes_executor_config.py for tasks to queue
[2021-05-08 01:09:40,189] {logging_mixin.py:104} INFO - [2021-05-08 01:09:40,189] {dagbag.py:451} INFO - Filling up the DagBag from /home/navneetsajwan/airflow/etl/lib/python3.8/site-packages/airflow/example_dags/example_kubernetes_executor_config.py
[2021-05-08 01:09:40,196] {logging_mixin.py:104} INFO - [2021-05-08 01:09:40,196] {example_kubernetes_executor_config.py:175} WARNING - Could not import DAGs in example_kubernetes_executor_config.py: No module named 'kubernetes'
[2021-05-08 01:09:40,196] {logging_mixin.py:104} INFO - [2021-05-08 01:09:40,196] {example_kubernetes_executor_config.py:176} WARNING - Install kubernetes dependencies with: pip install apache-airflow['cncf.kubernetes']
[2021-05-08 01:09:40,196] {scheduler_job.py:641} WARNING - No viable dags retrieved from /home/navneetsajwan/airflow/etl/lib/python3.8/site-packages/airflow/example_dags/example_kubernetes_executor_config.py
[2021-05-08 01:09:40,205] {scheduler_job.py:190} INFO - Processing /home/navneetsajwan/airflow/etl/lib/python3.8/site-packages/airflow/example_dags/example_kubernetes_executor_config.py took 0.023 seconds
[2021-05-08 01:10:11,930] {scheduler_job.py:182} INFO - Started process (PID=442837) to work on /home/navneetsajwan/airflow/etl/lib/python3.8/site-packages/airflow/example_dags/example_kubernetes_executor_config.py
[2021-05-08 01:10:11,932] {scheduler_job.py:629} INFO - Processing file /home/navneetsajwan/airflow/etl/lib/python3.8/site-packages/airflow/example_dags/example_kubernetes_executor_config.py for tasks to queue
[2021-05-08 01:10:11,933] {logging_mixin.py:104} INFO - [2021-05-08 01:10:11,933] {dagbag.py:451} INFO - Filling up the DagBag from /home/navneetsajwan/airflow/etl/lib/python3.8/site-packages/airflow/example_dags/example_kubernetes_executor_config.py
[2021-05-08 01:10:11,989] {logging_mixin.py:104} INFO - [2021-05-08 01:10:11,989] {example_kubernetes_executor_config.py:175} WARNING - Could not import DAGs in example_kubernetes_executor_config.py: No module named 'kubernetes'
[2021-05-08 01:10:11,989] {logging_mixin.py:104} INFO - [2021-05-08 01:10:11,989] {example_kubernetes_executor_config.py:176} WARNING - Install kubernetes dependencies with: pip install apache-airflow['cncf.kubernetes']
[2021-05-08 01:10:11,990] {scheduler_job.py:641} WARNING - No viable dags retrieved from /home/navneetsajwan/airflow/etl/lib/python3.8/site-packages/airflow/example_dags/example_kubernetes_executor_config.py
[2021-05-08 01:10:12,042] {scheduler_job.py:190} INFO - Processing /home/navneetsajwan/airflow/etl/lib/python3.8/site-packages/airflow/example_dags/example_kubernetes_executor_config.py took 0.122 seconds
[2021-05-08 01:10:45,928] {scheduler_job.py:182} INFO - Started process (PID=443627) to work on /home/navneetsajwan/airflow/etl/lib/python3.8/site-packages/airflow/example_dags/example_kubernetes_executor_config.py
[2021-05-08 01:10:45,929] {scheduler_job.py:629} INFO - Processing file /home/navneetsajwan/airflow/etl/lib/python3.8/site-packages/airflow/example_dags/example_kubernetes_executor_config.py for tasks to queue
[2021-05-08 01:10:45,930] {logging_mixin.py:104} INFO - [2021-05-08 01:10:45,930] {dagbag.py:451} INFO - Filling up the DagBag from /home/navneetsajwan/airflow/etl/lib/python3.8/site-packages/airflow/example_dags/example_kubernetes_executor_config.py
[2021-05-08 01:10:45,940] {logging_mixin.py:104} INFO - [2021-05-08 01:10:45,940] {example_kubernetes_executor_config.py:175} WARNING - Could not import DAGs in example_kubernetes_executor_config.py: No module named 'kubernetes'
[2021-05-08 01:10:45,941] {logging_mixin.py:104} INFO - [2021-05-08 01:10:45,941] {example_kubernetes_executor_config.py:176} WARNING - Install kubernetes dependencies with: pip install apache-airflow['cncf.kubernetes']
[2021-05-08 01:10:45,941] {scheduler_job.py:641} WARNING - No viable dags retrieved from /home/navneetsajwan/airflow/etl/lib/python3.8/site-packages/airflow/example_dags/example_kubernetes_executor_config.py
[2021-05-08 01:10:45,951] {scheduler_job.py:190} INFO - Processing /home/navneetsajwan/airflow/etl/lib/python3.8/site-packages/airflow/example_dags/example_kubernetes_executor_config.py took 0.028 seconds
[2021-05-08 01:11:19,369] {scheduler_job.py:182} INFO - Started process (PID=444109) to work on /home/navneetsajwan/airflow/etl/lib/python3.8/site-packages/airflow/example_dags/example_kubernetes_executor_config.py
[2021-05-08 01:11:19,371] {scheduler_job.py:629} INFO - Processing file /home/navneetsajwan/airflow/etl/lib/python3.8/site-packages/airflow/example_dags/example_kubernetes_executor_config.py for tasks to queue
[2021-05-08 01:11:19,372] {logging_mixin.py:104} INFO - [2021-05-08 01:11:19,372] {dagbag.py:451} INFO - Filling up the DagBag from /home/navneetsajwan/airflow/etl/lib/python3.8/site-packages/airflow/example_dags/example_kubernetes_executor_config.py
[2021-05-08 01:11:19,383] {logging_mixin.py:104} INFO - [2021-05-08 01:11:19,382] {example_kubernetes_executor_config.py:175} WARNING - Could not import DAGs in example_kubernetes_executor_config.py: No module named 'kubernetes'
[2021-05-08 01:11:19,383] {logging_mixin.py:104} INFO - [2021-05-08 01:11:19,383] {example_kubernetes_executor_config.py:176} WARNING - Install kubernetes dependencies with: pip install apache-airflow['cncf.kubernetes']
[2021-05-08 01:11:19,383] {scheduler_job.py:641} WARNING - No viable dags retrieved from /home/navneetsajwan/airflow/etl/lib/python3.8/site-packages/airflow/example_dags/example_kubernetes_executor_config.py
[2021-05-08 01:11:19,392] {scheduler_job.py:190} INFO - Processing /home/navneetsajwan/airflow/etl/lib/python3.8/site-packages/airflow/example_dags/example_kubernetes_executor_config.py took 0.027 seconds
[2021-05-08 01:14:54,567] {scheduler_job.py:182} INFO - Started process (PID=447639) to work on /home/navneetsajwan/airflow/etl/lib/python3.8/site-packages/airflow/example_dags/example_kubernetes_executor_config.py
[2021-05-08 01:14:54,569] {scheduler_job.py:629} INFO - Processing file /home/navneetsajwan/airflow/etl/lib/python3.8/site-packages/airflow/example_dags/example_kubernetes_executor_config.py for tasks to queue
[2021-05-08 01:14:54,570] {logging_mixin.py:104} INFO - [2021-05-08 01:14:54,569] {dagbag.py:451} INFO - Filling up the DagBag from /home/navneetsajwan/airflow/etl/lib/python3.8/site-packages/airflow/example_dags/example_kubernetes_executor_config.py
[2021-05-08 01:14:54,577] {logging_mixin.py:104} INFO - [2021-05-08 01:14:54,577] {example_kubernetes_executor_config.py:175} WARNING - Could not import DAGs in example_kubernetes_executor_config.py: No module named 'kubernetes'
[2021-05-08 01:14:54,577] {logging_mixin.py:104} INFO - [2021-05-08 01:14:54,577] {example_kubernetes_executor_config.py:176} WARNING - Install kubernetes dependencies with: pip install apache-airflow['cncf.kubernetes']
[2021-05-08 01:14:54,578] {scheduler_job.py:641} WARNING - No viable dags retrieved from /home/navneetsajwan/airflow/etl/lib/python3.8/site-packages/airflow/example_dags/example_kubernetes_executor_config.py
[2021-05-08 01:14:54,585] {scheduler_job.py:190} INFO - Processing /home/navneetsajwan/airflow/etl/lib/python3.8/site-packages/airflow/example_dags/example_kubernetes_executor_config.py took 0.022 seconds
[2021-05-08 01:15:26,575] {scheduler_job.py:182} INFO - Started process (PID=448093) to work on /home/navneetsajwan/airflow/etl/lib/python3.8/site-packages/airflow/example_dags/example_kubernetes_executor_config.py
[2021-05-08 01:15:26,577] {scheduler_job.py:629} INFO - Processing file /home/navneetsajwan/airflow/etl/lib/python3.8/site-packages/airflow/example_dags/example_kubernetes_executor_config.py for tasks to queue
[2021-05-08 01:15:26,579] {logging_mixin.py:104} INFO - [2021-05-08 01:15:26,579] {dagbag.py:451} INFO - Filling up the DagBag from /home/navneetsajwan/airflow/etl/lib/python3.8/site-packages/airflow/example_dags/example_kubernetes_executor_config.py
[2021-05-08 01:15:26,597] {logging_mixin.py:104} INFO - [2021-05-08 01:15:26,596] {example_kubernetes_executor_config.py:175} WARNING - Could not import DAGs in example_kubernetes_executor_config.py: No module named 'kubernetes'
[2021-05-08 01:15:26,597] {logging_mixin.py:104} INFO - [2021-05-08 01:15:26,597] {example_kubernetes_executor_config.py:176} WARNING - Install kubernetes dependencies with: pip install apache-airflow['cncf.kubernetes']
[2021-05-08 01:15:26,597] {scheduler_job.py:641} WARNING - No viable dags retrieved from /home/navneetsajwan/airflow/etl/lib/python3.8/site-packages/airflow/example_dags/example_kubernetes_executor_config.py
[2021-05-08 01:15:26,630] {scheduler_job.py:190} INFO - Processing /home/navneetsajwan/airflow/etl/lib/python3.8/site-packages/airflow/example_dags/example_kubernetes_executor_config.py took 0.069 seconds
[2021-05-08 01:16:02,057] {scheduler_job.py:182} INFO - Started process (PID=448926) to work on /home/navneetsajwan/airflow/etl/lib/python3.8/site-packages/airflow/example_dags/example_kubernetes_executor_config.py
[2021-05-08 01:16:02,064] {scheduler_job.py:629} INFO - Processing file /home/navneetsajwan/airflow/etl/lib/python3.8/site-packages/airflow/example_dags/example_kubernetes_executor_config.py for tasks to queue
[2021-05-08 01:16:02,065] {logging_mixin.py:104} INFO - [2021-05-08 01:16:02,064] {dagbag.py:451} INFO - Filling up the DagBag from /home/navneetsajwan/airflow/etl/lib/python3.8/site-packages/airflow/example_dags/example_kubernetes_executor_config.py
[2021-05-08 01:16:02,108] {logging_mixin.py:104} INFO - [2021-05-08 01:16:02,108] {example_kubernetes_executor_config.py:175} WARNING - Could not import DAGs in example_kubernetes_executor_config.py: No module named 'kubernetes'
[2021-05-08 01:16:02,108] {logging_mixin.py:104} INFO - [2021-05-08 01:16:02,108] {example_kubernetes_executor_config.py:176} WARNING - Install kubernetes dependencies with: pip install apache-airflow['cncf.kubernetes']
[2021-05-08 01:16:02,109] {scheduler_job.py:641} WARNING - No viable dags retrieved from /home/navneetsajwan/airflow/etl/lib/python3.8/site-packages/airflow/example_dags/example_kubernetes_executor_config.py
[2021-05-08 01:16:02,141] {scheduler_job.py:190} INFO - Processing /home/navneetsajwan/airflow/etl/lib/python3.8/site-packages/airflow/example_dags/example_kubernetes_executor_config.py took 0.110 seconds
[2021-05-08 01:16:33,134] {scheduler_job.py:182} INFO - Started process (PID=449383) to work on /home/navneetsajwan/airflow/etl/lib/python3.8/site-packages/airflow/example_dags/example_kubernetes_executor_config.py
[2021-05-08 01:16:33,136] {scheduler_job.py:629} INFO - Processing file /home/navneetsajwan/airflow/etl/lib/python3.8/site-packages/airflow/example_dags/example_kubernetes_executor_config.py for tasks to queue
[2021-05-08 01:16:33,137] {logging_mixin.py:104} INFO - [2021-05-08 01:16:33,137] {dagbag.py:451} INFO - Filling up the DagBag from /home/navneetsajwan/airflow/etl/lib/python3.8/site-packages/airflow/example_dags/example_kubernetes_executor_config.py
[2021-05-08 01:16:33,168] {logging_mixin.py:104} INFO - [2021-05-08 01:16:33,167] {example_kubernetes_executor_config.py:175} WARNING - Could not import DAGs in example_kubernetes_executor_config.py: No module named 'kubernetes'
[2021-05-08 01:16:33,168] {logging_mixin.py:104} INFO - [2021-05-08 01:16:33,168] {example_kubernetes_executor_config.py:176} WARNING - Install kubernetes dependencies with: pip install apache-airflow['cncf.kubernetes']
[2021-05-08 01:16:33,168] {scheduler_job.py:641} WARNING - No viable dags retrieved from /home/navneetsajwan/airflow/etl/lib/python3.8/site-packages/airflow/example_dags/example_kubernetes_executor_config.py
[2021-05-08 01:16:33,191] {scheduler_job.py:190} INFO - Processing /home/navneetsajwan/airflow/etl/lib/python3.8/site-packages/airflow/example_dags/example_kubernetes_executor_config.py took 0.073 seconds
[2021-05-08 01:17:05,875] {scheduler_job.py:182} INFO - Started process (PID=449873) to work on /home/navneetsajwan/airflow/etl/lib/python3.8/site-packages/airflow/example_dags/example_kubernetes_executor_config.py
[2021-05-08 01:17:05,877] {scheduler_job.py:629} INFO - Processing file /home/navneetsajwan/airflow/etl/lib/python3.8/site-packages/airflow/example_dags/example_kubernetes_executor_config.py for tasks to queue
[2021-05-08 01:17:05,880] {logging_mixin.py:104} INFO - [2021-05-08 01:17:05,880] {dagbag.py:451} INFO - Filling up the DagBag from /home/navneetsajwan/airflow/etl/lib/python3.8/site-packages/airflow/example_dags/example_kubernetes_executor_config.py
[2021-05-08 01:17:05,893] {logging_mixin.py:104} INFO - [2021-05-08 01:17:05,893] {example_kubernetes_executor_config.py:175} WARNING - Could not import DAGs in example_kubernetes_executor_config.py: No module named 'kubernetes'
[2021-05-08 01:17:05,899] {logging_mixin.py:104} INFO - [2021-05-08 01:17:05,898] {example_kubernetes_executor_config.py:176} WARNING - Install kubernetes dependencies with: pip install apache-airflow['cncf.kubernetes']
[2021-05-08 01:17:05,899] {scheduler_job.py:641} WARNING - No viable dags retrieved from /home/navneetsajwan/airflow/etl/lib/python3.8/site-packages/airflow/example_dags/example_kubernetes_executor_config.py
[2021-05-08 01:17:05,942] {scheduler_job.py:190} INFO - Processing /home/navneetsajwan/airflow/etl/lib/python3.8/site-packages/airflow/example_dags/example_kubernetes_executor_config.py took 0.072 seconds
[2021-05-08 01:17:48,069] {scheduler_job.py:182} INFO - Started process (PID=450822) to work on /home/navneetsajwan/airflow/etl/lib/python3.8/site-packages/airflow/example_dags/example_kubernetes_executor_config.py
[2021-05-08 01:17:48,070] {scheduler_job.py:629} INFO - Processing file /home/navneetsajwan/airflow/etl/lib/python3.8/site-packages/airflow/example_dags/example_kubernetes_executor_config.py for tasks to queue
[2021-05-08 01:17:48,071] {logging_mixin.py:104} INFO - [2021-05-08 01:17:48,070] {dagbag.py:451} INFO - Filling up the DagBag from /home/navneetsajwan/airflow/etl/lib/python3.8/site-packages/airflow/example_dags/example_kubernetes_executor_config.py
[2021-05-08 01:17:48,077] {logging_mixin.py:104} INFO - [2021-05-08 01:17:48,077] {example_kubernetes_executor_config.py:175} WARNING - Could not import DAGs in example_kubernetes_executor_config.py: No module named 'kubernetes'
[2021-05-08 01:17:48,077] {logging_mixin.py:104} INFO - [2021-05-08 01:17:48,077] {example_kubernetes_executor_config.py:176} WARNING - Install kubernetes dependencies with: pip install apache-airflow['cncf.kubernetes']
[2021-05-08 01:17:48,078] {scheduler_job.py:641} WARNING - No viable dags retrieved from /home/navneetsajwan/airflow/etl/lib/python3.8/site-packages/airflow/example_dags/example_kubernetes_executor_config.py
[2021-05-08 01:17:48,085] {scheduler_job.py:190} INFO - Processing /home/navneetsajwan/airflow/etl/lib/python3.8/site-packages/airflow/example_dags/example_kubernetes_executor_config.py took 0.020 seconds
[2021-05-08 01:18:21,076] {scheduler_job.py:182} INFO - Started process (PID=451304) to work on /home/navneetsajwan/airflow/etl/lib/python3.8/site-packages/airflow/example_dags/example_kubernetes_executor_config.py
[2021-05-08 01:18:21,077] {scheduler_job.py:629} INFO - Processing file /home/navneetsajwan/airflow/etl/lib/python3.8/site-packages/airflow/example_dags/example_kubernetes_executor_config.py for tasks to queue
[2021-05-08 01:18:21,077] {logging_mixin.py:104} INFO - [2021-05-08 01:18:21,077] {dagbag.py:451} INFO - Filling up the DagBag from /home/navneetsajwan/airflow/etl/lib/python3.8/site-packages/airflow/example_dags/example_kubernetes_executor_config.py
[2021-05-08 01:18:21,086] {logging_mixin.py:104} INFO - [2021-05-08 01:18:21,086] {example_kubernetes_executor_config.py:175} WARNING - Could not import DAGs in example_kubernetes_executor_config.py: No module named 'kubernetes'
[2021-05-08 01:18:21,086] {logging_mixin.py:104} INFO - [2021-05-08 01:18:21,086] {example_kubernetes_executor_config.py:176} WARNING - Install kubernetes dependencies with: pip install apache-airflow['cncf.kubernetes']
[2021-05-08 01:18:21,086] {scheduler_job.py:641} WARNING - No viable dags retrieved from /home/navneetsajwan/airflow/etl/lib/python3.8/site-packages/airflow/example_dags/example_kubernetes_executor_config.py
[2021-05-08 01:18:21,095] {scheduler_job.py:190} INFO - Processing /home/navneetsajwan/airflow/etl/lib/python3.8/site-packages/airflow/example_dags/example_kubernetes_executor_config.py took 0.023 seconds
[2021-05-08 01:18:55,321] {scheduler_job.py:182} INFO - Started process (PID=451810) to work on /home/navneetsajwan/airflow/etl/lib/python3.8/site-packages/airflow/example_dags/example_kubernetes_executor_config.py
[2021-05-08 01:18:55,335] {scheduler_job.py:629} INFO - Processing file /home/navneetsajwan/airflow/etl/lib/python3.8/site-packages/airflow/example_dags/example_kubernetes_executor_config.py for tasks to queue
[2021-05-08 01:18:55,336] {logging_mixin.py:104} INFO - [2021-05-08 01:18:55,335] {dagbag.py:451} INFO - Filling up the DagBag from /home/navneetsajwan/airflow/etl/lib/python3.8/site-packages/airflow/example_dags/example_kubernetes_executor_config.py
[2021-05-08 01:18:55,358] {logging_mixin.py:104} INFO - [2021-05-08 01:18:55,358] {example_kubernetes_executor_config.py:175} WARNING - Could not import DAGs in example_kubernetes_executor_config.py: No module named 'kubernetes'
[2021-05-08 01:18:55,365] {logging_mixin.py:104} INFO - [2021-05-08 01:18:55,365] {example_kubernetes_executor_config.py:176} WARNING - Install kubernetes dependencies with: pip install apache-airflow['cncf.kubernetes']
[2021-05-08 01:18:55,366] {scheduler_job.py:641} WARNING - No viable dags retrieved from /home/navneetsajwan/airflow/etl/lib/python3.8/site-packages/airflow/example_dags/example_kubernetes_executor_config.py
[2021-05-08 01:18:55,403] {scheduler_job.py:190} INFO - Processing /home/navneetsajwan/airflow/etl/lib/python3.8/site-packages/airflow/example_dags/example_kubernetes_executor_config.py took 0.087 seconds
[2021-05-08 01:19:30,426] {scheduler_job.py:182} INFO - Started process (PID=452655) to work on /home/navneetsajwan/airflow/etl/lib/python3.8/site-packages/airflow/example_dags/example_kubernetes_executor_config.py
[2021-05-08 01:19:30,431] {scheduler_job.py:629} INFO - Processing file /home/navneetsajwan/airflow/etl/lib/python3.8/site-packages/airflow/example_dags/example_kubernetes_executor_config.py for tasks to queue
[2021-05-08 01:19:30,432] {logging_mixin.py:104} INFO - [2021-05-08 01:19:30,432] {dagbag.py:451} INFO - Filling up the DagBag from /home/navneetsajwan/airflow/etl/lib/python3.8/site-packages/airflow/example_dags/example_kubernetes_executor_config.py
[2021-05-08 01:19:30,468] {logging_mixin.py:104} INFO - [2021-05-08 01:19:30,468] {example_kubernetes_executor_config.py:175} WARNING - Could not import DAGs in example_kubernetes_executor_config.py: No module named 'kubernetes'
[2021-05-08 01:19:30,468] {logging_mixin.py:104} INFO - [2021-05-08 01:19:30,468] {example_kubernetes_executor_config.py:176} WARNING - Install kubernetes dependencies with: pip install apache-airflow['cncf.kubernetes']
[2021-05-08 01:19:30,469] {scheduler_job.py:641} WARNING - No viable dags retrieved from /home/navneetsajwan/airflow/etl/lib/python3.8/site-packages/airflow/example_dags/example_kubernetes_executor_config.py
[2021-05-08 01:19:30,481] {scheduler_job.py:190} INFO - Processing /home/navneetsajwan/airflow/etl/lib/python3.8/site-packages/airflow/example_dags/example_kubernetes_executor_config.py took 0.074 seconds
[2021-05-08 01:20:05,625] {scheduler_job.py:182} INFO - Started process (PID=453128) to work on /home/navneetsajwan/airflow/etl/lib/python3.8/site-packages/airflow/example_dags/example_kubernetes_executor_config.py
[2021-05-08 01:20:05,627] {scheduler_job.py:629} INFO - Processing file /home/navneetsajwan/airflow/etl/lib/python3.8/site-packages/airflow/example_dags/example_kubernetes_executor_config.py for tasks to queue
[2021-05-08 01:20:05,630] {logging_mixin.py:104} INFO - [2021-05-08 01:20:05,629] {dagbag.py:451} INFO - Filling up the DagBag from /home/navneetsajwan/airflow/etl/lib/python3.8/site-packages/airflow/example_dags/example_kubernetes_executor_config.py
[2021-05-08 01:20:05,639] {logging_mixin.py:104} INFO - [2021-05-08 01:20:05,639] {example_kubernetes_executor_config.py:175} WARNING - Could not import DAGs in example_kubernetes_executor_config.py: No module named 'kubernetes'
[2021-05-08 01:20:05,639] {logging_mixin.py:104} INFO - [2021-05-08 01:20:05,639] {example_kubernetes_executor_config.py:176} WARNING - Install kubernetes dependencies with: pip install apache-airflow['cncf.kubernetes']
[2021-05-08 01:20:05,640] {scheduler_job.py:641} WARNING - No viable dags retrieved from /home/navneetsajwan/airflow/etl/lib/python3.8/site-packages/airflow/example_dags/example_kubernetes_executor_config.py
[2021-05-08 01:20:05,655] {scheduler_job.py:190} INFO - Processing /home/navneetsajwan/airflow/etl/lib/python3.8/site-packages/airflow/example_dags/example_kubernetes_executor_config.py took 0.033 seconds
[2021-05-08 01:20:44,302] {scheduler_job.py:182} INFO - Started process (PID=453718) to work on /home/navneetsajwan/airflow/etl/lib/python3.8/site-packages/airflow/example_dags/example_kubernetes_executor_config.py
[2021-05-08 01:20:44,304] {scheduler_job.py:629} INFO - Processing file /home/navneetsajwan/airflow/etl/lib/python3.8/site-packages/airflow/example_dags/example_kubernetes_executor_config.py for tasks to queue
[2021-05-08 01:20:44,304] {logging_mixin.py:104} INFO - [2021-05-08 01:20:44,304] {dagbag.py:451} INFO - Filling up the DagBag from /home/navneetsajwan/airflow/etl/lib/python3.8/site-packages/airflow/example_dags/example_kubernetes_executor_config.py
[2021-05-08 01:20:44,313] {logging_mixin.py:104} INFO - [2021-05-08 01:20:44,313] {example_kubernetes_executor_config.py:175} WARNING - Could not import DAGs in example_kubernetes_executor_config.py: No module named 'kubernetes'
[2021-05-08 01:20:44,313] {logging_mixin.py:104} INFO - [2021-05-08 01:20:44,313] {example_kubernetes_executor_config.py:176} WARNING - Install kubernetes dependencies with: pip install apache-airflow['cncf.kubernetes']
[2021-05-08 01:20:44,313] {scheduler_job.py:641} WARNING - No viable dags retrieved from /home/navneetsajwan/airflow/etl/lib/python3.8/site-packages/airflow/example_dags/example_kubernetes_executor_config.py
[2021-05-08 01:20:44,322] {scheduler_job.py:190} INFO - Processing /home/navneetsajwan/airflow/etl/lib/python3.8/site-packages/airflow/example_dags/example_kubernetes_executor_config.py took 0.024 seconds
[2021-05-08 01:21:21,180] {scheduler_job.py:182} INFO - Started process (PID=454546) to work on /home/navneetsajwan/airflow/etl/lib/python3.8/site-packages/airflow/example_dags/example_kubernetes_executor_config.py
[2021-05-08 01:21:21,181] {scheduler_job.py:629} INFO - Processing file /home/navneetsajwan/airflow/etl/lib/python3.8/site-packages/airflow/example_dags/example_kubernetes_executor_config.py for tasks to queue
[2021-05-08 01:21:21,182] {logging_mixin.py:104} INFO - [2021-05-08 01:21:21,181] {dagbag.py:451} INFO - Filling up the DagBag from /home/navneetsajwan/airflow/etl/lib/python3.8/site-packages/airflow/example_dags/example_kubernetes_executor_config.py
[2021-05-08 01:21:21,189] {logging_mixin.py:104} INFO - [2021-05-08 01:21:21,189] {example_kubernetes_executor_config.py:175} WARNING - Could not import DAGs in example_kubernetes_executor_config.py: No module named 'kubernetes'
[2021-05-08 01:21:21,189] {logging_mixin.py:104} INFO - [2021-05-08 01:21:21,189] {example_kubernetes_executor_config.py:176} WARNING - Install kubernetes dependencies with: pip install apache-airflow['cncf.kubernetes']
[2021-05-08 01:21:21,190] {scheduler_job.py:641} WARNING - No viable dags retrieved from /home/navneetsajwan/airflow/etl/lib/python3.8/site-packages/airflow/example_dags/example_kubernetes_executor_config.py
[2021-05-08 01:21:21,199] {scheduler_job.py:190} INFO - Processing /home/navneetsajwan/airflow/etl/lib/python3.8/site-packages/airflow/example_dags/example_kubernetes_executor_config.py took 0.022 seconds
[2021-05-08 01:21:54,761] {scheduler_job.py:182} INFO - Started process (PID=455002) to work on /home/navneetsajwan/airflow/etl/lib/python3.8/site-packages/airflow/example_dags/example_kubernetes_executor_config.py
[2021-05-08 01:21:54,763] {scheduler_job.py:629} INFO - Processing file /home/navneetsajwan/airflow/etl/lib/python3.8/site-packages/airflow/example_dags/example_kubernetes_executor_config.py for tasks to queue
[2021-05-08 01:21:54,764] {logging_mixin.py:104} INFO - [2021-05-08 01:21:54,764] {dagbag.py:451} INFO - Filling up the DagBag from /home/navneetsajwan/airflow/etl/lib/python3.8/site-packages/airflow/example_dags/example_kubernetes_executor_config.py
[2021-05-08 01:21:54,774] {logging_mixin.py:104} INFO - [2021-05-08 01:21:54,773] {example_kubernetes_executor_config.py:175} WARNING - Could not import DAGs in example_kubernetes_executor_config.py: No module named 'kubernetes'
[2021-05-08 01:21:54,774] {logging_mixin.py:104} INFO - [2021-05-08 01:21:54,774] {example_kubernetes_executor_config.py:176} WARNING - Install kubernetes dependencies with: pip install apache-airflow['cncf.kubernetes']
[2021-05-08 01:21:54,774] {scheduler_job.py:641} WARNING - No viable dags retrieved from /home/navneetsajwan/airflow/etl/lib/python3.8/site-packages/airflow/example_dags/example_kubernetes_executor_config.py
[2021-05-08 01:21:54,785] {scheduler_job.py:190} INFO - Processing /home/navneetsajwan/airflow/etl/lib/python3.8/site-packages/airflow/example_dags/example_kubernetes_executor_config.py took 0.032 seconds
[2021-05-08 01:22:28,751] {scheduler_job.py:182} INFO - Started process (PID=455760) to work on /home/navneetsajwan/airflow/etl/lib/python3.8/site-packages/airflow/example_dags/example_kubernetes_executor_config.py
[2021-05-08 01:22:28,753] {scheduler_job.py:629} INFO - Processing file /home/navneetsajwan/airflow/etl/lib/python3.8/site-packages/airflow/example_dags/example_kubernetes_executor_config.py for tasks to queue
[2021-05-08 01:22:28,753] {logging_mixin.py:104} INFO - [2021-05-08 01:22:28,753] {dagbag.py:451} INFO - Filling up the DagBag from /home/navneetsajwan/airflow/etl/lib/python3.8/site-packages/airflow/example_dags/example_kubernetes_executor_config.py
[2021-05-08 01:22:28,810] {logging_mixin.py:104} INFO - [2021-05-08 01:22:28,810] {example_kubernetes_executor_config.py:175} WARNING - Could not import DAGs in example_kubernetes_executor_config.py: No module named 'kubernetes'
[2021-05-08 01:22:28,811] {logging_mixin.py:104} INFO - [2021-05-08 01:22:28,811] {example_kubernetes_executor_config.py:176} WARNING - Install kubernetes dependencies with: pip install apache-airflow['cncf.kubernetes']
[2021-05-08 01:22:28,811] {scheduler_job.py:641} WARNING - No viable dags retrieved from /home/navneetsajwan/airflow/etl/lib/python3.8/site-packages/airflow/example_dags/example_kubernetes_executor_config.py
[2021-05-08 01:22:28,875] {scheduler_job.py:190} INFO - Processing /home/navneetsajwan/airflow/etl/lib/python3.8/site-packages/airflow/example_dags/example_kubernetes_executor_config.py took 0.139 seconds
[2021-05-08 01:23:04,948] {scheduler_job.py:182} INFO - Started process (PID=456277) to work on /home/navneetsajwan/airflow/etl/lib/python3.8/site-packages/airflow/example_dags/example_kubernetes_executor_config.py
[2021-05-08 01:23:04,952] {scheduler_job.py:629} INFO - Processing file /home/navneetsajwan/airflow/etl/lib/python3.8/site-packages/airflow/example_dags/example_kubernetes_executor_config.py for tasks to queue
[2021-05-08 01:23:04,953] {logging_mixin.py:104} INFO - [2021-05-08 01:23:04,953] {dagbag.py:451} INFO - Filling up the DagBag from /home/navneetsajwan/airflow/etl/lib/python3.8/site-packages/airflow/example_dags/example_kubernetes_executor_config.py
[2021-05-08 01:23:04,975] {logging_mixin.py:104} INFO - [2021-05-08 01:23:04,975] {example_kubernetes_executor_config.py:175} WARNING - Could not import DAGs in example_kubernetes_executor_config.py: No module named 'kubernetes'
[2021-05-08 01:23:04,976] {logging_mixin.py:104} INFO - [2021-05-08 01:23:04,976] {example_kubernetes_executor_config.py:176} WARNING - Install kubernetes dependencies with: pip install apache-airflow['cncf.kubernetes']
[2021-05-08 01:23:04,976] {scheduler_job.py:641} WARNING - No viable dags retrieved from /home/navneetsajwan/airflow/etl/lib/python3.8/site-packages/airflow/example_dags/example_kubernetes_executor_config.py
[2021-05-08 01:23:05,009] {scheduler_job.py:190} INFO - Processing /home/navneetsajwan/airflow/etl/lib/python3.8/site-packages/airflow/example_dags/example_kubernetes_executor_config.py took 0.069 seconds
[2021-05-08 01:23:40,811] {scheduler_job.py:182} INFO - Started process (PID=456776) to work on /home/navneetsajwan/airflow/etl/lib/python3.8/site-packages/airflow/example_dags/example_kubernetes_executor_config.py
[2021-05-08 01:23:40,813] {scheduler_job.py:629} INFO - Processing file /home/navneetsajwan/airflow/etl/lib/python3.8/site-packages/airflow/example_dags/example_kubernetes_executor_config.py for tasks to queue
[2021-05-08 01:23:40,815] {logging_mixin.py:104} INFO - [2021-05-08 01:23:40,815] {dagbag.py:451} INFO - Filling up the DagBag from /home/navneetsajwan/airflow/etl/lib/python3.8/site-packages/airflow/example_dags/example_kubernetes_executor_config.py
[2021-05-08 01:23:40,829] {logging_mixin.py:104} INFO - [2021-05-08 01:23:40,829] {example_kubernetes_executor_config.py:175} WARNING - Could not import DAGs in example_kubernetes_executor_config.py: No module named 'kubernetes'
[2021-05-08 01:23:40,830] {logging_mixin.py:104} INFO - [2021-05-08 01:23:40,829] {example_kubernetes_executor_config.py:176} WARNING - Install kubernetes dependencies with: pip install apache-airflow['cncf.kubernetes']
[2021-05-08 01:23:40,831] {scheduler_job.py:641} WARNING - No viable dags retrieved from /home/navneetsajwan/airflow/etl/lib/python3.8/site-packages/airflow/example_dags/example_kubernetes_executor_config.py
[2021-05-08 01:23:40,843] {scheduler_job.py:190} INFO - Processing /home/navneetsajwan/airflow/etl/lib/python3.8/site-packages/airflow/example_dags/example_kubernetes_executor_config.py took 0.036 seconds
[2021-05-08 01:24:12,482] {scheduler_job.py:182} INFO - Started process (PID=457532) to work on /home/navneetsajwan/airflow/etl/lib/python3.8/site-packages/airflow/example_dags/example_kubernetes_executor_config.py
[2021-05-08 01:24:12,484] {scheduler_job.py:629} INFO - Processing file /home/navneetsajwan/airflow/etl/lib/python3.8/site-packages/airflow/example_dags/example_kubernetes_executor_config.py for tasks to queue
[2021-05-08 01:24:12,485] {logging_mixin.py:104} INFO - [2021-05-08 01:24:12,485] {dagbag.py:451} INFO - Filling up the DagBag from /home/navneetsajwan/airflow/etl/lib/python3.8/site-packages/airflow/example_dags/example_kubernetes_executor_config.py
[2021-05-08 01:24:12,494] {logging_mixin.py:104} INFO - [2021-05-08 01:24:12,494] {example_kubernetes_executor_config.py:175} WARNING - Could not import DAGs in example_kubernetes_executor_config.py: No module named 'kubernetes'
[2021-05-08 01:24:12,494] {logging_mixin.py:104} INFO - [2021-05-08 01:24:12,494] {example_kubernetes_executor_config.py:176} WARNING - Install kubernetes dependencies with: pip install apache-airflow['cncf.kubernetes']
[2021-05-08 01:24:12,495] {scheduler_job.py:641} WARNING - No viable dags retrieved from /home/navneetsajwan/airflow/etl/lib/python3.8/site-packages/airflow/example_dags/example_kubernetes_executor_config.py
[2021-05-08 01:24:12,505] {scheduler_job.py:190} INFO - Processing /home/navneetsajwan/airflow/etl/lib/python3.8/site-packages/airflow/example_dags/example_kubernetes_executor_config.py took 0.028 seconds
[2021-05-08 01:24:50,529] {scheduler_job.py:182} INFO - Started process (PID=458084) to work on /home/navneetsajwan/airflow/etl/lib/python3.8/site-packages/airflow/example_dags/example_kubernetes_executor_config.py
[2021-05-08 01:24:50,530] {scheduler_job.py:629} INFO - Processing file /home/navneetsajwan/airflow/etl/lib/python3.8/site-packages/airflow/example_dags/example_kubernetes_executor_config.py for tasks to queue
[2021-05-08 01:24:50,531] {logging_mixin.py:104} INFO - [2021-05-08 01:24:50,530] {dagbag.py:451} INFO - Filling up the DagBag from /home/navneetsajwan/airflow/etl/lib/python3.8/site-packages/airflow/example_dags/example_kubernetes_executor_config.py
[2021-05-08 01:24:50,539] {logging_mixin.py:104} INFO - [2021-05-08 01:24:50,539] {example_kubernetes_executor_config.py:175} WARNING - Could not import DAGs in example_kubernetes_executor_config.py: No module named 'kubernetes'
[2021-05-08 01:24:50,539] {logging_mixin.py:104} INFO - [2021-05-08 01:24:50,539] {example_kubernetes_executor_config.py:176} WARNING - Install kubernetes dependencies with: pip install apache-airflow['cncf.kubernetes']
[2021-05-08 01:24:50,539] {scheduler_job.py:641} WARNING - No viable dags retrieved from /home/navneetsajwan/airflow/etl/lib/python3.8/site-packages/airflow/example_dags/example_kubernetes_executor_config.py
[2021-05-08 01:24:50,547] {scheduler_job.py:190} INFO - Processing /home/navneetsajwan/airflow/etl/lib/python3.8/site-packages/airflow/example_dags/example_kubernetes_executor_config.py took 0.022 seconds
[2021-05-08 01:25:52,992] {scheduler_job.py:182} INFO - Started process (PID=459166) to work on /home/navneetsajwan/airflow/etl/lib/python3.8/site-packages/airflow/example_dags/example_kubernetes_executor_config.py
[2021-05-08 01:25:52,997] {scheduler_job.py:629} INFO - Processing file /home/navneetsajwan/airflow/etl/lib/python3.8/site-packages/airflow/example_dags/example_kubernetes_executor_config.py for tasks to queue
[2021-05-08 01:25:53,006] {logging_mixin.py:104} INFO - [2021-05-08 01:25:52,999] {dagbag.py:451} INFO - Filling up the DagBag from /home/navneetsajwan/airflow/etl/lib/python3.8/site-packages/airflow/example_dags/example_kubernetes_executor_config.py
[2021-05-08 01:25:53,033] {logging_mixin.py:104} INFO - [2021-05-08 01:25:53,033] {example_kubernetes_executor_config.py:175} WARNING - Could not import DAGs in example_kubernetes_executor_config.py: No module named 'kubernetes'
[2021-05-08 01:25:53,033] {logging_mixin.py:104} INFO - [2021-05-08 01:25:53,033] {example_kubernetes_executor_config.py:176} WARNING - Install kubernetes dependencies with: pip install apache-airflow['cncf.kubernetes']
[2021-05-08 01:25:53,034] {scheduler_job.py:641} WARNING - No viable dags retrieved from /home/navneetsajwan/airflow/etl/lib/python3.8/site-packages/airflow/example_dags/example_kubernetes_executor_config.py
[2021-05-08 01:25:53,061] {scheduler_job.py:190} INFO - Processing /home/navneetsajwan/airflow/etl/lib/python3.8/site-packages/airflow/example_dags/example_kubernetes_executor_config.py took 0.079 seconds
[2021-05-08 01:26:47,587] {scheduler_job.py:182} INFO - Started process (PID=460274) to work on /home/navneetsajwan/airflow/etl/lib/python3.8/site-packages/airflow/example_dags/example_kubernetes_executor_config.py
[2021-05-08 01:26:47,598] {scheduler_job.py:629} INFO - Processing file /home/navneetsajwan/airflow/etl/lib/python3.8/site-packages/airflow/example_dags/example_kubernetes_executor_config.py for tasks to queue
[2021-05-08 01:26:47,612] {logging_mixin.py:104} INFO - [2021-05-08 01:26:47,612] {dagbag.py:451} INFO - Filling up the DagBag from /home/navneetsajwan/airflow/etl/lib/python3.8/site-packages/airflow/example_dags/example_kubernetes_executor_config.py
[2021-05-08 01:26:47,684] {logging_mixin.py:104} INFO - [2021-05-08 01:26:47,683] {example_kubernetes_executor_config.py:175} WARNING - Could not import DAGs in example_kubernetes_executor_config.py: No module named 'kubernetes'
[2021-05-08 01:26:47,684] {logging_mixin.py:104} INFO - [2021-05-08 01:26:47,684] {example_kubernetes_executor_config.py:176} WARNING - Install kubernetes dependencies with: pip install apache-airflow['cncf.kubernetes']
[2021-05-08 01:26:47,684] {scheduler_job.py:641} WARNING - No viable dags retrieved from /home/navneetsajwan/airflow/etl/lib/python3.8/site-packages/airflow/example_dags/example_kubernetes_executor_config.py
[2021-05-08 01:26:47,715] {scheduler_job.py:190} INFO - Processing /home/navneetsajwan/airflow/etl/lib/python3.8/site-packages/airflow/example_dags/example_kubernetes_executor_config.py took 0.138 seconds
[2021-05-08 01:27:23,672] {scheduler_job.py:182} INFO - Started process (PID=460848) to work on /home/navneetsajwan/airflow/etl/lib/python3.8/site-packages/airflow/example_dags/example_kubernetes_executor_config.py
[2021-05-08 01:27:23,684] {scheduler_job.py:629} INFO - Processing file /home/navneetsajwan/airflow/etl/lib/python3.8/site-packages/airflow/example_dags/example_kubernetes_executor_config.py for tasks to queue
[2021-05-08 01:27:23,703] {logging_mixin.py:104} INFO - [2021-05-08 01:27:23,703] {dagbag.py:451} INFO - Filling up the DagBag from /home/navneetsajwan/airflow/etl/lib/python3.8/site-packages/airflow/example_dags/example_kubernetes_executor_config.py
[2021-05-08 01:27:23,752] {logging_mixin.py:104} INFO - [2021-05-08 01:27:23,752] {example_kubernetes_executor_config.py:175} WARNING - Could not import DAGs in example_kubernetes_executor_config.py: No module named 'kubernetes'
[2021-05-08 01:27:23,752] {logging_mixin.py:104} INFO - [2021-05-08 01:27:23,752] {example_kubernetes_executor_config.py:176} WARNING - Install kubernetes dependencies with: pip install apache-airflow['cncf.kubernetes']
[2021-05-08 01:27:23,752] {scheduler_job.py:641} WARNING - No viable dags retrieved from /home/navneetsajwan/airflow/etl/lib/python3.8/site-packages/airflow/example_dags/example_kubernetes_executor_config.py
[2021-05-08 01:27:23,822] {scheduler_job.py:190} INFO - Processing /home/navneetsajwan/airflow/etl/lib/python3.8/site-packages/airflow/example_dags/example_kubernetes_executor_config.py took 0.193 seconds
[2021-05-08 01:28:12,818] {scheduler_job.py:182} INFO - Started process (PID=461874) to work on /home/navneetsajwan/airflow/etl/lib/python3.8/site-packages/airflow/example_dags/example_kubernetes_executor_config.py
[2021-05-08 01:28:12,820] {scheduler_job.py:629} INFO - Processing file /home/navneetsajwan/airflow/etl/lib/python3.8/site-packages/airflow/example_dags/example_kubernetes_executor_config.py for tasks to queue
[2021-05-08 01:28:12,834] {logging_mixin.py:104} INFO - [2021-05-08 01:28:12,821] {dagbag.py:451} INFO - Filling up the DagBag from /home/navneetsajwan/airflow/etl/lib/python3.8/site-packages/airflow/example_dags/example_kubernetes_executor_config.py
[2021-05-08 01:28:12,859] {logging_mixin.py:104} INFO - [2021-05-08 01:28:12,859] {example_kubernetes_executor_config.py:175} WARNING - Could not import DAGs in example_kubernetes_executor_config.py: No module named 'kubernetes'
[2021-05-08 01:28:12,859] {logging_mixin.py:104} INFO - [2021-05-08 01:28:12,859] {example_kubernetes_executor_config.py:176} WARNING - Install kubernetes dependencies with: pip install apache-airflow['cncf.kubernetes']
[2021-05-08 01:28:12,865] {scheduler_job.py:641} WARNING - No viable dags retrieved from /home/navneetsajwan/airflow/etl/lib/python3.8/site-packages/airflow/example_dags/example_kubernetes_executor_config.py
[2021-05-08 01:28:12,903] {scheduler_job.py:190} INFO - Processing /home/navneetsajwan/airflow/etl/lib/python3.8/site-packages/airflow/example_dags/example_kubernetes_executor_config.py took 0.098 seconds
[2021-05-08 01:29:24,070] {scheduler_job.py:182} INFO - Started process (PID=462893) to work on /home/navneetsajwan/airflow/etl/lib/python3.8/site-packages/airflow/example_dags/example_kubernetes_executor_config.py
[2021-05-08 01:29:24,074] {scheduler_job.py:629} INFO - Processing file /home/navneetsajwan/airflow/etl/lib/python3.8/site-packages/airflow/example_dags/example_kubernetes_executor_config.py for tasks to queue
[2021-05-08 01:29:24,079] {logging_mixin.py:104} INFO - [2021-05-08 01:29:24,079] {dagbag.py:451} INFO - Filling up the DagBag from /home/navneetsajwan/airflow/etl/lib/python3.8/site-packages/airflow/example_dags/example_kubernetes_executor_config.py
[2021-05-08 01:29:24,156] {logging_mixin.py:104} INFO - [2021-05-08 01:29:24,155] {example_kubernetes_executor_config.py:175} WARNING - Could not import DAGs in example_kubernetes_executor_config.py: No module named 'kubernetes'
[2021-05-08 01:29:24,158] {logging_mixin.py:104} INFO - [2021-05-08 01:29:24,158] {example_kubernetes_executor_config.py:176} WARNING - Install kubernetes dependencies with: pip install apache-airflow['cncf.kubernetes']
[2021-05-08 01:29:24,162] {scheduler_job.py:641} WARNING - No viable dags retrieved from /home/navneetsajwan/airflow/etl/lib/python3.8/site-packages/airflow/example_dags/example_kubernetes_executor_config.py
[2021-05-08 01:29:24,202] {scheduler_job.py:190} INFO - Processing /home/navneetsajwan/airflow/etl/lib/python3.8/site-packages/airflow/example_dags/example_kubernetes_executor_config.py took 0.138 seconds
[2021-05-08 01:30:12,705] {scheduler_job.py:182} INFO - Started process (PID=463897) to work on /home/navneetsajwan/airflow/etl/lib/python3.8/site-packages/airflow/example_dags/example_kubernetes_executor_config.py
[2021-05-08 01:30:12,712] {scheduler_job.py:629} INFO - Processing file /home/navneetsajwan/airflow/etl/lib/python3.8/site-packages/airflow/example_dags/example_kubernetes_executor_config.py for tasks to queue
[2021-05-08 01:30:12,713] {logging_mixin.py:104} INFO - [2021-05-08 01:30:12,712] {dagbag.py:451} INFO - Filling up the DagBag from /home/navneetsajwan/airflow/etl/lib/python3.8/site-packages/airflow/example_dags/example_kubernetes_executor_config.py
[2021-05-08 01:30:12,747] {logging_mixin.py:104} INFO - [2021-05-08 01:30:12,747] {example_kubernetes_executor_config.py:175} WARNING - Could not import DAGs in example_kubernetes_executor_config.py: No module named 'kubernetes'
[2021-05-08 01:30:12,748] {logging_mixin.py:104} INFO - [2021-05-08 01:30:12,748] {example_kubernetes_executor_config.py:176} WARNING - Install kubernetes dependencies with: pip install apache-airflow['cncf.kubernetes']
[2021-05-08 01:30:12,748] {scheduler_job.py:641} WARNING - No viable dags retrieved from /home/navneetsajwan/airflow/etl/lib/python3.8/site-packages/airflow/example_dags/example_kubernetes_executor_config.py
[2021-05-08 01:30:12,812] {scheduler_job.py:190} INFO - Processing /home/navneetsajwan/airflow/etl/lib/python3.8/site-packages/airflow/example_dags/example_kubernetes_executor_config.py took 0.114 seconds
[2021-05-08 01:30:47,442] {scheduler_job.py:182} INFO - Started process (PID=464384) to work on /home/navneetsajwan/airflow/etl/lib/python3.8/site-packages/airflow/example_dags/example_kubernetes_executor_config.py
[2021-05-08 01:30:47,443] {scheduler_job.py:629} INFO - Processing file /home/navneetsajwan/airflow/etl/lib/python3.8/site-packages/airflow/example_dags/example_kubernetes_executor_config.py for tasks to queue
[2021-05-08 01:30:47,444] {logging_mixin.py:104} INFO - [2021-05-08 01:30:47,444] {dagbag.py:451} INFO - Filling up the DagBag from /home/navneetsajwan/airflow/etl/lib/python3.8/site-packages/airflow/example_dags/example_kubernetes_executor_config.py
[2021-05-08 01:30:47,456] {logging_mixin.py:104} INFO - [2021-05-08 01:30:47,456] {example_kubernetes_executor_config.py:175} WARNING - Could not import DAGs in example_kubernetes_executor_config.py: No module named 'kubernetes'
[2021-05-08 01:30:47,456] {logging_mixin.py:104} INFO - [2021-05-08 01:30:47,456] {example_kubernetes_executor_config.py:176} WARNING - Install kubernetes dependencies with: pip install apache-airflow['cncf.kubernetes']
[2021-05-08 01:30:47,456] {scheduler_job.py:641} WARNING - No viable dags retrieved from /home/navneetsajwan/airflow/etl/lib/python3.8/site-packages/airflow/example_dags/example_kubernetes_executor_config.py
[2021-05-08 01:30:47,467] {scheduler_job.py:190} INFO - Processing /home/navneetsajwan/airflow/etl/lib/python3.8/site-packages/airflow/example_dags/example_kubernetes_executor_config.py took 0.028 seconds
[2021-05-08 01:31:26,629] {scheduler_job.py:182} INFO - Started process (PID=465292) to work on /home/navneetsajwan/airflow/etl/lib/python3.8/site-packages/airflow/example_dags/example_kubernetes_executor_config.py
[2021-05-08 01:31:26,655] {scheduler_job.py:629} INFO - Processing file /home/navneetsajwan/airflow/etl/lib/python3.8/site-packages/airflow/example_dags/example_kubernetes_executor_config.py for tasks to queue
[2021-05-08 01:31:26,656] {logging_mixin.py:104} INFO - [2021-05-08 01:31:26,656] {dagbag.py:451} INFO - Filling up the DagBag from /home/navneetsajwan/airflow/etl/lib/python3.8/site-packages/airflow/example_dags/example_kubernetes_executor_config.py
[2021-05-08 01:31:26,689] {logging_mixin.py:104} INFO - [2021-05-08 01:31:26,689] {example_kubernetes_executor_config.py:175} WARNING - Could not import DAGs in example_kubernetes_executor_config.py: No module named 'kubernetes'
[2021-05-08 01:31:26,690] {logging_mixin.py:104} INFO - [2021-05-08 01:31:26,689] {example_kubernetes_executor_config.py:176} WARNING - Install kubernetes dependencies with: pip install apache-airflow['cncf.kubernetes']
[2021-05-08 01:31:26,690] {scheduler_job.py:641} WARNING - No viable dags retrieved from /home/navneetsajwan/airflow/etl/lib/python3.8/site-packages/airflow/example_dags/example_kubernetes_executor_config.py
[2021-05-08 01:31:26,732] {scheduler_job.py:190} INFO - Processing /home/navneetsajwan/airflow/etl/lib/python3.8/site-packages/airflow/example_dags/example_kubernetes_executor_config.py took 0.117 seconds
[2021-05-08 01:32:10,026] {scheduler_job.py:182} INFO - Started process (PID=465968) to work on /home/navneetsajwan/airflow/etl/lib/python3.8/site-packages/airflow/example_dags/example_kubernetes_executor_config.py
[2021-05-08 01:32:10,034] {scheduler_job.py:629} INFO - Processing file /home/navneetsajwan/airflow/etl/lib/python3.8/site-packages/airflow/example_dags/example_kubernetes_executor_config.py for tasks to queue
[2021-05-08 01:32:10,038] {logging_mixin.py:104} INFO - [2021-05-08 01:32:10,038] {dagbag.py:451} INFO - Filling up the DagBag from /home/navneetsajwan/airflow/etl/lib/python3.8/site-packages/airflow/example_dags/example_kubernetes_executor_config.py
[2021-05-08 01:32:10,082] {logging_mixin.py:104} INFO - [2021-05-08 01:32:10,082] {example_kubernetes_executor_config.py:175} WARNING - Could not import DAGs in example_kubernetes_executor_config.py: No module named 'kubernetes'
[2021-05-08 01:32:10,088] {logging_mixin.py:104} INFO - [2021-05-08 01:32:10,088] {example_kubernetes_executor_config.py:176} WARNING - Install kubernetes dependencies with: pip install apache-airflow['cncf.kubernetes']
[2021-05-08 01:32:10,092] {scheduler_job.py:641} WARNING - No viable dags retrieved from /home/navneetsajwan/airflow/etl/lib/python3.8/site-packages/airflow/example_dags/example_kubernetes_executor_config.py
[2021-05-08 01:32:10,108] {scheduler_job.py:190} INFO - Processing /home/navneetsajwan/airflow/etl/lib/python3.8/site-packages/airflow/example_dags/example_kubernetes_executor_config.py took 0.108 seconds
[2021-05-08 01:32:47,865] {scheduler_job.py:182} INFO - Started process (PID=466519) to work on /home/navneetsajwan/airflow/etl/lib/python3.8/site-packages/airflow/example_dags/example_kubernetes_executor_config.py
[2021-05-08 01:32:47,867] {scheduler_job.py:629} INFO - Processing file /home/navneetsajwan/airflow/etl/lib/python3.8/site-packages/airflow/example_dags/example_kubernetes_executor_config.py for tasks to queue
[2021-05-08 01:32:47,869] {logging_mixin.py:104} INFO - [2021-05-08 01:32:47,868] {dagbag.py:451} INFO - Filling up the DagBag from /home/navneetsajwan/airflow/etl/lib/python3.8/site-packages/airflow/example_dags/example_kubernetes_executor_config.py
[2021-05-08 01:32:47,879] {logging_mixin.py:104} INFO - [2021-05-08 01:32:47,878] {example_kubernetes_executor_config.py:175} WARNING - Could not import DAGs in example_kubernetes_executor_config.py: No module named 'kubernetes'
[2021-05-08 01:32:47,879] {logging_mixin.py:104} INFO - [2021-05-08 01:32:47,879] {example_kubernetes_executor_config.py:176} WARNING - Install kubernetes dependencies with: pip install apache-airflow['cncf.kubernetes']
[2021-05-08 01:32:47,879] {scheduler_job.py:641} WARNING - No viable dags retrieved from /home/navneetsajwan/airflow/etl/lib/python3.8/site-packages/airflow/example_dags/example_kubernetes_executor_config.py
[2021-05-08 01:32:47,891] {scheduler_job.py:190} INFO - Processing /home/navneetsajwan/airflow/etl/lib/python3.8/site-packages/airflow/example_dags/example_kubernetes_executor_config.py took 0.031 seconds
[2021-05-08 01:33:31,760] {scheduler_job.py:182} INFO - Started process (PID=467407) to work on /home/navneetsajwan/airflow/etl/lib/python3.8/site-packages/airflow/example_dags/example_kubernetes_executor_config.py
[2021-05-08 01:33:31,762] {scheduler_job.py:629} INFO - Processing file /home/navneetsajwan/airflow/etl/lib/python3.8/site-packages/airflow/example_dags/example_kubernetes_executor_config.py for tasks to queue
[2021-05-08 01:33:31,765] {logging_mixin.py:104} INFO - [2021-05-08 01:33:31,764] {dagbag.py:451} INFO - Filling up the DagBag from /home/navneetsajwan/airflow/etl/lib/python3.8/site-packages/airflow/example_dags/example_kubernetes_executor_config.py
[2021-05-08 01:33:31,776] {logging_mixin.py:104} INFO - [2021-05-08 01:33:31,776] {example_kubernetes_executor_config.py:175} WARNING - Could not import DAGs in example_kubernetes_executor_config.py: No module named 'kubernetes'
[2021-05-08 01:33:31,777] {logging_mixin.py:104} INFO - [2021-05-08 01:33:31,777] {example_kubernetes_executor_config.py:176} WARNING - Install kubernetes dependencies with: pip install apache-airflow['cncf.kubernetes']
[2021-05-08 01:33:31,777] {scheduler_job.py:641} WARNING - No viable dags retrieved from /home/navneetsajwan/airflow/etl/lib/python3.8/site-packages/airflow/example_dags/example_kubernetes_executor_config.py
[2021-05-08 01:33:31,787] {scheduler_job.py:190} INFO - Processing /home/navneetsajwan/airflow/etl/lib/python3.8/site-packages/airflow/example_dags/example_kubernetes_executor_config.py took 0.033 seconds
[2021-05-08 01:34:06,138] {scheduler_job.py:182} INFO - Started process (PID=467899) to work on /home/navneetsajwan/airflow/etl/lib/python3.8/site-packages/airflow/example_dags/example_kubernetes_executor_config.py
[2021-05-08 01:34:06,156] {scheduler_job.py:629} INFO - Processing file /home/navneetsajwan/airflow/etl/lib/python3.8/site-packages/airflow/example_dags/example_kubernetes_executor_config.py for tasks to queue
[2021-05-08 01:34:06,163] {logging_mixin.py:104} INFO - [2021-05-08 01:34:06,163] {dagbag.py:451} INFO - Filling up the DagBag from /home/navneetsajwan/airflow/etl/lib/python3.8/site-packages/airflow/example_dags/example_kubernetes_executor_config.py
[2021-05-08 01:34:06,186] {logging_mixin.py:104} INFO - [2021-05-08 01:34:06,186] {example_kubernetes_executor_config.py:175} WARNING - Could not import DAGs in example_kubernetes_executor_config.py: No module named 'kubernetes'
[2021-05-08 01:34:06,201] {logging_mixin.py:104} INFO - [2021-05-08 01:34:06,201] {example_kubernetes_executor_config.py:176} WARNING - Install kubernetes dependencies with: pip install apache-airflow['cncf.kubernetes']
[2021-05-08 01:34:06,243] {scheduler_job.py:641} WARNING - No viable dags retrieved from /home/navneetsajwan/airflow/etl/lib/python3.8/site-packages/airflow/example_dags/example_kubernetes_executor_config.py
[2021-05-08 01:34:06,284] {scheduler_job.py:190} INFO - Processing /home/navneetsajwan/airflow/etl/lib/python3.8/site-packages/airflow/example_dags/example_kubernetes_executor_config.py took 0.155 seconds
[2021-05-08 01:34:53,263] {scheduler_job.py:182} INFO - Started process (PID=468629) to work on /home/navneetsajwan/airflow/etl/lib/python3.8/site-packages/airflow/example_dags/example_kubernetes_executor_config.py
[2021-05-08 01:34:53,280] {scheduler_job.py:629} INFO - Processing file /home/navneetsajwan/airflow/etl/lib/python3.8/site-packages/airflow/example_dags/example_kubernetes_executor_config.py for tasks to queue
[2021-05-08 01:34:53,283] {logging_mixin.py:104} INFO - [2021-05-08 01:34:53,283] {dagbag.py:451} INFO - Filling up the DagBag from /home/navneetsajwan/airflow/etl/lib/python3.8/site-packages/airflow/example_dags/example_kubernetes_executor_config.py
[2021-05-08 01:34:53,305] {logging_mixin.py:104} INFO - [2021-05-08 01:34:53,305] {example_kubernetes_executor_config.py:175} WARNING - Could not import DAGs in example_kubernetes_executor_config.py: No module named 'kubernetes'
[2021-05-08 01:34:53,306] {logging_mixin.py:104} INFO - [2021-05-08 01:34:53,306] {example_kubernetes_executor_config.py:176} WARNING - Install kubernetes dependencies with: pip install apache-airflow['cncf.kubernetes']
[2021-05-08 01:34:53,328] {scheduler_job.py:641} WARNING - No viable dags retrieved from /home/navneetsajwan/airflow/etl/lib/python3.8/site-packages/airflow/example_dags/example_kubernetes_executor_config.py
[2021-05-08 01:34:53,373] {scheduler_job.py:190} INFO - Processing /home/navneetsajwan/airflow/etl/lib/python3.8/site-packages/airflow/example_dags/example_kubernetes_executor_config.py took 0.132 seconds
[2021-05-08 01:35:32,392] {scheduler_job.py:182} INFO - Started process (PID=469487) to work on /home/navneetsajwan/airflow/etl/lib/python3.8/site-packages/airflow/example_dags/example_kubernetes_executor_config.py
[2021-05-08 01:35:32,395] {scheduler_job.py:629} INFO - Processing file /home/navneetsajwan/airflow/etl/lib/python3.8/site-packages/airflow/example_dags/example_kubernetes_executor_config.py for tasks to queue
[2021-05-08 01:35:32,398] {logging_mixin.py:104} INFO - [2021-05-08 01:35:32,397] {dagbag.py:451} INFO - Filling up the DagBag from /home/navneetsajwan/airflow/etl/lib/python3.8/site-packages/airflow/example_dags/example_kubernetes_executor_config.py
[2021-05-08 01:35:32,414] {logging_mixin.py:104} INFO - [2021-05-08 01:35:32,413] {example_kubernetes_executor_config.py:175} WARNING - Could not import DAGs in example_kubernetes_executor_config.py: No module named 'kubernetes'
[2021-05-08 01:35:32,414] {logging_mixin.py:104} INFO - [2021-05-08 01:35:32,414] {example_kubernetes_executor_config.py:176} WARNING - Install kubernetes dependencies with: pip install apache-airflow['cncf.kubernetes']
[2021-05-08 01:35:32,415] {scheduler_job.py:641} WARNING - No viable dags retrieved from /home/navneetsajwan/airflow/etl/lib/python3.8/site-packages/airflow/example_dags/example_kubernetes_executor_config.py
[2021-05-08 01:35:32,429] {scheduler_job.py:190} INFO - Processing /home/navneetsajwan/airflow/etl/lib/python3.8/site-packages/airflow/example_dags/example_kubernetes_executor_config.py took 0.047 seconds
[2021-05-08 01:36:05,218] {scheduler_job.py:182} INFO - Started process (PID=469991) to work on /home/navneetsajwan/airflow/etl/lib/python3.8/site-packages/airflow/example_dags/example_kubernetes_executor_config.py
[2021-05-08 01:36:05,219] {scheduler_job.py:629} INFO - Processing file /home/navneetsajwan/airflow/etl/lib/python3.8/site-packages/airflow/example_dags/example_kubernetes_executor_config.py for tasks to queue
[2021-05-08 01:36:05,220] {logging_mixin.py:104} INFO - [2021-05-08 01:36:05,220] {dagbag.py:451} INFO - Filling up the DagBag from /home/navneetsajwan/airflow/etl/lib/python3.8/site-packages/airflow/example_dags/example_kubernetes_executor_config.py
[2021-05-08 01:36:05,237] {logging_mixin.py:104} INFO - [2021-05-08 01:36:05,237] {example_kubernetes_executor_config.py:175} WARNING - Could not import DAGs in example_kubernetes_executor_config.py: No module named 'kubernetes'
[2021-05-08 01:36:05,237] {logging_mixin.py:104} INFO - [2021-05-08 01:36:05,237] {example_kubernetes_executor_config.py:176} WARNING - Install kubernetes dependencies with: pip install apache-airflow['cncf.kubernetes']
[2021-05-08 01:36:05,237] {scheduler_job.py:641} WARNING - No viable dags retrieved from /home/navneetsajwan/airflow/etl/lib/python3.8/site-packages/airflow/example_dags/example_kubernetes_executor_config.py
[2021-05-08 01:36:05,266] {scheduler_job.py:190} INFO - Processing /home/navneetsajwan/airflow/etl/lib/python3.8/site-packages/airflow/example_dags/example_kubernetes_executor_config.py took 0.052 seconds
[2021-05-08 01:36:55,078] {scheduler_job.py:182} INFO - Started process (PID=470976) to work on /home/navneetsajwan/airflow/etl/lib/python3.8/site-packages/airflow/example_dags/example_kubernetes_executor_config.py
[2021-05-08 01:36:55,080] {scheduler_job.py:629} INFO - Processing file /home/navneetsajwan/airflow/etl/lib/python3.8/site-packages/airflow/example_dags/example_kubernetes_executor_config.py for tasks to queue
[2021-05-08 01:36:55,082] {logging_mixin.py:104} INFO - [2021-05-08 01:36:55,082] {dagbag.py:451} INFO - Filling up the DagBag from /home/navneetsajwan/airflow/etl/lib/python3.8/site-packages/airflow/example_dags/example_kubernetes_executor_config.py
[2021-05-08 01:36:55,096] {logging_mixin.py:104} INFO - [2021-05-08 01:36:55,096] {example_kubernetes_executor_config.py:175} WARNING - Could not import DAGs in example_kubernetes_executor_config.py: No module named 'kubernetes'
[2021-05-08 01:36:55,096] {logging_mixin.py:104} INFO - [2021-05-08 01:36:55,096] {example_kubernetes_executor_config.py:176} WARNING - Install kubernetes dependencies with: pip install apache-airflow['cncf.kubernetes']
[2021-05-08 01:36:55,097] {scheduler_job.py:641} WARNING - No viable dags retrieved from /home/navneetsajwan/airflow/etl/lib/python3.8/site-packages/airflow/example_dags/example_kubernetes_executor_config.py
[2021-05-08 01:36:55,112] {scheduler_job.py:190} INFO - Processing /home/navneetsajwan/airflow/etl/lib/python3.8/site-packages/airflow/example_dags/example_kubernetes_executor_config.py took 0.042 seconds
[2021-05-08 01:37:41,282] {scheduler_job.py:182} INFO - Started process (PID=471673) to work on /home/navneetsajwan/airflow/etl/lib/python3.8/site-packages/airflow/example_dags/example_kubernetes_executor_config.py
[2021-05-08 01:37:41,288] {scheduler_job.py:629} INFO - Processing file /home/navneetsajwan/airflow/etl/lib/python3.8/site-packages/airflow/example_dags/example_kubernetes_executor_config.py for tasks to queue
[2021-05-08 01:37:41,290] {logging_mixin.py:104} INFO - [2021-05-08 01:37:41,289] {dagbag.py:451} INFO - Filling up the DagBag from /home/navneetsajwan/airflow/etl/lib/python3.8/site-packages/airflow/example_dags/example_kubernetes_executor_config.py
[2021-05-08 01:37:41,300] {logging_mixin.py:104} INFO - [2021-05-08 01:37:41,300] {example_kubernetes_executor_config.py:175} WARNING - Could not import DAGs in example_kubernetes_executor_config.py: No module named 'kubernetes'
[2021-05-08 01:37:41,301] {logging_mixin.py:104} INFO - [2021-05-08 01:37:41,300] {example_kubernetes_executor_config.py:176} WARNING - Install kubernetes dependencies with: pip install apache-airflow['cncf.kubernetes']
[2021-05-08 01:37:41,301] {scheduler_job.py:641} WARNING - No viable dags retrieved from /home/navneetsajwan/airflow/etl/lib/python3.8/site-packages/airflow/example_dags/example_kubernetes_executor_config.py
[2021-05-08 01:37:41,314] {scheduler_job.py:190} INFO - Processing /home/navneetsajwan/airflow/etl/lib/python3.8/site-packages/airflow/example_dags/example_kubernetes_executor_config.py took 0.036 seconds
