[2021-05-08 01:07:11,712] {scheduler_job.py:182} INFO - Started process (PID=439984) to work on /home/navneetsajwan/airflow/etl/lib/python3.8/site-packages/airflow/example_dags/example_external_task_marker_dag.py
[2021-05-08 01:07:11,717] {scheduler_job.py:629} INFO - Processing file /home/navneetsajwan/airflow/etl/lib/python3.8/site-packages/airflow/example_dags/example_external_task_marker_dag.py for tasks to queue
[2021-05-08 01:07:11,718] {logging_mixin.py:104} INFO - [2021-05-08 01:07:11,718] {dagbag.py:451} INFO - Filling up the DagBag from /home/navneetsajwan/airflow/etl/lib/python3.8/site-packages/airflow/example_dags/example_external_task_marker_dag.py
[2021-05-08 01:07:11,769] {scheduler_job.py:639} INFO - DAG(s) dict_keys(['example_external_task_marker_parent', 'example_external_task_marker_child']) retrieved from /home/navneetsajwan/airflow/etl/lib/python3.8/site-packages/airflow/example_dags/example_external_task_marker_dag.py
[2021-05-08 01:07:11,827] {logging_mixin.py:104} INFO - [2021-05-08 01:07:11,822] {dag.py:1824} INFO - Sync 2 DAGs
[2021-05-08 01:07:11,853] {logging_mixin.py:104} INFO - [2021-05-08 01:07:11,853] {dag.py:2280} INFO - Setting next_dagrun for example_external_task_marker_child to None
[2021-05-08 01:07:11,854] {logging_mixin.py:104} INFO - [2021-05-08 01:07:11,854] {dag.py:2280} INFO - Setting next_dagrun for example_external_task_marker_parent to None
[2021-05-08 01:07:12,351] {scheduler_job.py:190} INFO - Processing /home/navneetsajwan/airflow/etl/lib/python3.8/site-packages/airflow/example_dags/example_external_task_marker_dag.py took 0.642 seconds
[2021-05-08 01:07:42,546] {scheduler_job.py:182} INFO - Started process (PID=440403) to work on /home/navneetsajwan/airflow/etl/lib/python3.8/site-packages/airflow/example_dags/example_external_task_marker_dag.py
[2021-05-08 01:07:42,548] {scheduler_job.py:629} INFO - Processing file /home/navneetsajwan/airflow/etl/lib/python3.8/site-packages/airflow/example_dags/example_external_task_marker_dag.py for tasks to queue
[2021-05-08 01:07:42,548] {logging_mixin.py:104} INFO - [2021-05-08 01:07:42,548] {dagbag.py:451} INFO - Filling up the DagBag from /home/navneetsajwan/airflow/etl/lib/python3.8/site-packages/airflow/example_dags/example_external_task_marker_dag.py
[2021-05-08 01:07:42,561] {scheduler_job.py:639} INFO - DAG(s) dict_keys(['example_external_task_marker_parent', 'example_external_task_marker_child']) retrieved from /home/navneetsajwan/airflow/etl/lib/python3.8/site-packages/airflow/example_dags/example_external_task_marker_dag.py
[2021-05-08 01:07:42,583] {logging_mixin.py:104} INFO - [2021-05-08 01:07:42,583] {dag.py:1824} INFO - Sync 2 DAGs
[2021-05-08 01:07:42,595] {logging_mixin.py:104} INFO - [2021-05-08 01:07:42,595] {dag.py:2280} INFO - Setting next_dagrun for example_external_task_marker_child to None
[2021-05-08 01:07:42,596] {logging_mixin.py:104} INFO - [2021-05-08 01:07:42,596] {dag.py:2280} INFO - Setting next_dagrun for example_external_task_marker_parent to None
[2021-05-08 01:07:43,006] {scheduler_job.py:190} INFO - Processing /home/navneetsajwan/airflow/etl/lib/python3.8/site-packages/airflow/example_dags/example_external_task_marker_dag.py took 0.463 seconds
[2021-05-08 01:08:18,633] {scheduler_job.py:182} INFO - Started process (PID=440881) to work on /home/navneetsajwan/airflow/etl/lib/python3.8/site-packages/airflow/example_dags/example_external_task_marker_dag.py
[2021-05-08 01:08:18,635] {scheduler_job.py:629} INFO - Processing file /home/navneetsajwan/airflow/etl/lib/python3.8/site-packages/airflow/example_dags/example_external_task_marker_dag.py for tasks to queue
[2021-05-08 01:08:18,636] {logging_mixin.py:104} INFO - [2021-05-08 01:08:18,636] {dagbag.py:451} INFO - Filling up the DagBag from /home/navneetsajwan/airflow/etl/lib/python3.8/site-packages/airflow/example_dags/example_external_task_marker_dag.py
[2021-05-08 01:08:18,680] {scheduler_job.py:639} INFO - DAG(s) dict_keys(['example_external_task_marker_parent', 'example_external_task_marker_child']) retrieved from /home/navneetsajwan/airflow/etl/lib/python3.8/site-packages/airflow/example_dags/example_external_task_marker_dag.py
[2021-05-08 01:08:18,737] {logging_mixin.py:104} INFO - [2021-05-08 01:08:18,737] {dag.py:1824} INFO - Sync 2 DAGs
[2021-05-08 01:08:18,789] {logging_mixin.py:104} INFO - [2021-05-08 01:08:18,789] {dag.py:2280} INFO - Setting next_dagrun for example_external_task_marker_child to None
[2021-05-08 01:08:18,838] {logging_mixin.py:104} INFO - [2021-05-08 01:08:18,838] {dag.py:2280} INFO - Setting next_dagrun for example_external_task_marker_parent to None
[2021-05-08 01:08:19,243] {scheduler_job.py:190} INFO - Processing /home/navneetsajwan/airflow/etl/lib/python3.8/site-packages/airflow/example_dags/example_external_task_marker_dag.py took 0.618 seconds
[2021-05-08 01:09:13,399] {scheduler_job.py:182} INFO - Started process (PID=441954) to work on /home/navneetsajwan/airflow/etl/lib/python3.8/site-packages/airflow/example_dags/example_external_task_marker_dag.py
[2021-05-08 01:09:13,400] {scheduler_job.py:629} INFO - Processing file /home/navneetsajwan/airflow/etl/lib/python3.8/site-packages/airflow/example_dags/example_external_task_marker_dag.py for tasks to queue
[2021-05-08 01:09:13,401] {logging_mixin.py:104} INFO - [2021-05-08 01:09:13,400] {dagbag.py:451} INFO - Filling up the DagBag from /home/navneetsajwan/airflow/etl/lib/python3.8/site-packages/airflow/example_dags/example_external_task_marker_dag.py
[2021-05-08 01:09:13,419] {scheduler_job.py:639} INFO - DAG(s) dict_keys(['example_external_task_marker_parent', 'example_external_task_marker_child']) retrieved from /home/navneetsajwan/airflow/etl/lib/python3.8/site-packages/airflow/example_dags/example_external_task_marker_dag.py
[2021-05-08 01:09:13,464] {logging_mixin.py:104} INFO - [2021-05-08 01:09:13,464] {dag.py:1824} INFO - Sync 2 DAGs
[2021-05-08 01:09:13,481] {logging_mixin.py:104} INFO - [2021-05-08 01:09:13,481] {dag.py:2280} INFO - Setting next_dagrun for example_external_task_marker_child to None
[2021-05-08 01:09:13,483] {logging_mixin.py:104} INFO - [2021-05-08 01:09:13,483] {dag.py:2280} INFO - Setting next_dagrun for example_external_task_marker_parent to None
[2021-05-08 01:09:13,589] {scheduler_job.py:190} INFO - Processing /home/navneetsajwan/airflow/etl/lib/python3.8/site-packages/airflow/example_dags/example_external_task_marker_dag.py took 0.194 seconds
[2021-05-08 01:09:45,969] {scheduler_job.py:182} INFO - Started process (PID=442466) to work on /home/navneetsajwan/airflow/etl/lib/python3.8/site-packages/airflow/example_dags/example_external_task_marker_dag.py
[2021-05-08 01:09:45,970] {scheduler_job.py:629} INFO - Processing file /home/navneetsajwan/airflow/etl/lib/python3.8/site-packages/airflow/example_dags/example_external_task_marker_dag.py for tasks to queue
[2021-05-08 01:09:45,970] {logging_mixin.py:104} INFO - [2021-05-08 01:09:45,970] {dagbag.py:451} INFO - Filling up the DagBag from /home/navneetsajwan/airflow/etl/lib/python3.8/site-packages/airflow/example_dags/example_external_task_marker_dag.py
[2021-05-08 01:09:45,983] {scheduler_job.py:639} INFO - DAG(s) dict_keys(['example_external_task_marker_parent', 'example_external_task_marker_child']) retrieved from /home/navneetsajwan/airflow/etl/lib/python3.8/site-packages/airflow/example_dags/example_external_task_marker_dag.py
[2021-05-08 01:09:46,001] {logging_mixin.py:104} INFO - [2021-05-08 01:09:46,001] {dag.py:1824} INFO - Sync 2 DAGs
[2021-05-08 01:09:46,013] {logging_mixin.py:104} INFO - [2021-05-08 01:09:46,013] {dag.py:2280} INFO - Setting next_dagrun for example_external_task_marker_child to None
[2021-05-08 01:09:46,014] {logging_mixin.py:104} INFO - [2021-05-08 01:09:46,014] {dag.py:2280} INFO - Setting next_dagrun for example_external_task_marker_parent to None
[2021-05-08 01:09:46,321] {scheduler_job.py:190} INFO - Processing /home/navneetsajwan/airflow/etl/lib/python3.8/site-packages/airflow/example_dags/example_external_task_marker_dag.py took 0.357 seconds
[2021-05-08 01:10:19,203] {scheduler_job.py:182} INFO - Started process (PID=442935) to work on /home/navneetsajwan/airflow/etl/lib/python3.8/site-packages/airflow/example_dags/example_external_task_marker_dag.py
[2021-05-08 01:10:19,205] {scheduler_job.py:629} INFO - Processing file /home/navneetsajwan/airflow/etl/lib/python3.8/site-packages/airflow/example_dags/example_external_task_marker_dag.py for tasks to queue
[2021-05-08 01:10:19,206] {logging_mixin.py:104} INFO - [2021-05-08 01:10:19,206] {dagbag.py:451} INFO - Filling up the DagBag from /home/navneetsajwan/airflow/etl/lib/python3.8/site-packages/airflow/example_dags/example_external_task_marker_dag.py
[2021-05-08 01:10:19,226] {scheduler_job.py:639} INFO - DAG(s) dict_keys(['example_external_task_marker_parent', 'example_external_task_marker_child']) retrieved from /home/navneetsajwan/airflow/etl/lib/python3.8/site-packages/airflow/example_dags/example_external_task_marker_dag.py
[2021-05-08 01:10:19,258] {logging_mixin.py:104} INFO - [2021-05-08 01:10:19,258] {dag.py:1824} INFO - Sync 2 DAGs
[2021-05-08 01:10:19,288] {logging_mixin.py:104} INFO - [2021-05-08 01:10:19,288] {dag.py:2280} INFO - Setting next_dagrun for example_external_task_marker_child to None
[2021-05-08 01:10:19,289] {logging_mixin.py:104} INFO - [2021-05-08 01:10:19,289] {dag.py:2280} INFO - Setting next_dagrun for example_external_task_marker_parent to None
[2021-05-08 01:10:19,405] {scheduler_job.py:190} INFO - Processing /home/navneetsajwan/airflow/etl/lib/python3.8/site-packages/airflow/example_dags/example_external_task_marker_dag.py took 0.207 seconds
[2021-05-08 01:10:52,998] {scheduler_job.py:182} INFO - Started process (PID=443710) to work on /home/navneetsajwan/airflow/etl/lib/python3.8/site-packages/airflow/example_dags/example_external_task_marker_dag.py
[2021-05-08 01:10:53,000] {scheduler_job.py:629} INFO - Processing file /home/navneetsajwan/airflow/etl/lib/python3.8/site-packages/airflow/example_dags/example_external_task_marker_dag.py for tasks to queue
[2021-05-08 01:10:53,002] {logging_mixin.py:104} INFO - [2021-05-08 01:10:53,002] {dagbag.py:451} INFO - Filling up the DagBag from /home/navneetsajwan/airflow/etl/lib/python3.8/site-packages/airflow/example_dags/example_external_task_marker_dag.py
[2021-05-08 01:10:53,021] {scheduler_job.py:639} INFO - DAG(s) dict_keys(['example_external_task_marker_parent', 'example_external_task_marker_child']) retrieved from /home/navneetsajwan/airflow/etl/lib/python3.8/site-packages/airflow/example_dags/example_external_task_marker_dag.py
[2021-05-08 01:10:53,061] {logging_mixin.py:104} INFO - [2021-05-08 01:10:53,061] {dag.py:1824} INFO - Sync 2 DAGs
[2021-05-08 01:10:53,101] {logging_mixin.py:104} INFO - [2021-05-08 01:10:53,101] {dag.py:2280} INFO - Setting next_dagrun for example_external_task_marker_child to None
[2021-05-08 01:10:53,103] {logging_mixin.py:104} INFO - [2021-05-08 01:10:53,102] {dag.py:2280} INFO - Setting next_dagrun for example_external_task_marker_parent to None
[2021-05-08 01:10:53,272] {scheduler_job.py:190} INFO - Processing /home/navneetsajwan/airflow/etl/lib/python3.8/site-packages/airflow/example_dags/example_external_task_marker_dag.py took 0.278 seconds
[2021-05-08 01:11:24,625] {scheduler_job.py:182} INFO - Started process (PID=444184) to work on /home/navneetsajwan/airflow/etl/lib/python3.8/site-packages/airflow/example_dags/example_external_task_marker_dag.py
[2021-05-08 01:11:24,626] {scheduler_job.py:629} INFO - Processing file /home/navneetsajwan/airflow/etl/lib/python3.8/site-packages/airflow/example_dags/example_external_task_marker_dag.py for tasks to queue
[2021-05-08 01:11:24,626] {logging_mixin.py:104} INFO - [2021-05-08 01:11:24,626] {dagbag.py:451} INFO - Filling up the DagBag from /home/navneetsajwan/airflow/etl/lib/python3.8/site-packages/airflow/example_dags/example_external_task_marker_dag.py
[2021-05-08 01:11:24,640] {scheduler_job.py:639} INFO - DAG(s) dict_keys(['example_external_task_marker_parent', 'example_external_task_marker_child']) retrieved from /home/navneetsajwan/airflow/etl/lib/python3.8/site-packages/airflow/example_dags/example_external_task_marker_dag.py
[2021-05-08 01:11:24,665] {logging_mixin.py:104} INFO - [2021-05-08 01:11:24,665] {dag.py:1824} INFO - Sync 2 DAGs
[2021-05-08 01:11:24,686] {logging_mixin.py:104} INFO - [2021-05-08 01:11:24,686] {dag.py:2280} INFO - Setting next_dagrun for example_external_task_marker_child to None
[2021-05-08 01:11:24,687] {logging_mixin.py:104} INFO - [2021-05-08 01:11:24,687] {dag.py:2280} INFO - Setting next_dagrun for example_external_task_marker_parent to None
[2021-05-08 01:11:24,808] {scheduler_job.py:190} INFO - Processing /home/navneetsajwan/airflow/etl/lib/python3.8/site-packages/airflow/example_dags/example_external_task_marker_dag.py took 0.187 seconds
[2021-05-08 01:14:48,699] {scheduler_job.py:182} INFO - Started process (PID=447574) to work on /home/navneetsajwan/airflow/etl/lib/python3.8/site-packages/airflow/example_dags/example_external_task_marker_dag.py
[2021-05-08 01:14:48,701] {scheduler_job.py:629} INFO - Processing file /home/navneetsajwan/airflow/etl/lib/python3.8/site-packages/airflow/example_dags/example_external_task_marker_dag.py for tasks to queue
[2021-05-08 01:14:48,704] {logging_mixin.py:104} INFO - [2021-05-08 01:14:48,703] {dagbag.py:451} INFO - Filling up the DagBag from /home/navneetsajwan/airflow/etl/lib/python3.8/site-packages/airflow/example_dags/example_external_task_marker_dag.py
[2021-05-08 01:14:48,714] {scheduler_job.py:639} INFO - DAG(s) dict_keys(['example_external_task_marker_parent', 'example_external_task_marker_child']) retrieved from /home/navneetsajwan/airflow/etl/lib/python3.8/site-packages/airflow/example_dags/example_external_task_marker_dag.py
[2021-05-08 01:14:48,735] {logging_mixin.py:104} INFO - [2021-05-08 01:14:48,735] {dag.py:1824} INFO - Sync 2 DAGs
[2021-05-08 01:14:48,747] {logging_mixin.py:104} INFO - [2021-05-08 01:14:48,747] {dag.py:2280} INFO - Setting next_dagrun for example_external_task_marker_child to None
[2021-05-08 01:14:48,748] {logging_mixin.py:104} INFO - [2021-05-08 01:14:48,748] {dag.py:2280} INFO - Setting next_dagrun for example_external_task_marker_parent to None
[2021-05-08 01:14:48,912] {scheduler_job.py:190} INFO - Processing /home/navneetsajwan/airflow/etl/lib/python3.8/site-packages/airflow/example_dags/example_external_task_marker_dag.py took 0.234 seconds
[2021-05-08 01:15:20,205] {scheduler_job.py:182} INFO - Started process (PID=448008) to work on /home/navneetsajwan/airflow/etl/lib/python3.8/site-packages/airflow/example_dags/example_external_task_marker_dag.py
[2021-05-08 01:15:20,207] {scheduler_job.py:629} INFO - Processing file /home/navneetsajwan/airflow/etl/lib/python3.8/site-packages/airflow/example_dags/example_external_task_marker_dag.py for tasks to queue
[2021-05-08 01:15:20,208] {logging_mixin.py:104} INFO - [2021-05-08 01:15:20,208] {dagbag.py:451} INFO - Filling up the DagBag from /home/navneetsajwan/airflow/etl/lib/python3.8/site-packages/airflow/example_dags/example_external_task_marker_dag.py
[2021-05-08 01:15:20,223] {scheduler_job.py:639} INFO - DAG(s) dict_keys(['example_external_task_marker_parent', 'example_external_task_marker_child']) retrieved from /home/navneetsajwan/airflow/etl/lib/python3.8/site-packages/airflow/example_dags/example_external_task_marker_dag.py
[2021-05-08 01:15:20,263] {logging_mixin.py:104} INFO - [2021-05-08 01:15:20,263] {dag.py:1824} INFO - Sync 2 DAGs
[2021-05-08 01:15:20,286] {logging_mixin.py:104} INFO - [2021-05-08 01:15:20,285] {dag.py:2280} INFO - Setting next_dagrun for example_external_task_marker_child to None
[2021-05-08 01:15:20,287] {logging_mixin.py:104} INFO - [2021-05-08 01:15:20,287] {dag.py:2280} INFO - Setting next_dagrun for example_external_task_marker_parent to None
[2021-05-08 01:15:20,380] {scheduler_job.py:190} INFO - Processing /home/navneetsajwan/airflow/etl/lib/python3.8/site-packages/airflow/example_dags/example_external_task_marker_dag.py took 0.180 seconds
[2021-05-08 01:15:50,413] {scheduler_job.py:182} INFO - Started process (PID=448661) to work on /home/navneetsajwan/airflow/etl/lib/python3.8/site-packages/airflow/example_dags/example_external_task_marker_dag.py
[2021-05-08 01:15:50,415] {scheduler_job.py:629} INFO - Processing file /home/navneetsajwan/airflow/etl/lib/python3.8/site-packages/airflow/example_dags/example_external_task_marker_dag.py for tasks to queue
[2021-05-08 01:15:50,416] {logging_mixin.py:104} INFO - [2021-05-08 01:15:50,416] {dagbag.py:451} INFO - Filling up the DagBag from /home/navneetsajwan/airflow/etl/lib/python3.8/site-packages/airflow/example_dags/example_external_task_marker_dag.py
[2021-05-08 01:15:50,423] {scheduler_job.py:639} INFO - DAG(s) dict_keys(['example_external_task_marker_parent', 'example_external_task_marker_child']) retrieved from /home/navneetsajwan/airflow/etl/lib/python3.8/site-packages/airflow/example_dags/example_external_task_marker_dag.py
[2021-05-08 01:15:50,446] {logging_mixin.py:104} INFO - [2021-05-08 01:15:50,445] {dag.py:1824} INFO - Sync 2 DAGs
[2021-05-08 01:15:50,459] {logging_mixin.py:104} INFO - [2021-05-08 01:15:50,459] {dag.py:2280} INFO - Setting next_dagrun for example_external_task_marker_child to None
[2021-05-08 01:15:50,460] {logging_mixin.py:104} INFO - [2021-05-08 01:15:50,460] {dag.py:2280} INFO - Setting next_dagrun for example_external_task_marker_parent to None
[2021-05-08 01:15:50,848] {scheduler_job.py:190} INFO - Processing /home/navneetsajwan/airflow/etl/lib/python3.8/site-packages/airflow/example_dags/example_external_task_marker_dag.py took 0.439 seconds
[2021-05-08 01:16:26,196] {scheduler_job.py:182} INFO - Started process (PID=449286) to work on /home/navneetsajwan/airflow/etl/lib/python3.8/site-packages/airflow/example_dags/example_external_task_marker_dag.py
[2021-05-08 01:16:26,197] {scheduler_job.py:629} INFO - Processing file /home/navneetsajwan/airflow/etl/lib/python3.8/site-packages/airflow/example_dags/example_external_task_marker_dag.py for tasks to queue
[2021-05-08 01:16:26,198] {logging_mixin.py:104} INFO - [2021-05-08 01:16:26,197] {dagbag.py:451} INFO - Filling up the DagBag from /home/navneetsajwan/airflow/etl/lib/python3.8/site-packages/airflow/example_dags/example_external_task_marker_dag.py
[2021-05-08 01:16:26,205] {scheduler_job.py:639} INFO - DAG(s) dict_keys(['example_external_task_marker_parent', 'example_external_task_marker_child']) retrieved from /home/navneetsajwan/airflow/etl/lib/python3.8/site-packages/airflow/example_dags/example_external_task_marker_dag.py
[2021-05-08 01:16:26,227] {logging_mixin.py:104} INFO - [2021-05-08 01:16:26,226] {dag.py:1824} INFO - Sync 2 DAGs
[2021-05-08 01:16:26,240] {logging_mixin.py:104} INFO - [2021-05-08 01:16:26,240] {dag.py:2280} INFO - Setting next_dagrun for example_external_task_marker_child to None
[2021-05-08 01:16:26,241] {logging_mixin.py:104} INFO - [2021-05-08 01:16:26,241] {dag.py:2280} INFO - Setting next_dagrun for example_external_task_marker_parent to None
[2021-05-08 01:16:26,365] {scheduler_job.py:190} INFO - Processing /home/navneetsajwan/airflow/etl/lib/python3.8/site-packages/airflow/example_dags/example_external_task_marker_dag.py took 0.172 seconds
[2021-05-08 01:16:58,113] {scheduler_job.py:182} INFO - Started process (PID=449759) to work on /home/navneetsajwan/airflow/etl/lib/python3.8/site-packages/airflow/example_dags/example_external_task_marker_dag.py
[2021-05-08 01:16:58,122] {scheduler_job.py:629} INFO - Processing file /home/navneetsajwan/airflow/etl/lib/python3.8/site-packages/airflow/example_dags/example_external_task_marker_dag.py for tasks to queue
[2021-05-08 01:16:58,125] {logging_mixin.py:104} INFO - [2021-05-08 01:16:58,125] {dagbag.py:451} INFO - Filling up the DagBag from /home/navneetsajwan/airflow/etl/lib/python3.8/site-packages/airflow/example_dags/example_external_task_marker_dag.py
[2021-05-08 01:16:58,238] {scheduler_job.py:639} INFO - DAG(s) dict_keys(['example_external_task_marker_parent', 'example_external_task_marker_child']) retrieved from /home/navneetsajwan/airflow/etl/lib/python3.8/site-packages/airflow/example_dags/example_external_task_marker_dag.py
[2021-05-08 01:16:58,394] {logging_mixin.py:104} INFO - [2021-05-08 01:16:58,394] {dag.py:1824} INFO - Sync 2 DAGs
[2021-05-08 01:16:58,554] {logging_mixin.py:104} INFO - [2021-05-08 01:16:58,554] {dag.py:2280} INFO - Setting next_dagrun for example_external_task_marker_child to None
[2021-05-08 01:16:58,566] {logging_mixin.py:104} INFO - [2021-05-08 01:16:58,565] {dag.py:2280} INFO - Setting next_dagrun for example_external_task_marker_parent to None
[2021-05-08 01:16:58,768] {scheduler_job.py:190} INFO - Processing /home/navneetsajwan/airflow/etl/lib/python3.8/site-packages/airflow/example_dags/example_external_task_marker_dag.py took 0.675 seconds
[2021-05-08 01:17:43,717] {scheduler_job.py:182} INFO - Started process (PID=450778) to work on /home/navneetsajwan/airflow/etl/lib/python3.8/site-packages/airflow/example_dags/example_external_task_marker_dag.py
[2021-05-08 01:17:43,719] {scheduler_job.py:629} INFO - Processing file /home/navneetsajwan/airflow/etl/lib/python3.8/site-packages/airflow/example_dags/example_external_task_marker_dag.py for tasks to queue
[2021-05-08 01:17:43,719] {logging_mixin.py:104} INFO - [2021-05-08 01:17:43,719] {dagbag.py:451} INFO - Filling up the DagBag from /home/navneetsajwan/airflow/etl/lib/python3.8/site-packages/airflow/example_dags/example_external_task_marker_dag.py
[2021-05-08 01:17:43,726] {scheduler_job.py:639} INFO - DAG(s) dict_keys(['example_external_task_marker_parent', 'example_external_task_marker_child']) retrieved from /home/navneetsajwan/airflow/etl/lib/python3.8/site-packages/airflow/example_dags/example_external_task_marker_dag.py
[2021-05-08 01:17:43,744] {logging_mixin.py:104} INFO - [2021-05-08 01:17:43,744] {dag.py:1824} INFO - Sync 2 DAGs
[2021-05-08 01:17:43,762] {logging_mixin.py:104} INFO - [2021-05-08 01:17:43,762] {dag.py:2280} INFO - Setting next_dagrun for example_external_task_marker_child to None
[2021-05-08 01:17:43,763] {logging_mixin.py:104} INFO - [2021-05-08 01:17:43,763] {dag.py:2280} INFO - Setting next_dagrun for example_external_task_marker_parent to None
[2021-05-08 01:17:44,075] {scheduler_job.py:190} INFO - Processing /home/navneetsajwan/airflow/etl/lib/python3.8/site-packages/airflow/example_dags/example_external_task_marker_dag.py took 0.361 seconds
[2021-05-08 01:18:22,220] {scheduler_job.py:182} INFO - Started process (PID=451327) to work on /home/navneetsajwan/airflow/etl/lib/python3.8/site-packages/airflow/example_dags/example_external_task_marker_dag.py
[2021-05-08 01:18:22,221] {scheduler_job.py:629} INFO - Processing file /home/navneetsajwan/airflow/etl/lib/python3.8/site-packages/airflow/example_dags/example_external_task_marker_dag.py for tasks to queue
[2021-05-08 01:18:22,222] {logging_mixin.py:104} INFO - [2021-05-08 01:18:22,222] {dagbag.py:451} INFO - Filling up the DagBag from /home/navneetsajwan/airflow/etl/lib/python3.8/site-packages/airflow/example_dags/example_external_task_marker_dag.py
[2021-05-08 01:18:22,234] {scheduler_job.py:639} INFO - DAG(s) dict_keys(['example_external_task_marker_parent', 'example_external_task_marker_child']) retrieved from /home/navneetsajwan/airflow/etl/lib/python3.8/site-packages/airflow/example_dags/example_external_task_marker_dag.py
[2021-05-08 01:18:22,272] {logging_mixin.py:104} INFO - [2021-05-08 01:18:22,272] {dag.py:1824} INFO - Sync 2 DAGs
[2021-05-08 01:18:22,288] {logging_mixin.py:104} INFO - [2021-05-08 01:18:22,288] {dag.py:2280} INFO - Setting next_dagrun for example_external_task_marker_child to None
[2021-05-08 01:18:22,289] {logging_mixin.py:104} INFO - [2021-05-08 01:18:22,289] {dag.py:2280} INFO - Setting next_dagrun for example_external_task_marker_parent to None
[2021-05-08 01:18:22,434] {scheduler_job.py:190} INFO - Processing /home/navneetsajwan/airflow/etl/lib/python3.8/site-packages/airflow/example_dags/example_external_task_marker_dag.py took 0.219 seconds
[2021-05-08 01:18:55,650] {scheduler_job.py:182} INFO - Started process (PID=451814) to work on /home/navneetsajwan/airflow/etl/lib/python3.8/site-packages/airflow/example_dags/example_external_task_marker_dag.py
[2021-05-08 01:18:55,651] {scheduler_job.py:629} INFO - Processing file /home/navneetsajwan/airflow/etl/lib/python3.8/site-packages/airflow/example_dags/example_external_task_marker_dag.py for tasks to queue
[2021-05-08 01:18:55,652] {logging_mixin.py:104} INFO - [2021-05-08 01:18:55,652] {dagbag.py:451} INFO - Filling up the DagBag from /home/navneetsajwan/airflow/etl/lib/python3.8/site-packages/airflow/example_dags/example_external_task_marker_dag.py
[2021-05-08 01:18:55,659] {scheduler_job.py:639} INFO - DAG(s) dict_keys(['example_external_task_marker_parent', 'example_external_task_marker_child']) retrieved from /home/navneetsajwan/airflow/etl/lib/python3.8/site-packages/airflow/example_dags/example_external_task_marker_dag.py
[2021-05-08 01:18:55,678] {logging_mixin.py:104} INFO - [2021-05-08 01:18:55,677] {dag.py:1824} INFO - Sync 2 DAGs
[2021-05-08 01:18:55,690] {logging_mixin.py:104} INFO - [2021-05-08 01:18:55,689] {dag.py:2280} INFO - Setting next_dagrun for example_external_task_marker_child to None
[2021-05-08 01:18:55,691] {logging_mixin.py:104} INFO - [2021-05-08 01:18:55,690] {dag.py:2280} INFO - Setting next_dagrun for example_external_task_marker_parent to None
[2021-05-08 01:18:55,780] {scheduler_job.py:190} INFO - Processing /home/navneetsajwan/airflow/etl/lib/python3.8/site-packages/airflow/example_dags/example_external_task_marker_dag.py took 0.134 seconds
[2021-05-08 01:19:31,749] {scheduler_job.py:182} INFO - Started process (PID=452662) to work on /home/navneetsajwan/airflow/etl/lib/python3.8/site-packages/airflow/example_dags/example_external_task_marker_dag.py
[2021-05-08 01:19:31,750] {scheduler_job.py:629} INFO - Processing file /home/navneetsajwan/airflow/etl/lib/python3.8/site-packages/airflow/example_dags/example_external_task_marker_dag.py for tasks to queue
[2021-05-08 01:19:31,751] {logging_mixin.py:104} INFO - [2021-05-08 01:19:31,751] {dagbag.py:451} INFO - Filling up the DagBag from /home/navneetsajwan/airflow/etl/lib/python3.8/site-packages/airflow/example_dags/example_external_task_marker_dag.py
[2021-05-08 01:19:31,760] {scheduler_job.py:639} INFO - DAG(s) dict_keys(['example_external_task_marker_parent', 'example_external_task_marker_child']) retrieved from /home/navneetsajwan/airflow/etl/lib/python3.8/site-packages/airflow/example_dags/example_external_task_marker_dag.py
[2021-05-08 01:19:31,778] {logging_mixin.py:104} INFO - [2021-05-08 01:19:31,778] {dag.py:1824} INFO - Sync 2 DAGs
[2021-05-08 01:19:31,791] {logging_mixin.py:104} INFO - [2021-05-08 01:19:31,791] {dag.py:2280} INFO - Setting next_dagrun for example_external_task_marker_child to None
[2021-05-08 01:19:31,792] {logging_mixin.py:104} INFO - [2021-05-08 01:19:31,792] {dag.py:2280} INFO - Setting next_dagrun for example_external_task_marker_parent to None
[2021-05-08 01:19:32,015] {scheduler_job.py:190} INFO - Processing /home/navneetsajwan/airflow/etl/lib/python3.8/site-packages/airflow/example_dags/example_external_task_marker_dag.py took 0.270 seconds
[2021-05-08 01:20:06,270] {scheduler_job.py:182} INFO - Started process (PID=453148) to work on /home/navneetsajwan/airflow/etl/lib/python3.8/site-packages/airflow/example_dags/example_external_task_marker_dag.py
[2021-05-08 01:20:06,287] {scheduler_job.py:629} INFO - Processing file /home/navneetsajwan/airflow/etl/lib/python3.8/site-packages/airflow/example_dags/example_external_task_marker_dag.py for tasks to queue
[2021-05-08 01:20:06,295] {logging_mixin.py:104} INFO - [2021-05-08 01:20:06,294] {dagbag.py:451} INFO - Filling up the DagBag from /home/navneetsajwan/airflow/etl/lib/python3.8/site-packages/airflow/example_dags/example_external_task_marker_dag.py
[2021-05-08 01:20:06,358] {scheduler_job.py:639} INFO - DAG(s) dict_keys(['example_external_task_marker_parent', 'example_external_task_marker_child']) retrieved from /home/navneetsajwan/airflow/etl/lib/python3.8/site-packages/airflow/example_dags/example_external_task_marker_dag.py
[2021-05-08 01:20:06,498] {logging_mixin.py:104} INFO - [2021-05-08 01:20:06,498] {dag.py:1824} INFO - Sync 2 DAGs
[2021-05-08 01:20:06,582] {logging_mixin.py:104} INFO - [2021-05-08 01:20:06,582] {dag.py:2280} INFO - Setting next_dagrun for example_external_task_marker_child to None
[2021-05-08 01:20:06,584] {logging_mixin.py:104} INFO - [2021-05-08 01:20:06,583] {dag.py:2280} INFO - Setting next_dagrun for example_external_task_marker_parent to None
[2021-05-08 01:20:06,803] {scheduler_job.py:190} INFO - Processing /home/navneetsajwan/airflow/etl/lib/python3.8/site-packages/airflow/example_dags/example_external_task_marker_dag.py took 0.565 seconds
[2021-05-08 01:20:53,364] {scheduler_job.py:182} INFO - Started process (PID=454130) to work on /home/navneetsajwan/airflow/etl/lib/python3.8/site-packages/airflow/example_dags/example_external_task_marker_dag.py
[2021-05-08 01:20:53,366] {scheduler_job.py:629} INFO - Processing file /home/navneetsajwan/airflow/etl/lib/python3.8/site-packages/airflow/example_dags/example_external_task_marker_dag.py for tasks to queue
[2021-05-08 01:20:53,371] {logging_mixin.py:104} INFO - [2021-05-08 01:20:53,371] {dagbag.py:451} INFO - Filling up the DagBag from /home/navneetsajwan/airflow/etl/lib/python3.8/site-packages/airflow/example_dags/example_external_task_marker_dag.py
[2021-05-08 01:20:53,392] {scheduler_job.py:639} INFO - DAG(s) dict_keys(['example_external_task_marker_parent', 'example_external_task_marker_child']) retrieved from /home/navneetsajwan/airflow/etl/lib/python3.8/site-packages/airflow/example_dags/example_external_task_marker_dag.py
[2021-05-08 01:20:53,462] {logging_mixin.py:104} INFO - [2021-05-08 01:20:53,461] {dag.py:1824} INFO - Sync 2 DAGs
[2021-05-08 01:20:53,481] {logging_mixin.py:104} INFO - [2021-05-08 01:20:53,481] {dag.py:2280} INFO - Setting next_dagrun for example_external_task_marker_child to None
[2021-05-08 01:20:53,483] {logging_mixin.py:104} INFO - [2021-05-08 01:20:53,483] {dag.py:2280} INFO - Setting next_dagrun for example_external_task_marker_parent to None
[2021-05-08 01:20:53,699] {scheduler_job.py:190} INFO - Processing /home/navneetsajwan/airflow/etl/lib/python3.8/site-packages/airflow/example_dags/example_external_task_marker_dag.py took 0.344 seconds
[2021-05-08 01:21:26,837] {scheduler_job.py:182} INFO - Started process (PID=454633) to work on /home/navneetsajwan/airflow/etl/lib/python3.8/site-packages/airflow/example_dags/example_external_task_marker_dag.py
[2021-05-08 01:21:26,841] {scheduler_job.py:629} INFO - Processing file /home/navneetsajwan/airflow/etl/lib/python3.8/site-packages/airflow/example_dags/example_external_task_marker_dag.py for tasks to queue
[2021-05-08 01:21:26,842] {logging_mixin.py:104} INFO - [2021-05-08 01:21:26,841] {dagbag.py:451} INFO - Filling up the DagBag from /home/navneetsajwan/airflow/etl/lib/python3.8/site-packages/airflow/example_dags/example_external_task_marker_dag.py
[2021-05-08 01:21:26,868] {scheduler_job.py:639} INFO - DAG(s) dict_keys(['example_external_task_marker_parent', 'example_external_task_marker_child']) retrieved from /home/navneetsajwan/airflow/etl/lib/python3.8/site-packages/airflow/example_dags/example_external_task_marker_dag.py
[2021-05-08 01:21:26,933] {logging_mixin.py:104} INFO - [2021-05-08 01:21:26,933] {dag.py:1824} INFO - Sync 2 DAGs
[2021-05-08 01:21:26,958] {logging_mixin.py:104} INFO - [2021-05-08 01:21:26,957] {dag.py:2280} INFO - Setting next_dagrun for example_external_task_marker_child to None
[2021-05-08 01:21:26,960] {logging_mixin.py:104} INFO - [2021-05-08 01:21:26,960] {dag.py:2280} INFO - Setting next_dagrun for example_external_task_marker_parent to None
[2021-05-08 01:21:27,089] {scheduler_job.py:190} INFO - Processing /home/navneetsajwan/airflow/etl/lib/python3.8/site-packages/airflow/example_dags/example_external_task_marker_dag.py took 0.260 seconds
[2021-05-08 01:22:05,067] {scheduler_job.py:182} INFO - Started process (PID=455129) to work on /home/navneetsajwan/airflow/etl/lib/python3.8/site-packages/airflow/example_dags/example_external_task_marker_dag.py
[2021-05-08 01:22:05,069] {scheduler_job.py:629} INFO - Processing file /home/navneetsajwan/airflow/etl/lib/python3.8/site-packages/airflow/example_dags/example_external_task_marker_dag.py for tasks to queue
[2021-05-08 01:22:05,070] {logging_mixin.py:104} INFO - [2021-05-08 01:22:05,070] {dagbag.py:451} INFO - Filling up the DagBag from /home/navneetsajwan/airflow/etl/lib/python3.8/site-packages/airflow/example_dags/example_external_task_marker_dag.py
[2021-05-08 01:22:05,080] {scheduler_job.py:639} INFO - DAG(s) dict_keys(['example_external_task_marker_parent', 'example_external_task_marker_child']) retrieved from /home/navneetsajwan/airflow/etl/lib/python3.8/site-packages/airflow/example_dags/example_external_task_marker_dag.py
[2021-05-08 01:22:05,110] {logging_mixin.py:104} INFO - [2021-05-08 01:22:05,110] {dag.py:1824} INFO - Sync 2 DAGs
[2021-05-08 01:22:05,129] {logging_mixin.py:104} INFO - [2021-05-08 01:22:05,129] {dag.py:2280} INFO - Setting next_dagrun for example_external_task_marker_child to None
[2021-05-08 01:22:05,131] {logging_mixin.py:104} INFO - [2021-05-08 01:22:05,130] {dag.py:2280} INFO - Setting next_dagrun for example_external_task_marker_parent to None
[2021-05-08 01:22:05,260] {scheduler_job.py:190} INFO - Processing /home/navneetsajwan/airflow/etl/lib/python3.8/site-packages/airflow/example_dags/example_external_task_marker_dag.py took 0.198 seconds
[2021-05-08 01:22:48,660] {scheduler_job.py:182} INFO - Started process (PID=456055) to work on /home/navneetsajwan/airflow/etl/lib/python3.8/site-packages/airflow/example_dags/example_external_task_marker_dag.py
[2021-05-08 01:22:48,661] {scheduler_job.py:629} INFO - Processing file /home/navneetsajwan/airflow/etl/lib/python3.8/site-packages/airflow/example_dags/example_external_task_marker_dag.py for tasks to queue
[2021-05-08 01:22:48,662] {logging_mixin.py:104} INFO - [2021-05-08 01:22:48,662] {dagbag.py:451} INFO - Filling up the DagBag from /home/navneetsajwan/airflow/etl/lib/python3.8/site-packages/airflow/example_dags/example_external_task_marker_dag.py
[2021-05-08 01:22:48,680] {scheduler_job.py:639} INFO - DAG(s) dict_keys(['example_external_task_marker_parent', 'example_external_task_marker_child']) retrieved from /home/navneetsajwan/airflow/etl/lib/python3.8/site-packages/airflow/example_dags/example_external_task_marker_dag.py
[2021-05-08 01:22:48,757] {logging_mixin.py:104} INFO - [2021-05-08 01:22:48,757] {dag.py:1824} INFO - Sync 2 DAGs
[2021-05-08 01:22:48,779] {logging_mixin.py:104} INFO - [2021-05-08 01:22:48,779] {dag.py:2280} INFO - Setting next_dagrun for example_external_task_marker_child to None
[2021-05-08 01:22:48,781] {logging_mixin.py:104} INFO - [2021-05-08 01:22:48,781] {dag.py:2280} INFO - Setting next_dagrun for example_external_task_marker_parent to None
[2021-05-08 01:22:48,899] {scheduler_job.py:190} INFO - Processing /home/navneetsajwan/airflow/etl/lib/python3.8/site-packages/airflow/example_dags/example_external_task_marker_dag.py took 0.251 seconds
[2021-05-08 01:23:26,424] {scheduler_job.py:182} INFO - Started process (PID=456567) to work on /home/navneetsajwan/airflow/etl/lib/python3.8/site-packages/airflow/example_dags/example_external_task_marker_dag.py
[2021-05-08 01:23:26,427] {scheduler_job.py:629} INFO - Processing file /home/navneetsajwan/airflow/etl/lib/python3.8/site-packages/airflow/example_dags/example_external_task_marker_dag.py for tasks to queue
[2021-05-08 01:23:26,428] {logging_mixin.py:104} INFO - [2021-05-08 01:23:26,427] {dagbag.py:451} INFO - Filling up the DagBag from /home/navneetsajwan/airflow/etl/lib/python3.8/site-packages/airflow/example_dags/example_external_task_marker_dag.py
[2021-05-08 01:23:26,438] {scheduler_job.py:639} INFO - DAG(s) dict_keys(['example_external_task_marker_parent', 'example_external_task_marker_child']) retrieved from /home/navneetsajwan/airflow/etl/lib/python3.8/site-packages/airflow/example_dags/example_external_task_marker_dag.py
[2021-05-08 01:23:26,469] {logging_mixin.py:104} INFO - [2021-05-08 01:23:26,469] {dag.py:1824} INFO - Sync 2 DAGs
[2021-05-08 01:23:26,492] {logging_mixin.py:104} INFO - [2021-05-08 01:23:26,492] {dag.py:2280} INFO - Setting next_dagrun for example_external_task_marker_child to None
[2021-05-08 01:23:26,494] {logging_mixin.py:104} INFO - [2021-05-08 01:23:26,494] {dag.py:2280} INFO - Setting next_dagrun for example_external_task_marker_parent to None
[2021-05-08 01:23:26,636] {scheduler_job.py:190} INFO - Processing /home/navneetsajwan/airflow/etl/lib/python3.8/site-packages/airflow/example_dags/example_external_task_marker_dag.py took 0.216 seconds
[2021-05-08 01:24:03,121] {scheduler_job.py:182} INFO - Started process (PID=457240) to work on /home/navneetsajwan/airflow/etl/lib/python3.8/site-packages/airflow/example_dags/example_external_task_marker_dag.py
[2021-05-08 01:24:03,125] {scheduler_job.py:629} INFO - Processing file /home/navneetsajwan/airflow/etl/lib/python3.8/site-packages/airflow/example_dags/example_external_task_marker_dag.py for tasks to queue
[2021-05-08 01:24:03,127] {logging_mixin.py:104} INFO - [2021-05-08 01:24:03,126] {dagbag.py:451} INFO - Filling up the DagBag from /home/navneetsajwan/airflow/etl/lib/python3.8/site-packages/airflow/example_dags/example_external_task_marker_dag.py
[2021-05-08 01:24:03,136] {scheduler_job.py:639} INFO - DAG(s) dict_keys(['example_external_task_marker_parent', 'example_external_task_marker_child']) retrieved from /home/navneetsajwan/airflow/etl/lib/python3.8/site-packages/airflow/example_dags/example_external_task_marker_dag.py
[2021-05-08 01:24:03,156] {logging_mixin.py:104} INFO - [2021-05-08 01:24:03,156] {dag.py:1824} INFO - Sync 2 DAGs
[2021-05-08 01:24:03,171] {logging_mixin.py:104} INFO - [2021-05-08 01:24:03,171] {dag.py:2280} INFO - Setting next_dagrun for example_external_task_marker_child to None
[2021-05-08 01:24:03,172] {logging_mixin.py:104} INFO - [2021-05-08 01:24:03,172] {dag.py:2280} INFO - Setting next_dagrun for example_external_task_marker_parent to None
[2021-05-08 01:24:04,107] {scheduler_job.py:190} INFO - Processing /home/navneetsajwan/airflow/etl/lib/python3.8/site-packages/airflow/example_dags/example_external_task_marker_dag.py took 0.990 seconds
[2021-05-08 01:24:58,867] {scheduler_job.py:182} INFO - Started process (PID=458325) to work on /home/navneetsajwan/airflow/etl/lib/python3.8/site-packages/airflow/example_dags/example_external_task_marker_dag.py
[2021-05-08 01:24:58,869] {scheduler_job.py:629} INFO - Processing file /home/navneetsajwan/airflow/etl/lib/python3.8/site-packages/airflow/example_dags/example_external_task_marker_dag.py for tasks to queue
[2021-05-08 01:24:58,870] {logging_mixin.py:104} INFO - [2021-05-08 01:24:58,870] {dagbag.py:451} INFO - Filling up the DagBag from /home/navneetsajwan/airflow/etl/lib/python3.8/site-packages/airflow/example_dags/example_external_task_marker_dag.py
[2021-05-08 01:24:58,880] {scheduler_job.py:639} INFO - DAG(s) dict_keys(['example_external_task_marker_parent', 'example_external_task_marker_child']) retrieved from /home/navneetsajwan/airflow/etl/lib/python3.8/site-packages/airflow/example_dags/example_external_task_marker_dag.py
[2021-05-08 01:24:58,908] {logging_mixin.py:104} INFO - [2021-05-08 01:24:58,908] {dag.py:1824} INFO - Sync 2 DAGs
[2021-05-08 01:24:58,927] {logging_mixin.py:104} INFO - [2021-05-08 01:24:58,927] {dag.py:2280} INFO - Setting next_dagrun for example_external_task_marker_child to None
[2021-05-08 01:24:58,928] {logging_mixin.py:104} INFO - [2021-05-08 01:24:58,928] {dag.py:2280} INFO - Setting next_dagrun for example_external_task_marker_parent to None
[2021-05-08 01:24:59,182] {scheduler_job.py:190} INFO - Processing /home/navneetsajwan/airflow/etl/lib/python3.8/site-packages/airflow/example_dags/example_external_task_marker_dag.py took 0.322 seconds
[2021-05-08 01:25:46,280] {scheduler_job.py:182} INFO - Started process (PID=459081) to work on /home/navneetsajwan/airflow/etl/lib/python3.8/site-packages/airflow/example_dags/example_external_task_marker_dag.py
[2021-05-08 01:25:46,292] {scheduler_job.py:629} INFO - Processing file /home/navneetsajwan/airflow/etl/lib/python3.8/site-packages/airflow/example_dags/example_external_task_marker_dag.py for tasks to queue
[2021-05-08 01:25:46,293] {logging_mixin.py:104} INFO - [2021-05-08 01:25:46,293] {dagbag.py:451} INFO - Filling up the DagBag from /home/navneetsajwan/airflow/etl/lib/python3.8/site-packages/airflow/example_dags/example_external_task_marker_dag.py
[2021-05-08 01:25:46,336] {scheduler_job.py:639} INFO - DAG(s) dict_keys(['example_external_task_marker_parent', 'example_external_task_marker_child']) retrieved from /home/navneetsajwan/airflow/etl/lib/python3.8/site-packages/airflow/example_dags/example_external_task_marker_dag.py
[2021-05-08 01:25:46,481] {logging_mixin.py:104} INFO - [2021-05-08 01:25:46,481] {dag.py:1824} INFO - Sync 2 DAGs
[2021-05-08 01:25:46,542] {logging_mixin.py:104} INFO - [2021-05-08 01:25:46,542] {dag.py:2280} INFO - Setting next_dagrun for example_external_task_marker_child to None
[2021-05-08 01:25:46,557] {logging_mixin.py:104} INFO - [2021-05-08 01:25:46,557] {dag.py:2280} INFO - Setting next_dagrun for example_external_task_marker_parent to None
[2021-05-08 01:25:47,217] {scheduler_job.py:190} INFO - Processing /home/navneetsajwan/airflow/etl/lib/python3.8/site-packages/airflow/example_dags/example_external_task_marker_dag.py took 0.985 seconds
[2021-05-08 01:26:42,835] {scheduler_job.py:182} INFO - Started process (PID=460110) to work on /home/navneetsajwan/airflow/etl/lib/python3.8/site-packages/airflow/example_dags/example_external_task_marker_dag.py
[2021-05-08 01:26:42,842] {scheduler_job.py:629} INFO - Processing file /home/navneetsajwan/airflow/etl/lib/python3.8/site-packages/airflow/example_dags/example_external_task_marker_dag.py for tasks to queue
[2021-05-08 01:26:42,847] {logging_mixin.py:104} INFO - [2021-05-08 01:26:42,847] {dagbag.py:451} INFO - Filling up the DagBag from /home/navneetsajwan/airflow/etl/lib/python3.8/site-packages/airflow/example_dags/example_external_task_marker_dag.py
[2021-05-08 01:26:42,873] {scheduler_job.py:639} INFO - DAG(s) dict_keys(['example_external_task_marker_parent', 'example_external_task_marker_child']) retrieved from /home/navneetsajwan/airflow/etl/lib/python3.8/site-packages/airflow/example_dags/example_external_task_marker_dag.py
[2021-05-08 01:26:42,920] {logging_mixin.py:104} INFO - [2021-05-08 01:26:42,919] {dag.py:1824} INFO - Sync 2 DAGs
[2021-05-08 01:26:42,961] {logging_mixin.py:104} INFO - [2021-05-08 01:26:42,961] {dag.py:2280} INFO - Setting next_dagrun for example_external_task_marker_child to None
[2021-05-08 01:26:42,965] {logging_mixin.py:104} INFO - [2021-05-08 01:26:42,965] {dag.py:2280} INFO - Setting next_dagrun for example_external_task_marker_parent to None
[2021-05-08 01:26:43,125] {scheduler_job.py:190} INFO - Processing /home/navneetsajwan/airflow/etl/lib/python3.8/site-packages/airflow/example_dags/example_external_task_marker_dag.py took 0.317 seconds
[2021-05-08 01:27:36,427] {scheduler_job.py:182} INFO - Started process (PID=461036) to work on /home/navneetsajwan/airflow/etl/lib/python3.8/site-packages/airflow/example_dags/example_external_task_marker_dag.py
[2021-05-08 01:27:36,447] {scheduler_job.py:629} INFO - Processing file /home/navneetsajwan/airflow/etl/lib/python3.8/site-packages/airflow/example_dags/example_external_task_marker_dag.py for tasks to queue
[2021-05-08 01:27:36,448] {logging_mixin.py:104} INFO - [2021-05-08 01:27:36,448] {dagbag.py:451} INFO - Filling up the DagBag from /home/navneetsajwan/airflow/etl/lib/python3.8/site-packages/airflow/example_dags/example_external_task_marker_dag.py
[2021-05-08 01:27:36,484] {scheduler_job.py:639} INFO - DAG(s) dict_keys(['example_external_task_marker_parent', 'example_external_task_marker_child']) retrieved from /home/navneetsajwan/airflow/etl/lib/python3.8/site-packages/airflow/example_dags/example_external_task_marker_dag.py
[2021-05-08 01:27:36,627] {logging_mixin.py:104} INFO - [2021-05-08 01:27:36,627] {dag.py:1824} INFO - Sync 2 DAGs
[2021-05-08 01:27:36,716] {logging_mixin.py:104} INFO - [2021-05-08 01:27:36,715] {dag.py:2280} INFO - Setting next_dagrun for example_external_task_marker_child to None
[2021-05-08 01:27:36,724] {logging_mixin.py:104} INFO - [2021-05-08 01:27:36,722] {dag.py:2280} INFO - Setting next_dagrun for example_external_task_marker_parent to None
[2021-05-08 01:27:36,874] {scheduler_job.py:190} INFO - Processing /home/navneetsajwan/airflow/etl/lib/python3.8/site-packages/airflow/example_dags/example_external_task_marker_dag.py took 0.456 seconds
[2021-05-08 01:28:26,736] {scheduler_job.py:182} INFO - Started process (PID=462050) to work on /home/navneetsajwan/airflow/etl/lib/python3.8/site-packages/airflow/example_dags/example_external_task_marker_dag.py
[2021-05-08 01:28:26,741] {scheduler_job.py:629} INFO - Processing file /home/navneetsajwan/airflow/etl/lib/python3.8/site-packages/airflow/example_dags/example_external_task_marker_dag.py for tasks to queue
[2021-05-08 01:28:26,747] {logging_mixin.py:104} INFO - [2021-05-08 01:28:26,747] {dagbag.py:451} INFO - Filling up the DagBag from /home/navneetsajwan/airflow/etl/lib/python3.8/site-packages/airflow/example_dags/example_external_task_marker_dag.py
[2021-05-08 01:28:26,772] {scheduler_job.py:639} INFO - DAG(s) dict_keys(['example_external_task_marker_parent', 'example_external_task_marker_child']) retrieved from /home/navneetsajwan/airflow/etl/lib/python3.8/site-packages/airflow/example_dags/example_external_task_marker_dag.py
[2021-05-08 01:28:26,834] {logging_mixin.py:104} INFO - [2021-05-08 01:28:26,834] {dag.py:1824} INFO - Sync 2 DAGs
[2021-05-08 01:28:26,856] {logging_mixin.py:104} INFO - [2021-05-08 01:28:26,856] {dag.py:2280} INFO - Setting next_dagrun for example_external_task_marker_child to None
[2021-05-08 01:28:26,859] {logging_mixin.py:104} INFO - [2021-05-08 01:28:26,859] {dag.py:2280} INFO - Setting next_dagrun for example_external_task_marker_parent to None
[2021-05-08 01:28:27,040] {scheduler_job.py:190} INFO - Processing /home/navneetsajwan/airflow/etl/lib/python3.8/site-packages/airflow/example_dags/example_external_task_marker_dag.py took 0.313 seconds
[2021-05-08 01:29:16,769] {scheduler_job.py:182} INFO - Started process (PID=462748) to work on /home/navneetsajwan/airflow/etl/lib/python3.8/site-packages/airflow/example_dags/example_external_task_marker_dag.py
[2021-05-08 01:29:16,779] {scheduler_job.py:629} INFO - Processing file /home/navneetsajwan/airflow/etl/lib/python3.8/site-packages/airflow/example_dags/example_external_task_marker_dag.py for tasks to queue
[2021-05-08 01:29:16,787] {logging_mixin.py:104} INFO - [2021-05-08 01:29:16,787] {dagbag.py:451} INFO - Filling up the DagBag from /home/navneetsajwan/airflow/etl/lib/python3.8/site-packages/airflow/example_dags/example_external_task_marker_dag.py
[2021-05-08 01:29:16,852] {scheduler_job.py:639} INFO - DAG(s) dict_keys(['example_external_task_marker_parent', 'example_external_task_marker_child']) retrieved from /home/navneetsajwan/airflow/etl/lib/python3.8/site-packages/airflow/example_dags/example_external_task_marker_dag.py
[2021-05-08 01:29:17,008] {logging_mixin.py:104} INFO - [2021-05-08 01:29:17,008] {dag.py:1824} INFO - Sync 2 DAGs
[2021-05-08 01:29:17,042] {logging_mixin.py:104} INFO - [2021-05-08 01:29:17,042] {dag.py:2280} INFO - Setting next_dagrun for example_external_task_marker_child to None
[2021-05-08 01:29:17,044] {logging_mixin.py:104} INFO - [2021-05-08 01:29:17,043] {dag.py:2280} INFO - Setting next_dagrun for example_external_task_marker_parent to None
[2021-05-08 01:29:17,198] {scheduler_job.py:190} INFO - Processing /home/navneetsajwan/airflow/etl/lib/python3.8/site-packages/airflow/example_dags/example_external_task_marker_dag.py took 0.446 seconds
[2021-05-08 01:30:22,280] {scheduler_job.py:182} INFO - Started process (PID=464008) to work on /home/navneetsajwan/airflow/etl/lib/python3.8/site-packages/airflow/example_dags/example_external_task_marker_dag.py
[2021-05-08 01:30:22,297] {scheduler_job.py:629} INFO - Processing file /home/navneetsajwan/airflow/etl/lib/python3.8/site-packages/airflow/example_dags/example_external_task_marker_dag.py for tasks to queue
[2021-05-08 01:30:22,302] {logging_mixin.py:104} INFO - [2021-05-08 01:30:22,302] {dagbag.py:451} INFO - Filling up the DagBag from /home/navneetsajwan/airflow/etl/lib/python3.8/site-packages/airflow/example_dags/example_external_task_marker_dag.py
[2021-05-08 01:30:22,358] {scheduler_job.py:639} INFO - DAG(s) dict_keys(['example_external_task_marker_parent', 'example_external_task_marker_child']) retrieved from /home/navneetsajwan/airflow/etl/lib/python3.8/site-packages/airflow/example_dags/example_external_task_marker_dag.py
[2021-05-08 01:30:22,502] {logging_mixin.py:104} INFO - [2021-05-08 01:30:22,501] {dag.py:1824} INFO - Sync 2 DAGs
[2021-05-08 01:30:22,565] {logging_mixin.py:104} INFO - [2021-05-08 01:30:22,565] {dag.py:2280} INFO - Setting next_dagrun for example_external_task_marker_child to None
[2021-05-08 01:30:22,587] {logging_mixin.py:104} INFO - [2021-05-08 01:30:22,587] {dag.py:2280} INFO - Setting next_dagrun for example_external_task_marker_parent to None
[2021-05-08 01:30:22,770] {scheduler_job.py:190} INFO - Processing /home/navneetsajwan/airflow/etl/lib/python3.8/site-packages/airflow/example_dags/example_external_task_marker_dag.py took 0.500 seconds
[2021-05-08 01:31:13,785] {scheduler_job.py:182} INFO - Started process (PID=464778) to work on /home/navneetsajwan/airflow/etl/lib/python3.8/site-packages/airflow/example_dags/example_external_task_marker_dag.py
[2021-05-08 01:31:13,787] {scheduler_job.py:629} INFO - Processing file /home/navneetsajwan/airflow/etl/lib/python3.8/site-packages/airflow/example_dags/example_external_task_marker_dag.py for tasks to queue
[2021-05-08 01:31:13,788] {logging_mixin.py:104} INFO - [2021-05-08 01:31:13,788] {dagbag.py:451} INFO - Filling up the DagBag from /home/navneetsajwan/airflow/etl/lib/python3.8/site-packages/airflow/example_dags/example_external_task_marker_dag.py
[2021-05-08 01:31:13,824] {scheduler_job.py:639} INFO - DAG(s) dict_keys(['example_external_task_marker_parent', 'example_external_task_marker_child']) retrieved from /home/navneetsajwan/airflow/etl/lib/python3.8/site-packages/airflow/example_dags/example_external_task_marker_dag.py
[2021-05-08 01:31:13,887] {logging_mixin.py:104} INFO - [2021-05-08 01:31:13,886] {dag.py:1824} INFO - Sync 2 DAGs
[2021-05-08 01:31:13,934] {logging_mixin.py:104} INFO - [2021-05-08 01:31:13,934] {dag.py:2280} INFO - Setting next_dagrun for example_external_task_marker_child to None
[2021-05-08 01:31:13,940] {logging_mixin.py:104} INFO - [2021-05-08 01:31:13,939] {dag.py:2280} INFO - Setting next_dagrun for example_external_task_marker_parent to None
[2021-05-08 01:31:14,289] {scheduler_job.py:190} INFO - Processing /home/navneetsajwan/airflow/etl/lib/python3.8/site-packages/airflow/example_dags/example_external_task_marker_dag.py took 0.516 seconds
[2021-05-08 01:32:02,709] {scheduler_job.py:182} INFO - Started process (PID=465809) to work on /home/navneetsajwan/airflow/etl/lib/python3.8/site-packages/airflow/example_dags/example_external_task_marker_dag.py
[2021-05-08 01:32:02,713] {scheduler_job.py:629} INFO - Processing file /home/navneetsajwan/airflow/etl/lib/python3.8/site-packages/airflow/example_dags/example_external_task_marker_dag.py for tasks to queue
[2021-05-08 01:32:02,714] {logging_mixin.py:104} INFO - [2021-05-08 01:32:02,714] {dagbag.py:451} INFO - Filling up the DagBag from /home/navneetsajwan/airflow/etl/lib/python3.8/site-packages/airflow/example_dags/example_external_task_marker_dag.py
[2021-05-08 01:32:02,738] {scheduler_job.py:639} INFO - DAG(s) dict_keys(['example_external_task_marker_parent', 'example_external_task_marker_child']) retrieved from /home/navneetsajwan/airflow/etl/lib/python3.8/site-packages/airflow/example_dags/example_external_task_marker_dag.py
[2021-05-08 01:32:02,813] {logging_mixin.py:104} INFO - [2021-05-08 01:32:02,813] {dag.py:1824} INFO - Sync 2 DAGs
[2021-05-08 01:32:02,860] {logging_mixin.py:104} INFO - [2021-05-08 01:32:02,860] {dag.py:2280} INFO - Setting next_dagrun for example_external_task_marker_child to None
[2021-05-08 01:32:02,867] {logging_mixin.py:104} INFO - [2021-05-08 01:32:02,867] {dag.py:2280} INFO - Setting next_dagrun for example_external_task_marker_parent to None
[2021-05-08 01:32:03,290] {scheduler_job.py:190} INFO - Processing /home/navneetsajwan/airflow/etl/lib/python3.8/site-packages/airflow/example_dags/example_external_task_marker_dag.py took 0.614 seconds
[2021-05-08 01:33:03,338] {scheduler_job.py:182} INFO - Started process (PID=466682) to work on /home/navneetsajwan/airflow/etl/lib/python3.8/site-packages/airflow/example_dags/example_external_task_marker_dag.py
[2021-05-08 01:33:03,340] {scheduler_job.py:629} INFO - Processing file /home/navneetsajwan/airflow/etl/lib/python3.8/site-packages/airflow/example_dags/example_external_task_marker_dag.py for tasks to queue
[2021-05-08 01:33:03,341] {logging_mixin.py:104} INFO - [2021-05-08 01:33:03,340] {dagbag.py:451} INFO - Filling up the DagBag from /home/navneetsajwan/airflow/etl/lib/python3.8/site-packages/airflow/example_dags/example_external_task_marker_dag.py
[2021-05-08 01:33:03,349] {scheduler_job.py:639} INFO - DAG(s) dict_keys(['example_external_task_marker_parent', 'example_external_task_marker_child']) retrieved from /home/navneetsajwan/airflow/etl/lib/python3.8/site-packages/airflow/example_dags/example_external_task_marker_dag.py
[2021-05-08 01:33:03,368] {logging_mixin.py:104} INFO - [2021-05-08 01:33:03,368] {dag.py:1824} INFO - Sync 2 DAGs
[2021-05-08 01:33:03,380] {logging_mixin.py:104} INFO - [2021-05-08 01:33:03,380] {dag.py:2280} INFO - Setting next_dagrun for example_external_task_marker_child to None
[2021-05-08 01:33:03,382] {logging_mixin.py:104} INFO - [2021-05-08 01:33:03,382] {dag.py:2280} INFO - Setting next_dagrun for example_external_task_marker_parent to None
[2021-05-08 01:33:03,499] {scheduler_job.py:190} INFO - Processing /home/navneetsajwan/airflow/etl/lib/python3.8/site-packages/airflow/example_dags/example_external_task_marker_dag.py took 0.164 seconds
[2021-05-08 01:33:59,292] {scheduler_job.py:182} INFO - Started process (PID=467821) to work on /home/navneetsajwan/airflow/etl/lib/python3.8/site-packages/airflow/example_dags/example_external_task_marker_dag.py
[2021-05-08 01:33:59,300] {scheduler_job.py:629} INFO - Processing file /home/navneetsajwan/airflow/etl/lib/python3.8/site-packages/airflow/example_dags/example_external_task_marker_dag.py for tasks to queue
[2021-05-08 01:33:59,301] {logging_mixin.py:104} INFO - [2021-05-08 01:33:59,300] {dagbag.py:451} INFO - Filling up the DagBag from /home/navneetsajwan/airflow/etl/lib/python3.8/site-packages/airflow/example_dags/example_external_task_marker_dag.py
[2021-05-08 01:33:59,357] {scheduler_job.py:639} INFO - DAG(s) dict_keys(['example_external_task_marker_parent', 'example_external_task_marker_child']) retrieved from /home/navneetsajwan/airflow/etl/lib/python3.8/site-packages/airflow/example_dags/example_external_task_marker_dag.py
[2021-05-08 01:33:59,480] {logging_mixin.py:104} INFO - [2021-05-08 01:33:59,480] {dag.py:1824} INFO - Sync 2 DAGs
[2021-05-08 01:33:59,569] {logging_mixin.py:104} INFO - [2021-05-08 01:33:59,569] {dag.py:2280} INFO - Setting next_dagrun for example_external_task_marker_child to None
[2021-05-08 01:33:59,572] {logging_mixin.py:104} INFO - [2021-05-08 01:33:59,572] {dag.py:2280} INFO - Setting next_dagrun for example_external_task_marker_parent to None
[2021-05-08 01:33:59,727] {scheduler_job.py:190} INFO - Processing /home/navneetsajwan/airflow/etl/lib/python3.8/site-packages/airflow/example_dags/example_external_task_marker_dag.py took 0.457 seconds
[2021-05-08 01:34:49,206] {scheduler_job.py:182} INFO - Started process (PID=468516) to work on /home/navneetsajwan/airflow/etl/lib/python3.8/site-packages/airflow/example_dags/example_external_task_marker_dag.py
[2021-05-08 01:34:49,208] {scheduler_job.py:629} INFO - Processing file /home/navneetsajwan/airflow/etl/lib/python3.8/site-packages/airflow/example_dags/example_external_task_marker_dag.py for tasks to queue
[2021-05-08 01:34:49,210] {logging_mixin.py:104} INFO - [2021-05-08 01:34:49,209] {dagbag.py:451} INFO - Filling up the DagBag from /home/navneetsajwan/airflow/etl/lib/python3.8/site-packages/airflow/example_dags/example_external_task_marker_dag.py
[2021-05-08 01:34:49,236] {scheduler_job.py:639} INFO - DAG(s) dict_keys(['example_external_task_marker_parent', 'example_external_task_marker_child']) retrieved from /home/navneetsajwan/airflow/etl/lib/python3.8/site-packages/airflow/example_dags/example_external_task_marker_dag.py
[2021-05-08 01:34:49,258] {logging_mixin.py:104} INFO - [2021-05-08 01:34:49,258] {dag.py:1824} INFO - Sync 2 DAGs
[2021-05-08 01:34:49,273] {logging_mixin.py:104} INFO - [2021-05-08 01:34:49,273] {dag.py:2280} INFO - Setting next_dagrun for example_external_task_marker_child to None
[2021-05-08 01:34:49,274] {logging_mixin.py:104} INFO - [2021-05-08 01:34:49,274] {dag.py:2280} INFO - Setting next_dagrun for example_external_task_marker_parent to None
[2021-05-08 01:34:49,385] {scheduler_job.py:190} INFO - Processing /home/navneetsajwan/airflow/etl/lib/python3.8/site-packages/airflow/example_dags/example_external_task_marker_dag.py took 0.183 seconds
[2021-05-08 01:35:44,615] {scheduler_job.py:182} INFO - Started process (PID=469686) to work on /home/navneetsajwan/airflow/etl/lib/python3.8/site-packages/airflow/example_dags/example_external_task_marker_dag.py
[2021-05-08 01:35:44,624] {scheduler_job.py:629} INFO - Processing file /home/navneetsajwan/airflow/etl/lib/python3.8/site-packages/airflow/example_dags/example_external_task_marker_dag.py for tasks to queue
[2021-05-08 01:35:44,625] {logging_mixin.py:104} INFO - [2021-05-08 01:35:44,625] {dagbag.py:451} INFO - Filling up the DagBag from /home/navneetsajwan/airflow/etl/lib/python3.8/site-packages/airflow/example_dags/example_external_task_marker_dag.py
[2021-05-08 01:35:44,641] {scheduler_job.py:639} INFO - DAG(s) dict_keys(['example_external_task_marker_parent', 'example_external_task_marker_child']) retrieved from /home/navneetsajwan/airflow/etl/lib/python3.8/site-packages/airflow/example_dags/example_external_task_marker_dag.py
[2021-05-08 01:35:44,695] {logging_mixin.py:104} INFO - [2021-05-08 01:35:44,695] {dag.py:1824} INFO - Sync 2 DAGs
[2021-05-08 01:35:44,718] {logging_mixin.py:104} INFO - [2021-05-08 01:35:44,718] {dag.py:2280} INFO - Setting next_dagrun for example_external_task_marker_child to None
[2021-05-08 01:35:44,721] {logging_mixin.py:104} INFO - [2021-05-08 01:35:44,719] {dag.py:2280} INFO - Setting next_dagrun for example_external_task_marker_parent to None
[2021-05-08 01:35:44,834] {scheduler_job.py:190} INFO - Processing /home/navneetsajwan/airflow/etl/lib/python3.8/site-packages/airflow/example_dags/example_external_task_marker_dag.py took 0.223 seconds
[2021-05-08 01:36:39,288] {scheduler_job.py:182} INFO - Started process (PID=470478) to work on /home/navneetsajwan/airflow/etl/lib/python3.8/site-packages/airflow/example_dags/example_external_task_marker_dag.py
[2021-05-08 01:36:39,291] {scheduler_job.py:629} INFO - Processing file /home/navneetsajwan/airflow/etl/lib/python3.8/site-packages/airflow/example_dags/example_external_task_marker_dag.py for tasks to queue
[2021-05-08 01:36:39,291] {logging_mixin.py:104} INFO - [2021-05-08 01:36:39,291] {dagbag.py:451} INFO - Filling up the DagBag from /home/navneetsajwan/airflow/etl/lib/python3.8/site-packages/airflow/example_dags/example_external_task_marker_dag.py
[2021-05-08 01:36:39,299] {scheduler_job.py:639} INFO - DAG(s) dict_keys(['example_external_task_marker_parent', 'example_external_task_marker_child']) retrieved from /home/navneetsajwan/airflow/etl/lib/python3.8/site-packages/airflow/example_dags/example_external_task_marker_dag.py
[2021-05-08 01:36:39,322] {logging_mixin.py:104} INFO - [2021-05-08 01:36:39,322] {dag.py:1824} INFO - Sync 2 DAGs
[2021-05-08 01:36:39,364] {logging_mixin.py:104} INFO - [2021-05-08 01:36:39,364] {dag.py:2280} INFO - Setting next_dagrun for example_external_task_marker_child to None
[2021-05-08 01:36:39,366] {logging_mixin.py:104} INFO - [2021-05-08 01:36:39,365] {dag.py:2280} INFO - Setting next_dagrun for example_external_task_marker_parent to None
[2021-05-08 01:36:40,060] {scheduler_job.py:190} INFO - Processing /home/navneetsajwan/airflow/etl/lib/python3.8/site-packages/airflow/example_dags/example_external_task_marker_dag.py took 0.775 seconds
[2021-05-08 01:37:33,647] {scheduler_job.py:182} INFO - Started process (PID=471554) to work on /home/navneetsajwan/airflow/etl/lib/python3.8/site-packages/airflow/example_dags/example_external_task_marker_dag.py
[2021-05-08 01:37:33,649] {scheduler_job.py:629} INFO - Processing file /home/navneetsajwan/airflow/etl/lib/python3.8/site-packages/airflow/example_dags/example_external_task_marker_dag.py for tasks to queue
[2021-05-08 01:37:33,650] {logging_mixin.py:104} INFO - [2021-05-08 01:37:33,650] {dagbag.py:451} INFO - Filling up the DagBag from /home/navneetsajwan/airflow/etl/lib/python3.8/site-packages/airflow/example_dags/example_external_task_marker_dag.py
[2021-05-08 01:37:33,660] {scheduler_job.py:639} INFO - DAG(s) dict_keys(['example_external_task_marker_parent', 'example_external_task_marker_child']) retrieved from /home/navneetsajwan/airflow/etl/lib/python3.8/site-packages/airflow/example_dags/example_external_task_marker_dag.py
[2021-05-08 01:37:33,690] {logging_mixin.py:104} INFO - [2021-05-08 01:37:33,690] {dag.py:1824} INFO - Sync 2 DAGs
[2021-05-08 01:37:33,713] {logging_mixin.py:104} INFO - [2021-05-08 01:37:33,713] {dag.py:2280} INFO - Setting next_dagrun for example_external_task_marker_child to None
[2021-05-08 01:37:33,720] {logging_mixin.py:104} INFO - [2021-05-08 01:37:33,720] {dag.py:2280} INFO - Setting next_dagrun for example_external_task_marker_parent to None
[2021-05-08 01:37:33,889] {scheduler_job.py:190} INFO - Processing /home/navneetsajwan/airflow/etl/lib/python3.8/site-packages/airflow/example_dags/example_external_task_marker_dag.py took 0.246 seconds
[2021-05-08 01:38:23,530] {scheduler_job.py:182} INFO - Started process (PID=472312) to work on /home/navneetsajwan/airflow/etl/lib/python3.8/site-packages/airflow/example_dags/example_external_task_marker_dag.py
[2021-05-08 01:38:23,531] {scheduler_job.py:629} INFO - Processing file /home/navneetsajwan/airflow/etl/lib/python3.8/site-packages/airflow/example_dags/example_external_task_marker_dag.py for tasks to queue
[2021-05-08 01:38:23,532] {logging_mixin.py:104} INFO - [2021-05-08 01:38:23,532] {dagbag.py:451} INFO - Filling up the DagBag from /home/navneetsajwan/airflow/etl/lib/python3.8/site-packages/airflow/example_dags/example_external_task_marker_dag.py
[2021-05-08 01:38:23,541] {scheduler_job.py:639} INFO - DAG(s) dict_keys(['example_external_task_marker_parent', 'example_external_task_marker_child']) retrieved from /home/navneetsajwan/airflow/etl/lib/python3.8/site-packages/airflow/example_dags/example_external_task_marker_dag.py
[2021-05-08 01:38:23,562] {logging_mixin.py:104} INFO - [2021-05-08 01:38:23,562] {dag.py:1824} INFO - Sync 2 DAGs
[2021-05-08 01:38:23,579] {logging_mixin.py:104} INFO - [2021-05-08 01:38:23,579] {dag.py:2280} INFO - Setting next_dagrun for example_external_task_marker_child to None
[2021-05-08 01:38:23,581] {logging_mixin.py:104} INFO - [2021-05-08 01:38:23,581] {dag.py:2280} INFO - Setting next_dagrun for example_external_task_marker_parent to None
[2021-05-08 01:38:24,364] {scheduler_job.py:190} INFO - Processing /home/navneetsajwan/airflow/etl/lib/python3.8/site-packages/airflow/example_dags/example_external_task_marker_dag.py took 0.838 seconds
