[2021-05-08 01:07:16,697] {scheduler_job.py:182} INFO - Started process (PID=440050) to work on /home/navneetsajwan/airflow/etl/lib/python3.8/site-packages/airflow/example_dags/example_kubernetes_executor.py
[2021-05-08 01:07:16,698] {scheduler_job.py:629} INFO - Processing file /home/navneetsajwan/airflow/etl/lib/python3.8/site-packages/airflow/example_dags/example_kubernetes_executor.py for tasks to queue
[2021-05-08 01:07:16,699] {logging_mixin.py:104} INFO - [2021-05-08 01:07:16,699] {dagbag.py:451} INFO - Filling up the DagBag from /home/navneetsajwan/airflow/etl/lib/python3.8/site-packages/airflow/example_dags/example_kubernetes_executor.py
[2021-05-08 01:07:16,725] {scheduler_job.py:639} INFO - DAG(s) dict_keys(['example_kubernetes_executor']) retrieved from /home/navneetsajwan/airflow/etl/lib/python3.8/site-packages/airflow/example_dags/example_kubernetes_executor.py
[2021-05-08 01:07:16,764] {logging_mixin.py:104} INFO - [2021-05-08 01:07:16,764] {dag.py:1824} INFO - Sync 1 DAGs
[2021-05-08 01:07:16,784] {logging_mixin.py:104} INFO - [2021-05-08 01:07:16,784] {dag.py:2280} INFO - Setting next_dagrun for example_kubernetes_executor to None
[2021-05-08 01:07:16,997] {scheduler_job.py:190} INFO - Processing /home/navneetsajwan/airflow/etl/lib/python3.8/site-packages/airflow/example_dags/example_kubernetes_executor.py took 0.305 seconds
[2021-05-08 01:07:52,325] {scheduler_job.py:182} INFO - Started process (PID=440518) to work on /home/navneetsajwan/airflow/etl/lib/python3.8/site-packages/airflow/example_dags/example_kubernetes_executor.py
[2021-05-08 01:07:52,327] {scheduler_job.py:629} INFO - Processing file /home/navneetsajwan/airflow/etl/lib/python3.8/site-packages/airflow/example_dags/example_kubernetes_executor.py for tasks to queue
[2021-05-08 01:07:52,328] {logging_mixin.py:104} INFO - [2021-05-08 01:07:52,328] {dagbag.py:451} INFO - Filling up the DagBag from /home/navneetsajwan/airflow/etl/lib/python3.8/site-packages/airflow/example_dags/example_kubernetes_executor.py
[2021-05-08 01:07:52,348] {scheduler_job.py:639} INFO - DAG(s) dict_keys(['example_kubernetes_executor']) retrieved from /home/navneetsajwan/airflow/etl/lib/python3.8/site-packages/airflow/example_dags/example_kubernetes_executor.py
[2021-05-08 01:07:52,370] {logging_mixin.py:104} INFO - [2021-05-08 01:07:52,370] {dag.py:1824} INFO - Sync 1 DAGs
[2021-05-08 01:07:52,383] {logging_mixin.py:104} INFO - [2021-05-08 01:07:52,383] {dag.py:2280} INFO - Setting next_dagrun for example_kubernetes_executor to None
[2021-05-08 01:07:52,662] {scheduler_job.py:190} INFO - Processing /home/navneetsajwan/airflow/etl/lib/python3.8/site-packages/airflow/example_dags/example_kubernetes_executor.py took 0.341 seconds
[2021-05-08 01:08:29,998] {scheduler_job.py:182} INFO - Started process (PID=441031) to work on /home/navneetsajwan/airflow/etl/lib/python3.8/site-packages/airflow/example_dags/example_kubernetes_executor.py
[2021-05-08 01:08:30,005] {scheduler_job.py:629} INFO - Processing file /home/navneetsajwan/airflow/etl/lib/python3.8/site-packages/airflow/example_dags/example_kubernetes_executor.py for tasks to queue
[2021-05-08 01:08:30,006] {logging_mixin.py:104} INFO - [2021-05-08 01:08:30,006] {dagbag.py:451} INFO - Filling up the DagBag from /home/navneetsajwan/airflow/etl/lib/python3.8/site-packages/airflow/example_dags/example_kubernetes_executor.py
[2021-05-08 01:08:30,122] {scheduler_job.py:639} INFO - DAG(s) dict_keys(['example_kubernetes_executor']) retrieved from /home/navneetsajwan/airflow/etl/lib/python3.8/site-packages/airflow/example_dags/example_kubernetes_executor.py
[2021-05-08 01:08:30,245] {logging_mixin.py:104} INFO - [2021-05-08 01:08:30,244] {dag.py:1824} INFO - Sync 1 DAGs
[2021-05-08 01:08:30,361] {logging_mixin.py:104} INFO - [2021-05-08 01:08:30,360] {dag.py:2280} INFO - Setting next_dagrun for example_kubernetes_executor to None
[2021-05-08 01:08:30,487] {scheduler_job.py:190} INFO - Processing /home/navneetsajwan/airflow/etl/lib/python3.8/site-packages/airflow/example_dags/example_kubernetes_executor.py took 0.500 seconds
[2021-05-08 01:09:04,674] {scheduler_job.py:182} INFO - Started process (PID=441829) to work on /home/navneetsajwan/airflow/etl/lib/python3.8/site-packages/airflow/example_dags/example_kubernetes_executor.py
[2021-05-08 01:09:04,676] {scheduler_job.py:629} INFO - Processing file /home/navneetsajwan/airflow/etl/lib/python3.8/site-packages/airflow/example_dags/example_kubernetes_executor.py for tasks to queue
[2021-05-08 01:09:04,676] {logging_mixin.py:104} INFO - [2021-05-08 01:09:04,676] {dagbag.py:451} INFO - Filling up the DagBag from /home/navneetsajwan/airflow/etl/lib/python3.8/site-packages/airflow/example_dags/example_kubernetes_executor.py
[2021-05-08 01:09:04,700] {scheduler_job.py:639} INFO - DAG(s) dict_keys(['example_kubernetes_executor']) retrieved from /home/navneetsajwan/airflow/etl/lib/python3.8/site-packages/airflow/example_dags/example_kubernetes_executor.py
[2021-05-08 01:09:04,738] {logging_mixin.py:104} INFO - [2021-05-08 01:09:04,738] {dag.py:1824} INFO - Sync 1 DAGs
[2021-05-08 01:09:04,762] {logging_mixin.py:104} INFO - [2021-05-08 01:09:04,761] {dag.py:2280} INFO - Setting next_dagrun for example_kubernetes_executor to None
[2021-05-08 01:09:04,961] {scheduler_job.py:190} INFO - Processing /home/navneetsajwan/airflow/etl/lib/python3.8/site-packages/airflow/example_dags/example_kubernetes_executor.py took 0.294 seconds
[2021-05-08 01:09:38,459] {scheduler_job.py:182} INFO - Started process (PID=442361) to work on /home/navneetsajwan/airflow/etl/lib/python3.8/site-packages/airflow/example_dags/example_kubernetes_executor.py
[2021-05-08 01:09:38,461] {scheduler_job.py:629} INFO - Processing file /home/navneetsajwan/airflow/etl/lib/python3.8/site-packages/airflow/example_dags/example_kubernetes_executor.py for tasks to queue
[2021-05-08 01:09:38,462] {logging_mixin.py:104} INFO - [2021-05-08 01:09:38,462] {dagbag.py:451} INFO - Filling up the DagBag from /home/navneetsajwan/airflow/etl/lib/python3.8/site-packages/airflow/example_dags/example_kubernetes_executor.py
[2021-05-08 01:09:38,525] {scheduler_job.py:639} INFO - DAG(s) dict_keys(['example_kubernetes_executor']) retrieved from /home/navneetsajwan/airflow/etl/lib/python3.8/site-packages/airflow/example_dags/example_kubernetes_executor.py
[2021-05-08 01:09:38,557] {logging_mixin.py:104} INFO - [2021-05-08 01:09:38,557] {dag.py:1824} INFO - Sync 1 DAGs
[2021-05-08 01:09:38,593] {logging_mixin.py:104} INFO - [2021-05-08 01:09:38,592] {dag.py:2280} INFO - Setting next_dagrun for example_kubernetes_executor to None
[2021-05-08 01:09:38,763] {scheduler_job.py:190} INFO - Processing /home/navneetsajwan/airflow/etl/lib/python3.8/site-packages/airflow/example_dags/example_kubernetes_executor.py took 0.325 seconds
[2021-05-08 01:10:11,101] {scheduler_job.py:182} INFO - Started process (PID=442829) to work on /home/navneetsajwan/airflow/etl/lib/python3.8/site-packages/airflow/example_dags/example_kubernetes_executor.py
[2021-05-08 01:10:11,103] {scheduler_job.py:629} INFO - Processing file /home/navneetsajwan/airflow/etl/lib/python3.8/site-packages/airflow/example_dags/example_kubernetes_executor.py for tasks to queue
[2021-05-08 01:10:11,105] {logging_mixin.py:104} INFO - [2021-05-08 01:10:11,104] {dagbag.py:451} INFO - Filling up the DagBag from /home/navneetsajwan/airflow/etl/lib/python3.8/site-packages/airflow/example_dags/example_kubernetes_executor.py
[2021-05-08 01:10:11,175] {scheduler_job.py:639} INFO - DAG(s) dict_keys(['example_kubernetes_executor']) retrieved from /home/navneetsajwan/airflow/etl/lib/python3.8/site-packages/airflow/example_dags/example_kubernetes_executor.py
[2021-05-08 01:10:11,400] {logging_mixin.py:104} INFO - [2021-05-08 01:10:11,400] {dag.py:1824} INFO - Sync 1 DAGs
[2021-05-08 01:10:11,442] {logging_mixin.py:104} INFO - [2021-05-08 01:10:11,442] {dag.py:2280} INFO - Setting next_dagrun for example_kubernetes_executor to None
[2021-05-08 01:10:11,582] {scheduler_job.py:190} INFO - Processing /home/navneetsajwan/airflow/etl/lib/python3.8/site-packages/airflow/example_dags/example_kubernetes_executor.py took 0.487 seconds
[2021-05-08 01:10:43,973] {scheduler_job.py:182} INFO - Started process (PID=443508) to work on /home/navneetsajwan/airflow/etl/lib/python3.8/site-packages/airflow/example_dags/example_kubernetes_executor.py
[2021-05-08 01:10:43,974] {scheduler_job.py:629} INFO - Processing file /home/navneetsajwan/airflow/etl/lib/python3.8/site-packages/airflow/example_dags/example_kubernetes_executor.py for tasks to queue
[2021-05-08 01:10:43,975] {logging_mixin.py:104} INFO - [2021-05-08 01:10:43,975] {dagbag.py:451} INFO - Filling up the DagBag from /home/navneetsajwan/airflow/etl/lib/python3.8/site-packages/airflow/example_dags/example_kubernetes_executor.py
[2021-05-08 01:10:43,999] {scheduler_job.py:639} INFO - DAG(s) dict_keys(['example_kubernetes_executor']) retrieved from /home/navneetsajwan/airflow/etl/lib/python3.8/site-packages/airflow/example_dags/example_kubernetes_executor.py
[2021-05-08 01:10:44,036] {logging_mixin.py:104} INFO - [2021-05-08 01:10:44,036] {dag.py:1824} INFO - Sync 1 DAGs
[2021-05-08 01:10:44,057] {logging_mixin.py:104} INFO - [2021-05-08 01:10:44,057] {dag.py:2280} INFO - Setting next_dagrun for example_kubernetes_executor to None
[2021-05-08 01:10:44,298] {scheduler_job.py:190} INFO - Processing /home/navneetsajwan/airflow/etl/lib/python3.8/site-packages/airflow/example_dags/example_kubernetes_executor.py took 0.331 seconds
[2021-05-08 01:11:17,151] {scheduler_job.py:182} INFO - Started process (PID=444077) to work on /home/navneetsajwan/airflow/etl/lib/python3.8/site-packages/airflow/example_dags/example_kubernetes_executor.py
[2021-05-08 01:11:17,160] {scheduler_job.py:629} INFO - Processing file /home/navneetsajwan/airflow/etl/lib/python3.8/site-packages/airflow/example_dags/example_kubernetes_executor.py for tasks to queue
[2021-05-08 01:11:17,162] {logging_mixin.py:104} INFO - [2021-05-08 01:11:17,161] {dagbag.py:451} INFO - Filling up the DagBag from /home/navneetsajwan/airflow/etl/lib/python3.8/site-packages/airflow/example_dags/example_kubernetes_executor.py
[2021-05-08 01:11:17,368] {scheduler_job.py:639} INFO - DAG(s) dict_keys(['example_kubernetes_executor']) retrieved from /home/navneetsajwan/airflow/etl/lib/python3.8/site-packages/airflow/example_dags/example_kubernetes_executor.py
[2021-05-08 01:11:17,405] {logging_mixin.py:104} INFO - [2021-05-08 01:11:17,405] {dag.py:1824} INFO - Sync 1 DAGs
[2021-05-08 01:11:17,447] {logging_mixin.py:104} INFO - [2021-05-08 01:11:17,447] {dag.py:2280} INFO - Setting next_dagrun for example_kubernetes_executor to None
[2021-05-08 01:11:17,695] {scheduler_job.py:190} INFO - Processing /home/navneetsajwan/airflow/etl/lib/python3.8/site-packages/airflow/example_dags/example_kubernetes_executor.py took 0.567 seconds
[2021-05-08 01:14:54,068] {scheduler_job.py:182} INFO - Started process (PID=447638) to work on /home/navneetsajwan/airflow/etl/lib/python3.8/site-packages/airflow/example_dags/example_kubernetes_executor.py
[2021-05-08 01:14:54,069] {scheduler_job.py:629} INFO - Processing file /home/navneetsajwan/airflow/etl/lib/python3.8/site-packages/airflow/example_dags/example_kubernetes_executor.py for tasks to queue
[2021-05-08 01:14:54,070] {logging_mixin.py:104} INFO - [2021-05-08 01:14:54,070] {dagbag.py:451} INFO - Filling up the DagBag from /home/navneetsajwan/airflow/etl/lib/python3.8/site-packages/airflow/example_dags/example_kubernetes_executor.py
[2021-05-08 01:14:54,081] {scheduler_job.py:639} INFO - DAG(s) dict_keys(['example_kubernetes_executor']) retrieved from /home/navneetsajwan/airflow/etl/lib/python3.8/site-packages/airflow/example_dags/example_kubernetes_executor.py
[2021-05-08 01:14:54,097] {logging_mixin.py:104} INFO - [2021-05-08 01:14:54,097] {dag.py:1824} INFO - Sync 1 DAGs
[2021-05-08 01:14:54,108] {logging_mixin.py:104} INFO - [2021-05-08 01:14:54,108] {dag.py:2280} INFO - Setting next_dagrun for example_kubernetes_executor to None
[2021-05-08 01:14:54,190] {scheduler_job.py:190} INFO - Processing /home/navneetsajwan/airflow/etl/lib/python3.8/site-packages/airflow/example_dags/example_kubernetes_executor.py took 0.126 seconds
[2021-05-08 01:15:25,294] {scheduler_job.py:182} INFO - Started process (PID=448068) to work on /home/navneetsajwan/airflow/etl/lib/python3.8/site-packages/airflow/example_dags/example_kubernetes_executor.py
[2021-05-08 01:15:25,296] {scheduler_job.py:629} INFO - Processing file /home/navneetsajwan/airflow/etl/lib/python3.8/site-packages/airflow/example_dags/example_kubernetes_executor.py for tasks to queue
[2021-05-08 01:15:25,297] {logging_mixin.py:104} INFO - [2021-05-08 01:15:25,297] {dagbag.py:451} INFO - Filling up the DagBag from /home/navneetsajwan/airflow/etl/lib/python3.8/site-packages/airflow/example_dags/example_kubernetes_executor.py
[2021-05-08 01:15:25,318] {scheduler_job.py:639} INFO - DAG(s) dict_keys(['example_kubernetes_executor']) retrieved from /home/navneetsajwan/airflow/etl/lib/python3.8/site-packages/airflow/example_dags/example_kubernetes_executor.py
[2021-05-08 01:15:25,339] {logging_mixin.py:104} INFO - [2021-05-08 01:15:25,339] {dag.py:1824} INFO - Sync 1 DAGs
[2021-05-08 01:15:25,351] {logging_mixin.py:104} INFO - [2021-05-08 01:15:25,351] {dag.py:2280} INFO - Setting next_dagrun for example_kubernetes_executor to None
[2021-05-08 01:15:25,438] {scheduler_job.py:190} INFO - Processing /home/navneetsajwan/airflow/etl/lib/python3.8/site-packages/airflow/example_dags/example_kubernetes_executor.py took 0.149 seconds
[2021-05-08 01:15:56,459] {scheduler_job.py:182} INFO - Started process (PID=448848) to work on /home/navneetsajwan/airflow/etl/lib/python3.8/site-packages/airflow/example_dags/example_kubernetes_executor.py
[2021-05-08 01:15:56,462] {scheduler_job.py:629} INFO - Processing file /home/navneetsajwan/airflow/etl/lib/python3.8/site-packages/airflow/example_dags/example_kubernetes_executor.py for tasks to queue
[2021-05-08 01:15:56,464] {logging_mixin.py:104} INFO - [2021-05-08 01:15:56,463] {dagbag.py:451} INFO - Filling up the DagBag from /home/navneetsajwan/airflow/etl/lib/python3.8/site-packages/airflow/example_dags/example_kubernetes_executor.py
[2021-05-08 01:15:56,474] {scheduler_job.py:639} INFO - DAG(s) dict_keys(['example_kubernetes_executor']) retrieved from /home/navneetsajwan/airflow/etl/lib/python3.8/site-packages/airflow/example_dags/example_kubernetes_executor.py
[2021-05-08 01:15:56,495] {logging_mixin.py:104} INFO - [2021-05-08 01:15:56,495] {dag.py:1824} INFO - Sync 1 DAGs
[2021-05-08 01:15:56,521] {logging_mixin.py:104} INFO - [2021-05-08 01:15:56,520] {dag.py:2280} INFO - Setting next_dagrun for example_kubernetes_executor to None
[2021-05-08 01:15:56,660] {scheduler_job.py:190} INFO - Processing /home/navneetsajwan/airflow/etl/lib/python3.8/site-packages/airflow/example_dags/example_kubernetes_executor.py took 0.205 seconds
[2021-05-08 01:16:28,906] {scheduler_job.py:182} INFO - Started process (PID=449306) to work on /home/navneetsajwan/airflow/etl/lib/python3.8/site-packages/airflow/example_dags/example_kubernetes_executor.py
[2021-05-08 01:16:28,908] {scheduler_job.py:629} INFO - Processing file /home/navneetsajwan/airflow/etl/lib/python3.8/site-packages/airflow/example_dags/example_kubernetes_executor.py for tasks to queue
[2021-05-08 01:16:28,909] {logging_mixin.py:104} INFO - [2021-05-08 01:16:28,908] {dagbag.py:451} INFO - Filling up the DagBag from /home/navneetsajwan/airflow/etl/lib/python3.8/site-packages/airflow/example_dags/example_kubernetes_executor.py
[2021-05-08 01:16:28,920] {scheduler_job.py:639} INFO - DAG(s) dict_keys(['example_kubernetes_executor']) retrieved from /home/navneetsajwan/airflow/etl/lib/python3.8/site-packages/airflow/example_dags/example_kubernetes_executor.py
[2021-05-08 01:16:28,946] {logging_mixin.py:104} INFO - [2021-05-08 01:16:28,946] {dag.py:1824} INFO - Sync 1 DAGs
[2021-05-08 01:16:28,964] {logging_mixin.py:104} INFO - [2021-05-08 01:16:28,964] {dag.py:2280} INFO - Setting next_dagrun for example_kubernetes_executor to None
[2021-05-08 01:16:29,100] {scheduler_job.py:190} INFO - Processing /home/navneetsajwan/airflow/etl/lib/python3.8/site-packages/airflow/example_dags/example_kubernetes_executor.py took 0.211 seconds
[2021-05-08 01:17:04,222] {scheduler_job.py:182} INFO - Started process (PID=449853) to work on /home/navneetsajwan/airflow/etl/lib/python3.8/site-packages/airflow/example_dags/example_kubernetes_executor.py
[2021-05-08 01:17:04,233] {scheduler_job.py:629} INFO - Processing file /home/navneetsajwan/airflow/etl/lib/python3.8/site-packages/airflow/example_dags/example_kubernetes_executor.py for tasks to queue
[2021-05-08 01:17:04,243] {logging_mixin.py:104} INFO - [2021-05-08 01:17:04,242] {dagbag.py:451} INFO - Filling up the DagBag from /home/navneetsajwan/airflow/etl/lib/python3.8/site-packages/airflow/example_dags/example_kubernetes_executor.py
[2021-05-08 01:17:04,327] {scheduler_job.py:639} INFO - DAG(s) dict_keys(['example_kubernetes_executor']) retrieved from /home/navneetsajwan/airflow/etl/lib/python3.8/site-packages/airflow/example_dags/example_kubernetes_executor.py
[2021-05-08 01:17:04,454] {logging_mixin.py:104} INFO - [2021-05-08 01:17:04,454] {dag.py:1824} INFO - Sync 1 DAGs
[2021-05-08 01:17:04,496] {logging_mixin.py:104} INFO - [2021-05-08 01:17:04,496] {dag.py:2280} INFO - Setting next_dagrun for example_kubernetes_executor to None
[2021-05-08 01:17:04,620] {scheduler_job.py:190} INFO - Processing /home/navneetsajwan/airflow/etl/lib/python3.8/site-packages/airflow/example_dags/example_kubernetes_executor.py took 0.459 seconds
[2021-05-08 01:17:35,330] {scheduler_job.py:182} INFO - Started process (PID=450604) to work on /home/navneetsajwan/airflow/etl/lib/python3.8/site-packages/airflow/example_dags/example_kubernetes_executor.py
[2021-05-08 01:17:35,333] {scheduler_job.py:629} INFO - Processing file /home/navneetsajwan/airflow/etl/lib/python3.8/site-packages/airflow/example_dags/example_kubernetes_executor.py for tasks to queue
[2021-05-08 01:17:35,335] {logging_mixin.py:104} INFO - [2021-05-08 01:17:35,334] {dagbag.py:451} INFO - Filling up the DagBag from /home/navneetsajwan/airflow/etl/lib/python3.8/site-packages/airflow/example_dags/example_kubernetes_executor.py
[2021-05-08 01:17:35,348] {scheduler_job.py:639} INFO - DAG(s) dict_keys(['example_kubernetes_executor']) retrieved from /home/navneetsajwan/airflow/etl/lib/python3.8/site-packages/airflow/example_dags/example_kubernetes_executor.py
[2021-05-08 01:17:35,377] {logging_mixin.py:104} INFO - [2021-05-08 01:17:35,377] {dag.py:1824} INFO - Sync 1 DAGs
[2021-05-08 01:17:35,406] {logging_mixin.py:104} INFO - [2021-05-08 01:17:35,406] {dag.py:2280} INFO - Setting next_dagrun for example_kubernetes_executor to None
[2021-05-08 01:17:35,578] {scheduler_job.py:190} INFO - Processing /home/navneetsajwan/airflow/etl/lib/python3.8/site-packages/airflow/example_dags/example_kubernetes_executor.py took 0.254 seconds
[2021-05-08 01:18:05,985] {scheduler_job.py:182} INFO - Started process (PID=451115) to work on /home/navneetsajwan/airflow/etl/lib/python3.8/site-packages/airflow/example_dags/example_kubernetes_executor.py
[2021-05-08 01:18:05,989] {scheduler_job.py:629} INFO - Processing file /home/navneetsajwan/airflow/etl/lib/python3.8/site-packages/airflow/example_dags/example_kubernetes_executor.py for tasks to queue
[2021-05-08 01:18:05,991] {logging_mixin.py:104} INFO - [2021-05-08 01:18:05,990] {dagbag.py:451} INFO - Filling up the DagBag from /home/navneetsajwan/airflow/etl/lib/python3.8/site-packages/airflow/example_dags/example_kubernetes_executor.py
[2021-05-08 01:18:06,010] {scheduler_job.py:639} INFO - DAG(s) dict_keys(['example_kubernetes_executor']) retrieved from /home/navneetsajwan/airflow/etl/lib/python3.8/site-packages/airflow/example_dags/example_kubernetes_executor.py
[2021-05-08 01:18:06,088] {logging_mixin.py:104} INFO - [2021-05-08 01:18:06,087] {dag.py:1824} INFO - Sync 1 DAGs
[2021-05-08 01:18:06,137] {logging_mixin.py:104} INFO - [2021-05-08 01:18:06,137] {dag.py:2280} INFO - Setting next_dagrun for example_kubernetes_executor to None
[2021-05-08 01:18:06,344] {scheduler_job.py:190} INFO - Processing /home/navneetsajwan/airflow/etl/lib/python3.8/site-packages/airflow/example_dags/example_kubernetes_executor.py took 0.364 seconds
[2021-05-08 01:18:36,872] {scheduler_job.py:182} INFO - Started process (PID=451548) to work on /home/navneetsajwan/airflow/etl/lib/python3.8/site-packages/airflow/example_dags/example_kubernetes_executor.py
[2021-05-08 01:18:36,874] {scheduler_job.py:629} INFO - Processing file /home/navneetsajwan/airflow/etl/lib/python3.8/site-packages/airflow/example_dags/example_kubernetes_executor.py for tasks to queue
[2021-05-08 01:18:36,887] {logging_mixin.py:104} INFO - [2021-05-08 01:18:36,887] {dagbag.py:451} INFO - Filling up the DagBag from /home/navneetsajwan/airflow/etl/lib/python3.8/site-packages/airflow/example_dags/example_kubernetes_executor.py
[2021-05-08 01:18:36,907] {scheduler_job.py:639} INFO - DAG(s) dict_keys(['example_kubernetes_executor']) retrieved from /home/navneetsajwan/airflow/etl/lib/python3.8/site-packages/airflow/example_dags/example_kubernetes_executor.py
[2021-05-08 01:18:36,958] {logging_mixin.py:104} INFO - [2021-05-08 01:18:36,958] {dag.py:1824} INFO - Sync 1 DAGs
[2021-05-08 01:18:37,000] {logging_mixin.py:104} INFO - [2021-05-08 01:18:37,000] {dag.py:2280} INFO - Setting next_dagrun for example_kubernetes_executor to None
[2021-05-08 01:18:37,241] {scheduler_job.py:190} INFO - Processing /home/navneetsajwan/airflow/etl/lib/python3.8/site-packages/airflow/example_dags/example_kubernetes_executor.py took 0.370 seconds
[2021-05-08 01:19:13,509] {scheduler_job.py:182} INFO - Started process (PID=452384) to work on /home/navneetsajwan/airflow/etl/lib/python3.8/site-packages/airflow/example_dags/example_kubernetes_executor.py
[2021-05-08 01:19:13,518] {scheduler_job.py:629} INFO - Processing file /home/navneetsajwan/airflow/etl/lib/python3.8/site-packages/airflow/example_dags/example_kubernetes_executor.py for tasks to queue
[2021-05-08 01:19:13,519] {logging_mixin.py:104} INFO - [2021-05-08 01:19:13,519] {dagbag.py:451} INFO - Filling up the DagBag from /home/navneetsajwan/airflow/etl/lib/python3.8/site-packages/airflow/example_dags/example_kubernetes_executor.py
[2021-05-08 01:19:13,531] {scheduler_job.py:639} INFO - DAG(s) dict_keys(['example_kubernetes_executor']) retrieved from /home/navneetsajwan/airflow/etl/lib/python3.8/site-packages/airflow/example_dags/example_kubernetes_executor.py
[2021-05-08 01:19:13,554] {logging_mixin.py:104} INFO - [2021-05-08 01:19:13,554] {dag.py:1824} INFO - Sync 1 DAGs
[2021-05-08 01:19:13,572] {logging_mixin.py:104} INFO - [2021-05-08 01:19:13,572] {dag.py:2280} INFO - Setting next_dagrun for example_kubernetes_executor to None
[2021-05-08 01:19:13,705] {scheduler_job.py:190} INFO - Processing /home/navneetsajwan/airflow/etl/lib/python3.8/site-packages/airflow/example_dags/example_kubernetes_executor.py took 0.204 seconds
[2021-05-08 01:19:48,672] {scheduler_job.py:182} INFO - Started process (PID=452896) to work on /home/navneetsajwan/airflow/etl/lib/python3.8/site-packages/airflow/example_dags/example_kubernetes_executor.py
[2021-05-08 01:19:48,674] {scheduler_job.py:629} INFO - Processing file /home/navneetsajwan/airflow/etl/lib/python3.8/site-packages/airflow/example_dags/example_kubernetes_executor.py for tasks to queue
[2021-05-08 01:19:48,674] {logging_mixin.py:104} INFO - [2021-05-08 01:19:48,674] {dagbag.py:451} INFO - Filling up the DagBag from /home/navneetsajwan/airflow/etl/lib/python3.8/site-packages/airflow/example_dags/example_kubernetes_executor.py
[2021-05-08 01:19:48,684] {scheduler_job.py:639} INFO - DAG(s) dict_keys(['example_kubernetes_executor']) retrieved from /home/navneetsajwan/airflow/etl/lib/python3.8/site-packages/airflow/example_dags/example_kubernetes_executor.py
[2021-05-08 01:19:48,708] {logging_mixin.py:104} INFO - [2021-05-08 01:19:48,707] {dag.py:1824} INFO - Sync 1 DAGs
[2021-05-08 01:19:48,722] {logging_mixin.py:104} INFO - [2021-05-08 01:19:48,722] {dag.py:2280} INFO - Setting next_dagrun for example_kubernetes_executor to None
[2021-05-08 01:19:48,818] {scheduler_job.py:190} INFO - Processing /home/navneetsajwan/airflow/etl/lib/python3.8/site-packages/airflow/example_dags/example_kubernetes_executor.py took 0.149 seconds
[2021-05-08 01:20:27,141] {scheduler_job.py:182} INFO - Started process (PID=453423) to work on /home/navneetsajwan/airflow/etl/lib/python3.8/site-packages/airflow/example_dags/example_kubernetes_executor.py
[2021-05-08 01:20:27,142] {scheduler_job.py:629} INFO - Processing file /home/navneetsajwan/airflow/etl/lib/python3.8/site-packages/airflow/example_dags/example_kubernetes_executor.py for tasks to queue
[2021-05-08 01:20:27,176] {logging_mixin.py:104} INFO - [2021-05-08 01:20:27,176] {dagbag.py:451} INFO - Filling up the DagBag from /home/navneetsajwan/airflow/etl/lib/python3.8/site-packages/airflow/example_dags/example_kubernetes_executor.py
[2021-05-08 01:20:27,279] {scheduler_job.py:639} INFO - DAG(s) dict_keys(['example_kubernetes_executor']) retrieved from /home/navneetsajwan/airflow/etl/lib/python3.8/site-packages/airflow/example_dags/example_kubernetes_executor.py
[2021-05-08 01:20:27,455] {logging_mixin.py:104} INFO - [2021-05-08 01:20:27,455] {dag.py:1824} INFO - Sync 1 DAGs
[2021-05-08 01:20:27,629] {logging_mixin.py:104} INFO - [2021-05-08 01:20:27,629] {dag.py:2280} INFO - Setting next_dagrun for example_kubernetes_executor to None
[2021-05-08 01:20:27,834] {scheduler_job.py:190} INFO - Processing /home/navneetsajwan/airflow/etl/lib/python3.8/site-packages/airflow/example_dags/example_kubernetes_executor.py took 0.738 seconds
[2021-05-08 01:21:05,976] {scheduler_job.py:182} INFO - Started process (PID=454345) to work on /home/navneetsajwan/airflow/etl/lib/python3.8/site-packages/airflow/example_dags/example_kubernetes_executor.py
[2021-05-08 01:21:05,987] {scheduler_job.py:629} INFO - Processing file /home/navneetsajwan/airflow/etl/lib/python3.8/site-packages/airflow/example_dags/example_kubernetes_executor.py for tasks to queue
[2021-05-08 01:21:05,989] {logging_mixin.py:104} INFO - [2021-05-08 01:21:05,988] {dagbag.py:451} INFO - Filling up the DagBag from /home/navneetsajwan/airflow/etl/lib/python3.8/site-packages/airflow/example_dags/example_kubernetes_executor.py
[2021-05-08 01:21:06,004] {scheduler_job.py:639} INFO - DAG(s) dict_keys(['example_kubernetes_executor']) retrieved from /home/navneetsajwan/airflow/etl/lib/python3.8/site-packages/airflow/example_dags/example_kubernetes_executor.py
[2021-05-08 01:21:06,042] {logging_mixin.py:104} INFO - [2021-05-08 01:21:06,042] {dag.py:1824} INFO - Sync 1 DAGs
[2021-05-08 01:21:06,060] {logging_mixin.py:104} INFO - [2021-05-08 01:21:06,060] {dag.py:2280} INFO - Setting next_dagrun for example_kubernetes_executor to None
[2021-05-08 01:21:06,181] {scheduler_job.py:190} INFO - Processing /home/navneetsajwan/airflow/etl/lib/python3.8/site-packages/airflow/example_dags/example_kubernetes_executor.py took 0.210 seconds
[2021-05-08 01:21:39,074] {scheduler_job.py:182} INFO - Started process (PID=454782) to work on /home/navneetsajwan/airflow/etl/lib/python3.8/site-packages/airflow/example_dags/example_kubernetes_executor.py
[2021-05-08 01:21:39,090] {scheduler_job.py:629} INFO - Processing file /home/navneetsajwan/airflow/etl/lib/python3.8/site-packages/airflow/example_dags/example_kubernetes_executor.py for tasks to queue
[2021-05-08 01:21:39,097] {logging_mixin.py:104} INFO - [2021-05-08 01:21:39,097] {dagbag.py:451} INFO - Filling up the DagBag from /home/navneetsajwan/airflow/etl/lib/python3.8/site-packages/airflow/example_dags/example_kubernetes_executor.py
[2021-05-08 01:21:39,130] {scheduler_job.py:639} INFO - DAG(s) dict_keys(['example_kubernetes_executor']) retrieved from /home/navneetsajwan/airflow/etl/lib/python3.8/site-packages/airflow/example_dags/example_kubernetes_executor.py
[2021-05-08 01:21:39,199] {logging_mixin.py:104} INFO - [2021-05-08 01:21:39,199] {dag.py:1824} INFO - Sync 1 DAGs
[2021-05-08 01:21:39,250] {logging_mixin.py:104} INFO - [2021-05-08 01:21:39,250] {dag.py:2280} INFO - Setting next_dagrun for example_kubernetes_executor to None
[2021-05-08 01:21:39,582] {scheduler_job.py:190} INFO - Processing /home/navneetsajwan/airflow/etl/lib/python3.8/site-packages/airflow/example_dags/example_kubernetes_executor.py took 0.515 seconds
[2021-05-08 01:22:11,313] {scheduler_job.py:182} INFO - Started process (PID=455231) to work on /home/navneetsajwan/airflow/etl/lib/python3.8/site-packages/airflow/example_dags/example_kubernetes_executor.py
[2021-05-08 01:22:11,314] {scheduler_job.py:629} INFO - Processing file /home/navneetsajwan/airflow/etl/lib/python3.8/site-packages/airflow/example_dags/example_kubernetes_executor.py for tasks to queue
[2021-05-08 01:22:11,322] {logging_mixin.py:104} INFO - [2021-05-08 01:22:11,322] {dagbag.py:451} INFO - Filling up the DagBag from /home/navneetsajwan/airflow/etl/lib/python3.8/site-packages/airflow/example_dags/example_kubernetes_executor.py
[2021-05-08 01:22:11,343] {scheduler_job.py:639} INFO - DAG(s) dict_keys(['example_kubernetes_executor']) retrieved from /home/navneetsajwan/airflow/etl/lib/python3.8/site-packages/airflow/example_dags/example_kubernetes_executor.py
[2021-05-08 01:22:11,374] {logging_mixin.py:104} INFO - [2021-05-08 01:22:11,374] {dag.py:1824} INFO - Sync 1 DAGs
[2021-05-08 01:22:11,447] {logging_mixin.py:104} INFO - [2021-05-08 01:22:11,446] {dag.py:2280} INFO - Setting next_dagrun for example_kubernetes_executor to None
[2021-05-08 01:22:11,551] {scheduler_job.py:190} INFO - Processing /home/navneetsajwan/airflow/etl/lib/python3.8/site-packages/airflow/example_dags/example_kubernetes_executor.py took 0.251 seconds
[2021-05-08 01:22:53,040] {scheduler_job.py:182} INFO - Started process (PID=456115) to work on /home/navneetsajwan/airflow/etl/lib/python3.8/site-packages/airflow/example_dags/example_kubernetes_executor.py
[2021-05-08 01:22:53,041] {scheduler_job.py:629} INFO - Processing file /home/navneetsajwan/airflow/etl/lib/python3.8/site-packages/airflow/example_dags/example_kubernetes_executor.py for tasks to queue
[2021-05-08 01:22:53,042] {logging_mixin.py:104} INFO - [2021-05-08 01:22:53,042] {dagbag.py:451} INFO - Filling up the DagBag from /home/navneetsajwan/airflow/etl/lib/python3.8/site-packages/airflow/example_dags/example_kubernetes_executor.py
[2021-05-08 01:22:53,054] {scheduler_job.py:639} INFO - DAG(s) dict_keys(['example_kubernetes_executor']) retrieved from /home/navneetsajwan/airflow/etl/lib/python3.8/site-packages/airflow/example_dags/example_kubernetes_executor.py
[2021-05-08 01:22:53,078] {logging_mixin.py:104} INFO - [2021-05-08 01:22:53,078] {dag.py:1824} INFO - Sync 1 DAGs
[2021-05-08 01:22:53,096] {logging_mixin.py:104} INFO - [2021-05-08 01:22:53,096] {dag.py:2280} INFO - Setting next_dagrun for example_kubernetes_executor to None
[2021-05-08 01:22:53,232] {scheduler_job.py:190} INFO - Processing /home/navneetsajwan/airflow/etl/lib/python3.8/site-packages/airflow/example_dags/example_kubernetes_executor.py took 0.196 seconds
[2021-05-08 01:23:23,802] {scheduler_job.py:182} INFO - Started process (PID=456541) to work on /home/navneetsajwan/airflow/etl/lib/python3.8/site-packages/airflow/example_dags/example_kubernetes_executor.py
[2021-05-08 01:23:23,804] {scheduler_job.py:629} INFO - Processing file /home/navneetsajwan/airflow/etl/lib/python3.8/site-packages/airflow/example_dags/example_kubernetes_executor.py for tasks to queue
[2021-05-08 01:23:23,805] {logging_mixin.py:104} INFO - [2021-05-08 01:23:23,805] {dagbag.py:451} INFO - Filling up the DagBag from /home/navneetsajwan/airflow/etl/lib/python3.8/site-packages/airflow/example_dags/example_kubernetes_executor.py
[2021-05-08 01:23:23,837] {scheduler_job.py:639} INFO - DAG(s) dict_keys(['example_kubernetes_executor']) retrieved from /home/navneetsajwan/airflow/etl/lib/python3.8/site-packages/airflow/example_dags/example_kubernetes_executor.py
[2021-05-08 01:23:23,855] {logging_mixin.py:104} INFO - [2021-05-08 01:23:23,855] {dag.py:1824} INFO - Sync 1 DAGs
[2021-05-08 01:23:23,869] {logging_mixin.py:104} INFO - [2021-05-08 01:23:23,868] {dag.py:2280} INFO - Setting next_dagrun for example_kubernetes_executor to None
[2021-05-08 01:23:23,957] {scheduler_job.py:190} INFO - Processing /home/navneetsajwan/airflow/etl/lib/python3.8/site-packages/airflow/example_dags/example_kubernetes_executor.py took 0.171 seconds
[2021-05-08 01:23:54,170] {scheduler_job.py:182} INFO - Started process (PID=456973) to work on /home/navneetsajwan/airflow/etl/lib/python3.8/site-packages/airflow/example_dags/example_kubernetes_executor.py
[2021-05-08 01:23:54,171] {scheduler_job.py:629} INFO - Processing file /home/navneetsajwan/airflow/etl/lib/python3.8/site-packages/airflow/example_dags/example_kubernetes_executor.py for tasks to queue
[2021-05-08 01:23:54,172] {logging_mixin.py:104} INFO - [2021-05-08 01:23:54,171] {dagbag.py:451} INFO - Filling up the DagBag from /home/navneetsajwan/airflow/etl/lib/python3.8/site-packages/airflow/example_dags/example_kubernetes_executor.py
[2021-05-08 01:23:54,180] {scheduler_job.py:639} INFO - DAG(s) dict_keys(['example_kubernetes_executor']) retrieved from /home/navneetsajwan/airflow/etl/lib/python3.8/site-packages/airflow/example_dags/example_kubernetes_executor.py
[2021-05-08 01:23:54,197] {logging_mixin.py:104} INFO - [2021-05-08 01:23:54,197] {dag.py:1824} INFO - Sync 1 DAGs
[2021-05-08 01:23:54,208] {logging_mixin.py:104} INFO - [2021-05-08 01:23:54,208] {dag.py:2280} INFO - Setting next_dagrun for example_kubernetes_executor to None
[2021-05-08 01:23:54,324] {scheduler_job.py:190} INFO - Processing /home/navneetsajwan/airflow/etl/lib/python3.8/site-packages/airflow/example_dags/example_kubernetes_executor.py took 0.157 seconds
[2021-05-08 01:24:30,009] {scheduler_job.py:182} INFO - Started process (PID=457800) to work on /home/navneetsajwan/airflow/etl/lib/python3.8/site-packages/airflow/example_dags/example_kubernetes_executor.py
[2021-05-08 01:24:30,013] {scheduler_job.py:629} INFO - Processing file /home/navneetsajwan/airflow/etl/lib/python3.8/site-packages/airflow/example_dags/example_kubernetes_executor.py for tasks to queue
[2021-05-08 01:24:30,018] {logging_mixin.py:104} INFO - [2021-05-08 01:24:30,017] {dagbag.py:451} INFO - Filling up the DagBag from /home/navneetsajwan/airflow/etl/lib/python3.8/site-packages/airflow/example_dags/example_kubernetes_executor.py
[2021-05-08 01:24:30,076] {scheduler_job.py:639} INFO - DAG(s) dict_keys(['example_kubernetes_executor']) retrieved from /home/navneetsajwan/airflow/etl/lib/python3.8/site-packages/airflow/example_dags/example_kubernetes_executor.py
[2021-05-08 01:24:30,114] {logging_mixin.py:104} INFO - [2021-05-08 01:24:30,114] {dag.py:1824} INFO - Sync 1 DAGs
[2021-05-08 01:24:30,223] {logging_mixin.py:104} INFO - [2021-05-08 01:24:30,223] {dag.py:2280} INFO - Setting next_dagrun for example_kubernetes_executor to None
[2021-05-08 01:24:30,517] {scheduler_job.py:190} INFO - Processing /home/navneetsajwan/airflow/etl/lib/python3.8/site-packages/airflow/example_dags/example_kubernetes_executor.py took 0.538 seconds
[2021-05-08 01:25:05,300] {scheduler_job.py:182} INFO - Started process (PID=458472) to work on /home/navneetsajwan/airflow/etl/lib/python3.8/site-packages/airflow/example_dags/example_kubernetes_executor.py
[2021-05-08 01:25:05,304] {scheduler_job.py:629} INFO - Processing file /home/navneetsajwan/airflow/etl/lib/python3.8/site-packages/airflow/example_dags/example_kubernetes_executor.py for tasks to queue
[2021-05-08 01:25:05,306] {logging_mixin.py:104} INFO - [2021-05-08 01:25:05,306] {dagbag.py:451} INFO - Filling up the DagBag from /home/navneetsajwan/airflow/etl/lib/python3.8/site-packages/airflow/example_dags/example_kubernetes_executor.py
[2021-05-08 01:25:05,327] {scheduler_job.py:639} INFO - DAG(s) dict_keys(['example_kubernetes_executor']) retrieved from /home/navneetsajwan/airflow/etl/lib/python3.8/site-packages/airflow/example_dags/example_kubernetes_executor.py
[2021-05-08 01:25:05,363] {logging_mixin.py:104} INFO - [2021-05-08 01:25:05,363] {dag.py:1824} INFO - Sync 1 DAGs
[2021-05-08 01:25:05,393] {logging_mixin.py:104} INFO - [2021-05-08 01:25:05,393] {dag.py:2280} INFO - Setting next_dagrun for example_kubernetes_executor to None
[2021-05-08 01:25:05,651] {scheduler_job.py:190} INFO - Processing /home/navneetsajwan/airflow/etl/lib/python3.8/site-packages/airflow/example_dags/example_kubernetes_executor.py took 0.356 seconds
[2021-05-08 01:26:24,669] {scheduler_job.py:182} INFO - Started process (PID=459860) to work on /home/navneetsajwan/airflow/etl/lib/python3.8/site-packages/airflow/example_dags/example_kubernetes_executor.py
[2021-05-08 01:26:24,679] {scheduler_job.py:629} INFO - Processing file /home/navneetsajwan/airflow/etl/lib/python3.8/site-packages/airflow/example_dags/example_kubernetes_executor.py for tasks to queue
[2021-05-08 01:26:24,684] {logging_mixin.py:104} INFO - [2021-05-08 01:26:24,683] {dagbag.py:451} INFO - Filling up the DagBag from /home/navneetsajwan/airflow/etl/lib/python3.8/site-packages/airflow/example_dags/example_kubernetes_executor.py
[2021-05-08 01:26:24,723] {scheduler_job.py:639} INFO - DAG(s) dict_keys(['example_kubernetes_executor']) retrieved from /home/navneetsajwan/airflow/etl/lib/python3.8/site-packages/airflow/example_dags/example_kubernetes_executor.py
[2021-05-08 01:26:24,770] {logging_mixin.py:104} INFO - [2021-05-08 01:26:24,769] {dag.py:1824} INFO - Sync 1 DAGs
[2021-05-08 01:26:24,822] {logging_mixin.py:104} INFO - [2021-05-08 01:26:24,822] {dag.py:2280} INFO - Setting next_dagrun for example_kubernetes_executor to None
[2021-05-08 01:26:24,997] {scheduler_job.py:190} INFO - Processing /home/navneetsajwan/airflow/etl/lib/python3.8/site-packages/airflow/example_dags/example_kubernetes_executor.py took 0.340 seconds
[2021-05-08 01:27:01,806] {scheduler_job.py:182} INFO - Started process (PID=460507) to work on /home/navneetsajwan/airflow/etl/lib/python3.8/site-packages/airflow/example_dags/example_kubernetes_executor.py
[2021-05-08 01:27:01,812] {scheduler_job.py:629} INFO - Processing file /home/navneetsajwan/airflow/etl/lib/python3.8/site-packages/airflow/example_dags/example_kubernetes_executor.py for tasks to queue
[2021-05-08 01:27:01,818] {logging_mixin.py:104} INFO - [2021-05-08 01:27:01,818] {dagbag.py:451} INFO - Filling up the DagBag from /home/navneetsajwan/airflow/etl/lib/python3.8/site-packages/airflow/example_dags/example_kubernetes_executor.py
[2021-05-08 01:27:01,834] {scheduler_job.py:639} INFO - DAG(s) dict_keys(['example_kubernetes_executor']) retrieved from /home/navneetsajwan/airflow/etl/lib/python3.8/site-packages/airflow/example_dags/example_kubernetes_executor.py
[2021-05-08 01:27:01,867] {logging_mixin.py:104} INFO - [2021-05-08 01:27:01,866] {dag.py:1824} INFO - Sync 1 DAGs
[2021-05-08 01:27:01,900] {logging_mixin.py:104} INFO - [2021-05-08 01:27:01,900] {dag.py:2280} INFO - Setting next_dagrun for example_kubernetes_executor to None
[2021-05-08 01:27:02,058] {scheduler_job.py:190} INFO - Processing /home/navneetsajwan/airflow/etl/lib/python3.8/site-packages/airflow/example_dags/example_kubernetes_executor.py took 0.260 seconds
[2021-05-08 01:27:47,020] {scheduler_job.py:182} INFO - Started process (PID=461344) to work on /home/navneetsajwan/airflow/etl/lib/python3.8/site-packages/airflow/example_dags/example_kubernetes_executor.py
[2021-05-08 01:27:47,022] {scheduler_job.py:629} INFO - Processing file /home/navneetsajwan/airflow/etl/lib/python3.8/site-packages/airflow/example_dags/example_kubernetes_executor.py for tasks to queue
[2021-05-08 01:27:47,028] {logging_mixin.py:104} INFO - [2021-05-08 01:27:47,026] {dagbag.py:451} INFO - Filling up the DagBag from /home/navneetsajwan/airflow/etl/lib/python3.8/site-packages/airflow/example_dags/example_kubernetes_executor.py
[2021-05-08 01:27:47,072] {scheduler_job.py:639} INFO - DAG(s) dict_keys(['example_kubernetes_executor']) retrieved from /home/navneetsajwan/airflow/etl/lib/python3.8/site-packages/airflow/example_dags/example_kubernetes_executor.py
[2021-05-08 01:27:47,121] {logging_mixin.py:104} INFO - [2021-05-08 01:27:47,121] {dag.py:1824} INFO - Sync 1 DAGs
[2021-05-08 01:27:47,160] {logging_mixin.py:104} INFO - [2021-05-08 01:27:47,160] {dag.py:2280} INFO - Setting next_dagrun for example_kubernetes_executor to None
[2021-05-08 01:27:47,573] {scheduler_job.py:190} INFO - Processing /home/navneetsajwan/airflow/etl/lib/python3.8/site-packages/airflow/example_dags/example_kubernetes_executor.py took 0.558 seconds
[2021-05-08 01:28:35,441] {scheduler_job.py:182} INFO - Started process (PID=462174) to work on /home/navneetsajwan/airflow/etl/lib/python3.8/site-packages/airflow/example_dags/example_kubernetes_executor.py
[2021-05-08 01:28:35,444] {scheduler_job.py:629} INFO - Processing file /home/navneetsajwan/airflow/etl/lib/python3.8/site-packages/airflow/example_dags/example_kubernetes_executor.py for tasks to queue
[2021-05-08 01:28:35,445] {logging_mixin.py:104} INFO - [2021-05-08 01:28:35,445] {dagbag.py:451} INFO - Filling up the DagBag from /home/navneetsajwan/airflow/etl/lib/python3.8/site-packages/airflow/example_dags/example_kubernetes_executor.py
[2021-05-08 01:28:35,460] {scheduler_job.py:639} INFO - DAG(s) dict_keys(['example_kubernetes_executor']) retrieved from /home/navneetsajwan/airflow/etl/lib/python3.8/site-packages/airflow/example_dags/example_kubernetes_executor.py
[2021-05-08 01:28:35,485] {logging_mixin.py:104} INFO - [2021-05-08 01:28:35,485] {dag.py:1824} INFO - Sync 1 DAGs
[2021-05-08 01:28:35,506] {logging_mixin.py:104} INFO - [2021-05-08 01:28:35,506] {dag.py:2280} INFO - Setting next_dagrun for example_kubernetes_executor to None
[2021-05-08 01:28:35,641] {scheduler_job.py:190} INFO - Processing /home/navneetsajwan/airflow/etl/lib/python3.8/site-packages/airflow/example_dags/example_kubernetes_executor.py took 0.205 seconds
[2021-05-08 01:29:59,231] {scheduler_job.py:182} INFO - Started process (PID=463701) to work on /home/navneetsajwan/airflow/etl/lib/python3.8/site-packages/airflow/example_dags/example_kubernetes_executor.py
[2021-05-08 01:29:59,250] {scheduler_job.py:629} INFO - Processing file /home/navneetsajwan/airflow/etl/lib/python3.8/site-packages/airflow/example_dags/example_kubernetes_executor.py for tasks to queue
[2021-05-08 01:29:59,252] {logging_mixin.py:104} INFO - [2021-05-08 01:29:59,252] {dagbag.py:451} INFO - Filling up the DagBag from /home/navneetsajwan/airflow/etl/lib/python3.8/site-packages/airflow/example_dags/example_kubernetes_executor.py
[2021-05-08 01:29:59,319] {scheduler_job.py:639} INFO - DAG(s) dict_keys(['example_kubernetes_executor']) retrieved from /home/navneetsajwan/airflow/etl/lib/python3.8/site-packages/airflow/example_dags/example_kubernetes_executor.py
[2021-05-08 01:29:59,434] {logging_mixin.py:104} INFO - [2021-05-08 01:29:59,434] {dag.py:1824} INFO - Sync 1 DAGs
[2021-05-08 01:29:59,536] {logging_mixin.py:104} INFO - [2021-05-08 01:29:59,536] {dag.py:2280} INFO - Setting next_dagrun for example_kubernetes_executor to None
[2021-05-08 01:29:59,666] {scheduler_job.py:190} INFO - Processing /home/navneetsajwan/airflow/etl/lib/python3.8/site-packages/airflow/example_dags/example_kubernetes_executor.py took 0.447 seconds
[2021-05-08 01:30:45,978] {scheduler_job.py:182} INFO - Started process (PID=464376) to work on /home/navneetsajwan/airflow/etl/lib/python3.8/site-packages/airflow/example_dags/example_kubernetes_executor.py
[2021-05-08 01:30:45,980] {scheduler_job.py:629} INFO - Processing file /home/navneetsajwan/airflow/etl/lib/python3.8/site-packages/airflow/example_dags/example_kubernetes_executor.py for tasks to queue
[2021-05-08 01:30:45,980] {logging_mixin.py:104} INFO - [2021-05-08 01:30:45,980] {dagbag.py:451} INFO - Filling up the DagBag from /home/navneetsajwan/airflow/etl/lib/python3.8/site-packages/airflow/example_dags/example_kubernetes_executor.py
[2021-05-08 01:30:45,992] {scheduler_job.py:639} INFO - DAG(s) dict_keys(['example_kubernetes_executor']) retrieved from /home/navneetsajwan/airflow/etl/lib/python3.8/site-packages/airflow/example_dags/example_kubernetes_executor.py
[2021-05-08 01:30:46,008] {logging_mixin.py:104} INFO - [2021-05-08 01:30:46,007] {dag.py:1824} INFO - Sync 1 DAGs
[2021-05-08 01:30:46,019] {logging_mixin.py:104} INFO - [2021-05-08 01:30:46,019] {dag.py:2280} INFO - Setting next_dagrun for example_kubernetes_executor to None
[2021-05-08 01:30:46,190] {scheduler_job.py:190} INFO - Processing /home/navneetsajwan/airflow/etl/lib/python3.8/site-packages/airflow/example_dags/example_kubernetes_executor.py took 0.216 seconds
[2021-05-08 01:31:23,744] {scheduler_job.py:182} INFO - Started process (PID=465193) to work on /home/navneetsajwan/airflow/etl/lib/python3.8/site-packages/airflow/example_dags/example_kubernetes_executor.py
[2021-05-08 01:31:23,749] {scheduler_job.py:629} INFO - Processing file /home/navneetsajwan/airflow/etl/lib/python3.8/site-packages/airflow/example_dags/example_kubernetes_executor.py for tasks to queue
[2021-05-08 01:31:23,751] {logging_mixin.py:104} INFO - [2021-05-08 01:31:23,750] {dagbag.py:451} INFO - Filling up the DagBag from /home/navneetsajwan/airflow/etl/lib/python3.8/site-packages/airflow/example_dags/example_kubernetes_executor.py
[2021-05-08 01:31:23,795] {scheduler_job.py:639} INFO - DAG(s) dict_keys(['example_kubernetes_executor']) retrieved from /home/navneetsajwan/airflow/etl/lib/python3.8/site-packages/airflow/example_dags/example_kubernetes_executor.py
[2021-05-08 01:31:23,892] {logging_mixin.py:104} INFO - [2021-05-08 01:31:23,891] {dag.py:1824} INFO - Sync 1 DAGs
[2021-05-08 01:31:23,975] {logging_mixin.py:104} INFO - [2021-05-08 01:31:23,975] {dag.py:2280} INFO - Setting next_dagrun for example_kubernetes_executor to None
[2021-05-08 01:31:24,189] {scheduler_job.py:190} INFO - Processing /home/navneetsajwan/airflow/etl/lib/python3.8/site-packages/airflow/example_dags/example_kubernetes_executor.py took 0.449 seconds
[2021-05-08 01:32:06,699] {scheduler_job.py:182} INFO - Started process (PID=465883) to work on /home/navneetsajwan/airflow/etl/lib/python3.8/site-packages/airflow/example_dags/example_kubernetes_executor.py
[2021-05-08 01:32:06,701] {scheduler_job.py:629} INFO - Processing file /home/navneetsajwan/airflow/etl/lib/python3.8/site-packages/airflow/example_dags/example_kubernetes_executor.py for tasks to queue
[2021-05-08 01:32:06,710] {logging_mixin.py:104} INFO - [2021-05-08 01:32:06,702] {dagbag.py:451} INFO - Filling up the DagBag from /home/navneetsajwan/airflow/etl/lib/python3.8/site-packages/airflow/example_dags/example_kubernetes_executor.py
[2021-05-08 01:32:06,728] {scheduler_job.py:639} INFO - DAG(s) dict_keys(['example_kubernetes_executor']) retrieved from /home/navneetsajwan/airflow/etl/lib/python3.8/site-packages/airflow/example_dags/example_kubernetes_executor.py
[2021-05-08 01:32:06,782] {logging_mixin.py:104} INFO - [2021-05-08 01:32:06,782] {dag.py:1824} INFO - Sync 1 DAGs
[2021-05-08 01:32:06,834] {logging_mixin.py:104} INFO - [2021-05-08 01:32:06,833] {dag.py:2280} INFO - Setting next_dagrun for example_kubernetes_executor to None
[2021-05-08 01:32:07,021] {scheduler_job.py:190} INFO - Processing /home/navneetsajwan/airflow/etl/lib/python3.8/site-packages/airflow/example_dags/example_kubernetes_executor.py took 0.355 seconds
[2021-05-08 01:32:46,410] {scheduler_job.py:182} INFO - Started process (PID=466456) to work on /home/navneetsajwan/airflow/etl/lib/python3.8/site-packages/airflow/example_dags/example_kubernetes_executor.py
[2021-05-08 01:32:46,419] {scheduler_job.py:629} INFO - Processing file /home/navneetsajwan/airflow/etl/lib/python3.8/site-packages/airflow/example_dags/example_kubernetes_executor.py for tasks to queue
[2021-05-08 01:32:46,420] {logging_mixin.py:104} INFO - [2021-05-08 01:32:46,420] {dagbag.py:451} INFO - Filling up the DagBag from /home/navneetsajwan/airflow/etl/lib/python3.8/site-packages/airflow/example_dags/example_kubernetes_executor.py
[2021-05-08 01:32:46,442] {scheduler_job.py:639} INFO - DAG(s) dict_keys(['example_kubernetes_executor']) retrieved from /home/navneetsajwan/airflow/etl/lib/python3.8/site-packages/airflow/example_dags/example_kubernetes_executor.py
[2021-05-08 01:32:46,490] {logging_mixin.py:104} INFO - [2021-05-08 01:32:46,490] {dag.py:1824} INFO - Sync 1 DAGs
[2021-05-08 01:32:46,512] {logging_mixin.py:104} INFO - [2021-05-08 01:32:46,512] {dag.py:2280} INFO - Setting next_dagrun for example_kubernetes_executor to None
[2021-05-08 01:32:46,707] {scheduler_job.py:190} INFO - Processing /home/navneetsajwan/airflow/etl/lib/python3.8/site-packages/airflow/example_dags/example_kubernetes_executor.py took 0.304 seconds
[2021-05-08 01:33:28,757] {scheduler_job.py:182} INFO - Started process (PID=467387) to work on /home/navneetsajwan/airflow/etl/lib/python3.8/site-packages/airflow/example_dags/example_kubernetes_executor.py
[2021-05-08 01:33:28,761] {scheduler_job.py:629} INFO - Processing file /home/navneetsajwan/airflow/etl/lib/python3.8/site-packages/airflow/example_dags/example_kubernetes_executor.py for tasks to queue
[2021-05-08 01:33:28,762] {logging_mixin.py:104} INFO - [2021-05-08 01:33:28,762] {dagbag.py:451} INFO - Filling up the DagBag from /home/navneetsajwan/airflow/etl/lib/python3.8/site-packages/airflow/example_dags/example_kubernetes_executor.py
[2021-05-08 01:33:28,803] {scheduler_job.py:639} INFO - DAG(s) dict_keys(['example_kubernetes_executor']) retrieved from /home/navneetsajwan/airflow/etl/lib/python3.8/site-packages/airflow/example_dags/example_kubernetes_executor.py
[2021-05-08 01:33:28,863] {logging_mixin.py:104} INFO - [2021-05-08 01:33:28,863] {dag.py:1824} INFO - Sync 1 DAGs
[2021-05-08 01:33:28,912] {logging_mixin.py:104} INFO - [2021-05-08 01:33:28,912] {dag.py:2280} INFO - Setting next_dagrun for example_kubernetes_executor to None
[2021-05-08 01:33:29,057] {scheduler_job.py:190} INFO - Processing /home/navneetsajwan/airflow/etl/lib/python3.8/site-packages/airflow/example_dags/example_kubernetes_executor.py took 0.312 seconds
[2021-05-08 01:34:03,208] {scheduler_job.py:182} INFO - Started process (PID=467865) to work on /home/navneetsajwan/airflow/etl/lib/python3.8/site-packages/airflow/example_dags/example_kubernetes_executor.py
[2021-05-08 01:34:03,210] {scheduler_job.py:629} INFO - Processing file /home/navneetsajwan/airflow/etl/lib/python3.8/site-packages/airflow/example_dags/example_kubernetes_executor.py for tasks to queue
[2021-05-08 01:34:03,215] {logging_mixin.py:104} INFO - [2021-05-08 01:34:03,215] {dagbag.py:451} INFO - Filling up the DagBag from /home/navneetsajwan/airflow/etl/lib/python3.8/site-packages/airflow/example_dags/example_kubernetes_executor.py
[2021-05-08 01:34:03,239] {scheduler_job.py:639} INFO - DAG(s) dict_keys(['example_kubernetes_executor']) retrieved from /home/navneetsajwan/airflow/etl/lib/python3.8/site-packages/airflow/example_dags/example_kubernetes_executor.py
[2021-05-08 01:34:03,282] {logging_mixin.py:104} INFO - [2021-05-08 01:34:03,282] {dag.py:1824} INFO - Sync 1 DAGs
[2021-05-08 01:34:03,348] {logging_mixin.py:104} INFO - [2021-05-08 01:34:03,348] {dag.py:2280} INFO - Setting next_dagrun for example_kubernetes_executor to None
[2021-05-08 01:34:03,470] {scheduler_job.py:190} INFO - Processing /home/navneetsajwan/airflow/etl/lib/python3.8/site-packages/airflow/example_dags/example_kubernetes_executor.py took 0.265 seconds
[2021-05-08 01:34:35,198] {scheduler_job.py:182} INFO - Started process (PID=468325) to work on /home/navneetsajwan/airflow/etl/lib/python3.8/site-packages/airflow/example_dags/example_kubernetes_executor.py
[2021-05-08 01:34:35,202] {scheduler_job.py:629} INFO - Processing file /home/navneetsajwan/airflow/etl/lib/python3.8/site-packages/airflow/example_dags/example_kubernetes_executor.py for tasks to queue
[2021-05-08 01:34:35,204] {logging_mixin.py:104} INFO - [2021-05-08 01:34:35,204] {dagbag.py:451} INFO - Filling up the DagBag from /home/navneetsajwan/airflow/etl/lib/python3.8/site-packages/airflow/example_dags/example_kubernetes_executor.py
[2021-05-08 01:34:35,229] {scheduler_job.py:639} INFO - DAG(s) dict_keys(['example_kubernetes_executor']) retrieved from /home/navneetsajwan/airflow/etl/lib/python3.8/site-packages/airflow/example_dags/example_kubernetes_executor.py
[2021-05-08 01:34:35,264] {logging_mixin.py:104} INFO - [2021-05-08 01:34:35,264] {dag.py:1824} INFO - Sync 1 DAGs
[2021-05-08 01:34:35,287] {logging_mixin.py:104} INFO - [2021-05-08 01:34:35,287] {dag.py:2280} INFO - Setting next_dagrun for example_kubernetes_executor to None
[2021-05-08 01:34:35,404] {scheduler_job.py:190} INFO - Processing /home/navneetsajwan/airflow/etl/lib/python3.8/site-packages/airflow/example_dags/example_kubernetes_executor.py took 0.211 seconds
[2021-05-08 01:35:13,109] {scheduler_job.py:182} INFO - Started process (PID=469195) to work on /home/navneetsajwan/airflow/etl/lib/python3.8/site-packages/airflow/example_dags/example_kubernetes_executor.py
[2021-05-08 01:35:13,111] {scheduler_job.py:629} INFO - Processing file /home/navneetsajwan/airflow/etl/lib/python3.8/site-packages/airflow/example_dags/example_kubernetes_executor.py for tasks to queue
[2021-05-08 01:35:13,112] {logging_mixin.py:104} INFO - [2021-05-08 01:35:13,112] {dagbag.py:451} INFO - Filling up the DagBag from /home/navneetsajwan/airflow/etl/lib/python3.8/site-packages/airflow/example_dags/example_kubernetes_executor.py
[2021-05-08 01:35:13,122] {scheduler_job.py:639} INFO - DAG(s) dict_keys(['example_kubernetes_executor']) retrieved from /home/navneetsajwan/airflow/etl/lib/python3.8/site-packages/airflow/example_dags/example_kubernetes_executor.py
[2021-05-08 01:35:13,139] {logging_mixin.py:104} INFO - [2021-05-08 01:35:13,138] {dag.py:1824} INFO - Sync 1 DAGs
[2021-05-08 01:35:13,151] {logging_mixin.py:104} INFO - [2021-05-08 01:35:13,151] {dag.py:2280} INFO - Setting next_dagrun for example_kubernetes_executor to None
[2021-05-08 01:35:13,284] {scheduler_job.py:190} INFO - Processing /home/navneetsajwan/airflow/etl/lib/python3.8/site-packages/airflow/example_dags/example_kubernetes_executor.py took 0.178 seconds
[2021-05-08 01:35:47,923] {scheduler_job.py:182} INFO - Started process (PID=469743) to work on /home/navneetsajwan/airflow/etl/lib/python3.8/site-packages/airflow/example_dags/example_kubernetes_executor.py
[2021-05-08 01:35:47,924] {scheduler_job.py:629} INFO - Processing file /home/navneetsajwan/airflow/etl/lib/python3.8/site-packages/airflow/example_dags/example_kubernetes_executor.py for tasks to queue
[2021-05-08 01:35:47,925] {logging_mixin.py:104} INFO - [2021-05-08 01:35:47,925] {dagbag.py:451} INFO - Filling up the DagBag from /home/navneetsajwan/airflow/etl/lib/python3.8/site-packages/airflow/example_dags/example_kubernetes_executor.py
[2021-05-08 01:35:47,934] {scheduler_job.py:639} INFO - DAG(s) dict_keys(['example_kubernetes_executor']) retrieved from /home/navneetsajwan/airflow/etl/lib/python3.8/site-packages/airflow/example_dags/example_kubernetes_executor.py
[2021-05-08 01:35:47,949] {logging_mixin.py:104} INFO - [2021-05-08 01:35:47,949] {dag.py:1824} INFO - Sync 1 DAGs
[2021-05-08 01:35:47,961] {logging_mixin.py:104} INFO - [2021-05-08 01:35:47,961] {dag.py:2280} INFO - Setting next_dagrun for example_kubernetes_executor to None
[2021-05-08 01:35:48,051] {scheduler_job.py:190} INFO - Processing /home/navneetsajwan/airflow/etl/lib/python3.8/site-packages/airflow/example_dags/example_kubernetes_executor.py took 0.132 seconds
[2021-05-08 01:36:23,479] {scheduler_job.py:182} INFO - Started process (PID=470206) to work on /home/navneetsajwan/airflow/etl/lib/python3.8/site-packages/airflow/example_dags/example_kubernetes_executor.py
[2021-05-08 01:36:23,481] {scheduler_job.py:629} INFO - Processing file /home/navneetsajwan/airflow/etl/lib/python3.8/site-packages/airflow/example_dags/example_kubernetes_executor.py for tasks to queue
[2021-05-08 01:36:23,482] {logging_mixin.py:104} INFO - [2021-05-08 01:36:23,481] {dagbag.py:451} INFO - Filling up the DagBag from /home/navneetsajwan/airflow/etl/lib/python3.8/site-packages/airflow/example_dags/example_kubernetes_executor.py
[2021-05-08 01:36:23,492] {scheduler_job.py:639} INFO - DAG(s) dict_keys(['example_kubernetes_executor']) retrieved from /home/navneetsajwan/airflow/etl/lib/python3.8/site-packages/airflow/example_dags/example_kubernetes_executor.py
[2021-05-08 01:36:23,507] {logging_mixin.py:104} INFO - [2021-05-08 01:36:23,507] {dag.py:1824} INFO - Sync 1 DAGs
[2021-05-08 01:36:23,521] {logging_mixin.py:104} INFO - [2021-05-08 01:36:23,521] {dag.py:2280} INFO - Setting next_dagrun for example_kubernetes_executor to None
[2021-05-08 01:36:23,642] {scheduler_job.py:190} INFO - Processing /home/navneetsajwan/airflow/etl/lib/python3.8/site-packages/airflow/example_dags/example_kubernetes_executor.py took 0.168 seconds
[2021-05-08 01:37:06,403] {scheduler_job.py:182} INFO - Started process (PID=471149) to work on /home/navneetsajwan/airflow/etl/lib/python3.8/site-packages/airflow/example_dags/example_kubernetes_executor.py
[2021-05-08 01:37:06,406] {scheduler_job.py:629} INFO - Processing file /home/navneetsajwan/airflow/etl/lib/python3.8/site-packages/airflow/example_dags/example_kubernetes_executor.py for tasks to queue
[2021-05-08 01:37:06,408] {logging_mixin.py:104} INFO - [2021-05-08 01:37:06,407] {dagbag.py:451} INFO - Filling up the DagBag from /home/navneetsajwan/airflow/etl/lib/python3.8/site-packages/airflow/example_dags/example_kubernetes_executor.py
[2021-05-08 01:37:06,433] {scheduler_job.py:639} INFO - DAG(s) dict_keys(['example_kubernetes_executor']) retrieved from /home/navneetsajwan/airflow/etl/lib/python3.8/site-packages/airflow/example_dags/example_kubernetes_executor.py
[2021-05-08 01:37:06,592] {logging_mixin.py:104} INFO - [2021-05-08 01:37:06,592] {dag.py:1824} INFO - Sync 1 DAGs
[2021-05-08 01:37:06,677] {logging_mixin.py:104} INFO - [2021-05-08 01:37:06,676] {dag.py:2280} INFO - Setting next_dagrun for example_kubernetes_executor to None
[2021-05-08 01:37:06,850] {scheduler_job.py:190} INFO - Processing /home/navneetsajwan/airflow/etl/lib/python3.8/site-packages/airflow/example_dags/example_kubernetes_executor.py took 0.456 seconds
[2021-05-08 01:37:40,268] {scheduler_job.py:182} INFO - Started process (PID=471669) to work on /home/navneetsajwan/airflow/etl/lib/python3.8/site-packages/airflow/example_dags/example_kubernetes_executor.py
[2021-05-08 01:37:40,270] {scheduler_job.py:629} INFO - Processing file /home/navneetsajwan/airflow/etl/lib/python3.8/site-packages/airflow/example_dags/example_kubernetes_executor.py for tasks to queue
[2021-05-08 01:37:40,272] {logging_mixin.py:104} INFO - [2021-05-08 01:37:40,271] {dagbag.py:451} INFO - Filling up the DagBag from /home/navneetsajwan/airflow/etl/lib/python3.8/site-packages/airflow/example_dags/example_kubernetes_executor.py
[2021-05-08 01:37:40,286] {scheduler_job.py:639} INFO - DAG(s) dict_keys(['example_kubernetes_executor']) retrieved from /home/navneetsajwan/airflow/etl/lib/python3.8/site-packages/airflow/example_dags/example_kubernetes_executor.py
[2021-05-08 01:37:40,312] {logging_mixin.py:104} INFO - [2021-05-08 01:37:40,312] {dag.py:1824} INFO - Sync 1 DAGs
[2021-05-08 01:37:40,335] {logging_mixin.py:104} INFO - [2021-05-08 01:37:40,335] {dag.py:2280} INFO - Setting next_dagrun for example_kubernetes_executor to None
[2021-05-08 01:37:40,459] {scheduler_job.py:190} INFO - Processing /home/navneetsajwan/airflow/etl/lib/python3.8/site-packages/airflow/example_dags/example_kubernetes_executor.py took 0.196 seconds
[2021-05-08 01:38:11,364] {scheduler_job.py:182} INFO - Started process (PID=472104) to work on /home/navneetsajwan/airflow/etl/lib/python3.8/site-packages/airflow/example_dags/example_kubernetes_executor.py
[2021-05-08 01:38:11,370] {scheduler_job.py:629} INFO - Processing file /home/navneetsajwan/airflow/etl/lib/python3.8/site-packages/airflow/example_dags/example_kubernetes_executor.py for tasks to queue
[2021-05-08 01:38:11,373] {logging_mixin.py:104} INFO - [2021-05-08 01:38:11,373] {dagbag.py:451} INFO - Filling up the DagBag from /home/navneetsajwan/airflow/etl/lib/python3.8/site-packages/airflow/example_dags/example_kubernetes_executor.py
[2021-05-08 01:38:11,407] {scheduler_job.py:639} INFO - DAG(s) dict_keys(['example_kubernetes_executor']) retrieved from /home/navneetsajwan/airflow/etl/lib/python3.8/site-packages/airflow/example_dags/example_kubernetes_executor.py
[2021-05-08 01:38:11,460] {logging_mixin.py:104} INFO - [2021-05-08 01:38:11,460] {dag.py:1824} INFO - Sync 1 DAGs
[2021-05-08 01:38:11,507] {logging_mixin.py:104} INFO - [2021-05-08 01:38:11,507] {dag.py:2280} INFO - Setting next_dagrun for example_kubernetes_executor to None
[2021-05-08 01:38:11,715] {scheduler_job.py:190} INFO - Processing /home/navneetsajwan/airflow/etl/lib/python3.8/site-packages/airflow/example_dags/example_kubernetes_executor.py took 0.365 seconds
