[2021-05-08 01:07:24,737] {scheduler_job.py:182} INFO - Started process (PID=440157) to work on /home/navneetsajwan/airflow/etl/lib/python3.8/site-packages/airflow/example_dags/example_latest_only.py
[2021-05-08 01:07:24,738] {scheduler_job.py:629} INFO - Processing file /home/navneetsajwan/airflow/etl/lib/python3.8/site-packages/airflow/example_dags/example_latest_only.py for tasks to queue
[2021-05-08 01:07:24,739] {logging_mixin.py:104} INFO - [2021-05-08 01:07:24,738] {dagbag.py:451} INFO - Filling up the DagBag from /home/navneetsajwan/airflow/etl/lib/python3.8/site-packages/airflow/example_dags/example_latest_only.py
[2021-05-08 01:07:24,783] {scheduler_job.py:639} INFO - DAG(s) dict_keys(['latest_only']) retrieved from /home/navneetsajwan/airflow/etl/lib/python3.8/site-packages/airflow/example_dags/example_latest_only.py
[2021-05-08 01:07:24,800] {logging_mixin.py:104} INFO - [2021-05-08 01:07:24,800] {dag.py:1824} INFO - Sync 1 DAGs
[2021-05-08 01:07:24,813] {logging_mixin.py:104} INFO - [2021-05-08 01:07:24,813] {dag.py:2280} INFO - Setting next_dagrun for latest_only to 2021-05-05 00:00:00+00:00
[2021-05-08 01:07:24,917] {scheduler_job.py:190} INFO - Processing /home/navneetsajwan/airflow/etl/lib/python3.8/site-packages/airflow/example_dags/example_latest_only.py took 0.184 seconds
[2021-05-08 01:07:56,330] {scheduler_job.py:182} INFO - Started process (PID=440591) to work on /home/navneetsajwan/airflow/etl/lib/python3.8/site-packages/airflow/example_dags/example_latest_only.py
[2021-05-08 01:07:56,332] {scheduler_job.py:629} INFO - Processing file /home/navneetsajwan/airflow/etl/lib/python3.8/site-packages/airflow/example_dags/example_latest_only.py for tasks to queue
[2021-05-08 01:07:56,333] {logging_mixin.py:104} INFO - [2021-05-08 01:07:56,332] {dagbag.py:451} INFO - Filling up the DagBag from /home/navneetsajwan/airflow/etl/lib/python3.8/site-packages/airflow/example_dags/example_latest_only.py
[2021-05-08 01:07:56,347] {scheduler_job.py:639} INFO - DAG(s) dict_keys(['latest_only']) retrieved from /home/navneetsajwan/airflow/etl/lib/python3.8/site-packages/airflow/example_dags/example_latest_only.py
[2021-05-08 01:07:56,369] {logging_mixin.py:104} INFO - [2021-05-08 01:07:56,369] {dag.py:1824} INFO - Sync 1 DAGs
[2021-05-08 01:07:56,390] {logging_mixin.py:104} INFO - [2021-05-08 01:07:56,390] {dag.py:2280} INFO - Setting next_dagrun for latest_only to 2021-05-05 00:00:00+00:00
[2021-05-08 01:07:56,550] {scheduler_job.py:190} INFO - Processing /home/navneetsajwan/airflow/etl/lib/python3.8/site-packages/airflow/example_dags/example_latest_only.py took 0.225 seconds
[2021-05-08 01:08:39,876] {scheduler_job.py:182} INFO - Started process (PID=441171) to work on /home/navneetsajwan/airflow/etl/lib/python3.8/site-packages/airflow/example_dags/example_latest_only.py
[2021-05-08 01:08:39,894] {scheduler_job.py:629} INFO - Processing file /home/navneetsajwan/airflow/etl/lib/python3.8/site-packages/airflow/example_dags/example_latest_only.py for tasks to queue
[2021-05-08 01:08:39,912] {logging_mixin.py:104} INFO - [2021-05-08 01:08:39,912] {dagbag.py:451} INFO - Filling up the DagBag from /home/navneetsajwan/airflow/etl/lib/python3.8/site-packages/airflow/example_dags/example_latest_only.py
[2021-05-08 01:08:40,017] {scheduler_job.py:639} INFO - DAG(s) dict_keys(['latest_only']) retrieved from /home/navneetsajwan/airflow/etl/lib/python3.8/site-packages/airflow/example_dags/example_latest_only.py
[2021-05-08 01:08:40,222] {logging_mixin.py:104} INFO - [2021-05-08 01:08:40,222] {dag.py:1824} INFO - Sync 1 DAGs
[2021-05-08 01:08:40,249] {logging_mixin.py:104} INFO - [2021-05-08 01:08:40,249] {dag.py:2280} INFO - Setting next_dagrun for latest_only to 2021-05-05 00:00:00+00:00
[2021-05-08 01:08:41,387] {scheduler_job.py:190} INFO - Processing /home/navneetsajwan/airflow/etl/lib/python3.8/site-packages/airflow/example_dags/example_latest_only.py took 1.547 seconds
[2021-05-08 01:09:17,456] {scheduler_job.py:182} INFO - Started process (PID=442017) to work on /home/navneetsajwan/airflow/etl/lib/python3.8/site-packages/airflow/example_dags/example_latest_only.py
[2021-05-08 01:09:17,458] {scheduler_job.py:629} INFO - Processing file /home/navneetsajwan/airflow/etl/lib/python3.8/site-packages/airflow/example_dags/example_latest_only.py for tasks to queue
[2021-05-08 01:09:17,458] {logging_mixin.py:104} INFO - [2021-05-08 01:09:17,458] {dagbag.py:451} INFO - Filling up the DagBag from /home/navneetsajwan/airflow/etl/lib/python3.8/site-packages/airflow/example_dags/example_latest_only.py
[2021-05-08 01:09:17,479] {scheduler_job.py:639} INFO - DAG(s) dict_keys(['latest_only']) retrieved from /home/navneetsajwan/airflow/etl/lib/python3.8/site-packages/airflow/example_dags/example_latest_only.py
[2021-05-08 01:09:17,503] {logging_mixin.py:104} INFO - [2021-05-08 01:09:17,503] {dag.py:1824} INFO - Sync 1 DAGs
[2021-05-08 01:09:17,524] {logging_mixin.py:104} INFO - [2021-05-08 01:09:17,524] {dag.py:2280} INFO - Setting next_dagrun for latest_only to 2021-05-05 00:00:00+00:00
[2021-05-08 01:09:17,617] {scheduler_job.py:190} INFO - Processing /home/navneetsajwan/airflow/etl/lib/python3.8/site-packages/airflow/example_dags/example_latest_only.py took 0.167 seconds
[2021-05-08 01:09:56,795] {scheduler_job.py:182} INFO - Started process (PID=442628) to work on /home/navneetsajwan/airflow/etl/lib/python3.8/site-packages/airflow/example_dags/example_latest_only.py
[2021-05-08 01:09:56,796] {scheduler_job.py:629} INFO - Processing file /home/navneetsajwan/airflow/etl/lib/python3.8/site-packages/airflow/example_dags/example_latest_only.py for tasks to queue
[2021-05-08 01:09:56,797] {logging_mixin.py:104} INFO - [2021-05-08 01:09:56,797] {dagbag.py:451} INFO - Filling up the DagBag from /home/navneetsajwan/airflow/etl/lib/python3.8/site-packages/airflow/example_dags/example_latest_only.py
[2021-05-08 01:09:56,809] {scheduler_job.py:639} INFO - DAG(s) dict_keys(['latest_only']) retrieved from /home/navneetsajwan/airflow/etl/lib/python3.8/site-packages/airflow/example_dags/example_latest_only.py
[2021-05-08 01:09:56,826] {logging_mixin.py:104} INFO - [2021-05-08 01:09:56,826] {dag.py:1824} INFO - Sync 1 DAGs
[2021-05-08 01:09:56,839] {logging_mixin.py:104} INFO - [2021-05-08 01:09:56,839] {dag.py:2280} INFO - Setting next_dagrun for latest_only to 2021-05-05 00:00:00+00:00
[2021-05-08 01:09:56,936] {scheduler_job.py:190} INFO - Processing /home/navneetsajwan/airflow/etl/lib/python3.8/site-packages/airflow/example_dags/example_latest_only.py took 0.144 seconds
[2021-05-08 01:10:33,173] {scheduler_job.py:182} INFO - Started process (PID=443313) to work on /home/navneetsajwan/airflow/etl/lib/python3.8/site-packages/airflow/example_dags/example_latest_only.py
[2021-05-08 01:10:33,175] {scheduler_job.py:629} INFO - Processing file /home/navneetsajwan/airflow/etl/lib/python3.8/site-packages/airflow/example_dags/example_latest_only.py for tasks to queue
[2021-05-08 01:10:33,178] {logging_mixin.py:104} INFO - [2021-05-08 01:10:33,178] {dagbag.py:451} INFO - Filling up the DagBag from /home/navneetsajwan/airflow/etl/lib/python3.8/site-packages/airflow/example_dags/example_latest_only.py
[2021-05-08 01:10:33,300] {scheduler_job.py:639} INFO - DAG(s) dict_keys(['latest_only']) retrieved from /home/navneetsajwan/airflow/etl/lib/python3.8/site-packages/airflow/example_dags/example_latest_only.py
[2021-05-08 01:10:33,414] {logging_mixin.py:104} INFO - [2021-05-08 01:10:33,413] {dag.py:1824} INFO - Sync 1 DAGs
[2021-05-08 01:10:33,474] {logging_mixin.py:104} INFO - [2021-05-08 01:10:33,474] {dag.py:2280} INFO - Setting next_dagrun for latest_only to 2021-05-05 00:00:00+00:00
[2021-05-08 01:10:33,615] {scheduler_job.py:190} INFO - Processing /home/navneetsajwan/airflow/etl/lib/python3.8/site-packages/airflow/example_dags/example_latest_only.py took 0.451 seconds
[2021-05-08 01:11:09,544] {scheduler_job.py:182} INFO - Started process (PID=443945) to work on /home/navneetsajwan/airflow/etl/lib/python3.8/site-packages/airflow/example_dags/example_latest_only.py
[2021-05-08 01:11:09,546] {scheduler_job.py:629} INFO - Processing file /home/navneetsajwan/airflow/etl/lib/python3.8/site-packages/airflow/example_dags/example_latest_only.py for tasks to queue
[2021-05-08 01:11:09,547] {logging_mixin.py:104} INFO - [2021-05-08 01:11:09,547] {dagbag.py:451} INFO - Filling up the DagBag from /home/navneetsajwan/airflow/etl/lib/python3.8/site-packages/airflow/example_dags/example_latest_only.py
[2021-05-08 01:11:09,566] {scheduler_job.py:639} INFO - DAG(s) dict_keys(['latest_only']) retrieved from /home/navneetsajwan/airflow/etl/lib/python3.8/site-packages/airflow/example_dags/example_latest_only.py
[2021-05-08 01:11:09,599] {logging_mixin.py:104} INFO - [2021-05-08 01:11:09,599] {dag.py:1824} INFO - Sync 1 DAGs
[2021-05-08 01:11:09,633] {logging_mixin.py:104} INFO - [2021-05-08 01:11:09,633] {dag.py:2280} INFO - Setting next_dagrun for latest_only to 2021-05-05 00:00:00+00:00
[2021-05-08 01:11:09,762] {scheduler_job.py:190} INFO - Processing /home/navneetsajwan/airflow/etl/lib/python3.8/site-packages/airflow/example_dags/example_latest_only.py took 0.222 seconds
[2021-05-08 01:11:48,970] {scheduler_job.py:182} INFO - Started process (PID=444517) to work on /home/navneetsajwan/airflow/etl/lib/python3.8/site-packages/airflow/example_dags/example_latest_only.py
[2021-05-08 01:11:48,972] {scheduler_job.py:629} INFO - Processing file /home/navneetsajwan/airflow/etl/lib/python3.8/site-packages/airflow/example_dags/example_latest_only.py for tasks to queue
[2021-05-08 01:11:48,973] {logging_mixin.py:104} INFO - [2021-05-08 01:11:48,973] {dagbag.py:451} INFO - Filling up the DagBag from /home/navneetsajwan/airflow/etl/lib/python3.8/site-packages/airflow/example_dags/example_latest_only.py
[2021-05-08 01:11:48,998] {scheduler_job.py:639} INFO - DAG(s) dict_keys(['latest_only']) retrieved from /home/navneetsajwan/airflow/etl/lib/python3.8/site-packages/airflow/example_dags/example_latest_only.py
[2021-05-08 01:11:49,112] {logging_mixin.py:104} INFO - [2021-05-08 01:11:49,111] {dag.py:1824} INFO - Sync 1 DAGs
[2021-05-08 01:11:49,177] {logging_mixin.py:104} INFO - [2021-05-08 01:11:49,177] {dag.py:2280} INFO - Setting next_dagrun for latest_only to 2021-05-05 00:00:00+00:00
[2021-05-08 01:11:49,367] {scheduler_job.py:190} INFO - Processing /home/navneetsajwan/airflow/etl/lib/python3.8/site-packages/airflow/example_dags/example_latest_only.py took 0.405 seconds
[2021-05-08 01:15:02,566] {scheduler_job.py:182} INFO - Started process (PID=447746) to work on /home/navneetsajwan/airflow/etl/lib/python3.8/site-packages/airflow/example_dags/example_latest_only.py
[2021-05-08 01:15:02,568] {scheduler_job.py:629} INFO - Processing file /home/navneetsajwan/airflow/etl/lib/python3.8/site-packages/airflow/example_dags/example_latest_only.py for tasks to queue
[2021-05-08 01:15:02,569] {logging_mixin.py:104} INFO - [2021-05-08 01:15:02,569] {dagbag.py:451} INFO - Filling up the DagBag from /home/navneetsajwan/airflow/etl/lib/python3.8/site-packages/airflow/example_dags/example_latest_only.py
[2021-05-08 01:15:02,578] {scheduler_job.py:639} INFO - DAG(s) dict_keys(['latest_only']) retrieved from /home/navneetsajwan/airflow/etl/lib/python3.8/site-packages/airflow/example_dags/example_latest_only.py
[2021-05-08 01:15:02,598] {logging_mixin.py:104} INFO - [2021-05-08 01:15:02,597] {dag.py:1824} INFO - Sync 1 DAGs
[2021-05-08 01:15:02,614] {logging_mixin.py:104} INFO - [2021-05-08 01:15:02,614] {dag.py:2280} INFO - Setting next_dagrun for latest_only to 2021-05-05 00:00:00+00:00
[2021-05-08 01:15:02,725] {scheduler_job.py:190} INFO - Processing /home/navneetsajwan/airflow/etl/lib/python3.8/site-packages/airflow/example_dags/example_latest_only.py took 0.163 seconds
[2021-05-08 01:15:33,616] {scheduler_job.py:182} INFO - Started process (PID=448191) to work on /home/navneetsajwan/airflow/etl/lib/python3.8/site-packages/airflow/example_dags/example_latest_only.py
[2021-05-08 01:15:33,621] {scheduler_job.py:629} INFO - Processing file /home/navneetsajwan/airflow/etl/lib/python3.8/site-packages/airflow/example_dags/example_latest_only.py for tasks to queue
[2021-05-08 01:15:33,622] {logging_mixin.py:104} INFO - [2021-05-08 01:15:33,622] {dagbag.py:451} INFO - Filling up the DagBag from /home/navneetsajwan/airflow/etl/lib/python3.8/site-packages/airflow/example_dags/example_latest_only.py
[2021-05-08 01:15:33,639] {scheduler_job.py:639} INFO - DAG(s) dict_keys(['latest_only']) retrieved from /home/navneetsajwan/airflow/etl/lib/python3.8/site-packages/airflow/example_dags/example_latest_only.py
[2021-05-08 01:15:33,695] {logging_mixin.py:104} INFO - [2021-05-08 01:15:33,695] {dag.py:1824} INFO - Sync 1 DAGs
[2021-05-08 01:15:33,734] {logging_mixin.py:104} INFO - [2021-05-08 01:15:33,734] {dag.py:2280} INFO - Setting next_dagrun for latest_only to 2021-05-05 00:00:00+00:00
[2021-05-08 01:15:33,828] {scheduler_job.py:190} INFO - Processing /home/navneetsajwan/airflow/etl/lib/python3.8/site-packages/airflow/example_dags/example_latest_only.py took 0.223 seconds
[2021-05-08 01:16:10,098] {scheduler_job.py:182} INFO - Started process (PID=449050) to work on /home/navneetsajwan/airflow/etl/lib/python3.8/site-packages/airflow/example_dags/example_latest_only.py
[2021-05-08 01:16:10,099] {scheduler_job.py:629} INFO - Processing file /home/navneetsajwan/airflow/etl/lib/python3.8/site-packages/airflow/example_dags/example_latest_only.py for tasks to queue
[2021-05-08 01:16:10,100] {logging_mixin.py:104} INFO - [2021-05-08 01:16:10,100] {dagbag.py:451} INFO - Filling up the DagBag from /home/navneetsajwan/airflow/etl/lib/python3.8/site-packages/airflow/example_dags/example_latest_only.py
[2021-05-08 01:16:10,105] {scheduler_job.py:639} INFO - DAG(s) dict_keys(['latest_only']) retrieved from /home/navneetsajwan/airflow/etl/lib/python3.8/site-packages/airflow/example_dags/example_latest_only.py
[2021-05-08 01:16:10,122] {logging_mixin.py:104} INFO - [2021-05-08 01:16:10,122] {dag.py:1824} INFO - Sync 1 DAGs
[2021-05-08 01:16:10,135] {logging_mixin.py:104} INFO - [2021-05-08 01:16:10,135] {dag.py:2280} INFO - Setting next_dagrun for latest_only to 2021-05-05 00:00:00+00:00
[2021-05-08 01:16:10,260] {scheduler_job.py:190} INFO - Processing /home/navneetsajwan/airflow/etl/lib/python3.8/site-packages/airflow/example_dags/example_latest_only.py took 0.166 seconds
[2021-05-08 01:16:44,054] {scheduler_job.py:182} INFO - Started process (PID=449532) to work on /home/navneetsajwan/airflow/etl/lib/python3.8/site-packages/airflow/example_dags/example_latest_only.py
[2021-05-08 01:16:44,057] {scheduler_job.py:629} INFO - Processing file /home/navneetsajwan/airflow/etl/lib/python3.8/site-packages/airflow/example_dags/example_latest_only.py for tasks to queue
[2021-05-08 01:16:44,058] {logging_mixin.py:104} INFO - [2021-05-08 01:16:44,058] {dagbag.py:451} INFO - Filling up the DagBag from /home/navneetsajwan/airflow/etl/lib/python3.8/site-packages/airflow/example_dags/example_latest_only.py
[2021-05-08 01:16:44,072] {scheduler_job.py:639} INFO - DAG(s) dict_keys(['latest_only']) retrieved from /home/navneetsajwan/airflow/etl/lib/python3.8/site-packages/airflow/example_dags/example_latest_only.py
[2021-05-08 01:16:44,108] {logging_mixin.py:104} INFO - [2021-05-08 01:16:44,106] {dag.py:1824} INFO - Sync 1 DAGs
[2021-05-08 01:16:44,132] {logging_mixin.py:104} INFO - [2021-05-08 01:16:44,132] {dag.py:2280} INFO - Setting next_dagrun for latest_only to 2021-05-05 00:00:00+00:00
[2021-05-08 01:16:44,254] {scheduler_job.py:190} INFO - Processing /home/navneetsajwan/airflow/etl/lib/python3.8/site-packages/airflow/example_dags/example_latest_only.py took 0.207 seconds
[2021-05-08 01:17:22,262] {scheduler_job.py:182} INFO - Started process (PID=450239) to work on /home/navneetsajwan/airflow/etl/lib/python3.8/site-packages/airflow/example_dags/example_latest_only.py
[2021-05-08 01:17:22,283] {scheduler_job.py:629} INFO - Processing file /home/navneetsajwan/airflow/etl/lib/python3.8/site-packages/airflow/example_dags/example_latest_only.py for tasks to queue
[2021-05-08 01:17:22,296] {logging_mixin.py:104} INFO - [2021-05-08 01:17:22,296] {dagbag.py:451} INFO - Filling up the DagBag from /home/navneetsajwan/airflow/etl/lib/python3.8/site-packages/airflow/example_dags/example_latest_only.py
[2021-05-08 01:17:22,369] {scheduler_job.py:639} INFO - DAG(s) dict_keys(['latest_only']) retrieved from /home/navneetsajwan/airflow/etl/lib/python3.8/site-packages/airflow/example_dags/example_latest_only.py
[2021-05-08 01:17:22,600] {logging_mixin.py:104} INFO - [2021-05-08 01:17:22,600] {dag.py:1824} INFO - Sync 1 DAGs
[2021-05-08 01:17:22,756] {logging_mixin.py:104} INFO - [2021-05-08 01:17:22,756] {dag.py:2280} INFO - Setting next_dagrun for latest_only to 2021-05-05 00:00:00+00:00
[2021-05-08 01:17:22,903] {scheduler_job.py:190} INFO - Processing /home/navneetsajwan/airflow/etl/lib/python3.8/site-packages/airflow/example_dags/example_latest_only.py took 0.677 seconds
[2021-05-08 01:17:58,841] {scheduler_job.py:182} INFO - Started process (PID=450969) to work on /home/navneetsajwan/airflow/etl/lib/python3.8/site-packages/airflow/example_dags/example_latest_only.py
[2021-05-08 01:17:58,843] {scheduler_job.py:629} INFO - Processing file /home/navneetsajwan/airflow/etl/lib/python3.8/site-packages/airflow/example_dags/example_latest_only.py for tasks to queue
[2021-05-08 01:17:58,844] {logging_mixin.py:104} INFO - [2021-05-08 01:17:58,844] {dagbag.py:451} INFO - Filling up the DagBag from /home/navneetsajwan/airflow/etl/lib/python3.8/site-packages/airflow/example_dags/example_latest_only.py
[2021-05-08 01:17:58,851] {scheduler_job.py:639} INFO - DAG(s) dict_keys(['latest_only']) retrieved from /home/navneetsajwan/airflow/etl/lib/python3.8/site-packages/airflow/example_dags/example_latest_only.py
[2021-05-08 01:17:58,874] {logging_mixin.py:104} INFO - [2021-05-08 01:17:58,873] {dag.py:1824} INFO - Sync 1 DAGs
[2021-05-08 01:17:58,892] {logging_mixin.py:104} INFO - [2021-05-08 01:17:58,892] {dag.py:2280} INFO - Setting next_dagrun for latest_only to 2021-05-05 00:00:00+00:00
[2021-05-08 01:17:59,025] {scheduler_job.py:190} INFO - Processing /home/navneetsajwan/airflow/etl/lib/python3.8/site-packages/airflow/example_dags/example_latest_only.py took 0.188 seconds
[2021-05-08 01:18:30,523] {scheduler_job.py:182} INFO - Started process (PID=451429) to work on /home/navneetsajwan/airflow/etl/lib/python3.8/site-packages/airflow/example_dags/example_latest_only.py
[2021-05-08 01:18:30,525] {scheduler_job.py:629} INFO - Processing file /home/navneetsajwan/airflow/etl/lib/python3.8/site-packages/airflow/example_dags/example_latest_only.py for tasks to queue
[2021-05-08 01:18:30,526] {logging_mixin.py:104} INFO - [2021-05-08 01:18:30,526] {dagbag.py:451} INFO - Filling up the DagBag from /home/navneetsajwan/airflow/etl/lib/python3.8/site-packages/airflow/example_dags/example_latest_only.py
[2021-05-08 01:18:30,537] {scheduler_job.py:639} INFO - DAG(s) dict_keys(['latest_only']) retrieved from /home/navneetsajwan/airflow/etl/lib/python3.8/site-packages/airflow/example_dags/example_latest_only.py
[2021-05-08 01:18:30,600] {logging_mixin.py:104} INFO - [2021-05-08 01:18:30,600] {dag.py:1824} INFO - Sync 1 DAGs
[2021-05-08 01:18:30,626] {logging_mixin.py:104} INFO - [2021-05-08 01:18:30,626] {dag.py:2280} INFO - Setting next_dagrun for latest_only to 2021-05-05 00:00:00+00:00
[2021-05-08 01:18:31,068] {scheduler_job.py:190} INFO - Processing /home/navneetsajwan/airflow/etl/lib/python3.8/site-packages/airflow/example_dags/example_latest_only.py took 0.561 seconds
[2021-05-08 01:19:07,688] {scheduler_job.py:182} INFO - Started process (PID=452241) to work on /home/navneetsajwan/airflow/etl/lib/python3.8/site-packages/airflow/example_dags/example_latest_only.py
[2021-05-08 01:19:07,700] {scheduler_job.py:629} INFO - Processing file /home/navneetsajwan/airflow/etl/lib/python3.8/site-packages/airflow/example_dags/example_latest_only.py for tasks to queue
[2021-05-08 01:19:07,701] {logging_mixin.py:104} INFO - [2021-05-08 01:19:07,701] {dagbag.py:451} INFO - Filling up the DagBag from /home/navneetsajwan/airflow/etl/lib/python3.8/site-packages/airflow/example_dags/example_latest_only.py
[2021-05-08 01:19:07,735] {scheduler_job.py:639} INFO - DAG(s) dict_keys(['latest_only']) retrieved from /home/navneetsajwan/airflow/etl/lib/python3.8/site-packages/airflow/example_dags/example_latest_only.py
[2021-05-08 01:19:07,838] {logging_mixin.py:104} INFO - [2021-05-08 01:19:07,838] {dag.py:1824} INFO - Sync 1 DAGs
[2021-05-08 01:19:07,895] {logging_mixin.py:104} INFO - [2021-05-08 01:19:07,895] {dag.py:2280} INFO - Setting next_dagrun for latest_only to 2021-05-05 00:00:00+00:00
[2021-05-08 01:19:08,085] {scheduler_job.py:190} INFO - Processing /home/navneetsajwan/airflow/etl/lib/python3.8/site-packages/airflow/example_dags/example_latest_only.py took 0.420 seconds
[2021-05-08 01:19:43,035] {scheduler_job.py:182} INFO - Started process (PID=452814) to work on /home/navneetsajwan/airflow/etl/lib/python3.8/site-packages/airflow/example_dags/example_latest_only.py
[2021-05-08 01:19:43,037] {scheduler_job.py:629} INFO - Processing file /home/navneetsajwan/airflow/etl/lib/python3.8/site-packages/airflow/example_dags/example_latest_only.py for tasks to queue
[2021-05-08 01:19:43,038] {logging_mixin.py:104} INFO - [2021-05-08 01:19:43,038] {dagbag.py:451} INFO - Filling up the DagBag from /home/navneetsajwan/airflow/etl/lib/python3.8/site-packages/airflow/example_dags/example_latest_only.py
[2021-05-08 01:19:43,049] {scheduler_job.py:639} INFO - DAG(s) dict_keys(['latest_only']) retrieved from /home/navneetsajwan/airflow/etl/lib/python3.8/site-packages/airflow/example_dags/example_latest_only.py
[2021-05-08 01:19:43,073] {logging_mixin.py:104} INFO - [2021-05-08 01:19:43,073] {dag.py:1824} INFO - Sync 1 DAGs
[2021-05-08 01:19:43,120] {logging_mixin.py:104} INFO - [2021-05-08 01:19:43,120] {dag.py:2280} INFO - Setting next_dagrun for latest_only to 2021-05-05 00:00:00+00:00
[2021-05-08 01:19:43,291] {scheduler_job.py:190} INFO - Processing /home/navneetsajwan/airflow/etl/lib/python3.8/site-packages/airflow/example_dags/example_latest_only.py took 0.261 seconds
[2021-05-08 01:20:19,384] {scheduler_job.py:182} INFO - Started process (PID=453315) to work on /home/navneetsajwan/airflow/etl/lib/python3.8/site-packages/airflow/example_dags/example_latest_only.py
[2021-05-08 01:20:19,422] {scheduler_job.py:629} INFO - Processing file /home/navneetsajwan/airflow/etl/lib/python3.8/site-packages/airflow/example_dags/example_latest_only.py for tasks to queue
[2021-05-08 01:20:19,430] {logging_mixin.py:104} INFO - [2021-05-08 01:20:19,430] {dagbag.py:451} INFO - Filling up the DagBag from /home/navneetsajwan/airflow/etl/lib/python3.8/site-packages/airflow/example_dags/example_latest_only.py
[2021-05-08 01:20:19,493] {scheduler_job.py:639} INFO - DAG(s) dict_keys(['latest_only']) retrieved from /home/navneetsajwan/airflow/etl/lib/python3.8/site-packages/airflow/example_dags/example_latest_only.py
[2021-05-08 01:20:19,669] {logging_mixin.py:104} INFO - [2021-05-08 01:20:19,669] {dag.py:1824} INFO - Sync 1 DAGs
[2021-05-08 01:20:19,748] {logging_mixin.py:104} INFO - [2021-05-08 01:20:19,748] {dag.py:2280} INFO - Setting next_dagrun for latest_only to 2021-05-05 00:00:00+00:00
[2021-05-08 01:20:19,900] {scheduler_job.py:190} INFO - Processing /home/navneetsajwan/airflow/etl/lib/python3.8/site-packages/airflow/example_dags/example_latest_only.py took 0.525 seconds
[2021-05-08 01:20:57,950] {scheduler_job.py:182} INFO - Started process (PID=454178) to work on /home/navneetsajwan/airflow/etl/lib/python3.8/site-packages/airflow/example_dags/example_latest_only.py
[2021-05-08 01:20:57,952] {scheduler_job.py:629} INFO - Processing file /home/navneetsajwan/airflow/etl/lib/python3.8/site-packages/airflow/example_dags/example_latest_only.py for tasks to queue
[2021-05-08 01:20:57,954] {logging_mixin.py:104} INFO - [2021-05-08 01:20:57,954] {dagbag.py:451} INFO - Filling up the DagBag from /home/navneetsajwan/airflow/etl/lib/python3.8/site-packages/airflow/example_dags/example_latest_only.py
[2021-05-08 01:20:57,964] {scheduler_job.py:639} INFO - DAG(s) dict_keys(['latest_only']) retrieved from /home/navneetsajwan/airflow/etl/lib/python3.8/site-packages/airflow/example_dags/example_latest_only.py
[2021-05-08 01:20:57,991] {logging_mixin.py:104} INFO - [2021-05-08 01:20:57,991] {dag.py:1824} INFO - Sync 1 DAGs
[2021-05-08 01:20:58,013] {logging_mixin.py:104} INFO - [2021-05-08 01:20:58,013] {dag.py:2280} INFO - Setting next_dagrun for latest_only to 2021-05-05 00:00:00+00:00
[2021-05-08 01:20:58,148] {scheduler_job.py:190} INFO - Processing /home/navneetsajwan/airflow/etl/lib/python3.8/site-packages/airflow/example_dags/example_latest_only.py took 0.204 seconds
[2021-05-08 01:21:34,604] {scheduler_job.py:182} INFO - Started process (PID=454728) to work on /home/navneetsajwan/airflow/etl/lib/python3.8/site-packages/airflow/example_dags/example_latest_only.py
[2021-05-08 01:21:34,607] {scheduler_job.py:629} INFO - Processing file /home/navneetsajwan/airflow/etl/lib/python3.8/site-packages/airflow/example_dags/example_latest_only.py for tasks to queue
[2021-05-08 01:21:34,608] {logging_mixin.py:104} INFO - [2021-05-08 01:21:34,608] {dagbag.py:451} INFO - Filling up the DagBag from /home/navneetsajwan/airflow/etl/lib/python3.8/site-packages/airflow/example_dags/example_latest_only.py
[2021-05-08 01:21:34,616] {scheduler_job.py:639} INFO - DAG(s) dict_keys(['latest_only']) retrieved from /home/navneetsajwan/airflow/etl/lib/python3.8/site-packages/airflow/example_dags/example_latest_only.py
[2021-05-08 01:21:34,730] {logging_mixin.py:104} INFO - [2021-05-08 01:21:34,730] {dag.py:1824} INFO - Sync 1 DAGs
[2021-05-08 01:21:34,804] {logging_mixin.py:104} INFO - [2021-05-08 01:21:34,804] {dag.py:2280} INFO - Setting next_dagrun for latest_only to 2021-05-05 00:00:00+00:00
[2021-05-08 01:21:34,924] {scheduler_job.py:190} INFO - Processing /home/navneetsajwan/airflow/etl/lib/python3.8/site-packages/airflow/example_dags/example_latest_only.py took 0.330 seconds
[2021-05-08 01:22:09,186] {scheduler_job.py:182} INFO - Started process (PID=455188) to work on /home/navneetsajwan/airflow/etl/lib/python3.8/site-packages/airflow/example_dags/example_latest_only.py
[2021-05-08 01:22:09,188] {scheduler_job.py:629} INFO - Processing file /home/navneetsajwan/airflow/etl/lib/python3.8/site-packages/airflow/example_dags/example_latest_only.py for tasks to queue
[2021-05-08 01:22:09,193] {logging_mixin.py:104} INFO - [2021-05-08 01:22:09,193] {dagbag.py:451} INFO - Filling up the DagBag from /home/navneetsajwan/airflow/etl/lib/python3.8/site-packages/airflow/example_dags/example_latest_only.py
[2021-05-08 01:22:09,202] {scheduler_job.py:639} INFO - DAG(s) dict_keys(['latest_only']) retrieved from /home/navneetsajwan/airflow/etl/lib/python3.8/site-packages/airflow/example_dags/example_latest_only.py
[2021-05-08 01:22:09,234] {logging_mixin.py:104} INFO - [2021-05-08 01:22:09,234] {dag.py:1824} INFO - Sync 1 DAGs
[2021-05-08 01:22:09,267] {logging_mixin.py:104} INFO - [2021-05-08 01:22:09,267] {dag.py:2280} INFO - Setting next_dagrun for latest_only to 2021-05-05 00:00:00+00:00
[2021-05-08 01:22:09,435] {scheduler_job.py:190} INFO - Processing /home/navneetsajwan/airflow/etl/lib/python3.8/site-packages/airflow/example_dags/example_latest_only.py took 0.256 seconds
[2021-05-08 01:22:46,035] {scheduler_job.py:182} INFO - Started process (PID=456020) to work on /home/navneetsajwan/airflow/etl/lib/python3.8/site-packages/airflow/example_dags/example_latest_only.py
[2021-05-08 01:22:46,037] {scheduler_job.py:629} INFO - Processing file /home/navneetsajwan/airflow/etl/lib/python3.8/site-packages/airflow/example_dags/example_latest_only.py for tasks to queue
[2021-05-08 01:22:46,038] {logging_mixin.py:104} INFO - [2021-05-08 01:22:46,038] {dagbag.py:451} INFO - Filling up the DagBag from /home/navneetsajwan/airflow/etl/lib/python3.8/site-packages/airflow/example_dags/example_latest_only.py
[2021-05-08 01:22:46,081] {scheduler_job.py:639} INFO - DAG(s) dict_keys(['latest_only']) retrieved from /home/navneetsajwan/airflow/etl/lib/python3.8/site-packages/airflow/example_dags/example_latest_only.py
[2021-05-08 01:22:46,221] {logging_mixin.py:104} INFO - [2021-05-08 01:22:46,220] {dag.py:1824} INFO - Sync 1 DAGs
[2021-05-08 01:22:46,284] {logging_mixin.py:104} INFO - [2021-05-08 01:22:46,283] {dag.py:2280} INFO - Setting next_dagrun for latest_only to 2021-05-05 00:00:00+00:00
[2021-05-08 01:22:46,423] {scheduler_job.py:190} INFO - Processing /home/navneetsajwan/airflow/etl/lib/python3.8/site-packages/airflow/example_dags/example_latest_only.py took 0.433 seconds
[2021-05-08 01:23:20,587] {scheduler_job.py:182} INFO - Started process (PID=456507) to work on /home/navneetsajwan/airflow/etl/lib/python3.8/site-packages/airflow/example_dags/example_latest_only.py
[2021-05-08 01:23:20,589] {scheduler_job.py:629} INFO - Processing file /home/navneetsajwan/airflow/etl/lib/python3.8/site-packages/airflow/example_dags/example_latest_only.py for tasks to queue
[2021-05-08 01:23:20,589] {logging_mixin.py:104} INFO - [2021-05-08 01:23:20,589] {dagbag.py:451} INFO - Filling up the DagBag from /home/navneetsajwan/airflow/etl/lib/python3.8/site-packages/airflow/example_dags/example_latest_only.py
[2021-05-08 01:23:20,595] {scheduler_job.py:639} INFO - DAG(s) dict_keys(['latest_only']) retrieved from /home/navneetsajwan/airflow/etl/lib/python3.8/site-packages/airflow/example_dags/example_latest_only.py
[2021-05-08 01:23:20,613] {logging_mixin.py:104} INFO - [2021-05-08 01:23:20,613] {dag.py:1824} INFO - Sync 1 DAGs
[2021-05-08 01:23:20,625] {logging_mixin.py:104} INFO - [2021-05-08 01:23:20,625] {dag.py:2280} INFO - Setting next_dagrun for latest_only to 2021-05-05 00:00:00+00:00
[2021-05-08 01:23:20,720] {scheduler_job.py:190} INFO - Processing /home/navneetsajwan/airflow/etl/lib/python3.8/site-packages/airflow/example_dags/example_latest_only.py took 0.138 seconds
[2021-05-08 01:23:55,590] {scheduler_job.py:182} INFO - Started process (PID=456982) to work on /home/navneetsajwan/airflow/etl/lib/python3.8/site-packages/airflow/example_dags/example_latest_only.py
[2021-05-08 01:23:55,592] {scheduler_job.py:629} INFO - Processing file /home/navneetsajwan/airflow/etl/lib/python3.8/site-packages/airflow/example_dags/example_latest_only.py for tasks to queue
[2021-05-08 01:23:55,594] {logging_mixin.py:104} INFO - [2021-05-08 01:23:55,593] {dagbag.py:451} INFO - Filling up the DagBag from /home/navneetsajwan/airflow/etl/lib/python3.8/site-packages/airflow/example_dags/example_latest_only.py
[2021-05-08 01:23:55,602] {scheduler_job.py:639} INFO - DAG(s) dict_keys(['latest_only']) retrieved from /home/navneetsajwan/airflow/etl/lib/python3.8/site-packages/airflow/example_dags/example_latest_only.py
[2021-05-08 01:23:55,630] {logging_mixin.py:104} INFO - [2021-05-08 01:23:55,630] {dag.py:1824} INFO - Sync 1 DAGs
[2021-05-08 01:23:55,647] {logging_mixin.py:104} INFO - [2021-05-08 01:23:55,647] {dag.py:2280} INFO - Setting next_dagrun for latest_only to 2021-05-05 00:00:00+00:00
[2021-05-08 01:23:55,792] {scheduler_job.py:190} INFO - Processing /home/navneetsajwan/airflow/etl/lib/python3.8/site-packages/airflow/example_dags/example_latest_only.py took 0.205 seconds
[2021-05-08 01:24:39,837] {scheduler_job.py:182} INFO - Started process (PID=457932) to work on /home/navneetsajwan/airflow/etl/lib/python3.8/site-packages/airflow/example_dags/example_latest_only.py
[2021-05-08 01:24:39,839] {scheduler_job.py:629} INFO - Processing file /home/navneetsajwan/airflow/etl/lib/python3.8/site-packages/airflow/example_dags/example_latest_only.py for tasks to queue
[2021-05-08 01:24:39,840] {logging_mixin.py:104} INFO - [2021-05-08 01:24:39,840] {dagbag.py:451} INFO - Filling up the DagBag from /home/navneetsajwan/airflow/etl/lib/python3.8/site-packages/airflow/example_dags/example_latest_only.py
[2021-05-08 01:24:39,846] {scheduler_job.py:639} INFO - DAG(s) dict_keys(['latest_only']) retrieved from /home/navneetsajwan/airflow/etl/lib/python3.8/site-packages/airflow/example_dags/example_latest_only.py
[2021-05-08 01:24:39,866] {logging_mixin.py:104} INFO - [2021-05-08 01:24:39,866] {dag.py:1824} INFO - Sync 1 DAGs
[2021-05-08 01:24:39,882] {logging_mixin.py:104} INFO - [2021-05-08 01:24:39,882] {dag.py:2280} INFO - Setting next_dagrun for latest_only to 2021-05-05 00:00:00+00:00
[2021-05-08 01:24:39,992] {scheduler_job.py:190} INFO - Processing /home/navneetsajwan/airflow/etl/lib/python3.8/site-packages/airflow/example_dags/example_latest_only.py took 0.159 seconds
[2021-05-08 01:26:02,360] {scheduler_job.py:182} INFO - Started process (PID=459559) to work on /home/navneetsajwan/airflow/etl/lib/python3.8/site-packages/airflow/example_dags/example_latest_only.py
[2021-05-08 01:26:02,361] {scheduler_job.py:629} INFO - Processing file /home/navneetsajwan/airflow/etl/lib/python3.8/site-packages/airflow/example_dags/example_latest_only.py for tasks to queue
[2021-05-08 01:26:02,363] {logging_mixin.py:104} INFO - [2021-05-08 01:26:02,363] {dagbag.py:451} INFO - Filling up the DagBag from /home/navneetsajwan/airflow/etl/lib/python3.8/site-packages/airflow/example_dags/example_latest_only.py
[2021-05-08 01:26:02,373] {scheduler_job.py:639} INFO - DAG(s) dict_keys(['latest_only']) retrieved from /home/navneetsajwan/airflow/etl/lib/python3.8/site-packages/airflow/example_dags/example_latest_only.py
[2021-05-08 01:26:02,408] {logging_mixin.py:104} INFO - [2021-05-08 01:26:02,408] {dag.py:1824} INFO - Sync 1 DAGs
[2021-05-08 01:26:02,464] {logging_mixin.py:104} INFO - [2021-05-08 01:26:02,464] {dag.py:2280} INFO - Setting next_dagrun for latest_only to 2021-05-05 00:00:00+00:00
[2021-05-08 01:26:02,599] {scheduler_job.py:190} INFO - Processing /home/navneetsajwan/airflow/etl/lib/python3.8/site-packages/airflow/example_dags/example_latest_only.py took 0.255 seconds
[2021-05-08 01:26:56,063] {scheduler_job.py:182} INFO - Started process (PID=460419) to work on /home/navneetsajwan/airflow/etl/lib/python3.8/site-packages/airflow/example_dags/example_latest_only.py
[2021-05-08 01:26:56,077] {scheduler_job.py:629} INFO - Processing file /home/navneetsajwan/airflow/etl/lib/python3.8/site-packages/airflow/example_dags/example_latest_only.py for tasks to queue
[2021-05-08 01:26:56,082] {logging_mixin.py:104} INFO - [2021-05-08 01:26:56,082] {dagbag.py:451} INFO - Filling up the DagBag from /home/navneetsajwan/airflow/etl/lib/python3.8/site-packages/airflow/example_dags/example_latest_only.py
[2021-05-08 01:26:56,104] {scheduler_job.py:639} INFO - DAG(s) dict_keys(['latest_only']) retrieved from /home/navneetsajwan/airflow/etl/lib/python3.8/site-packages/airflow/example_dags/example_latest_only.py
[2021-05-08 01:26:56,156] {logging_mixin.py:104} INFO - [2021-05-08 01:26:56,156] {dag.py:1824} INFO - Sync 1 DAGs
[2021-05-08 01:26:56,193] {logging_mixin.py:104} INFO - [2021-05-08 01:26:56,193] {dag.py:2280} INFO - Setting next_dagrun for latest_only to 2021-05-05 00:00:00+00:00
[2021-05-08 01:26:56,303] {scheduler_job.py:190} INFO - Processing /home/navneetsajwan/airflow/etl/lib/python3.8/site-packages/airflow/example_dags/example_latest_only.py took 0.252 seconds
[2021-05-08 01:28:02,281] {scheduler_job.py:182} INFO - Started process (PID=461717) to work on /home/navneetsajwan/airflow/etl/lib/python3.8/site-packages/airflow/example_dags/example_latest_only.py
[2021-05-08 01:28:02,285] {scheduler_job.py:629} INFO - Processing file /home/navneetsajwan/airflow/etl/lib/python3.8/site-packages/airflow/example_dags/example_latest_only.py for tasks to queue
[2021-05-08 01:28:02,286] {logging_mixin.py:104} INFO - [2021-05-08 01:28:02,286] {dagbag.py:451} INFO - Filling up the DagBag from /home/navneetsajwan/airflow/etl/lib/python3.8/site-packages/airflow/example_dags/example_latest_only.py
[2021-05-08 01:28:02,295] {scheduler_job.py:639} INFO - DAG(s) dict_keys(['latest_only']) retrieved from /home/navneetsajwan/airflow/etl/lib/python3.8/site-packages/airflow/example_dags/example_latest_only.py
[2021-05-08 01:28:02,325] {logging_mixin.py:104} INFO - [2021-05-08 01:28:02,324] {dag.py:1824} INFO - Sync 1 DAGs
[2021-05-08 01:28:02,348] {logging_mixin.py:104} INFO - [2021-05-08 01:28:02,348] {dag.py:2280} INFO - Setting next_dagrun for latest_only to 2021-05-05 00:00:00+00:00
[2021-05-08 01:28:02,494] {scheduler_job.py:190} INFO - Processing /home/navneetsajwan/airflow/etl/lib/python3.8/site-packages/airflow/example_dags/example_latest_only.py took 0.216 seconds
[2021-05-08 01:28:54,138] {scheduler_job.py:182} INFO - Started process (PID=462443) to work on /home/navneetsajwan/airflow/etl/lib/python3.8/site-packages/airflow/example_dags/example_latest_only.py
[2021-05-08 01:28:54,148] {scheduler_job.py:629} INFO - Processing file /home/navneetsajwan/airflow/etl/lib/python3.8/site-packages/airflow/example_dags/example_latest_only.py for tasks to queue
[2021-05-08 01:28:54,164] {logging_mixin.py:104} INFO - [2021-05-08 01:28:54,149] {dagbag.py:451} INFO - Filling up the DagBag from /home/navneetsajwan/airflow/etl/lib/python3.8/site-packages/airflow/example_dags/example_latest_only.py
[2021-05-08 01:28:54,229] {scheduler_job.py:639} INFO - DAG(s) dict_keys(['latest_only']) retrieved from /home/navneetsajwan/airflow/etl/lib/python3.8/site-packages/airflow/example_dags/example_latest_only.py
[2021-05-08 01:28:54,363] {logging_mixin.py:104} INFO - [2021-05-08 01:28:54,363] {dag.py:1824} INFO - Sync 1 DAGs
[2021-05-08 01:28:54,474] {logging_mixin.py:104} INFO - [2021-05-08 01:28:54,474] {dag.py:2280} INFO - Setting next_dagrun for latest_only to 2021-05-05 00:00:00+00:00
[2021-05-08 01:28:54,655] {scheduler_job.py:190} INFO - Processing /home/navneetsajwan/airflow/etl/lib/python3.8/site-packages/airflow/example_dags/example_latest_only.py took 0.590 seconds
[2021-05-08 01:30:05,124] {scheduler_job.py:182} INFO - Started process (PID=463789) to work on /home/navneetsajwan/airflow/etl/lib/python3.8/site-packages/airflow/example_dags/example_latest_only.py
[2021-05-08 01:30:05,126] {scheduler_job.py:629} INFO - Processing file /home/navneetsajwan/airflow/etl/lib/python3.8/site-packages/airflow/example_dags/example_latest_only.py for tasks to queue
[2021-05-08 01:30:05,127] {logging_mixin.py:104} INFO - [2021-05-08 01:30:05,127] {dagbag.py:451} INFO - Filling up the DagBag from /home/navneetsajwan/airflow/etl/lib/python3.8/site-packages/airflow/example_dags/example_latest_only.py
[2021-05-08 01:30:05,133] {scheduler_job.py:639} INFO - DAG(s) dict_keys(['latest_only']) retrieved from /home/navneetsajwan/airflow/etl/lib/python3.8/site-packages/airflow/example_dags/example_latest_only.py
[2021-05-08 01:30:05,152] {logging_mixin.py:104} INFO - [2021-05-08 01:30:05,152] {dag.py:1824} INFO - Sync 1 DAGs
[2021-05-08 01:30:05,165] {logging_mixin.py:104} INFO - [2021-05-08 01:30:05,165] {dag.py:2280} INFO - Setting next_dagrun for latest_only to 2021-05-05 00:00:00+00:00
[2021-05-08 01:30:05,299] {scheduler_job.py:190} INFO - Processing /home/navneetsajwan/airflow/etl/lib/python3.8/site-packages/airflow/example_dags/example_latest_only.py took 0.179 seconds
[2021-05-08 01:30:56,770] {scheduler_job.py:182} INFO - Started process (PID=464538) to work on /home/navneetsajwan/airflow/etl/lib/python3.8/site-packages/airflow/example_dags/example_latest_only.py
[2021-05-08 01:30:56,773] {scheduler_job.py:629} INFO - Processing file /home/navneetsajwan/airflow/etl/lib/python3.8/site-packages/airflow/example_dags/example_latest_only.py for tasks to queue
[2021-05-08 01:30:56,774] {logging_mixin.py:104} INFO - [2021-05-08 01:30:56,774] {dagbag.py:451} INFO - Filling up the DagBag from /home/navneetsajwan/airflow/etl/lib/python3.8/site-packages/airflow/example_dags/example_latest_only.py
[2021-05-08 01:30:56,795] {scheduler_job.py:639} INFO - DAG(s) dict_keys(['latest_only']) retrieved from /home/navneetsajwan/airflow/etl/lib/python3.8/site-packages/airflow/example_dags/example_latest_only.py
[2021-05-08 01:30:56,844] {logging_mixin.py:104} INFO - [2021-05-08 01:30:56,844] {dag.py:1824} INFO - Sync 1 DAGs
[2021-05-08 01:30:56,889] {logging_mixin.py:104} INFO - [2021-05-08 01:30:56,889] {dag.py:2280} INFO - Setting next_dagrun for latest_only to 2021-05-05 00:00:00+00:00
[2021-05-08 01:30:57,138] {scheduler_job.py:190} INFO - Processing /home/navneetsajwan/airflow/etl/lib/python3.8/site-packages/airflow/example_dags/example_latest_only.py took 0.382 seconds
[2021-05-08 01:31:53,036] {scheduler_job.py:182} INFO - Started process (PID=465694) to work on /home/navneetsajwan/airflow/etl/lib/python3.8/site-packages/airflow/example_dags/example_latest_only.py
[2021-05-08 01:31:53,037] {scheduler_job.py:629} INFO - Processing file /home/navneetsajwan/airflow/etl/lib/python3.8/site-packages/airflow/example_dags/example_latest_only.py for tasks to queue
[2021-05-08 01:31:53,039] {logging_mixin.py:104} INFO - [2021-05-08 01:31:53,038] {dagbag.py:451} INFO - Filling up the DagBag from /home/navneetsajwan/airflow/etl/lib/python3.8/site-packages/airflow/example_dags/example_latest_only.py
[2021-05-08 01:31:53,050] {scheduler_job.py:639} INFO - DAG(s) dict_keys(['latest_only']) retrieved from /home/navneetsajwan/airflow/etl/lib/python3.8/site-packages/airflow/example_dags/example_latest_only.py
[2021-05-08 01:31:53,081] {logging_mixin.py:104} INFO - [2021-05-08 01:31:53,080] {dag.py:1824} INFO - Sync 1 DAGs
[2021-05-08 01:31:53,100] {logging_mixin.py:104} INFO - [2021-05-08 01:31:53,100] {dag.py:2280} INFO - Setting next_dagrun for latest_only to 2021-05-05 00:00:00+00:00
[2021-05-08 01:31:53,208] {scheduler_job.py:190} INFO - Processing /home/navneetsajwan/airflow/etl/lib/python3.8/site-packages/airflow/example_dags/example_latest_only.py took 0.179 seconds
[2021-05-08 01:32:34,369] {scheduler_job.py:182} INFO - Started process (PID=466302) to work on /home/navneetsajwan/airflow/etl/lib/python3.8/site-packages/airflow/example_dags/example_latest_only.py
[2021-05-08 01:32:34,373] {scheduler_job.py:629} INFO - Processing file /home/navneetsajwan/airflow/etl/lib/python3.8/site-packages/airflow/example_dags/example_latest_only.py for tasks to queue
[2021-05-08 01:32:34,375] {logging_mixin.py:104} INFO - [2021-05-08 01:32:34,374] {dagbag.py:451} INFO - Filling up the DagBag from /home/navneetsajwan/airflow/etl/lib/python3.8/site-packages/airflow/example_dags/example_latest_only.py
[2021-05-08 01:32:34,393] {scheduler_job.py:639} INFO - DAG(s) dict_keys(['latest_only']) retrieved from /home/navneetsajwan/airflow/etl/lib/python3.8/site-packages/airflow/example_dags/example_latest_only.py
[2021-05-08 01:32:34,450] {logging_mixin.py:104} INFO - [2021-05-08 01:32:34,439] {dag.py:1824} INFO - Sync 1 DAGs
[2021-05-08 01:32:34,512] {logging_mixin.py:104} INFO - [2021-05-08 01:32:34,512] {dag.py:2280} INFO - Setting next_dagrun for latest_only to 2021-05-05 00:00:00+00:00
[2021-05-08 01:32:34,681] {scheduler_job.py:190} INFO - Processing /home/navneetsajwan/airflow/etl/lib/python3.8/site-packages/airflow/example_dags/example_latest_only.py took 0.327 seconds
[2021-05-08 01:33:22,707] {scheduler_job.py:182} INFO - Started process (PID=467295) to work on /home/navneetsajwan/airflow/etl/lib/python3.8/site-packages/airflow/example_dags/example_latest_only.py
[2021-05-08 01:33:22,709] {scheduler_job.py:629} INFO - Processing file /home/navneetsajwan/airflow/etl/lib/python3.8/site-packages/airflow/example_dags/example_latest_only.py for tasks to queue
[2021-05-08 01:33:22,710] {logging_mixin.py:104} INFO - [2021-05-08 01:33:22,710] {dagbag.py:451} INFO - Filling up the DagBag from /home/navneetsajwan/airflow/etl/lib/python3.8/site-packages/airflow/example_dags/example_latest_only.py
[2021-05-08 01:33:22,717] {scheduler_job.py:639} INFO - DAG(s) dict_keys(['latest_only']) retrieved from /home/navneetsajwan/airflow/etl/lib/python3.8/site-packages/airflow/example_dags/example_latest_only.py
[2021-05-08 01:33:22,741] {logging_mixin.py:104} INFO - [2021-05-08 01:33:22,741] {dag.py:1824} INFO - Sync 1 DAGs
[2021-05-08 01:33:22,762] {logging_mixin.py:104} INFO - [2021-05-08 01:33:22,761] {dag.py:2280} INFO - Setting next_dagrun for latest_only to 2021-05-05 00:00:00+00:00
[2021-05-08 01:33:22,882] {scheduler_job.py:190} INFO - Processing /home/navneetsajwan/airflow/etl/lib/python3.8/site-packages/airflow/example_dags/example_latest_only.py took 0.179 seconds
[2021-05-08 01:34:08,761] {scheduler_job.py:182} INFO - Started process (PID=467928) to work on /home/navneetsajwan/airflow/etl/lib/python3.8/site-packages/airflow/example_dags/example_latest_only.py
[2021-05-08 01:34:08,765] {scheduler_job.py:629} INFO - Processing file /home/navneetsajwan/airflow/etl/lib/python3.8/site-packages/airflow/example_dags/example_latest_only.py for tasks to queue
[2021-05-08 01:34:08,766] {logging_mixin.py:104} INFO - [2021-05-08 01:34:08,766] {dagbag.py:451} INFO - Filling up the DagBag from /home/navneetsajwan/airflow/etl/lib/python3.8/site-packages/airflow/example_dags/example_latest_only.py
[2021-05-08 01:34:08,775] {scheduler_job.py:639} INFO - DAG(s) dict_keys(['latest_only']) retrieved from /home/navneetsajwan/airflow/etl/lib/python3.8/site-packages/airflow/example_dags/example_latest_only.py
[2021-05-08 01:34:08,808] {logging_mixin.py:104} INFO - [2021-05-08 01:34:08,807] {dag.py:1824} INFO - Sync 1 DAGs
[2021-05-08 01:34:08,835] {logging_mixin.py:104} INFO - [2021-05-08 01:34:08,835] {dag.py:2280} INFO - Setting next_dagrun for latest_only to 2021-05-05 00:00:00+00:00
[2021-05-08 01:34:09,002] {scheduler_job.py:190} INFO - Processing /home/navneetsajwan/airflow/etl/lib/python3.8/site-packages/airflow/example_dags/example_latest_only.py took 0.268 seconds
[2021-05-08 01:35:06,063] {scheduler_job.py:182} INFO - Started process (PID=469107) to work on /home/navneetsajwan/airflow/etl/lib/python3.8/site-packages/airflow/example_dags/example_latest_only.py
[2021-05-08 01:35:06,078] {scheduler_job.py:629} INFO - Processing file /home/navneetsajwan/airflow/etl/lib/python3.8/site-packages/airflow/example_dags/example_latest_only.py for tasks to queue
[2021-05-08 01:35:06,082] {logging_mixin.py:104} INFO - [2021-05-08 01:35:06,082] {dagbag.py:451} INFO - Filling up the DagBag from /home/navneetsajwan/airflow/etl/lib/python3.8/site-packages/airflow/example_dags/example_latest_only.py
[2021-05-08 01:35:06,101] {scheduler_job.py:639} INFO - DAG(s) dict_keys(['latest_only']) retrieved from /home/navneetsajwan/airflow/etl/lib/python3.8/site-packages/airflow/example_dags/example_latest_only.py
[2021-05-08 01:35:06,151] {logging_mixin.py:104} INFO - [2021-05-08 01:35:06,151] {dag.py:1824} INFO - Sync 1 DAGs
[2021-05-08 01:35:06,188] {logging_mixin.py:104} INFO - [2021-05-08 01:35:06,188] {dag.py:2280} INFO - Setting next_dagrun for latest_only to 2021-05-05 00:00:00+00:00
[2021-05-08 01:35:06,353] {scheduler_job.py:190} INFO - Processing /home/navneetsajwan/airflow/etl/lib/python3.8/site-packages/airflow/example_dags/example_latest_only.py took 0.294 seconds
[2021-05-08 01:35:54,884] {scheduler_job.py:182} INFO - Started process (PID=469842) to work on /home/navneetsajwan/airflow/etl/lib/python3.8/site-packages/airflow/example_dags/example_latest_only.py
[2021-05-08 01:35:54,889] {scheduler_job.py:629} INFO - Processing file /home/navneetsajwan/airflow/etl/lib/python3.8/site-packages/airflow/example_dags/example_latest_only.py for tasks to queue
[2021-05-08 01:35:54,891] {logging_mixin.py:104} INFO - [2021-05-08 01:35:54,891] {dagbag.py:451} INFO - Filling up the DagBag from /home/navneetsajwan/airflow/etl/lib/python3.8/site-packages/airflow/example_dags/example_latest_only.py
[2021-05-08 01:35:54,897] {scheduler_job.py:639} INFO - DAG(s) dict_keys(['latest_only']) retrieved from /home/navneetsajwan/airflow/etl/lib/python3.8/site-packages/airflow/example_dags/example_latest_only.py
[2021-05-08 01:35:54,917] {logging_mixin.py:104} INFO - [2021-05-08 01:35:54,916] {dag.py:1824} INFO - Sync 1 DAGs
[2021-05-08 01:35:54,932] {logging_mixin.py:104} INFO - [2021-05-08 01:35:54,932] {dag.py:2280} INFO - Setting next_dagrun for latest_only to 2021-05-05 00:00:00+00:00
[2021-05-08 01:35:55,030] {scheduler_job.py:190} INFO - Processing /home/navneetsajwan/airflow/etl/lib/python3.8/site-packages/airflow/example_dags/example_latest_only.py took 0.154 seconds
[2021-05-08 01:37:02,397] {scheduler_job.py:182} INFO - Started process (PID=471105) to work on /home/navneetsajwan/airflow/etl/lib/python3.8/site-packages/airflow/example_dags/example_latest_only.py
[2021-05-08 01:37:02,399] {scheduler_job.py:629} INFO - Processing file /home/navneetsajwan/airflow/etl/lib/python3.8/site-packages/airflow/example_dags/example_latest_only.py for tasks to queue
[2021-05-08 01:37:02,400] {logging_mixin.py:104} INFO - [2021-05-08 01:37:02,399] {dagbag.py:451} INFO - Filling up the DagBag from /home/navneetsajwan/airflow/etl/lib/python3.8/site-packages/airflow/example_dags/example_latest_only.py
[2021-05-08 01:37:02,405] {scheduler_job.py:639} INFO - DAG(s) dict_keys(['latest_only']) retrieved from /home/navneetsajwan/airflow/etl/lib/python3.8/site-packages/airflow/example_dags/example_latest_only.py
[2021-05-08 01:37:02,422] {logging_mixin.py:104} INFO - [2021-05-08 01:37:02,422] {dag.py:1824} INFO - Sync 1 DAGs
[2021-05-08 01:37:02,434] {logging_mixin.py:104} INFO - [2021-05-08 01:37:02,434] {dag.py:2280} INFO - Setting next_dagrun for latest_only to 2021-05-05 00:00:00+00:00
[2021-05-08 01:37:02,578] {scheduler_job.py:190} INFO - Processing /home/navneetsajwan/airflow/etl/lib/python3.8/site-packages/airflow/example_dags/example_latest_only.py took 0.186 seconds
[2021-05-08 01:37:50,101] {scheduler_job.py:182} INFO - Started process (PID=471813) to work on /home/navneetsajwan/airflow/etl/lib/python3.8/site-packages/airflow/example_dags/example_latest_only.py
[2021-05-08 01:37:50,103] {scheduler_job.py:629} INFO - Processing file /home/navneetsajwan/airflow/etl/lib/python3.8/site-packages/airflow/example_dags/example_latest_only.py for tasks to queue
[2021-05-08 01:37:50,104] {logging_mixin.py:104} INFO - [2021-05-08 01:37:50,104] {dagbag.py:451} INFO - Filling up the DagBag from /home/navneetsajwan/airflow/etl/lib/python3.8/site-packages/airflow/example_dags/example_latest_only.py
[2021-05-08 01:37:50,113] {scheduler_job.py:639} INFO - DAG(s) dict_keys(['latest_only']) retrieved from /home/navneetsajwan/airflow/etl/lib/python3.8/site-packages/airflow/example_dags/example_latest_only.py
[2021-05-08 01:37:50,154] {logging_mixin.py:104} INFO - [2021-05-08 01:37:50,154] {dag.py:1824} INFO - Sync 1 DAGs
[2021-05-08 01:37:50,183] {logging_mixin.py:104} INFO - [2021-05-08 01:37:50,183] {dag.py:2280} INFO - Setting next_dagrun for latest_only to 2021-05-05 00:00:00+00:00
[2021-05-08 01:37:50,695] {scheduler_job.py:190} INFO - Processing /home/navneetsajwan/airflow/etl/lib/python3.8/site-packages/airflow/example_dags/example_latest_only.py took 0.603 seconds
