[2021-05-08 01:07:15,441] {scheduler_job.py:182} INFO - Started process (PID=440023) to work on /home/navneetsajwan/airflow/etl/lib/python3.8/site-packages/airflow/example_dags/example_short_circuit_operator.py
[2021-05-08 01:07:15,442] {scheduler_job.py:629} INFO - Processing file /home/navneetsajwan/airflow/etl/lib/python3.8/site-packages/airflow/example_dags/example_short_circuit_operator.py for tasks to queue
[2021-05-08 01:07:15,443] {logging_mixin.py:104} INFO - [2021-05-08 01:07:15,443] {dagbag.py:451} INFO - Filling up the DagBag from /home/navneetsajwan/airflow/etl/lib/python3.8/site-packages/airflow/example_dags/example_short_circuit_operator.py
[2021-05-08 01:07:15,457] {scheduler_job.py:639} INFO - DAG(s) dict_keys(['example_short_circuit_operator']) retrieved from /home/navneetsajwan/airflow/etl/lib/python3.8/site-packages/airflow/example_dags/example_short_circuit_operator.py
[2021-05-08 01:07:15,476] {logging_mixin.py:104} INFO - [2021-05-08 01:07:15,476] {dag.py:1824} INFO - Sync 1 DAGs
[2021-05-08 01:07:15,489] {logging_mixin.py:104} INFO - [2021-05-08 01:07:15,489] {dag.py:2280} INFO - Setting next_dagrun for example_short_circuit_operator to 2021-05-05 00:00:00+00:00
[2021-05-08 01:07:15,628] {scheduler_job.py:190} INFO - Processing /home/navneetsajwan/airflow/etl/lib/python3.8/site-packages/airflow/example_dags/example_short_circuit_operator.py took 0.191 seconds
[2021-05-08 01:07:47,903] {scheduler_job.py:182} INFO - Started process (PID=440464) to work on /home/navneetsajwan/airflow/etl/lib/python3.8/site-packages/airflow/example_dags/example_short_circuit_operator.py
[2021-05-08 01:07:47,906] {scheduler_job.py:629} INFO - Processing file /home/navneetsajwan/airflow/etl/lib/python3.8/site-packages/airflow/example_dags/example_short_circuit_operator.py for tasks to queue
[2021-05-08 01:07:47,907] {logging_mixin.py:104} INFO - [2021-05-08 01:07:47,906] {dagbag.py:451} INFO - Filling up the DagBag from /home/navneetsajwan/airflow/etl/lib/python3.8/site-packages/airflow/example_dags/example_short_circuit_operator.py
[2021-05-08 01:07:47,926] {scheduler_job.py:639} INFO - DAG(s) dict_keys(['example_short_circuit_operator']) retrieved from /home/navneetsajwan/airflow/etl/lib/python3.8/site-packages/airflow/example_dags/example_short_circuit_operator.py
[2021-05-08 01:07:47,952] {logging_mixin.py:104} INFO - [2021-05-08 01:07:47,952] {dag.py:1824} INFO - Sync 1 DAGs
[2021-05-08 01:07:47,971] {logging_mixin.py:104} INFO - [2021-05-08 01:07:47,970] {dag.py:2280} INFO - Setting next_dagrun for example_short_circuit_operator to 2021-05-05 00:00:00+00:00
[2021-05-08 01:07:48,318] {scheduler_job.py:190} INFO - Processing /home/navneetsajwan/airflow/etl/lib/python3.8/site-packages/airflow/example_dags/example_short_circuit_operator.py took 0.419 seconds
[2021-05-08 01:08:24,261] {scheduler_job.py:182} INFO - Started process (PID=440936) to work on /home/navneetsajwan/airflow/etl/lib/python3.8/site-packages/airflow/example_dags/example_short_circuit_operator.py
[2021-05-08 01:08:24,262] {scheduler_job.py:629} INFO - Processing file /home/navneetsajwan/airflow/etl/lib/python3.8/site-packages/airflow/example_dags/example_short_circuit_operator.py for tasks to queue
[2021-05-08 01:08:24,263] {logging_mixin.py:104} INFO - [2021-05-08 01:08:24,263] {dagbag.py:451} INFO - Filling up the DagBag from /home/navneetsajwan/airflow/etl/lib/python3.8/site-packages/airflow/example_dags/example_short_circuit_operator.py
[2021-05-08 01:08:24,377] {scheduler_job.py:639} INFO - DAG(s) dict_keys(['example_short_circuit_operator']) retrieved from /home/navneetsajwan/airflow/etl/lib/python3.8/site-packages/airflow/example_dags/example_short_circuit_operator.py
[2021-05-08 01:08:24,404] {logging_mixin.py:104} INFO - [2021-05-08 01:08:24,404] {dag.py:1824} INFO - Sync 1 DAGs
[2021-05-08 01:08:24,423] {logging_mixin.py:104} INFO - [2021-05-08 01:08:24,423] {dag.py:2280} INFO - Setting next_dagrun for example_short_circuit_operator to 2021-05-05 00:00:00+00:00
[2021-05-08 01:08:24,552] {scheduler_job.py:190} INFO - Processing /home/navneetsajwan/airflow/etl/lib/python3.8/site-packages/airflow/example_dags/example_short_circuit_operator.py took 0.313 seconds
[2021-05-08 01:09:15,979] {scheduler_job.py:182} INFO - Started process (PID=442005) to work on /home/navneetsajwan/airflow/etl/lib/python3.8/site-packages/airflow/example_dags/example_short_circuit_operator.py
[2021-05-08 01:09:15,980] {scheduler_job.py:629} INFO - Processing file /home/navneetsajwan/airflow/etl/lib/python3.8/site-packages/airflow/example_dags/example_short_circuit_operator.py for tasks to queue
[2021-05-08 01:09:15,981] {logging_mixin.py:104} INFO - [2021-05-08 01:09:15,981] {dagbag.py:451} INFO - Filling up the DagBag from /home/navneetsajwan/airflow/etl/lib/python3.8/site-packages/airflow/example_dags/example_short_circuit_operator.py
[2021-05-08 01:09:16,021] {scheduler_job.py:639} INFO - DAG(s) dict_keys(['example_short_circuit_operator']) retrieved from /home/navneetsajwan/airflow/etl/lib/python3.8/site-packages/airflow/example_dags/example_short_circuit_operator.py
[2021-05-08 01:09:16,052] {logging_mixin.py:104} INFO - [2021-05-08 01:09:16,052] {dag.py:1824} INFO - Sync 1 DAGs
[2021-05-08 01:09:16,077] {logging_mixin.py:104} INFO - [2021-05-08 01:09:16,077] {dag.py:2280} INFO - Setting next_dagrun for example_short_circuit_operator to 2021-05-05 00:00:00+00:00
[2021-05-08 01:09:16,233] {scheduler_job.py:190} INFO - Processing /home/navneetsajwan/airflow/etl/lib/python3.8/site-packages/airflow/example_dags/example_short_circuit_operator.py took 0.258 seconds
[2021-05-08 01:09:58,067] {scheduler_job.py:182} INFO - Started process (PID=442635) to work on /home/navneetsajwan/airflow/etl/lib/python3.8/site-packages/airflow/example_dags/example_short_circuit_operator.py
[2021-05-08 01:09:58,073] {scheduler_job.py:629} INFO - Processing file /home/navneetsajwan/airflow/etl/lib/python3.8/site-packages/airflow/example_dags/example_short_circuit_operator.py for tasks to queue
[2021-05-08 01:09:58,075] {logging_mixin.py:104} INFO - [2021-05-08 01:09:58,074] {dagbag.py:451} INFO - Filling up the DagBag from /home/navneetsajwan/airflow/etl/lib/python3.8/site-packages/airflow/example_dags/example_short_circuit_operator.py
[2021-05-08 01:09:58,111] {scheduler_job.py:639} INFO - DAG(s) dict_keys(['example_short_circuit_operator']) retrieved from /home/navneetsajwan/airflow/etl/lib/python3.8/site-packages/airflow/example_dags/example_short_circuit_operator.py
[2021-05-08 01:09:58,164] {logging_mixin.py:104} INFO - [2021-05-08 01:09:58,164] {dag.py:1824} INFO - Sync 1 DAGs
[2021-05-08 01:09:58,220] {logging_mixin.py:104} INFO - [2021-05-08 01:09:58,220] {dag.py:2280} INFO - Setting next_dagrun for example_short_circuit_operator to 2021-05-05 00:00:00+00:00
[2021-05-08 01:09:58,382] {scheduler_job.py:190} INFO - Processing /home/navneetsajwan/airflow/etl/lib/python3.8/site-packages/airflow/example_dags/example_short_circuit_operator.py took 0.322 seconds
[2021-05-08 01:10:41,928] {scheduler_job.py:182} INFO - Started process (PID=443459) to work on /home/navneetsajwan/airflow/etl/lib/python3.8/site-packages/airflow/example_dags/example_short_circuit_operator.py
[2021-05-08 01:10:41,929] {scheduler_job.py:629} INFO - Processing file /home/navneetsajwan/airflow/etl/lib/python3.8/site-packages/airflow/example_dags/example_short_circuit_operator.py for tasks to queue
[2021-05-08 01:10:41,929] {logging_mixin.py:104} INFO - [2021-05-08 01:10:41,929] {dagbag.py:451} INFO - Filling up the DagBag from /home/navneetsajwan/airflow/etl/lib/python3.8/site-packages/airflow/example_dags/example_short_circuit_operator.py
[2021-05-08 01:10:41,946] {scheduler_job.py:639} INFO - DAG(s) dict_keys(['example_short_circuit_operator']) retrieved from /home/navneetsajwan/airflow/etl/lib/python3.8/site-packages/airflow/example_dags/example_short_circuit_operator.py
[2021-05-08 01:10:41,965] {logging_mixin.py:104} INFO - [2021-05-08 01:10:41,965] {dag.py:1824} INFO - Sync 1 DAGs
[2021-05-08 01:10:41,990] {logging_mixin.py:104} INFO - [2021-05-08 01:10:41,990] {dag.py:2280} INFO - Setting next_dagrun for example_short_circuit_operator to 2021-05-05 00:00:00+00:00
[2021-05-08 01:10:42,901] {scheduler_job.py:190} INFO - Processing /home/navneetsajwan/airflow/etl/lib/python3.8/site-packages/airflow/example_dags/example_short_circuit_operator.py took 0.979 seconds
[2021-05-08 01:11:22,062] {scheduler_job.py:182} INFO - Started process (PID=444131) to work on /home/navneetsajwan/airflow/etl/lib/python3.8/site-packages/airflow/example_dags/example_short_circuit_operator.py
[2021-05-08 01:11:22,063] {scheduler_job.py:629} INFO - Processing file /home/navneetsajwan/airflow/etl/lib/python3.8/site-packages/airflow/example_dags/example_short_circuit_operator.py for tasks to queue
[2021-05-08 01:11:22,064] {logging_mixin.py:104} INFO - [2021-05-08 01:11:22,064] {dagbag.py:451} INFO - Filling up the DagBag from /home/navneetsajwan/airflow/etl/lib/python3.8/site-packages/airflow/example_dags/example_short_circuit_operator.py
[2021-05-08 01:11:22,099] {scheduler_job.py:639} INFO - DAG(s) dict_keys(['example_short_circuit_operator']) retrieved from /home/navneetsajwan/airflow/etl/lib/python3.8/site-packages/airflow/example_dags/example_short_circuit_operator.py
[2021-05-08 01:11:22,141] {logging_mixin.py:104} INFO - [2021-05-08 01:11:22,141] {dag.py:1824} INFO - Sync 1 DAGs
[2021-05-08 01:11:22,219] {logging_mixin.py:104} INFO - [2021-05-08 01:11:22,218] {dag.py:2280} INFO - Setting next_dagrun for example_short_circuit_operator to 2021-05-05 00:00:00+00:00
[2021-05-08 01:11:22,346] {scheduler_job.py:190} INFO - Processing /home/navneetsajwan/airflow/etl/lib/python3.8/site-packages/airflow/example_dags/example_short_circuit_operator.py took 0.291 seconds
[2021-05-08 01:14:52,718] {scheduler_job.py:182} INFO - Started process (PID=447615) to work on /home/navneetsajwan/airflow/etl/lib/python3.8/site-packages/airflow/example_dags/example_short_circuit_operator.py
[2021-05-08 01:14:52,719] {scheduler_job.py:629} INFO - Processing file /home/navneetsajwan/airflow/etl/lib/python3.8/site-packages/airflow/example_dags/example_short_circuit_operator.py for tasks to queue
[2021-05-08 01:14:52,720] {logging_mixin.py:104} INFO - [2021-05-08 01:14:52,720] {dagbag.py:451} INFO - Filling up the DagBag from /home/navneetsajwan/airflow/etl/lib/python3.8/site-packages/airflow/example_dags/example_short_circuit_operator.py
[2021-05-08 01:14:52,732] {scheduler_job.py:639} INFO - DAG(s) dict_keys(['example_short_circuit_operator']) retrieved from /home/navneetsajwan/airflow/etl/lib/python3.8/site-packages/airflow/example_dags/example_short_circuit_operator.py
[2021-05-08 01:14:52,751] {logging_mixin.py:104} INFO - [2021-05-08 01:14:52,751] {dag.py:1824} INFO - Sync 1 DAGs
[2021-05-08 01:14:52,767] {logging_mixin.py:104} INFO - [2021-05-08 01:14:52,767] {dag.py:2280} INFO - Setting next_dagrun for example_short_circuit_operator to 2021-05-05 00:00:00+00:00
[2021-05-08 01:14:52,935] {scheduler_job.py:190} INFO - Processing /home/navneetsajwan/airflow/etl/lib/python3.8/site-packages/airflow/example_dags/example_short_circuit_operator.py took 0.220 seconds
[2021-05-08 01:15:24,038] {scheduler_job.py:182} INFO - Started process (PID=448044) to work on /home/navneetsajwan/airflow/etl/lib/python3.8/site-packages/airflow/example_dags/example_short_circuit_operator.py
[2021-05-08 01:15:24,040] {scheduler_job.py:629} INFO - Processing file /home/navneetsajwan/airflow/etl/lib/python3.8/site-packages/airflow/example_dags/example_short_circuit_operator.py for tasks to queue
[2021-05-08 01:15:24,041] {logging_mixin.py:104} INFO - [2021-05-08 01:15:24,041] {dagbag.py:451} INFO - Filling up the DagBag from /home/navneetsajwan/airflow/etl/lib/python3.8/site-packages/airflow/example_dags/example_short_circuit_operator.py
[2021-05-08 01:15:24,056] {scheduler_job.py:639} INFO - DAG(s) dict_keys(['example_short_circuit_operator']) retrieved from /home/navneetsajwan/airflow/etl/lib/python3.8/site-packages/airflow/example_dags/example_short_circuit_operator.py
[2021-05-08 01:15:24,089] {logging_mixin.py:104} INFO - [2021-05-08 01:15:24,089] {dag.py:1824} INFO - Sync 1 DAGs
[2021-05-08 01:15:24,120] {logging_mixin.py:104} INFO - [2021-05-08 01:15:24,120] {dag.py:2280} INFO - Setting next_dagrun for example_short_circuit_operator to 2021-05-05 00:00:00+00:00
[2021-05-08 01:15:24,218] {scheduler_job.py:190} INFO - Processing /home/navneetsajwan/airflow/etl/lib/python3.8/site-packages/airflow/example_dags/example_short_circuit_operator.py took 0.185 seconds
[2021-05-08 01:15:59,494] {scheduler_job.py:182} INFO - Started process (PID=448907) to work on /home/navneetsajwan/airflow/etl/lib/python3.8/site-packages/airflow/example_dags/example_short_circuit_operator.py
[2021-05-08 01:15:59,497] {scheduler_job.py:629} INFO - Processing file /home/navneetsajwan/airflow/etl/lib/python3.8/site-packages/airflow/example_dags/example_short_circuit_operator.py for tasks to queue
[2021-05-08 01:15:59,498] {logging_mixin.py:104} INFO - [2021-05-08 01:15:59,498] {dagbag.py:451} INFO - Filling up the DagBag from /home/navneetsajwan/airflow/etl/lib/python3.8/site-packages/airflow/example_dags/example_short_circuit_operator.py
[2021-05-08 01:15:59,545] {scheduler_job.py:639} INFO - DAG(s) dict_keys(['example_short_circuit_operator']) retrieved from /home/navneetsajwan/airflow/etl/lib/python3.8/site-packages/airflow/example_dags/example_short_circuit_operator.py
[2021-05-08 01:15:59,590] {logging_mixin.py:104} INFO - [2021-05-08 01:15:59,590] {dag.py:1824} INFO - Sync 1 DAGs
[2021-05-08 01:15:59,613] {logging_mixin.py:104} INFO - [2021-05-08 01:15:59,613] {dag.py:2280} INFO - Setting next_dagrun for example_short_circuit_operator to 2021-05-05 00:00:00+00:00
[2021-05-08 01:15:59,721] {scheduler_job.py:190} INFO - Processing /home/navneetsajwan/airflow/etl/lib/python3.8/site-packages/airflow/example_dags/example_short_circuit_operator.py took 0.242 seconds
[2021-05-08 01:16:34,334] {scheduler_job.py:182} INFO - Started process (PID=449389) to work on /home/navneetsajwan/airflow/etl/lib/python3.8/site-packages/airflow/example_dags/example_short_circuit_operator.py
[2021-05-08 01:16:34,336] {scheduler_job.py:629} INFO - Processing file /home/navneetsajwan/airflow/etl/lib/python3.8/site-packages/airflow/example_dags/example_short_circuit_operator.py for tasks to queue
[2021-05-08 01:16:34,337] {logging_mixin.py:104} INFO - [2021-05-08 01:16:34,337] {dagbag.py:451} INFO - Filling up the DagBag from /home/navneetsajwan/airflow/etl/lib/python3.8/site-packages/airflow/example_dags/example_short_circuit_operator.py
[2021-05-08 01:16:34,351] {scheduler_job.py:639} INFO - DAG(s) dict_keys(['example_short_circuit_operator']) retrieved from /home/navneetsajwan/airflow/etl/lib/python3.8/site-packages/airflow/example_dags/example_short_circuit_operator.py
[2021-05-08 01:16:34,384] {logging_mixin.py:104} INFO - [2021-05-08 01:16:34,384] {dag.py:1824} INFO - Sync 1 DAGs
[2021-05-08 01:16:34,399] {logging_mixin.py:104} INFO - [2021-05-08 01:16:34,399] {dag.py:2280} INFO - Setting next_dagrun for example_short_circuit_operator to 2021-05-05 00:00:00+00:00
[2021-05-08 01:16:34,508] {scheduler_job.py:190} INFO - Processing /home/navneetsajwan/airflow/etl/lib/python3.8/site-packages/airflow/example_dags/example_short_circuit_operator.py took 0.181 seconds
[2021-05-08 01:17:19,997] {scheduler_job.py:182} INFO - Started process (PID=450080) to work on /home/navneetsajwan/airflow/etl/lib/python3.8/site-packages/airflow/example_dags/example_short_circuit_operator.py
[2021-05-08 01:17:19,998] {scheduler_job.py:629} INFO - Processing file /home/navneetsajwan/airflow/etl/lib/python3.8/site-packages/airflow/example_dags/example_short_circuit_operator.py for tasks to queue
[2021-05-08 01:17:19,999] {logging_mixin.py:104} INFO - [2021-05-08 01:17:19,999] {dagbag.py:451} INFO - Filling up the DagBag from /home/navneetsajwan/airflow/etl/lib/python3.8/site-packages/airflow/example_dags/example_short_circuit_operator.py
[2021-05-08 01:17:20,007] {scheduler_job.py:639} INFO - DAG(s) dict_keys(['example_short_circuit_operator']) retrieved from /home/navneetsajwan/airflow/etl/lib/python3.8/site-packages/airflow/example_dags/example_short_circuit_operator.py
[2021-05-08 01:17:20,024] {logging_mixin.py:104} INFO - [2021-05-08 01:17:20,023] {dag.py:1824} INFO - Sync 1 DAGs
[2021-05-08 01:17:20,037] {logging_mixin.py:104} INFO - [2021-05-08 01:17:20,036] {dag.py:2280} INFO - Setting next_dagrun for example_short_circuit_operator to 2021-05-05 00:00:00+00:00
[2021-05-08 01:17:20,334] {scheduler_job.py:190} INFO - Processing /home/navneetsajwan/airflow/etl/lib/python3.8/site-packages/airflow/example_dags/example_short_circuit_operator.py took 0.340 seconds
[2021-05-08 01:18:03,207] {scheduler_job.py:182} INFO - Started process (PID=451047) to work on /home/navneetsajwan/airflow/etl/lib/python3.8/site-packages/airflow/example_dags/example_short_circuit_operator.py
[2021-05-08 01:18:03,215] {scheduler_job.py:629} INFO - Processing file /home/navneetsajwan/airflow/etl/lib/python3.8/site-packages/airflow/example_dags/example_short_circuit_operator.py for tasks to queue
[2021-05-08 01:18:03,216] {logging_mixin.py:104} INFO - [2021-05-08 01:18:03,216] {dagbag.py:451} INFO - Filling up the DagBag from /home/navneetsajwan/airflow/etl/lib/python3.8/site-packages/airflow/example_dags/example_short_circuit_operator.py
[2021-05-08 01:18:03,247] {scheduler_job.py:639} INFO - DAG(s) dict_keys(['example_short_circuit_operator']) retrieved from /home/navneetsajwan/airflow/etl/lib/python3.8/site-packages/airflow/example_dags/example_short_circuit_operator.py
[2021-05-08 01:18:03,293] {logging_mixin.py:104} INFO - [2021-05-08 01:18:03,293] {dag.py:1824} INFO - Sync 1 DAGs
[2021-05-08 01:18:03,346] {logging_mixin.py:104} INFO - [2021-05-08 01:18:03,346] {dag.py:2280} INFO - Setting next_dagrun for example_short_circuit_operator to 2021-05-05 00:00:00+00:00
[2021-05-08 01:18:03,526] {scheduler_job.py:190} INFO - Processing /home/navneetsajwan/airflow/etl/lib/python3.8/site-packages/airflow/example_dags/example_short_circuit_operator.py took 0.335 seconds
[2021-05-08 01:18:43,886] {scheduler_job.py:182} INFO - Started process (PID=451624) to work on /home/navneetsajwan/airflow/etl/lib/python3.8/site-packages/airflow/example_dags/example_short_circuit_operator.py
[2021-05-08 01:18:43,889] {scheduler_job.py:629} INFO - Processing file /home/navneetsajwan/airflow/etl/lib/python3.8/site-packages/airflow/example_dags/example_short_circuit_operator.py for tasks to queue
[2021-05-08 01:18:43,890] {logging_mixin.py:104} INFO - [2021-05-08 01:18:43,890] {dagbag.py:451} INFO - Filling up the DagBag from /home/navneetsajwan/airflow/etl/lib/python3.8/site-packages/airflow/example_dags/example_short_circuit_operator.py
[2021-05-08 01:18:44,052] {scheduler_job.py:639} INFO - DAG(s) dict_keys(['example_short_circuit_operator']) retrieved from /home/navneetsajwan/airflow/etl/lib/python3.8/site-packages/airflow/example_dags/example_short_circuit_operator.py
[2021-05-08 01:18:44,404] {logging_mixin.py:104} INFO - [2021-05-08 01:18:44,404] {dag.py:1824} INFO - Sync 1 DAGs
[2021-05-08 01:18:44,596] {logging_mixin.py:104} INFO - [2021-05-08 01:18:44,596] {dag.py:2280} INFO - Setting next_dagrun for example_short_circuit_operator to 2021-05-05 00:00:00+00:00
[2021-05-08 01:18:44,783] {scheduler_job.py:190} INFO - Processing /home/navneetsajwan/airflow/etl/lib/python3.8/site-packages/airflow/example_dags/example_short_circuit_operator.py took 0.929 seconds
[2021-05-08 01:19:29,149] {scheduler_job.py:182} INFO - Started process (PID=452610) to work on /home/navneetsajwan/airflow/etl/lib/python3.8/site-packages/airflow/example_dags/example_short_circuit_operator.py
[2021-05-08 01:19:29,151] {scheduler_job.py:629} INFO - Processing file /home/navneetsajwan/airflow/etl/lib/python3.8/site-packages/airflow/example_dags/example_short_circuit_operator.py for tasks to queue
[2021-05-08 01:19:29,152] {logging_mixin.py:104} INFO - [2021-05-08 01:19:29,152] {dagbag.py:451} INFO - Filling up the DagBag from /home/navneetsajwan/airflow/etl/lib/python3.8/site-packages/airflow/example_dags/example_short_circuit_operator.py
[2021-05-08 01:19:29,164] {scheduler_job.py:639} INFO - DAG(s) dict_keys(['example_short_circuit_operator']) retrieved from /home/navneetsajwan/airflow/etl/lib/python3.8/site-packages/airflow/example_dags/example_short_circuit_operator.py
[2021-05-08 01:19:29,181] {logging_mixin.py:104} INFO - [2021-05-08 01:19:29,181] {dag.py:1824} INFO - Sync 1 DAGs
[2021-05-08 01:19:29,194] {logging_mixin.py:104} INFO - [2021-05-08 01:19:29,194] {dag.py:2280} INFO - Setting next_dagrun for example_short_circuit_operator to 2021-05-05 00:00:00+00:00
[2021-05-08 01:19:29,305] {scheduler_job.py:190} INFO - Processing /home/navneetsajwan/airflow/etl/lib/python3.8/site-packages/airflow/example_dags/example_short_circuit_operator.py took 0.160 seconds
[2021-05-08 01:20:13,529] {scheduler_job.py:182} INFO - Started process (PID=453218) to work on /home/navneetsajwan/airflow/etl/lib/python3.8/site-packages/airflow/example_dags/example_short_circuit_operator.py
[2021-05-08 01:20:13,537] {scheduler_job.py:629} INFO - Processing file /home/navneetsajwan/airflow/etl/lib/python3.8/site-packages/airflow/example_dags/example_short_circuit_operator.py for tasks to queue
[2021-05-08 01:20:13,540] {logging_mixin.py:104} INFO - [2021-05-08 01:20:13,539] {dagbag.py:451} INFO - Filling up the DagBag from /home/navneetsajwan/airflow/etl/lib/python3.8/site-packages/airflow/example_dags/example_short_circuit_operator.py
[2021-05-08 01:20:13,558] {scheduler_job.py:639} INFO - DAG(s) dict_keys(['example_short_circuit_operator']) retrieved from /home/navneetsajwan/airflow/etl/lib/python3.8/site-packages/airflow/example_dags/example_short_circuit_operator.py
[2021-05-08 01:20:13,667] {logging_mixin.py:104} INFO - [2021-05-08 01:20:13,651] {dag.py:1824} INFO - Sync 1 DAGs
[2021-05-08 01:20:13,719] {logging_mixin.py:104} INFO - [2021-05-08 01:20:13,719] {dag.py:2280} INFO - Setting next_dagrun for example_short_circuit_operator to 2021-05-05 00:00:00+00:00
[2021-05-08 01:20:13,887] {scheduler_job.py:190} INFO - Processing /home/navneetsajwan/airflow/etl/lib/python3.8/site-packages/airflow/example_dags/example_short_circuit_operator.py took 0.375 seconds
[2021-05-08 01:21:04,651] {scheduler_job.py:182} INFO - Started process (PID=454305) to work on /home/navneetsajwan/airflow/etl/lib/python3.8/site-packages/airflow/example_dags/example_short_circuit_operator.py
[2021-05-08 01:21:04,652] {scheduler_job.py:629} INFO - Processing file /home/navneetsajwan/airflow/etl/lib/python3.8/site-packages/airflow/example_dags/example_short_circuit_operator.py for tasks to queue
[2021-05-08 01:21:04,653] {logging_mixin.py:104} INFO - [2021-05-08 01:21:04,653] {dagbag.py:451} INFO - Filling up the DagBag from /home/navneetsajwan/airflow/etl/lib/python3.8/site-packages/airflow/example_dags/example_short_circuit_operator.py
[2021-05-08 01:21:04,671] {scheduler_job.py:639} INFO - DAG(s) dict_keys(['example_short_circuit_operator']) retrieved from /home/navneetsajwan/airflow/etl/lib/python3.8/site-packages/airflow/example_dags/example_short_circuit_operator.py
[2021-05-08 01:21:04,695] {logging_mixin.py:104} INFO - [2021-05-08 01:21:04,695] {dag.py:1824} INFO - Sync 1 DAGs
[2021-05-08 01:21:04,718] {logging_mixin.py:104} INFO - [2021-05-08 01:21:04,718] {dag.py:2280} INFO - Setting next_dagrun for example_short_circuit_operator to 2021-05-05 00:00:00+00:00
[2021-05-08 01:21:04,846] {scheduler_job.py:190} INFO - Processing /home/navneetsajwan/airflow/etl/lib/python3.8/site-packages/airflow/example_dags/example_short_circuit_operator.py took 0.201 seconds
[2021-05-08 01:21:40,250] {scheduler_job.py:182} INFO - Started process (PID=454807) to work on /home/navneetsajwan/airflow/etl/lib/python3.8/site-packages/airflow/example_dags/example_short_circuit_operator.py
[2021-05-08 01:21:40,264] {scheduler_job.py:629} INFO - Processing file /home/navneetsajwan/airflow/etl/lib/python3.8/site-packages/airflow/example_dags/example_short_circuit_operator.py for tasks to queue
[2021-05-08 01:21:40,265] {logging_mixin.py:104} INFO - [2021-05-08 01:21:40,265] {dagbag.py:451} INFO - Filling up the DagBag from /home/navneetsajwan/airflow/etl/lib/python3.8/site-packages/airflow/example_dags/example_short_circuit_operator.py
[2021-05-08 01:21:40,363] {scheduler_job.py:639} INFO - DAG(s) dict_keys(['example_short_circuit_operator']) retrieved from /home/navneetsajwan/airflow/etl/lib/python3.8/site-packages/airflow/example_dags/example_short_circuit_operator.py
[2021-05-08 01:21:40,502] {logging_mixin.py:104} INFO - [2021-05-08 01:21:40,502] {dag.py:1824} INFO - Sync 1 DAGs
[2021-05-08 01:21:40,626] {logging_mixin.py:104} INFO - [2021-05-08 01:21:40,626] {dag.py:2280} INFO - Setting next_dagrun for example_short_circuit_operator to 2021-05-05 00:00:00+00:00
[2021-05-08 01:21:40,794] {scheduler_job.py:190} INFO - Processing /home/navneetsajwan/airflow/etl/lib/python3.8/site-packages/airflow/example_dags/example_short_circuit_operator.py took 0.558 seconds
[2021-05-08 01:22:13,177] {scheduler_job.py:182} INFO - Started process (PID=455243) to work on /home/navneetsajwan/airflow/etl/lib/python3.8/site-packages/airflow/example_dags/example_short_circuit_operator.py
[2021-05-08 01:22:13,179] {scheduler_job.py:629} INFO - Processing file /home/navneetsajwan/airflow/etl/lib/python3.8/site-packages/airflow/example_dags/example_short_circuit_operator.py for tasks to queue
[2021-05-08 01:22:13,180] {logging_mixin.py:104} INFO - [2021-05-08 01:22:13,179] {dagbag.py:451} INFO - Filling up the DagBag from /home/navneetsajwan/airflow/etl/lib/python3.8/site-packages/airflow/example_dags/example_short_circuit_operator.py
[2021-05-08 01:22:13,187] {scheduler_job.py:639} INFO - DAG(s) dict_keys(['example_short_circuit_operator']) retrieved from /home/navneetsajwan/airflow/etl/lib/python3.8/site-packages/airflow/example_dags/example_short_circuit_operator.py
[2021-05-08 01:22:13,210] {logging_mixin.py:104} INFO - [2021-05-08 01:22:13,210] {dag.py:1824} INFO - Sync 1 DAGs
[2021-05-08 01:22:13,225] {logging_mixin.py:104} INFO - [2021-05-08 01:22:13,225] {dag.py:2280} INFO - Setting next_dagrun for example_short_circuit_operator to 2021-05-05 00:00:00+00:00
[2021-05-08 01:22:13,384] {scheduler_job.py:190} INFO - Processing /home/navneetsajwan/airflow/etl/lib/python3.8/site-packages/airflow/example_dags/example_short_circuit_operator.py took 0.210 seconds
[2021-05-08 01:23:02,314] {scheduler_job.py:182} INFO - Started process (PID=456241) to work on /home/navneetsajwan/airflow/etl/lib/python3.8/site-packages/airflow/example_dags/example_short_circuit_operator.py
[2021-05-08 01:23:02,316] {scheduler_job.py:629} INFO - Processing file /home/navneetsajwan/airflow/etl/lib/python3.8/site-packages/airflow/example_dags/example_short_circuit_operator.py for tasks to queue
[2021-05-08 01:23:02,317] {logging_mixin.py:104} INFO - [2021-05-08 01:23:02,317] {dagbag.py:451} INFO - Filling up the DagBag from /home/navneetsajwan/airflow/etl/lib/python3.8/site-packages/airflow/example_dags/example_short_circuit_operator.py
[2021-05-08 01:23:02,326] {scheduler_job.py:639} INFO - DAG(s) dict_keys(['example_short_circuit_operator']) retrieved from /home/navneetsajwan/airflow/etl/lib/python3.8/site-packages/airflow/example_dags/example_short_circuit_operator.py
[2021-05-08 01:23:02,342] {logging_mixin.py:104} INFO - [2021-05-08 01:23:02,342] {dag.py:1824} INFO - Sync 1 DAGs
[2021-05-08 01:23:02,355] {logging_mixin.py:104} INFO - [2021-05-08 01:23:02,355] {dag.py:2280} INFO - Setting next_dagrun for example_short_circuit_operator to 2021-05-05 00:00:00+00:00
[2021-05-08 01:23:02,486] {scheduler_job.py:190} INFO - Processing /home/navneetsajwan/airflow/etl/lib/python3.8/site-packages/airflow/example_dags/example_short_circuit_operator.py took 0.175 seconds
[2021-05-08 01:23:39,377] {scheduler_job.py:182} INFO - Started process (PID=456752) to work on /home/navneetsajwan/airflow/etl/lib/python3.8/site-packages/airflow/example_dags/example_short_circuit_operator.py
[2021-05-08 01:23:39,378] {scheduler_job.py:629} INFO - Processing file /home/navneetsajwan/airflow/etl/lib/python3.8/site-packages/airflow/example_dags/example_short_circuit_operator.py for tasks to queue
[2021-05-08 01:23:39,380] {logging_mixin.py:104} INFO - [2021-05-08 01:23:39,380] {dagbag.py:451} INFO - Filling up the DagBag from /home/navneetsajwan/airflow/etl/lib/python3.8/site-packages/airflow/example_dags/example_short_circuit_operator.py
[2021-05-08 01:23:39,389] {scheduler_job.py:639} INFO - DAG(s) dict_keys(['example_short_circuit_operator']) retrieved from /home/navneetsajwan/airflow/etl/lib/python3.8/site-packages/airflow/example_dags/example_short_circuit_operator.py
[2021-05-08 01:23:39,414] {logging_mixin.py:104} INFO - [2021-05-08 01:23:39,414] {dag.py:1824} INFO - Sync 1 DAGs
[2021-05-08 01:23:39,430] {logging_mixin.py:104} INFO - [2021-05-08 01:23:39,430] {dag.py:2280} INFO - Setting next_dagrun for example_short_circuit_operator to 2021-05-05 00:00:00+00:00
[2021-05-08 01:23:39,589] {scheduler_job.py:190} INFO - Processing /home/navneetsajwan/airflow/etl/lib/python3.8/site-packages/airflow/example_dags/example_short_circuit_operator.py took 0.215 seconds
[2021-05-08 01:24:15,948] {scheduler_job.py:182} INFO - Started process (PID=457604) to work on /home/navneetsajwan/airflow/etl/lib/python3.8/site-packages/airflow/example_dags/example_short_circuit_operator.py
[2021-05-08 01:24:15,950] {scheduler_job.py:629} INFO - Processing file /home/navneetsajwan/airflow/etl/lib/python3.8/site-packages/airflow/example_dags/example_short_circuit_operator.py for tasks to queue
[2021-05-08 01:24:15,951] {logging_mixin.py:104} INFO - [2021-05-08 01:24:15,950] {dagbag.py:451} INFO - Filling up the DagBag from /home/navneetsajwan/airflow/etl/lib/python3.8/site-packages/airflow/example_dags/example_short_circuit_operator.py
[2021-05-08 01:24:15,961] {scheduler_job.py:639} INFO - DAG(s) dict_keys(['example_short_circuit_operator']) retrieved from /home/navneetsajwan/airflow/etl/lib/python3.8/site-packages/airflow/example_dags/example_short_circuit_operator.py
[2021-05-08 01:24:15,985] {logging_mixin.py:104} INFO - [2021-05-08 01:24:15,985] {dag.py:1824} INFO - Sync 1 DAGs
[2021-05-08 01:24:16,032] {logging_mixin.py:104} INFO - [2021-05-08 01:24:16,032] {dag.py:2280} INFO - Setting next_dagrun for example_short_circuit_operator to 2021-05-05 00:00:00+00:00
[2021-05-08 01:24:16,179] {scheduler_job.py:190} INFO - Processing /home/navneetsajwan/airflow/etl/lib/python3.8/site-packages/airflow/example_dags/example_short_circuit_operator.py took 0.236 seconds
[2021-05-08 01:25:03,804] {scheduler_job.py:182} INFO - Started process (PID=458425) to work on /home/navneetsajwan/airflow/etl/lib/python3.8/site-packages/airflow/example_dags/example_short_circuit_operator.py
[2021-05-08 01:25:03,805] {scheduler_job.py:629} INFO - Processing file /home/navneetsajwan/airflow/etl/lib/python3.8/site-packages/airflow/example_dags/example_short_circuit_operator.py for tasks to queue
[2021-05-08 01:25:03,806] {logging_mixin.py:104} INFO - [2021-05-08 01:25:03,806] {dagbag.py:451} INFO - Filling up the DagBag from /home/navneetsajwan/airflow/etl/lib/python3.8/site-packages/airflow/example_dags/example_short_circuit_operator.py
[2021-05-08 01:25:03,815] {scheduler_job.py:639} INFO - DAG(s) dict_keys(['example_short_circuit_operator']) retrieved from /home/navneetsajwan/airflow/etl/lib/python3.8/site-packages/airflow/example_dags/example_short_circuit_operator.py
[2021-05-08 01:25:03,831] {logging_mixin.py:104} INFO - [2021-05-08 01:25:03,831] {dag.py:1824} INFO - Sync 1 DAGs
[2021-05-08 01:25:03,842] {logging_mixin.py:104} INFO - [2021-05-08 01:25:03,842] {dag.py:2280} INFO - Setting next_dagrun for example_short_circuit_operator to 2021-05-05 00:00:00+00:00
[2021-05-08 01:25:04,073] {scheduler_job.py:190} INFO - Processing /home/navneetsajwan/airflow/etl/lib/python3.8/site-packages/airflow/example_dags/example_short_circuit_operator.py took 0.271 seconds
[2021-05-08 01:26:22,677] {scheduler_job.py:182} INFO - Started process (PID=459829) to work on /home/navneetsajwan/airflow/etl/lib/python3.8/site-packages/airflow/example_dags/example_short_circuit_operator.py
[2021-05-08 01:26:22,679] {scheduler_job.py:629} INFO - Processing file /home/navneetsajwan/airflow/etl/lib/python3.8/site-packages/airflow/example_dags/example_short_circuit_operator.py for tasks to queue
[2021-05-08 01:26:22,691] {logging_mixin.py:104} INFO - [2021-05-08 01:26:22,680] {dagbag.py:451} INFO - Filling up the DagBag from /home/navneetsajwan/airflow/etl/lib/python3.8/site-packages/airflow/example_dags/example_short_circuit_operator.py
[2021-05-08 01:26:22,729] {scheduler_job.py:639} INFO - DAG(s) dict_keys(['example_short_circuit_operator']) retrieved from /home/navneetsajwan/airflow/etl/lib/python3.8/site-packages/airflow/example_dags/example_short_circuit_operator.py
[2021-05-08 01:26:22,826] {logging_mixin.py:104} INFO - [2021-05-08 01:26:22,825] {dag.py:1824} INFO - Sync 1 DAGs
[2021-05-08 01:26:22,883] {logging_mixin.py:104} INFO - [2021-05-08 01:26:22,883] {dag.py:2280} INFO - Setting next_dagrun for example_short_circuit_operator to 2021-05-05 00:00:00+00:00
[2021-05-08 01:26:23,451] {scheduler_job.py:190} INFO - Processing /home/navneetsajwan/airflow/etl/lib/python3.8/site-packages/airflow/example_dags/example_short_circuit_operator.py took 0.797 seconds
[2021-05-08 01:27:20,386] {scheduler_job.py:182} INFO - Started process (PID=460768) to work on /home/navneetsajwan/airflow/etl/lib/python3.8/site-packages/airflow/example_dags/example_short_circuit_operator.py
[2021-05-08 01:27:20,388] {scheduler_job.py:629} INFO - Processing file /home/navneetsajwan/airflow/etl/lib/python3.8/site-packages/airflow/example_dags/example_short_circuit_operator.py for tasks to queue
[2021-05-08 01:27:20,398] {logging_mixin.py:104} INFO - [2021-05-08 01:27:20,397] {dagbag.py:451} INFO - Filling up the DagBag from /home/navneetsajwan/airflow/etl/lib/python3.8/site-packages/airflow/example_dags/example_short_circuit_operator.py
[2021-05-08 01:27:20,437] {scheduler_job.py:639} INFO - DAG(s) dict_keys(['example_short_circuit_operator']) retrieved from /home/navneetsajwan/airflow/etl/lib/python3.8/site-packages/airflow/example_dags/example_short_circuit_operator.py
[2021-05-08 01:27:20,506] {logging_mixin.py:104} INFO - [2021-05-08 01:27:20,506] {dag.py:1824} INFO - Sync 1 DAGs
[2021-05-08 01:27:20,645] {logging_mixin.py:104} INFO - [2021-05-08 01:27:20,645] {dag.py:2280} INFO - Setting next_dagrun for example_short_circuit_operator to 2021-05-05 00:00:00+00:00
[2021-05-08 01:27:20,860] {scheduler_job.py:190} INFO - Processing /home/navneetsajwan/airflow/etl/lib/python3.8/site-packages/airflow/example_dags/example_short_circuit_operator.py took 0.482 seconds
[2021-05-08 01:28:33,986] {scheduler_job.py:182} INFO - Started process (PID=462163) to work on /home/navneetsajwan/airflow/etl/lib/python3.8/site-packages/airflow/example_dags/example_short_circuit_operator.py
[2021-05-08 01:28:34,000] {scheduler_job.py:629} INFO - Processing file /home/navneetsajwan/airflow/etl/lib/python3.8/site-packages/airflow/example_dags/example_short_circuit_operator.py for tasks to queue
[2021-05-08 01:28:34,005] {logging_mixin.py:104} INFO - [2021-05-08 01:28:34,005] {dagbag.py:451} INFO - Filling up the DagBag from /home/navneetsajwan/airflow/etl/lib/python3.8/site-packages/airflow/example_dags/example_short_circuit_operator.py
[2021-05-08 01:28:34,072] {scheduler_job.py:639} INFO - DAG(s) dict_keys(['example_short_circuit_operator']) retrieved from /home/navneetsajwan/airflow/etl/lib/python3.8/site-packages/airflow/example_dags/example_short_circuit_operator.py
[2021-05-08 01:28:34,173] {logging_mixin.py:104} INFO - [2021-05-08 01:28:34,173] {dag.py:1824} INFO - Sync 1 DAGs
[2021-05-08 01:28:34,230] {logging_mixin.py:104} INFO - [2021-05-08 01:28:34,227] {dag.py:2280} INFO - Setting next_dagrun for example_short_circuit_operator to 2021-05-05 00:00:00+00:00
[2021-05-08 01:28:34,330] {scheduler_job.py:190} INFO - Processing /home/navneetsajwan/airflow/etl/lib/python3.8/site-packages/airflow/example_dags/example_short_circuit_operator.py took 0.348 seconds
[2021-05-08 01:29:57,655] {scheduler_job.py:182} INFO - Started process (PID=463691) to work on /home/navneetsajwan/airflow/etl/lib/python3.8/site-packages/airflow/example_dags/example_short_circuit_operator.py
[2021-05-08 01:29:57,656] {scheduler_job.py:629} INFO - Processing file /home/navneetsajwan/airflow/etl/lib/python3.8/site-packages/airflow/example_dags/example_short_circuit_operator.py for tasks to queue
[2021-05-08 01:29:57,657] {logging_mixin.py:104} INFO - [2021-05-08 01:29:57,657] {dagbag.py:451} INFO - Filling up the DagBag from /home/navneetsajwan/airflow/etl/lib/python3.8/site-packages/airflow/example_dags/example_short_circuit_operator.py
[2021-05-08 01:29:57,701] {scheduler_job.py:639} INFO - DAG(s) dict_keys(['example_short_circuit_operator']) retrieved from /home/navneetsajwan/airflow/etl/lib/python3.8/site-packages/airflow/example_dags/example_short_circuit_operator.py
[2021-05-08 01:29:57,741] {logging_mixin.py:104} INFO - [2021-05-08 01:29:57,741] {dag.py:1824} INFO - Sync 1 DAGs
[2021-05-08 01:29:57,851] {logging_mixin.py:104} INFO - [2021-05-08 01:29:57,851] {dag.py:2280} INFO - Setting next_dagrun for example_short_circuit_operator to 2021-05-05 00:00:00+00:00
[2021-05-08 01:29:57,980] {scheduler_job.py:190} INFO - Processing /home/navneetsajwan/airflow/etl/lib/python3.8/site-packages/airflow/example_dags/example_short_circuit_operator.py took 0.337 seconds
[2021-05-08 01:30:44,692] {scheduler_job.py:182} INFO - Started process (PID=464349) to work on /home/navneetsajwan/airflow/etl/lib/python3.8/site-packages/airflow/example_dags/example_short_circuit_operator.py
[2021-05-08 01:30:44,694] {scheduler_job.py:629} INFO - Processing file /home/navneetsajwan/airflow/etl/lib/python3.8/site-packages/airflow/example_dags/example_short_circuit_operator.py for tasks to queue
[2021-05-08 01:30:44,695] {logging_mixin.py:104} INFO - [2021-05-08 01:30:44,695] {dagbag.py:451} INFO - Filling up the DagBag from /home/navneetsajwan/airflow/etl/lib/python3.8/site-packages/airflow/example_dags/example_short_circuit_operator.py
[2021-05-08 01:30:44,711] {scheduler_job.py:639} INFO - DAG(s) dict_keys(['example_short_circuit_operator']) retrieved from /home/navneetsajwan/airflow/etl/lib/python3.8/site-packages/airflow/example_dags/example_short_circuit_operator.py
[2021-05-08 01:30:44,736] {logging_mixin.py:104} INFO - [2021-05-08 01:30:44,736] {dag.py:1824} INFO - Sync 1 DAGs
[2021-05-08 01:30:44,792] {logging_mixin.py:104} INFO - [2021-05-08 01:30:44,792] {dag.py:2280} INFO - Setting next_dagrun for example_short_circuit_operator to 2021-05-05 00:00:00+00:00
[2021-05-08 01:30:45,039] {scheduler_job.py:190} INFO - Processing /home/navneetsajwan/airflow/etl/lib/python3.8/site-packages/airflow/example_dags/example_short_circuit_operator.py took 0.351 seconds
[2021-05-08 01:31:45,001] {scheduler_job.py:182} INFO - Started process (PID=465575) to work on /home/navneetsajwan/airflow/etl/lib/python3.8/site-packages/airflow/example_dags/example_short_circuit_operator.py
[2021-05-08 01:31:45,006] {scheduler_job.py:629} INFO - Processing file /home/navneetsajwan/airflow/etl/lib/python3.8/site-packages/airflow/example_dags/example_short_circuit_operator.py for tasks to queue
[2021-05-08 01:31:45,007] {logging_mixin.py:104} INFO - [2021-05-08 01:31:45,007] {dagbag.py:451} INFO - Filling up the DagBag from /home/navneetsajwan/airflow/etl/lib/python3.8/site-packages/airflow/example_dags/example_short_circuit_operator.py
[2021-05-08 01:31:45,016] {scheduler_job.py:639} INFO - DAG(s) dict_keys(['example_short_circuit_operator']) retrieved from /home/navneetsajwan/airflow/etl/lib/python3.8/site-packages/airflow/example_dags/example_short_circuit_operator.py
[2021-05-08 01:31:45,032] {logging_mixin.py:104} INFO - [2021-05-08 01:31:45,032] {dag.py:1824} INFO - Sync 1 DAGs
[2021-05-08 01:31:45,046] {logging_mixin.py:104} INFO - [2021-05-08 01:31:45,046] {dag.py:2280} INFO - Setting next_dagrun for example_short_circuit_operator to 2021-05-05 00:00:00+00:00
[2021-05-08 01:31:45,261] {scheduler_job.py:190} INFO - Processing /home/navneetsajwan/airflow/etl/lib/python3.8/site-packages/airflow/example_dags/example_short_circuit_operator.py took 0.262 seconds
[2021-05-08 01:32:45,038] {scheduler_job.py:182} INFO - Started process (PID=466448) to work on /home/navneetsajwan/airflow/etl/lib/python3.8/site-packages/airflow/example_dags/example_short_circuit_operator.py
[2021-05-08 01:32:45,040] {scheduler_job.py:629} INFO - Processing file /home/navneetsajwan/airflow/etl/lib/python3.8/site-packages/airflow/example_dags/example_short_circuit_operator.py for tasks to queue
[2021-05-08 01:32:45,040] {logging_mixin.py:104} INFO - [2021-05-08 01:32:45,040] {dagbag.py:451} INFO - Filling up the DagBag from /home/navneetsajwan/airflow/etl/lib/python3.8/site-packages/airflow/example_dags/example_short_circuit_operator.py
[2021-05-08 01:32:45,049] {scheduler_job.py:639} INFO - DAG(s) dict_keys(['example_short_circuit_operator']) retrieved from /home/navneetsajwan/airflow/etl/lib/python3.8/site-packages/airflow/example_dags/example_short_circuit_operator.py
[2021-05-08 01:32:45,065] {logging_mixin.py:104} INFO - [2021-05-08 01:32:45,065] {dag.py:1824} INFO - Sync 1 DAGs
[2021-05-08 01:32:45,077] {logging_mixin.py:104} INFO - [2021-05-08 01:32:45,077] {dag.py:2280} INFO - Setting next_dagrun for example_short_circuit_operator to 2021-05-05 00:00:00+00:00
[2021-05-08 01:32:45,179] {scheduler_job.py:190} INFO - Processing /home/navneetsajwan/airflow/etl/lib/python3.8/site-packages/airflow/example_dags/example_short_circuit_operator.py took 0.145 seconds
[2021-05-08 01:33:47,100] {scheduler_job.py:182} INFO - Started process (PID=467619) to work on /home/navneetsajwan/airflow/etl/lib/python3.8/site-packages/airflow/example_dags/example_short_circuit_operator.py
[2021-05-08 01:33:47,103] {scheduler_job.py:629} INFO - Processing file /home/navneetsajwan/airflow/etl/lib/python3.8/site-packages/airflow/example_dags/example_short_circuit_operator.py for tasks to queue
[2021-05-08 01:33:47,104] {logging_mixin.py:104} INFO - [2021-05-08 01:33:47,104] {dagbag.py:451} INFO - Filling up the DagBag from /home/navneetsajwan/airflow/etl/lib/python3.8/site-packages/airflow/example_dags/example_short_circuit_operator.py
[2021-05-08 01:33:47,114] {scheduler_job.py:639} INFO - DAG(s) dict_keys(['example_short_circuit_operator']) retrieved from /home/navneetsajwan/airflow/etl/lib/python3.8/site-packages/airflow/example_dags/example_short_circuit_operator.py
[2021-05-08 01:33:47,130] {logging_mixin.py:104} INFO - [2021-05-08 01:33:47,130] {dag.py:1824} INFO - Sync 1 DAGs
[2021-05-08 01:33:47,142] {logging_mixin.py:104} INFO - [2021-05-08 01:33:47,142] {dag.py:2280} INFO - Setting next_dagrun for example_short_circuit_operator to 2021-05-05 00:00:00+00:00
[2021-05-08 01:33:47,256] {scheduler_job.py:190} INFO - Processing /home/navneetsajwan/airflow/etl/lib/python3.8/site-packages/airflow/example_dags/example_short_circuit_operator.py took 0.160 seconds
[2021-05-08 01:34:33,680] {scheduler_job.py:182} INFO - Started process (PID=468315) to work on /home/navneetsajwan/airflow/etl/lib/python3.8/site-packages/airflow/example_dags/example_short_circuit_operator.py
[2021-05-08 01:34:33,693] {scheduler_job.py:629} INFO - Processing file /home/navneetsajwan/airflow/etl/lib/python3.8/site-packages/airflow/example_dags/example_short_circuit_operator.py for tasks to queue
[2021-05-08 01:34:33,703] {logging_mixin.py:104} INFO - [2021-05-08 01:34:33,702] {dagbag.py:451} INFO - Filling up the DagBag from /home/navneetsajwan/airflow/etl/lib/python3.8/site-packages/airflow/example_dags/example_short_circuit_operator.py
[2021-05-08 01:34:33,735] {scheduler_job.py:639} INFO - DAG(s) dict_keys(['example_short_circuit_operator']) retrieved from /home/navneetsajwan/airflow/etl/lib/python3.8/site-packages/airflow/example_dags/example_short_circuit_operator.py
[2021-05-08 01:34:33,823] {logging_mixin.py:104} INFO - [2021-05-08 01:34:33,823] {dag.py:1824} INFO - Sync 1 DAGs
[2021-05-08 01:34:33,862] {logging_mixin.py:104} INFO - [2021-05-08 01:34:33,862] {dag.py:2280} INFO - Setting next_dagrun for example_short_circuit_operator to 2021-05-05 00:00:00+00:00
[2021-05-08 01:34:34,023] {scheduler_job.py:190} INFO - Processing /home/navneetsajwan/airflow/etl/lib/python3.8/site-packages/airflow/example_dags/example_short_circuit_operator.py took 0.372 seconds
[2021-05-08 01:35:31,129] {scheduler_job.py:182} INFO - Started process (PID=469457) to work on /home/navneetsajwan/airflow/etl/lib/python3.8/site-packages/airflow/example_dags/example_short_circuit_operator.py
[2021-05-08 01:35:31,130] {scheduler_job.py:629} INFO - Processing file /home/navneetsajwan/airflow/etl/lib/python3.8/site-packages/airflow/example_dags/example_short_circuit_operator.py for tasks to queue
[2021-05-08 01:35:31,131] {logging_mixin.py:104} INFO - [2021-05-08 01:35:31,131] {dagbag.py:451} INFO - Filling up the DagBag from /home/navneetsajwan/airflow/etl/lib/python3.8/site-packages/airflow/example_dags/example_short_circuit_operator.py
[2021-05-08 01:35:31,142] {scheduler_job.py:639} INFO - DAG(s) dict_keys(['example_short_circuit_operator']) retrieved from /home/navneetsajwan/airflow/etl/lib/python3.8/site-packages/airflow/example_dags/example_short_circuit_operator.py
[2021-05-08 01:35:31,160] {logging_mixin.py:104} INFO - [2021-05-08 01:35:31,160] {dag.py:1824} INFO - Sync 1 DAGs
[2021-05-08 01:35:31,171] {logging_mixin.py:104} INFO - [2021-05-08 01:35:31,171] {dag.py:2280} INFO - Setting next_dagrun for example_short_circuit_operator to 2021-05-05 00:00:00+00:00
[2021-05-08 01:35:31,307] {scheduler_job.py:190} INFO - Processing /home/navneetsajwan/airflow/etl/lib/python3.8/site-packages/airflow/example_dags/example_short_circuit_operator.py took 0.182 seconds
[2021-05-08 01:36:22,238] {scheduler_job.py:182} INFO - Started process (PID=470204) to work on /home/navneetsajwan/airflow/etl/lib/python3.8/site-packages/airflow/example_dags/example_short_circuit_operator.py
[2021-05-08 01:36:22,244] {scheduler_job.py:629} INFO - Processing file /home/navneetsajwan/airflow/etl/lib/python3.8/site-packages/airflow/example_dags/example_short_circuit_operator.py for tasks to queue
[2021-05-08 01:36:22,248] {logging_mixin.py:104} INFO - [2021-05-08 01:36:22,248] {dagbag.py:451} INFO - Filling up the DagBag from /home/navneetsajwan/airflow/etl/lib/python3.8/site-packages/airflow/example_dags/example_short_circuit_operator.py
[2021-05-08 01:36:22,264] {scheduler_job.py:639} INFO - DAG(s) dict_keys(['example_short_circuit_operator']) retrieved from /home/navneetsajwan/airflow/etl/lib/python3.8/site-packages/airflow/example_dags/example_short_circuit_operator.py
[2021-05-08 01:36:22,289] {logging_mixin.py:104} INFO - [2021-05-08 01:36:22,289] {dag.py:1824} INFO - Sync 1 DAGs
[2021-05-08 01:36:22,312] {logging_mixin.py:104} INFO - [2021-05-08 01:36:22,311] {dag.py:2280} INFO - Setting next_dagrun for example_short_circuit_operator to 2021-05-05 00:00:00+00:00
[2021-05-08 01:36:22,409] {scheduler_job.py:190} INFO - Processing /home/navneetsajwan/airflow/etl/lib/python3.8/site-packages/airflow/example_dags/example_short_circuit_operator.py took 0.175 seconds
[2021-05-08 01:37:24,080] {scheduler_job.py:182} INFO - Started process (PID=471425) to work on /home/navneetsajwan/airflow/etl/lib/python3.8/site-packages/airflow/example_dags/example_short_circuit_operator.py
[2021-05-08 01:37:24,082] {scheduler_job.py:629} INFO - Processing file /home/navneetsajwan/airflow/etl/lib/python3.8/site-packages/airflow/example_dags/example_short_circuit_operator.py for tasks to queue
[2021-05-08 01:37:24,083] {logging_mixin.py:104} INFO - [2021-05-08 01:37:24,083] {dagbag.py:451} INFO - Filling up the DagBag from /home/navneetsajwan/airflow/etl/lib/python3.8/site-packages/airflow/example_dags/example_short_circuit_operator.py
[2021-05-08 01:37:24,094] {scheduler_job.py:639} INFO - DAG(s) dict_keys(['example_short_circuit_operator']) retrieved from /home/navneetsajwan/airflow/etl/lib/python3.8/site-packages/airflow/example_dags/example_short_circuit_operator.py
[2021-05-08 01:37:24,111] {logging_mixin.py:104} INFO - [2021-05-08 01:37:24,111] {dag.py:1824} INFO - Sync 1 DAGs
[2021-05-08 01:37:24,125] {logging_mixin.py:104} INFO - [2021-05-08 01:37:24,125] {dag.py:2280} INFO - Setting next_dagrun for example_short_circuit_operator to 2021-05-05 00:00:00+00:00
[2021-05-08 01:37:24,227] {scheduler_job.py:190} INFO - Processing /home/navneetsajwan/airflow/etl/lib/python3.8/site-packages/airflow/example_dags/example_short_circuit_operator.py took 0.151 seconds
[2021-05-08 01:38:09,644] {scheduler_job.py:182} INFO - Started process (PID=472058) to work on /home/navneetsajwan/airflow/etl/lib/python3.8/site-packages/airflow/example_dags/example_short_circuit_operator.py
[2021-05-08 01:38:09,649] {scheduler_job.py:629} INFO - Processing file /home/navneetsajwan/airflow/etl/lib/python3.8/site-packages/airflow/example_dags/example_short_circuit_operator.py for tasks to queue
[2021-05-08 01:38:09,651] {logging_mixin.py:104} INFO - [2021-05-08 01:38:09,651] {dagbag.py:451} INFO - Filling up the DagBag from /home/navneetsajwan/airflow/etl/lib/python3.8/site-packages/airflow/example_dags/example_short_circuit_operator.py
[2021-05-08 01:38:09,672] {scheduler_job.py:639} INFO - DAG(s) dict_keys(['example_short_circuit_operator']) retrieved from /home/navneetsajwan/airflow/etl/lib/python3.8/site-packages/airflow/example_dags/example_short_circuit_operator.py
[2021-05-08 01:38:09,707] {logging_mixin.py:104} INFO - [2021-05-08 01:38:09,707] {dag.py:1824} INFO - Sync 1 DAGs
[2021-05-08 01:38:09,728] {logging_mixin.py:104} INFO - [2021-05-08 01:38:09,728] {dag.py:2280} INFO - Setting next_dagrun for example_short_circuit_operator to 2021-05-05 00:00:00+00:00
[2021-05-08 01:38:10,137] {scheduler_job.py:190} INFO - Processing /home/navneetsajwan/airflow/etl/lib/python3.8/site-packages/airflow/example_dags/example_short_circuit_operator.py took 0.505 seconds
