[2021-05-08 01:07:06,876] {scheduler_job.py:182} INFO - Started process (PID=439924) to work on /home/navneetsajwan/airflow/etl/lib/python3.8/site-packages/airflow/example_dags/example_bash_operator.py
[2021-05-08 01:07:06,877] {scheduler_job.py:629} INFO - Processing file /home/navneetsajwan/airflow/etl/lib/python3.8/site-packages/airflow/example_dags/example_bash_operator.py for tasks to queue
[2021-05-08 01:07:06,877] {logging_mixin.py:104} INFO - [2021-05-08 01:07:06,877] {dagbag.py:451} INFO - Filling up the DagBag from /home/navneetsajwan/airflow/etl/lib/python3.8/site-packages/airflow/example_dags/example_bash_operator.py
[2021-05-08 01:07:06,899] {scheduler_job.py:639} INFO - DAG(s) dict_keys(['example_bash_operator']) retrieved from /home/navneetsajwan/airflow/etl/lib/python3.8/site-packages/airflow/example_dags/example_bash_operator.py
[2021-05-08 01:07:06,918] {logging_mixin.py:104} INFO - [2021-05-08 01:07:06,918] {dag.py:1824} INFO - Sync 1 DAGs
[2021-05-08 01:07:06,939] {logging_mixin.py:104} INFO - [2021-05-08 01:07:06,939] {dag.py:2280} INFO - Setting next_dagrun for example_bash_operator to 2021-05-05 00:00:00+00:00
[2021-05-08 01:07:07,050] {scheduler_job.py:190} INFO - Processing /home/navneetsajwan/airflow/etl/lib/python3.8/site-packages/airflow/example_dags/example_bash_operator.py took 0.177 seconds
[2021-05-08 01:07:38,207] {scheduler_job.py:182} INFO - Started process (PID=440324) to work on /home/navneetsajwan/airflow/etl/lib/python3.8/site-packages/airflow/example_dags/example_bash_operator.py
[2021-05-08 01:07:38,208] {scheduler_job.py:629} INFO - Processing file /home/navneetsajwan/airflow/etl/lib/python3.8/site-packages/airflow/example_dags/example_bash_operator.py for tasks to queue
[2021-05-08 01:07:38,209] {logging_mixin.py:104} INFO - [2021-05-08 01:07:38,209] {dagbag.py:451} INFO - Filling up the DagBag from /home/navneetsajwan/airflow/etl/lib/python3.8/site-packages/airflow/example_dags/example_bash_operator.py
[2021-05-08 01:07:38,229] {scheduler_job.py:639} INFO - DAG(s) dict_keys(['example_bash_operator']) retrieved from /home/navneetsajwan/airflow/etl/lib/python3.8/site-packages/airflow/example_dags/example_bash_operator.py
[2021-05-08 01:07:38,289] {logging_mixin.py:104} INFO - [2021-05-08 01:07:38,289] {dag.py:1824} INFO - Sync 1 DAGs
[2021-05-08 01:07:38,340] {logging_mixin.py:104} INFO - [2021-05-08 01:07:38,340] {dag.py:2280} INFO - Setting next_dagrun for example_bash_operator to 2021-05-05 00:00:00+00:00
[2021-05-08 01:07:38,617] {scheduler_job.py:190} INFO - Processing /home/navneetsajwan/airflow/etl/lib/python3.8/site-packages/airflow/example_dags/example_bash_operator.py took 0.415 seconds
[2021-05-08 01:08:14,598] {scheduler_job.py:182} INFO - Started process (PID=440800) to work on /home/navneetsajwan/airflow/etl/lib/python3.8/site-packages/airflow/example_dags/example_bash_operator.py
[2021-05-08 01:08:14,600] {scheduler_job.py:629} INFO - Processing file /home/navneetsajwan/airflow/etl/lib/python3.8/site-packages/airflow/example_dags/example_bash_operator.py for tasks to queue
[2021-05-08 01:08:14,601] {logging_mixin.py:104} INFO - [2021-05-08 01:08:14,601] {dagbag.py:451} INFO - Filling up the DagBag from /home/navneetsajwan/airflow/etl/lib/python3.8/site-packages/airflow/example_dags/example_bash_operator.py
[2021-05-08 01:08:14,624] {scheduler_job.py:639} INFO - DAG(s) dict_keys(['example_bash_operator']) retrieved from /home/navneetsajwan/airflow/etl/lib/python3.8/site-packages/airflow/example_dags/example_bash_operator.py
[2021-05-08 01:08:14,650] {logging_mixin.py:104} INFO - [2021-05-08 01:08:14,650] {dag.py:1824} INFO - Sync 1 DAGs
[2021-05-08 01:08:14,688] {logging_mixin.py:104} INFO - [2021-05-08 01:08:14,688] {dag.py:2280} INFO - Setting next_dagrun for example_bash_operator to 2021-05-05 00:00:00+00:00
[2021-05-08 01:08:14,862] {scheduler_job.py:190} INFO - Processing /home/navneetsajwan/airflow/etl/lib/python3.8/site-packages/airflow/example_dags/example_bash_operator.py took 0.269 seconds
[2021-05-08 01:08:51,799] {scheduler_job.py:182} INFO - Started process (PID=441537) to work on /home/navneetsajwan/airflow/etl/lib/python3.8/site-packages/airflow/example_dags/example_bash_operator.py
[2021-05-08 01:08:51,801] {scheduler_job.py:629} INFO - Processing file /home/navneetsajwan/airflow/etl/lib/python3.8/site-packages/airflow/example_dags/example_bash_operator.py for tasks to queue
[2021-05-08 01:08:51,802] {logging_mixin.py:104} INFO - [2021-05-08 01:08:51,802] {dagbag.py:451} INFO - Filling up the DagBag from /home/navneetsajwan/airflow/etl/lib/python3.8/site-packages/airflow/example_dags/example_bash_operator.py
[2021-05-08 01:08:51,842] {scheduler_job.py:639} INFO - DAG(s) dict_keys(['example_bash_operator']) retrieved from /home/navneetsajwan/airflow/etl/lib/python3.8/site-packages/airflow/example_dags/example_bash_operator.py
[2021-05-08 01:08:51,878] {logging_mixin.py:104} INFO - [2021-05-08 01:08:51,877] {dag.py:1824} INFO - Sync 1 DAGs
[2021-05-08 01:08:51,952] {logging_mixin.py:104} INFO - [2021-05-08 01:08:51,952] {dag.py:2280} INFO - Setting next_dagrun for example_bash_operator to 2021-05-05 00:00:00+00:00
[2021-05-08 01:08:52,155] {scheduler_job.py:190} INFO - Processing /home/navneetsajwan/airflow/etl/lib/python3.8/site-packages/airflow/example_dags/example_bash_operator.py took 0.378 seconds
[2021-05-08 01:09:26,947] {scheduler_job.py:182} INFO - Started process (PID=442166) to work on /home/navneetsajwan/airflow/etl/lib/python3.8/site-packages/airflow/example_dags/example_bash_operator.py
[2021-05-08 01:09:26,949] {scheduler_job.py:629} INFO - Processing file /home/navneetsajwan/airflow/etl/lib/python3.8/site-packages/airflow/example_dags/example_bash_operator.py for tasks to queue
[2021-05-08 01:09:26,950] {logging_mixin.py:104} INFO - [2021-05-08 01:09:26,949] {dagbag.py:451} INFO - Filling up the DagBag from /home/navneetsajwan/airflow/etl/lib/python3.8/site-packages/airflow/example_dags/example_bash_operator.py
[2021-05-08 01:09:26,971] {scheduler_job.py:639} INFO - DAG(s) dict_keys(['example_bash_operator']) retrieved from /home/navneetsajwan/airflow/etl/lib/python3.8/site-packages/airflow/example_dags/example_bash_operator.py
[2021-05-08 01:09:26,998] {logging_mixin.py:104} INFO - [2021-05-08 01:09:26,998] {dag.py:1824} INFO - Sync 1 DAGs
[2021-05-08 01:09:27,035] {logging_mixin.py:104} INFO - [2021-05-08 01:09:27,035] {dag.py:2280} INFO - Setting next_dagrun for example_bash_operator to 2021-05-05 00:00:00+00:00
[2021-05-08 01:09:27,518] {scheduler_job.py:190} INFO - Processing /home/navneetsajwan/airflow/etl/lib/python3.8/site-packages/airflow/example_dags/example_bash_operator.py took 0.584 seconds
[2021-05-08 01:10:02,142] {scheduler_job.py:182} INFO - Started process (PID=442694) to work on /home/navneetsajwan/airflow/etl/lib/python3.8/site-packages/airflow/example_dags/example_bash_operator.py
[2021-05-08 01:10:02,143] {scheduler_job.py:629} INFO - Processing file /home/navneetsajwan/airflow/etl/lib/python3.8/site-packages/airflow/example_dags/example_bash_operator.py for tasks to queue
[2021-05-08 01:10:02,143] {logging_mixin.py:104} INFO - [2021-05-08 01:10:02,143] {dagbag.py:451} INFO - Filling up the DagBag from /home/navneetsajwan/airflow/etl/lib/python3.8/site-packages/airflow/example_dags/example_bash_operator.py
[2021-05-08 01:10:02,158] {scheduler_job.py:639} INFO - DAG(s) dict_keys(['example_bash_operator']) retrieved from /home/navneetsajwan/airflow/etl/lib/python3.8/site-packages/airflow/example_dags/example_bash_operator.py
[2021-05-08 01:10:02,174] {logging_mixin.py:104} INFO - [2021-05-08 01:10:02,174] {dag.py:1824} INFO - Sync 1 DAGs
[2021-05-08 01:10:02,198] {logging_mixin.py:104} INFO - [2021-05-08 01:10:02,198] {dag.py:2280} INFO - Setting next_dagrun for example_bash_operator to 2021-05-05 00:00:00+00:00
[2021-05-08 01:10:02,348] {scheduler_job.py:190} INFO - Processing /home/navneetsajwan/airflow/etl/lib/python3.8/site-packages/airflow/example_dags/example_bash_operator.py took 0.209 seconds
[2021-05-08 01:10:40,544] {scheduler_job.py:182} INFO - Started process (PID=443442) to work on /home/navneetsajwan/airflow/etl/lib/python3.8/site-packages/airflow/example_dags/example_bash_operator.py
[2021-05-08 01:10:40,545] {scheduler_job.py:629} INFO - Processing file /home/navneetsajwan/airflow/etl/lib/python3.8/site-packages/airflow/example_dags/example_bash_operator.py for tasks to queue
[2021-05-08 01:10:40,546] {logging_mixin.py:104} INFO - [2021-05-08 01:10:40,546] {dagbag.py:451} INFO - Filling up the DagBag from /home/navneetsajwan/airflow/etl/lib/python3.8/site-packages/airflow/example_dags/example_bash_operator.py
[2021-05-08 01:10:40,561] {scheduler_job.py:639} INFO - DAG(s) dict_keys(['example_bash_operator']) retrieved from /home/navneetsajwan/airflow/etl/lib/python3.8/site-packages/airflow/example_dags/example_bash_operator.py
[2021-05-08 01:10:40,578] {logging_mixin.py:104} INFO - [2021-05-08 01:10:40,578] {dag.py:1824} INFO - Sync 1 DAGs
[2021-05-08 01:10:40,605] {logging_mixin.py:104} INFO - [2021-05-08 01:10:40,605] {dag.py:2280} INFO - Setting next_dagrun for example_bash_operator to 2021-05-05 00:00:00+00:00
[2021-05-08 01:10:40,728] {scheduler_job.py:190} INFO - Processing /home/navneetsajwan/airflow/etl/lib/python3.8/site-packages/airflow/example_dags/example_bash_operator.py took 0.187 seconds
[2021-05-08 01:11:20,641] {scheduler_job.py:182} INFO - Started process (PID=444112) to work on /home/navneetsajwan/airflow/etl/lib/python3.8/site-packages/airflow/example_dags/example_bash_operator.py
[2021-05-08 01:11:20,642] {scheduler_job.py:629} INFO - Processing file /home/navneetsajwan/airflow/etl/lib/python3.8/site-packages/airflow/example_dags/example_bash_operator.py for tasks to queue
[2021-05-08 01:11:20,643] {logging_mixin.py:104} INFO - [2021-05-08 01:11:20,643] {dagbag.py:451} INFO - Filling up the DagBag from /home/navneetsajwan/airflow/etl/lib/python3.8/site-packages/airflow/example_dags/example_bash_operator.py
[2021-05-08 01:11:20,662] {scheduler_job.py:639} INFO - DAG(s) dict_keys(['example_bash_operator']) retrieved from /home/navneetsajwan/airflow/etl/lib/python3.8/site-packages/airflow/example_dags/example_bash_operator.py
[2021-05-08 01:11:20,683] {logging_mixin.py:104} INFO - [2021-05-08 01:11:20,683] {dag.py:1824} INFO - Sync 1 DAGs
[2021-05-08 01:11:20,718] {logging_mixin.py:104} INFO - [2021-05-08 01:11:20,718] {dag.py:2280} INFO - Setting next_dagrun for example_bash_operator to 2021-05-05 00:00:00+00:00
[2021-05-08 01:11:20,862] {scheduler_job.py:190} INFO - Processing /home/navneetsajwan/airflow/etl/lib/python3.8/site-packages/airflow/example_dags/example_bash_operator.py took 0.224 seconds
[2021-05-08 01:14:42,507] {scheduler_job.py:182} INFO - Started process (PID=447456) to work on /home/navneetsajwan/airflow/etl/lib/python3.8/site-packages/airflow/example_dags/example_bash_operator.py
[2021-05-08 01:14:42,508] {scheduler_job.py:629} INFO - Processing file /home/navneetsajwan/airflow/etl/lib/python3.8/site-packages/airflow/example_dags/example_bash_operator.py for tasks to queue
[2021-05-08 01:14:42,509] {logging_mixin.py:104} INFO - [2021-05-08 01:14:42,509] {dagbag.py:451} INFO - Filling up the DagBag from /home/navneetsajwan/airflow/etl/lib/python3.8/site-packages/airflow/example_dags/example_bash_operator.py
[2021-05-08 01:14:42,521] {scheduler_job.py:639} INFO - DAG(s) dict_keys(['example_bash_operator']) retrieved from /home/navneetsajwan/airflow/etl/lib/python3.8/site-packages/airflow/example_dags/example_bash_operator.py
[2021-05-08 01:14:42,538] {logging_mixin.py:104} INFO - [2021-05-08 01:14:42,538] {dag.py:1824} INFO - Sync 1 DAGs
[2021-05-08 01:14:42,561] {logging_mixin.py:104} INFO - [2021-05-08 01:14:42,561] {dag.py:2280} INFO - Setting next_dagrun for example_bash_operator to 2021-05-05 00:00:00+00:00
[2021-05-08 01:14:42,682] {scheduler_job.py:190} INFO - Processing /home/navneetsajwan/airflow/etl/lib/python3.8/site-packages/airflow/example_dags/example_bash_operator.py took 0.178 seconds
[2021-05-08 01:15:13,388] {scheduler_job.py:182} INFO - Started process (PID=447890) to work on /home/navneetsajwan/airflow/etl/lib/python3.8/site-packages/airflow/example_dags/example_bash_operator.py
[2021-05-08 01:15:13,389] {scheduler_job.py:629} INFO - Processing file /home/navneetsajwan/airflow/etl/lib/python3.8/site-packages/airflow/example_dags/example_bash_operator.py for tasks to queue
[2021-05-08 01:15:13,390] {logging_mixin.py:104} INFO - [2021-05-08 01:15:13,390] {dagbag.py:451} INFO - Filling up the DagBag from /home/navneetsajwan/airflow/etl/lib/python3.8/site-packages/airflow/example_dags/example_bash_operator.py
[2021-05-08 01:15:13,401] {scheduler_job.py:639} INFO - DAG(s) dict_keys(['example_bash_operator']) retrieved from /home/navneetsajwan/airflow/etl/lib/python3.8/site-packages/airflow/example_dags/example_bash_operator.py
[2021-05-08 01:15:13,419] {logging_mixin.py:104} INFO - [2021-05-08 01:15:13,419] {dag.py:1824} INFO - Sync 1 DAGs
[2021-05-08 01:15:13,442] {logging_mixin.py:104} INFO - [2021-05-08 01:15:13,442] {dag.py:2280} INFO - Setting next_dagrun for example_bash_operator to 2021-05-05 00:00:00+00:00
[2021-05-08 01:15:13,536] {scheduler_job.py:190} INFO - Processing /home/navneetsajwan/airflow/etl/lib/python3.8/site-packages/airflow/example_dags/example_bash_operator.py took 0.151 seconds
[2021-05-08 01:15:45,072] {scheduler_job.py:182} INFO - Started process (PID=448584) to work on /home/navneetsajwan/airflow/etl/lib/python3.8/site-packages/airflow/example_dags/example_bash_operator.py
[2021-05-08 01:15:45,074] {scheduler_job.py:629} INFO - Processing file /home/navneetsajwan/airflow/etl/lib/python3.8/site-packages/airflow/example_dags/example_bash_operator.py for tasks to queue
[2021-05-08 01:15:45,075] {logging_mixin.py:104} INFO - [2021-05-08 01:15:45,075] {dagbag.py:451} INFO - Filling up the DagBag from /home/navneetsajwan/airflow/etl/lib/python3.8/site-packages/airflow/example_dags/example_bash_operator.py
[2021-05-08 01:15:45,086] {scheduler_job.py:639} INFO - DAG(s) dict_keys(['example_bash_operator']) retrieved from /home/navneetsajwan/airflow/etl/lib/python3.8/site-packages/airflow/example_dags/example_bash_operator.py
[2021-05-08 01:15:45,110] {logging_mixin.py:104} INFO - [2021-05-08 01:15:45,110] {dag.py:1824} INFO - Sync 1 DAGs
[2021-05-08 01:15:45,147] {logging_mixin.py:104} INFO - [2021-05-08 01:15:45,147] {dag.py:2280} INFO - Setting next_dagrun for example_bash_operator to 2021-05-05 00:00:00+00:00
[2021-05-08 01:15:45,261] {scheduler_job.py:190} INFO - Processing /home/navneetsajwan/airflow/etl/lib/python3.8/site-packages/airflow/example_dags/example_bash_operator.py took 0.193 seconds
[2021-05-08 01:16:16,637] {scheduler_job.py:182} INFO - Started process (PID=449139) to work on /home/navneetsajwan/airflow/etl/lib/python3.8/site-packages/airflow/example_dags/example_bash_operator.py
[2021-05-08 01:16:16,638] {scheduler_job.py:629} INFO - Processing file /home/navneetsajwan/airflow/etl/lib/python3.8/site-packages/airflow/example_dags/example_bash_operator.py for tasks to queue
[2021-05-08 01:16:16,638] {logging_mixin.py:104} INFO - [2021-05-08 01:16:16,638] {dagbag.py:451} INFO - Filling up the DagBag from /home/navneetsajwan/airflow/etl/lib/python3.8/site-packages/airflow/example_dags/example_bash_operator.py
[2021-05-08 01:16:16,646] {scheduler_job.py:639} INFO - DAG(s) dict_keys(['example_bash_operator']) retrieved from /home/navneetsajwan/airflow/etl/lib/python3.8/site-packages/airflow/example_dags/example_bash_operator.py
[2021-05-08 01:16:16,661] {logging_mixin.py:104} INFO - [2021-05-08 01:16:16,661] {dag.py:1824} INFO - Sync 1 DAGs
[2021-05-08 01:16:16,681] {logging_mixin.py:104} INFO - [2021-05-08 01:16:16,681] {dag.py:2280} INFO - Setting next_dagrun for example_bash_operator to 2021-05-05 00:00:00+00:00
[2021-05-08 01:16:16,771] {scheduler_job.py:190} INFO - Processing /home/navneetsajwan/airflow/etl/lib/python3.8/site-packages/airflow/example_dags/example_bash_operator.py took 0.139 seconds
[2021-05-08 01:16:51,042] {scheduler_job.py:182} INFO - Started process (PID=449627) to work on /home/navneetsajwan/airflow/etl/lib/python3.8/site-packages/airflow/example_dags/example_bash_operator.py
[2021-05-08 01:16:51,044] {scheduler_job.py:629} INFO - Processing file /home/navneetsajwan/airflow/etl/lib/python3.8/site-packages/airflow/example_dags/example_bash_operator.py for tasks to queue
[2021-05-08 01:16:51,045] {logging_mixin.py:104} INFO - [2021-05-08 01:16:51,044] {dagbag.py:451} INFO - Filling up the DagBag from /home/navneetsajwan/airflow/etl/lib/python3.8/site-packages/airflow/example_dags/example_bash_operator.py
[2021-05-08 01:16:51,055] {scheduler_job.py:639} INFO - DAG(s) dict_keys(['example_bash_operator']) retrieved from /home/navneetsajwan/airflow/etl/lib/python3.8/site-packages/airflow/example_dags/example_bash_operator.py
[2021-05-08 01:16:51,072] {logging_mixin.py:104} INFO - [2021-05-08 01:16:51,072] {dag.py:1824} INFO - Sync 1 DAGs
[2021-05-08 01:16:51,102] {logging_mixin.py:104} INFO - [2021-05-08 01:16:51,102] {dag.py:2280} INFO - Setting next_dagrun for example_bash_operator to 2021-05-05 00:00:00+00:00
[2021-05-08 01:16:51,290] {scheduler_job.py:190} INFO - Processing /home/navneetsajwan/airflow/etl/lib/python3.8/site-packages/airflow/example_dags/example_bash_operator.py took 0.251 seconds
[2021-05-08 01:17:29,985] {scheduler_job.py:182} INFO - Started process (PID=450422) to work on /home/navneetsajwan/airflow/etl/lib/python3.8/site-packages/airflow/example_dags/example_bash_operator.py
[2021-05-08 01:17:30,001] {scheduler_job.py:629} INFO - Processing file /home/navneetsajwan/airflow/etl/lib/python3.8/site-packages/airflow/example_dags/example_bash_operator.py for tasks to queue
[2021-05-08 01:17:30,003] {logging_mixin.py:104} INFO - [2021-05-08 01:17:30,003] {dagbag.py:451} INFO - Filling up the DagBag from /home/navneetsajwan/airflow/etl/lib/python3.8/site-packages/airflow/example_dags/example_bash_operator.py
[2021-05-08 01:17:30,027] {scheduler_job.py:639} INFO - DAG(s) dict_keys(['example_bash_operator']) retrieved from /home/navneetsajwan/airflow/etl/lib/python3.8/site-packages/airflow/example_dags/example_bash_operator.py
[2021-05-08 01:17:30,057] {logging_mixin.py:104} INFO - [2021-05-08 01:17:30,057] {dag.py:1824} INFO - Sync 1 DAGs
[2021-05-08 01:17:30,098] {logging_mixin.py:104} INFO - [2021-05-08 01:17:30,098] {dag.py:2280} INFO - Setting next_dagrun for example_bash_operator to 2021-05-05 00:00:00+00:00
[2021-05-08 01:17:31,101] {scheduler_job.py:190} INFO - Processing /home/navneetsajwan/airflow/etl/lib/python3.8/site-packages/airflow/example_dags/example_bash_operator.py took 1.126 seconds
[2021-05-08 01:18:08,933] {scheduler_job.py:182} INFO - Started process (PID=451129) to work on /home/navneetsajwan/airflow/etl/lib/python3.8/site-packages/airflow/example_dags/example_bash_operator.py
[2021-05-08 01:18:08,934] {scheduler_job.py:629} INFO - Processing file /home/navneetsajwan/airflow/etl/lib/python3.8/site-packages/airflow/example_dags/example_bash_operator.py for tasks to queue
[2021-05-08 01:18:08,938] {logging_mixin.py:104} INFO - [2021-05-08 01:18:08,938] {dagbag.py:451} INFO - Filling up the DagBag from /home/navneetsajwan/airflow/etl/lib/python3.8/site-packages/airflow/example_dags/example_bash_operator.py
[2021-05-08 01:18:09,133] {scheduler_job.py:639} INFO - DAG(s) dict_keys(['example_bash_operator']) retrieved from /home/navneetsajwan/airflow/etl/lib/python3.8/site-packages/airflow/example_dags/example_bash_operator.py
[2021-05-08 01:18:09,190] {logging_mixin.py:104} INFO - [2021-05-08 01:18:09,190] {dag.py:1824} INFO - Sync 1 DAGs
[2021-05-08 01:18:09,269] {logging_mixin.py:104} INFO - [2021-05-08 01:18:09,269] {dag.py:2280} INFO - Setting next_dagrun for example_bash_operator to 2021-05-05 00:00:00+00:00
[2021-05-08 01:18:09,368] {scheduler_job.py:190} INFO - Processing /home/navneetsajwan/airflow/etl/lib/python3.8/site-packages/airflow/example_dags/example_bash_operator.py took 0.445 seconds
[2021-05-08 01:18:51,651] {scheduler_job.py:182} INFO - Started process (PID=451748) to work on /home/navneetsajwan/airflow/etl/lib/python3.8/site-packages/airflow/example_dags/example_bash_operator.py
[2021-05-08 01:18:51,652] {scheduler_job.py:629} INFO - Processing file /home/navneetsajwan/airflow/etl/lib/python3.8/site-packages/airflow/example_dags/example_bash_operator.py for tasks to queue
[2021-05-08 01:18:51,653] {logging_mixin.py:104} INFO - [2021-05-08 01:18:51,653] {dagbag.py:451} INFO - Filling up the DagBag from /home/navneetsajwan/airflow/etl/lib/python3.8/site-packages/airflow/example_dags/example_bash_operator.py
[2021-05-08 01:18:51,662] {scheduler_job.py:639} INFO - DAG(s) dict_keys(['example_bash_operator']) retrieved from /home/navneetsajwan/airflow/etl/lib/python3.8/site-packages/airflow/example_dags/example_bash_operator.py
[2021-05-08 01:18:51,678] {logging_mixin.py:104} INFO - [2021-05-08 01:18:51,678] {dag.py:1824} INFO - Sync 1 DAGs
[2021-05-08 01:18:51,698] {logging_mixin.py:104} INFO - [2021-05-08 01:18:51,697] {dag.py:2280} INFO - Setting next_dagrun for example_bash_operator to 2021-05-05 00:00:00+00:00
[2021-05-08 01:18:51,826] {scheduler_job.py:190} INFO - Processing /home/navneetsajwan/airflow/etl/lib/python3.8/site-packages/airflow/example_dags/example_bash_operator.py took 0.179 seconds
[2021-05-08 01:19:27,900] {scheduler_job.py:182} INFO - Started process (PID=452607) to work on /home/navneetsajwan/airflow/etl/lib/python3.8/site-packages/airflow/example_dags/example_bash_operator.py
[2021-05-08 01:19:27,901] {scheduler_job.py:629} INFO - Processing file /home/navneetsajwan/airflow/etl/lib/python3.8/site-packages/airflow/example_dags/example_bash_operator.py for tasks to queue
[2021-05-08 01:19:27,902] {logging_mixin.py:104} INFO - [2021-05-08 01:19:27,902] {dagbag.py:451} INFO - Filling up the DagBag from /home/navneetsajwan/airflow/etl/lib/python3.8/site-packages/airflow/example_dags/example_bash_operator.py
[2021-05-08 01:19:27,911] {scheduler_job.py:639} INFO - DAG(s) dict_keys(['example_bash_operator']) retrieved from /home/navneetsajwan/airflow/etl/lib/python3.8/site-packages/airflow/example_dags/example_bash_operator.py
[2021-05-08 01:19:27,928] {logging_mixin.py:104} INFO - [2021-05-08 01:19:27,928] {dag.py:1824} INFO - Sync 1 DAGs
[2021-05-08 01:19:27,950] {logging_mixin.py:104} INFO - [2021-05-08 01:19:27,950] {dag.py:2280} INFO - Setting next_dagrun for example_bash_operator to 2021-05-05 00:00:00+00:00
[2021-05-08 01:19:28,051] {scheduler_job.py:190} INFO - Processing /home/navneetsajwan/airflow/etl/lib/python3.8/site-packages/airflow/example_dags/example_bash_operator.py took 0.154 seconds
[2021-05-08 01:20:11,509] {scheduler_job.py:182} INFO - Started process (PID=453210) to work on /home/navneetsajwan/airflow/etl/lib/python3.8/site-packages/airflow/example_dags/example_bash_operator.py
[2021-05-08 01:20:11,530] {scheduler_job.py:629} INFO - Processing file /home/navneetsajwan/airflow/etl/lib/python3.8/site-packages/airflow/example_dags/example_bash_operator.py for tasks to queue
[2021-05-08 01:20:11,531] {logging_mixin.py:104} INFO - [2021-05-08 01:20:11,531] {dagbag.py:451} INFO - Filling up the DagBag from /home/navneetsajwan/airflow/etl/lib/python3.8/site-packages/airflow/example_dags/example_bash_operator.py
[2021-05-08 01:20:11,598] {scheduler_job.py:639} INFO - DAG(s) dict_keys(['example_bash_operator']) retrieved from /home/navneetsajwan/airflow/etl/lib/python3.8/site-packages/airflow/example_dags/example_bash_operator.py
[2021-05-08 01:20:11,744] {logging_mixin.py:104} INFO - [2021-05-08 01:20:11,743] {dag.py:1824} INFO - Sync 1 DAGs
[2021-05-08 01:20:11,932] {logging_mixin.py:104} INFO - [2021-05-08 01:20:11,931] {dag.py:2280} INFO - Setting next_dagrun for example_bash_operator to 2021-05-05 00:00:00+00:00
[2021-05-08 01:20:12,152] {scheduler_job.py:190} INFO - Processing /home/navneetsajwan/airflow/etl/lib/python3.8/site-packages/airflow/example_dags/example_bash_operator.py took 0.658 seconds
[2021-05-08 01:20:59,332] {scheduler_job.py:182} INFO - Started process (PID=454221) to work on /home/navneetsajwan/airflow/etl/lib/python3.8/site-packages/airflow/example_dags/example_bash_operator.py
[2021-05-08 01:20:59,334] {scheduler_job.py:629} INFO - Processing file /home/navneetsajwan/airflow/etl/lib/python3.8/site-packages/airflow/example_dags/example_bash_operator.py for tasks to queue
[2021-05-08 01:20:59,335] {logging_mixin.py:104} INFO - [2021-05-08 01:20:59,335] {dagbag.py:451} INFO - Filling up the DagBag from /home/navneetsajwan/airflow/etl/lib/python3.8/site-packages/airflow/example_dags/example_bash_operator.py
[2021-05-08 01:20:59,348] {scheduler_job.py:639} INFO - DAG(s) dict_keys(['example_bash_operator']) retrieved from /home/navneetsajwan/airflow/etl/lib/python3.8/site-packages/airflow/example_dags/example_bash_operator.py
[2021-05-08 01:20:59,369] {logging_mixin.py:104} INFO - [2021-05-08 01:20:59,368] {dag.py:1824} INFO - Sync 1 DAGs
[2021-05-08 01:20:59,397] {logging_mixin.py:104} INFO - [2021-05-08 01:20:59,396] {dag.py:2280} INFO - Setting next_dagrun for example_bash_operator to 2021-05-05 00:00:00+00:00
[2021-05-08 01:20:59,521] {scheduler_job.py:190} INFO - Processing /home/navneetsajwan/airflow/etl/lib/python3.8/site-packages/airflow/example_dags/example_bash_operator.py took 0.193 seconds
[2021-05-08 01:21:36,356] {scheduler_job.py:182} INFO - Started process (PID=454746) to work on /home/navneetsajwan/airflow/etl/lib/python3.8/site-packages/airflow/example_dags/example_bash_operator.py
[2021-05-08 01:21:36,375] {scheduler_job.py:629} INFO - Processing file /home/navneetsajwan/airflow/etl/lib/python3.8/site-packages/airflow/example_dags/example_bash_operator.py for tasks to queue
[2021-05-08 01:21:36,387] {logging_mixin.py:104} INFO - [2021-05-08 01:21:36,387] {dagbag.py:451} INFO - Filling up the DagBag from /home/navneetsajwan/airflow/etl/lib/python3.8/site-packages/airflow/example_dags/example_bash_operator.py
[2021-05-08 01:21:36,435] {scheduler_job.py:639} INFO - DAG(s) dict_keys(['example_bash_operator']) retrieved from /home/navneetsajwan/airflow/etl/lib/python3.8/site-packages/airflow/example_dags/example_bash_operator.py
[2021-05-08 01:21:36,465] {logging_mixin.py:104} INFO - [2021-05-08 01:21:36,465] {dag.py:1824} INFO - Sync 1 DAGs
[2021-05-08 01:21:36,525] {logging_mixin.py:104} INFO - [2021-05-08 01:21:36,525] {dag.py:2280} INFO - Setting next_dagrun for example_bash_operator to 2021-05-05 00:00:00+00:00
[2021-05-08 01:21:36,635] {scheduler_job.py:190} INFO - Processing /home/navneetsajwan/airflow/etl/lib/python3.8/site-packages/airflow/example_dags/example_bash_operator.py took 0.309 seconds
[2021-05-08 01:22:12,657] {scheduler_job.py:182} INFO - Started process (PID=455239) to work on /home/navneetsajwan/airflow/etl/lib/python3.8/site-packages/airflow/example_dags/example_bash_operator.py
[2021-05-08 01:22:12,658] {scheduler_job.py:629} INFO - Processing file /home/navneetsajwan/airflow/etl/lib/python3.8/site-packages/airflow/example_dags/example_bash_operator.py for tasks to queue
[2021-05-08 01:22:12,659] {logging_mixin.py:104} INFO - [2021-05-08 01:22:12,659] {dagbag.py:451} INFO - Filling up the DagBag from /home/navneetsajwan/airflow/etl/lib/python3.8/site-packages/airflow/example_dags/example_bash_operator.py
[2021-05-08 01:22:12,667] {scheduler_job.py:639} INFO - DAG(s) dict_keys(['example_bash_operator']) retrieved from /home/navneetsajwan/airflow/etl/lib/python3.8/site-packages/airflow/example_dags/example_bash_operator.py
[2021-05-08 01:22:12,683] {logging_mixin.py:104} INFO - [2021-05-08 01:22:12,683] {dag.py:1824} INFO - Sync 1 DAGs
[2021-05-08 01:22:12,705] {logging_mixin.py:104} INFO - [2021-05-08 01:22:12,705] {dag.py:2280} INFO - Setting next_dagrun for example_bash_operator to 2021-05-05 00:00:00+00:00
[2021-05-08 01:22:12,818] {scheduler_job.py:190} INFO - Processing /home/navneetsajwan/airflow/etl/lib/python3.8/site-packages/airflow/example_dags/example_bash_operator.py took 0.165 seconds
[2021-05-08 01:22:55,509] {scheduler_job.py:182} INFO - Started process (PID=456139) to work on /home/navneetsajwan/airflow/etl/lib/python3.8/site-packages/airflow/example_dags/example_bash_operator.py
[2021-05-08 01:22:55,518] {scheduler_job.py:629} INFO - Processing file /home/navneetsajwan/airflow/etl/lib/python3.8/site-packages/airflow/example_dags/example_bash_operator.py for tasks to queue
[2021-05-08 01:22:55,519] {logging_mixin.py:104} INFO - [2021-05-08 01:22:55,519] {dagbag.py:451} INFO - Filling up the DagBag from /home/navneetsajwan/airflow/etl/lib/python3.8/site-packages/airflow/example_dags/example_bash_operator.py
[2021-05-08 01:22:55,533] {scheduler_job.py:639} INFO - DAG(s) dict_keys(['example_bash_operator']) retrieved from /home/navneetsajwan/airflow/etl/lib/python3.8/site-packages/airflow/example_dags/example_bash_operator.py
[2021-05-08 01:22:55,563] {logging_mixin.py:104} INFO - [2021-05-08 01:22:55,562] {dag.py:1824} INFO - Sync 1 DAGs
[2021-05-08 01:22:55,603] {logging_mixin.py:104} INFO - [2021-05-08 01:22:55,603] {dag.py:2280} INFO - Setting next_dagrun for example_bash_operator to 2021-05-05 00:00:00+00:00
[2021-05-08 01:22:56,304] {scheduler_job.py:190} INFO - Processing /home/navneetsajwan/airflow/etl/lib/python3.8/site-packages/airflow/example_dags/example_bash_operator.py took 0.800 seconds
[2021-05-08 01:23:30,407] {scheduler_job.py:182} INFO - Started process (PID=456644) to work on /home/navneetsajwan/airflow/etl/lib/python3.8/site-packages/airflow/example_dags/example_bash_operator.py
[2021-05-08 01:23:30,409] {scheduler_job.py:629} INFO - Processing file /home/navneetsajwan/airflow/etl/lib/python3.8/site-packages/airflow/example_dags/example_bash_operator.py for tasks to queue
[2021-05-08 01:23:30,409] {logging_mixin.py:104} INFO - [2021-05-08 01:23:30,409] {dagbag.py:451} INFO - Filling up the DagBag from /home/navneetsajwan/airflow/etl/lib/python3.8/site-packages/airflow/example_dags/example_bash_operator.py
[2021-05-08 01:23:30,421] {scheduler_job.py:639} INFO - DAG(s) dict_keys(['example_bash_operator']) retrieved from /home/navneetsajwan/airflow/etl/lib/python3.8/site-packages/airflow/example_dags/example_bash_operator.py
[2021-05-08 01:23:30,445] {logging_mixin.py:104} INFO - [2021-05-08 01:23:30,445] {dag.py:1824} INFO - Sync 1 DAGs
[2021-05-08 01:23:30,476] {logging_mixin.py:104} INFO - [2021-05-08 01:23:30,476] {dag.py:2280} INFO - Setting next_dagrun for example_bash_operator to 2021-05-05 00:00:00+00:00
[2021-05-08 01:23:30,711] {scheduler_job.py:190} INFO - Processing /home/navneetsajwan/airflow/etl/lib/python3.8/site-packages/airflow/example_dags/example_bash_operator.py took 0.309 seconds
[2021-05-08 01:24:10,333] {scheduler_job.py:182} INFO - Started process (PID=457514) to work on /home/navneetsajwan/airflow/etl/lib/python3.8/site-packages/airflow/example_dags/example_bash_operator.py
[2021-05-08 01:24:10,335] {scheduler_job.py:629} INFO - Processing file /home/navneetsajwan/airflow/etl/lib/python3.8/site-packages/airflow/example_dags/example_bash_operator.py for tasks to queue
[2021-05-08 01:24:10,336] {logging_mixin.py:104} INFO - [2021-05-08 01:24:10,336] {dagbag.py:451} INFO - Filling up the DagBag from /home/navneetsajwan/airflow/etl/lib/python3.8/site-packages/airflow/example_dags/example_bash_operator.py
[2021-05-08 01:24:10,355] {scheduler_job.py:639} INFO - DAG(s) dict_keys(['example_bash_operator']) retrieved from /home/navneetsajwan/airflow/etl/lib/python3.8/site-packages/airflow/example_dags/example_bash_operator.py
[2021-05-08 01:24:10,391] {logging_mixin.py:104} INFO - [2021-05-08 01:24:10,391] {dag.py:1824} INFO - Sync 1 DAGs
[2021-05-08 01:24:10,453] {logging_mixin.py:104} INFO - [2021-05-08 01:24:10,453] {dag.py:2280} INFO - Setting next_dagrun for example_bash_operator to 2021-05-05 00:00:00+00:00
[2021-05-08 01:24:10,536] {scheduler_job.py:190} INFO - Processing /home/navneetsajwan/airflow/etl/lib/python3.8/site-packages/airflow/example_dags/example_bash_operator.py took 0.211 seconds
[2021-05-08 01:24:54,509] {scheduler_job.py:182} INFO - Started process (PID=458195) to work on /home/navneetsajwan/airflow/etl/lib/python3.8/site-packages/airflow/example_dags/example_bash_operator.py
[2021-05-08 01:24:54,510] {scheduler_job.py:629} INFO - Processing file /home/navneetsajwan/airflow/etl/lib/python3.8/site-packages/airflow/example_dags/example_bash_operator.py for tasks to queue
[2021-05-08 01:24:54,511] {logging_mixin.py:104} INFO - [2021-05-08 01:24:54,511] {dagbag.py:451} INFO - Filling up the DagBag from /home/navneetsajwan/airflow/etl/lib/python3.8/site-packages/airflow/example_dags/example_bash_operator.py
[2021-05-08 01:24:54,522] {scheduler_job.py:639} INFO - DAG(s) dict_keys(['example_bash_operator']) retrieved from /home/navneetsajwan/airflow/etl/lib/python3.8/site-packages/airflow/example_dags/example_bash_operator.py
[2021-05-08 01:24:54,538] {logging_mixin.py:104} INFO - [2021-05-08 01:24:54,538] {dag.py:1824} INFO - Sync 1 DAGs
[2021-05-08 01:24:54,560] {logging_mixin.py:104} INFO - [2021-05-08 01:24:54,559] {dag.py:2280} INFO - Setting next_dagrun for example_bash_operator to 2021-05-05 00:00:00+00:00
[2021-05-08 01:24:54,715] {scheduler_job.py:190} INFO - Processing /home/navneetsajwan/airflow/etl/lib/python3.8/site-packages/airflow/example_dags/example_bash_operator.py took 0.209 seconds
[2021-05-08 01:25:37,250] {scheduler_job.py:182} INFO - Started process (PID=458919) to work on /home/navneetsajwan/airflow/etl/lib/python3.8/site-packages/airflow/example_dags/example_bash_operator.py
[2021-05-08 01:25:37,251] {scheduler_job.py:629} INFO - Processing file /home/navneetsajwan/airflow/etl/lib/python3.8/site-packages/airflow/example_dags/example_bash_operator.py for tasks to queue
[2021-05-08 01:25:37,252] {logging_mixin.py:104} INFO - [2021-05-08 01:25:37,252] {dagbag.py:451} INFO - Filling up the DagBag from /home/navneetsajwan/airflow/etl/lib/python3.8/site-packages/airflow/example_dags/example_bash_operator.py
[2021-05-08 01:25:37,273] {scheduler_job.py:639} INFO - DAG(s) dict_keys(['example_bash_operator']) retrieved from /home/navneetsajwan/airflow/etl/lib/python3.8/site-packages/airflow/example_dags/example_bash_operator.py
[2021-05-08 01:25:37,355] {logging_mixin.py:104} INFO - [2021-05-08 01:25:37,355] {dag.py:1824} INFO - Sync 1 DAGs
[2021-05-08 01:25:37,396] {logging_mixin.py:104} INFO - [2021-05-08 01:25:37,396] {dag.py:2280} INFO - Setting next_dagrun for example_bash_operator to 2021-05-05 00:00:00+00:00
[2021-05-08 01:25:37,806] {scheduler_job.py:190} INFO - Processing /home/navneetsajwan/airflow/etl/lib/python3.8/site-packages/airflow/example_dags/example_bash_operator.py took 0.561 seconds
[2021-05-08 01:26:15,421] {scheduler_job.py:182} INFO - Started process (PID=459737) to work on /home/navneetsajwan/airflow/etl/lib/python3.8/site-packages/airflow/example_dags/example_bash_operator.py
[2021-05-08 01:26:15,431] {scheduler_job.py:629} INFO - Processing file /home/navneetsajwan/airflow/etl/lib/python3.8/site-packages/airflow/example_dags/example_bash_operator.py for tasks to queue
[2021-05-08 01:26:15,432] {logging_mixin.py:104} INFO - [2021-05-08 01:26:15,432] {dagbag.py:451} INFO - Filling up the DagBag from /home/navneetsajwan/airflow/etl/lib/python3.8/site-packages/airflow/example_dags/example_bash_operator.py
[2021-05-08 01:26:15,482] {scheduler_job.py:639} INFO - DAG(s) dict_keys(['example_bash_operator']) retrieved from /home/navneetsajwan/airflow/etl/lib/python3.8/site-packages/airflow/example_dags/example_bash_operator.py
[2021-05-08 01:26:15,575] {logging_mixin.py:104} INFO - [2021-05-08 01:26:15,574] {dag.py:1824} INFO - Sync 1 DAGs
[2021-05-08 01:26:15,670] {logging_mixin.py:104} INFO - [2021-05-08 01:26:15,670] {dag.py:2280} INFO - Setting next_dagrun for example_bash_operator to 2021-05-05 00:00:00+00:00
[2021-05-08 01:26:15,810] {scheduler_job.py:190} INFO - Processing /home/navneetsajwan/airflow/etl/lib/python3.8/site-packages/airflow/example_dags/example_bash_operator.py took 0.408 seconds
[2021-05-08 01:27:10,219] {scheduler_job.py:182} INFO - Started process (PID=460637) to work on /home/navneetsajwan/airflow/etl/lib/python3.8/site-packages/airflow/example_dags/example_bash_operator.py
[2021-05-08 01:27:10,221] {scheduler_job.py:629} INFO - Processing file /home/navneetsajwan/airflow/etl/lib/python3.8/site-packages/airflow/example_dags/example_bash_operator.py for tasks to queue
[2021-05-08 01:27:10,233] {logging_mixin.py:104} INFO - [2021-05-08 01:27:10,221] {dagbag.py:451} INFO - Filling up the DagBag from /home/navneetsajwan/airflow/etl/lib/python3.8/site-packages/airflow/example_dags/example_bash_operator.py
[2021-05-08 01:27:10,299] {scheduler_job.py:639} INFO - DAG(s) dict_keys(['example_bash_operator']) retrieved from /home/navneetsajwan/airflow/etl/lib/python3.8/site-packages/airflow/example_dags/example_bash_operator.py
[2021-05-08 01:27:10,546] {logging_mixin.py:104} INFO - [2021-05-08 01:27:10,534] {dag.py:1824} INFO - Sync 1 DAGs
[2021-05-08 01:27:10,709] {logging_mixin.py:104} INFO - [2021-05-08 01:27:10,709] {dag.py:2280} INFO - Setting next_dagrun for example_bash_operator to 2021-05-05 00:00:00+00:00
[2021-05-08 01:27:10,863] {scheduler_job.py:190} INFO - Processing /home/navneetsajwan/airflow/etl/lib/python3.8/site-packages/airflow/example_dags/example_bash_operator.py took 0.680 seconds
[2021-05-08 01:28:00,549] {scheduler_job.py:182} INFO - Started process (PID=461694) to work on /home/navneetsajwan/airflow/etl/lib/python3.8/site-packages/airflow/example_dags/example_bash_operator.py
[2021-05-08 01:28:00,550] {scheduler_job.py:629} INFO - Processing file /home/navneetsajwan/airflow/etl/lib/python3.8/site-packages/airflow/example_dags/example_bash_operator.py for tasks to queue
[2021-05-08 01:28:00,551] {logging_mixin.py:104} INFO - [2021-05-08 01:28:00,551] {dagbag.py:451} INFO - Filling up the DagBag from /home/navneetsajwan/airflow/etl/lib/python3.8/site-packages/airflow/example_dags/example_bash_operator.py
[2021-05-08 01:28:00,561] {scheduler_job.py:639} INFO - DAG(s) dict_keys(['example_bash_operator']) retrieved from /home/navneetsajwan/airflow/etl/lib/python3.8/site-packages/airflow/example_dags/example_bash_operator.py
[2021-05-08 01:28:00,580] {logging_mixin.py:104} INFO - [2021-05-08 01:28:00,579] {dag.py:1824} INFO - Sync 1 DAGs
[2021-05-08 01:28:00,619] {logging_mixin.py:104} INFO - [2021-05-08 01:28:00,619] {dag.py:2280} INFO - Setting next_dagrun for example_bash_operator to 2021-05-05 00:00:00+00:00
[2021-05-08 01:28:00,929] {scheduler_job.py:190} INFO - Processing /home/navneetsajwan/airflow/etl/lib/python3.8/site-packages/airflow/example_dags/example_bash_operator.py took 0.384 seconds
[2021-05-08 01:28:52,690] {scheduler_job.py:182} INFO - Started process (PID=462428) to work on /home/navneetsajwan/airflow/etl/lib/python3.8/site-packages/airflow/example_dags/example_bash_operator.py
[2021-05-08 01:28:52,696] {scheduler_job.py:629} INFO - Processing file /home/navneetsajwan/airflow/etl/lib/python3.8/site-packages/airflow/example_dags/example_bash_operator.py for tasks to queue
[2021-05-08 01:28:52,697] {logging_mixin.py:104} INFO - [2021-05-08 01:28:52,697] {dagbag.py:451} INFO - Filling up the DagBag from /home/navneetsajwan/airflow/etl/lib/python3.8/site-packages/airflow/example_dags/example_bash_operator.py
[2021-05-08 01:28:52,761] {scheduler_job.py:639} INFO - DAG(s) dict_keys(['example_bash_operator']) retrieved from /home/navneetsajwan/airflow/etl/lib/python3.8/site-packages/airflow/example_dags/example_bash_operator.py
[2021-05-08 01:28:52,862] {logging_mixin.py:104} INFO - [2021-05-08 01:28:52,862] {dag.py:1824} INFO - Sync 1 DAGs
[2021-05-08 01:28:53,110] {logging_mixin.py:104} INFO - [2021-05-08 01:28:53,109] {dag.py:2280} INFO - Setting next_dagrun for example_bash_operator to 2021-05-05 00:00:00+00:00
[2021-05-08 01:28:53,282] {scheduler_job.py:190} INFO - Processing /home/navneetsajwan/airflow/etl/lib/python3.8/site-packages/airflow/example_dags/example_bash_operator.py took 0.634 seconds
[2021-05-08 01:29:50,525] {scheduler_job.py:182} INFO - Started process (PID=463575) to work on /home/navneetsajwan/airflow/etl/lib/python3.8/site-packages/airflow/example_dags/example_bash_operator.py
[2021-05-08 01:29:50,527] {scheduler_job.py:629} INFO - Processing file /home/navneetsajwan/airflow/etl/lib/python3.8/site-packages/airflow/example_dags/example_bash_operator.py for tasks to queue
[2021-05-08 01:29:50,529] {logging_mixin.py:104} INFO - [2021-05-08 01:29:50,529] {dagbag.py:451} INFO - Filling up the DagBag from /home/navneetsajwan/airflow/etl/lib/python3.8/site-packages/airflow/example_dags/example_bash_operator.py
[2021-05-08 01:29:50,584] {scheduler_job.py:639} INFO - DAG(s) dict_keys(['example_bash_operator']) retrieved from /home/navneetsajwan/airflow/etl/lib/python3.8/site-packages/airflow/example_dags/example_bash_operator.py
[2021-05-08 01:29:50,674] {logging_mixin.py:104} INFO - [2021-05-08 01:29:50,674] {dag.py:1824} INFO - Sync 1 DAGs
[2021-05-08 01:29:50,787] {logging_mixin.py:104} INFO - [2021-05-08 01:29:50,787] {dag.py:2280} INFO - Setting next_dagrun for example_bash_operator to 2021-05-05 00:00:00+00:00
[2021-05-08 01:29:50,955] {scheduler_job.py:190} INFO - Processing /home/navneetsajwan/airflow/etl/lib/python3.8/site-packages/airflow/example_dags/example_bash_operator.py took 0.437 seconds
[2021-05-08 01:30:36,239] {scheduler_job.py:182} INFO - Started process (PID=464234) to work on /home/navneetsajwan/airflow/etl/lib/python3.8/site-packages/airflow/example_dags/example_bash_operator.py
[2021-05-08 01:30:36,244] {scheduler_job.py:629} INFO - Processing file /home/navneetsajwan/airflow/etl/lib/python3.8/site-packages/airflow/example_dags/example_bash_operator.py for tasks to queue
[2021-05-08 01:30:36,245] {logging_mixin.py:104} INFO - [2021-05-08 01:30:36,245] {dagbag.py:451} INFO - Filling up the DagBag from /home/navneetsajwan/airflow/etl/lib/python3.8/site-packages/airflow/example_dags/example_bash_operator.py
[2021-05-08 01:30:36,265] {scheduler_job.py:639} INFO - DAG(s) dict_keys(['example_bash_operator']) retrieved from /home/navneetsajwan/airflow/etl/lib/python3.8/site-packages/airflow/example_dags/example_bash_operator.py
[2021-05-08 01:30:36,304] {logging_mixin.py:104} INFO - [2021-05-08 01:30:36,303] {dag.py:1824} INFO - Sync 1 DAGs
[2021-05-08 01:30:36,379] {logging_mixin.py:104} INFO - [2021-05-08 01:30:36,379] {dag.py:2280} INFO - Setting next_dagrun for example_bash_operator to 2021-05-05 00:00:00+00:00
[2021-05-08 01:30:36,490] {scheduler_job.py:190} INFO - Processing /home/navneetsajwan/airflow/etl/lib/python3.8/site-packages/airflow/example_dags/example_bash_operator.py took 0.257 seconds
[2021-05-08 01:31:35,946] {scheduler_job.py:182} INFO - Started process (PID=465465) to work on /home/navneetsajwan/airflow/etl/lib/python3.8/site-packages/airflow/example_dags/example_bash_operator.py
[2021-05-08 01:31:35,955] {scheduler_job.py:629} INFO - Processing file /home/navneetsajwan/airflow/etl/lib/python3.8/site-packages/airflow/example_dags/example_bash_operator.py for tasks to queue
[2021-05-08 01:31:35,957] {logging_mixin.py:104} INFO - [2021-05-08 01:31:35,957] {dagbag.py:451} INFO - Filling up the DagBag from /home/navneetsajwan/airflow/etl/lib/python3.8/site-packages/airflow/example_dags/example_bash_operator.py
[2021-05-08 01:31:35,974] {scheduler_job.py:639} INFO - DAG(s) dict_keys(['example_bash_operator']) retrieved from /home/navneetsajwan/airflow/etl/lib/python3.8/site-packages/airflow/example_dags/example_bash_operator.py
[2021-05-08 01:31:36,008] {logging_mixin.py:104} INFO - [2021-05-08 01:31:36,008] {dag.py:1824} INFO - Sync 1 DAGs
[2021-05-08 01:31:36,063] {logging_mixin.py:104} INFO - [2021-05-08 01:31:36,063] {dag.py:2280} INFO - Setting next_dagrun for example_bash_operator to 2021-05-05 00:00:00+00:00
[2021-05-08 01:31:36,198] {scheduler_job.py:190} INFO - Processing /home/navneetsajwan/airflow/etl/lib/python3.8/site-packages/airflow/example_dags/example_bash_operator.py took 0.264 seconds
[2021-05-08 01:32:17,665] {scheduler_job.py:182} INFO - Started process (PID=466074) to work on /home/navneetsajwan/airflow/etl/lib/python3.8/site-packages/airflow/example_dags/example_bash_operator.py
[2021-05-08 01:32:17,666] {scheduler_job.py:629} INFO - Processing file /home/navneetsajwan/airflow/etl/lib/python3.8/site-packages/airflow/example_dags/example_bash_operator.py for tasks to queue
[2021-05-08 01:32:17,667] {logging_mixin.py:104} INFO - [2021-05-08 01:32:17,667] {dagbag.py:451} INFO - Filling up the DagBag from /home/navneetsajwan/airflow/etl/lib/python3.8/site-packages/airflow/example_dags/example_bash_operator.py
[2021-05-08 01:32:17,677] {scheduler_job.py:639} INFO - DAG(s) dict_keys(['example_bash_operator']) retrieved from /home/navneetsajwan/airflow/etl/lib/python3.8/site-packages/airflow/example_dags/example_bash_operator.py
[2021-05-08 01:32:17,702] {logging_mixin.py:104} INFO - [2021-05-08 01:32:17,701] {dag.py:1824} INFO - Sync 1 DAGs
[2021-05-08 01:32:17,737] {logging_mixin.py:104} INFO - [2021-05-08 01:32:17,737] {dag.py:2280} INFO - Setting next_dagrun for example_bash_operator to 2021-05-05 00:00:00+00:00
[2021-05-08 01:32:17,852] {scheduler_job.py:190} INFO - Processing /home/navneetsajwan/airflow/etl/lib/python3.8/site-packages/airflow/example_dags/example_bash_operator.py took 0.192 seconds
[2021-05-08 01:33:19,880] {scheduler_job.py:182} INFO - Started process (PID=467249) to work on /home/navneetsajwan/airflow/etl/lib/python3.8/site-packages/airflow/example_dags/example_bash_operator.py
[2021-05-08 01:33:19,881] {scheduler_job.py:629} INFO - Processing file /home/navneetsajwan/airflow/etl/lib/python3.8/site-packages/airflow/example_dags/example_bash_operator.py for tasks to queue
[2021-05-08 01:33:19,882] {logging_mixin.py:104} INFO - [2021-05-08 01:33:19,882] {dagbag.py:451} INFO - Filling up the DagBag from /home/navneetsajwan/airflow/etl/lib/python3.8/site-packages/airflow/example_dags/example_bash_operator.py
[2021-05-08 01:33:19,894] {scheduler_job.py:639} INFO - DAG(s) dict_keys(['example_bash_operator']) retrieved from /home/navneetsajwan/airflow/etl/lib/python3.8/site-packages/airflow/example_dags/example_bash_operator.py
[2021-05-08 01:33:19,912] {logging_mixin.py:104} INFO - [2021-05-08 01:33:19,911] {dag.py:1824} INFO - Sync 1 DAGs
[2021-05-08 01:33:19,945] {logging_mixin.py:104} INFO - [2021-05-08 01:33:19,945] {dag.py:2280} INFO - Setting next_dagrun for example_bash_operator to 2021-05-05 00:00:00+00:00
[2021-05-08 01:33:20,067] {scheduler_job.py:190} INFO - Processing /home/navneetsajwan/airflow/etl/lib/python3.8/site-packages/airflow/example_dags/example_bash_operator.py took 0.190 seconds
[2021-05-08 01:34:09,992] {scheduler_job.py:182} INFO - Started process (PID=467976) to work on /home/navneetsajwan/airflow/etl/lib/python3.8/site-packages/airflow/example_dags/example_bash_operator.py
[2021-05-08 01:34:09,998] {scheduler_job.py:629} INFO - Processing file /home/navneetsajwan/airflow/etl/lib/python3.8/site-packages/airflow/example_dags/example_bash_operator.py for tasks to queue
[2021-05-08 01:34:10,000] {logging_mixin.py:104} INFO - [2021-05-08 01:34:09,999] {dagbag.py:451} INFO - Filling up the DagBag from /home/navneetsajwan/airflow/etl/lib/python3.8/site-packages/airflow/example_dags/example_bash_operator.py
[2021-05-08 01:34:10,042] {scheduler_job.py:639} INFO - DAG(s) dict_keys(['example_bash_operator']) retrieved from /home/navneetsajwan/airflow/etl/lib/python3.8/site-packages/airflow/example_dags/example_bash_operator.py
[2021-05-08 01:34:10,078] {logging_mixin.py:104} INFO - [2021-05-08 01:34:10,078] {dag.py:1824} INFO - Sync 1 DAGs
[2021-05-08 01:34:10,175] {logging_mixin.py:104} INFO - [2021-05-08 01:34:10,175] {dag.py:2280} INFO - Setting next_dagrun for example_bash_operator to 2021-05-05 00:00:00+00:00
[2021-05-08 01:34:10,346] {scheduler_job.py:190} INFO - Processing /home/navneetsajwan/airflow/etl/lib/python3.8/site-packages/airflow/example_dags/example_bash_operator.py took 0.377 seconds
[2021-05-08 01:35:03,593] {scheduler_job.py:182} INFO - Started process (PID=469072) to work on /home/navneetsajwan/airflow/etl/lib/python3.8/site-packages/airflow/example_dags/example_bash_operator.py
[2021-05-08 01:35:03,606] {scheduler_job.py:629} INFO - Processing file /home/navneetsajwan/airflow/etl/lib/python3.8/site-packages/airflow/example_dags/example_bash_operator.py for tasks to queue
[2021-05-08 01:35:03,607] {logging_mixin.py:104} INFO - [2021-05-08 01:35:03,607] {dagbag.py:451} INFO - Filling up the DagBag from /home/navneetsajwan/airflow/etl/lib/python3.8/site-packages/airflow/example_dags/example_bash_operator.py
[2021-05-08 01:35:03,646] {scheduler_job.py:639} INFO - DAG(s) dict_keys(['example_bash_operator']) retrieved from /home/navneetsajwan/airflow/etl/lib/python3.8/site-packages/airflow/example_dags/example_bash_operator.py
[2021-05-08 01:35:03,776] {logging_mixin.py:104} INFO - [2021-05-08 01:35:03,775] {dag.py:1824} INFO - Sync 1 DAGs
[2021-05-08 01:35:03,926] {logging_mixin.py:104} INFO - [2021-05-08 01:35:03,926] {dag.py:2280} INFO - Setting next_dagrun for example_bash_operator to 2021-05-05 00:00:00+00:00
[2021-05-08 01:35:04,044] {scheduler_job.py:190} INFO - Processing /home/navneetsajwan/airflow/etl/lib/python3.8/site-packages/airflow/example_dags/example_bash_operator.py took 0.472 seconds
[2021-05-08 01:35:56,135] {scheduler_job.py:182} INFO - Started process (PID=469848) to work on /home/navneetsajwan/airflow/etl/lib/python3.8/site-packages/airflow/example_dags/example_bash_operator.py
[2021-05-08 01:35:56,137] {scheduler_job.py:629} INFO - Processing file /home/navneetsajwan/airflow/etl/lib/python3.8/site-packages/airflow/example_dags/example_bash_operator.py for tasks to queue
[2021-05-08 01:35:56,138] {logging_mixin.py:104} INFO - [2021-05-08 01:35:56,138] {dagbag.py:451} INFO - Filling up the DagBag from /home/navneetsajwan/airflow/etl/lib/python3.8/site-packages/airflow/example_dags/example_bash_operator.py
[2021-05-08 01:35:56,148] {scheduler_job.py:639} INFO - DAG(s) dict_keys(['example_bash_operator']) retrieved from /home/navneetsajwan/airflow/etl/lib/python3.8/site-packages/airflow/example_dags/example_bash_operator.py
[2021-05-08 01:35:56,163] {logging_mixin.py:104} INFO - [2021-05-08 01:35:56,163] {dag.py:1824} INFO - Sync 1 DAGs
[2021-05-08 01:35:56,184] {logging_mixin.py:104} INFO - [2021-05-08 01:35:56,184] {dag.py:2280} INFO - Setting next_dagrun for example_bash_operator to 2021-05-05 00:00:00+00:00
[2021-05-08 01:35:56,274] {scheduler_job.py:190} INFO - Processing /home/navneetsajwan/airflow/etl/lib/python3.8/site-packages/airflow/example_dags/example_bash_operator.py took 0.144 seconds
[2021-05-08 01:36:47,242] {scheduler_job.py:182} INFO - Started process (PID=470887) to work on /home/navneetsajwan/airflow/etl/lib/python3.8/site-packages/airflow/example_dags/example_bash_operator.py
[2021-05-08 01:36:47,246] {scheduler_job.py:629} INFO - Processing file /home/navneetsajwan/airflow/etl/lib/python3.8/site-packages/airflow/example_dags/example_bash_operator.py for tasks to queue
[2021-05-08 01:36:47,247] {logging_mixin.py:104} INFO - [2021-05-08 01:36:47,247] {dagbag.py:451} INFO - Filling up the DagBag from /home/navneetsajwan/airflow/etl/lib/python3.8/site-packages/airflow/example_dags/example_bash_operator.py
[2021-05-08 01:36:47,259] {scheduler_job.py:639} INFO - DAG(s) dict_keys(['example_bash_operator']) retrieved from /home/navneetsajwan/airflow/etl/lib/python3.8/site-packages/airflow/example_dags/example_bash_operator.py
[2021-05-08 01:36:47,283] {logging_mixin.py:104} INFO - [2021-05-08 01:36:47,283] {dag.py:1824} INFO - Sync 1 DAGs
[2021-05-08 01:36:47,328] {logging_mixin.py:104} INFO - [2021-05-08 01:36:47,328] {dag.py:2280} INFO - Setting next_dagrun for example_bash_operator to 2021-05-05 00:00:00+00:00
[2021-05-08 01:36:47,471] {scheduler_job.py:190} INFO - Processing /home/navneetsajwan/airflow/etl/lib/python3.8/site-packages/airflow/example_dags/example_bash_operator.py took 0.234 seconds
[2021-05-08 01:37:26,205] {scheduler_job.py:182} INFO - Started process (PID=471433) to work on /home/navneetsajwan/airflow/etl/lib/python3.8/site-packages/airflow/example_dags/example_bash_operator.py
[2021-05-08 01:37:26,207] {scheduler_job.py:629} INFO - Processing file /home/navneetsajwan/airflow/etl/lib/python3.8/site-packages/airflow/example_dags/example_bash_operator.py for tasks to queue
[2021-05-08 01:37:26,208] {logging_mixin.py:104} INFO - [2021-05-08 01:37:26,208] {dagbag.py:451} INFO - Filling up the DagBag from /home/navneetsajwan/airflow/etl/lib/python3.8/site-packages/airflow/example_dags/example_bash_operator.py
[2021-05-08 01:37:26,218] {scheduler_job.py:639} INFO - DAG(s) dict_keys(['example_bash_operator']) retrieved from /home/navneetsajwan/airflow/etl/lib/python3.8/site-packages/airflow/example_dags/example_bash_operator.py
[2021-05-08 01:37:26,236] {logging_mixin.py:104} INFO - [2021-05-08 01:37:26,236] {dag.py:1824} INFO - Sync 1 DAGs
[2021-05-08 01:37:26,257] {logging_mixin.py:104} INFO - [2021-05-08 01:37:26,257] {dag.py:2280} INFO - Setting next_dagrun for example_bash_operator to 2021-05-05 00:00:00+00:00
[2021-05-08 01:37:26,379] {scheduler_job.py:190} INFO - Processing /home/navneetsajwan/airflow/etl/lib/python3.8/site-packages/airflow/example_dags/example_bash_operator.py took 0.177 seconds
[2021-05-08 01:38:12,875] {scheduler_job.py:182} INFO - Started process (PID=472132) to work on /home/navneetsajwan/airflow/etl/lib/python3.8/site-packages/airflow/example_dags/example_bash_operator.py
[2021-05-08 01:38:12,878] {scheduler_job.py:629} INFO - Processing file /home/navneetsajwan/airflow/etl/lib/python3.8/site-packages/airflow/example_dags/example_bash_operator.py for tasks to queue
[2021-05-08 01:38:12,879] {logging_mixin.py:104} INFO - [2021-05-08 01:38:12,879] {dagbag.py:451} INFO - Filling up the DagBag from /home/navneetsajwan/airflow/etl/lib/python3.8/site-packages/airflow/example_dags/example_bash_operator.py
[2021-05-08 01:38:12,911] {scheduler_job.py:639} INFO - DAG(s) dict_keys(['example_bash_operator']) retrieved from /home/navneetsajwan/airflow/etl/lib/python3.8/site-packages/airflow/example_dags/example_bash_operator.py
[2021-05-08 01:38:13,014] {logging_mixin.py:104} INFO - [2021-05-08 01:38:13,014] {dag.py:1824} INFO - Sync 1 DAGs
[2021-05-08 01:38:13,220] {logging_mixin.py:104} INFO - [2021-05-08 01:38:13,220] {dag.py:2280} INFO - Setting next_dagrun for example_bash_operator to 2021-05-05 00:00:00+00:00
[2021-05-08 01:38:13,376] {scheduler_job.py:190} INFO - Processing /home/navneetsajwan/airflow/etl/lib/python3.8/site-packages/airflow/example_dags/example_bash_operator.py took 0.506 seconds
