[2021-05-08 01:07:34,095] {scheduler_job.py:182} INFO - Started process (PID=440301) to work on /home/navneetsajwan/airflow/etl/lib/python3.8/site-packages/airflow/example_dags/tutorial_etl_dag.py
[2021-05-08 01:07:34,097] {scheduler_job.py:629} INFO - Processing file /home/navneetsajwan/airflow/etl/lib/python3.8/site-packages/airflow/example_dags/tutorial_etl_dag.py for tasks to queue
[2021-05-08 01:07:34,097] {logging_mixin.py:104} INFO - [2021-05-08 01:07:34,097] {dagbag.py:451} INFO - Filling up the DagBag from /home/navneetsajwan/airflow/etl/lib/python3.8/site-packages/airflow/example_dags/tutorial_etl_dag.py
[2021-05-08 01:07:34,109] {scheduler_job.py:639} INFO - DAG(s) dict_keys(['tutorial_etl_dag']) retrieved from /home/navneetsajwan/airflow/etl/lib/python3.8/site-packages/airflow/example_dags/tutorial_etl_dag.py
[2021-05-08 01:07:34,126] {logging_mixin.py:104} INFO - [2021-05-08 01:07:34,126] {dag.py:1824} INFO - Sync 1 DAGs
[2021-05-08 01:07:34,138] {logging_mixin.py:104} INFO - [2021-05-08 01:07:34,138] {dag.py:2280} INFO - Setting next_dagrun for tutorial_etl_dag to None
[2021-05-08 01:07:34,239] {scheduler_job.py:190} INFO - Processing /home/navneetsajwan/airflow/etl/lib/python3.8/site-packages/airflow/example_dags/tutorial_etl_dag.py took 0.147 seconds
[2021-05-08 01:08:17,469] {scheduler_job.py:182} INFO - Started process (PID=440832) to work on /home/navneetsajwan/airflow/etl/lib/python3.8/site-packages/airflow/example_dags/tutorial_etl_dag.py
[2021-05-08 01:08:17,474] {scheduler_job.py:629} INFO - Processing file /home/navneetsajwan/airflow/etl/lib/python3.8/site-packages/airflow/example_dags/tutorial_etl_dag.py for tasks to queue
[2021-05-08 01:08:17,476] {logging_mixin.py:104} INFO - [2021-05-08 01:08:17,476] {dagbag.py:451} INFO - Filling up the DagBag from /home/navneetsajwan/airflow/etl/lib/python3.8/site-packages/airflow/example_dags/tutorial_etl_dag.py
[2021-05-08 01:08:17,539] {scheduler_job.py:639} INFO - DAG(s) dict_keys(['tutorial_etl_dag']) retrieved from /home/navneetsajwan/airflow/etl/lib/python3.8/site-packages/airflow/example_dags/tutorial_etl_dag.py
[2021-05-08 01:08:17,568] {logging_mixin.py:104} INFO - [2021-05-08 01:08:17,568] {dag.py:1824} INFO - Sync 1 DAGs
[2021-05-08 01:08:17,590] {logging_mixin.py:104} INFO - [2021-05-08 01:08:17,590] {dag.py:2280} INFO - Setting next_dagrun for tutorial_etl_dag to None
[2021-05-08 01:08:17,965] {scheduler_job.py:190} INFO - Processing /home/navneetsajwan/airflow/etl/lib/python3.8/site-packages/airflow/example_dags/tutorial_etl_dag.py took 0.507 seconds
[2021-05-08 01:09:09,459] {scheduler_job.py:182} INFO - Started process (PID=441879) to work on /home/navneetsajwan/airflow/etl/lib/python3.8/site-packages/airflow/example_dags/tutorial_etl_dag.py
[2021-05-08 01:09:09,461] {scheduler_job.py:629} INFO - Processing file /home/navneetsajwan/airflow/etl/lib/python3.8/site-packages/airflow/example_dags/tutorial_etl_dag.py for tasks to queue
[2021-05-08 01:09:09,464] {logging_mixin.py:104} INFO - [2021-05-08 01:09:09,463] {dagbag.py:451} INFO - Filling up the DagBag from /home/navneetsajwan/airflow/etl/lib/python3.8/site-packages/airflow/example_dags/tutorial_etl_dag.py
[2021-05-08 01:09:09,509] {scheduler_job.py:639} INFO - DAG(s) dict_keys(['tutorial_etl_dag']) retrieved from /home/navneetsajwan/airflow/etl/lib/python3.8/site-packages/airflow/example_dags/tutorial_etl_dag.py
[2021-05-08 01:09:09,552] {logging_mixin.py:104} INFO - [2021-05-08 01:09:09,552] {dag.py:1824} INFO - Sync 1 DAGs
[2021-05-08 01:09:09,568] {logging_mixin.py:104} INFO - [2021-05-08 01:09:09,568] {dag.py:2280} INFO - Setting next_dagrun for tutorial_etl_dag to None
[2021-05-08 01:09:09,698] {scheduler_job.py:190} INFO - Processing /home/navneetsajwan/airflow/etl/lib/python3.8/site-packages/airflow/example_dags/tutorial_etl_dag.py took 0.256 seconds
[2021-05-08 01:09:51,555] {scheduler_job.py:182} INFO - Started process (PID=442534) to work on /home/navneetsajwan/airflow/etl/lib/python3.8/site-packages/airflow/example_dags/tutorial_etl_dag.py
[2021-05-08 01:09:51,557] {scheduler_job.py:629} INFO - Processing file /home/navneetsajwan/airflow/etl/lib/python3.8/site-packages/airflow/example_dags/tutorial_etl_dag.py for tasks to queue
[2021-05-08 01:09:51,559] {logging_mixin.py:104} INFO - [2021-05-08 01:09:51,558] {dagbag.py:451} INFO - Filling up the DagBag from /home/navneetsajwan/airflow/etl/lib/python3.8/site-packages/airflow/example_dags/tutorial_etl_dag.py
[2021-05-08 01:09:51,583] {scheduler_job.py:639} INFO - DAG(s) dict_keys(['tutorial_etl_dag']) retrieved from /home/navneetsajwan/airflow/etl/lib/python3.8/site-packages/airflow/example_dags/tutorial_etl_dag.py
[2021-05-08 01:09:51,621] {logging_mixin.py:104} INFO - [2021-05-08 01:09:51,621] {dag.py:1824} INFO - Sync 1 DAGs
[2021-05-08 01:09:51,654] {logging_mixin.py:104} INFO - [2021-05-08 01:09:51,654] {dag.py:2280} INFO - Setting next_dagrun for tutorial_etl_dag to None
[2021-05-08 01:09:51,825] {scheduler_job.py:190} INFO - Processing /home/navneetsajwan/airflow/etl/lib/python3.8/site-packages/airflow/example_dags/tutorial_etl_dag.py took 0.274 seconds
[2021-05-08 01:10:31,499] {scheduler_job.py:182} INFO - Started process (PID=443206) to work on /home/navneetsajwan/airflow/etl/lib/python3.8/site-packages/airflow/example_dags/tutorial_etl_dag.py
[2021-05-08 01:10:31,507] {scheduler_job.py:629} INFO - Processing file /home/navneetsajwan/airflow/etl/lib/python3.8/site-packages/airflow/example_dags/tutorial_etl_dag.py for tasks to queue
[2021-05-08 01:10:31,508] {logging_mixin.py:104} INFO - [2021-05-08 01:10:31,508] {dagbag.py:451} INFO - Filling up the DagBag from /home/navneetsajwan/airflow/etl/lib/python3.8/site-packages/airflow/example_dags/tutorial_etl_dag.py
[2021-05-08 01:10:31,544] {scheduler_job.py:639} INFO - DAG(s) dict_keys(['tutorial_etl_dag']) retrieved from /home/navneetsajwan/airflow/etl/lib/python3.8/site-packages/airflow/example_dags/tutorial_etl_dag.py
[2021-05-08 01:10:31,598] {logging_mixin.py:104} INFO - [2021-05-08 01:10:31,597] {dag.py:1824} INFO - Sync 1 DAGs
[2021-05-08 01:10:31,765] {logging_mixin.py:104} INFO - [2021-05-08 01:10:31,764] {dag.py:2280} INFO - Setting next_dagrun for tutorial_etl_dag to None
[2021-05-08 01:10:31,982] {scheduler_job.py:190} INFO - Processing /home/navneetsajwan/airflow/etl/lib/python3.8/site-packages/airflow/example_dags/tutorial_etl_dag.py took 0.491 seconds
[2021-05-08 01:11:08,077] {scheduler_job.py:182} INFO - Started process (PID=443940) to work on /home/navneetsajwan/airflow/etl/lib/python3.8/site-packages/airflow/example_dags/tutorial_etl_dag.py
[2021-05-08 01:11:08,078] {scheduler_job.py:629} INFO - Processing file /home/navneetsajwan/airflow/etl/lib/python3.8/site-packages/airflow/example_dags/tutorial_etl_dag.py for tasks to queue
[2021-05-08 01:11:08,079] {logging_mixin.py:104} INFO - [2021-05-08 01:11:08,079] {dagbag.py:451} INFO - Filling up the DagBag from /home/navneetsajwan/airflow/etl/lib/python3.8/site-packages/airflow/example_dags/tutorial_etl_dag.py
[2021-05-08 01:11:08,096] {scheduler_job.py:639} INFO - DAG(s) dict_keys(['tutorial_etl_dag']) retrieved from /home/navneetsajwan/airflow/etl/lib/python3.8/site-packages/airflow/example_dags/tutorial_etl_dag.py
[2021-05-08 01:11:08,110] {logging_mixin.py:104} INFO - [2021-05-08 01:11:08,110] {dag.py:1824} INFO - Sync 1 DAGs
[2021-05-08 01:11:08,125] {logging_mixin.py:104} INFO - [2021-05-08 01:11:08,125] {dag.py:2280} INFO - Setting next_dagrun for tutorial_etl_dag to None
[2021-05-08 01:11:08,281] {scheduler_job.py:190} INFO - Processing /home/navneetsajwan/airflow/etl/lib/python3.8/site-packages/airflow/example_dags/tutorial_etl_dag.py took 0.207 seconds
[2021-05-08 01:15:09,727] {scheduler_job.py:182} INFO - Started process (PID=447851) to work on /home/navneetsajwan/airflow/etl/lib/python3.8/site-packages/airflow/example_dags/tutorial_etl_dag.py
[2021-05-08 01:15:09,728] {scheduler_job.py:629} INFO - Processing file /home/navneetsajwan/airflow/etl/lib/python3.8/site-packages/airflow/example_dags/tutorial_etl_dag.py for tasks to queue
[2021-05-08 01:15:09,729] {logging_mixin.py:104} INFO - [2021-05-08 01:15:09,729] {dagbag.py:451} INFO - Filling up the DagBag from /home/navneetsajwan/airflow/etl/lib/python3.8/site-packages/airflow/example_dags/tutorial_etl_dag.py
[2021-05-08 01:15:09,737] {scheduler_job.py:639} INFO - DAG(s) dict_keys(['tutorial_etl_dag']) retrieved from /home/navneetsajwan/airflow/etl/lib/python3.8/site-packages/airflow/example_dags/tutorial_etl_dag.py
[2021-05-08 01:15:09,758] {logging_mixin.py:104} INFO - [2021-05-08 01:15:09,757] {dag.py:1824} INFO - Sync 1 DAGs
[2021-05-08 01:15:09,778] {logging_mixin.py:104} INFO - [2021-05-08 01:15:09,778] {dag.py:2280} INFO - Setting next_dagrun for tutorial_etl_dag to None
[2021-05-08 01:15:10,216] {scheduler_job.py:190} INFO - Processing /home/navneetsajwan/airflow/etl/lib/python3.8/site-packages/airflow/example_dags/tutorial_etl_dag.py took 0.492 seconds
[2021-05-08 01:15:44,117] {scheduler_job.py:182} INFO - Started process (PID=448575) to work on /home/navneetsajwan/airflow/etl/lib/python3.8/site-packages/airflow/example_dags/tutorial_etl_dag.py
[2021-05-08 01:15:44,119] {scheduler_job.py:629} INFO - Processing file /home/navneetsajwan/airflow/etl/lib/python3.8/site-packages/airflow/example_dags/tutorial_etl_dag.py for tasks to queue
[2021-05-08 01:15:44,120] {logging_mixin.py:104} INFO - [2021-05-08 01:15:44,120] {dagbag.py:451} INFO - Filling up the DagBag from /home/navneetsajwan/airflow/etl/lib/python3.8/site-packages/airflow/example_dags/tutorial_etl_dag.py
[2021-05-08 01:15:44,147] {scheduler_job.py:639} INFO - DAG(s) dict_keys(['tutorial_etl_dag']) retrieved from /home/navneetsajwan/airflow/etl/lib/python3.8/site-packages/airflow/example_dags/tutorial_etl_dag.py
[2021-05-08 01:15:44,201] {logging_mixin.py:104} INFO - [2021-05-08 01:15:44,201] {dag.py:1824} INFO - Sync 1 DAGs
[2021-05-08 01:15:44,222] {logging_mixin.py:104} INFO - [2021-05-08 01:15:44,222] {dag.py:2280} INFO - Setting next_dagrun for tutorial_etl_dag to None
[2021-05-08 01:15:44,356] {scheduler_job.py:190} INFO - Processing /home/navneetsajwan/airflow/etl/lib/python3.8/site-packages/airflow/example_dags/tutorial_etl_dag.py took 0.286 seconds
[2021-05-08 01:16:19,473] {scheduler_job.py:182} INFO - Started process (PID=449176) to work on /home/navneetsajwan/airflow/etl/lib/python3.8/site-packages/airflow/example_dags/tutorial_etl_dag.py
[2021-05-08 01:16:19,487] {scheduler_job.py:629} INFO - Processing file /home/navneetsajwan/airflow/etl/lib/python3.8/site-packages/airflow/example_dags/tutorial_etl_dag.py for tasks to queue
[2021-05-08 01:16:19,488] {logging_mixin.py:104} INFO - [2021-05-08 01:16:19,488] {dagbag.py:451} INFO - Filling up the DagBag from /home/navneetsajwan/airflow/etl/lib/python3.8/site-packages/airflow/example_dags/tutorial_etl_dag.py
[2021-05-08 01:16:19,527] {scheduler_job.py:639} INFO - DAG(s) dict_keys(['tutorial_etl_dag']) retrieved from /home/navneetsajwan/airflow/etl/lib/python3.8/site-packages/airflow/example_dags/tutorial_etl_dag.py
[2021-05-08 01:16:19,578] {logging_mixin.py:104} INFO - [2021-05-08 01:16:19,578] {dag.py:1824} INFO - Sync 1 DAGs
[2021-05-08 01:16:19,623] {logging_mixin.py:104} INFO - [2021-05-08 01:16:19,623] {dag.py:2280} INFO - Setting next_dagrun for tutorial_etl_dag to None
[2021-05-08 01:16:19,729] {scheduler_job.py:190} INFO - Processing /home/navneetsajwan/airflow/etl/lib/python3.8/site-packages/airflow/example_dags/tutorial_etl_dag.py took 0.268 seconds
[2021-05-08 01:16:55,596] {scheduler_job.py:182} INFO - Started process (PID=449705) to work on /home/navneetsajwan/airflow/etl/lib/python3.8/site-packages/airflow/example_dags/tutorial_etl_dag.py
[2021-05-08 01:16:55,598] {scheduler_job.py:629} INFO - Processing file /home/navneetsajwan/airflow/etl/lib/python3.8/site-packages/airflow/example_dags/tutorial_etl_dag.py for tasks to queue
[2021-05-08 01:16:55,598] {logging_mixin.py:104} INFO - [2021-05-08 01:16:55,598] {dagbag.py:451} INFO - Filling up the DagBag from /home/navneetsajwan/airflow/etl/lib/python3.8/site-packages/airflow/example_dags/tutorial_etl_dag.py
[2021-05-08 01:16:55,608] {scheduler_job.py:639} INFO - DAG(s) dict_keys(['tutorial_etl_dag']) retrieved from /home/navneetsajwan/airflow/etl/lib/python3.8/site-packages/airflow/example_dags/tutorial_etl_dag.py
[2021-05-08 01:16:55,629] {logging_mixin.py:104} INFO - [2021-05-08 01:16:55,629] {dag.py:1824} INFO - Sync 1 DAGs
[2021-05-08 01:16:55,646] {logging_mixin.py:104} INFO - [2021-05-08 01:16:55,646] {dag.py:2280} INFO - Setting next_dagrun for tutorial_etl_dag to None
[2021-05-08 01:16:55,763] {scheduler_job.py:190} INFO - Processing /home/navneetsajwan/airflow/etl/lib/python3.8/site-packages/airflow/example_dags/tutorial_etl_dag.py took 0.172 seconds
[2021-05-08 01:17:46,540] {scheduler_job.py:182} INFO - Started process (PID=450796) to work on /home/navneetsajwan/airflow/etl/lib/python3.8/site-packages/airflow/example_dags/tutorial_etl_dag.py
[2021-05-08 01:17:46,542] {scheduler_job.py:629} INFO - Processing file /home/navneetsajwan/airflow/etl/lib/python3.8/site-packages/airflow/example_dags/tutorial_etl_dag.py for tasks to queue
[2021-05-08 01:17:46,543] {logging_mixin.py:104} INFO - [2021-05-08 01:17:46,543] {dagbag.py:451} INFO - Filling up the DagBag from /home/navneetsajwan/airflow/etl/lib/python3.8/site-packages/airflow/example_dags/tutorial_etl_dag.py
[2021-05-08 01:17:46,556] {scheduler_job.py:639} INFO - DAG(s) dict_keys(['tutorial_etl_dag']) retrieved from /home/navneetsajwan/airflow/etl/lib/python3.8/site-packages/airflow/example_dags/tutorial_etl_dag.py
[2021-05-08 01:17:46,589] {logging_mixin.py:104} INFO - [2021-05-08 01:17:46,589] {dag.py:1824} INFO - Sync 1 DAGs
[2021-05-08 01:17:46,642] {logging_mixin.py:104} INFO - [2021-05-08 01:17:46,642] {dag.py:2280} INFO - Setting next_dagrun for tutorial_etl_dag to None
[2021-05-08 01:17:46,829] {scheduler_job.py:190} INFO - Processing /home/navneetsajwan/airflow/etl/lib/python3.8/site-packages/airflow/example_dags/tutorial_etl_dag.py took 0.293 seconds
[2021-05-08 01:18:23,684] {scheduler_job.py:182} INFO - Started process (PID=451336) to work on /home/navneetsajwan/airflow/etl/lib/python3.8/site-packages/airflow/example_dags/tutorial_etl_dag.py
[2021-05-08 01:18:23,686] {scheduler_job.py:629} INFO - Processing file /home/navneetsajwan/airflow/etl/lib/python3.8/site-packages/airflow/example_dags/tutorial_etl_dag.py for tasks to queue
[2021-05-08 01:18:23,687] {logging_mixin.py:104} INFO - [2021-05-08 01:18:23,687] {dagbag.py:451} INFO - Filling up the DagBag from /home/navneetsajwan/airflow/etl/lib/python3.8/site-packages/airflow/example_dags/tutorial_etl_dag.py
[2021-05-08 01:18:23,699] {scheduler_job.py:639} INFO - DAG(s) dict_keys(['tutorial_etl_dag']) retrieved from /home/navneetsajwan/airflow/etl/lib/python3.8/site-packages/airflow/example_dags/tutorial_etl_dag.py
[2021-05-08 01:18:23,728] {logging_mixin.py:104} INFO - [2021-05-08 01:18:23,728] {dag.py:1824} INFO - Sync 1 DAGs
[2021-05-08 01:18:23,753] {logging_mixin.py:104} INFO - [2021-05-08 01:18:23,753] {dag.py:2280} INFO - Setting next_dagrun for tutorial_etl_dag to None
[2021-05-08 01:18:23,852] {scheduler_job.py:190} INFO - Processing /home/navneetsajwan/airflow/etl/lib/python3.8/site-packages/airflow/example_dags/tutorial_etl_dag.py took 0.177 seconds
[2021-05-08 01:18:59,753] {scheduler_job.py:182} INFO - Started process (PID=451905) to work on /home/navneetsajwan/airflow/etl/lib/python3.8/site-packages/airflow/example_dags/tutorial_etl_dag.py
[2021-05-08 01:18:59,756] {scheduler_job.py:629} INFO - Processing file /home/navneetsajwan/airflow/etl/lib/python3.8/site-packages/airflow/example_dags/tutorial_etl_dag.py for tasks to queue
[2021-05-08 01:18:59,757] {logging_mixin.py:104} INFO - [2021-05-08 01:18:59,757] {dagbag.py:451} INFO - Filling up the DagBag from /home/navneetsajwan/airflow/etl/lib/python3.8/site-packages/airflow/example_dags/tutorial_etl_dag.py
[2021-05-08 01:18:59,770] {scheduler_job.py:639} INFO - DAG(s) dict_keys(['tutorial_etl_dag']) retrieved from /home/navneetsajwan/airflow/etl/lib/python3.8/site-packages/airflow/example_dags/tutorial_etl_dag.py
[2021-05-08 01:18:59,789] {logging_mixin.py:104} INFO - [2021-05-08 01:18:59,788] {dag.py:1824} INFO - Sync 1 DAGs
[2021-05-08 01:18:59,801] {logging_mixin.py:104} INFO - [2021-05-08 01:18:59,801] {dag.py:2280} INFO - Setting next_dagrun for tutorial_etl_dag to None
[2021-05-08 01:19:00,205] {scheduler_job.py:190} INFO - Processing /home/navneetsajwan/airflow/etl/lib/python3.8/site-packages/airflow/example_dags/tutorial_etl_dag.py took 0.458 seconds
[2021-05-08 01:19:35,874] {scheduler_job.py:182} INFO - Started process (PID=452728) to work on /home/navneetsajwan/airflow/etl/lib/python3.8/site-packages/airflow/example_dags/tutorial_etl_dag.py
[2021-05-08 01:19:35,904] {scheduler_job.py:629} INFO - Processing file /home/navneetsajwan/airflow/etl/lib/python3.8/site-packages/airflow/example_dags/tutorial_etl_dag.py for tasks to queue
[2021-05-08 01:19:35,906] {logging_mixin.py:104} INFO - [2021-05-08 01:19:35,905] {dagbag.py:451} INFO - Filling up the DagBag from /home/navneetsajwan/airflow/etl/lib/python3.8/site-packages/airflow/example_dags/tutorial_etl_dag.py
[2021-05-08 01:19:35,944] {scheduler_job.py:639} INFO - DAG(s) dict_keys(['tutorial_etl_dag']) retrieved from /home/navneetsajwan/airflow/etl/lib/python3.8/site-packages/airflow/example_dags/tutorial_etl_dag.py
[2021-05-08 01:19:36,083] {logging_mixin.py:104} INFO - [2021-05-08 01:19:36,070] {dag.py:1824} INFO - Sync 1 DAGs
[2021-05-08 01:19:36,134] {logging_mixin.py:104} INFO - [2021-05-08 01:19:36,134] {dag.py:2280} INFO - Setting next_dagrun for tutorial_etl_dag to None
[2021-05-08 01:19:36,319] {scheduler_job.py:190} INFO - Processing /home/navneetsajwan/airflow/etl/lib/python3.8/site-packages/airflow/example_dags/tutorial_etl_dag.py took 0.495 seconds
[2021-05-08 01:20:22,116] {scheduler_job.py:182} INFO - Started process (PID=453345) to work on /home/navneetsajwan/airflow/etl/lib/python3.8/site-packages/airflow/example_dags/tutorial_etl_dag.py
[2021-05-08 01:20:22,118] {scheduler_job.py:629} INFO - Processing file /home/navneetsajwan/airflow/etl/lib/python3.8/site-packages/airflow/example_dags/tutorial_etl_dag.py for tasks to queue
[2021-05-08 01:20:22,129] {logging_mixin.py:104} INFO - [2021-05-08 01:20:22,129] {dagbag.py:451} INFO - Filling up the DagBag from /home/navneetsajwan/airflow/etl/lib/python3.8/site-packages/airflow/example_dags/tutorial_etl_dag.py
[2021-05-08 01:20:22,175] {scheduler_job.py:639} INFO - DAG(s) dict_keys(['tutorial_etl_dag']) retrieved from /home/navneetsajwan/airflow/etl/lib/python3.8/site-packages/airflow/example_dags/tutorial_etl_dag.py
[2021-05-08 01:20:22,323] {logging_mixin.py:104} INFO - [2021-05-08 01:20:22,322] {dag.py:1824} INFO - Sync 1 DAGs
[2021-05-08 01:20:22,415] {logging_mixin.py:104} INFO - [2021-05-08 01:20:22,415] {dag.py:2280} INFO - Setting next_dagrun for tutorial_etl_dag to None
[2021-05-08 01:20:22,677] {scheduler_job.py:190} INFO - Processing /home/navneetsajwan/airflow/etl/lib/python3.8/site-packages/airflow/example_dags/tutorial_etl_dag.py took 0.580 seconds
[2021-05-08 01:21:00,681] {scheduler_job.py:182} INFO - Started process (PID=454251) to work on /home/navneetsajwan/airflow/etl/lib/python3.8/site-packages/airflow/example_dags/tutorial_etl_dag.py
[2021-05-08 01:21:00,683] {scheduler_job.py:629} INFO - Processing file /home/navneetsajwan/airflow/etl/lib/python3.8/site-packages/airflow/example_dags/tutorial_etl_dag.py for tasks to queue
[2021-05-08 01:21:00,686] {logging_mixin.py:104} INFO - [2021-05-08 01:21:00,686] {dagbag.py:451} INFO - Filling up the DagBag from /home/navneetsajwan/airflow/etl/lib/python3.8/site-packages/airflow/example_dags/tutorial_etl_dag.py
[2021-05-08 01:21:00,698] {scheduler_job.py:639} INFO - DAG(s) dict_keys(['tutorial_etl_dag']) retrieved from /home/navneetsajwan/airflow/etl/lib/python3.8/site-packages/airflow/example_dags/tutorial_etl_dag.py
[2021-05-08 01:21:00,723] {logging_mixin.py:104} INFO - [2021-05-08 01:21:00,723] {dag.py:1824} INFO - Sync 1 DAGs
[2021-05-08 01:21:00,745] {logging_mixin.py:104} INFO - [2021-05-08 01:21:00,745] {dag.py:2280} INFO - Setting next_dagrun for tutorial_etl_dag to None
[2021-05-08 01:21:00,867] {scheduler_job.py:190} INFO - Processing /home/navneetsajwan/airflow/etl/lib/python3.8/site-packages/airflow/example_dags/tutorial_etl_dag.py took 0.190 seconds
[2021-05-08 01:21:37,706] {scheduler_job.py:182} INFO - Started process (PID=454774) to work on /home/navneetsajwan/airflow/etl/lib/python3.8/site-packages/airflow/example_dags/tutorial_etl_dag.py
[2021-05-08 01:21:37,709] {scheduler_job.py:629} INFO - Processing file /home/navneetsajwan/airflow/etl/lib/python3.8/site-packages/airflow/example_dags/tutorial_etl_dag.py for tasks to queue
[2021-05-08 01:21:37,710] {logging_mixin.py:104} INFO - [2021-05-08 01:21:37,709] {dagbag.py:451} INFO - Filling up the DagBag from /home/navneetsajwan/airflow/etl/lib/python3.8/site-packages/airflow/example_dags/tutorial_etl_dag.py
[2021-05-08 01:21:37,720] {scheduler_job.py:639} INFO - DAG(s) dict_keys(['tutorial_etl_dag']) retrieved from /home/navneetsajwan/airflow/etl/lib/python3.8/site-packages/airflow/example_dags/tutorial_etl_dag.py
[2021-05-08 01:21:37,742] {logging_mixin.py:104} INFO - [2021-05-08 01:21:37,742] {dag.py:1824} INFO - Sync 1 DAGs
[2021-05-08 01:21:37,763] {logging_mixin.py:104} INFO - [2021-05-08 01:21:37,762] {dag.py:2280} INFO - Setting next_dagrun for tutorial_etl_dag to None
[2021-05-08 01:21:37,976] {scheduler_job.py:190} INFO - Processing /home/navneetsajwan/airflow/etl/lib/python3.8/site-packages/airflow/example_dags/tutorial_etl_dag.py took 0.274 seconds
[2021-05-08 01:22:14,697] {scheduler_job.py:182} INFO - Started process (PID=455273) to work on /home/navneetsajwan/airflow/etl/lib/python3.8/site-packages/airflow/example_dags/tutorial_etl_dag.py
[2021-05-08 01:22:14,699] {scheduler_job.py:629} INFO - Processing file /home/navneetsajwan/airflow/etl/lib/python3.8/site-packages/airflow/example_dags/tutorial_etl_dag.py for tasks to queue
[2021-05-08 01:22:14,700] {logging_mixin.py:104} INFO - [2021-05-08 01:22:14,700] {dagbag.py:451} INFO - Filling up the DagBag from /home/navneetsajwan/airflow/etl/lib/python3.8/site-packages/airflow/example_dags/tutorial_etl_dag.py
[2021-05-08 01:22:14,709] {scheduler_job.py:639} INFO - DAG(s) dict_keys(['tutorial_etl_dag']) retrieved from /home/navneetsajwan/airflow/etl/lib/python3.8/site-packages/airflow/example_dags/tutorial_etl_dag.py
[2021-05-08 01:22:14,731] {logging_mixin.py:104} INFO - [2021-05-08 01:22:14,731] {dag.py:1824} INFO - Sync 1 DAGs
[2021-05-08 01:22:14,750] {logging_mixin.py:104} INFO - [2021-05-08 01:22:14,749] {dag.py:2280} INFO - Setting next_dagrun for tutorial_etl_dag to None
[2021-05-08 01:22:14,862] {scheduler_job.py:190} INFO - Processing /home/navneetsajwan/airflow/etl/lib/python3.8/site-packages/airflow/example_dags/tutorial_etl_dag.py took 0.169 seconds
[2021-05-08 01:22:56,796] {scheduler_job.py:182} INFO - Started process (PID=456175) to work on /home/navneetsajwan/airflow/etl/lib/python3.8/site-packages/airflow/example_dags/tutorial_etl_dag.py
[2021-05-08 01:22:56,798] {scheduler_job.py:629} INFO - Processing file /home/navneetsajwan/airflow/etl/lib/python3.8/site-packages/airflow/example_dags/tutorial_etl_dag.py for tasks to queue
[2021-05-08 01:22:56,800] {logging_mixin.py:104} INFO - [2021-05-08 01:22:56,800] {dagbag.py:451} INFO - Filling up the DagBag from /home/navneetsajwan/airflow/etl/lib/python3.8/site-packages/airflow/example_dags/tutorial_etl_dag.py
[2021-05-08 01:22:56,811] {scheduler_job.py:639} INFO - DAG(s) dict_keys(['tutorial_etl_dag']) retrieved from /home/navneetsajwan/airflow/etl/lib/python3.8/site-packages/airflow/example_dags/tutorial_etl_dag.py
[2021-05-08 01:22:56,838] {logging_mixin.py:104} INFO - [2021-05-08 01:22:56,838] {dag.py:1824} INFO - Sync 1 DAGs
[2021-05-08 01:22:56,856] {logging_mixin.py:104} INFO - [2021-05-08 01:22:56,856] {dag.py:2280} INFO - Setting next_dagrun for tutorial_etl_dag to None
[2021-05-08 01:22:56,941] {scheduler_job.py:190} INFO - Processing /home/navneetsajwan/airflow/etl/lib/python3.8/site-packages/airflow/example_dags/tutorial_etl_dag.py took 0.150 seconds
[2021-05-08 01:23:33,326] {scheduler_job.py:182} INFO - Started process (PID=456662) to work on /home/navneetsajwan/airflow/etl/lib/python3.8/site-packages/airflow/example_dags/tutorial_etl_dag.py
[2021-05-08 01:23:33,332] {scheduler_job.py:629} INFO - Processing file /home/navneetsajwan/airflow/etl/lib/python3.8/site-packages/airflow/example_dags/tutorial_etl_dag.py for tasks to queue
[2021-05-08 01:23:33,333] {logging_mixin.py:104} INFO - [2021-05-08 01:23:33,333] {dagbag.py:451} INFO - Filling up the DagBag from /home/navneetsajwan/airflow/etl/lib/python3.8/site-packages/airflow/example_dags/tutorial_etl_dag.py
[2021-05-08 01:23:33,346] {scheduler_job.py:639} INFO - DAG(s) dict_keys(['tutorial_etl_dag']) retrieved from /home/navneetsajwan/airflow/etl/lib/python3.8/site-packages/airflow/example_dags/tutorial_etl_dag.py
[2021-05-08 01:23:33,371] {logging_mixin.py:104} INFO - [2021-05-08 01:23:33,371] {dag.py:1824} INFO - Sync 1 DAGs
[2021-05-08 01:23:33,398] {logging_mixin.py:104} INFO - [2021-05-08 01:23:33,398] {dag.py:2280} INFO - Setting next_dagrun for tutorial_etl_dag to None
[2021-05-08 01:23:33,513] {scheduler_job.py:190} INFO - Processing /home/navneetsajwan/airflow/etl/lib/python3.8/site-packages/airflow/example_dags/tutorial_etl_dag.py took 0.207 seconds
[2021-05-08 01:24:29,274] {scheduler_job.py:182} INFO - Started process (PID=457776) to work on /home/navneetsajwan/airflow/etl/lib/python3.8/site-packages/airflow/example_dags/tutorial_etl_dag.py
[2021-05-08 01:24:29,276] {scheduler_job.py:629} INFO - Processing file /home/navneetsajwan/airflow/etl/lib/python3.8/site-packages/airflow/example_dags/tutorial_etl_dag.py for tasks to queue
[2021-05-08 01:24:29,277] {logging_mixin.py:104} INFO - [2021-05-08 01:24:29,276] {dagbag.py:451} INFO - Filling up the DagBag from /home/navneetsajwan/airflow/etl/lib/python3.8/site-packages/airflow/example_dags/tutorial_etl_dag.py
[2021-05-08 01:24:29,289] {scheduler_job.py:639} INFO - DAG(s) dict_keys(['tutorial_etl_dag']) retrieved from /home/navneetsajwan/airflow/etl/lib/python3.8/site-packages/airflow/example_dags/tutorial_etl_dag.py
[2021-05-08 01:24:29,339] {logging_mixin.py:104} INFO - [2021-05-08 01:24:29,339] {dag.py:1824} INFO - Sync 1 DAGs
[2021-05-08 01:24:29,361] {logging_mixin.py:104} INFO - [2021-05-08 01:24:29,360] {dag.py:2280} INFO - Setting next_dagrun for tutorial_etl_dag to None
[2021-05-08 01:24:29,594] {scheduler_job.py:190} INFO - Processing /home/navneetsajwan/airflow/etl/lib/python3.8/site-packages/airflow/example_dags/tutorial_etl_dag.py took 0.323 seconds
[2021-05-08 01:25:28,110] {scheduler_job.py:182} INFO - Started process (PID=458757) to work on /home/navneetsajwan/airflow/etl/lib/python3.8/site-packages/airflow/example_dags/tutorial_etl_dag.py
[2021-05-08 01:25:28,125] {scheduler_job.py:629} INFO - Processing file /home/navneetsajwan/airflow/etl/lib/python3.8/site-packages/airflow/example_dags/tutorial_etl_dag.py for tasks to queue
[2021-05-08 01:25:28,126] {logging_mixin.py:104} INFO - [2021-05-08 01:25:28,125] {dagbag.py:451} INFO - Filling up the DagBag from /home/navneetsajwan/airflow/etl/lib/python3.8/site-packages/airflow/example_dags/tutorial_etl_dag.py
[2021-05-08 01:25:28,182] {scheduler_job.py:639} INFO - DAG(s) dict_keys(['tutorial_etl_dag']) retrieved from /home/navneetsajwan/airflow/etl/lib/python3.8/site-packages/airflow/example_dags/tutorial_etl_dag.py
[2021-05-08 01:25:28,384] {logging_mixin.py:104} INFO - [2021-05-08 01:25:28,384] {dag.py:1824} INFO - Sync 1 DAGs
[2021-05-08 01:25:28,641] {logging_mixin.py:104} INFO - [2021-05-08 01:25:28,622] {dag.py:2280} INFO - Setting next_dagrun for tutorial_etl_dag to None
[2021-05-08 01:25:29,632] {scheduler_job.py:190} INFO - Processing /home/navneetsajwan/airflow/etl/lib/python3.8/site-packages/airflow/example_dags/tutorial_etl_dag.py took 1.679 seconds
[2021-05-08 01:26:36,603] {scheduler_job.py:182} INFO - Started process (PID=460003) to work on /home/navneetsajwan/airflow/etl/lib/python3.8/site-packages/airflow/example_dags/tutorial_etl_dag.py
[2021-05-08 01:26:36,613] {scheduler_job.py:629} INFO - Processing file /home/navneetsajwan/airflow/etl/lib/python3.8/site-packages/airflow/example_dags/tutorial_etl_dag.py for tasks to queue
[2021-05-08 01:26:36,614] {logging_mixin.py:104} INFO - [2021-05-08 01:26:36,614] {dagbag.py:451} INFO - Filling up the DagBag from /home/navneetsajwan/airflow/etl/lib/python3.8/site-packages/airflow/example_dags/tutorial_etl_dag.py
[2021-05-08 01:26:36,624] {scheduler_job.py:639} INFO - DAG(s) dict_keys(['tutorial_etl_dag']) retrieved from /home/navneetsajwan/airflow/etl/lib/python3.8/site-packages/airflow/example_dags/tutorial_etl_dag.py
[2021-05-08 01:26:36,646] {logging_mixin.py:104} INFO - [2021-05-08 01:26:36,646] {dag.py:1824} INFO - Sync 1 DAGs
[2021-05-08 01:26:36,658] {logging_mixin.py:104} INFO - [2021-05-08 01:26:36,658] {dag.py:2280} INFO - Setting next_dagrun for tutorial_etl_dag to None
[2021-05-08 01:26:36,769] {scheduler_job.py:190} INFO - Processing /home/navneetsajwan/airflow/etl/lib/python3.8/site-packages/airflow/example_dags/tutorial_etl_dag.py took 0.170 seconds
[2021-05-08 01:27:45,298] {scheduler_job.py:182} INFO - Started process (PID=461287) to work on /home/navneetsajwan/airflow/etl/lib/python3.8/site-packages/airflow/example_dags/tutorial_etl_dag.py
[2021-05-08 01:27:45,300] {scheduler_job.py:629} INFO - Processing file /home/navneetsajwan/airflow/etl/lib/python3.8/site-packages/airflow/example_dags/tutorial_etl_dag.py for tasks to queue
[2021-05-08 01:27:45,301] {logging_mixin.py:104} INFO - [2021-05-08 01:27:45,301] {dagbag.py:451} INFO - Filling up the DagBag from /home/navneetsajwan/airflow/etl/lib/python3.8/site-packages/airflow/example_dags/tutorial_etl_dag.py
[2021-05-08 01:27:45,320] {scheduler_job.py:639} INFO - DAG(s) dict_keys(['tutorial_etl_dag']) retrieved from /home/navneetsajwan/airflow/etl/lib/python3.8/site-packages/airflow/example_dags/tutorial_etl_dag.py
[2021-05-08 01:27:45,342] {logging_mixin.py:104} INFO - [2021-05-08 01:27:45,342] {dag.py:1824} INFO - Sync 1 DAGs
[2021-05-08 01:27:45,377] {logging_mixin.py:104} INFO - [2021-05-08 01:27:45,376] {dag.py:2280} INFO - Setting next_dagrun for tutorial_etl_dag to None
[2021-05-08 01:27:45,851] {scheduler_job.py:190} INFO - Processing /home/navneetsajwan/airflow/etl/lib/python3.8/site-packages/airflow/example_dags/tutorial_etl_dag.py took 0.557 seconds
[2021-05-08 01:29:01,809] {scheduler_job.py:182} INFO - Started process (PID=462548) to work on /home/navneetsajwan/airflow/etl/lib/python3.8/site-packages/airflow/example_dags/tutorial_etl_dag.py
[2021-05-08 01:29:01,812] {scheduler_job.py:629} INFO - Processing file /home/navneetsajwan/airflow/etl/lib/python3.8/site-packages/airflow/example_dags/tutorial_etl_dag.py for tasks to queue
[2021-05-08 01:29:01,815] {logging_mixin.py:104} INFO - [2021-05-08 01:29:01,814] {dagbag.py:451} INFO - Filling up the DagBag from /home/navneetsajwan/airflow/etl/lib/python3.8/site-packages/airflow/example_dags/tutorial_etl_dag.py
[2021-05-08 01:29:01,827] {scheduler_job.py:639} INFO - DAG(s) dict_keys(['tutorial_etl_dag']) retrieved from /home/navneetsajwan/airflow/etl/lib/python3.8/site-packages/airflow/example_dags/tutorial_etl_dag.py
[2021-05-08 01:29:01,859] {logging_mixin.py:104} INFO - [2021-05-08 01:29:01,859] {dag.py:1824} INFO - Sync 1 DAGs
[2021-05-08 01:29:01,899] {logging_mixin.py:104} INFO - [2021-05-08 01:29:01,899] {dag.py:2280} INFO - Setting next_dagrun for tutorial_etl_dag to None
[2021-05-08 01:29:02,052] {scheduler_job.py:190} INFO - Processing /home/navneetsajwan/airflow/etl/lib/python3.8/site-packages/airflow/example_dags/tutorial_etl_dag.py took 0.248 seconds
[2021-05-08 01:30:10,121] {scheduler_job.py:182} INFO - Started process (PID=463854) to work on /home/navneetsajwan/airflow/etl/lib/python3.8/site-packages/airflow/example_dags/tutorial_etl_dag.py
[2021-05-08 01:30:10,123] {scheduler_job.py:629} INFO - Processing file /home/navneetsajwan/airflow/etl/lib/python3.8/site-packages/airflow/example_dags/tutorial_etl_dag.py for tasks to queue
[2021-05-08 01:30:10,124] {logging_mixin.py:104} INFO - [2021-05-08 01:30:10,124] {dagbag.py:451} INFO - Filling up the DagBag from /home/navneetsajwan/airflow/etl/lib/python3.8/site-packages/airflow/example_dags/tutorial_etl_dag.py
[2021-05-08 01:30:10,136] {scheduler_job.py:639} INFO - DAG(s) dict_keys(['tutorial_etl_dag']) retrieved from /home/navneetsajwan/airflow/etl/lib/python3.8/site-packages/airflow/example_dags/tutorial_etl_dag.py
[2021-05-08 01:30:10,152] {logging_mixin.py:104} INFO - [2021-05-08 01:30:10,152] {dag.py:1824} INFO - Sync 1 DAGs
[2021-05-08 01:30:10,165] {logging_mixin.py:104} INFO - [2021-05-08 01:30:10,165] {dag.py:2280} INFO - Setting next_dagrun for tutorial_etl_dag to None
[2021-05-08 01:30:10,267] {scheduler_job.py:190} INFO - Processing /home/navneetsajwan/airflow/etl/lib/python3.8/site-packages/airflow/example_dags/tutorial_etl_dag.py took 0.149 seconds
[2021-05-08 01:31:02,434] {scheduler_job.py:182} INFO - Started process (PID=464608) to work on /home/navneetsajwan/airflow/etl/lib/python3.8/site-packages/airflow/example_dags/tutorial_etl_dag.py
[2021-05-08 01:31:02,436] {scheduler_job.py:629} INFO - Processing file /home/navneetsajwan/airflow/etl/lib/python3.8/site-packages/airflow/example_dags/tutorial_etl_dag.py for tasks to queue
[2021-05-08 01:31:02,437] {logging_mixin.py:104} INFO - [2021-05-08 01:31:02,436] {dagbag.py:451} INFO - Filling up the DagBag from /home/navneetsajwan/airflow/etl/lib/python3.8/site-packages/airflow/example_dags/tutorial_etl_dag.py
[2021-05-08 01:31:02,454] {scheduler_job.py:639} INFO - DAG(s) dict_keys(['tutorial_etl_dag']) retrieved from /home/navneetsajwan/airflow/etl/lib/python3.8/site-packages/airflow/example_dags/tutorial_etl_dag.py
[2021-05-08 01:31:02,483] {logging_mixin.py:104} INFO - [2021-05-08 01:31:02,483] {dag.py:1824} INFO - Sync 1 DAGs
[2021-05-08 01:31:02,536] {logging_mixin.py:104} INFO - [2021-05-08 01:31:02,536] {dag.py:2280} INFO - Setting next_dagrun for tutorial_etl_dag to None
[2021-05-08 01:31:02,662] {scheduler_job.py:190} INFO - Processing /home/navneetsajwan/airflow/etl/lib/python3.8/site-packages/airflow/example_dags/tutorial_etl_dag.py took 0.233 seconds
[2021-05-08 01:32:05,892] {scheduler_job.py:182} INFO - Started process (PID=465876) to work on /home/navneetsajwan/airflow/etl/lib/python3.8/site-packages/airflow/example_dags/tutorial_etl_dag.py
[2021-05-08 01:32:05,931] {scheduler_job.py:629} INFO - Processing file /home/navneetsajwan/airflow/etl/lib/python3.8/site-packages/airflow/example_dags/tutorial_etl_dag.py for tasks to queue
[2021-05-08 01:32:05,940] {logging_mixin.py:104} INFO - [2021-05-08 01:32:05,939] {dagbag.py:451} INFO - Filling up the DagBag from /home/navneetsajwan/airflow/etl/lib/python3.8/site-packages/airflow/example_dags/tutorial_etl_dag.py
[2021-05-08 01:32:05,987] {scheduler_job.py:639} INFO - DAG(s) dict_keys(['tutorial_etl_dag']) retrieved from /home/navneetsajwan/airflow/etl/lib/python3.8/site-packages/airflow/example_dags/tutorial_etl_dag.py
[2021-05-08 01:32:06,116] {logging_mixin.py:104} INFO - [2021-05-08 01:32:06,116] {dag.py:1824} INFO - Sync 1 DAGs
[2021-05-08 01:32:06,215] {logging_mixin.py:104} INFO - [2021-05-08 01:32:06,215] {dag.py:2280} INFO - Setting next_dagrun for tutorial_etl_dag to None
[2021-05-08 01:32:06,356] {scheduler_job.py:190} INFO - Processing /home/navneetsajwan/airflow/etl/lib/python3.8/site-packages/airflow/example_dags/tutorial_etl_dag.py took 0.475 seconds
[2021-05-08 01:33:06,644] {scheduler_job.py:182} INFO - Started process (PID=466759) to work on /home/navneetsajwan/airflow/etl/lib/python3.8/site-packages/airflow/example_dags/tutorial_etl_dag.py
[2021-05-08 01:33:06,650] {scheduler_job.py:629} INFO - Processing file /home/navneetsajwan/airflow/etl/lib/python3.8/site-packages/airflow/example_dags/tutorial_etl_dag.py for tasks to queue
[2021-05-08 01:33:06,655] {logging_mixin.py:104} INFO - [2021-05-08 01:33:06,655] {dagbag.py:451} INFO - Filling up the DagBag from /home/navneetsajwan/airflow/etl/lib/python3.8/site-packages/airflow/example_dags/tutorial_etl_dag.py
[2021-05-08 01:33:06,673] {scheduler_job.py:639} INFO - DAG(s) dict_keys(['tutorial_etl_dag']) retrieved from /home/navneetsajwan/airflow/etl/lib/python3.8/site-packages/airflow/example_dags/tutorial_etl_dag.py
[2021-05-08 01:33:06,699] {logging_mixin.py:104} INFO - [2021-05-08 01:33:06,699] {dag.py:1824} INFO - Sync 1 DAGs
[2021-05-08 01:33:06,742] {logging_mixin.py:104} INFO - [2021-05-08 01:33:06,742] {dag.py:2280} INFO - Setting next_dagrun for tutorial_etl_dag to None
[2021-05-08 01:33:07,070] {scheduler_job.py:190} INFO - Processing /home/navneetsajwan/airflow/etl/lib/python3.8/site-packages/airflow/example_dags/tutorial_etl_dag.py took 0.431 seconds
[2021-05-08 01:34:02,316] {scheduler_job.py:182} INFO - Started process (PID=467857) to work on /home/navneetsajwan/airflow/etl/lib/python3.8/site-packages/airflow/example_dags/tutorial_etl_dag.py
[2021-05-08 01:34:02,318] {scheduler_job.py:629} INFO - Processing file /home/navneetsajwan/airflow/etl/lib/python3.8/site-packages/airflow/example_dags/tutorial_etl_dag.py for tasks to queue
[2021-05-08 01:34:02,319] {logging_mixin.py:104} INFO - [2021-05-08 01:34:02,319] {dagbag.py:451} INFO - Filling up the DagBag from /home/navneetsajwan/airflow/etl/lib/python3.8/site-packages/airflow/example_dags/tutorial_etl_dag.py
[2021-05-08 01:34:02,329] {scheduler_job.py:639} INFO - DAG(s) dict_keys(['tutorial_etl_dag']) retrieved from /home/navneetsajwan/airflow/etl/lib/python3.8/site-packages/airflow/example_dags/tutorial_etl_dag.py
[2021-05-08 01:34:02,346] {logging_mixin.py:104} INFO - [2021-05-08 01:34:02,345] {dag.py:1824} INFO - Sync 1 DAGs
[2021-05-08 01:34:02,358] {logging_mixin.py:104} INFO - [2021-05-08 01:34:02,358] {dag.py:2280} INFO - Setting next_dagrun for tutorial_etl_dag to None
[2021-05-08 01:34:02,492] {scheduler_job.py:190} INFO - Processing /home/navneetsajwan/airflow/etl/lib/python3.8/site-packages/airflow/example_dags/tutorial_etl_dag.py took 0.184 seconds
[2021-05-08 01:34:51,896] {scheduler_job.py:182} INFO - Started process (PID=468579) to work on /home/navneetsajwan/airflow/etl/lib/python3.8/site-packages/airflow/example_dags/tutorial_etl_dag.py
[2021-05-08 01:34:51,899] {scheduler_job.py:629} INFO - Processing file /home/navneetsajwan/airflow/etl/lib/python3.8/site-packages/airflow/example_dags/tutorial_etl_dag.py for tasks to queue
[2021-05-08 01:34:51,900] {logging_mixin.py:104} INFO - [2021-05-08 01:34:51,900] {dagbag.py:451} INFO - Filling up the DagBag from /home/navneetsajwan/airflow/etl/lib/python3.8/site-packages/airflow/example_dags/tutorial_etl_dag.py
[2021-05-08 01:34:51,913] {scheduler_job.py:639} INFO - DAG(s) dict_keys(['tutorial_etl_dag']) retrieved from /home/navneetsajwan/airflow/etl/lib/python3.8/site-packages/airflow/example_dags/tutorial_etl_dag.py
[2021-05-08 01:34:51,939] {logging_mixin.py:104} INFO - [2021-05-08 01:34:51,939] {dag.py:1824} INFO - Sync 1 DAGs
[2021-05-08 01:34:51,958] {logging_mixin.py:104} INFO - [2021-05-08 01:34:51,958] {dag.py:2280} INFO - Setting next_dagrun for tutorial_etl_dag to None
[2021-05-08 01:34:52,576] {scheduler_job.py:190} INFO - Processing /home/navneetsajwan/airflow/etl/lib/python3.8/site-packages/airflow/example_dags/tutorial_etl_dag.py took 0.688 seconds
[2021-05-08 01:35:46,382] {scheduler_job.py:182} INFO - Started process (PID=469696) to work on /home/navneetsajwan/airflow/etl/lib/python3.8/site-packages/airflow/example_dags/tutorial_etl_dag.py
[2021-05-08 01:35:46,383] {scheduler_job.py:629} INFO - Processing file /home/navneetsajwan/airflow/etl/lib/python3.8/site-packages/airflow/example_dags/tutorial_etl_dag.py for tasks to queue
[2021-05-08 01:35:46,384] {logging_mixin.py:104} INFO - [2021-05-08 01:35:46,384] {dagbag.py:451} INFO - Filling up the DagBag from /home/navneetsajwan/airflow/etl/lib/python3.8/site-packages/airflow/example_dags/tutorial_etl_dag.py
[2021-05-08 01:35:46,401] {scheduler_job.py:639} INFO - DAG(s) dict_keys(['tutorial_etl_dag']) retrieved from /home/navneetsajwan/airflow/etl/lib/python3.8/site-packages/airflow/example_dags/tutorial_etl_dag.py
[2021-05-08 01:35:46,418] {logging_mixin.py:104} INFO - [2021-05-08 01:35:46,418] {dag.py:1824} INFO - Sync 1 DAGs
[2021-05-08 01:35:46,431] {logging_mixin.py:104} INFO - [2021-05-08 01:35:46,430] {dag.py:2280} INFO - Setting next_dagrun for tutorial_etl_dag to None
[2021-05-08 01:35:46,563] {scheduler_job.py:190} INFO - Processing /home/navneetsajwan/airflow/etl/lib/python3.8/site-packages/airflow/example_dags/tutorial_etl_dag.py took 0.185 seconds
[2021-05-08 01:36:42,821] {scheduler_job.py:182} INFO - Started process (PID=470609) to work on /home/navneetsajwan/airflow/etl/lib/python3.8/site-packages/airflow/example_dags/tutorial_etl_dag.py
[2021-05-08 01:36:42,824] {scheduler_job.py:629} INFO - Processing file /home/navneetsajwan/airflow/etl/lib/python3.8/site-packages/airflow/example_dags/tutorial_etl_dag.py for tasks to queue
[2021-05-08 01:36:42,826] {logging_mixin.py:104} INFO - [2021-05-08 01:36:42,826] {dagbag.py:451} INFO - Filling up the DagBag from /home/navneetsajwan/airflow/etl/lib/python3.8/site-packages/airflow/example_dags/tutorial_etl_dag.py
[2021-05-08 01:36:42,850] {scheduler_job.py:639} INFO - DAG(s) dict_keys(['tutorial_etl_dag']) retrieved from /home/navneetsajwan/airflow/etl/lib/python3.8/site-packages/airflow/example_dags/tutorial_etl_dag.py
[2021-05-08 01:36:42,872] {logging_mixin.py:104} INFO - [2021-05-08 01:36:42,872] {dag.py:1824} INFO - Sync 1 DAGs
[2021-05-08 01:36:42,892] {logging_mixin.py:104} INFO - [2021-05-08 01:36:42,892] {dag.py:2280} INFO - Setting next_dagrun for tutorial_etl_dag to None
[2021-05-08 01:36:43,771] {scheduler_job.py:190} INFO - Processing /home/navneetsajwan/airflow/etl/lib/python3.8/site-packages/airflow/example_dags/tutorial_etl_dag.py took 0.957 seconds
[2021-05-08 01:37:38,764] {scheduler_job.py:182} INFO - Started process (PID=471643) to work on /home/navneetsajwan/airflow/etl/lib/python3.8/site-packages/airflow/example_dags/tutorial_etl_dag.py
[2021-05-08 01:37:38,769] {scheduler_job.py:629} INFO - Processing file /home/navneetsajwan/airflow/etl/lib/python3.8/site-packages/airflow/example_dags/tutorial_etl_dag.py for tasks to queue
[2021-05-08 01:37:38,770] {logging_mixin.py:104} INFO - [2021-05-08 01:37:38,770] {dagbag.py:451} INFO - Filling up the DagBag from /home/navneetsajwan/airflow/etl/lib/python3.8/site-packages/airflow/example_dags/tutorial_etl_dag.py
[2021-05-08 01:37:38,810] {scheduler_job.py:639} INFO - DAG(s) dict_keys(['tutorial_etl_dag']) retrieved from /home/navneetsajwan/airflow/etl/lib/python3.8/site-packages/airflow/example_dags/tutorial_etl_dag.py
[2021-05-08 01:37:38,891] {logging_mixin.py:104} INFO - [2021-05-08 01:37:38,891] {dag.py:1824} INFO - Sync 1 DAGs
[2021-05-08 01:37:38,929] {logging_mixin.py:104} INFO - [2021-05-08 01:37:38,929] {dag.py:2280} INFO - Setting next_dagrun for tutorial_etl_dag to None
[2021-05-08 01:37:39,138] {scheduler_job.py:190} INFO - Processing /home/navneetsajwan/airflow/etl/lib/python3.8/site-packages/airflow/example_dags/tutorial_etl_dag.py took 0.391 seconds
