[2021-05-08 01:24:16,482] {scheduler_job.py:182} INFO - Started process (PID=457608) to work on /home/navneetsajwan/airflow/dags/my_dag.py
[2021-05-08 01:24:16,484] {scheduler_job.py:629} INFO - Processing file /home/navneetsajwan/airflow/dags/my_dag.py for tasks to queue
[2021-05-08 01:24:16,485] {logging_mixin.py:104} INFO - [2021-05-08 01:24:16,485] {dagbag.py:451} INFO - Filling up the DagBag from /home/navneetsajwan/airflow/dags/my_dag.py
[2021-05-08 01:24:16,504] {scheduler_job.py:639} INFO - DAG(s) dict_keys(['MY_DAG']) retrieved from /home/navneetsajwan/airflow/dags/my_dag.py
[2021-05-08 01:24:16,532] {logging_mixin.py:104} INFO - [2021-05-08 01:24:16,532] {dag.py:1824} INFO - Sync 1 DAGs
[2021-05-08 01:24:16,544] {logging_mixin.py:104} INFO - [2021-05-08 01:24:16,543] {dag.py:1843} INFO - Creating ORM DAG for MY_DAG
[2021-05-08 01:24:16,579] {logging_mixin.py:104} INFO - [2021-05-08 01:24:16,579] {dag.py:2280} INFO - Setting next_dagrun for MY_DAG to 2021-05-06 00:00:00+00:00
[2021-05-08 01:24:16,781] {scheduler_job.py:190} INFO - Processing /home/navneetsajwan/airflow/dags/my_dag.py took 0.304 seconds
[2021-05-08 01:24:57,353] {scheduler_job.py:182} INFO - Started process (PID=458267) to work on /home/navneetsajwan/airflow/dags/my_dag.py
[2021-05-08 01:24:57,363] {scheduler_job.py:629} INFO - Processing file /home/navneetsajwan/airflow/dags/my_dag.py for tasks to queue
[2021-05-08 01:24:57,364] {logging_mixin.py:104} INFO - [2021-05-08 01:24:57,364] {dagbag.py:451} INFO - Filling up the DagBag from /home/navneetsajwan/airflow/dags/my_dag.py
[2021-05-08 01:24:57,431] {scheduler_job.py:639} INFO - DAG(s) dict_keys(['MY_DAG']) retrieved from /home/navneetsajwan/airflow/dags/my_dag.py
[2021-05-08 01:24:57,504] {logging_mixin.py:104} INFO - [2021-05-08 01:24:57,504] {dag.py:1824} INFO - Sync 1 DAGs
[2021-05-08 01:24:57,565] {logging_mixin.py:104} INFO - [2021-05-08 01:24:57,564] {dag.py:2280} INFO - Setting next_dagrun for MY_DAG to 2021-05-06 00:00:00+00:00
[2021-05-08 01:24:57,730] {scheduler_job.py:190} INFO - Processing /home/navneetsajwan/airflow/dags/my_dag.py took 0.389 seconds
[2021-05-08 01:25:44,072] {scheduler_job.py:182} INFO - Started process (PID=459012) to work on /home/navneetsajwan/airflow/dags/my_dag.py
[2021-05-08 01:25:44,083] {scheduler_job.py:629} INFO - Processing file /home/navneetsajwan/airflow/dags/my_dag.py for tasks to queue
[2021-05-08 01:25:44,084] {logging_mixin.py:104} INFO - [2021-05-08 01:25:44,084] {dagbag.py:451} INFO - Filling up the DagBag from /home/navneetsajwan/airflow/dags/my_dag.py
[2021-05-08 01:25:44,160] {scheduler_job.py:639} INFO - DAG(s) dict_keys(['MY_DAG']) retrieved from /home/navneetsajwan/airflow/dags/my_dag.py
[2021-05-08 01:25:44,261] {logging_mixin.py:104} INFO - [2021-05-08 01:25:44,260] {dag.py:1824} INFO - Sync 1 DAGs
[2021-05-08 01:25:44,582] {logging_mixin.py:104} INFO - [2021-05-08 01:25:44,581] {dag.py:2280} INFO - Setting next_dagrun for MY_DAG to 2021-05-06 00:00:00+00:00
[2021-05-08 01:25:44,760] {scheduler_job.py:190} INFO - Processing /home/navneetsajwan/airflow/dags/my_dag.py took 0.717 seconds
[2021-05-08 01:26:42,134] {scheduler_job.py:182} INFO - Started process (PID=460089) to work on /home/navneetsajwan/airflow/dags/my_dag.py
[2021-05-08 01:26:42,139] {scheduler_job.py:629} INFO - Processing file /home/navneetsajwan/airflow/dags/my_dag.py for tasks to queue
[2021-05-08 01:26:42,142] {logging_mixin.py:104} INFO - [2021-05-08 01:26:42,141] {dagbag.py:451} INFO - Filling up the DagBag from /home/navneetsajwan/airflow/dags/my_dag.py
[2021-05-08 01:26:42,159] {scheduler_job.py:639} INFO - DAG(s) dict_keys(['MY_DAG']) retrieved from /home/navneetsajwan/airflow/dags/my_dag.py
[2021-05-08 01:26:42,184] {logging_mixin.py:104} INFO - [2021-05-08 01:26:42,184] {dag.py:1824} INFO - Sync 1 DAGs
[2021-05-08 01:26:42,385] {logging_mixin.py:104} INFO - [2021-05-08 01:26:42,385] {dag.py:2280} INFO - Setting next_dagrun for MY_DAG to 2021-05-06 00:00:00+00:00
[2021-05-08 01:26:42,503] {scheduler_job.py:190} INFO - Processing /home/navneetsajwan/airflow/dags/my_dag.py took 0.377 seconds
[2021-05-08 01:27:34,319] {scheduler_job.py:182} INFO - Started process (PID=460998) to work on /home/navneetsajwan/airflow/dags/my_dag.py
[2021-05-08 01:27:34,322] {scheduler_job.py:629} INFO - Processing file /home/navneetsajwan/airflow/dags/my_dag.py for tasks to queue
[2021-05-08 01:27:34,326] {logging_mixin.py:104} INFO - [2021-05-08 01:27:34,326] {dagbag.py:451} INFO - Filling up the DagBag from /home/navneetsajwan/airflow/dags/my_dag.py
[2021-05-08 01:27:34,349] {scheduler_job.py:639} INFO - DAG(s) dict_keys(['MY_DAG']) retrieved from /home/navneetsajwan/airflow/dags/my_dag.py
[2021-05-08 01:27:34,388] {logging_mixin.py:104} INFO - [2021-05-08 01:27:34,387] {dag.py:1824} INFO - Sync 1 DAGs
[2021-05-08 01:27:34,465] {logging_mixin.py:104} INFO - [2021-05-08 01:27:34,465] {dag.py:2280} INFO - Setting next_dagrun for MY_DAG to 2021-05-06 00:00:00+00:00
[2021-05-08 01:27:34,644] {scheduler_job.py:190} INFO - Processing /home/navneetsajwan/airflow/dags/my_dag.py took 0.333 seconds
[2021-05-08 01:28:21,583] {scheduler_job.py:182} INFO - Started process (PID=461991) to work on /home/navneetsajwan/airflow/dags/my_dag.py
[2021-05-08 01:28:21,585] {scheduler_job.py:629} INFO - Processing file /home/navneetsajwan/airflow/dags/my_dag.py for tasks to queue
[2021-05-08 01:28:21,588] {logging_mixin.py:104} INFO - [2021-05-08 01:28:21,587] {dagbag.py:451} INFO - Filling up the DagBag from /home/navneetsajwan/airflow/dags/my_dag.py
[2021-05-08 01:28:21,607] {scheduler_job.py:639} INFO - DAG(s) dict_keys(['MY_DAG']) retrieved from /home/navneetsajwan/airflow/dags/my_dag.py
[2021-05-08 01:28:21,635] {logging_mixin.py:104} INFO - [2021-05-08 01:28:21,634] {dag.py:1824} INFO - Sync 1 DAGs
[2021-05-08 01:28:21,679] {logging_mixin.py:104} INFO - [2021-05-08 01:28:21,679] {dag.py:2280} INFO - Setting next_dagrun for MY_DAG to 2021-05-06 00:00:00+00:00
[2021-05-08 01:28:21,813] {scheduler_job.py:190} INFO - Processing /home/navneetsajwan/airflow/dags/my_dag.py took 0.234 seconds
[2021-05-08 01:29:09,152] {scheduler_job.py:182} INFO - Started process (PID=462653) to work on /home/navneetsajwan/airflow/dags/my_dag.py
[2021-05-08 01:29:09,168] {scheduler_job.py:629} INFO - Processing file /home/navneetsajwan/airflow/dags/my_dag.py for tasks to queue
[2021-05-08 01:29:09,169] {logging_mixin.py:104} INFO - [2021-05-08 01:29:09,169] {dagbag.py:451} INFO - Filling up the DagBag from /home/navneetsajwan/airflow/dags/my_dag.py
[2021-05-08 01:29:09,215] {scheduler_job.py:639} INFO - DAG(s) dict_keys(['MY_DAG']) retrieved from /home/navneetsajwan/airflow/dags/my_dag.py
[2021-05-08 01:29:09,279] {logging_mixin.py:104} INFO - [2021-05-08 01:29:09,278] {dag.py:1824} INFO - Sync 1 DAGs
[2021-05-08 01:29:09,325] {logging_mixin.py:104} INFO - [2021-05-08 01:29:09,325] {dag.py:2280} INFO - Setting next_dagrun for MY_DAG to 2021-05-06 00:00:00+00:00
[2021-05-08 01:29:09,539] {scheduler_job.py:190} INFO - Processing /home/navneetsajwan/airflow/dags/my_dag.py took 0.415 seconds
[2021-05-08 01:29:56,229] {scheduler_job.py:182} INFO - Started process (PID=463664) to work on /home/navneetsajwan/airflow/dags/my_dag.py
[2021-05-08 01:29:56,234] {scheduler_job.py:629} INFO - Processing file /home/navneetsajwan/airflow/dags/my_dag.py for tasks to queue
[2021-05-08 01:29:56,235] {logging_mixin.py:104} INFO - [2021-05-08 01:29:56,235] {dagbag.py:451} INFO - Filling up the DagBag from /home/navneetsajwan/airflow/dags/my_dag.py
[2021-05-08 01:29:56,261] {scheduler_job.py:639} INFO - DAG(s) dict_keys(['MY_DAG']) retrieved from /home/navneetsajwan/airflow/dags/my_dag.py
[2021-05-08 01:29:56,286] {logging_mixin.py:104} INFO - [2021-05-08 01:29:56,286] {dag.py:1824} INFO - Sync 1 DAGs
[2021-05-08 01:29:56,324] {logging_mixin.py:104} INFO - [2021-05-08 01:29:56,324] {dag.py:2280} INFO - Setting next_dagrun for MY_DAG to 2021-05-06 00:00:00+00:00
[2021-05-08 01:29:56,402] {scheduler_job.py:190} INFO - Processing /home/navneetsajwan/airflow/dags/my_dag.py took 0.178 seconds
[2021-05-08 01:30:41,980] {scheduler_job.py:182} INFO - Started process (PID=464298) to work on /home/navneetsajwan/airflow/dags/my_dag.py
[2021-05-08 01:30:41,982] {scheduler_job.py:629} INFO - Processing file /home/navneetsajwan/airflow/dags/my_dag.py for tasks to queue
[2021-05-08 01:30:41,983] {logging_mixin.py:104} INFO - [2021-05-08 01:30:41,983] {dagbag.py:451} INFO - Filling up the DagBag from /home/navneetsajwan/airflow/dags/my_dag.py
[2021-05-08 01:30:42,001] {scheduler_job.py:639} INFO - DAG(s) dict_keys(['MY_DAG']) retrieved from /home/navneetsajwan/airflow/dags/my_dag.py
[2021-05-08 01:30:42,017] {logging_mixin.py:104} INFO - [2021-05-08 01:30:42,017] {dag.py:1824} INFO - Sync 1 DAGs
[2021-05-08 01:30:42,043] {logging_mixin.py:104} INFO - [2021-05-08 01:30:42,042] {dag.py:2280} INFO - Setting next_dagrun for MY_DAG to 2021-05-06 00:00:00+00:00
[2021-05-08 01:30:42,160] {scheduler_job.py:190} INFO - Processing /home/navneetsajwan/airflow/dags/my_dag.py took 0.184 seconds
[2021-05-08 01:31:42,473] {scheduler_job.py:182} INFO - Started process (PID=465540) to work on /home/navneetsajwan/airflow/dags/my_dag.py
[2021-05-08 01:31:42,483] {scheduler_job.py:629} INFO - Processing file /home/navneetsajwan/airflow/dags/my_dag.py for tasks to queue
[2021-05-08 01:31:42,486] {logging_mixin.py:104} INFO - [2021-05-08 01:31:42,485] {dagbag.py:451} INFO - Filling up the DagBag from /home/navneetsajwan/airflow/dags/my_dag.py
[2021-05-08 01:31:42,505] {scheduler_job.py:639} INFO - DAG(s) dict_keys(['MY_DAG']) retrieved from /home/navneetsajwan/airflow/dags/my_dag.py
[2021-05-08 01:31:42,535] {logging_mixin.py:104} INFO - [2021-05-08 01:31:42,534] {dag.py:1824} INFO - Sync 1 DAGs
[2021-05-08 01:31:42,587] {logging_mixin.py:104} INFO - [2021-05-08 01:31:42,587] {dag.py:2280} INFO - Setting next_dagrun for MY_DAG to 2021-05-06 00:00:00+00:00
[2021-05-08 01:31:42,707] {scheduler_job.py:190} INFO - Processing /home/navneetsajwan/airflow/dags/my_dag.py took 0.240 seconds
[2021-05-08 01:32:42,446] {scheduler_job.py:182} INFO - Started process (PID=466438) to work on /home/navneetsajwan/airflow/dags/my_dag.py
[2021-05-08 01:32:42,447] {scheduler_job.py:629} INFO - Processing file /home/navneetsajwan/airflow/dags/my_dag.py for tasks to queue
[2021-05-08 01:32:42,448] {logging_mixin.py:104} INFO - [2021-05-08 01:32:42,448] {dagbag.py:451} INFO - Filling up the DagBag from /home/navneetsajwan/airflow/dags/my_dag.py
[2021-05-08 01:32:42,459] {scheduler_job.py:639} INFO - DAG(s) dict_keys(['MY_DAG']) retrieved from /home/navneetsajwan/airflow/dags/my_dag.py
[2021-05-08 01:32:42,475] {logging_mixin.py:104} INFO - [2021-05-08 01:32:42,475] {dag.py:1824} INFO - Sync 1 DAGs
[2021-05-08 01:32:42,504] {logging_mixin.py:104} INFO - [2021-05-08 01:32:42,504] {dag.py:2280} INFO - Setting next_dagrun for MY_DAG to 2021-05-06 00:00:00+00:00
[2021-05-08 01:32:42,597] {scheduler_job.py:190} INFO - Processing /home/navneetsajwan/airflow/dags/my_dag.py took 0.154 seconds
[2021-05-08 01:33:42,735] {scheduler_job.py:182} INFO - Started process (PID=467575) to work on /home/navneetsajwan/airflow/dags/my_dag.py
[2021-05-08 01:33:42,737] {scheduler_job.py:629} INFO - Processing file /home/navneetsajwan/airflow/dags/my_dag.py for tasks to queue
[2021-05-08 01:33:42,738] {logging_mixin.py:104} INFO - [2021-05-08 01:33:42,738] {dagbag.py:451} INFO - Filling up the DagBag from /home/navneetsajwan/airflow/dags/my_dag.py
[2021-05-08 01:33:42,756] {scheduler_job.py:639} INFO - DAG(s) dict_keys(['MY_DAG']) retrieved from /home/navneetsajwan/airflow/dags/my_dag.py
[2021-05-08 01:33:42,775] {logging_mixin.py:104} INFO - [2021-05-08 01:33:42,774] {dag.py:1824} INFO - Sync 1 DAGs
[2021-05-08 01:33:42,824] {logging_mixin.py:104} INFO - [2021-05-08 01:33:42,824] {dag.py:2280} INFO - Setting next_dagrun for MY_DAG to 2021-05-06 00:00:00+00:00
[2021-05-08 01:33:42,934] {scheduler_job.py:190} INFO - Processing /home/navneetsajwan/airflow/dags/my_dag.py took 0.203 seconds
[2021-05-08 01:34:28,199] {scheduler_job.py:182} INFO - Started process (PID=468221) to work on /home/navneetsajwan/airflow/dags/my_dag.py
[2021-05-08 01:34:28,201] {scheduler_job.py:629} INFO - Processing file /home/navneetsajwan/airflow/dags/my_dag.py for tasks to queue
[2021-05-08 01:34:28,202] {logging_mixin.py:104} INFO - [2021-05-08 01:34:28,202] {dagbag.py:451} INFO - Filling up the DagBag from /home/navneetsajwan/airflow/dags/my_dag.py
[2021-05-08 01:34:28,219] {scheduler_job.py:639} INFO - DAG(s) dict_keys(['MY_DAG']) retrieved from /home/navneetsajwan/airflow/dags/my_dag.py
[2021-05-08 01:34:28,242] {logging_mixin.py:104} INFO - [2021-05-08 01:34:28,242] {dag.py:1824} INFO - Sync 1 DAGs
[2021-05-08 01:34:28,288] {logging_mixin.py:104} INFO - [2021-05-08 01:34:28,288] {dag.py:2280} INFO - Setting next_dagrun for MY_DAG to 2021-05-06 00:00:00+00:00
[2021-05-08 01:34:28,420] {scheduler_job.py:190} INFO - Processing /home/navneetsajwan/airflow/dags/my_dag.py took 0.222 seconds
[2021-05-08 01:35:26,398] {scheduler_job.py:182} INFO - Started process (PID=469411) to work on /home/navneetsajwan/airflow/dags/my_dag.py
[2021-05-08 01:35:26,401] {scheduler_job.py:629} INFO - Processing file /home/navneetsajwan/airflow/dags/my_dag.py for tasks to queue
[2021-05-08 01:35:26,404] {logging_mixin.py:104} INFO - [2021-05-08 01:35:26,404] {dagbag.py:451} INFO - Filling up the DagBag from /home/navneetsajwan/airflow/dags/my_dag.py
[2021-05-08 01:35:26,425] {scheduler_job.py:639} INFO - DAG(s) dict_keys(['MY_DAG']) retrieved from /home/navneetsajwan/airflow/dags/my_dag.py
[2021-05-08 01:35:26,468] {logging_mixin.py:104} INFO - [2021-05-08 01:35:26,468] {dag.py:1824} INFO - Sync 1 DAGs
[2021-05-08 01:35:26,505] {logging_mixin.py:104} INFO - [2021-05-08 01:35:26,504] {dag.py:2280} INFO - Setting next_dagrun for MY_DAG to 2021-05-06 00:00:00+00:00
[2021-05-08 01:35:26,595] {scheduler_job.py:190} INFO - Processing /home/navneetsajwan/airflow/dags/my_dag.py took 0.202 seconds
[2021-05-08 01:36:17,169] {scheduler_job.py:182} INFO - Started process (PID=470139) to work on /home/navneetsajwan/airflow/dags/my_dag.py
[2021-05-08 01:36:17,172] {scheduler_job.py:629} INFO - Processing file /home/navneetsajwan/airflow/dags/my_dag.py for tasks to queue
[2021-05-08 01:36:17,174] {logging_mixin.py:104} INFO - [2021-05-08 01:36:17,174] {dagbag.py:451} INFO - Filling up the DagBag from /home/navneetsajwan/airflow/dags/my_dag.py
[2021-05-08 01:36:17,190] {scheduler_job.py:639} INFO - DAG(s) dict_keys(['MY_DAG']) retrieved from /home/navneetsajwan/airflow/dags/my_dag.py
[2021-05-08 01:36:17,208] {logging_mixin.py:104} INFO - [2021-05-08 01:36:17,207] {dag.py:1824} INFO - Sync 1 DAGs
[2021-05-08 01:36:17,253] {logging_mixin.py:104} INFO - [2021-05-08 01:36:17,253] {dag.py:2280} INFO - Setting next_dagrun for MY_DAG to 2021-05-06 00:00:00+00:00
[2021-05-08 01:36:17,375] {scheduler_job.py:190} INFO - Processing /home/navneetsajwan/airflow/dags/my_dag.py took 0.210 seconds
[2021-05-08 01:37:15,838] {scheduler_job.py:182} INFO - Started process (PID=471281) to work on /home/navneetsajwan/airflow/dags/my_dag.py
[2021-05-08 01:37:15,840] {scheduler_job.py:629} INFO - Processing file /home/navneetsajwan/airflow/dags/my_dag.py for tasks to queue
[2021-05-08 01:37:15,841] {logging_mixin.py:104} INFO - [2021-05-08 01:37:15,841] {dagbag.py:451} INFO - Filling up the DagBag from /home/navneetsajwan/airflow/dags/my_dag.py
[2021-05-08 01:37:15,854] {scheduler_job.py:639} INFO - DAG(s) dict_keys(['MY_DAG']) retrieved from /home/navneetsajwan/airflow/dags/my_dag.py
[2021-05-08 01:37:15,870] {logging_mixin.py:104} INFO - [2021-05-08 01:37:15,870] {dag.py:1824} INFO - Sync 1 DAGs
[2021-05-08 01:37:15,910] {logging_mixin.py:104} INFO - [2021-05-08 01:37:15,909] {dag.py:2280} INFO - Setting next_dagrun for MY_DAG to 2021-05-06 00:00:00+00:00
[2021-05-08 01:37:16,034] {scheduler_job.py:190} INFO - Processing /home/navneetsajwan/airflow/dags/my_dag.py took 0.200 seconds
[2021-05-08 01:38:01,509] {scheduler_job.py:182} INFO - Started process (PID=471968) to work on /home/navneetsajwan/airflow/dags/my_dag.py
[2021-05-08 01:38:01,511] {scheduler_job.py:629} INFO - Processing file /home/navneetsajwan/airflow/dags/my_dag.py for tasks to queue
[2021-05-08 01:38:01,512] {logging_mixin.py:104} INFO - [2021-05-08 01:38:01,512] {dagbag.py:451} INFO - Filling up the DagBag from /home/navneetsajwan/airflow/dags/my_dag.py
[2021-05-08 01:38:01,535] {scheduler_job.py:639} INFO - DAG(s) dict_keys(['MY_DAG']) retrieved from /home/navneetsajwan/airflow/dags/my_dag.py
[2021-05-08 01:38:01,578] {logging_mixin.py:104} INFO - [2021-05-08 01:38:01,578] {dag.py:1824} INFO - Sync 1 DAGs
[2021-05-08 01:38:01,630] {logging_mixin.py:104} INFO - [2021-05-08 01:38:01,630] {dag.py:2280} INFO - Setting next_dagrun for MY_DAG to 2021-05-06 00:00:00+00:00
[2021-05-08 01:38:01,737] {scheduler_job.py:190} INFO - Processing /home/navneetsajwan/airflow/dags/my_dag.py took 0.234 seconds
