[2021-05-08 01:24:21,533] {scheduler_job.py:182} INFO - Started process (PID=457676) to work on /home/navneetsajwan/airflow/dags/sample_dag.py
[2021-05-08 01:24:21,535] {scheduler_job.py:629} INFO - Processing file /home/navneetsajwan/airflow/dags/sample_dag.py for tasks to queue
[2021-05-08 01:24:21,539] {logging_mixin.py:104} INFO - [2021-05-08 01:24:21,538] {dagbag.py:451} INFO - Filling up the DagBag from /home/navneetsajwan/airflow/dags/sample_dag.py
[2021-05-08 01:24:22,142] {scheduler_job.py:639} INFO - DAG(s) dict_keys(['sample_dag']) retrieved from /home/navneetsajwan/airflow/dags/sample_dag.py
[2021-05-08 01:24:22,163] {logging_mixin.py:104} INFO - [2021-05-08 01:24:22,162] {dag.py:1824} INFO - Sync 1 DAGs
[2021-05-08 01:24:22,171] {logging_mixin.py:104} INFO - [2021-05-08 01:24:22,171] {dag.py:1843} INFO - Creating ORM DAG for sample_dag
[2021-05-08 01:24:22,185] {logging_mixin.py:104} INFO - [2021-05-08 01:24:22,185] {dag.py:2280} INFO - Setting next_dagrun for sample_dag to 2021-05-06T00:00:00+00:00
[2021-05-08 01:24:22,391] {scheduler_job.py:190} INFO - Processing /home/navneetsajwan/airflow/dags/sample_dag.py took 0.864 seconds
[2021-05-08 01:25:19,357] {scheduler_job.py:182} INFO - Started process (PID=458677) to work on /home/navneetsajwan/airflow/dags/sample_dag.py
[2021-05-08 01:25:19,359] {scheduler_job.py:629} INFO - Processing file /home/navneetsajwan/airflow/dags/sample_dag.py for tasks to queue
[2021-05-08 01:25:19,360] {logging_mixin.py:104} INFO - [2021-05-08 01:25:19,360] {dagbag.py:451} INFO - Filling up the DagBag from /home/navneetsajwan/airflow/dags/sample_dag.py
[2021-05-08 01:25:20,974] {scheduler_job.py:639} INFO - DAG(s) dict_keys(['sample_dag']) retrieved from /home/navneetsajwan/airflow/dags/sample_dag.py
[2021-05-08 01:25:21,040] {logging_mixin.py:104} INFO - [2021-05-08 01:25:21,033] {dag.py:1824} INFO - Sync 1 DAGs
[2021-05-08 01:25:21,141] {logging_mixin.py:104} INFO - [2021-05-08 01:25:21,140] {dag.py:2280} INFO - Setting next_dagrun for sample_dag to 2021-05-06T00:00:00+00:00
[2021-05-08 01:25:21,295] {scheduler_job.py:190} INFO - Processing /home/navneetsajwan/airflow/dags/sample_dag.py took 1.954 seconds
[2021-05-08 01:26:29,153] {scheduler_job.py:182} INFO - Started process (PID=459916) to work on /home/navneetsajwan/airflow/dags/sample_dag.py
[2021-05-08 01:26:29,166] {scheduler_job.py:629} INFO - Processing file /home/navneetsajwan/airflow/dags/sample_dag.py for tasks to queue
[2021-05-08 01:26:29,169] {logging_mixin.py:104} INFO - [2021-05-08 01:26:29,167] {dagbag.py:451} INFO - Filling up the DagBag from /home/navneetsajwan/airflow/dags/sample_dag.py
[2021-05-08 01:26:30,544] {scheduler_job.py:639} INFO - DAG(s) dict_keys(['sample_dag']) retrieved from /home/navneetsajwan/airflow/dags/sample_dag.py
[2021-05-08 01:26:30,561] {logging_mixin.py:104} INFO - [2021-05-08 01:26:30,561] {dag.py:1824} INFO - Sync 1 DAGs
[2021-05-08 01:26:30,582] {logging_mixin.py:104} INFO - [2021-05-08 01:26:30,582] {dag.py:2280} INFO - Setting next_dagrun for sample_dag to 2021-05-06T00:00:00+00:00
[2021-05-08 01:26:30,724] {scheduler_job.py:190} INFO - Processing /home/navneetsajwan/airflow/dags/sample_dag.py took 1.580 seconds
[2021-05-08 01:27:15,947] {scheduler_job.py:182} INFO - Started process (PID=460725) to work on /home/navneetsajwan/airflow/dags/sample_dag.py
[2021-05-08 01:27:15,961] {scheduler_job.py:629} INFO - Processing file /home/navneetsajwan/airflow/dags/sample_dag.py for tasks to queue
[2021-05-08 01:27:15,973] {logging_mixin.py:104} INFO - [2021-05-08 01:27:15,972] {dagbag.py:451} INFO - Filling up the DagBag from /home/navneetsajwan/airflow/dags/sample_dag.py
[2021-05-08 01:27:17,371] {scheduler_job.py:639} INFO - DAG(s) dict_keys(['sample_dag']) retrieved from /home/navneetsajwan/airflow/dags/sample_dag.py
[2021-05-08 01:27:17,466] {logging_mixin.py:104} INFO - [2021-05-08 01:27:17,460] {dag.py:1824} INFO - Sync 1 DAGs
[2021-05-08 01:27:17,517] {logging_mixin.py:104} INFO - [2021-05-08 01:27:17,517] {dag.py:2280} INFO - Setting next_dagrun for sample_dag to 2021-05-06T00:00:00+00:00
[2021-05-08 01:27:17,636] {scheduler_job.py:190} INFO - Processing /home/navneetsajwan/airflow/dags/sample_dag.py took 1.709 seconds
[2021-05-08 01:28:23,047] {scheduler_job.py:182} INFO - Started process (PID=462013) to work on /home/navneetsajwan/airflow/dags/sample_dag.py
[2021-05-08 01:28:23,060] {scheduler_job.py:629} INFO - Processing file /home/navneetsajwan/airflow/dags/sample_dag.py for tasks to queue
[2021-05-08 01:28:23,081] {logging_mixin.py:104} INFO - [2021-05-08 01:28:23,081] {dagbag.py:451} INFO - Filling up the DagBag from /home/navneetsajwan/airflow/dags/sample_dag.py
[2021-05-08 01:28:24,971] {scheduler_job.py:639} INFO - DAG(s) dict_keys(['sample_dag']) retrieved from /home/navneetsajwan/airflow/dags/sample_dag.py
[2021-05-08 01:28:24,997] {logging_mixin.py:104} INFO - [2021-05-08 01:28:24,996] {dag.py:1824} INFO - Sync 1 DAGs
[2021-05-08 01:28:25,046] {logging_mixin.py:104} INFO - [2021-05-08 01:28:25,046] {dag.py:2280} INFO - Setting next_dagrun for sample_dag to 2021-05-06T00:00:00+00:00
[2021-05-08 01:28:25,228] {scheduler_job.py:190} INFO - Processing /home/navneetsajwan/airflow/dags/sample_dag.py took 2.271 seconds
[2021-05-08 01:29:34,106] {scheduler_job.py:182} INFO - Started process (PID=463063) to work on /home/navneetsajwan/airflow/dags/sample_dag.py
[2021-05-08 01:29:34,107] {scheduler_job.py:629} INFO - Processing file /home/navneetsajwan/airflow/dags/sample_dag.py for tasks to queue
[2021-05-08 01:29:34,108] {logging_mixin.py:104} INFO - [2021-05-08 01:29:34,108] {dagbag.py:451} INFO - Filling up the DagBag from /home/navneetsajwan/airflow/dags/sample_dag.py
[2021-05-08 01:29:34,717] {scheduler_job.py:639} INFO - DAG(s) dict_keys(['sample_dag']) retrieved from /home/navneetsajwan/airflow/dags/sample_dag.py
[2021-05-08 01:29:34,842] {logging_mixin.py:104} INFO - [2021-05-08 01:29:34,841] {dag.py:1824} INFO - Sync 1 DAGs
[2021-05-08 01:29:34,868] {logging_mixin.py:104} INFO - [2021-05-08 01:29:34,868] {dag.py:2280} INFO - Setting next_dagrun for sample_dag to 2021-05-06T00:00:00+00:00
[2021-05-08 01:29:35,823] {scheduler_job.py:190} INFO - Processing /home/navneetsajwan/airflow/dags/sample_dag.py took 1.721 seconds
[2021-05-08 01:30:20,380] {scheduler_job.py:182} INFO - Started process (PID=463997) to work on /home/navneetsajwan/airflow/dags/sample_dag.py
[2021-05-08 01:30:20,382] {scheduler_job.py:629} INFO - Processing file /home/navneetsajwan/airflow/dags/sample_dag.py for tasks to queue
[2021-05-08 01:30:20,384] {logging_mixin.py:104} INFO - [2021-05-08 01:30:20,384] {dagbag.py:451} INFO - Filling up the DagBag from /home/navneetsajwan/airflow/dags/sample_dag.py
[2021-05-08 01:30:20,929] {scheduler_job.py:639} INFO - DAG(s) dict_keys(['sample_dag']) retrieved from /home/navneetsajwan/airflow/dags/sample_dag.py
[2021-05-08 01:30:20,944] {logging_mixin.py:104} INFO - [2021-05-08 01:30:20,943] {dag.py:1824} INFO - Sync 1 DAGs
[2021-05-08 01:30:20,962] {logging_mixin.py:104} INFO - [2021-05-08 01:30:20,961] {dag.py:2280} INFO - Setting next_dagrun for sample_dag to 2021-05-06T00:00:00+00:00
[2021-05-08 01:30:21,078] {scheduler_job.py:190} INFO - Processing /home/navneetsajwan/airflow/dags/sample_dag.py took 0.703 seconds
[2021-05-08 01:31:11,432] {scheduler_job.py:182} INFO - Started process (PID=464712) to work on /home/navneetsajwan/airflow/dags/sample_dag.py
[2021-05-08 01:31:11,434] {scheduler_job.py:629} INFO - Processing file /home/navneetsajwan/airflow/dags/sample_dag.py for tasks to queue
[2021-05-08 01:31:11,435] {logging_mixin.py:104} INFO - [2021-05-08 01:31:11,434] {dagbag.py:451} INFO - Filling up the DagBag from /home/navneetsajwan/airflow/dags/sample_dag.py
[2021-05-08 01:31:12,034] {scheduler_job.py:639} INFO - DAG(s) dict_keys(['sample_dag']) retrieved from /home/navneetsajwan/airflow/dags/sample_dag.py
[2021-05-08 01:31:12,057] {logging_mixin.py:104} INFO - [2021-05-08 01:31:12,056] {dag.py:1824} INFO - Sync 1 DAGs
[2021-05-08 01:31:12,235] {logging_mixin.py:104} INFO - [2021-05-08 01:31:12,235] {dag.py:2280} INFO - Setting next_dagrun for sample_dag to 2021-05-06T00:00:00+00:00
[2021-05-08 01:31:12,496] {scheduler_job.py:190} INFO - Processing /home/navneetsajwan/airflow/dags/sample_dag.py took 1.067 seconds
[2021-05-08 01:31:59,733] {scheduler_job.py:182} INFO - Started process (PID=465789) to work on /home/navneetsajwan/airflow/dags/sample_dag.py
[2021-05-08 01:31:59,735] {scheduler_job.py:629} INFO - Processing file /home/navneetsajwan/airflow/dags/sample_dag.py for tasks to queue
[2021-05-08 01:31:59,737] {logging_mixin.py:104} INFO - [2021-05-08 01:31:59,736] {dagbag.py:451} INFO - Filling up the DagBag from /home/navneetsajwan/airflow/dags/sample_dag.py
[2021-05-08 01:32:01,044] {scheduler_job.py:639} INFO - DAG(s) dict_keys(['sample_dag']) retrieved from /home/navneetsajwan/airflow/dags/sample_dag.py
[2021-05-08 01:32:01,107] {logging_mixin.py:104} INFO - [2021-05-08 01:32:01,107] {dag.py:1824} INFO - Sync 1 DAGs
[2021-05-08 01:32:01,180] {logging_mixin.py:104} INFO - [2021-05-08 01:32:01,180] {dag.py:2280} INFO - Setting next_dagrun for sample_dag to 2021-05-06T00:00:00+00:00
[2021-05-08 01:32:01,323] {scheduler_job.py:190} INFO - Processing /home/navneetsajwan/airflow/dags/sample_dag.py took 1.595 seconds
[2021-05-08 01:33:01,371] {scheduler_job.py:182} INFO - Started process (PID=466675) to work on /home/navneetsajwan/airflow/dags/sample_dag.py
[2021-05-08 01:33:01,373] {scheduler_job.py:629} INFO - Processing file /home/navneetsajwan/airflow/dags/sample_dag.py for tasks to queue
[2021-05-08 01:33:01,374] {logging_mixin.py:104} INFO - [2021-05-08 01:33:01,374] {dagbag.py:451} INFO - Filling up the DagBag from /home/navneetsajwan/airflow/dags/sample_dag.py
[2021-05-08 01:33:01,936] {scheduler_job.py:639} INFO - DAG(s) dict_keys(['sample_dag']) retrieved from /home/navneetsajwan/airflow/dags/sample_dag.py
[2021-05-08 01:33:01,953] {logging_mixin.py:104} INFO - [2021-05-08 01:33:01,952] {dag.py:1824} INFO - Sync 1 DAGs
[2021-05-08 01:33:01,977] {logging_mixin.py:104} INFO - [2021-05-08 01:33:01,977] {dag.py:2280} INFO - Setting next_dagrun for sample_dag to 2021-05-06T00:00:00+00:00
[2021-05-08 01:33:02,076] {scheduler_job.py:190} INFO - Processing /home/navneetsajwan/airflow/dags/sample_dag.py took 0.708 seconds
[2021-05-08 01:33:57,311] {scheduler_job.py:182} INFO - Started process (PID=467772) to work on /home/navneetsajwan/airflow/dags/sample_dag.py
[2021-05-08 01:33:57,313] {scheduler_job.py:629} INFO - Processing file /home/navneetsajwan/airflow/dags/sample_dag.py for tasks to queue
[2021-05-08 01:33:57,314] {logging_mixin.py:104} INFO - [2021-05-08 01:33:57,314] {dagbag.py:451} INFO - Filling up the DagBag from /home/navneetsajwan/airflow/dags/sample_dag.py
[2021-05-08 01:33:57,804] {scheduler_job.py:639} INFO - DAG(s) dict_keys(['sample_dag']) retrieved from /home/navneetsajwan/airflow/dags/sample_dag.py
[2021-05-08 01:33:57,822] {logging_mixin.py:104} INFO - [2021-05-08 01:33:57,821] {dag.py:1824} INFO - Sync 1 DAGs
[2021-05-08 01:33:57,846] {logging_mixin.py:104} INFO - [2021-05-08 01:33:57,846] {dag.py:2280} INFO - Setting next_dagrun for sample_dag to 2021-05-06T00:00:00+00:00
[2021-05-08 01:33:57,980] {scheduler_job.py:190} INFO - Processing /home/navneetsajwan/airflow/dags/sample_dag.py took 0.675 seconds
[2021-05-08 01:34:46,887] {scheduler_job.py:182} INFO - Started process (PID=468480) to work on /home/navneetsajwan/airflow/dags/sample_dag.py
[2021-05-08 01:34:46,888] {scheduler_job.py:629} INFO - Processing file /home/navneetsajwan/airflow/dags/sample_dag.py for tasks to queue
[2021-05-08 01:34:46,889] {logging_mixin.py:104} INFO - [2021-05-08 01:34:46,889] {dagbag.py:451} INFO - Filling up the DagBag from /home/navneetsajwan/airflow/dags/sample_dag.py
[2021-05-08 01:34:47,466] {scheduler_job.py:639} INFO - DAG(s) dict_keys(['sample_dag']) retrieved from /home/navneetsajwan/airflow/dags/sample_dag.py
[2021-05-08 01:34:47,482] {logging_mixin.py:104} INFO - [2021-05-08 01:34:47,481] {dag.py:1824} INFO - Sync 1 DAGs
[2021-05-08 01:34:47,501] {logging_mixin.py:104} INFO - [2021-05-08 01:34:47,501] {dag.py:2280} INFO - Setting next_dagrun for sample_dag to 2021-05-06T00:00:00+00:00
[2021-05-08 01:34:47,944] {scheduler_job.py:190} INFO - Processing /home/navneetsajwan/airflow/dags/sample_dag.py took 1.061 seconds
[2021-05-08 01:35:42,656] {scheduler_job.py:182} INFO - Started process (PID=469653) to work on /home/navneetsajwan/airflow/dags/sample_dag.py
[2021-05-08 01:35:42,658] {scheduler_job.py:629} INFO - Processing file /home/navneetsajwan/airflow/dags/sample_dag.py for tasks to queue
[2021-05-08 01:35:42,660] {logging_mixin.py:104} INFO - [2021-05-08 01:35:42,660] {dagbag.py:451} INFO - Filling up the DagBag from /home/navneetsajwan/airflow/dags/sample_dag.py
[2021-05-08 01:35:43,299] {scheduler_job.py:639} INFO - DAG(s) dict_keys(['sample_dag']) retrieved from /home/navneetsajwan/airflow/dags/sample_dag.py
[2021-05-08 01:35:43,314] {logging_mixin.py:104} INFO - [2021-05-08 01:35:43,314] {dag.py:1824} INFO - Sync 1 DAGs
[2021-05-08 01:35:43,332] {logging_mixin.py:104} INFO - [2021-05-08 01:35:43,332] {dag.py:2280} INFO - Setting next_dagrun for sample_dag to 2021-05-06T00:00:00+00:00
[2021-05-08 01:35:43,453] {scheduler_job.py:190} INFO - Processing /home/navneetsajwan/airflow/dags/sample_dag.py took 0.801 seconds
[2021-05-08 01:36:34,426] {scheduler_job.py:182} INFO - Started process (PID=470364) to work on /home/navneetsajwan/airflow/dags/sample_dag.py
[2021-05-08 01:36:34,455] {scheduler_job.py:629} INFO - Processing file /home/navneetsajwan/airflow/dags/sample_dag.py for tasks to queue
[2021-05-08 01:36:34,456] {logging_mixin.py:104} INFO - [2021-05-08 01:36:34,456] {dagbag.py:451} INFO - Filling up the DagBag from /home/navneetsajwan/airflow/dags/sample_dag.py
[2021-05-08 01:36:36,017] {scheduler_job.py:639} INFO - DAG(s) dict_keys(['sample_dag']) retrieved from /home/navneetsajwan/airflow/dags/sample_dag.py
[2021-05-08 01:36:36,156] {logging_mixin.py:104} INFO - [2021-05-08 01:36:36,155] {dag.py:1824} INFO - Sync 1 DAGs
[2021-05-08 01:36:36,331] {logging_mixin.py:104} INFO - [2021-05-08 01:36:36,331] {dag.py:2280} INFO - Setting next_dagrun for sample_dag to 2021-05-06T00:00:00+00:00
[2021-05-08 01:36:37,136] {scheduler_job.py:190} INFO - Processing /home/navneetsajwan/airflow/dags/sample_dag.py took 2.720 seconds
[2021-05-08 01:37:31,688] {scheduler_job.py:182} INFO - Started process (PID=471521) to work on /home/navneetsajwan/airflow/dags/sample_dag.py
[2021-05-08 01:37:31,689] {scheduler_job.py:629} INFO - Processing file /home/navneetsajwan/airflow/dags/sample_dag.py for tasks to queue
[2021-05-08 01:37:31,690] {logging_mixin.py:104} INFO - [2021-05-08 01:37:31,690] {dagbag.py:451} INFO - Filling up the DagBag from /home/navneetsajwan/airflow/dags/sample_dag.py
[2021-05-08 01:37:32,351] {scheduler_job.py:639} INFO - DAG(s) dict_keys(['sample_dag']) retrieved from /home/navneetsajwan/airflow/dags/sample_dag.py
[2021-05-08 01:37:32,368] {logging_mixin.py:104} INFO - [2021-05-08 01:37:32,368] {dag.py:1824} INFO - Sync 1 DAGs
[2021-05-08 01:37:32,391] {logging_mixin.py:104} INFO - [2021-05-08 01:37:32,391] {dag.py:2280} INFO - Setting next_dagrun for sample_dag to 2021-05-06T00:00:00+00:00
[2021-05-08 01:37:32,520] {scheduler_job.py:190} INFO - Processing /home/navneetsajwan/airflow/dags/sample_dag.py took 0.835 seconds
[2021-05-08 01:38:19,611] {scheduler_job.py:182} INFO - Started process (PID=472270) to work on /home/navneetsajwan/airflow/dags/sample_dag.py
[2021-05-08 01:38:19,612] {scheduler_job.py:629} INFO - Processing file /home/navneetsajwan/airflow/dags/sample_dag.py for tasks to queue
[2021-05-08 01:38:19,613] {logging_mixin.py:104} INFO - [2021-05-08 01:38:19,613] {dagbag.py:451} INFO - Filling up the DagBag from /home/navneetsajwan/airflow/dags/sample_dag.py
[2021-05-08 01:38:20,104] {scheduler_job.py:639} INFO - DAG(s) dict_keys(['sample_dag']) retrieved from /home/navneetsajwan/airflow/dags/sample_dag.py
[2021-05-08 01:38:20,117] {logging_mixin.py:104} INFO - [2021-05-08 01:38:20,116] {dag.py:1824} INFO - Sync 1 DAGs
[2021-05-08 01:38:20,134] {logging_mixin.py:104} INFO - [2021-05-08 01:38:20,133] {dag.py:2280} INFO - Setting next_dagrun for sample_dag to 2021-05-06T00:00:00+00:00
[2021-05-08 01:38:21,373] {scheduler_job.py:190} INFO - Processing /home/navneetsajwan/airflow/dags/sample_dag.py took 1.765 seconds
