[2021-05-08 11:09:17,308] {scheduler_job.py:182} INFO - Started process (PID=139982) to work on /home/navneetsajwan/airflow/dags/dag_3.py
[2021-05-08 11:09:17,309] {scheduler_job.py:629} INFO - Processing file /home/navneetsajwan/airflow/dags/dag_3.py for tasks to queue
[2021-05-08 11:09:17,310] {logging_mixin.py:104} INFO - [2021-05-08 11:09:17,310] {dagbag.py:451} INFO - Filling up the DagBag from /home/navneetsajwan/airflow/dags/dag_3.py
[2021-05-08 11:09:17,893] {scheduler_job.py:639} INFO - DAG(s) dict_keys(['dag_3']) retrieved from /home/navneetsajwan/airflow/dags/dag_3.py
[2021-05-08 11:09:17,908] {logging_mixin.py:104} INFO - [2021-05-08 11:09:17,907] {dag.py:1824} INFO - Sync 1 DAGs
[2021-05-08 11:09:17,923] {logging_mixin.py:104} INFO - [2021-05-08 11:09:17,923] {dag.py:2280} INFO - Setting next_dagrun for dag_3 to 2021-05-06T00:00:00+00:00
[2021-05-08 11:09:18,167] {scheduler_job.py:190} INFO - Processing /home/navneetsajwan/airflow/dags/dag_3.py took 0.863 seconds
[2021-05-08 11:10:25,154] {scheduler_job.py:182} INFO - Started process (PID=140269) to work on /home/navneetsajwan/airflow/dags/dag_3.py
[2021-05-08 11:10:25,155] {scheduler_job.py:629} INFO - Processing file /home/navneetsajwan/airflow/dags/dag_3.py for tasks to queue
[2021-05-08 11:10:25,156] {logging_mixin.py:104} INFO - [2021-05-08 11:10:25,156] {dagbag.py:451} INFO - Filling up the DagBag from /home/navneetsajwan/airflow/dags/dag_3.py
[2021-05-08 11:10:25,828] {scheduler_job.py:639} INFO - DAG(s) dict_keys(['dag_3']) retrieved from /home/navneetsajwan/airflow/dags/dag_3.py
[2021-05-08 11:10:25,840] {logging_mixin.py:104} INFO - [2021-05-08 11:10:25,839] {dag.py:1824} INFO - Sync 1 DAGs
[2021-05-08 11:10:25,856] {logging_mixin.py:104} INFO - [2021-05-08 11:10:25,856] {dag.py:2280} INFO - Setting next_dagrun for dag_3 to 2021-05-06T00:00:00+00:00
[2021-05-08 11:10:25,966] {scheduler_job.py:190} INFO - Processing /home/navneetsajwan/airflow/dags/dag_3.py took 0.815 seconds
[2021-05-08 11:11:13,843] {scheduler_job.py:182} INFO - Started process (PID=140419) to work on /home/navneetsajwan/airflow/dags/dag_3.py
[2021-05-08 11:11:13,845] {scheduler_job.py:629} INFO - Processing file /home/navneetsajwan/airflow/dags/dag_3.py for tasks to queue
[2021-05-08 11:11:13,846] {logging_mixin.py:104} INFO - [2021-05-08 11:11:13,846] {dagbag.py:451} INFO - Filling up the DagBag from /home/navneetsajwan/airflow/dags/dag_3.py
[2021-05-08 11:11:14,390] {scheduler_job.py:639} INFO - DAG(s) dict_keys(['dag_3']) retrieved from /home/navneetsajwan/airflow/dags/dag_3.py
[2021-05-08 11:11:14,402] {logging_mixin.py:104} INFO - [2021-05-08 11:11:14,401] {dag.py:1824} INFO - Sync 1 DAGs
[2021-05-08 11:11:14,422] {logging_mixin.py:104} INFO - [2021-05-08 11:11:14,421] {dag.py:2280} INFO - Setting next_dagrun for dag_3 to 2021-05-06T00:00:00+00:00
[2021-05-08 11:11:14,500] {scheduler_job.py:190} INFO - Processing /home/navneetsajwan/airflow/dags/dag_3.py took 0.661 seconds
[2021-05-08 11:11:49,048] {scheduler_job.py:182} INFO - Started process (PID=140527) to work on /home/navneetsajwan/airflow/dags/dag_3.py
[2021-05-08 11:11:49,049] {scheduler_job.py:629} INFO - Processing file /home/navneetsajwan/airflow/dags/dag_3.py for tasks to queue
[2021-05-08 11:11:49,050] {logging_mixin.py:104} INFO - [2021-05-08 11:11:49,050] {dagbag.py:451} INFO - Filling up the DagBag from /home/navneetsajwan/airflow/dags/dag_3.py
[2021-05-08 11:11:49,760] {scheduler_job.py:639} INFO - DAG(s) dict_keys(['dag_3']) retrieved from /home/navneetsajwan/airflow/dags/dag_3.py
[2021-05-08 11:11:49,779] {logging_mixin.py:104} INFO - [2021-05-08 11:11:49,779] {dag.py:1824} INFO - Sync 1 DAGs
[2021-05-08 11:11:49,801] {logging_mixin.py:104} INFO - [2021-05-08 11:11:49,801] {dag.py:2280} INFO - Setting next_dagrun for dag_3 to 2021-05-06T00:00:00+00:00
[2021-05-08 11:11:49,892] {scheduler_job.py:190} INFO - Processing /home/navneetsajwan/airflow/dags/dag_3.py took 0.847 seconds
[2021-05-08 11:12:42,580] {scheduler_job.py:182} INFO - Started process (PID=140722) to work on /home/navneetsajwan/airflow/dags/dag_3.py
[2021-05-08 11:12:42,582] {scheduler_job.py:629} INFO - Processing file /home/navneetsajwan/airflow/dags/dag_3.py for tasks to queue
[2021-05-08 11:12:42,583] {logging_mixin.py:104} INFO - [2021-05-08 11:12:42,583] {dagbag.py:451} INFO - Filling up the DagBag from /home/navneetsajwan/airflow/dags/dag_3.py
[2021-05-08 11:12:43,131] {scheduler_job.py:639} INFO - DAG(s) dict_keys(['dag_3']) retrieved from /home/navneetsajwan/airflow/dags/dag_3.py
[2021-05-08 11:12:43,142] {logging_mixin.py:104} INFO - [2021-05-08 11:12:43,142] {dag.py:1824} INFO - Sync 1 DAGs
[2021-05-08 11:12:43,157] {logging_mixin.py:104} INFO - [2021-05-08 11:12:43,157] {dag.py:2280} INFO - Setting next_dagrun for dag_3 to 2021-05-06T00:00:00+00:00
[2021-05-08 11:12:43,248] {scheduler_job.py:190} INFO - Processing /home/navneetsajwan/airflow/dags/dag_3.py took 0.671 seconds
[2021-05-08 11:13:22,721] {scheduler_job.py:182} INFO - Started process (PID=140860) to work on /home/navneetsajwan/airflow/dags/dag_3.py
[2021-05-08 11:13:22,723] {scheduler_job.py:629} INFO - Processing file /home/navneetsajwan/airflow/dags/dag_3.py for tasks to queue
[2021-05-08 11:13:22,724] {logging_mixin.py:104} INFO - [2021-05-08 11:13:22,724] {dagbag.py:451} INFO - Filling up the DagBag from /home/navneetsajwan/airflow/dags/dag_3.py
[2021-05-08 11:13:23,263] {scheduler_job.py:639} INFO - DAG(s) dict_keys(['dag_3']) retrieved from /home/navneetsajwan/airflow/dags/dag_3.py
[2021-05-08 11:13:23,274] {logging_mixin.py:104} INFO - [2021-05-08 11:13:23,274] {dag.py:1824} INFO - Sync 1 DAGs
[2021-05-08 11:13:23,289] {logging_mixin.py:104} INFO - [2021-05-08 11:13:23,289] {dag.py:2280} INFO - Setting next_dagrun for dag_3 to 2021-05-06T00:00:00+00:00
[2021-05-08 11:13:23,371] {scheduler_job.py:190} INFO - Processing /home/navneetsajwan/airflow/dags/dag_3.py took 0.654 seconds
[2021-05-08 11:14:12,748] {scheduler_job.py:182} INFO - Started process (PID=141017) to work on /home/navneetsajwan/airflow/dags/dag_3.py
[2021-05-08 11:14:12,750] {scheduler_job.py:629} INFO - Processing file /home/navneetsajwan/airflow/dags/dag_3.py for tasks to queue
[2021-05-08 11:14:12,751] {logging_mixin.py:104} INFO - [2021-05-08 11:14:12,751] {dagbag.py:451} INFO - Filling up the DagBag from /home/navneetsajwan/airflow/dags/dag_3.py
[2021-05-08 11:14:13,334] {scheduler_job.py:639} INFO - DAG(s) dict_keys(['dag_3']) retrieved from /home/navneetsajwan/airflow/dags/dag_3.py
[2021-05-08 11:14:13,351] {logging_mixin.py:104} INFO - [2021-05-08 11:14:13,351] {dag.py:1824} INFO - Sync 1 DAGs
[2021-05-08 11:14:13,374] {logging_mixin.py:104} INFO - [2021-05-08 11:14:13,374] {dag.py:2280} INFO - Setting next_dagrun for dag_3 to 2021-05-06T00:00:00+00:00
[2021-05-08 11:14:13,485] {scheduler_job.py:190} INFO - Processing /home/navneetsajwan/airflow/dags/dag_3.py took 0.740 seconds
[2021-05-08 11:14:49,769] {scheduler_job.py:182} INFO - Started process (PID=141173) to work on /home/navneetsajwan/airflow/dags/dag_3.py
[2021-05-08 11:14:49,770] {scheduler_job.py:629} INFO - Processing file /home/navneetsajwan/airflow/dags/dag_3.py for tasks to queue
[2021-05-08 11:14:49,771] {logging_mixin.py:104} INFO - [2021-05-08 11:14:49,771] {dagbag.py:451} INFO - Filling up the DagBag from /home/navneetsajwan/airflow/dags/dag_3.py
[2021-05-08 11:14:50,238] {scheduler_job.py:639} INFO - DAG(s) dict_keys(['dag_3']) retrieved from /home/navneetsajwan/airflow/dags/dag_3.py
[2021-05-08 11:14:50,249] {logging_mixin.py:104} INFO - [2021-05-08 11:14:50,249] {dag.py:1824} INFO - Sync 1 DAGs
[2021-05-08 11:14:50,263] {logging_mixin.py:104} INFO - [2021-05-08 11:14:50,263] {dag.py:2280} INFO - Setting next_dagrun for dag_3 to 2021-05-06T00:00:00+00:00
[2021-05-08 11:14:50,363] {scheduler_job.py:190} INFO - Processing /home/navneetsajwan/airflow/dags/dag_3.py took 0.597 seconds
[2021-05-08 11:15:29,134] {scheduler_job.py:182} INFO - Started process (PID=141284) to work on /home/navneetsajwan/airflow/dags/dag_3.py
[2021-05-08 11:15:29,135] {scheduler_job.py:629} INFO - Processing file /home/navneetsajwan/airflow/dags/dag_3.py for tasks to queue
[2021-05-08 11:15:29,136] {logging_mixin.py:104} INFO - [2021-05-08 11:15:29,136] {dagbag.py:451} INFO - Filling up the DagBag from /home/navneetsajwan/airflow/dags/dag_3.py
[2021-05-08 11:15:29,604] {scheduler_job.py:639} INFO - DAG(s) dict_keys(['dag_3']) retrieved from /home/navneetsajwan/airflow/dags/dag_3.py
[2021-05-08 11:15:29,615] {logging_mixin.py:104} INFO - [2021-05-08 11:15:29,615] {dag.py:1824} INFO - Sync 1 DAGs
[2021-05-08 11:15:29,630] {logging_mixin.py:104} INFO - [2021-05-08 11:15:29,630] {dag.py:2280} INFO - Setting next_dagrun for dag_3 to 2021-05-06T00:00:00+00:00
[2021-05-08 11:15:29,719] {scheduler_job.py:190} INFO - Processing /home/navneetsajwan/airflow/dags/dag_3.py took 0.590 seconds
[2021-05-08 11:16:21,885] {scheduler_job.py:182} INFO - Started process (PID=141439) to work on /home/navneetsajwan/airflow/dags/dag_3.py
[2021-05-08 11:16:21,886] {scheduler_job.py:629} INFO - Processing file /home/navneetsajwan/airflow/dags/dag_3.py for tasks to queue
[2021-05-08 11:16:21,887] {logging_mixin.py:104} INFO - [2021-05-08 11:16:21,887] {dagbag.py:451} INFO - Filling up the DagBag from /home/navneetsajwan/airflow/dags/dag_3.py
[2021-05-08 11:16:22,427] {scheduler_job.py:639} INFO - DAG(s) dict_keys(['dag_3']) retrieved from /home/navneetsajwan/airflow/dags/dag_3.py
[2021-05-08 11:16:22,441] {logging_mixin.py:104} INFO - [2021-05-08 11:16:22,441] {dag.py:1824} INFO - Sync 1 DAGs
[2021-05-08 11:16:22,459] {logging_mixin.py:104} INFO - [2021-05-08 11:16:22,459] {dag.py:2280} INFO - Setting next_dagrun for dag_3 to 2021-05-06T00:00:00+00:00
[2021-05-08 11:16:22,577] {scheduler_job.py:190} INFO - Processing /home/navneetsajwan/airflow/dags/dag_3.py took 0.696 seconds
[2021-05-08 11:17:06,852] {scheduler_job.py:182} INFO - Started process (PID=141567) to work on /home/navneetsajwan/airflow/dags/dag_3.py
[2021-05-08 11:17:06,854] {scheduler_job.py:629} INFO - Processing file /home/navneetsajwan/airflow/dags/dag_3.py for tasks to queue
[2021-05-08 11:17:06,856] {logging_mixin.py:104} INFO - [2021-05-08 11:17:06,855] {dagbag.py:451} INFO - Filling up the DagBag from /home/navneetsajwan/airflow/dags/dag_3.py
[2021-05-08 11:17:07,485] {scheduler_job.py:639} INFO - DAG(s) dict_keys(['dag_3']) retrieved from /home/navneetsajwan/airflow/dags/dag_3.py
[2021-05-08 11:17:07,501] {logging_mixin.py:104} INFO - [2021-05-08 11:17:07,501] {dag.py:1824} INFO - Sync 1 DAGs
[2021-05-08 11:17:07,520] {logging_mixin.py:104} INFO - [2021-05-08 11:17:07,519] {dag.py:2280} INFO - Setting next_dagrun for dag_3 to 2021-05-06T00:00:00+00:00
[2021-05-08 11:17:07,601] {scheduler_job.py:190} INFO - Processing /home/navneetsajwan/airflow/dags/dag_3.py took 0.751 seconds
[2021-05-08 11:18:03,516] {scheduler_job.py:182} INFO - Started process (PID=141759) to work on /home/navneetsajwan/airflow/dags/dag_3.py
[2021-05-08 11:18:03,517] {scheduler_job.py:629} INFO - Processing file /home/navneetsajwan/airflow/dags/dag_3.py for tasks to queue
[2021-05-08 11:18:03,518] {logging_mixin.py:104} INFO - [2021-05-08 11:18:03,518] {dagbag.py:451} INFO - Filling up the DagBag from /home/navneetsajwan/airflow/dags/dag_3.py
[2021-05-08 11:18:04,004] {scheduler_job.py:639} INFO - DAG(s) dict_keys(['dag_3']) retrieved from /home/navneetsajwan/airflow/dags/dag_3.py
[2021-05-08 11:18:04,021] {logging_mixin.py:104} INFO - [2021-05-08 11:18:04,021] {dag.py:1824} INFO - Sync 1 DAGs
[2021-05-08 11:18:04,036] {logging_mixin.py:104} INFO - [2021-05-08 11:18:04,036] {dag.py:2280} INFO - Setting next_dagrun for dag_3 to 2021-05-06T00:00:00+00:00
[2021-05-08 11:18:04,126] {scheduler_job.py:190} INFO - Processing /home/navneetsajwan/airflow/dags/dag_3.py took 0.613 seconds
[2021-05-08 11:18:58,113] {scheduler_job.py:182} INFO - Started process (PID=141977) to work on /home/navneetsajwan/airflow/dags/dag_3.py
[2021-05-08 11:18:58,114] {scheduler_job.py:629} INFO - Processing file /home/navneetsajwan/airflow/dags/dag_3.py for tasks to queue
[2021-05-08 11:18:58,115] {logging_mixin.py:104} INFO - [2021-05-08 11:18:58,115] {dagbag.py:451} INFO - Filling up the DagBag from /home/navneetsajwan/airflow/dags/dag_3.py
[2021-05-08 11:18:58,634] {scheduler_job.py:639} INFO - DAG(s) dict_keys(['dag_3']) retrieved from /home/navneetsajwan/airflow/dags/dag_3.py
[2021-05-08 11:18:58,646] {logging_mixin.py:104} INFO - [2021-05-08 11:18:58,645] {dag.py:1824} INFO - Sync 1 DAGs
[2021-05-08 11:18:58,661] {logging_mixin.py:104} INFO - [2021-05-08 11:18:58,661] {dag.py:2280} INFO - Setting next_dagrun for dag_3 to 2021-05-06T00:00:00+00:00
[2021-05-08 11:18:58,794] {scheduler_job.py:190} INFO - Processing /home/navneetsajwan/airflow/dags/dag_3.py took 0.684 seconds
[2021-05-08 11:19:52,579] {scheduler_job.py:182} INFO - Started process (PID=142139) to work on /home/navneetsajwan/airflow/dags/dag_3.py
[2021-05-08 11:19:52,580] {scheduler_job.py:629} INFO - Processing file /home/navneetsajwan/airflow/dags/dag_3.py for tasks to queue
[2021-05-08 11:19:52,581] {logging_mixin.py:104} INFO - [2021-05-08 11:19:52,581] {dagbag.py:451} INFO - Filling up the DagBag from /home/navneetsajwan/airflow/dags/dag_3.py
[2021-05-08 11:19:53,083] {scheduler_job.py:639} INFO - DAG(s) dict_keys(['dag_3']) retrieved from /home/navneetsajwan/airflow/dags/dag_3.py
[2021-05-08 11:19:53,230] {logging_mixin.py:104} INFO - [2021-05-08 11:19:53,230] {dag.py:1824} INFO - Sync 1 DAGs
[2021-05-08 11:19:53,248] {logging_mixin.py:104} INFO - [2021-05-08 11:19:53,247] {dag.py:2280} INFO - Setting next_dagrun for dag_3 to 2021-05-06T00:00:00+00:00
[2021-05-08 11:19:53,330] {scheduler_job.py:190} INFO - Processing /home/navneetsajwan/airflow/dags/dag_3.py took 0.755 seconds
[2021-05-08 11:20:50,040] {scheduler_job.py:182} INFO - Started process (PID=142309) to work on /home/navneetsajwan/airflow/dags/dag_3.py
[2021-05-08 11:20:50,042] {scheduler_job.py:629} INFO - Processing file /home/navneetsajwan/airflow/dags/dag_3.py for tasks to queue
[2021-05-08 11:20:50,043] {logging_mixin.py:104} INFO - [2021-05-08 11:20:50,043] {dagbag.py:451} INFO - Filling up the DagBag from /home/navneetsajwan/airflow/dags/dag_3.py
[2021-05-08 11:20:50,043] {scheduler_job.py:641} WARNING - No viable dags retrieved from /home/navneetsajwan/airflow/dags/dag_3.py
[2021-05-08 11:20:50,044] {scheduler_job.py:190} INFO - Processing /home/navneetsajwan/airflow/dags/dag_3.py took 0.007 seconds
[2021-05-08 11:21:42,484] {scheduler_job.py:182} INFO - Started process (PID=142498) to work on /home/navneetsajwan/airflow/dags/dag_3.py
[2021-05-08 11:21:42,487] {scheduler_job.py:629} INFO - Processing file /home/navneetsajwan/airflow/dags/dag_3.py for tasks to queue
[2021-05-08 11:21:42,489] {logging_mixin.py:104} INFO - [2021-05-08 11:21:42,489] {dagbag.py:451} INFO - Filling up the DagBag from /home/navneetsajwan/airflow/dags/dag_3.py
[2021-05-08 11:21:42,490] {scheduler_job.py:641} WARNING - No viable dags retrieved from /home/navneetsajwan/airflow/dags/dag_3.py
[2021-05-08 11:21:42,492] {scheduler_job.py:190} INFO - Processing /home/navneetsajwan/airflow/dags/dag_3.py took 0.013 seconds
