[2021-05-08 11:09:54,686] {scheduler_job.py:182} INFO - Started process (PID=140166) to work on /home/navneetsajwan/airflow/dags/first_dag.py
[2021-05-08 11:09:54,688] {scheduler_job.py:629} INFO - Processing file /home/navneetsajwan/airflow/dags/first_dag.py for tasks to queue
[2021-05-08 11:09:54,689] {logging_mixin.py:104} INFO - [2021-05-08 11:09:54,689] {dagbag.py:451} INFO - Filling up the DagBag from /home/navneetsajwan/airflow/dags/first_dag.py
[2021-05-08 11:09:55,245] {logging_mixin.py:104} INFO - All Dag modules are ok ......
[2021-05-08 11:09:55,288] {logging_mixin.py:104} WARNING - /home/navneetsajwan/airflow/etl/lib/python3.8/site-packages/airflow/utils/decorators.py:94 DeprecationWarning: provide_context is deprecated as of 2.0 and is no longer required
[2021-05-08 11:09:55,294] {scheduler_job.py:639} INFO - DAG(s) dict_keys(['first_dag']) retrieved from /home/navneetsajwan/airflow/dags/first_dag.py
[2021-05-08 11:09:55,307] {logging_mixin.py:104} INFO - [2021-05-08 11:09:55,306] {dag.py:1824} INFO - Sync 1 DAGs
[2021-05-08 11:09:55,330] {logging_mixin.py:104} INFO - [2021-05-08 11:09:55,330] {dag.py:2280} INFO - Setting next_dagrun for first_dag to 2021-05-07 00:00:00+00:00
[2021-05-08 11:09:55,530] {scheduler_job.py:190} INFO - Processing /home/navneetsajwan/airflow/dags/first_dag.py took 0.847 seconds
[2021-05-08 11:10:48,833] {scheduler_job.py:182} INFO - Started process (PID=140347) to work on /home/navneetsajwan/airflow/dags/first_dag.py
[2021-05-08 11:10:48,835] {scheduler_job.py:629} INFO - Processing file /home/navneetsajwan/airflow/dags/first_dag.py for tasks to queue
[2021-05-08 11:10:48,836] {logging_mixin.py:104} INFO - [2021-05-08 11:10:48,835] {dagbag.py:451} INFO - Filling up the DagBag from /home/navneetsajwan/airflow/dags/first_dag.py
[2021-05-08 11:10:49,412] {logging_mixin.py:104} INFO - All Dag modules are ok ......
[2021-05-08 11:10:49,461] {logging_mixin.py:104} WARNING - /home/navneetsajwan/airflow/etl/lib/python3.8/site-packages/airflow/utils/decorators.py:94 DeprecationWarning: provide_context is deprecated as of 2.0 and is no longer required
[2021-05-08 11:10:49,468] {scheduler_job.py:639} INFO - DAG(s) dict_keys(['first_dag']) retrieved from /home/navneetsajwan/airflow/dags/first_dag.py
[2021-05-08 11:10:49,480] {logging_mixin.py:104} INFO - [2021-05-08 11:10:49,480] {dag.py:1824} INFO - Sync 1 DAGs
[2021-05-08 11:10:49,508] {logging_mixin.py:104} INFO - [2021-05-08 11:10:49,508] {dag.py:2280} INFO - Setting next_dagrun for first_dag to 2021-05-07 00:00:00+00:00
[2021-05-08 11:10:49,624] {scheduler_job.py:190} INFO - Processing /home/navneetsajwan/airflow/dags/first_dag.py took 0.793 seconds
[2021-05-08 11:11:38,753] {scheduler_job.py:182} INFO - Started process (PID=140500) to work on /home/navneetsajwan/airflow/dags/first_dag.py
[2021-05-08 11:11:38,754] {scheduler_job.py:629} INFO - Processing file /home/navneetsajwan/airflow/dags/first_dag.py for tasks to queue
[2021-05-08 11:11:38,755] {logging_mixin.py:104} INFO - [2021-05-08 11:11:38,755] {dagbag.py:451} INFO - Filling up the DagBag from /home/navneetsajwan/airflow/dags/first_dag.py
[2021-05-08 11:11:39,291] {logging_mixin.py:104} INFO - All Dag modules are ok ......
[2021-05-08 11:11:39,337] {logging_mixin.py:104} WARNING - /home/navneetsajwan/airflow/etl/lib/python3.8/site-packages/airflow/utils/decorators.py:94 DeprecationWarning: provide_context is deprecated as of 2.0 and is no longer required
[2021-05-08 11:11:39,345] {scheduler_job.py:639} INFO - DAG(s) dict_keys(['first_dag']) retrieved from /home/navneetsajwan/airflow/dags/first_dag.py
[2021-05-08 11:11:39,355] {logging_mixin.py:104} INFO - [2021-05-08 11:11:39,355] {dag.py:1824} INFO - Sync 1 DAGs
[2021-05-08 11:11:39,379] {logging_mixin.py:104} INFO - [2021-05-08 11:11:39,379] {dag.py:2280} INFO - Setting next_dagrun for first_dag to 2021-05-07 00:00:00+00:00
[2021-05-08 11:11:39,468] {scheduler_job.py:190} INFO - Processing /home/navneetsajwan/airflow/dags/first_dag.py took 0.718 seconds
[2021-05-08 11:12:31,536] {scheduler_job.py:182} INFO - Started process (PID=140679) to work on /home/navneetsajwan/airflow/dags/first_dag.py
[2021-05-08 11:12:31,537] {scheduler_job.py:629} INFO - Processing file /home/navneetsajwan/airflow/dags/first_dag.py for tasks to queue
[2021-05-08 11:12:31,538] {logging_mixin.py:104} INFO - [2021-05-08 11:12:31,538] {dagbag.py:451} INFO - Filling up the DagBag from /home/navneetsajwan/airflow/dags/first_dag.py
[2021-05-08 11:12:32,339] {logging_mixin.py:104} INFO - All Dag modules are ok ......
[2021-05-08 11:12:32,465] {logging_mixin.py:104} WARNING - /home/navneetsajwan/airflow/etl/lib/python3.8/site-packages/airflow/utils/decorators.py:94 DeprecationWarning: provide_context is deprecated as of 2.0 and is no longer required
[2021-05-08 11:12:32,476] {scheduler_job.py:639} INFO - DAG(s) dict_keys(['first_dag']) retrieved from /home/navneetsajwan/airflow/dags/first_dag.py
[2021-05-08 11:12:32,494] {logging_mixin.py:104} INFO - [2021-05-08 11:12:32,494] {dag.py:1824} INFO - Sync 1 DAGs
[2021-05-08 11:12:32,557] {logging_mixin.py:104} INFO - [2021-05-08 11:12:32,557] {dag.py:2280} INFO - Setting next_dagrun for first_dag to 2021-05-07 00:00:00+00:00
[2021-05-08 11:12:32,738] {scheduler_job.py:190} INFO - Processing /home/navneetsajwan/airflow/dags/first_dag.py took 1.205 seconds
[2021-05-08 11:13:29,169] {scheduler_job.py:182} INFO - Started process (PID=140881) to work on /home/navneetsajwan/airflow/dags/first_dag.py
[2021-05-08 11:13:29,171] {scheduler_job.py:629} INFO - Processing file /home/navneetsajwan/airflow/dags/first_dag.py for tasks to queue
[2021-05-08 11:13:29,172] {logging_mixin.py:104} INFO - [2021-05-08 11:13:29,171] {dagbag.py:451} INFO - Filling up the DagBag from /home/navneetsajwan/airflow/dags/first_dag.py
[2021-05-08 11:13:29,642] {logging_mixin.py:104} INFO - All Dag modules are ok ......
[2021-05-08 11:13:29,685] {logging_mixin.py:104} WARNING - /home/navneetsajwan/airflow/etl/lib/python3.8/site-packages/airflow/utils/decorators.py:94 DeprecationWarning: provide_context is deprecated as of 2.0 and is no longer required
[2021-05-08 11:13:29,691] {scheduler_job.py:639} INFO - DAG(s) dict_keys(['first_dag']) retrieved from /home/navneetsajwan/airflow/dags/first_dag.py
[2021-05-08 11:13:29,701] {logging_mixin.py:104} INFO - [2021-05-08 11:13:29,700] {dag.py:1824} INFO - Sync 1 DAGs
[2021-05-08 11:13:29,723] {logging_mixin.py:104} INFO - [2021-05-08 11:13:29,723] {dag.py:2280} INFO - Setting next_dagrun for first_dag to 2021-05-07 00:00:00+00:00
[2021-05-08 11:13:29,815] {scheduler_job.py:190} INFO - Processing /home/navneetsajwan/airflow/dags/first_dag.py took 0.650 seconds
[2021-05-08 11:14:19,685] {scheduler_job.py:182} INFO - Started process (PID=141055) to work on /home/navneetsajwan/airflow/dags/first_dag.py
[2021-05-08 11:14:19,686] {scheduler_job.py:629} INFO - Processing file /home/navneetsajwan/airflow/dags/first_dag.py for tasks to queue
[2021-05-08 11:14:19,687] {logging_mixin.py:104} INFO - [2021-05-08 11:14:19,687] {dagbag.py:451} INFO - Filling up the DagBag from /home/navneetsajwan/airflow/dags/first_dag.py
[2021-05-08 11:14:20,311] {logging_mixin.py:104} INFO - All Dag modules are ok ......
[2021-05-08 11:14:20,353] {logging_mixin.py:104} WARNING - /home/navneetsajwan/airflow/etl/lib/python3.8/site-packages/airflow/utils/decorators.py:94 DeprecationWarning: provide_context is deprecated as of 2.0 and is no longer required
[2021-05-08 11:14:20,360] {scheduler_job.py:639} INFO - DAG(s) dict_keys(['first_dag']) retrieved from /home/navneetsajwan/airflow/dags/first_dag.py
[2021-05-08 11:14:20,371] {logging_mixin.py:104} INFO - [2021-05-08 11:14:20,370] {dag.py:1824} INFO - Sync 1 DAGs
[2021-05-08 11:14:20,394] {logging_mixin.py:104} INFO - [2021-05-08 11:14:20,394] {dag.py:2280} INFO - Setting next_dagrun for first_dag to 2021-05-07 00:00:00+00:00
[2021-05-08 11:14:20,484] {scheduler_job.py:190} INFO - Processing /home/navneetsajwan/airflow/dags/first_dag.py took 0.803 seconds
[2021-05-08 11:15:18,187] {scheduler_job.py:182} INFO - Started process (PID=141256) to work on /home/navneetsajwan/airflow/dags/first_dag.py
[2021-05-08 11:15:18,190] {scheduler_job.py:629} INFO - Processing file /home/navneetsajwan/airflow/dags/first_dag.py for tasks to queue
[2021-05-08 11:15:18,191] {logging_mixin.py:104} INFO - [2021-05-08 11:15:18,190] {dagbag.py:451} INFO - Filling up the DagBag from /home/navneetsajwan/airflow/dags/first_dag.py
[2021-05-08 11:15:18,758] {logging_mixin.py:104} INFO - All Dag modules are ok ......
[2021-05-08 11:15:18,800] {logging_mixin.py:104} WARNING - /home/navneetsajwan/airflow/etl/lib/python3.8/site-packages/airflow/utils/decorators.py:94 DeprecationWarning: provide_context is deprecated as of 2.0 and is no longer required
[2021-05-08 11:15:18,806] {scheduler_job.py:639} INFO - DAG(s) dict_keys(['first_dag']) retrieved from /home/navneetsajwan/airflow/dags/first_dag.py
[2021-05-08 11:15:18,817] {logging_mixin.py:104} INFO - [2021-05-08 11:15:18,816] {dag.py:1824} INFO - Sync 1 DAGs
[2021-05-08 11:15:18,846] {logging_mixin.py:104} INFO - [2021-05-08 11:15:18,846] {dag.py:2280} INFO - Setting next_dagrun for first_dag to 2021-05-07 00:00:00+00:00
[2021-05-08 11:15:18,932] {scheduler_job.py:190} INFO - Processing /home/navneetsajwan/airflow/dags/first_dag.py took 0.750 seconds
[2021-05-08 11:16:08,476] {scheduler_job.py:182} INFO - Started process (PID=141402) to work on /home/navneetsajwan/airflow/dags/first_dag.py
[2021-05-08 11:16:08,478] {scheduler_job.py:629} INFO - Processing file /home/navneetsajwan/airflow/dags/first_dag.py for tasks to queue
[2021-05-08 11:16:08,479] {logging_mixin.py:104} INFO - [2021-05-08 11:16:08,479] {dagbag.py:451} INFO - Filling up the DagBag from /home/navneetsajwan/airflow/dags/first_dag.py
[2021-05-08 11:16:09,169] {logging_mixin.py:104} INFO - All Dag modules are ok ......
[2021-05-08 11:16:09,231] {logging_mixin.py:104} WARNING - /home/navneetsajwan/airflow/etl/lib/python3.8/site-packages/airflow/utils/decorators.py:94 DeprecationWarning: provide_context is deprecated as of 2.0 and is no longer required
[2021-05-08 11:16:09,237] {scheduler_job.py:639} INFO - DAG(s) dict_keys(['first_dag']) retrieved from /home/navneetsajwan/airflow/dags/first_dag.py
[2021-05-08 11:16:09,251] {logging_mixin.py:104} INFO - [2021-05-08 11:16:09,251] {dag.py:1824} INFO - Sync 1 DAGs
[2021-05-08 11:16:09,281] {logging_mixin.py:104} INFO - [2021-05-08 11:16:09,281] {dag.py:2280} INFO - Setting next_dagrun for first_dag to 2021-05-07 00:00:00+00:00
[2021-05-08 11:16:09,434] {scheduler_job.py:190} INFO - Processing /home/navneetsajwan/airflow/dags/first_dag.py took 0.962 seconds
[2021-05-08 11:17:21,537] {scheduler_job.py:182} INFO - Started process (PID=141619) to work on /home/navneetsajwan/airflow/dags/first_dag.py
[2021-05-08 11:17:21,539] {scheduler_job.py:629} INFO - Processing file /home/navneetsajwan/airflow/dags/first_dag.py for tasks to queue
[2021-05-08 11:17:21,545] {logging_mixin.py:104} INFO - [2021-05-08 11:17:21,544] {dagbag.py:451} INFO - Filling up the DagBag from /home/navneetsajwan/airflow/dags/first_dag.py
[2021-05-08 11:17:22,524] {logging_mixin.py:104} INFO - All Dag modules are ok ......
[2021-05-08 11:17:22,606] {logging_mixin.py:104} WARNING - /home/navneetsajwan/airflow/etl/lib/python3.8/site-packages/airflow/utils/decorators.py:94 DeprecationWarning: provide_context is deprecated as of 2.0 and is no longer required
[2021-05-08 11:17:22,617] {scheduler_job.py:639} INFO - DAG(s) dict_keys(['first_dag']) retrieved from /home/navneetsajwan/airflow/dags/first_dag.py
[2021-05-08 11:17:22,635] {logging_mixin.py:104} INFO - [2021-05-08 11:17:22,635] {dag.py:1824} INFO - Sync 1 DAGs
[2021-05-08 11:17:22,678] {logging_mixin.py:104} INFO - [2021-05-08 11:17:22,678] {dag.py:2280} INFO - Setting next_dagrun for first_dag to 2021-05-07 00:00:00+00:00
[2021-05-08 11:17:22,793] {scheduler_job.py:190} INFO - Processing /home/navneetsajwan/airflow/dags/first_dag.py took 1.268 seconds
[2021-05-08 11:18:12,006] {scheduler_job.py:182} INFO - Started process (PID=141800) to work on /home/navneetsajwan/airflow/dags/first_dag.py
[2021-05-08 11:18:12,007] {scheduler_job.py:629} INFO - Processing file /home/navneetsajwan/airflow/dags/first_dag.py for tasks to queue
[2021-05-08 11:18:12,008] {logging_mixin.py:104} INFO - [2021-05-08 11:18:12,008] {dagbag.py:451} INFO - Filling up the DagBag from /home/navneetsajwan/airflow/dags/first_dag.py
[2021-05-08 11:18:12,579] {logging_mixin.py:104} INFO - All Dag modules are ok ......
[2021-05-08 11:18:12,621] {logging_mixin.py:104} WARNING - /home/navneetsajwan/airflow/etl/lib/python3.8/site-packages/airflow/utils/decorators.py:94 DeprecationWarning: provide_context is deprecated as of 2.0 and is no longer required
[2021-05-08 11:18:12,627] {scheduler_job.py:639} INFO - DAG(s) dict_keys(['first_dag']) retrieved from /home/navneetsajwan/airflow/dags/first_dag.py
[2021-05-08 11:18:12,637] {logging_mixin.py:104} INFO - [2021-05-08 11:18:12,637] {dag.py:1824} INFO - Sync 1 DAGs
[2021-05-08 11:18:12,667] {logging_mixin.py:104} INFO - [2021-05-08 11:18:12,667] {dag.py:2280} INFO - Setting next_dagrun for first_dag to 2021-05-07 00:00:00+00:00
[2021-05-08 11:18:12,760] {scheduler_job.py:190} INFO - Processing /home/navneetsajwan/airflow/dags/first_dag.py took 0.756 seconds
[2021-05-08 11:18:50,188] {scheduler_job.py:182} INFO - Started process (PID=141934) to work on /home/navneetsajwan/airflow/dags/first_dag.py
[2021-05-08 11:18:50,190] {scheduler_job.py:629} INFO - Processing file /home/navneetsajwan/airflow/dags/first_dag.py for tasks to queue
[2021-05-08 11:18:50,191] {logging_mixin.py:104} INFO - [2021-05-08 11:18:50,191] {dagbag.py:451} INFO - Filling up the DagBag from /home/navneetsajwan/airflow/dags/first_dag.py
[2021-05-08 11:18:51,020] {logging_mixin.py:104} INFO - All Dag modules are ok ......
[2021-05-08 11:18:51,068] {logging_mixin.py:104} WARNING - /home/navneetsajwan/airflow/etl/lib/python3.8/site-packages/airflow/utils/decorators.py:94 DeprecationWarning: provide_context is deprecated as of 2.0 and is no longer required
[2021-05-08 11:18:51,075] {scheduler_job.py:639} INFO - DAG(s) dict_keys(['first_dag']) retrieved from /home/navneetsajwan/airflow/dags/first_dag.py
[2021-05-08 11:18:51,086] {logging_mixin.py:104} INFO - [2021-05-08 11:18:51,086] {dag.py:1824} INFO - Sync 1 DAGs
[2021-05-08 11:18:51,111] {logging_mixin.py:104} INFO - [2021-05-08 11:18:51,111] {dag.py:2280} INFO - Setting next_dagrun for first_dag to 2021-05-07 00:00:00+00:00
[2021-05-08 11:18:51,228] {scheduler_job.py:190} INFO - Processing /home/navneetsajwan/airflow/dags/first_dag.py took 1.043 seconds
[2021-05-08 11:19:46,250] {scheduler_job.py:182} INFO - Started process (PID=142122) to work on /home/navneetsajwan/airflow/dags/first_dag.py
[2021-05-08 11:19:46,252] {scheduler_job.py:629} INFO - Processing file /home/navneetsajwan/airflow/dags/first_dag.py for tasks to queue
[2021-05-08 11:19:46,253] {logging_mixin.py:104} INFO - [2021-05-08 11:19:46,252] {dagbag.py:451} INFO - Filling up the DagBag from /home/navneetsajwan/airflow/dags/first_dag.py
[2021-05-08 11:19:46,833] {logging_mixin.py:104} INFO - All Dag modules are ok ......
[2021-05-08 11:19:46,875] {logging_mixin.py:104} WARNING - /home/navneetsajwan/airflow/etl/lib/python3.8/site-packages/airflow/utils/decorators.py:94 DeprecationWarning: provide_context is deprecated as of 2.0 and is no longer required
[2021-05-08 11:19:46,882] {scheduler_job.py:639} INFO - DAG(s) dict_keys(['first_dag']) retrieved from /home/navneetsajwan/airflow/dags/first_dag.py
[2021-05-08 11:19:46,892] {logging_mixin.py:104} INFO - [2021-05-08 11:19:46,892] {dag.py:1824} INFO - Sync 1 DAGs
[2021-05-08 11:19:46,916] {logging_mixin.py:104} INFO - [2021-05-08 11:19:46,915] {dag.py:2280} INFO - Setting next_dagrun for first_dag to 2021-05-07 00:00:00+00:00
[2021-05-08 11:19:47,008] {scheduler_job.py:190} INFO - Processing /home/navneetsajwan/airflow/dags/first_dag.py took 0.762 seconds
[2021-05-08 11:20:41,838] {scheduler_job.py:182} INFO - Started process (PID=142277) to work on /home/navneetsajwan/airflow/dags/first_dag.py
[2021-05-08 11:20:41,840] {scheduler_job.py:629} INFO - Processing file /home/navneetsajwan/airflow/dags/first_dag.py for tasks to queue
[2021-05-08 11:20:41,841] {logging_mixin.py:104} INFO - [2021-05-08 11:20:41,841] {dagbag.py:451} INFO - Filling up the DagBag from /home/navneetsajwan/airflow/dags/first_dag.py
[2021-05-08 11:20:42,368] {logging_mixin.py:104} INFO - All Dag modules are ok ......
[2021-05-08 11:20:42,410] {logging_mixin.py:104} WARNING - /home/navneetsajwan/airflow/etl/lib/python3.8/site-packages/airflow/utils/decorators.py:94 DeprecationWarning: provide_context is deprecated as of 2.0 and is no longer required
[2021-05-08 11:20:42,415] {scheduler_job.py:639} INFO - DAG(s) dict_keys(['first_dag']) retrieved from /home/navneetsajwan/airflow/dags/first_dag.py
[2021-05-08 11:20:42,426] {logging_mixin.py:104} INFO - [2021-05-08 11:20:42,425] {dag.py:1824} INFO - Sync 1 DAGs
[2021-05-08 11:20:42,449] {logging_mixin.py:104} INFO - [2021-05-08 11:20:42,448] {dag.py:2280} INFO - Setting next_dagrun for first_dag to 2021-05-07 00:00:00+00:00
[2021-05-08 11:20:42,543] {scheduler_job.py:190} INFO - Processing /home/navneetsajwan/airflow/dags/first_dag.py took 0.708 seconds
[2021-05-08 11:21:36,967] {scheduler_job.py:182} INFO - Started process (PID=142487) to work on /home/navneetsajwan/airflow/dags/first_dag.py
[2021-05-08 11:21:36,981] {scheduler_job.py:629} INFO - Processing file /home/navneetsajwan/airflow/dags/first_dag.py for tasks to queue
[2021-05-08 11:21:36,981] {logging_mixin.py:104} INFO - [2021-05-08 11:21:36,981] {dagbag.py:451} INFO - Filling up the DagBag from /home/navneetsajwan/airflow/dags/first_dag.py
[2021-05-08 11:21:36,982] {scheduler_job.py:641} WARNING - No viable dags retrieved from /home/navneetsajwan/airflow/dags/first_dag.py
[2021-05-08 11:21:36,983] {scheduler_job.py:190} INFO - Processing /home/navneetsajwan/airflow/dags/first_dag.py took 0.020 seconds
