[2021-05-08 11:09:58,163] {scheduler_job.py:182} INFO - Started process (PID=140190) to work on /home/navneetsajwan/airflow/dags/my_dag.py
[2021-05-08 11:09:58,164] {scheduler_job.py:629} INFO - Processing file /home/navneetsajwan/airflow/dags/my_dag.py for tasks to queue
[2021-05-08 11:09:58,165] {logging_mixin.py:104} INFO - [2021-05-08 11:09:58,165] {dagbag.py:451} INFO - Filling up the DagBag from /home/navneetsajwan/airflow/dags/my_dag.py
[2021-05-08 11:09:58,193] {scheduler_job.py:639} INFO - DAG(s) dict_keys(['MY_DAG']) retrieved from /home/navneetsajwan/airflow/dags/my_dag.py
[2021-05-08 11:09:58,212] {logging_mixin.py:104} INFO - [2021-05-08 11:09:58,212] {dag.py:1824} INFO - Sync 1 DAGs
[2021-05-08 11:09:58,242] {logging_mixin.py:104} INFO - [2021-05-08 11:09:58,242] {dag.py:2280} INFO - Setting next_dagrun for MY_DAG to 2021-05-07 00:00:00+00:00
[2021-05-08 11:09:58,424] {scheduler_job.py:190} INFO - Processing /home/navneetsajwan/airflow/dags/my_dag.py took 0.273 seconds
[2021-05-08 11:10:54,524] {scheduler_job.py:182} INFO - Started process (PID=140363) to work on /home/navneetsajwan/airflow/dags/my_dag.py
[2021-05-08 11:10:54,526] {scheduler_job.py:629} INFO - Processing file /home/navneetsajwan/airflow/dags/my_dag.py for tasks to queue
[2021-05-08 11:10:54,527] {logging_mixin.py:104} INFO - [2021-05-08 11:10:54,527] {dagbag.py:451} INFO - Filling up the DagBag from /home/navneetsajwan/airflow/dags/my_dag.py
[2021-05-08 11:10:54,542] {scheduler_job.py:639} INFO - DAG(s) dict_keys(['MY_DAG']) retrieved from /home/navneetsajwan/airflow/dags/my_dag.py
[2021-05-08 11:10:54,560] {logging_mixin.py:104} INFO - [2021-05-08 11:10:54,560] {dag.py:1824} INFO - Sync 1 DAGs
[2021-05-08 11:10:54,585] {logging_mixin.py:104} INFO - [2021-05-08 11:10:54,585] {dag.py:2280} INFO - Setting next_dagrun for MY_DAG to 2021-05-07 00:00:00+00:00
[2021-05-08 11:10:54,800] {scheduler_job.py:190} INFO - Processing /home/navneetsajwan/airflow/dags/my_dag.py took 0.279 seconds
[2021-05-08 11:11:36,250] {scheduler_job.py:182} INFO - Started process (PID=140493) to work on /home/navneetsajwan/airflow/dags/my_dag.py
[2021-05-08 11:11:36,251] {scheduler_job.py:629} INFO - Processing file /home/navneetsajwan/airflow/dags/my_dag.py for tasks to queue
[2021-05-08 11:11:36,252] {logging_mixin.py:104} INFO - [2021-05-08 11:11:36,252] {dagbag.py:451} INFO - Filling up the DagBag from /home/navneetsajwan/airflow/dags/my_dag.py
[2021-05-08 11:11:36,267] {scheduler_job.py:639} INFO - DAG(s) dict_keys(['MY_DAG']) retrieved from /home/navneetsajwan/airflow/dags/my_dag.py
[2021-05-08 11:11:36,282] {logging_mixin.py:104} INFO - [2021-05-08 11:11:36,281] {dag.py:1824} INFO - Sync 1 DAGs
[2021-05-08 11:11:36,313] {logging_mixin.py:104} INFO - [2021-05-08 11:11:36,313] {dag.py:2280} INFO - Setting next_dagrun for MY_DAG to 2021-05-07 00:00:00+00:00
[2021-05-08 11:11:36,415] {scheduler_job.py:190} INFO - Processing /home/navneetsajwan/airflow/dags/my_dag.py took 0.167 seconds
[2021-05-08 11:12:28,393] {scheduler_job.py:182} INFO - Started process (PID=140667) to work on /home/navneetsajwan/airflow/dags/my_dag.py
[2021-05-08 11:12:28,395] {scheduler_job.py:629} INFO - Processing file /home/navneetsajwan/airflow/dags/my_dag.py for tasks to queue
[2021-05-08 11:12:28,396] {logging_mixin.py:104} INFO - [2021-05-08 11:12:28,396] {dagbag.py:451} INFO - Filling up the DagBag from /home/navneetsajwan/airflow/dags/my_dag.py
[2021-05-08 11:12:28,448] {scheduler_job.py:639} INFO - DAG(s) dict_keys(['MY_DAG']) retrieved from /home/navneetsajwan/airflow/dags/my_dag.py
[2021-05-08 11:12:28,492] {logging_mixin.py:104} INFO - [2021-05-08 11:12:28,492] {dag.py:1824} INFO - Sync 1 DAGs
[2021-05-08 11:12:28,546] {logging_mixin.py:104} INFO - [2021-05-08 11:12:28,546] {dag.py:2280} INFO - Setting next_dagrun for MY_DAG to 2021-05-07 00:00:00+00:00
[2021-05-08 11:12:28,651] {scheduler_job.py:190} INFO - Processing /home/navneetsajwan/airflow/dags/my_dag.py took 0.270 seconds
[2021-05-08 11:13:08,229] {scheduler_job.py:182} INFO - Started process (PID=140794) to work on /home/navneetsajwan/airflow/dags/my_dag.py
[2021-05-08 11:13:08,231] {scheduler_job.py:629} INFO - Processing file /home/navneetsajwan/airflow/dags/my_dag.py for tasks to queue
[2021-05-08 11:13:08,232] {logging_mixin.py:104} INFO - [2021-05-08 11:13:08,232] {dagbag.py:451} INFO - Filling up the DagBag from /home/navneetsajwan/airflow/dags/my_dag.py
[2021-05-08 11:13:08,248] {scheduler_job.py:639} INFO - DAG(s) dict_keys(['MY_DAG']) retrieved from /home/navneetsajwan/airflow/dags/my_dag.py
[2021-05-08 11:13:08,264] {logging_mixin.py:104} INFO - [2021-05-08 11:13:08,264] {dag.py:1824} INFO - Sync 1 DAGs
[2021-05-08 11:13:08,294] {logging_mixin.py:104} INFO - [2021-05-08 11:13:08,294] {dag.py:2280} INFO - Setting next_dagrun for MY_DAG to 2021-05-07 00:00:00+00:00
[2021-05-08 11:13:08,427] {scheduler_job.py:190} INFO - Processing /home/navneetsajwan/airflow/dags/my_dag.py took 0.203 seconds
[2021-05-08 11:13:59,128] {scheduler_job.py:182} INFO - Started process (PID=140970) to work on /home/navneetsajwan/airflow/dags/my_dag.py
[2021-05-08 11:13:59,129] {scheduler_job.py:629} INFO - Processing file /home/navneetsajwan/airflow/dags/my_dag.py for tasks to queue
[2021-05-08 11:13:59,130] {logging_mixin.py:104} INFO - [2021-05-08 11:13:59,130] {dagbag.py:451} INFO - Filling up the DagBag from /home/navneetsajwan/airflow/dags/my_dag.py
[2021-05-08 11:13:59,145] {scheduler_job.py:639} INFO - DAG(s) dict_keys(['MY_DAG']) retrieved from /home/navneetsajwan/airflow/dags/my_dag.py
[2021-05-08 11:13:59,159] {logging_mixin.py:104} INFO - [2021-05-08 11:13:59,159] {dag.py:1824} INFO - Sync 1 DAGs
[2021-05-08 11:13:59,185] {logging_mixin.py:104} INFO - [2021-05-08 11:13:59,185] {dag.py:2280} INFO - Setting next_dagrun for MY_DAG to 2021-05-07 00:00:00+00:00
[2021-05-08 11:13:59,272] {scheduler_job.py:190} INFO - Processing /home/navneetsajwan/airflow/dags/my_dag.py took 0.147 seconds
[2021-05-08 11:14:53,522] {scheduler_job.py:182} INFO - Started process (PID=141187) to work on /home/navneetsajwan/airflow/dags/my_dag.py
[2021-05-08 11:14:53,523] {scheduler_job.py:629} INFO - Processing file /home/navneetsajwan/airflow/dags/my_dag.py for tasks to queue
[2021-05-08 11:14:53,523] {logging_mixin.py:104} INFO - [2021-05-08 11:14:53,523] {dagbag.py:451} INFO - Filling up the DagBag from /home/navneetsajwan/airflow/dags/my_dag.py
[2021-05-08 11:14:53,538] {scheduler_job.py:639} INFO - DAG(s) dict_keys(['MY_DAG']) retrieved from /home/navneetsajwan/airflow/dags/my_dag.py
[2021-05-08 11:14:53,552] {logging_mixin.py:104} INFO - [2021-05-08 11:14:53,552] {dag.py:1824} INFO - Sync 1 DAGs
[2021-05-08 11:14:53,579] {logging_mixin.py:104} INFO - [2021-05-08 11:14:53,579] {dag.py:2280} INFO - Setting next_dagrun for MY_DAG to 2021-05-07 00:00:00+00:00
[2021-05-08 11:14:53,675] {scheduler_job.py:190} INFO - Processing /home/navneetsajwan/airflow/dags/my_dag.py took 0.158 seconds
[2021-05-08 11:15:47,689] {scheduler_job.py:182} INFO - Started process (PID=141342) to work on /home/navneetsajwan/airflow/dags/my_dag.py
[2021-05-08 11:15:47,691] {scheduler_job.py:629} INFO - Processing file /home/navneetsajwan/airflow/dags/my_dag.py for tasks to queue
[2021-05-08 11:15:47,692] {logging_mixin.py:104} INFO - [2021-05-08 11:15:47,692] {dagbag.py:451} INFO - Filling up the DagBag from /home/navneetsajwan/airflow/dags/my_dag.py
[2021-05-08 11:15:47,715] {scheduler_job.py:639} INFO - DAG(s) dict_keys(['MY_DAG']) retrieved from /home/navneetsajwan/airflow/dags/my_dag.py
[2021-05-08 11:15:47,774] {logging_mixin.py:104} INFO - [2021-05-08 11:15:47,774] {dag.py:1824} INFO - Sync 1 DAGs
[2021-05-08 11:15:47,802] {logging_mixin.py:104} INFO - [2021-05-08 11:15:47,802] {dag.py:2280} INFO - Setting next_dagrun for MY_DAG to 2021-05-07 00:00:00+00:00
[2021-05-08 11:15:47,876] {scheduler_job.py:190} INFO - Processing /home/navneetsajwan/airflow/dags/my_dag.py took 0.191 seconds
[2021-05-08 11:16:41,077] {scheduler_job.py:182} INFO - Started process (PID=141499) to work on /home/navneetsajwan/airflow/dags/my_dag.py
[2021-05-08 11:16:41,079] {scheduler_job.py:629} INFO - Processing file /home/navneetsajwan/airflow/dags/my_dag.py for tasks to queue
[2021-05-08 11:16:41,080] {logging_mixin.py:104} INFO - [2021-05-08 11:16:41,080] {dagbag.py:451} INFO - Filling up the DagBag from /home/navneetsajwan/airflow/dags/my_dag.py
[2021-05-08 11:16:41,101] {scheduler_job.py:639} INFO - DAG(s) dict_keys(['MY_DAG']) retrieved from /home/navneetsajwan/airflow/dags/my_dag.py
[2021-05-08 11:16:41,126] {logging_mixin.py:104} INFO - [2021-05-08 11:16:41,126] {dag.py:1824} INFO - Sync 1 DAGs
[2021-05-08 11:16:41,167] {logging_mixin.py:104} INFO - [2021-05-08 11:16:41,167] {dag.py:2280} INFO - Setting next_dagrun for MY_DAG to 2021-05-07 00:00:00+00:00
[2021-05-08 11:16:41,298] {scheduler_job.py:190} INFO - Processing /home/navneetsajwan/airflow/dags/my_dag.py took 0.225 seconds
[2021-05-08 11:17:09,628] {scheduler_job.py:182} INFO - Started process (PID=141576) to work on /home/navneetsajwan/airflow/dags/my_dag.py
[2021-05-08 11:17:09,630] {scheduler_job.py:629} INFO - Processing file /home/navneetsajwan/airflow/dags/my_dag.py for tasks to queue
[2021-05-08 11:17:09,632] {logging_mixin.py:104} INFO - [2021-05-08 11:17:09,631] {dagbag.py:451} INFO - Filling up the DagBag from /home/navneetsajwan/airflow/dags/my_dag.py
[2021-05-08 11:17:09,655] {scheduler_job.py:639} INFO - DAG(s) dict_keys(['MY_DAG']) retrieved from /home/navneetsajwan/airflow/dags/my_dag.py
[2021-05-08 11:17:09,680] {logging_mixin.py:104} INFO - [2021-05-08 11:17:09,680] {dag.py:1824} INFO - Sync 1 DAGs
[2021-05-08 11:17:09,721] {logging_mixin.py:104} INFO - [2021-05-08 11:17:09,720] {dag.py:2280} INFO - Setting next_dagrun for MY_DAG to 2021-05-07 00:00:00+00:00
[2021-05-08 11:17:09,880] {scheduler_job.py:190} INFO - Processing /home/navneetsajwan/airflow/dags/my_dag.py took 0.256 seconds
[2021-05-08 11:18:06,461] {scheduler_job.py:182} INFO - Started process (PID=141768) to work on /home/navneetsajwan/airflow/dags/my_dag.py
[2021-05-08 11:18:06,462] {scheduler_job.py:629} INFO - Processing file /home/navneetsajwan/airflow/dags/my_dag.py for tasks to queue
[2021-05-08 11:18:06,463] {logging_mixin.py:104} INFO - [2021-05-08 11:18:06,463] {dagbag.py:451} INFO - Filling up the DagBag from /home/navneetsajwan/airflow/dags/my_dag.py
[2021-05-08 11:18:06,486] {scheduler_job.py:639} INFO - DAG(s) dict_keys(['MY_DAG']) retrieved from /home/navneetsajwan/airflow/dags/my_dag.py
[2021-05-08 11:18:06,503] {logging_mixin.py:104} INFO - [2021-05-08 11:18:06,503] {dag.py:1824} INFO - Sync 1 DAGs
[2021-05-08 11:18:06,534] {logging_mixin.py:104} INFO - [2021-05-08 11:18:06,534] {dag.py:2280} INFO - Setting next_dagrun for MY_DAG to 2021-05-07 00:00:00+00:00
[2021-05-08 11:18:06,648] {scheduler_job.py:190} INFO - Processing /home/navneetsajwan/airflow/dags/my_dag.py took 0.191 seconds
[2021-05-08 11:19:01,369] {scheduler_job.py:182} INFO - Started process (PID=141987) to work on /home/navneetsajwan/airflow/dags/my_dag.py
[2021-05-08 11:19:01,371] {scheduler_job.py:629} INFO - Processing file /home/navneetsajwan/airflow/dags/my_dag.py for tasks to queue
[2021-05-08 11:19:01,372] {logging_mixin.py:104} INFO - [2021-05-08 11:19:01,372] {dagbag.py:451} INFO - Filling up the DagBag from /home/navneetsajwan/airflow/dags/my_dag.py
[2021-05-08 11:19:01,392] {scheduler_job.py:639} INFO - DAG(s) dict_keys(['MY_DAG']) retrieved from /home/navneetsajwan/airflow/dags/my_dag.py
[2021-05-08 11:19:01,409] {logging_mixin.py:104} INFO - [2021-05-08 11:19:01,409] {dag.py:1824} INFO - Sync 1 DAGs
[2021-05-08 11:19:01,445] {logging_mixin.py:104} INFO - [2021-05-08 11:19:01,445] {dag.py:2280} INFO - Setting next_dagrun for MY_DAG to 2021-05-07 00:00:00+00:00
[2021-05-08 11:19:01,528] {scheduler_job.py:190} INFO - Processing /home/navneetsajwan/airflow/dags/my_dag.py took 0.163 seconds
[2021-05-08 11:19:56,160] {scheduler_job.py:182} INFO - Started process (PID=142152) to work on /home/navneetsajwan/airflow/dags/my_dag.py
[2021-05-08 11:19:56,161] {scheduler_job.py:629} INFO - Processing file /home/navneetsajwan/airflow/dags/my_dag.py for tasks to queue
[2021-05-08 11:19:56,162] {logging_mixin.py:104} INFO - [2021-05-08 11:19:56,161] {dagbag.py:451} INFO - Filling up the DagBag from /home/navneetsajwan/airflow/dags/my_dag.py
[2021-05-08 11:19:56,185] {scheduler_job.py:639} INFO - DAG(s) dict_keys(['MY_DAG']) retrieved from /home/navneetsajwan/airflow/dags/my_dag.py
[2021-05-08 11:19:56,209] {logging_mixin.py:104} INFO - [2021-05-08 11:19:56,209] {dag.py:1824} INFO - Sync 1 DAGs
[2021-05-08 11:19:56,248] {logging_mixin.py:104} INFO - [2021-05-08 11:19:56,248] {dag.py:2280} INFO - Setting next_dagrun for MY_DAG to 2021-05-07 00:00:00+00:00
[2021-05-08 11:19:56,330] {scheduler_job.py:190} INFO - Processing /home/navneetsajwan/airflow/dags/my_dag.py took 0.175 seconds
[2021-05-08 11:20:53,213] {scheduler_job.py:182} INFO - Started process (PID=142316) to work on /home/navneetsajwan/airflow/dags/my_dag.py
[2021-05-08 11:20:53,215] {scheduler_job.py:629} INFO - Processing file /home/navneetsajwan/airflow/dags/my_dag.py for tasks to queue
[2021-05-08 11:20:53,217] {logging_mixin.py:104} INFO - [2021-05-08 11:20:53,217] {dagbag.py:451} INFO - Filling up the DagBag from /home/navneetsajwan/airflow/dags/my_dag.py
[2021-05-08 11:20:53,218] {scheduler_job.py:641} WARNING - No viable dags retrieved from /home/navneetsajwan/airflow/dags/my_dag.py
[2021-05-08 11:20:53,225] {scheduler_job.py:190} INFO - Processing /home/navneetsajwan/airflow/dags/my_dag.py took 0.016 seconds
[2021-05-08 11:21:44,721] {scheduler_job.py:182} INFO - Started process (PID=142507) to work on /home/navneetsajwan/airflow/dags/my_dag.py
[2021-05-08 11:21:44,723] {scheduler_job.py:629} INFO - Processing file /home/navneetsajwan/airflow/dags/my_dag.py for tasks to queue
[2021-05-08 11:21:44,724] {logging_mixin.py:104} INFO - [2021-05-08 11:21:44,723] {dagbag.py:451} INFO - Filling up the DagBag from /home/navneetsajwan/airflow/dags/my_dag.py
[2021-05-08 11:21:44,724] {scheduler_job.py:641} WARNING - No viable dags retrieved from /home/navneetsajwan/airflow/dags/my_dag.py
[2021-05-08 11:21:44,725] {scheduler_job.py:190} INFO - Processing /home/navneetsajwan/airflow/dags/my_dag.py took 0.006 seconds
