[2021-05-08 11:09:37,208] {scheduler_job.py:182} INFO - Started process (PID=140099) to work on /home/navneetsajwan/airflow/dags/sample_dag.py
[2021-05-08 11:09:37,213] {scheduler_job.py:629} INFO - Processing file /home/navneetsajwan/airflow/dags/sample_dag.py for tasks to queue
[2021-05-08 11:09:37,215] {logging_mixin.py:104} INFO - [2021-05-08 11:09:37,215] {dagbag.py:451} INFO - Filling up the DagBag from /home/navneetsajwan/airflow/dags/sample_dag.py
[2021-05-08 11:09:38,606] {scheduler_job.py:639} INFO - DAG(s) dict_keys(['sample_dag']) retrieved from /home/navneetsajwan/airflow/dags/sample_dag.py
[2021-05-08 11:09:38,628] {logging_mixin.py:104} INFO - [2021-05-08 11:09:38,628] {dag.py:1824} INFO - Sync 1 DAGs
[2021-05-08 11:09:38,653] {logging_mixin.py:104} INFO - [2021-05-08 11:09:38,653] {dag.py:2280} INFO - Setting next_dagrun for sample_dag to 2021-05-06T00:00:00+00:00
[2021-05-08 11:09:38,822] {scheduler_job.py:190} INFO - Processing /home/navneetsajwan/airflow/dags/sample_dag.py took 1.626 seconds
[2021-05-08 11:11:01,667] {scheduler_job.py:182} INFO - Started process (PID=140386) to work on /home/navneetsajwan/airflow/dags/sample_dag.py
[2021-05-08 11:11:01,669] {scheduler_job.py:629} INFO - Processing file /home/navneetsajwan/airflow/dags/sample_dag.py for tasks to queue
[2021-05-08 11:11:01,670] {logging_mixin.py:104} INFO - [2021-05-08 11:11:01,670] {dagbag.py:451} INFO - Filling up the DagBag from /home/navneetsajwan/airflow/dags/sample_dag.py
[2021-05-08 11:11:02,410] {scheduler_job.py:639} INFO - DAG(s) dict_keys(['sample_dag']) retrieved from /home/navneetsajwan/airflow/dags/sample_dag.py
[2021-05-08 11:11:02,427] {logging_mixin.py:104} INFO - [2021-05-08 11:11:02,427] {dag.py:1824} INFO - Sync 1 DAGs
[2021-05-08 11:11:02,451] {logging_mixin.py:104} INFO - [2021-05-08 11:11:02,451] {dag.py:2280} INFO - Setting next_dagrun for sample_dag to 2021-05-06T00:00:00+00:00
[2021-05-08 11:11:02,579] {scheduler_job.py:190} INFO - Processing /home/navneetsajwan/airflow/dags/sample_dag.py took 0.917 seconds
[2021-05-08 11:11:54,437] {scheduler_job.py:182} INFO - Started process (PID=140549) to work on /home/navneetsajwan/airflow/dags/sample_dag.py
[2021-05-08 11:11:54,438] {scheduler_job.py:629} INFO - Processing file /home/navneetsajwan/airflow/dags/sample_dag.py for tasks to queue
[2021-05-08 11:11:54,439] {logging_mixin.py:104} INFO - [2021-05-08 11:11:54,439] {dagbag.py:451} INFO - Filling up the DagBag from /home/navneetsajwan/airflow/dags/sample_dag.py
[2021-05-08 11:11:54,955] {scheduler_job.py:639} INFO - DAG(s) dict_keys(['sample_dag']) retrieved from /home/navneetsajwan/airflow/dags/sample_dag.py
[2021-05-08 11:11:54,968] {logging_mixin.py:104} INFO - [2021-05-08 11:11:54,968] {dag.py:1824} INFO - Sync 1 DAGs
[2021-05-08 11:11:54,990] {logging_mixin.py:104} INFO - [2021-05-08 11:11:54,990] {dag.py:2280} INFO - Setting next_dagrun for sample_dag to 2021-05-06T00:00:00+00:00
[2021-05-08 11:11:55,080] {scheduler_job.py:190} INFO - Processing /home/navneetsajwan/airflow/dags/sample_dag.py took 0.646 seconds
[2021-05-08 11:12:52,325] {scheduler_job.py:182} INFO - Started process (PID=140745) to work on /home/navneetsajwan/airflow/dags/sample_dag.py
[2021-05-08 11:12:52,327] {scheduler_job.py:629} INFO - Processing file /home/navneetsajwan/airflow/dags/sample_dag.py for tasks to queue
[2021-05-08 11:12:52,327] {logging_mixin.py:104} INFO - [2021-05-08 11:12:52,327] {dagbag.py:451} INFO - Filling up the DagBag from /home/navneetsajwan/airflow/dags/sample_dag.py
[2021-05-08 11:12:52,850] {scheduler_job.py:639} INFO - DAG(s) dict_keys(['sample_dag']) retrieved from /home/navneetsajwan/airflow/dags/sample_dag.py
[2021-05-08 11:12:52,866] {logging_mixin.py:104} INFO - [2021-05-08 11:12:52,865] {dag.py:1824} INFO - Sync 1 DAGs
[2021-05-08 11:12:52,887] {logging_mixin.py:104} INFO - [2021-05-08 11:12:52,887] {dag.py:2280} INFO - Setting next_dagrun for sample_dag to 2021-05-06T00:00:00+00:00
[2021-05-08 11:12:52,970] {scheduler_job.py:190} INFO - Processing /home/navneetsajwan/airflow/dags/sample_dag.py took 0.647 seconds
[2021-05-08 11:13:44,774] {scheduler_job.py:182} INFO - Started process (PID=140929) to work on /home/navneetsajwan/airflow/dags/sample_dag.py
[2021-05-08 11:13:44,776] {scheduler_job.py:629} INFO - Processing file /home/navneetsajwan/airflow/dags/sample_dag.py for tasks to queue
[2021-05-08 11:13:44,777] {logging_mixin.py:104} INFO - [2021-05-08 11:13:44,777] {dagbag.py:451} INFO - Filling up the DagBag from /home/navneetsajwan/airflow/dags/sample_dag.py
[2021-05-08 11:13:45,262] {scheduler_job.py:639} INFO - DAG(s) dict_keys(['sample_dag']) retrieved from /home/navneetsajwan/airflow/dags/sample_dag.py
[2021-05-08 11:13:45,272] {logging_mixin.py:104} INFO - [2021-05-08 11:13:45,272] {dag.py:1824} INFO - Sync 1 DAGs
[2021-05-08 11:13:45,287] {logging_mixin.py:104} INFO - [2021-05-08 11:13:45,287] {dag.py:2280} INFO - Setting next_dagrun for sample_dag to 2021-05-06T00:00:00+00:00
[2021-05-08 11:13:45,371] {scheduler_job.py:190} INFO - Processing /home/navneetsajwan/airflow/dags/sample_dag.py took 0.601 seconds
[2021-05-08 11:14:36,323] {scheduler_job.py:182} INFO - Started process (PID=141125) to work on /home/navneetsajwan/airflow/dags/sample_dag.py
[2021-05-08 11:14:36,325] {scheduler_job.py:629} INFO - Processing file /home/navneetsajwan/airflow/dags/sample_dag.py for tasks to queue
[2021-05-08 11:14:36,326] {logging_mixin.py:104} INFO - [2021-05-08 11:14:36,326] {dagbag.py:451} INFO - Filling up the DagBag from /home/navneetsajwan/airflow/dags/sample_dag.py
[2021-05-08 11:14:37,067] {scheduler_job.py:639} INFO - DAG(s) dict_keys(['sample_dag']) retrieved from /home/navneetsajwan/airflow/dags/sample_dag.py
[2021-05-08 11:14:37,079] {logging_mixin.py:104} INFO - [2021-05-08 11:14:37,079] {dag.py:1824} INFO - Sync 1 DAGs
[2021-05-08 11:14:37,097] {logging_mixin.py:104} INFO - [2021-05-08 11:14:37,097] {dag.py:2280} INFO - Setting next_dagrun for sample_dag to 2021-05-06T00:00:00+00:00
[2021-05-08 11:14:37,251] {scheduler_job.py:190} INFO - Processing /home/navneetsajwan/airflow/dags/sample_dag.py took 0.936 seconds
[2021-05-08 11:15:33,266] {scheduler_job.py:182} INFO - Started process (PID=141301) to work on /home/navneetsajwan/airflow/dags/sample_dag.py
[2021-05-08 11:15:33,268] {scheduler_job.py:629} INFO - Processing file /home/navneetsajwan/airflow/dags/sample_dag.py for tasks to queue
[2021-05-08 11:15:33,269] {logging_mixin.py:104} INFO - [2021-05-08 11:15:33,269] {dagbag.py:451} INFO - Filling up the DagBag from /home/navneetsajwan/airflow/dags/sample_dag.py
[2021-05-08 11:15:33,928] {scheduler_job.py:639} INFO - DAG(s) dict_keys(['sample_dag']) retrieved from /home/navneetsajwan/airflow/dags/sample_dag.py
[2021-05-08 11:15:33,945] {logging_mixin.py:104} INFO - [2021-05-08 11:15:33,945] {dag.py:1824} INFO - Sync 1 DAGs
[2021-05-08 11:15:33,970] {logging_mixin.py:104} INFO - [2021-05-08 11:15:33,970] {dag.py:2280} INFO - Setting next_dagrun for sample_dag to 2021-05-06T00:00:00+00:00
[2021-05-08 11:15:34,088] {scheduler_job.py:190} INFO - Processing /home/navneetsajwan/airflow/dags/sample_dag.py took 0.824 seconds
[2021-05-08 11:16:27,440] {scheduler_job.py:182} INFO - Started process (PID=141457) to work on /home/navneetsajwan/airflow/dags/sample_dag.py
[2021-05-08 11:16:27,441] {scheduler_job.py:629} INFO - Processing file /home/navneetsajwan/airflow/dags/sample_dag.py for tasks to queue
[2021-05-08 11:16:27,442] {logging_mixin.py:104} INFO - [2021-05-08 11:16:27,442] {dagbag.py:451} INFO - Filling up the DagBag from /home/navneetsajwan/airflow/dags/sample_dag.py
[2021-05-08 11:16:28,080] {scheduler_job.py:639} INFO - DAG(s) dict_keys(['sample_dag']) retrieved from /home/navneetsajwan/airflow/dags/sample_dag.py
[2021-05-08 11:16:28,093] {logging_mixin.py:104} INFO - [2021-05-08 11:16:28,092] {dag.py:1824} INFO - Sync 1 DAGs
[2021-05-08 11:16:28,115] {logging_mixin.py:104} INFO - [2021-05-08 11:16:28,114] {dag.py:2280} INFO - Setting next_dagrun for sample_dag to 2021-05-06T00:00:00+00:00
[2021-05-08 11:16:28,199] {scheduler_job.py:190} INFO - Processing /home/navneetsajwan/airflow/dags/sample_dag.py took 0.762 seconds
[2021-05-08 11:17:12,872] {scheduler_job.py:182} INFO - Started process (PID=141598) to work on /home/navneetsajwan/airflow/dags/sample_dag.py
[2021-05-08 11:17:12,875] {scheduler_job.py:629} INFO - Processing file /home/navneetsajwan/airflow/dags/sample_dag.py for tasks to queue
[2021-05-08 11:17:12,877] {logging_mixin.py:104} INFO - [2021-05-08 11:17:12,876] {dagbag.py:451} INFO - Filling up the DagBag from /home/navneetsajwan/airflow/dags/sample_dag.py
[2021-05-08 11:17:14,258] {scheduler_job.py:639} INFO - DAG(s) dict_keys(['sample_dag']) retrieved from /home/navneetsajwan/airflow/dags/sample_dag.py
[2021-05-08 11:17:14,277] {logging_mixin.py:104} INFO - [2021-05-08 11:17:14,276] {dag.py:1824} INFO - Sync 1 DAGs
[2021-05-08 11:17:14,304] {logging_mixin.py:104} INFO - [2021-05-08 11:17:14,303] {dag.py:2280} INFO - Setting next_dagrun for sample_dag to 2021-05-06T00:00:00+00:00
[2021-05-08 11:17:14,392] {scheduler_job.py:190} INFO - Processing /home/navneetsajwan/airflow/dags/sample_dag.py took 1.528 seconds
[2021-05-08 11:17:50,901] {scheduler_job.py:182} INFO - Started process (PID=141711) to work on /home/navneetsajwan/airflow/dags/sample_dag.py
[2021-05-08 11:17:50,902] {scheduler_job.py:629} INFO - Processing file /home/navneetsajwan/airflow/dags/sample_dag.py for tasks to queue
[2021-05-08 11:17:50,903] {logging_mixin.py:104} INFO - [2021-05-08 11:17:50,903] {dagbag.py:451} INFO - Filling up the DagBag from /home/navneetsajwan/airflow/dags/sample_dag.py
[2021-05-08 11:17:51,398] {scheduler_job.py:639} INFO - DAG(s) dict_keys(['sample_dag']) retrieved from /home/navneetsajwan/airflow/dags/sample_dag.py
[2021-05-08 11:17:51,409] {logging_mixin.py:104} INFO - [2021-05-08 11:17:51,409] {dag.py:1824} INFO - Sync 1 DAGs
[2021-05-08 11:17:51,424] {logging_mixin.py:104} INFO - [2021-05-08 11:17:51,424] {dag.py:2280} INFO - Setting next_dagrun for sample_dag to 2021-05-06T00:00:00+00:00
[2021-05-08 11:17:51,503] {scheduler_job.py:190} INFO - Processing /home/navneetsajwan/airflow/dags/sample_dag.py took 0.605 seconds
[2021-05-08 11:18:27,423] {scheduler_job.py:182} INFO - Started process (PID=141853) to work on /home/navneetsajwan/airflow/dags/sample_dag.py
[2021-05-08 11:18:27,424] {scheduler_job.py:629} INFO - Processing file /home/navneetsajwan/airflow/dags/sample_dag.py for tasks to queue
[2021-05-08 11:18:27,425] {logging_mixin.py:104} INFO - [2021-05-08 11:18:27,424] {dagbag.py:451} INFO - Filling up the DagBag from /home/navneetsajwan/airflow/dags/sample_dag.py
[2021-05-08 11:18:27,912] {scheduler_job.py:639} INFO - DAG(s) dict_keys(['sample_dag']) retrieved from /home/navneetsajwan/airflow/dags/sample_dag.py
[2021-05-08 11:18:27,923] {logging_mixin.py:104} INFO - [2021-05-08 11:18:27,923] {dag.py:1824} INFO - Sync 1 DAGs
[2021-05-08 11:18:27,938] {logging_mixin.py:104} INFO - [2021-05-08 11:18:27,938] {dag.py:2280} INFO - Setting next_dagrun for sample_dag to 2021-05-06T00:00:00+00:00
[2021-05-08 11:18:28,015] {scheduler_job.py:190} INFO - Processing /home/navneetsajwan/airflow/dags/sample_dag.py took 0.596 seconds
[2021-05-08 11:19:05,273] {scheduler_job.py:182} INFO - Started process (PID=141997) to work on /home/navneetsajwan/airflow/dags/sample_dag.py
[2021-05-08 11:19:05,275] {scheduler_job.py:629} INFO - Processing file /home/navneetsajwan/airflow/dags/sample_dag.py for tasks to queue
[2021-05-08 11:19:05,276] {logging_mixin.py:104} INFO - [2021-05-08 11:19:05,276] {dagbag.py:451} INFO - Filling up the DagBag from /home/navneetsajwan/airflow/dags/sample_dag.py
[2021-05-08 11:19:05,777] {scheduler_job.py:639} INFO - DAG(s) dict_keys(['sample_dag']) retrieved from /home/navneetsajwan/airflow/dags/sample_dag.py
[2021-05-08 11:19:05,788] {logging_mixin.py:104} INFO - [2021-05-08 11:19:05,787] {dag.py:1824} INFO - Sync 1 DAGs
[2021-05-08 11:19:05,802] {logging_mixin.py:104} INFO - [2021-05-08 11:19:05,802] {dag.py:2280} INFO - Setting next_dagrun for sample_dag to 2021-05-06T00:00:00+00:00
[2021-05-08 11:19:05,905] {scheduler_job.py:190} INFO - Processing /home/navneetsajwan/airflow/dags/sample_dag.py took 0.636 seconds
[2021-05-08 11:19:41,025] {scheduler_job.py:182} INFO - Started process (PID=142102) to work on /home/navneetsajwan/airflow/dags/sample_dag.py
[2021-05-08 11:19:41,026] {scheduler_job.py:629} INFO - Processing file /home/navneetsajwan/airflow/dags/sample_dag.py for tasks to queue
[2021-05-08 11:19:41,027] {logging_mixin.py:104} INFO - [2021-05-08 11:19:41,027] {dagbag.py:451} INFO - Filling up the DagBag from /home/navneetsajwan/airflow/dags/sample_dag.py
[2021-05-08 11:19:41,616] {scheduler_job.py:639} INFO - DAG(s) dict_keys(['sample_dag']) retrieved from /home/navneetsajwan/airflow/dags/sample_dag.py
[2021-05-08 11:19:41,634] {logging_mixin.py:104} INFO - [2021-05-08 11:19:41,634] {dag.py:1824} INFO - Sync 1 DAGs
[2021-05-08 11:19:41,653] {logging_mixin.py:104} INFO - [2021-05-08 11:19:41,653] {dag.py:2280} INFO - Setting next_dagrun for sample_dag to 2021-05-06T00:00:00+00:00
[2021-05-08 11:19:41,742] {scheduler_job.py:190} INFO - Processing /home/navneetsajwan/airflow/dags/sample_dag.py took 0.721 seconds
[2021-05-08 11:20:20,057] {scheduler_job.py:182} INFO - Started process (PID=142216) to work on /home/navneetsajwan/airflow/dags/sample_dag.py
[2021-05-08 11:20:20,059] {scheduler_job.py:629} INFO - Processing file /home/navneetsajwan/airflow/dags/sample_dag.py for tasks to queue
[2021-05-08 11:20:20,060] {logging_mixin.py:104} INFO - [2021-05-08 11:20:20,060] {dagbag.py:451} INFO - Filling up the DagBag from /home/navneetsajwan/airflow/dags/sample_dag.py
[2021-05-08 11:20:20,600] {scheduler_job.py:639} INFO - DAG(s) dict_keys(['sample_dag']) retrieved from /home/navneetsajwan/airflow/dags/sample_dag.py
[2021-05-08 11:20:20,616] {logging_mixin.py:104} INFO - [2021-05-08 11:20:20,615] {dag.py:1824} INFO - Sync 1 DAGs
[2021-05-08 11:20:20,633] {logging_mixin.py:104} INFO - [2021-05-08 11:20:20,633] {dag.py:2280} INFO - Setting next_dagrun for sample_dag to 2021-05-06T00:00:00+00:00
[2021-05-08 11:20:20,743] {scheduler_job.py:190} INFO - Processing /home/navneetsajwan/airflow/dags/sample_dag.py took 0.689 seconds
[2021-05-08 11:20:57,508] {scheduler_job.py:182} INFO - Started process (PID=142343) to work on /home/navneetsajwan/airflow/dags/sample_dag.py
[2021-05-08 11:20:57,510] {scheduler_job.py:629} INFO - Processing file /home/navneetsajwan/airflow/dags/sample_dag.py for tasks to queue
[2021-05-08 11:20:57,511] {logging_mixin.py:104} INFO - [2021-05-08 11:20:57,511] {dagbag.py:451} INFO - Filling up the DagBag from /home/navneetsajwan/airflow/dags/sample_dag.py
[2021-05-08 11:20:57,512] {scheduler_job.py:641} WARNING - No viable dags retrieved from /home/navneetsajwan/airflow/dags/sample_dag.py
[2021-05-08 11:20:57,516] {scheduler_job.py:190} INFO - Processing /home/navneetsajwan/airflow/dags/sample_dag.py took 0.013 seconds
[2021-05-08 11:21:32,308] {scheduler_job.py:182} INFO - Started process (PID=142473) to work on /home/navneetsajwan/airflow/dags/sample_dag.py
[2021-05-08 11:21:32,311] {scheduler_job.py:629} INFO - Processing file /home/navneetsajwan/airflow/dags/sample_dag.py for tasks to queue
[2021-05-08 11:21:32,315] {logging_mixin.py:104} INFO - [2021-05-08 11:21:32,315] {dagbag.py:451} INFO - Filling up the DagBag from /home/navneetsajwan/airflow/dags/sample_dag.py
[2021-05-08 11:21:32,316] {scheduler_job.py:641} WARNING - No viable dags retrieved from /home/navneetsajwan/airflow/dags/sample_dag.py
[2021-05-08 11:21:32,319] {scheduler_job.py:190} INFO - Processing /home/navneetsajwan/airflow/dags/sample_dag.py took 0.022 seconds
