[2021-05-08 11:09:20,891] {scheduler_job.py:182} INFO - Started process (PID=140018) to work on /home/navneetsajwan/airflow/dags/sql_to_csv.py
[2021-05-08 11:09:20,893] {scheduler_job.py:629} INFO - Processing file /home/navneetsajwan/airflow/dags/sql_to_csv.py for tasks to queue
[2021-05-08 11:09:20,894] {logging_mixin.py:104} INFO - [2021-05-08 11:09:20,894] {dagbag.py:451} INFO - Filling up the DagBag from /home/navneetsajwan/airflow/dags/sql_to_csv.py
[2021-05-08 11:09:21,725] {scheduler_job.py:639} INFO - DAG(s) dict_keys(['sql_to_csv']) retrieved from /home/navneetsajwan/airflow/dags/sql_to_csv.py
[2021-05-08 11:09:21,744] {logging_mixin.py:104} INFO - [2021-05-08 11:09:21,743] {dag.py:1824} INFO - Sync 1 DAGs
[2021-05-08 11:09:21,756] {logging_mixin.py:104} INFO - [2021-05-08 11:09:21,756] {dag.py:1843} INFO - Creating ORM DAG for sql_to_csv
[2021-05-08 11:09:21,773] {logging_mixin.py:104} INFO - [2021-05-08 11:09:21,772] {dag.py:2280} INFO - Setting next_dagrun for sql_to_csv to 2021-05-06T00:00:00+00:00
[2021-05-08 11:09:21,936] {scheduler_job.py:190} INFO - Processing /home/navneetsajwan/airflow/dags/sql_to_csv.py took 1.049 seconds
[2021-05-08 11:10:31,355] {scheduler_job.py:182} INFO - Started process (PID=140291) to work on /home/navneetsajwan/airflow/dags/sql_to_csv.py
[2021-05-08 11:10:31,357] {scheduler_job.py:629} INFO - Processing file /home/navneetsajwan/airflow/dags/sql_to_csv.py for tasks to queue
[2021-05-08 11:10:31,357] {logging_mixin.py:104} INFO - [2021-05-08 11:10:31,357] {dagbag.py:451} INFO - Filling up the DagBag from /home/navneetsajwan/airflow/dags/sql_to_csv.py
[2021-05-08 11:10:32,007] {scheduler_job.py:639} INFO - DAG(s) dict_keys(['sql_to_csv']) retrieved from /home/navneetsajwan/airflow/dags/sql_to_csv.py
[2021-05-08 11:10:32,023] {logging_mixin.py:104} INFO - [2021-05-08 11:10:32,022] {dag.py:1824} INFO - Sync 1 DAGs
[2021-05-08 11:10:32,048] {logging_mixin.py:104} INFO - [2021-05-08 11:10:32,048] {dag.py:2280} INFO - Setting next_dagrun for sql_to_csv to 2021-05-06T00:00:00+00:00
[2021-05-08 11:10:32,168] {scheduler_job.py:190} INFO - Processing /home/navneetsajwan/airflow/dags/sql_to_csv.py took 0.815 seconds
[2021-05-08 11:11:19,480] {scheduler_job.py:182} INFO - Started process (PID=140437) to work on /home/navneetsajwan/airflow/dags/sql_to_csv.py
[2021-05-08 11:11:19,481] {scheduler_job.py:629} INFO - Processing file /home/navneetsajwan/airflow/dags/sql_to_csv.py for tasks to queue
[2021-05-08 11:11:19,484] {logging_mixin.py:104} INFO - [2021-05-08 11:11:19,483] {dagbag.py:451} INFO - Filling up the DagBag from /home/navneetsajwan/airflow/dags/sql_to_csv.py
[2021-05-08 11:11:20,080] {scheduler_job.py:639} INFO - DAG(s) dict_keys(['sql_to_csv']) retrieved from /home/navneetsajwan/airflow/dags/sql_to_csv.py
[2021-05-08 11:11:20,090] {logging_mixin.py:104} INFO - [2021-05-08 11:11:20,090] {dag.py:1824} INFO - Sync 1 DAGs
[2021-05-08 11:11:20,104] {logging_mixin.py:104} INFO - [2021-05-08 11:11:20,104] {dag.py:2280} INFO - Setting next_dagrun for sql_to_csv to 2021-05-06T00:00:00+00:00
[2021-05-08 11:11:20,189] {scheduler_job.py:190} INFO - Processing /home/navneetsajwan/airflow/dags/sql_to_csv.py took 0.714 seconds
[2021-05-08 11:12:09,880] {scheduler_job.py:182} INFO - Started process (PID=140610) to work on /home/navneetsajwan/airflow/dags/sql_to_csv.py
[2021-05-08 11:12:09,881] {scheduler_job.py:629} INFO - Processing file /home/navneetsajwan/airflow/dags/sql_to_csv.py for tasks to queue
[2021-05-08 11:12:09,882] {logging_mixin.py:104} INFO - [2021-05-08 11:12:09,882] {dagbag.py:451} INFO - Filling up the DagBag from /home/navneetsajwan/airflow/dags/sql_to_csv.py
[2021-05-08 11:12:10,682] {scheduler_job.py:639} INFO - DAG(s) dict_keys(['sql_to_csv']) retrieved from /home/navneetsajwan/airflow/dags/sql_to_csv.py
[2021-05-08 11:12:10,702] {logging_mixin.py:104} INFO - [2021-05-08 11:12:10,701] {dag.py:1824} INFO - Sync 1 DAGs
[2021-05-08 11:12:10,734] {logging_mixin.py:104} INFO - [2021-05-08 11:12:10,733] {dag.py:2280} INFO - Setting next_dagrun for sql_to_csv to 2021-05-06T00:00:00+00:00
[2021-05-08 11:12:10,861] {scheduler_job.py:190} INFO - Processing /home/navneetsajwan/airflow/dags/sql_to_csv.py took 0.985 seconds
[2021-05-08 11:13:09,697] {scheduler_job.py:182} INFO - Started process (PID=140808) to work on /home/navneetsajwan/airflow/dags/sql_to_csv.py
[2021-05-08 11:13:09,700] {scheduler_job.py:629} INFO - Processing file /home/navneetsajwan/airflow/dags/sql_to_csv.py for tasks to queue
[2021-05-08 11:13:09,701] {logging_mixin.py:104} INFO - [2021-05-08 11:13:09,700] {dagbag.py:451} INFO - Filling up the DagBag from /home/navneetsajwan/airflow/dags/sql_to_csv.py
[2021-05-08 11:13:10,335] {scheduler_job.py:639} INFO - DAG(s) dict_keys(['sql_to_csv']) retrieved from /home/navneetsajwan/airflow/dags/sql_to_csv.py
[2021-05-08 11:13:10,347] {logging_mixin.py:104} INFO - [2021-05-08 11:13:10,347] {dag.py:1824} INFO - Sync 1 DAGs
[2021-05-08 11:13:10,365] {logging_mixin.py:104} INFO - [2021-05-08 11:13:10,365] {dag.py:2280} INFO - Setting next_dagrun for sql_to_csv to 2021-05-06T00:00:00+00:00
[2021-05-08 11:13:10,493] {scheduler_job.py:190} INFO - Processing /home/navneetsajwan/airflow/dags/sql_to_csv.py took 0.800 seconds
[2021-05-08 11:14:00,500] {scheduler_job.py:182} INFO - Started process (PID=140973) to work on /home/navneetsajwan/airflow/dags/sql_to_csv.py
[2021-05-08 11:14:00,501] {scheduler_job.py:629} INFO - Processing file /home/navneetsajwan/airflow/dags/sql_to_csv.py for tasks to queue
[2021-05-08 11:14:00,503] {logging_mixin.py:104} INFO - [2021-05-08 11:14:00,503] {dagbag.py:451} INFO - Filling up the DagBag from /home/navneetsajwan/airflow/dags/sql_to_csv.py
[2021-05-08 11:14:01,110] {scheduler_job.py:639} INFO - DAG(s) dict_keys(['sql_to_csv']) retrieved from /home/navneetsajwan/airflow/dags/sql_to_csv.py
[2021-05-08 11:14:01,126] {logging_mixin.py:104} INFO - [2021-05-08 11:14:01,126] {dag.py:1824} INFO - Sync 1 DAGs
[2021-05-08 11:14:01,152] {logging_mixin.py:104} INFO - [2021-05-08 11:14:01,151] {dag.py:2280} INFO - Setting next_dagrun for sql_to_csv to 2021-05-06T00:00:00+00:00
[2021-05-08 11:14:01,262] {scheduler_job.py:190} INFO - Processing /home/navneetsajwan/airflow/dags/sql_to_csv.py took 0.765 seconds
[2021-05-08 11:14:54,998] {scheduler_job.py:182} INFO - Started process (PID=141191) to work on /home/navneetsajwan/airflow/dags/sql_to_csv.py
[2021-05-08 11:14:55,000] {scheduler_job.py:629} INFO - Processing file /home/navneetsajwan/airflow/dags/sql_to_csv.py for tasks to queue
[2021-05-08 11:14:55,001] {logging_mixin.py:104} INFO - [2021-05-08 11:14:55,001] {dagbag.py:451} INFO - Filling up the DagBag from /home/navneetsajwan/airflow/dags/sql_to_csv.py
[2021-05-08 11:14:55,479] {scheduler_job.py:639} INFO - DAG(s) dict_keys(['sql_to_csv']) retrieved from /home/navneetsajwan/airflow/dags/sql_to_csv.py
[2021-05-08 11:14:55,489] {logging_mixin.py:104} INFO - [2021-05-08 11:14:55,489] {dag.py:1824} INFO - Sync 1 DAGs
[2021-05-08 11:14:55,503] {logging_mixin.py:104} INFO - [2021-05-08 11:14:55,503] {dag.py:2280} INFO - Setting next_dagrun for sql_to_csv to 2021-05-06T00:00:00+00:00
[2021-05-08 11:14:55,607] {scheduler_job.py:190} INFO - Processing /home/navneetsajwan/airflow/dags/sql_to_csv.py took 0.613 seconds
[2021-05-08 11:15:48,527] {scheduler_job.py:182} INFO - Started process (PID=141343) to work on /home/navneetsajwan/airflow/dags/sql_to_csv.py
[2021-05-08 11:15:48,528] {scheduler_job.py:629} INFO - Processing file /home/navneetsajwan/airflow/dags/sql_to_csv.py for tasks to queue
[2021-05-08 11:15:48,529] {logging_mixin.py:104} INFO - [2021-05-08 11:15:48,529] {dagbag.py:451} INFO - Filling up the DagBag from /home/navneetsajwan/airflow/dags/sql_to_csv.py
[2021-05-08 11:15:49,094] {scheduler_job.py:639} INFO - DAG(s) dict_keys(['sql_to_csv']) retrieved from /home/navneetsajwan/airflow/dags/sql_to_csv.py
[2021-05-08 11:15:49,105] {logging_mixin.py:104} INFO - [2021-05-08 11:15:49,105] {dag.py:1824} INFO - Sync 1 DAGs
[2021-05-08 11:15:49,123] {logging_mixin.py:104} INFO - [2021-05-08 11:15:49,123] {dag.py:2280} INFO - Setting next_dagrun for sql_to_csv to 2021-05-06T00:00:00+00:00
[2021-05-08 11:15:49,211] {scheduler_job.py:190} INFO - Processing /home/navneetsajwan/airflow/dags/sql_to_csv.py took 0.687 seconds
[2021-05-08 11:16:46,520] {scheduler_job.py:182} INFO - Started process (PID=141515) to work on /home/navneetsajwan/airflow/dags/sql_to_csv.py
[2021-05-08 11:16:46,522] {scheduler_job.py:629} INFO - Processing file /home/navneetsajwan/airflow/dags/sql_to_csv.py for tasks to queue
[2021-05-08 11:16:46,523] {logging_mixin.py:104} INFO - [2021-05-08 11:16:46,523] {dagbag.py:451} INFO - Filling up the DagBag from /home/navneetsajwan/airflow/dags/sql_to_csv.py
[2021-05-08 11:16:47,015] {scheduler_job.py:639} INFO - DAG(s) dict_keys(['sql_to_csv']) retrieved from /home/navneetsajwan/airflow/dags/sql_to_csv.py
[2021-05-08 11:16:47,024] {logging_mixin.py:104} INFO - [2021-05-08 11:16:47,024] {dag.py:1824} INFO - Sync 1 DAGs
[2021-05-08 11:16:47,039] {logging_mixin.py:104} INFO - [2021-05-08 11:16:47,039] {dag.py:2280} INFO - Setting next_dagrun for sql_to_csv to 2021-05-06T00:00:00+00:00
[2021-05-08 11:16:47,126] {scheduler_job.py:190} INFO - Processing /home/navneetsajwan/airflow/dags/sql_to_csv.py took 0.609 seconds
[2021-05-08 11:17:41,078] {scheduler_job.py:182} INFO - Started process (PID=141670) to work on /home/navneetsajwan/airflow/dags/sql_to_csv.py
[2021-05-08 11:17:41,080] {scheduler_job.py:629} INFO - Processing file /home/navneetsajwan/airflow/dags/sql_to_csv.py for tasks to queue
[2021-05-08 11:17:41,081] {logging_mixin.py:104} INFO - [2021-05-08 11:17:41,081] {dagbag.py:451} INFO - Filling up the DagBag from /home/navneetsajwan/airflow/dags/sql_to_csv.py
[2021-05-08 11:17:41,695] {scheduler_job.py:639} INFO - DAG(s) dict_keys(['sql_to_csv']) retrieved from /home/navneetsajwan/airflow/dags/sql_to_csv.py
[2021-05-08 11:17:41,706] {logging_mixin.py:104} INFO - [2021-05-08 11:17:41,706] {dag.py:1824} INFO - Sync 1 DAGs
[2021-05-08 11:17:41,723] {logging_mixin.py:104} INFO - [2021-05-08 11:17:41,722] {dag.py:2280} INFO - Setting next_dagrun for sql_to_csv to 2021-05-06T00:00:00+00:00
[2021-05-08 11:17:41,825] {scheduler_job.py:190} INFO - Processing /home/navneetsajwan/airflow/dags/sql_to_csv.py took 0.751 seconds
[2021-05-08 11:18:40,675] {scheduler_job.py:182} INFO - Started process (PID=141900) to work on /home/navneetsajwan/airflow/dags/sql_to_csv.py
[2021-05-08 11:18:40,677] {scheduler_job.py:629} INFO - Processing file /home/navneetsajwan/airflow/dags/sql_to_csv.py for tasks to queue
[2021-05-08 11:18:40,677] {logging_mixin.py:104} INFO - [2021-05-08 11:18:40,677] {dagbag.py:451} INFO - Filling up the DagBag from /home/navneetsajwan/airflow/dags/sql_to_csv.py
[2021-05-08 11:18:41,433] {scheduler_job.py:639} INFO - DAG(s) dict_keys(['sql_to_csv']) retrieved from /home/navneetsajwan/airflow/dags/sql_to_csv.py
[2021-05-08 11:18:41,449] {logging_mixin.py:104} INFO - [2021-05-08 11:18:41,449] {dag.py:1824} INFO - Sync 1 DAGs
[2021-05-08 11:18:41,475] {logging_mixin.py:104} INFO - [2021-05-08 11:18:41,475] {dag.py:2280} INFO - Setting next_dagrun for sql_to_csv to 2021-05-06T00:00:00+00:00
[2021-05-08 11:18:41,573] {scheduler_job.py:190} INFO - Processing /home/navneetsajwan/airflow/dags/sql_to_csv.py took 0.903 seconds
[2021-05-08 11:19:35,860] {scheduler_job.py:182} INFO - Started process (PID=142089) to work on /home/navneetsajwan/airflow/dags/sql_to_csv.py
[2021-05-08 11:19:35,862] {scheduler_job.py:629} INFO - Processing file /home/navneetsajwan/airflow/dags/sql_to_csv.py for tasks to queue
[2021-05-08 11:19:35,863] {logging_mixin.py:104} INFO - [2021-05-08 11:19:35,863] {dagbag.py:451} INFO - Filling up the DagBag from /home/navneetsajwan/airflow/dags/sql_to_csv.py
[2021-05-08 11:19:36,423] {scheduler_job.py:639} INFO - DAG(s) dict_keys(['sql_to_csv']) retrieved from /home/navneetsajwan/airflow/dags/sql_to_csv.py
[2021-05-08 11:19:36,435] {logging_mixin.py:104} INFO - [2021-05-08 11:19:36,435] {dag.py:1824} INFO - Sync 1 DAGs
[2021-05-08 11:19:36,452] {logging_mixin.py:104} INFO - [2021-05-08 11:19:36,451] {dag.py:2280} INFO - Setting next_dagrun for sql_to_csv to 2021-05-06T00:00:00+00:00
[2021-05-08 11:19:36,529] {scheduler_job.py:190} INFO - Processing /home/navneetsajwan/airflow/dags/sql_to_csv.py took 0.672 seconds
[2021-05-08 11:20:33,417] {scheduler_job.py:182} INFO - Started process (PID=142251) to work on /home/navneetsajwan/airflow/dags/sql_to_csv.py
[2021-05-08 11:20:33,419] {scheduler_job.py:629} INFO - Processing file /home/navneetsajwan/airflow/dags/sql_to_csv.py for tasks to queue
[2021-05-08 11:20:33,422] {logging_mixin.py:104} INFO - [2021-05-08 11:20:33,421] {dagbag.py:451} INFO - Filling up the DagBag from /home/navneetsajwan/airflow/dags/sql_to_csv.py
[2021-05-08 11:20:34,180] {scheduler_job.py:639} INFO - DAG(s) dict_keys(['sql_to_csv']) retrieved from /home/navneetsajwan/airflow/dags/sql_to_csv.py
[2021-05-08 11:20:34,194] {logging_mixin.py:104} INFO - [2021-05-08 11:20:34,193] {dag.py:1824} INFO - Sync 1 DAGs
[2021-05-08 11:20:34,216] {logging_mixin.py:104} INFO - [2021-05-08 11:20:34,216] {dag.py:2280} INFO - Setting next_dagrun for sql_to_csv to 2021-05-06T00:00:00+00:00
[2021-05-08 11:20:34,298] {scheduler_job.py:190} INFO - Processing /home/navneetsajwan/airflow/dags/sql_to_csv.py took 0.884 seconds
[2021-05-08 11:21:27,697] {scheduler_job.py:182} INFO - Started process (PID=142446) to work on /home/navneetsajwan/airflow/dags/sql_to_csv.py
[2021-05-08 11:21:27,699] {scheduler_job.py:629} INFO - Processing file /home/navneetsajwan/airflow/dags/sql_to_csv.py for tasks to queue
[2021-05-08 11:21:27,700] {logging_mixin.py:104} INFO - [2021-05-08 11:21:27,700] {dagbag.py:451} INFO - Filling up the DagBag from /home/navneetsajwan/airflow/dags/sql_to_csv.py
[2021-05-08 11:21:27,701] {scheduler_job.py:641} WARNING - No viable dags retrieved from /home/navneetsajwan/airflow/dags/sql_to_csv.py
[2021-05-08 11:21:27,702] {scheduler_job.py:190} INFO - Processing /home/navneetsajwan/airflow/dags/sql_to_csv.py took 0.009 seconds
