[2021-05-08 17:34:47,002] {taskinstance.py:877} INFO - Dependencies all met for <TaskInstance: dag_4.detect_schemas 2021-05-07T00:00:00+00:00 [queued]>
[2021-05-08 17:34:47,022] {taskinstance.py:877} INFO - Dependencies all met for <TaskInstance: dag_4.detect_schemas 2021-05-07T00:00:00+00:00 [queued]>
[2021-05-08 17:34:47,022] {taskinstance.py:1068} INFO - 
--------------------------------------------------------------------------------
[2021-05-08 17:34:47,022] {taskinstance.py:1069} INFO - Starting attempt 2 of 4
[2021-05-08 17:34:47,022] {taskinstance.py:1070} INFO - 
--------------------------------------------------------------------------------
[2021-05-08 17:34:47,143] {taskinstance.py:1089} INFO - Executing <Task(PythonOperator): detect_schemas> on 2021-05-07T00:00:00+00:00
[2021-05-08 17:34:47,148] {standard_task_runner.py:52} INFO - Started process 184051 to run task
[2021-05-08 17:34:47,153] {standard_task_runner.py:76} INFO - Running: ['airflow', 'tasks', 'run', 'dag_4', 'detect_schemas', '2021-05-07T00:00:00+00:00', '--job-id', '68', '--pool', 'default_pool', '--raw', '--subdir', '/home/navneetsajwan/airflow/dags/dag__4.py', '--cfg-path', '/tmp/tmpz_b6xjs7', '--error-file', '/tmp/tmpcgmtgtpd']
[2021-05-08 17:34:47,154] {standard_task_runner.py:77} INFO - Job 68: Subtask detect_schemas
[2021-05-08 17:34:47,278] {logging_mixin.py:104} INFO - Running <TaskInstance: dag_4.detect_schemas 2021-05-07T00:00:00+00:00 [running]> on host navneetsajwan-Lenovo-G50-80
[2021-05-08 17:34:47,302] {taskinstance.py:1281} INFO - Exporting the following env vars:
AIRFLOW_CTX_DAG_EMAIL=navneet@metaorigins.com
AIRFLOW_CTX_DAG_OWNER=airflow
AIRFLOW_CTX_DAG_ID=dag_4
AIRFLOW_CTX_TASK_ID=detect_schemas
AIRFLOW_CTX_EXECUTION_DATE=2021-05-07T00:00:00+00:00
AIRFLOW_CTX_DAG_RUN_ID=scheduled__2021-05-07T00:00:00+00:00
[2021-05-08 17:34:47,304] {python.py:118} INFO - Done. Returned value was: None
[2021-05-08 17:34:47,308] {taskinstance.py:1185} INFO - Marking task as SUCCESS. dag_id=dag_4, task_id=detect_schemas, execution_date=20210507T000000, start_date=20210508T120447, end_date=20210508T120447
[2021-05-08 17:34:47,610] {taskinstance.py:1246} INFO - 1 downstream tasks scheduled from follow-on schedule check
[2021-05-08 17:34:47,645] {local_task_job.py:146} INFO - Task exited with return code 0
