[2021-05-08 18:35:20,593] {taskinstance.py:877} INFO - Dependencies all met for <TaskInstance: dag_4.detect_schemas 2021-05-07T00:00:00+00:00 [queued]>
[2021-05-08 18:35:20,615] {taskinstance.py:877} INFO - Dependencies all met for <TaskInstance: dag_4.detect_schemas 2021-05-07T00:00:00+00:00 [queued]>
[2021-05-08 18:35:20,616] {taskinstance.py:1068} INFO - 
--------------------------------------------------------------------------------
[2021-05-08 18:35:20,616] {taskinstance.py:1069} INFO - Starting attempt 4 of 6
[2021-05-08 18:35:20,616] {taskinstance.py:1070} INFO - 
--------------------------------------------------------------------------------
[2021-05-08 18:35:20,846] {taskinstance.py:1089} INFO - Executing <Task(PythonOperator): detect_schemas> on 2021-05-07T00:00:00+00:00
[2021-05-08 18:35:20,849] {standard_task_runner.py:52} INFO - Started process 192055 to run task
[2021-05-08 18:35:20,855] {standard_task_runner.py:76} INFO - Running: ['airflow', 'tasks', 'run', 'dag_4', 'detect_schemas', '2021-05-07T00:00:00+00:00', '--job-id', '78', '--pool', 'default_pool', '--raw', '--subdir', '/home/navneetsajwan/airflow/dags/dag__4.py', '--cfg-path', '/tmp/tmpihed8jx0', '--error-file', '/tmp/tmpn15pr361']
[2021-05-08 18:35:20,856] {standard_task_runner.py:77} INFO - Job 78: Subtask detect_schemas
[2021-05-08 18:35:20,982] {logging_mixin.py:104} INFO - Running <TaskInstance: dag_4.detect_schemas 2021-05-07T00:00:00+00:00 [running]> on host navneetsajwan-Lenovo-G50-80
[2021-05-08 18:35:21,008] {taskinstance.py:1281} INFO - Exporting the following env vars:
AIRFLOW_CTX_DAG_EMAIL=navneet@metaorigins.com
AIRFLOW_CTX_DAG_OWNER=airflow
AIRFLOW_CTX_DAG_ID=dag_4
AIRFLOW_CTX_TASK_ID=detect_schemas
AIRFLOW_CTX_EXECUTION_DATE=2021-05-07T00:00:00+00:00
AIRFLOW_CTX_DAG_RUN_ID=scheduled__2021-05-07T00:00:00+00:00
[2021-05-08 18:35:21,010] {python.py:118} INFO - Done. Returned value was: None
[2021-05-08 18:35:21,014] {taskinstance.py:1185} INFO - Marking task as SUCCESS. dag_id=dag_4, task_id=detect_schemas, execution_date=20210507T000000, start_date=20210508T130520, end_date=20210508T130521
[2021-05-08 18:35:21,257] {taskinstance.py:1246} INFO - 1 downstream tasks scheduled from follow-on schedule check
[2021-05-08 18:35:21,267] {local_task_job.py:146} INFO - Task exited with return code 0
