[2021-05-08 18:45:19,756] {taskinstance.py:877} INFO - Dependencies all met for <TaskInstance: dag_4.detect_schemas 2021-05-07T00:00:00+00:00 [queued]>
[2021-05-08 18:45:19,778] {taskinstance.py:877} INFO - Dependencies all met for <TaskInstance: dag_4.detect_schemas 2021-05-07T00:00:00+00:00 [queued]>
[2021-05-08 18:45:19,778] {taskinstance.py:1068} INFO - 
--------------------------------------------------------------------------------
[2021-05-08 18:45:19,778] {taskinstance.py:1069} INFO - Starting attempt 6 of 8
[2021-05-08 18:45:19,778] {taskinstance.py:1070} INFO - 
--------------------------------------------------------------------------------
[2021-05-08 18:45:20,051] {taskinstance.py:1089} INFO - Executing <Task(PythonOperator): detect_schemas> on 2021-05-07T00:00:00+00:00
[2021-05-08 18:45:20,055] {standard_task_runner.py:52} INFO - Started process 193527 to run task
[2021-05-08 18:45:20,062] {standard_task_runner.py:76} INFO - Running: ['airflow', 'tasks', 'run', 'dag_4', 'detect_schemas', '2021-05-07T00:00:00+00:00', '--job-id', '88', '--pool', 'default_pool', '--raw', '--subdir', '/home/navneetsajwan/airflow/dags/dag__4.py', '--cfg-path', '/tmp/tmp6byv6ob6', '--error-file', '/tmp/tmp8u7nwycn']
[2021-05-08 18:45:20,063] {standard_task_runner.py:77} INFO - Job 88: Subtask detect_schemas
[2021-05-08 18:45:20,215] {logging_mixin.py:104} INFO - Running <TaskInstance: dag_4.detect_schemas 2021-05-07T00:00:00+00:00 [running]> on host navneetsajwan-Lenovo-G50-80
[2021-05-08 18:45:20,239] {taskinstance.py:1281} INFO - Exporting the following env vars:
AIRFLOW_CTX_DAG_EMAIL=navneet@metaorigins.com
AIRFLOW_CTX_DAG_OWNER=airflow
AIRFLOW_CTX_DAG_ID=dag_4
AIRFLOW_CTX_TASK_ID=detect_schemas
AIRFLOW_CTX_EXECUTION_DATE=2021-05-07T00:00:00+00:00
AIRFLOW_CTX_DAG_RUN_ID=scheduled__2021-05-07T00:00:00+00:00
[2021-05-08 18:45:20,240] {python.py:118} INFO - Done. Returned value was: None
[2021-05-08 18:45:20,244] {taskinstance.py:1185} INFO - Marking task as SUCCESS. dag_id=dag_4, task_id=detect_schemas, execution_date=20210507T000000, start_date=20210508T131519, end_date=20210508T131520
[2021-05-08 18:45:20,547] {taskinstance.py:1246} INFO - 1 downstream tasks scheduled from follow-on schedule check
[2021-05-08 18:45:20,553] {local_task_job.py:146} INFO - Task exited with return code 0
