[2021-05-08 11:07:56,990] {taskinstance.py:877} INFO - Dependencies all met for <TaskInstance: example_bash_operator.runme_2 2021-05-06T00:00:00+00:00 [queued]>
[2021-05-08 11:07:57,002] {taskinstance.py:877} INFO - Dependencies all met for <TaskInstance: example_bash_operator.runme_2 2021-05-06T00:00:00+00:00 [queued]>
[2021-05-08 11:07:57,003] {taskinstance.py:1068} INFO - 
--------------------------------------------------------------------------------
[2021-05-08 11:07:57,003] {taskinstance.py:1069} INFO - Starting attempt 1 of 1
[2021-05-08 11:07:57,003] {taskinstance.py:1070} INFO - 
--------------------------------------------------------------------------------
[2021-05-08 11:07:57,120] {taskinstance.py:1089} INFO - Executing <Task(BashOperator): runme_2> on 2021-05-06T00:00:00+00:00
[2021-05-08 11:07:57,125] {standard_task_runner.py:52} INFO - Started process 139621 to run task
[2021-05-08 11:07:57,135] {standard_task_runner.py:76} INFO - Running: ['airflow', 'tasks', 'run', 'example_bash_operator', 'runme_2', '2021-05-06T00:00:00+00:00', '--job-id', '13', '--pool', 'default_pool', '--raw', '--subdir', '/home/navneetsajwan/airflow/etl/lib/python3.8/site-packages/airflow/example_dags/example_bash_operator.py', '--cfg-path', '/tmp/tmp58k66vo2', '--error-file', '/tmp/tmpma_bteep']
[2021-05-08 11:07:57,136] {standard_task_runner.py:77} INFO - Job 13: Subtask runme_2
[2021-05-08 11:07:57,253] {logging_mixin.py:104} INFO - Running <TaskInstance: example_bash_operator.runme_2 2021-05-06T00:00:00+00:00 [running]> on host navneetsajwan-Lenovo-G50-80
[2021-05-08 11:07:57,381] {taskinstance.py:1281} INFO - Exporting the following env vars:
AIRFLOW_CTX_DAG_OWNER=airflow
AIRFLOW_CTX_DAG_ID=example_bash_operator
AIRFLOW_CTX_TASK_ID=runme_2
AIRFLOW_CTX_EXECUTION_DATE=2021-05-06T00:00:00+00:00
AIRFLOW_CTX_DAG_RUN_ID=scheduled__2021-05-06T00:00:00+00:00
[2021-05-08 11:07:57,382] {bash.py:135} INFO - Tmp dir root location: 
 /tmp
[2021-05-08 11:07:57,383] {bash.py:158} INFO - Running command: echo "example_bash_operator__runme_2__20210506" && sleep 1
[2021-05-08 11:07:57,389] {bash.py:169} INFO - Output:
[2021-05-08 11:07:57,390] {bash.py:173} INFO - example_bash_operator__runme_2__20210506
[2021-05-08 11:07:58,391] {bash.py:177} INFO - Command exited with return code 0
[2021-05-08 11:07:58,529] {taskinstance.py:1185} INFO - Marking task as SUCCESS. dag_id=example_bash_operator, task_id=runme_2, execution_date=20210506T000000, start_date=20210508T053756, end_date=20210508T053758
[2021-05-08 11:07:58,931] {taskinstance.py:1246} INFO - 1 downstream tasks scheduled from follow-on schedule check
[2021-05-08 11:07:58,953] {local_task_job.py:146} INFO - Task exited with return code 0
