[2021-05-08 11:08:45,548] {taskinstance.py:877} INFO - Dependencies all met for <TaskInstance: example_bash_operator.run_after_loop 2021-05-07T00:00:00+00:00 [queued]>
[2021-05-08 11:08:45,557] {taskinstance.py:877} INFO - Dependencies all met for <TaskInstance: example_bash_operator.run_after_loop 2021-05-07T00:00:00+00:00 [queued]>
[2021-05-08 11:08:45,557] {taskinstance.py:1068} INFO - 
--------------------------------------------------------------------------------
[2021-05-08 11:08:45,557] {taskinstance.py:1069} INFO - Starting attempt 1 of 1
[2021-05-08 11:08:45,557] {taskinstance.py:1070} INFO - 
--------------------------------------------------------------------------------
[2021-05-08 11:08:45,699] {taskinstance.py:1089} INFO - Executing <Task(BashOperator): run_after_loop> on 2021-05-07T00:00:00+00:00
[2021-05-08 11:08:45,703] {standard_task_runner.py:52} INFO - Started process 139836 to run task
[2021-05-08 11:08:45,714] {standard_task_runner.py:76} INFO - Running: ['airflow', 'tasks', 'run', 'example_bash_operator', 'run_after_loop', '2021-05-07T00:00:00+00:00', '--job-id', '25', '--pool', 'default_pool', '--raw', '--subdir', '/home/navneetsajwan/airflow/etl/lib/python3.8/site-packages/airflow/example_dags/example_bash_operator.py', '--cfg-path', '/tmp/tmpsmd00k97', '--error-file', '/tmp/tmp3ro3v7mt']
[2021-05-08 11:08:45,715] {standard_task_runner.py:77} INFO - Job 25: Subtask run_after_loop
[2021-05-08 11:08:45,961] {logging_mixin.py:104} INFO - Running <TaskInstance: example_bash_operator.run_after_loop 2021-05-07T00:00:00+00:00 [running]> on host navneetsajwan-Lenovo-G50-80
[2021-05-08 11:08:46,060] {taskinstance.py:1281} INFO - Exporting the following env vars:
AIRFLOW_CTX_DAG_OWNER=airflow
AIRFLOW_CTX_DAG_ID=example_bash_operator
AIRFLOW_CTX_TASK_ID=run_after_loop
AIRFLOW_CTX_EXECUTION_DATE=2021-05-07T00:00:00+00:00
AIRFLOW_CTX_DAG_RUN_ID=scheduled__2021-05-07T00:00:00+00:00
[2021-05-08 11:08:46,061] {bash.py:135} INFO - Tmp dir root location: 
 /tmp
[2021-05-08 11:08:46,062] {bash.py:158} INFO - Running command: echo 1
[2021-05-08 11:08:46,071] {bash.py:169} INFO - Output:
[2021-05-08 11:08:46,073] {bash.py:173} INFO - 1
[2021-05-08 11:08:46,073] {bash.py:177} INFO - Command exited with return code 0
[2021-05-08 11:08:46,170] {taskinstance.py:1185} INFO - Marking task as SUCCESS. dag_id=example_bash_operator, task_id=run_after_loop, execution_date=20210507T000000, start_date=20210508T053845, end_date=20210508T053846
[2021-05-08 11:08:46,798] {taskinstance.py:1246} INFO - 1 downstream tasks scheduled from follow-on schedule check
[2021-05-08 11:08:46,820] {local_task_job.py:146} INFO - Task exited with return code 0
