[2021-05-08 15:33:48,907] {taskinstance.py:877} INFO - Dependencies all met for <TaskInstance: dag_4.today_dir 2021-05-07T00:00:00+00:00 [queued]>
[2021-05-08 15:33:48,927] {taskinstance.py:877} INFO - Dependencies all met for <TaskInstance: dag_4.today_dir 2021-05-07T00:00:00+00:00 [queued]>
[2021-05-08 15:33:48,927] {taskinstance.py:1068} INFO - 
--------------------------------------------------------------------------------
[2021-05-08 15:33:48,928] {taskinstance.py:1069} INFO - Starting attempt 1 of 3
[2021-05-08 15:33:48,928] {taskinstance.py:1070} INFO - 
--------------------------------------------------------------------------------
[2021-05-08 15:33:49,056] {taskinstance.py:1089} INFO - Executing <Task(PythonOperator): today_dir> on 2021-05-07T00:00:00+00:00
[2021-05-08 15:33:49,059] {standard_task_runner.py:52} INFO - Started process 165375 to run task
[2021-05-08 15:33:49,063] {standard_task_runner.py:76} INFO - Running: ['airflow', 'tasks', 'run', 'dag_4', 'today_dir', '2021-05-07T00:00:00+00:00', '--job-id', '53', '--pool', 'default_pool', '--raw', '--subdir', '/home/navneetsajwan/airflow/dags/dag__4.py', '--cfg-path', '/tmp/tmpm5qpyssk', '--error-file', '/tmp/tmp7aaz8pjc']
[2021-05-08 15:33:49,064] {standard_task_runner.py:77} INFO - Job 53: Subtask today_dir
[2021-05-08 15:33:49,183] {logging_mixin.py:104} INFO - Running <TaskInstance: dag_4.today_dir 2021-05-07T00:00:00+00:00 [running]> on host navneetsajwan-Lenovo-G50-80
[2021-05-08 15:33:49,339] {taskinstance.py:1281} INFO - Exporting the following env vars:
AIRFLOW_CTX_DAG_EMAIL=navneet@metaorigins.com
AIRFLOW_CTX_DAG_OWNER=airflow
AIRFLOW_CTX_DAG_ID=dag_4
AIRFLOW_CTX_TASK_ID=today_dir
AIRFLOW_CTX_EXECUTION_DATE=2021-05-07T00:00:00+00:00
AIRFLOW_CTX_DAG_RUN_ID=scheduled__2021-05-07T00:00:00+00:00
[2021-05-08 15:33:49,339] {logging_mixin.py:104} INFO - create directory
[2021-05-08 15:33:49,340] {python.py:118} INFO - Done. Returned value was: None
[2021-05-08 15:33:49,344] {taskinstance.py:1185} INFO - Marking task as SUCCESS. dag_id=dag_4, task_id=today_dir, execution_date=20210507T000000, start_date=20210508T100348, end_date=20210508T100349
[2021-05-08 15:33:49,600] {taskinstance.py:1246} INFO - 1 downstream tasks scheduled from follow-on schedule check
[2021-05-08 15:33:49,635] {local_task_job.py:146} INFO - Task exited with return code 0
