[2021-05-08 15:35:46,264] {taskinstance.py:877} INFO - Dependencies all met for <TaskInstance: dag_4.today_dir 2021-05-07T00:00:00+00:00 [queued]>
[2021-05-08 15:35:46,276] {taskinstance.py:877} INFO - Dependencies all met for <TaskInstance: dag_4.today_dir 2021-05-07T00:00:00+00:00 [queued]>
[2021-05-08 15:35:46,276] {taskinstance.py:1068} INFO - 
--------------------------------------------------------------------------------
[2021-05-08 15:35:46,276] {taskinstance.py:1069} INFO - Starting attempt 2 of 4
[2021-05-08 15:35:46,277] {taskinstance.py:1070} INFO - 
--------------------------------------------------------------------------------
[2021-05-08 15:35:46,419] {taskinstance.py:1089} INFO - Executing <Task(PythonOperator): today_dir> on 2021-05-07T00:00:00+00:00
[2021-05-08 15:35:46,422] {standard_task_runner.py:52} INFO - Started process 165728 to run task
[2021-05-08 15:35:46,427] {standard_task_runner.py:76} INFO - Running: ['airflow', 'tasks', 'run', 'dag_4', 'today_dir', '2021-05-07T00:00:00+00:00', '--job-id', '56', '--pool', 'default_pool', '--raw', '--subdir', '/home/navneetsajwan/airflow/dags/dag__4.py', '--cfg-path', '/tmp/tmp28mri6jf', '--error-file', '/tmp/tmptpler9vk']
[2021-05-08 15:35:46,428] {standard_task_runner.py:77} INFO - Job 56: Subtask today_dir
[2021-05-08 15:35:46,587] {logging_mixin.py:104} INFO - Running <TaskInstance: dag_4.today_dir 2021-05-07T00:00:00+00:00 [running]> on host navneetsajwan-Lenovo-G50-80
[2021-05-08 15:35:46,622] {taskinstance.py:1281} INFO - Exporting the following env vars:
AIRFLOW_CTX_DAG_EMAIL=navneet@metaorigins.com
AIRFLOW_CTX_DAG_OWNER=airflow
AIRFLOW_CTX_DAG_ID=dag_4
AIRFLOW_CTX_TASK_ID=today_dir
AIRFLOW_CTX_EXECUTION_DATE=2021-05-07T00:00:00+00:00
AIRFLOW_CTX_DAG_RUN_ID=scheduled__2021-05-07T00:00:00+00:00
[2021-05-08 15:35:46,623] {logging_mixin.py:104} INFO - create directory
[2021-05-08 15:35:46,624] {python.py:118} INFO - Done. Returned value was: None
[2021-05-08 15:35:46,630] {taskinstance.py:1185} INFO - Marking task as SUCCESS. dag_id=dag_4, task_id=today_dir, execution_date=20210507T000000, start_date=20210508T100546, end_date=20210508T100546
[2021-05-08 15:35:46,918] {taskinstance.py:1246} INFO - 1 downstream tasks scheduled from follow-on schedule check
[2021-05-08 15:35:46,959] {local_task_job.py:146} INFO - Task exited with return code 0
