[2021-05-08 17:08:28,268] {taskinstance.py:877} INFO - Dependencies all met for <TaskInstance: dag_4.today_dir 2021-05-07T00:00:00+00:00 [queued]>
[2021-05-08 17:08:28,291] {taskinstance.py:877} INFO - Dependencies all met for <TaskInstance: dag_4.today_dir 2021-05-07T00:00:00+00:00 [queued]>
[2021-05-08 17:08:28,291] {taskinstance.py:1068} INFO - 
--------------------------------------------------------------------------------
[2021-05-08 17:08:28,291] {taskinstance.py:1069} INFO - Starting attempt 4 of 6
[2021-05-08 17:08:28,291] {taskinstance.py:1070} INFO - 
--------------------------------------------------------------------------------
[2021-05-08 17:08:28,446] {taskinstance.py:1089} INFO - Executing <Task(PythonOperator): today_dir> on 2021-05-07T00:00:00+00:00
[2021-05-08 17:08:28,451] {standard_task_runner.py:52} INFO - Started process 179939 to run task
[2021-05-08 17:08:28,460] {standard_task_runner.py:76} INFO - Running: ['airflow', 'tasks', 'run', 'dag_4', 'today_dir', '2021-05-07T00:00:00+00:00', '--job-id', '62', '--pool', 'default_pool', '--raw', '--subdir', '/home/navneetsajwan/airflow/dags/dag__4.py', '--cfg-path', '/tmp/tmprpruvnk4', '--error-file', '/tmp/tmp67_ph119']
[2021-05-08 17:08:28,461] {standard_task_runner.py:77} INFO - Job 62: Subtask today_dir
[2021-05-08 17:08:28,653] {logging_mixin.py:104} INFO - Running <TaskInstance: dag_4.today_dir 2021-05-07T00:00:00+00:00 [running]> on host navneetsajwan-Lenovo-G50-80
[2021-05-08 17:08:28,692] {taskinstance.py:1281} INFO - Exporting the following env vars:
AIRFLOW_CTX_DAG_EMAIL=navneet@metaorigins.com
AIRFLOW_CTX_DAG_OWNER=airflow
AIRFLOW_CTX_DAG_ID=dag_4
AIRFLOW_CTX_TASK_ID=today_dir
AIRFLOW_CTX_EXECUTION_DATE=2021-05-07T00:00:00+00:00
AIRFLOW_CTX_DAG_RUN_ID=scheduled__2021-05-07T00:00:00+00:00
[2021-05-08 17:08:28,693] {logging_mixin.py:104} INFO - create directory
[2021-05-08 17:08:28,693] {python.py:118} INFO - Done. Returned value was: None
[2021-05-08 17:08:28,699] {taskinstance.py:1185} INFO - Marking task as SUCCESS. dag_id=dag_4, task_id=today_dir, execution_date=20210507T000000, start_date=20210508T113828, end_date=20210508T113828
[2021-05-08 17:08:28,965] {taskinstance.py:1246} INFO - 1 downstream tasks scheduled from follow-on schedule check
[2021-05-08 17:08:28,989] {local_task_job.py:146} INFO - Task exited with return code 0
