[2021-05-08 18:35:11,163] {taskinstance.py:877} INFO - Dependencies all met for <TaskInstance: dag_4.today_dir 2021-05-07T00:00:00+00:00 [queued]>
[2021-05-08 18:35:11,186] {taskinstance.py:877} INFO - Dependencies all met for <TaskInstance: dag_4.today_dir 2021-05-07T00:00:00+00:00 [queued]>
[2021-05-08 18:35:11,186] {taskinstance.py:1068} INFO - 
--------------------------------------------------------------------------------
[2021-05-08 18:35:11,186] {taskinstance.py:1069} INFO - Starting attempt 7 of 9
[2021-05-08 18:35:11,187] {taskinstance.py:1070} INFO - 
--------------------------------------------------------------------------------
[2021-05-08 18:35:11,301] {taskinstance.py:1089} INFO - Executing <Task(PythonOperator): today_dir> on 2021-05-07T00:00:00+00:00
[2021-05-08 18:35:11,312] {standard_task_runner.py:52} INFO - Started process 192032 to run task
[2021-05-08 18:35:11,321] {standard_task_runner.py:76} INFO - Running: ['airflow', 'tasks', 'run', 'dag_4', 'today_dir', '2021-05-07T00:00:00+00:00', '--job-id', '76', '--pool', 'default_pool', '--raw', '--subdir', '/home/navneetsajwan/airflow/dags/dag__4.py', '--cfg-path', '/tmp/tmpmey14x08', '--error-file', '/tmp/tmpx4k7e3fg']
[2021-05-08 18:35:11,322] {standard_task_runner.py:77} INFO - Job 76: Subtask today_dir
[2021-05-08 18:35:11,514] {logging_mixin.py:104} INFO - Running <TaskInstance: dag_4.today_dir 2021-05-07T00:00:00+00:00 [running]> on host navneetsajwan-Lenovo-G50-80
[2021-05-08 18:35:11,550] {taskinstance.py:1281} INFO - Exporting the following env vars:
AIRFLOW_CTX_DAG_EMAIL=navneet@metaorigins.com
AIRFLOW_CTX_DAG_OWNER=airflow
AIRFLOW_CTX_DAG_ID=dag_4
AIRFLOW_CTX_TASK_ID=today_dir
AIRFLOW_CTX_EXECUTION_DATE=2021-05-07T00:00:00+00:00
AIRFLOW_CTX_DAG_RUN_ID=scheduled__2021-05-07T00:00:00+00:00
[2021-05-08 18:35:11,551] {logging_mixin.py:104} INFO - create directory
[2021-05-08 18:35:11,551] {python.py:118} INFO - Done. Returned value was: None
[2021-05-08 18:35:11,557] {taskinstance.py:1185} INFO - Marking task as SUCCESS. dag_id=dag_4, task_id=today_dir, execution_date=20210507T000000, start_date=20210508T130511, end_date=20210508T130511
[2021-05-08 18:35:11,813] {taskinstance.py:1246} INFO - 1 downstream tasks scheduled from follow-on schedule check
[2021-05-08 18:35:11,850] {local_task_job.py:146} INFO - Task exited with return code 0
