[2021-05-09 17:59:30,897] {taskinstance.py:877} INFO - Dependencies all met for <TaskInstance: dag_4.tap_mysql_target_csv 2021-05-08T05:44:22.392437+00:00 [queued]>
[2021-05-09 17:59:30,913] {taskinstance.py:877} INFO - Dependencies all met for <TaskInstance: dag_4.tap_mysql_target_csv 2021-05-08T05:44:22.392437+00:00 [queued]>
[2021-05-09 17:59:30,914] {taskinstance.py:1068} INFO - 
--------------------------------------------------------------------------------
[2021-05-09 17:59:30,914] {taskinstance.py:1069} INFO - Starting attempt 1 of 3
[2021-05-09 17:59:30,914] {taskinstance.py:1070} INFO - 
--------------------------------------------------------------------------------
[2021-05-09 17:59:31,065] {taskinstance.py:1089} INFO - Executing <Task(PythonOperator): tap_mysql_target_csv> on 2021-05-08T05:44:22.392437+00:00
[2021-05-09 17:59:31,068] {standard_task_runner.py:52} INFO - Started process 5649 to run task
[2021-05-09 17:59:31,074] {standard_task_runner.py:76} INFO - Running: ['airflow', 'tasks', 'run', 'dag_4', 'tap_mysql_target_csv', '2021-05-08T05:44:22.392437+00:00', '--job-id', '103', '--pool', 'default_pool', '--raw', '--subdir', '/home/navneetsajwan/airflow/dags/dag__4.py', '--cfg-path', '/tmp/tmpxwk1owg3', '--error-file', '/tmp/tmp2b4npe4d']
[2021-05-09 17:59:31,075] {standard_task_runner.py:77} INFO - Job 103: Subtask tap_mysql_target_csv
[2021-05-09 17:59:31,229] {logging_mixin.py:104} INFO - Running <TaskInstance: dag_4.tap_mysql_target_csv 2021-05-08T05:44:22.392437+00:00 [running]> on host navneetsajwan-Lenovo-G50-80
[2021-05-09 17:59:31,450] {taskinstance.py:1281} INFO - Exporting the following env vars:
AIRFLOW_CTX_DAG_EMAIL=navneet@metaorigins.com
AIRFLOW_CTX_DAG_OWNER=airflow
AIRFLOW_CTX_DAG_ID=dag_4
AIRFLOW_CTX_TASK_ID=tap_mysql_target_csv
AIRFLOW_CTX_EXECUTION_DATE=2021-05-08T05:44:22.392437+00:00
AIRFLOW_CTX_DAG_RUN_ID=manual__2021-05-08T05:44:22.392437+00:00
[2021-05-09 17:59:31,451] {logging_mixin.py:104} INFO - /home/navneetsajwan/airflow
[2021-05-09 17:59:32,116] {python.py:118} INFO - Done. Returned value was: 0
[2021-05-09 17:59:32,209] {taskinstance.py:1185} INFO - Marking task as SUCCESS. dag_id=dag_4, task_id=tap_mysql_target_csv, execution_date=20210508T054422, start_date=20210509T122930, end_date=20210509T122932
[2021-05-09 17:59:32,521] {taskinstance.py:1246} INFO - 1 downstream tasks scheduled from follow-on schedule check
[2021-05-09 17:59:32,527] {local_task_job.py:146} INFO - Task exited with return code 0
