[2021-05-08 01:14:20,497] {taskinstance.py:877} INFO - Dependencies all met for <TaskInstance: example_python_operator.sleep_for_1 2021-05-07T19:41:47.213625+00:00 [queued]>
[2021-05-08 01:14:20,512] {taskinstance.py:877} INFO - Dependencies all met for <TaskInstance: example_python_operator.sleep_for_1 2021-05-07T19:41:47.213625+00:00 [queued]>
[2021-05-08 01:14:20,513] {taskinstance.py:1068} INFO - 
--------------------------------------------------------------------------------
[2021-05-08 01:14:20,513] {taskinstance.py:1069} INFO - Starting attempt 1 of 1
[2021-05-08 01:14:20,513] {taskinstance.py:1070} INFO - 
--------------------------------------------------------------------------------
[2021-05-08 01:14:20,667] {taskinstance.py:1089} INFO - Executing <Task(PythonOperator): sleep_for_1> on 2021-05-07T19:41:47.213625+00:00
[2021-05-08 01:14:20,670] {standard_task_runner.py:52} INFO - Started process 447139 to run task
[2021-05-08 01:14:20,676] {standard_task_runner.py:76} INFO - Running: ['airflow', 'tasks', 'run', 'example_python_operator', 'sleep_for_1', '2021-05-07T19:41:47.213625+00:00', '--job-id', '5', '--pool', 'default_pool', '--raw', '--subdir', '/home/navneetsajwan/airflow/etl/lib/python3.8/site-packages/airflow/example_dags/example_python_operator.py', '--cfg-path', '/tmp/tmp4e27stxp', '--error-file', '/tmp/tmp8txcot92']
[2021-05-08 01:14:20,677] {standard_task_runner.py:77} INFO - Job 5: Subtask sleep_for_1
[2021-05-08 01:14:20,852] {logging_mixin.py:104} INFO - Running <TaskInstance: example_python_operator.sleep_for_1 2021-05-07T19:41:47.213625+00:00 [running]> on host navneetsajwan-Lenovo-G50-80
[2021-05-08 01:14:21,003] {taskinstance.py:1281} INFO - Exporting the following env vars:
AIRFLOW_CTX_DAG_OWNER=airflow
AIRFLOW_CTX_DAG_ID=example_python_operator
AIRFLOW_CTX_TASK_ID=sleep_for_1
AIRFLOW_CTX_EXECUTION_DATE=2021-05-07T19:41:47.213625+00:00
AIRFLOW_CTX_DAG_RUN_ID=manual__2021-05-07T19:41:47.213625+00:00
[2021-05-08 01:14:21,105] {python.py:118} INFO - Done. Returned value was: None
[2021-05-08 01:14:21,167] {taskinstance.py:1185} INFO - Marking task as SUCCESS. dag_id=example_python_operator, task_id=sleep_for_1, execution_date=20210507T194147, start_date=20210507T194420, end_date=20210507T194421
[2021-05-08 01:14:21,556] {taskinstance.py:1246} INFO - 0 downstream tasks scheduled from follow-on schedule check
[2021-05-08 01:14:21,604] {local_task_job.py:146} INFO - Task exited with return code 0
