[2021-05-08 01:14:31,347] {taskinstance.py:877} INFO - Dependencies all met for <TaskInstance: example_python_operator.sleep_for_3 2021-05-07T19:41:47.213625+00:00 [queued]>
[2021-05-08 01:14:31,389] {taskinstance.py:877} INFO - Dependencies all met for <TaskInstance: example_python_operator.sleep_for_3 2021-05-07T19:41:47.213625+00:00 [queued]>
[2021-05-08 01:14:31,389] {taskinstance.py:1068} INFO - 
--------------------------------------------------------------------------------
[2021-05-08 01:14:31,390] {taskinstance.py:1069} INFO - Starting attempt 1 of 1
[2021-05-08 01:14:31,392] {taskinstance.py:1070} INFO - 
--------------------------------------------------------------------------------
[2021-05-08 01:14:31,645] {taskinstance.py:1089} INFO - Executing <Task(PythonOperator): sleep_for_3> on 2021-05-07T19:41:47.213625+00:00
[2021-05-08 01:14:31,664] {standard_task_runner.py:52} INFO - Started process 447304 to run task
[2021-05-08 01:14:31,696] {standard_task_runner.py:76} INFO - Running: ['airflow', 'tasks', 'run', 'example_python_operator', 'sleep_for_3', '2021-05-07T19:41:47.213625+00:00', '--job-id', '7', '--pool', 'default_pool', '--raw', '--subdir', '/home/navneetsajwan/airflow/etl/lib/python3.8/site-packages/airflow/example_dags/example_python_operator.py', '--cfg-path', '/tmp/tmpv2fhiiun', '--error-file', '/tmp/tmp7386a86z']
[2021-05-08 01:14:31,697] {standard_task_runner.py:77} INFO - Job 7: Subtask sleep_for_3
[2021-05-08 01:14:32,166] {logging_mixin.py:104} INFO - Running <TaskInstance: example_python_operator.sleep_for_3 2021-05-07T19:41:47.213625+00:00 [running]> on host navneetsajwan-Lenovo-G50-80
[2021-05-08 01:14:32,743] {taskinstance.py:1281} INFO - Exporting the following env vars:
AIRFLOW_CTX_DAG_OWNER=airflow
AIRFLOW_CTX_DAG_ID=example_python_operator
AIRFLOW_CTX_TASK_ID=sleep_for_3
AIRFLOW_CTX_EXECUTION_DATE=2021-05-07T19:41:47.213625+00:00
AIRFLOW_CTX_DAG_RUN_ID=manual__2021-05-07T19:41:47.213625+00:00
[2021-05-08 01:14:33,044] {python.py:118} INFO - Done. Returned value was: None
[2021-05-08 01:14:33,055] {taskinstance.py:1185} INFO - Marking task as SUCCESS. dag_id=example_python_operator, task_id=sleep_for_3, execution_date=20210507T194147, start_date=20210507T194431, end_date=20210507T194433
[2021-05-08 01:14:33,364] {taskinstance.py:1246} INFO - 0 downstream tasks scheduled from follow-on schedule check
[2021-05-08 01:14:33,400] {local_task_job.py:146} INFO - Task exited with return code 0
