[2021-05-08 01:12:01,068] {taskinstance.py:877} INFO - Dependencies all met for <TaskInstance: example_python_operator.print_the_context 2021-05-07T19:41:47.213625+00:00 [queued]>
[2021-05-08 01:12:01,082] {taskinstance.py:877} INFO - Dependencies all met for <TaskInstance: example_python_operator.print_the_context 2021-05-07T19:41:47.213625+00:00 [queued]>
[2021-05-08 01:12:01,082] {taskinstance.py:1068} INFO - 
--------------------------------------------------------------------------------
[2021-05-08 01:12:01,082] {taskinstance.py:1069} INFO - Starting attempt 1 of 1
[2021-05-08 01:12:01,082] {taskinstance.py:1070} INFO - 
--------------------------------------------------------------------------------
[2021-05-08 01:12:01,231] {taskinstance.py:1089} INFO - Executing <Task(PythonOperator): print_the_context> on 2021-05-07T19:41:47.213625+00:00
[2021-05-08 01:12:01,236] {standard_task_runner.py:52} INFO - Started process 444680 to run task
[2021-05-08 01:12:01,244] {standard_task_runner.py:76} INFO - Running: ['airflow', 'tasks', 'run', 'example_python_operator', 'print_the_context', '2021-05-07T19:41:47.213625+00:00', '--job-id', '2', '--pool', 'default_pool', '--raw', '--subdir', '/home/navneetsajwan/airflow/etl/lib/python3.8/site-packages/airflow/example_dags/example_python_operator.py', '--cfg-path', '/tmp/tmpmem01y_c', '--error-file', '/tmp/tmp64wteov7']
[2021-05-08 01:12:01,245] {standard_task_runner.py:77} INFO - Job 2: Subtask print_the_context
[2021-05-08 01:12:01,410] {logging_mixin.py:104} INFO - Running <TaskInstance: example_python_operator.print_the_context 2021-05-07T19:41:47.213625+00:00 [running]> on host navneetsajwan-Lenovo-G50-80
[2021-05-08 01:12:01,530] {taskinstance.py:1281} INFO - Exporting the following env vars:
AIRFLOW_CTX_DAG_OWNER=airflow
AIRFLOW_CTX_DAG_ID=example_python_operator
AIRFLOW_CTX_TASK_ID=print_the_context
AIRFLOW_CTX_EXECUTION_DATE=2021-05-07T19:41:47.213625+00:00
AIRFLOW_CTX_DAG_RUN_ID=manual__2021-05-07T19:41:47.213625+00:00
[2021-05-08 01:12:01,568] {logging_mixin.py:104} INFO - {'conf': <airflow.configuration.AirflowConfigParser object at 0x7f06ead56df0>,
 'dag': <DAG: example_python_operator>,
 'dag_run': <DagRun example_python_operator @ 2021-05-07 19:41:47.213625+00:00: manual__2021-05-07T19:41:47.213625+00:00, externally triggered: True>,
 'ds_nodash': '20210507',
 'execution_date': DateTime(2021, 5, 7, 19, 41, 47, 213625, tzinfo=Timezone('+00:00')),
 'inlets': [],
 'macros': <module 'airflow.macros' from '/home/navneetsajwan/airflow/etl/lib/python3.8/site-packages/airflow/macros/__init__.py'>,
 'next_ds': '2021-05-07',
 'next_ds_nodash': '20210507',
 'next_execution_date': DateTime(2021, 5, 7, 19, 41, 47, 213625, tzinfo=Timezone('+00:00')),
 'outlets': [],
 'params': {},
 'prev_ds': '2021-05-07',
 'prev_ds_nodash': '20210507',
 'prev_execution_date': DateTime(2021, 5, 7, 19, 41, 47, 213625, tzinfo=Timezone('+00:00')),
 'prev_execution_date_success': <Proxy at 0x7f06e85ad880 with factory <function TaskInstance.get_template_context.<locals>.<lambda> at 0x7f06e85dbaf0>>,
 'prev_start_date_success': <Proxy at 0x7f06e85ad400 with factory <function TaskInstance.get_template_context.<locals>.<lambda> at 0x7f06e853fca0>>,
 'run_id': 'manual__2021-05-07T19:41:47.213625+00:00',
 'task': <Task(PythonOperator): print_the_context>,
 'task_instance': <TaskInstance: example_python_operator.print_the_context 2021-05-07T19:41:47.213625+00:00 [running]>,
 'task_instance_key_str': 'example_python_operator__print_the_context__20210507',
 'templates_dict': None,
 'test_mode': False,
 'ti': <TaskInstance: example_python_operator.print_the_context 2021-05-07T19:41:47.213625+00:00 [running]>,
 'tomorrow_ds': '2021-05-08',
 'tomorrow_ds_nodash': '20210508',
 'ts': '2021-05-07T19:41:47.213625+00:00',
 'ts_nodash': '20210507T194147',
 'ts_nodash_with_tz': '20210507T194147.213625+0000',
 'var': {'json': None, 'value': None},
 'yesterday_ds': '2021-05-06',
 'yesterday_ds_nodash': '20210506'}
[2021-05-08 01:12:01,568] {logging_mixin.py:104} INFO - 2021-05-07
[2021-05-08 01:12:01,568] {python.py:118} INFO - Done. Returned value was: Whatever you return gets printed in the logs
[2021-05-08 01:12:01,664] {taskinstance.py:1185} INFO - Marking task as SUCCESS. dag_id=example_python_operator, task_id=print_the_context, execution_date=20210507T194147, start_date=20210507T194201, end_date=20210507T194201
[2021-05-08 01:12:02,306] {taskinstance.py:1246} INFO - 5 downstream tasks scheduled from follow-on schedule check
[2021-05-08 01:12:02,339] {local_task_job.py:146} INFO - Task exited with return code 0
