[2021-05-08 11:08:30,312] {taskinstance.py:877} INFO - Dependencies all met for <TaskInstance: example_bash_operator.runme_2 2021-05-07T00:00:00+00:00 [queued]>
[2021-05-08 11:08:30,322] {taskinstance.py:877} INFO - Dependencies all met for <TaskInstance: example_bash_operator.runme_2 2021-05-07T00:00:00+00:00 [queued]>
[2021-05-08 11:08:30,322] {taskinstance.py:1068} INFO - 
--------------------------------------------------------------------------------
[2021-05-08 11:08:30,322] {taskinstance.py:1069} INFO - Starting attempt 1 of 1
[2021-05-08 11:08:30,323] {taskinstance.py:1070} INFO - 
--------------------------------------------------------------------------------
[2021-05-08 11:08:30,443] {taskinstance.py:1089} INFO - Executing <Task(BashOperator): runme_2> on 2021-05-07T00:00:00+00:00
[2021-05-08 11:08:30,446] {standard_task_runner.py:52} INFO - Started process 139759 to run task
[2021-05-08 11:08:30,457] {standard_task_runner.py:76} INFO - Running: ['airflow', 'tasks', 'run', 'example_bash_operator', 'runme_2', '2021-05-07T00:00:00+00:00', '--job-id', '21', '--pool', 'default_pool', '--raw', '--subdir', '/home/navneetsajwan/airflow/etl/lib/python3.8/site-packages/airflow/example_dags/example_bash_operator.py', '--cfg-path', '/tmp/tmp6iiyey4t', '--error-file', '/tmp/tmpea2e2e3e']
[2021-05-08 11:08:30,458] {standard_task_runner.py:77} INFO - Job 21: Subtask runme_2
[2021-05-08 11:08:30,604] {logging_mixin.py:104} INFO - Running <TaskInstance: example_bash_operator.runme_2 2021-05-07T00:00:00+00:00 [running]> on host navneetsajwan-Lenovo-G50-80
[2021-05-08 11:08:30,739] {taskinstance.py:1281} INFO - Exporting the following env vars:
AIRFLOW_CTX_DAG_OWNER=airflow
AIRFLOW_CTX_DAG_ID=example_bash_operator
AIRFLOW_CTX_TASK_ID=runme_2
AIRFLOW_CTX_EXECUTION_DATE=2021-05-07T00:00:00+00:00
AIRFLOW_CTX_DAG_RUN_ID=scheduled__2021-05-07T00:00:00+00:00
[2021-05-08 11:08:30,740] {bash.py:135} INFO - Tmp dir root location: 
 /tmp
[2021-05-08 11:08:30,744] {bash.py:158} INFO - Running command: echo "example_bash_operator__runme_2__20210507" && sleep 1
[2021-05-08 11:08:30,751] {bash.py:169} INFO - Output:
[2021-05-08 11:08:30,752] {bash.py:173} INFO - example_bash_operator__runme_2__20210507
[2021-05-08 11:08:31,754] {bash.py:177} INFO - Command exited with return code 0
[2021-05-08 11:08:31,859] {taskinstance.py:1185} INFO - Marking task as SUCCESS. dag_id=example_bash_operator, task_id=runme_2, execution_date=20210507T000000, start_date=20210508T053830, end_date=20210508T053831
[2021-05-08 11:08:32,164] {taskinstance.py:1246} INFO - 1 downstream tasks scheduled from follow-on schedule check
[2021-05-08 11:08:32,194] {local_task_job.py:146} INFO - Task exited with return code 0
