[2021-05-08 11:08:05,502] {taskinstance.py:877} INFO - Dependencies all met for <TaskInstance: example_bash_operator.runme_1 2021-05-08T05:35:11.123810+00:00 [queued]>
[2021-05-08 11:08:05,508] {taskinstance.py:877} INFO - Dependencies all met for <TaskInstance: example_bash_operator.runme_1 2021-05-08T05:35:11.123810+00:00 [queued]>
[2021-05-08 11:08:05,509] {taskinstance.py:1068} INFO - 
--------------------------------------------------------------------------------
[2021-05-08 11:08:05,509] {taskinstance.py:1069} INFO - Starting attempt 1 of 1
[2021-05-08 11:08:05,509] {taskinstance.py:1070} INFO - 
--------------------------------------------------------------------------------
[2021-05-08 11:08:05,631] {taskinstance.py:1089} INFO - Executing <Task(BashOperator): runme_1> on 2021-05-08T05:35:11.123810+00:00
[2021-05-08 11:08:05,634] {standard_task_runner.py:52} INFO - Started process 139645 to run task
[2021-05-08 11:08:05,643] {standard_task_runner.py:76} INFO - Running: ['airflow', 'tasks', 'run', 'example_bash_operator', 'runme_1', '2021-05-08T05:35:11.123810+00:00', '--job-id', '15', '--pool', 'default_pool', '--raw', '--subdir', '/home/navneetsajwan/airflow/etl/lib/python3.8/site-packages/airflow/example_dags/example_bash_operator.py', '--cfg-path', '/tmp/tmpfz4siz19', '--error-file', '/tmp/tmpv4ucpkxr']
[2021-05-08 11:08:05,643] {standard_task_runner.py:77} INFO - Job 15: Subtask runme_1
[2021-05-08 11:08:05,855] {logging_mixin.py:104} INFO - Running <TaskInstance: example_bash_operator.runme_1 2021-05-08T05:35:11.123810+00:00 [running]> on host navneetsajwan-Lenovo-G50-80
[2021-05-08 11:08:05,959] {taskinstance.py:1281} INFO - Exporting the following env vars:
AIRFLOW_CTX_DAG_OWNER=airflow
AIRFLOW_CTX_DAG_ID=example_bash_operator
AIRFLOW_CTX_TASK_ID=runme_1
AIRFLOW_CTX_EXECUTION_DATE=2021-05-08T05:35:11.123810+00:00
AIRFLOW_CTX_DAG_RUN_ID=manual__2021-05-08T05:35:11.123810+00:00
[2021-05-08 11:08:05,960] {bash.py:135} INFO - Tmp dir root location: 
 /tmp
[2021-05-08 11:08:05,961] {bash.py:158} INFO - Running command: echo "example_bash_operator__runme_1__20210508" && sleep 1
[2021-05-08 11:08:05,968] {bash.py:169} INFO - Output:
[2021-05-08 11:08:05,969] {bash.py:173} INFO - example_bash_operator__runme_1__20210508
[2021-05-08 11:08:06,970] {bash.py:177} INFO - Command exited with return code 0
[2021-05-08 11:08:07,079] {taskinstance.py:1185} INFO - Marking task as SUCCESS. dag_id=example_bash_operator, task_id=runme_1, execution_date=20210508T053511, start_date=20210508T053805, end_date=20210508T053807
[2021-05-08 11:08:07,214] {taskinstance.py:1246} INFO - 0 downstream tasks scheduled from follow-on schedule check
[2021-05-08 11:08:07,256] {local_task_job.py:146} INFO - Task exited with return code 0
