[2021-05-08 01:07:25,982] {scheduler_job.py:182} INFO - Started process (PID=440158) to work on /home/navneetsajwan/airflow/etl/lib/python3.8/site-packages/airflow/example_dags/subdags/subdag.py
[2021-05-08 01:07:25,983] {scheduler_job.py:629} INFO - Processing file /home/navneetsajwan/airflow/etl/lib/python3.8/site-packages/airflow/example_dags/subdags/subdag.py for tasks to queue
[2021-05-08 01:07:25,984] {logging_mixin.py:104} INFO - [2021-05-08 01:07:25,984] {dagbag.py:451} INFO - Filling up the DagBag from /home/navneetsajwan/airflow/etl/lib/python3.8/site-packages/airflow/example_dags/subdags/subdag.py
[2021-05-08 01:07:25,988] {scheduler_job.py:641} WARNING - No viable dags retrieved from /home/navneetsajwan/airflow/etl/lib/python3.8/site-packages/airflow/example_dags/subdags/subdag.py
[2021-05-08 01:07:25,997] {scheduler_job.py:190} INFO - Processing /home/navneetsajwan/airflow/etl/lib/python3.8/site-packages/airflow/example_dags/subdags/subdag.py took 0.019 seconds
[2021-05-08 01:08:00,651] {scheduler_job.py:182} INFO - Started process (PID=440625) to work on /home/navneetsajwan/airflow/etl/lib/python3.8/site-packages/airflow/example_dags/subdags/subdag.py
[2021-05-08 01:08:00,654] {scheduler_job.py:629} INFO - Processing file /home/navneetsajwan/airflow/etl/lib/python3.8/site-packages/airflow/example_dags/subdags/subdag.py for tasks to queue
[2021-05-08 01:08:00,655] {logging_mixin.py:104} INFO - [2021-05-08 01:08:00,655] {dagbag.py:451} INFO - Filling up the DagBag from /home/navneetsajwan/airflow/etl/lib/python3.8/site-packages/airflow/example_dags/subdags/subdag.py
[2021-05-08 01:08:00,660] {scheduler_job.py:641} WARNING - No viable dags retrieved from /home/navneetsajwan/airflow/etl/lib/python3.8/site-packages/airflow/example_dags/subdags/subdag.py
[2021-05-08 01:08:00,674] {scheduler_job.py:190} INFO - Processing /home/navneetsajwan/airflow/etl/lib/python3.8/site-packages/airflow/example_dags/subdags/subdag.py took 0.026 seconds
[2021-05-08 01:08:55,750] {scheduler_job.py:182} INFO - Started process (PID=441604) to work on /home/navneetsajwan/airflow/etl/lib/python3.8/site-packages/airflow/example_dags/subdags/subdag.py
[2021-05-08 01:08:55,752] {scheduler_job.py:629} INFO - Processing file /home/navneetsajwan/airflow/etl/lib/python3.8/site-packages/airflow/example_dags/subdags/subdag.py for tasks to queue
[2021-05-08 01:08:55,753] {logging_mixin.py:104} INFO - [2021-05-08 01:08:55,753] {dagbag.py:451} INFO - Filling up the DagBag from /home/navneetsajwan/airflow/etl/lib/python3.8/site-packages/airflow/example_dags/subdags/subdag.py
[2021-05-08 01:08:55,758] {scheduler_job.py:641} WARNING - No viable dags retrieved from /home/navneetsajwan/airflow/etl/lib/python3.8/site-packages/airflow/example_dags/subdags/subdag.py
[2021-05-08 01:08:55,774] {scheduler_job.py:190} INFO - Processing /home/navneetsajwan/airflow/etl/lib/python3.8/site-packages/airflow/example_dags/subdags/subdag.py took 0.028 seconds
[2021-05-08 01:09:35,952] {scheduler_job.py:182} INFO - Started process (PID=442313) to work on /home/navneetsajwan/airflow/etl/lib/python3.8/site-packages/airflow/example_dags/subdags/subdag.py
[2021-05-08 01:09:35,953] {scheduler_job.py:629} INFO - Processing file /home/navneetsajwan/airflow/etl/lib/python3.8/site-packages/airflow/example_dags/subdags/subdag.py for tasks to queue
[2021-05-08 01:09:35,954] {logging_mixin.py:104} INFO - [2021-05-08 01:09:35,954] {dagbag.py:451} INFO - Filling up the DagBag from /home/navneetsajwan/airflow/etl/lib/python3.8/site-packages/airflow/example_dags/subdags/subdag.py
[2021-05-08 01:09:35,957] {scheduler_job.py:641} WARNING - No viable dags retrieved from /home/navneetsajwan/airflow/etl/lib/python3.8/site-packages/airflow/example_dags/subdags/subdag.py
[2021-05-08 01:09:35,964] {scheduler_job.py:190} INFO - Processing /home/navneetsajwan/airflow/etl/lib/python3.8/site-packages/airflow/example_dags/subdags/subdag.py took 0.016 seconds
[2021-05-08 01:10:15,321] {scheduler_job.py:182} INFO - Started process (PID=442875) to work on /home/navneetsajwan/airflow/etl/lib/python3.8/site-packages/airflow/example_dags/subdags/subdag.py
[2021-05-08 01:10:15,322] {scheduler_job.py:629} INFO - Processing file /home/navneetsajwan/airflow/etl/lib/python3.8/site-packages/airflow/example_dags/subdags/subdag.py for tasks to queue
[2021-05-08 01:10:15,322] {logging_mixin.py:104} INFO - [2021-05-08 01:10:15,322] {dagbag.py:451} INFO - Filling up the DagBag from /home/navneetsajwan/airflow/etl/lib/python3.8/site-packages/airflow/example_dags/subdags/subdag.py
[2021-05-08 01:10:15,326] {scheduler_job.py:641} WARNING - No viable dags retrieved from /home/navneetsajwan/airflow/etl/lib/python3.8/site-packages/airflow/example_dags/subdags/subdag.py
[2021-05-08 01:10:15,338] {scheduler_job.py:190} INFO - Processing /home/navneetsajwan/airflow/etl/lib/python3.8/site-packages/airflow/example_dags/subdags/subdag.py took 0.024 seconds
[2021-05-08 01:11:00,329] {scheduler_job.py:182} INFO - Started process (PID=443801) to work on /home/navneetsajwan/airflow/etl/lib/python3.8/site-packages/airflow/example_dags/subdags/subdag.py
[2021-05-08 01:11:00,332] {scheduler_job.py:629} INFO - Processing file /home/navneetsajwan/airflow/etl/lib/python3.8/site-packages/airflow/example_dags/subdags/subdag.py for tasks to queue
[2021-05-08 01:11:00,333] {logging_mixin.py:104} INFO - [2021-05-08 01:11:00,332] {dagbag.py:451} INFO - Filling up the DagBag from /home/navneetsajwan/airflow/etl/lib/python3.8/site-packages/airflow/example_dags/subdags/subdag.py
[2021-05-08 01:11:00,336] {scheduler_job.py:641} WARNING - No viable dags retrieved from /home/navneetsajwan/airflow/etl/lib/python3.8/site-packages/airflow/example_dags/subdags/subdag.py
[2021-05-08 01:11:00,344] {scheduler_job.py:190} INFO - Processing /home/navneetsajwan/airflow/etl/lib/python3.8/site-packages/airflow/example_dags/subdags/subdag.py took 0.018 seconds
[2021-05-08 01:11:41,317] {scheduler_job.py:182} INFO - Started process (PID=444409) to work on /home/navneetsajwan/airflow/etl/lib/python3.8/site-packages/airflow/example_dags/subdags/subdag.py
[2021-05-08 01:11:41,319] {scheduler_job.py:629} INFO - Processing file /home/navneetsajwan/airflow/etl/lib/python3.8/site-packages/airflow/example_dags/subdags/subdag.py for tasks to queue
[2021-05-08 01:11:41,319] {logging_mixin.py:104} INFO - [2021-05-08 01:11:41,319] {dagbag.py:451} INFO - Filling up the DagBag from /home/navneetsajwan/airflow/etl/lib/python3.8/site-packages/airflow/example_dags/subdags/subdag.py
[2021-05-08 01:11:41,324] {scheduler_job.py:641} WARNING - No viable dags retrieved from /home/navneetsajwan/airflow/etl/lib/python3.8/site-packages/airflow/example_dags/subdags/subdag.py
[2021-05-08 01:11:41,334] {scheduler_job.py:190} INFO - Processing /home/navneetsajwan/airflow/etl/lib/python3.8/site-packages/airflow/example_dags/subdags/subdag.py took 0.022 seconds
[2021-05-08 01:15:03,806] {scheduler_job.py:182} INFO - Started process (PID=447768) to work on /home/navneetsajwan/airflow/etl/lib/python3.8/site-packages/airflow/example_dags/subdags/subdag.py
[2021-05-08 01:15:03,808] {scheduler_job.py:629} INFO - Processing file /home/navneetsajwan/airflow/etl/lib/python3.8/site-packages/airflow/example_dags/subdags/subdag.py for tasks to queue
[2021-05-08 01:15:03,809] {logging_mixin.py:104} INFO - [2021-05-08 01:15:03,809] {dagbag.py:451} INFO - Filling up the DagBag from /home/navneetsajwan/airflow/etl/lib/python3.8/site-packages/airflow/example_dags/subdags/subdag.py
[2021-05-08 01:15:03,811] {scheduler_job.py:641} WARNING - No viable dags retrieved from /home/navneetsajwan/airflow/etl/lib/python3.8/site-packages/airflow/example_dags/subdags/subdag.py
[2021-05-08 01:15:03,821] {scheduler_job.py:190} INFO - Processing /home/navneetsajwan/airflow/etl/lib/python3.8/site-packages/airflow/example_dags/subdags/subdag.py took 0.018 seconds
[2021-05-08 01:15:35,208] {scheduler_job.py:182} INFO - Started process (PID=448202) to work on /home/navneetsajwan/airflow/etl/lib/python3.8/site-packages/airflow/example_dags/subdags/subdag.py
[2021-05-08 01:15:35,209] {scheduler_job.py:629} INFO - Processing file /home/navneetsajwan/airflow/etl/lib/python3.8/site-packages/airflow/example_dags/subdags/subdag.py for tasks to queue
[2021-05-08 01:15:35,210] {logging_mixin.py:104} INFO - [2021-05-08 01:15:35,210] {dagbag.py:451} INFO - Filling up the DagBag from /home/navneetsajwan/airflow/etl/lib/python3.8/site-packages/airflow/example_dags/subdags/subdag.py
[2021-05-08 01:15:35,213] {scheduler_job.py:641} WARNING - No viable dags retrieved from /home/navneetsajwan/airflow/etl/lib/python3.8/site-packages/airflow/example_dags/subdags/subdag.py
[2021-05-08 01:15:35,223] {scheduler_job.py:190} INFO - Processing /home/navneetsajwan/airflow/etl/lib/python3.8/site-packages/airflow/example_dags/subdags/subdag.py took 0.018 seconds
[2021-05-08 01:16:11,345] {scheduler_job.py:182} INFO - Started process (PID=449054) to work on /home/navneetsajwan/airflow/etl/lib/python3.8/site-packages/airflow/example_dags/subdags/subdag.py
[2021-05-08 01:16:11,348] {scheduler_job.py:629} INFO - Processing file /home/navneetsajwan/airflow/etl/lib/python3.8/site-packages/airflow/example_dags/subdags/subdag.py for tasks to queue
[2021-05-08 01:16:11,349] {logging_mixin.py:104} INFO - [2021-05-08 01:16:11,349] {dagbag.py:451} INFO - Filling up the DagBag from /home/navneetsajwan/airflow/etl/lib/python3.8/site-packages/airflow/example_dags/subdags/subdag.py
[2021-05-08 01:16:11,352] {scheduler_job.py:641} WARNING - No viable dags retrieved from /home/navneetsajwan/airflow/etl/lib/python3.8/site-packages/airflow/example_dags/subdags/subdag.py
[2021-05-08 01:16:11,363] {scheduler_job.py:190} INFO - Processing /home/navneetsajwan/airflow/etl/lib/python3.8/site-packages/airflow/example_dags/subdags/subdag.py took 0.023 seconds
[2021-05-08 01:16:48,767] {scheduler_job.py:182} INFO - Started process (PID=449608) to work on /home/navneetsajwan/airflow/etl/lib/python3.8/site-packages/airflow/example_dags/subdags/subdag.py
[2021-05-08 01:16:48,851] {scheduler_job.py:629} INFO - Processing file /home/navneetsajwan/airflow/etl/lib/python3.8/site-packages/airflow/example_dags/subdags/subdag.py for tasks to queue
[2021-05-08 01:16:48,856] {logging_mixin.py:104} INFO - [2021-05-08 01:16:48,856] {dagbag.py:451} INFO - Filling up the DagBag from /home/navneetsajwan/airflow/etl/lib/python3.8/site-packages/airflow/example_dags/subdags/subdag.py
[2021-05-08 01:16:48,886] {scheduler_job.py:641} WARNING - No viable dags retrieved from /home/navneetsajwan/airflow/etl/lib/python3.8/site-packages/airflow/example_dags/subdags/subdag.py
[2021-05-08 01:16:48,949] {scheduler_job.py:190} INFO - Processing /home/navneetsajwan/airflow/etl/lib/python3.8/site-packages/airflow/example_dags/subdags/subdag.py took 0.189 seconds
[2021-05-08 01:17:32,567] {scheduler_job.py:182} INFO - Started process (PID=450522) to work on /home/navneetsajwan/airflow/etl/lib/python3.8/site-packages/airflow/example_dags/subdags/subdag.py
[2021-05-08 01:17:32,575] {scheduler_job.py:629} INFO - Processing file /home/navneetsajwan/airflow/etl/lib/python3.8/site-packages/airflow/example_dags/subdags/subdag.py for tasks to queue
[2021-05-08 01:17:32,576] {logging_mixin.py:104} INFO - [2021-05-08 01:17:32,576] {dagbag.py:451} INFO - Filling up the DagBag from /home/navneetsajwan/airflow/etl/lib/python3.8/site-packages/airflow/example_dags/subdags/subdag.py
[2021-05-08 01:17:32,597] {scheduler_job.py:641} WARNING - No viable dags retrieved from /home/navneetsajwan/airflow/etl/lib/python3.8/site-packages/airflow/example_dags/subdags/subdag.py
[2021-05-08 01:17:32,639] {scheduler_job.py:190} INFO - Processing /home/navneetsajwan/airflow/etl/lib/python3.8/site-packages/airflow/example_dags/subdags/subdag.py took 0.097 seconds
[2021-05-08 01:18:10,488] {scheduler_job.py:182} INFO - Started process (PID=451154) to work on /home/navneetsajwan/airflow/etl/lib/python3.8/site-packages/airflow/example_dags/subdags/subdag.py
[2021-05-08 01:18:10,490] {scheduler_job.py:629} INFO - Processing file /home/navneetsajwan/airflow/etl/lib/python3.8/site-packages/airflow/example_dags/subdags/subdag.py for tasks to queue
[2021-05-08 01:18:10,492] {logging_mixin.py:104} INFO - [2021-05-08 01:18:10,492] {dagbag.py:451} INFO - Filling up the DagBag from /home/navneetsajwan/airflow/etl/lib/python3.8/site-packages/airflow/example_dags/subdags/subdag.py
[2021-05-08 01:18:10,496] {scheduler_job.py:641} WARNING - No viable dags retrieved from /home/navneetsajwan/airflow/etl/lib/python3.8/site-packages/airflow/example_dags/subdags/subdag.py
[2021-05-08 01:18:10,512] {scheduler_job.py:190} INFO - Processing /home/navneetsajwan/airflow/etl/lib/python3.8/site-packages/airflow/example_dags/subdags/subdag.py took 0.029 seconds
[2021-05-08 01:18:52,891] {scheduler_job.py:182} INFO - Started process (PID=451772) to work on /home/navneetsajwan/airflow/etl/lib/python3.8/site-packages/airflow/example_dags/subdags/subdag.py
[2021-05-08 01:18:52,892] {scheduler_job.py:629} INFO - Processing file /home/navneetsajwan/airflow/etl/lib/python3.8/site-packages/airflow/example_dags/subdags/subdag.py for tasks to queue
[2021-05-08 01:18:52,893] {logging_mixin.py:104} INFO - [2021-05-08 01:18:52,893] {dagbag.py:451} INFO - Filling up the DagBag from /home/navneetsajwan/airflow/etl/lib/python3.8/site-packages/airflow/example_dags/subdags/subdag.py
[2021-05-08 01:18:52,897] {scheduler_job.py:641} WARNING - No viable dags retrieved from /home/navneetsajwan/airflow/etl/lib/python3.8/site-packages/airflow/example_dags/subdags/subdag.py
[2021-05-08 01:18:52,905] {scheduler_job.py:190} INFO - Processing /home/navneetsajwan/airflow/etl/lib/python3.8/site-packages/airflow/example_dags/subdags/subdag.py took 0.018 seconds
[2021-05-08 01:19:37,646] {scheduler_job.py:182} INFO - Started process (PID=452747) to work on /home/navneetsajwan/airflow/etl/lib/python3.8/site-packages/airflow/example_dags/subdags/subdag.py
[2021-05-08 01:19:37,648] {scheduler_job.py:629} INFO - Processing file /home/navneetsajwan/airflow/etl/lib/python3.8/site-packages/airflow/example_dags/subdags/subdag.py for tasks to queue
[2021-05-08 01:19:37,648] {logging_mixin.py:104} INFO - [2021-05-08 01:19:37,648] {dagbag.py:451} INFO - Filling up the DagBag from /home/navneetsajwan/airflow/etl/lib/python3.8/site-packages/airflow/example_dags/subdags/subdag.py
[2021-05-08 01:19:37,651] {scheduler_job.py:641} WARNING - No viable dags retrieved from /home/navneetsajwan/airflow/etl/lib/python3.8/site-packages/airflow/example_dags/subdags/subdag.py
[2021-05-08 01:19:37,659] {scheduler_job.py:190} INFO - Processing /home/navneetsajwan/airflow/etl/lib/python3.8/site-packages/airflow/example_dags/subdags/subdag.py took 0.017 seconds
[2021-05-08 01:20:23,990] {scheduler_job.py:182} INFO - Started process (PID=453355) to work on /home/navneetsajwan/airflow/etl/lib/python3.8/site-packages/airflow/example_dags/subdags/subdag.py
[2021-05-08 01:20:23,995] {scheduler_job.py:629} INFO - Processing file /home/navneetsajwan/airflow/etl/lib/python3.8/site-packages/airflow/example_dags/subdags/subdag.py for tasks to queue
[2021-05-08 01:20:23,996] {logging_mixin.py:104} INFO - [2021-05-08 01:20:23,996] {dagbag.py:451} INFO - Filling up the DagBag from /home/navneetsajwan/airflow/etl/lib/python3.8/site-packages/airflow/example_dags/subdags/subdag.py
[2021-05-08 01:20:24,002] {scheduler_job.py:641} WARNING - No viable dags retrieved from /home/navneetsajwan/airflow/etl/lib/python3.8/site-packages/airflow/example_dags/subdags/subdag.py
[2021-05-08 01:20:24,038] {scheduler_job.py:190} INFO - Processing /home/navneetsajwan/airflow/etl/lib/python3.8/site-packages/airflow/example_dags/subdags/subdag.py took 0.057 seconds
[2021-05-08 01:21:01,998] {scheduler_job.py:182} INFO - Started process (PID=454260) to work on /home/navneetsajwan/airflow/etl/lib/python3.8/site-packages/airflow/example_dags/subdags/subdag.py
[2021-05-08 01:21:02,000] {scheduler_job.py:629} INFO - Processing file /home/navneetsajwan/airflow/etl/lib/python3.8/site-packages/airflow/example_dags/subdags/subdag.py for tasks to queue
[2021-05-08 01:21:02,001] {logging_mixin.py:104} INFO - [2021-05-08 01:21:02,001] {dagbag.py:451} INFO - Filling up the DagBag from /home/navneetsajwan/airflow/etl/lib/python3.8/site-packages/airflow/example_dags/subdags/subdag.py
[2021-05-08 01:21:02,010] {scheduler_job.py:641} WARNING - No viable dags retrieved from /home/navneetsajwan/airflow/etl/lib/python3.8/site-packages/airflow/example_dags/subdags/subdag.py
[2021-05-08 01:21:02,030] {scheduler_job.py:190} INFO - Processing /home/navneetsajwan/airflow/etl/lib/python3.8/site-packages/airflow/example_dags/subdags/subdag.py took 0.037 seconds
[2021-05-08 01:21:45,980] {scheduler_job.py:182} INFO - Started process (PID=454870) to work on /home/navneetsajwan/airflow/etl/lib/python3.8/site-packages/airflow/example_dags/subdags/subdag.py
[2021-05-08 01:21:45,982] {scheduler_job.py:629} INFO - Processing file /home/navneetsajwan/airflow/etl/lib/python3.8/site-packages/airflow/example_dags/subdags/subdag.py for tasks to queue
[2021-05-08 01:21:45,982] {logging_mixin.py:104} INFO - [2021-05-08 01:21:45,982] {dagbag.py:451} INFO - Filling up the DagBag from /home/navneetsajwan/airflow/etl/lib/python3.8/site-packages/airflow/example_dags/subdags/subdag.py
[2021-05-08 01:21:45,985] {scheduler_job.py:641} WARNING - No viable dags retrieved from /home/navneetsajwan/airflow/etl/lib/python3.8/site-packages/airflow/example_dags/subdags/subdag.py
[2021-05-08 01:21:45,995] {scheduler_job.py:190} INFO - Processing /home/navneetsajwan/airflow/etl/lib/python3.8/site-packages/airflow/example_dags/subdags/subdag.py took 0.018 seconds
[2021-05-08 01:22:27,459] {scheduler_job.py:182} INFO - Started process (PID=455687) to work on /home/navneetsajwan/airflow/etl/lib/python3.8/site-packages/airflow/example_dags/subdags/subdag.py
[2021-05-08 01:22:27,478] {scheduler_job.py:629} INFO - Processing file /home/navneetsajwan/airflow/etl/lib/python3.8/site-packages/airflow/example_dags/subdags/subdag.py for tasks to queue
[2021-05-08 01:22:27,482] {logging_mixin.py:104} INFO - [2021-05-08 01:22:27,482] {dagbag.py:451} INFO - Filling up the DagBag from /home/navneetsajwan/airflow/etl/lib/python3.8/site-packages/airflow/example_dags/subdags/subdag.py
[2021-05-08 01:22:27,496] {scheduler_job.py:641} WARNING - No viable dags retrieved from /home/navneetsajwan/airflow/etl/lib/python3.8/site-packages/airflow/example_dags/subdags/subdag.py
[2021-05-08 01:22:27,531] {scheduler_job.py:190} INFO - Processing /home/navneetsajwan/airflow/etl/lib/python3.8/site-packages/airflow/example_dags/subdags/subdag.py took 0.098 seconds
[2021-05-08 01:23:11,837] {scheduler_job.py:182} INFO - Started process (PID=456373) to work on /home/navneetsajwan/airflow/etl/lib/python3.8/site-packages/airflow/example_dags/subdags/subdag.py
[2021-05-08 01:23:11,839] {scheduler_job.py:629} INFO - Processing file /home/navneetsajwan/airflow/etl/lib/python3.8/site-packages/airflow/example_dags/subdags/subdag.py for tasks to queue
[2021-05-08 01:23:11,840] {logging_mixin.py:104} INFO - [2021-05-08 01:23:11,839] {dagbag.py:451} INFO - Filling up the DagBag from /home/navneetsajwan/airflow/etl/lib/python3.8/site-packages/airflow/example_dags/subdags/subdag.py
[2021-05-08 01:23:11,843] {scheduler_job.py:641} WARNING - No viable dags retrieved from /home/navneetsajwan/airflow/etl/lib/python3.8/site-packages/airflow/example_dags/subdags/subdag.py
[2021-05-08 01:23:11,855] {scheduler_job.py:190} INFO - Processing /home/navneetsajwan/airflow/etl/lib/python3.8/site-packages/airflow/example_dags/subdags/subdag.py took 0.022 seconds
[2021-05-08 01:23:53,108] {scheduler_job.py:182} INFO - Started process (PID=456968) to work on /home/navneetsajwan/airflow/etl/lib/python3.8/site-packages/airflow/example_dags/subdags/subdag.py
[2021-05-08 01:23:53,110] {scheduler_job.py:629} INFO - Processing file /home/navneetsajwan/airflow/etl/lib/python3.8/site-packages/airflow/example_dags/subdags/subdag.py for tasks to queue
[2021-05-08 01:23:53,111] {logging_mixin.py:104} INFO - [2021-05-08 01:23:53,110] {dagbag.py:451} INFO - Filling up the DagBag from /home/navneetsajwan/airflow/etl/lib/python3.8/site-packages/airflow/example_dags/subdags/subdag.py
[2021-05-08 01:23:53,113] {scheduler_job.py:641} WARNING - No viable dags retrieved from /home/navneetsajwan/airflow/etl/lib/python3.8/site-packages/airflow/example_dags/subdags/subdag.py
[2021-05-08 01:23:53,122] {scheduler_job.py:190} INFO - Processing /home/navneetsajwan/airflow/etl/lib/python3.8/site-packages/airflow/example_dags/subdags/subdag.py took 0.017 seconds
[2021-05-08 01:24:43,824] {scheduler_job.py:182} INFO - Started process (PID=457995) to work on /home/navneetsajwan/airflow/etl/lib/python3.8/site-packages/airflow/example_dags/subdags/subdag.py
[2021-05-08 01:24:43,826] {scheduler_job.py:629} INFO - Processing file /home/navneetsajwan/airflow/etl/lib/python3.8/site-packages/airflow/example_dags/subdags/subdag.py for tasks to queue
[2021-05-08 01:24:43,826] {logging_mixin.py:104} INFO - [2021-05-08 01:24:43,826] {dagbag.py:451} INFO - Filling up the DagBag from /home/navneetsajwan/airflow/etl/lib/python3.8/site-packages/airflow/example_dags/subdags/subdag.py
[2021-05-08 01:24:43,829] {scheduler_job.py:641} WARNING - No viable dags retrieved from /home/navneetsajwan/airflow/etl/lib/python3.8/site-packages/airflow/example_dags/subdags/subdag.py
[2021-05-08 01:24:43,837] {scheduler_job.py:190} INFO - Processing /home/navneetsajwan/airflow/etl/lib/python3.8/site-packages/airflow/example_dags/subdags/subdag.py took 0.017 seconds
[2021-05-08 01:26:03,082] {scheduler_job.py:182} INFO - Started process (PID=459563) to work on /home/navneetsajwan/airflow/etl/lib/python3.8/site-packages/airflow/example_dags/subdags/subdag.py
[2021-05-08 01:26:03,107] {scheduler_job.py:629} INFO - Processing file /home/navneetsajwan/airflow/etl/lib/python3.8/site-packages/airflow/example_dags/subdags/subdag.py for tasks to queue
[2021-05-08 01:26:03,120] {logging_mixin.py:104} INFO - [2021-05-08 01:26:03,120] {dagbag.py:451} INFO - Filling up the DagBag from /home/navneetsajwan/airflow/etl/lib/python3.8/site-packages/airflow/example_dags/subdags/subdag.py
[2021-05-08 01:26:03,143] {scheduler_job.py:641} WARNING - No viable dags retrieved from /home/navneetsajwan/airflow/etl/lib/python3.8/site-packages/airflow/example_dags/subdags/subdag.py
[2021-05-08 01:26:03,238] {scheduler_job.py:190} INFO - Processing /home/navneetsajwan/airflow/etl/lib/python3.8/site-packages/airflow/example_dags/subdags/subdag.py took 0.199 seconds
[2021-05-08 01:26:57,414] {scheduler_job.py:182} INFO - Started process (PID=460442) to work on /home/navneetsajwan/airflow/etl/lib/python3.8/site-packages/airflow/example_dags/subdags/subdag.py
[2021-05-08 01:26:57,419] {scheduler_job.py:629} INFO - Processing file /home/navneetsajwan/airflow/etl/lib/python3.8/site-packages/airflow/example_dags/subdags/subdag.py for tasks to queue
[2021-05-08 01:26:57,420] {logging_mixin.py:104} INFO - [2021-05-08 01:26:57,420] {dagbag.py:451} INFO - Filling up the DagBag from /home/navneetsajwan/airflow/etl/lib/python3.8/site-packages/airflow/example_dags/subdags/subdag.py
[2021-05-08 01:26:57,427] {scheduler_job.py:641} WARNING - No viable dags retrieved from /home/navneetsajwan/airflow/etl/lib/python3.8/site-packages/airflow/example_dags/subdags/subdag.py
[2021-05-08 01:26:57,448] {scheduler_job.py:190} INFO - Processing /home/navneetsajwan/airflow/etl/lib/python3.8/site-packages/airflow/example_dags/subdags/subdag.py took 0.041 seconds
[2021-05-08 01:28:03,786] {scheduler_job.py:182} INFO - Started process (PID=461751) to work on /home/navneetsajwan/airflow/etl/lib/python3.8/site-packages/airflow/example_dags/subdags/subdag.py
[2021-05-08 01:28:03,790] {scheduler_job.py:629} INFO - Processing file /home/navneetsajwan/airflow/etl/lib/python3.8/site-packages/airflow/example_dags/subdags/subdag.py for tasks to queue
[2021-05-08 01:28:03,793] {logging_mixin.py:104} INFO - [2021-05-08 01:28:03,793] {dagbag.py:451} INFO - Filling up the DagBag from /home/navneetsajwan/airflow/etl/lib/python3.8/site-packages/airflow/example_dags/subdags/subdag.py
[2021-05-08 01:28:03,803] {scheduler_job.py:641} WARNING - No viable dags retrieved from /home/navneetsajwan/airflow/etl/lib/python3.8/site-packages/airflow/example_dags/subdags/subdag.py
[2021-05-08 01:28:03,845] {scheduler_job.py:190} INFO - Processing /home/navneetsajwan/airflow/etl/lib/python3.8/site-packages/airflow/example_dags/subdags/subdag.py took 0.071 seconds
[2021-05-08 01:28:56,211] {scheduler_job.py:182} INFO - Started process (PID=462476) to work on /home/navneetsajwan/airflow/etl/lib/python3.8/site-packages/airflow/example_dags/subdags/subdag.py
[2021-05-08 01:28:56,247] {scheduler_job.py:629} INFO - Processing file /home/navneetsajwan/airflow/etl/lib/python3.8/site-packages/airflow/example_dags/subdags/subdag.py for tasks to queue
[2021-05-08 01:28:56,248] {logging_mixin.py:104} INFO - [2021-05-08 01:28:56,248] {dagbag.py:451} INFO - Filling up the DagBag from /home/navneetsajwan/airflow/etl/lib/python3.8/site-packages/airflow/example_dags/subdags/subdag.py
[2021-05-08 01:28:56,289] {scheduler_job.py:641} WARNING - No viable dags retrieved from /home/navneetsajwan/airflow/etl/lib/python3.8/site-packages/airflow/example_dags/subdags/subdag.py
[2021-05-08 01:28:56,397] {scheduler_job.py:190} INFO - Processing /home/navneetsajwan/airflow/etl/lib/python3.8/site-packages/airflow/example_dags/subdags/subdag.py took 0.210 seconds
[2021-05-08 01:30:06,387] {scheduler_job.py:182} INFO - Started process (PID=463814) to work on /home/navneetsajwan/airflow/etl/lib/python3.8/site-packages/airflow/example_dags/subdags/subdag.py
[2021-05-08 01:30:06,388] {scheduler_job.py:629} INFO - Processing file /home/navneetsajwan/airflow/etl/lib/python3.8/site-packages/airflow/example_dags/subdags/subdag.py for tasks to queue
[2021-05-08 01:30:06,391] {logging_mixin.py:104} INFO - [2021-05-08 01:30:06,389] {dagbag.py:451} INFO - Filling up the DagBag from /home/navneetsajwan/airflow/etl/lib/python3.8/site-packages/airflow/example_dags/subdags/subdag.py
[2021-05-08 01:30:06,395] {scheduler_job.py:641} WARNING - No viable dags retrieved from /home/navneetsajwan/airflow/etl/lib/python3.8/site-packages/airflow/example_dags/subdags/subdag.py
[2021-05-08 01:30:06,407] {scheduler_job.py:190} INFO - Processing /home/navneetsajwan/airflow/etl/lib/python3.8/site-packages/airflow/example_dags/subdags/subdag.py took 0.025 seconds
[2021-05-08 01:30:58,437] {scheduler_job.py:182} INFO - Started process (PID=464550) to work on /home/navneetsajwan/airflow/etl/lib/python3.8/site-packages/airflow/example_dags/subdags/subdag.py
[2021-05-08 01:30:58,442] {scheduler_job.py:629} INFO - Processing file /home/navneetsajwan/airflow/etl/lib/python3.8/site-packages/airflow/example_dags/subdags/subdag.py for tasks to queue
[2021-05-08 01:30:58,444] {logging_mixin.py:104} INFO - [2021-05-08 01:30:58,444] {dagbag.py:451} INFO - Filling up the DagBag from /home/navneetsajwan/airflow/etl/lib/python3.8/site-packages/airflow/example_dags/subdags/subdag.py
[2021-05-08 01:30:58,453] {scheduler_job.py:641} WARNING - No viable dags retrieved from /home/navneetsajwan/airflow/etl/lib/python3.8/site-packages/airflow/example_dags/subdags/subdag.py
[2021-05-08 01:30:58,484] {scheduler_job.py:190} INFO - Processing /home/navneetsajwan/airflow/etl/lib/python3.8/site-packages/airflow/example_dags/subdags/subdag.py took 0.058 seconds
[2021-05-08 01:31:53,525] {scheduler_job.py:182} INFO - Started process (PID=465696) to work on /home/navneetsajwan/airflow/etl/lib/python3.8/site-packages/airflow/example_dags/subdags/subdag.py
[2021-05-08 01:31:53,528] {scheduler_job.py:629} INFO - Processing file /home/navneetsajwan/airflow/etl/lib/python3.8/site-packages/airflow/example_dags/subdags/subdag.py for tasks to queue
[2021-05-08 01:31:53,529] {logging_mixin.py:104} INFO - [2021-05-08 01:31:53,529] {dagbag.py:451} INFO - Filling up the DagBag from /home/navneetsajwan/airflow/etl/lib/python3.8/site-packages/airflow/example_dags/subdags/subdag.py
[2021-05-08 01:31:53,533] {scheduler_job.py:641} WARNING - No viable dags retrieved from /home/navneetsajwan/airflow/etl/lib/python3.8/site-packages/airflow/example_dags/subdags/subdag.py
[2021-05-08 01:31:53,543] {scheduler_job.py:190} INFO - Processing /home/navneetsajwan/airflow/etl/lib/python3.8/site-packages/airflow/example_dags/subdags/subdag.py took 0.023 seconds
[2021-05-08 01:32:41,304] {scheduler_job.py:182} INFO - Started process (PID=466396) to work on /home/navneetsajwan/airflow/etl/lib/python3.8/site-packages/airflow/example_dags/subdags/subdag.py
[2021-05-08 01:32:41,307] {scheduler_job.py:629} INFO - Processing file /home/navneetsajwan/airflow/etl/lib/python3.8/site-packages/airflow/example_dags/subdags/subdag.py for tasks to queue
[2021-05-08 01:32:41,308] {logging_mixin.py:104} INFO - [2021-05-08 01:32:41,308] {dagbag.py:451} INFO - Filling up the DagBag from /home/navneetsajwan/airflow/etl/lib/python3.8/site-packages/airflow/example_dags/subdags/subdag.py
[2021-05-08 01:32:41,312] {scheduler_job.py:641} WARNING - No viable dags retrieved from /home/navneetsajwan/airflow/etl/lib/python3.8/site-packages/airflow/example_dags/subdags/subdag.py
[2021-05-08 01:32:41,327] {scheduler_job.py:190} INFO - Processing /home/navneetsajwan/airflow/etl/lib/python3.8/site-packages/airflow/example_dags/subdags/subdag.py took 0.028 seconds
[2021-05-08 01:33:40,907] {scheduler_job.py:182} INFO - Started process (PID=467554) to work on /home/navneetsajwan/airflow/etl/lib/python3.8/site-packages/airflow/example_dags/subdags/subdag.py
[2021-05-08 01:33:40,909] {scheduler_job.py:629} INFO - Processing file /home/navneetsajwan/airflow/etl/lib/python3.8/site-packages/airflow/example_dags/subdags/subdag.py for tasks to queue
[2021-05-08 01:33:40,910] {logging_mixin.py:104} INFO - [2021-05-08 01:33:40,909] {dagbag.py:451} INFO - Filling up the DagBag from /home/navneetsajwan/airflow/etl/lib/python3.8/site-packages/airflow/example_dags/subdags/subdag.py
[2021-05-08 01:33:40,913] {scheduler_job.py:641} WARNING - No viable dags retrieved from /home/navneetsajwan/airflow/etl/lib/python3.8/site-packages/airflow/example_dags/subdags/subdag.py
[2021-05-08 01:33:40,922] {scheduler_job.py:190} INFO - Processing /home/navneetsajwan/airflow/etl/lib/python3.8/site-packages/airflow/example_dags/subdags/subdag.py took 0.019 seconds
[2021-05-08 01:34:25,649] {scheduler_job.py:182} INFO - Started process (PID=468175) to work on /home/navneetsajwan/airflow/etl/lib/python3.8/site-packages/airflow/example_dags/subdags/subdag.py
[2021-05-08 01:34:25,651] {scheduler_job.py:629} INFO - Processing file /home/navneetsajwan/airflow/etl/lib/python3.8/site-packages/airflow/example_dags/subdags/subdag.py for tasks to queue
[2021-05-08 01:34:25,652] {logging_mixin.py:104} INFO - [2021-05-08 01:34:25,652] {dagbag.py:451} INFO - Filling up the DagBag from /home/navneetsajwan/airflow/etl/lib/python3.8/site-packages/airflow/example_dags/subdags/subdag.py
[2021-05-08 01:34:25,656] {scheduler_job.py:641} WARNING - No viable dags retrieved from /home/navneetsajwan/airflow/etl/lib/python3.8/site-packages/airflow/example_dags/subdags/subdag.py
[2021-05-08 01:34:25,668] {scheduler_job.py:190} INFO - Processing /home/navneetsajwan/airflow/etl/lib/python3.8/site-packages/airflow/example_dags/subdags/subdag.py took 0.026 seconds
[2021-05-08 01:35:23,880] {scheduler_job.py:182} INFO - Started process (PID=469347) to work on /home/navneetsajwan/airflow/etl/lib/python3.8/site-packages/airflow/example_dags/subdags/subdag.py
[2021-05-08 01:35:23,882] {scheduler_job.py:629} INFO - Processing file /home/navneetsajwan/airflow/etl/lib/python3.8/site-packages/airflow/example_dags/subdags/subdag.py for tasks to queue
[2021-05-08 01:35:23,886] {logging_mixin.py:104} INFO - [2021-05-08 01:35:23,886] {dagbag.py:451} INFO - Filling up the DagBag from /home/navneetsajwan/airflow/etl/lib/python3.8/site-packages/airflow/example_dags/subdags/subdag.py
[2021-05-08 01:35:23,889] {scheduler_job.py:641} WARNING - No viable dags retrieved from /home/navneetsajwan/airflow/etl/lib/python3.8/site-packages/airflow/example_dags/subdags/subdag.py
[2021-05-08 01:35:23,898] {scheduler_job.py:190} INFO - Processing /home/navneetsajwan/airflow/etl/lib/python3.8/site-packages/airflow/example_dags/subdags/subdag.py took 0.022 seconds
[2021-05-08 01:36:14,909] {scheduler_job.py:182} INFO - Started process (PID=470123) to work on /home/navneetsajwan/airflow/etl/lib/python3.8/site-packages/airflow/example_dags/subdags/subdag.py
[2021-05-08 01:36:14,912] {scheduler_job.py:629} INFO - Processing file /home/navneetsajwan/airflow/etl/lib/python3.8/site-packages/airflow/example_dags/subdags/subdag.py for tasks to queue
[2021-05-08 01:36:14,927] {logging_mixin.py:104} INFO - [2021-05-08 01:36:14,927] {dagbag.py:451} INFO - Filling up the DagBag from /home/navneetsajwan/airflow/etl/lib/python3.8/site-packages/airflow/example_dags/subdags/subdag.py
[2021-05-08 01:36:14,939] {scheduler_job.py:641} WARNING - No viable dags retrieved from /home/navneetsajwan/airflow/etl/lib/python3.8/site-packages/airflow/example_dags/subdags/subdag.py
[2021-05-08 01:36:14,982] {scheduler_job.py:190} INFO - Processing /home/navneetsajwan/airflow/etl/lib/python3.8/site-packages/airflow/example_dags/subdags/subdag.py took 0.108 seconds
[2021-05-08 01:37:03,656] {scheduler_job.py:182} INFO - Started process (PID=471115) to work on /home/navneetsajwan/airflow/etl/lib/python3.8/site-packages/airflow/example_dags/subdags/subdag.py
[2021-05-08 01:37:03,659] {scheduler_job.py:629} INFO - Processing file /home/navneetsajwan/airflow/etl/lib/python3.8/site-packages/airflow/example_dags/subdags/subdag.py for tasks to queue
[2021-05-08 01:37:03,659] {logging_mixin.py:104} INFO - [2021-05-08 01:37:03,659] {dagbag.py:451} INFO - Filling up the DagBag from /home/navneetsajwan/airflow/etl/lib/python3.8/site-packages/airflow/example_dags/subdags/subdag.py
[2021-05-08 01:37:03,663] {scheduler_job.py:641} WARNING - No viable dags retrieved from /home/navneetsajwan/airflow/etl/lib/python3.8/site-packages/airflow/example_dags/subdags/subdag.py
[2021-05-08 01:37:03,680] {scheduler_job.py:190} INFO - Processing /home/navneetsajwan/airflow/etl/lib/python3.8/site-packages/airflow/example_dags/subdags/subdag.py took 0.028 seconds
[2021-05-08 01:37:51,833] {scheduler_job.py:182} INFO - Started process (PID=471824) to work on /home/navneetsajwan/airflow/etl/lib/python3.8/site-packages/airflow/example_dags/subdags/subdag.py
[2021-05-08 01:37:51,835] {scheduler_job.py:629} INFO - Processing file /home/navneetsajwan/airflow/etl/lib/python3.8/site-packages/airflow/example_dags/subdags/subdag.py for tasks to queue
[2021-05-08 01:37:51,836] {logging_mixin.py:104} INFO - [2021-05-08 01:37:51,836] {dagbag.py:451} INFO - Filling up the DagBag from /home/navneetsajwan/airflow/etl/lib/python3.8/site-packages/airflow/example_dags/subdags/subdag.py
[2021-05-08 01:37:51,839] {scheduler_job.py:641} WARNING - No viable dags retrieved from /home/navneetsajwan/airflow/etl/lib/python3.8/site-packages/airflow/example_dags/subdags/subdag.py
[2021-05-08 01:37:51,849] {scheduler_job.py:190} INFO - Processing /home/navneetsajwan/airflow/etl/lib/python3.8/site-packages/airflow/example_dags/subdags/subdag.py took 0.019 seconds
