[2021-05-08 20:18:29,898] {taskinstance.py:877} INFO - Dependencies all met for <TaskInstance: dag_4.move_files 2021-05-07T00:00:00+00:00 [queued]>
[2021-05-08 20:18:29,911] {taskinstance.py:877} INFO - Dependencies all met for <TaskInstance: dag_4.move_files 2021-05-07T00:00:00+00:00 [queued]>
[2021-05-08 20:18:29,911] {taskinstance.py:1068} INFO - 
--------------------------------------------------------------------------------
[2021-05-08 20:18:29,912] {taskinstance.py:1069} INFO - Starting attempt 10 of 12
[2021-05-08 20:18:29,912] {taskinstance.py:1070} INFO - 
--------------------------------------------------------------------------------
[2021-05-08 20:18:30,066] {taskinstance.py:1089} INFO - Executing <Task(PythonOperator): move_files> on 2021-05-07T00:00:00+00:00
[2021-05-08 20:18:30,070] {standard_task_runner.py:52} INFO - Started process 5303 to run task
[2021-05-08 20:18:30,075] {standard_task_runner.py:76} INFO - Running: ['airflow', 'tasks', 'run', 'dag_4', 'move_files', '2021-05-07T00:00:00+00:00', '--job-id', '95', '--pool', 'default_pool', '--raw', '--subdir', '/home/navneetsajwan/airflow/dags/dag__4.py', '--cfg-path', '/tmp/tmp_c9ojlfa', '--error-file', '/tmp/tmpn9xjyfo9']
[2021-05-08 20:18:30,076] {standard_task_runner.py:77} INFO - Job 95: Subtask move_files
[2021-05-08 20:18:30,235] {logging_mixin.py:104} INFO - Running <TaskInstance: dag_4.move_files 2021-05-07T00:00:00+00:00 [running]> on host navneetsajwan-Lenovo-G50-80
[2021-05-08 20:18:30,271] {taskinstance.py:1281} INFO - Exporting the following env vars:
AIRFLOW_CTX_DAG_EMAIL=navneet@metaorigins.com
AIRFLOW_CTX_DAG_OWNER=airflow
AIRFLOW_CTX_DAG_ID=dag_4
AIRFLOW_CTX_TASK_ID=move_files
AIRFLOW_CTX_EXECUTION_DATE=2021-05-07T00:00:00+00:00
AIRFLOW_CTX_DAG_RUN_ID=scheduled__2021-05-07T00:00:00+00:00
[2021-05-08 20:18:30,273] {python.py:118} INFO - Done. Returned value was: None
[2021-05-08 20:18:30,284] {taskinstance.py:1185} INFO - Marking task as SUCCESS. dag_id=dag_4, task_id=move_files, execution_date=20210507T000000, start_date=20210508T144829, end_date=20210508T144830
[2021-05-08 20:18:30,566] {taskinstance.py:1246} INFO - 1 downstream tasks scheduled from follow-on schedule check
[2021-05-08 20:18:30,607] {local_task_job.py:146} INFO - Task exited with return code 0
