[2021-05-09 19:17:58,542] {taskinstance.py:877} INFO - Dependencies all met for <TaskInstance: dag_4.move_files 2021-05-07T00:00:00+00:00 [queued]>
[2021-05-09 19:17:58,564] {taskinstance.py:877} INFO - Dependencies all met for <TaskInstance: dag_4.move_files 2021-05-07T00:00:00+00:00 [queued]>
[2021-05-09 19:17:58,564] {taskinstance.py:1068} INFO - 
--------------------------------------------------------------------------------
[2021-05-09 19:17:58,564] {taskinstance.py:1069} INFO - Starting attempt 13 of 15
[2021-05-09 19:17:58,564] {taskinstance.py:1070} INFO - 
--------------------------------------------------------------------------------
[2021-05-09 19:17:58,730] {taskinstance.py:1089} INFO - Executing <Task(PythonOperator): move_files> on 2021-05-07T00:00:00+00:00
[2021-05-09 19:17:58,736] {standard_task_runner.py:52} INFO - Started process 20670 to run task
[2021-05-09 19:17:58,743] {standard_task_runner.py:76} INFO - Running: ['airflow', 'tasks', 'run', 'dag_4', 'move_files', '2021-05-07T00:00:00+00:00', '--job-id', '140', '--pool', 'default_pool', '--raw', '--subdir', '/home/navneetsajwan/airflow/dags/dag__4.py', '--cfg-path', '/tmp/tmpck4nc_eb', '--error-file', '/tmp/tmpxfx5wcir']
[2021-05-09 19:17:58,744] {standard_task_runner.py:77} INFO - Job 140: Subtask move_files
[2021-05-09 19:17:58,956] {logging_mixin.py:104} INFO - Running <TaskInstance: dag_4.move_files 2021-05-07T00:00:00+00:00 [running]> on host navneetsajwan-Lenovo-G50-80
[2021-05-09 19:17:59,034] {taskinstance.py:1281} INFO - Exporting the following env vars:
AIRFLOW_CTX_DAG_EMAIL=navneet@metaorigins.com
AIRFLOW_CTX_DAG_OWNER=airflow
AIRFLOW_CTX_DAG_ID=dag_4
AIRFLOW_CTX_TASK_ID=move_files
AIRFLOW_CTX_EXECUTION_DATE=2021-05-07T00:00:00+00:00
AIRFLOW_CTX_DAG_RUN_ID=scheduled__2021-05-07T00:00:00+00:00
[2021-05-09 19:17:59,043] {python.py:118} INFO - Done. Returned value was: None
[2021-05-09 19:17:59,054] {taskinstance.py:1185} INFO - Marking task as SUCCESS. dag_id=dag_4, task_id=move_files, execution_date=20210507T000000, start_date=20210509T134758, end_date=20210509T134759
[2021-05-09 19:17:59,441] {taskinstance.py:1246} INFO - 1 downstream tasks scheduled from follow-on schedule check
[2021-05-09 19:17:59,478] {local_task_job.py:146} INFO - Task exited with return code 0
