[2021-05-08 17:34:42,691] {taskinstance.py:877} INFO - Dependencies all met for <TaskInstance: dag_4.move_files 2021-05-07T00:00:00+00:00 [queued]>
[2021-05-08 17:34:42,706] {taskinstance.py:877} INFO - Dependencies all met for <TaskInstance: dag_4.move_files 2021-05-07T00:00:00+00:00 [queued]>
[2021-05-08 17:34:42,706] {taskinstance.py:1068} INFO - 
--------------------------------------------------------------------------------
[2021-05-08 17:34:42,706] {taskinstance.py:1069} INFO - Starting attempt 5 of 7
[2021-05-08 17:34:42,707] {taskinstance.py:1070} INFO - 
--------------------------------------------------------------------------------
[2021-05-08 17:34:42,843] {taskinstance.py:1089} INFO - Executing <Task(PythonOperator): move_files> on 2021-05-07T00:00:00+00:00
[2021-05-08 17:34:42,846] {standard_task_runner.py:52} INFO - Started process 184040 to run task
[2021-05-08 17:34:42,854] {standard_task_runner.py:76} INFO - Running: ['airflow', 'tasks', 'run', 'dag_4', 'move_files', '2021-05-07T00:00:00+00:00', '--job-id', '67', '--pool', 'default_pool', '--raw', '--subdir', '/home/navneetsajwan/airflow/dags/dag__4.py', '--cfg-path', '/tmp/tmpkz6s_emx', '--error-file', '/tmp/tmp6kn943g3']
[2021-05-08 17:34:42,855] {standard_task_runner.py:77} INFO - Job 67: Subtask move_files
[2021-05-08 17:34:42,980] {logging_mixin.py:104} INFO - Running <TaskInstance: dag_4.move_files 2021-05-07T00:00:00+00:00 [running]> on host navneetsajwan-Lenovo-G50-80
[2021-05-08 17:34:43,015] {taskinstance.py:1281} INFO - Exporting the following env vars:
AIRFLOW_CTX_DAG_EMAIL=navneet@metaorigins.com
AIRFLOW_CTX_DAG_OWNER=airflow
AIRFLOW_CTX_DAG_ID=dag_4
AIRFLOW_CTX_TASK_ID=move_files
AIRFLOW_CTX_EXECUTION_DATE=2021-05-07T00:00:00+00:00
AIRFLOW_CTX_DAG_RUN_ID=scheduled__2021-05-07T00:00:00+00:00
[2021-05-08 17:34:43,016] {python.py:118} INFO - Done. Returned value was: None
[2021-05-08 17:34:43,022] {taskinstance.py:1185} INFO - Marking task as SUCCESS. dag_id=dag_4, task_id=move_files, execution_date=20210507T000000, start_date=20210508T120442, end_date=20210508T120443
[2021-05-08 17:34:43,299] {taskinstance.py:1246} INFO - 1 downstream tasks scheduled from follow-on schedule check
[2021-05-08 17:34:43,307] {local_task_job.py:146} INFO - Task exited with return code 0
