[2021-05-09 18:00:14,063] {taskinstance.py:877} INFO - Dependencies all met for <TaskInstance: dag_4.detect_schemas 2021-05-08T00:00:00+00:00 [queued]>
[2021-05-09 18:00:14,083] {taskinstance.py:877} INFO - Dependencies all met for <TaskInstance: dag_4.detect_schemas 2021-05-08T00:00:00+00:00 [queued]>
[2021-05-09 18:00:14,083] {taskinstance.py:1068} INFO - 
--------------------------------------------------------------------------------
[2021-05-09 18:00:14,084] {taskinstance.py:1069} INFO - Starting attempt 1 of 3
[2021-05-09 18:00:14,084] {taskinstance.py:1070} INFO - 
--------------------------------------------------------------------------------
[2021-05-09 18:00:14,212] {taskinstance.py:1089} INFO - Executing <Task(PythonOperator): detect_schemas> on 2021-05-08T00:00:00+00:00
[2021-05-09 18:00:14,217] {standard_task_runner.py:52} INFO - Started process 6025 to run task
[2021-05-09 18:00:14,228] {standard_task_runner.py:76} INFO - Running: ['airflow', 'tasks', 'run', 'dag_4', 'detect_schemas', '2021-05-08T00:00:00+00:00', '--job-id', '112', '--pool', 'default_pool', '--raw', '--subdir', '/home/navneetsajwan/airflow/dags/dag__4.py', '--cfg-path', '/tmp/tmpotq20ihg', '--error-file', '/tmp/tmpbbb9qs54']
[2021-05-09 18:00:14,230] {standard_task_runner.py:77} INFO - Job 112: Subtask detect_schemas
[2021-05-09 18:00:14,419] {logging_mixin.py:104} INFO - Running <TaskInstance: dag_4.detect_schemas 2021-05-08T00:00:00+00:00 [running]> on host navneetsajwan-Lenovo-G50-80
[2021-05-09 18:00:14,574] {taskinstance.py:1281} INFO - Exporting the following env vars:
AIRFLOW_CTX_DAG_EMAIL=navneet@metaorigins.com
AIRFLOW_CTX_DAG_OWNER=airflow
AIRFLOW_CTX_DAG_ID=dag_4
AIRFLOW_CTX_TASK_ID=detect_schemas
AIRFLOW_CTX_EXECUTION_DATE=2021-05-08T00:00:00+00:00
AIRFLOW_CTX_DAG_RUN_ID=scheduled__2021-05-08T00:00:00+00:00
[2021-05-09 18:00:14,575] {python.py:118} INFO - Done. Returned value was: None
[2021-05-09 18:00:14,591] {taskinstance.py:1185} INFO - Marking task as SUCCESS. dag_id=dag_4, task_id=detect_schemas, execution_date=20210508T000000, start_date=20210509T123014, end_date=20210509T123014
[2021-05-09 18:00:14,888] {taskinstance.py:1246} INFO - 1 downstream tasks scheduled from follow-on schedule check
[2021-05-09 18:00:14,915] {local_task_job.py:146} INFO - Task exited with return code 0
