[2021-05-08 11:30:24,179] {taskinstance.py:877} INFO - Dependencies all met for <TaskInstance: dag_4.location_bash 2021-05-06T00:00:00+00:00 [queued]>
[2021-05-08 11:30:24,190] {taskinstance.py:877} INFO - Dependencies all met for <TaskInstance: dag_4.location_bash 2021-05-06T00:00:00+00:00 [queued]>
[2021-05-08 11:30:24,190] {taskinstance.py:1068} INFO - 
--------------------------------------------------------------------------------
[2021-05-08 11:30:24,190] {taskinstance.py:1069} INFO - Starting attempt 2 of 3
[2021-05-08 11:30:24,190] {taskinstance.py:1070} INFO - 
--------------------------------------------------------------------------------
[2021-05-08 11:30:24,360] {taskinstance.py:1089} INFO - Executing <Task(BashOperator): location_bash> on 2021-05-06T00:00:00+00:00
[2021-05-08 11:30:24,363] {standard_task_runner.py:52} INFO - Started process 143956 to run task
[2021-05-08 11:30:24,368] {standard_task_runner.py:76} INFO - Running: ['airflow', 'tasks', 'run', 'dag_4', 'location_bash', '2021-05-06T00:00:00+00:00', '--job-id', '44', '--pool', 'default_pool', '--raw', '--subdir', '/home/navneetsajwan/airflow/dags/dag__4.py', '--cfg-path', '/tmp/tmprd8yombn', '--error-file', '/tmp/tmpjcgamp6c']
[2021-05-08 11:30:24,369] {standard_task_runner.py:77} INFO - Job 44: Subtask location_bash
[2021-05-08 11:30:24,507] {logging_mixin.py:104} INFO - Running <TaskInstance: dag_4.location_bash 2021-05-06T00:00:00+00:00 [running]> on host navneetsajwan-Lenovo-G50-80
[2021-05-08 11:30:24,748] {taskinstance.py:1281} INFO - Exporting the following env vars:
AIRFLOW_CTX_DAG_EMAIL=navneet@metaorigins.com
AIRFLOW_CTX_DAG_OWNER=airflow
AIRFLOW_CTX_DAG_ID=dag_4
AIRFLOW_CTX_TASK_ID=location_bash
AIRFLOW_CTX_EXECUTION_DATE=2021-05-06T00:00:00+00:00
AIRFLOW_CTX_DAG_RUN_ID=scheduled__2021-05-06T00:00:00+00:00
[2021-05-08 11:30:24,749] {bash.py:135} INFO - Tmp dir root location: 
 /tmp
[2021-05-08 11:30:24,750] {bash.py:158} INFO - Running command: pwd
[2021-05-08 11:30:24,756] {bash.py:169} INFO - Output:
[2021-05-08 11:30:24,758] {bash.py:173} INFO - /tmp/airflowtmpwmq62hq5
[2021-05-08 11:30:24,758] {bash.py:177} INFO - Command exited with return code 0
[2021-05-08 11:30:24,851] {taskinstance.py:1185} INFO - Marking task as SUCCESS. dag_id=dag_4, task_id=location_bash, execution_date=20210506T000000, start_date=20210508T060024, end_date=20210508T060024
[2021-05-08 11:30:25,102] {taskinstance.py:1246} INFO - 0 downstream tasks scheduled from follow-on schedule check
[2021-05-08 11:30:25,141] {local_task_job.py:146} INFO - Task exited with return code 0
