[2021-05-08 11:33:24,876] {taskinstance.py:877} INFO - Dependencies all met for <TaskInstance: dag_4.location_bash 2021-05-06T00:00:00+00:00 [queued]>
[2021-05-08 11:33:24,891] {taskinstance.py:877} INFO - Dependencies all met for <TaskInstance: dag_4.location_bash 2021-05-06T00:00:00+00:00 [queued]>
[2021-05-08 11:33:24,891] {taskinstance.py:1068} INFO - 
--------------------------------------------------------------------------------
[2021-05-08 11:33:24,891] {taskinstance.py:1069} INFO - Starting attempt 3 of 4
[2021-05-08 11:33:24,892] {taskinstance.py:1070} INFO - 
--------------------------------------------------------------------------------
[2021-05-08 11:33:25,024] {taskinstance.py:1089} INFO - Executing <Task(BashOperator): location_bash> on 2021-05-06T00:00:00+00:00
[2021-05-08 11:33:25,028] {standard_task_runner.py:52} INFO - Started process 144416 to run task
[2021-05-08 11:33:25,036] {standard_task_runner.py:76} INFO - Running: ['airflow', 'tasks', 'run', 'dag_4', 'location_bash', '2021-05-06T00:00:00+00:00', '--job-id', '46', '--pool', 'default_pool', '--raw', '--subdir', '/home/navneetsajwan/airflow/dags/dag__4.py', '--cfg-path', '/tmp/tmp28pm1bp9', '--error-file', '/tmp/tmpbbn8f9qj']
[2021-05-08 11:33:25,037] {standard_task_runner.py:77} INFO - Job 46: Subtask location_bash
[2021-05-08 11:33:25,196] {logging_mixin.py:104} INFO - Running <TaskInstance: dag_4.location_bash 2021-05-06T00:00:00+00:00 [running]> on host navneetsajwan-Lenovo-G50-80
[2021-05-08 11:33:25,400] {taskinstance.py:1281} INFO - Exporting the following env vars:
AIRFLOW_CTX_DAG_EMAIL=navneet@metaorigins.com
AIRFLOW_CTX_DAG_OWNER=airflow
AIRFLOW_CTX_DAG_ID=dag_4
AIRFLOW_CTX_TASK_ID=location_bash
AIRFLOW_CTX_EXECUTION_DATE=2021-05-06T00:00:00+00:00
AIRFLOW_CTX_DAG_RUN_ID=scheduled__2021-05-06T00:00:00+00:00
[2021-05-08 11:33:25,400] {bash.py:135} INFO - Tmp dir root location: 
 /tmp
[2021-05-08 11:33:25,401] {bash.py:158} INFO - Running command: pwd
[2021-05-08 11:33:25,408] {bash.py:169} INFO - Output:
[2021-05-08 11:33:25,409] {bash.py:173} INFO - /tmp/airflowtmpta2eu8qy
[2021-05-08 11:33:25,410] {bash.py:177} INFO - Command exited with return code 0
[2021-05-08 11:33:25,559] {taskinstance.py:1185} INFO - Marking task as SUCCESS. dag_id=dag_4, task_id=location_bash, execution_date=20210506T000000, start_date=20210508T060324, end_date=20210508T060325
[2021-05-08 11:33:25,686] {taskinstance.py:1246} INFO - 0 downstream tasks scheduled from follow-on schedule check
[2021-05-08 11:33:25,728] {local_task_job.py:146} INFO - Task exited with return code 0
