[2021-05-08 01:14:37,603] {taskinstance.py:877} INFO - Dependencies all met for <TaskInstance: example_python_operator.sleep_for_4 2021-05-07T19:41:47.213625+00:00 [queued]>
[2021-05-08 01:14:37,644] {taskinstance.py:877} INFO - Dependencies all met for <TaskInstance: example_python_operator.sleep_for_4 2021-05-07T19:41:47.213625+00:00 [queued]>
[2021-05-08 01:14:37,644] {taskinstance.py:1068} INFO - 
--------------------------------------------------------------------------------
[2021-05-08 01:14:37,644] {taskinstance.py:1069} INFO - Starting attempt 1 of 1
[2021-05-08 01:14:37,645] {taskinstance.py:1070} INFO - 
--------------------------------------------------------------------------------
[2021-05-08 01:14:37,760] {taskinstance.py:1089} INFO - Executing <Task(PythonOperator): sleep_for_4> on 2021-05-07T19:41:47.213625+00:00
[2021-05-08 01:14:37,782] {standard_task_runner.py:52} INFO - Started process 447403 to run task
[2021-05-08 01:14:37,810] {standard_task_runner.py:76} INFO - Running: ['airflow', 'tasks', 'run', 'example_python_operator', 'sleep_for_4', '2021-05-07T19:41:47.213625+00:00', '--job-id', '8', '--pool', 'default_pool', '--raw', '--subdir', '/home/navneetsajwan/airflow/etl/lib/python3.8/site-packages/airflow/example_dags/example_python_operator.py', '--cfg-path', '/tmp/tmp21ku1btz', '--error-file', '/tmp/tmp3nvm298i']
[2021-05-08 01:14:37,832] {standard_task_runner.py:77} INFO - Job 8: Subtask sleep_for_4
[2021-05-08 01:14:38,047] {logging_mixin.py:104} INFO - Running <TaskInstance: example_python_operator.sleep_for_4 2021-05-07T19:41:47.213625+00:00 [running]> on host navneetsajwan-Lenovo-G50-80
[2021-05-08 01:14:38,179] {taskinstance.py:1281} INFO - Exporting the following env vars:
AIRFLOW_CTX_DAG_OWNER=airflow
AIRFLOW_CTX_DAG_ID=example_python_operator
AIRFLOW_CTX_TASK_ID=sleep_for_4
AIRFLOW_CTX_EXECUTION_DATE=2021-05-07T19:41:47.213625+00:00
AIRFLOW_CTX_DAG_RUN_ID=manual__2021-05-07T19:41:47.213625+00:00
[2021-05-08 01:14:38,582] {python.py:118} INFO - Done. Returned value was: None
[2021-05-08 01:14:38,590] {taskinstance.py:1185} INFO - Marking task as SUCCESS. dag_id=example_python_operator, task_id=sleep_for_4, execution_date=20210507T194147, start_date=20210507T194437, end_date=20210507T194438
[2021-05-08 01:14:38,745] {taskinstance.py:1246} INFO - 0 downstream tasks scheduled from follow-on schedule check
[2021-05-08 01:14:38,767] {local_task_job.py:146} INFO - Task exited with return code 0
