[2021-05-08 18:40:10,579] {taskinstance.py:877} INFO - Dependencies all met for <TaskInstance: dag_4.tap_mysql_target_csv 2021-05-07T00:00:00+00:00 [queued]>
[2021-05-08 18:40:10,591] {taskinstance.py:877} INFO - Dependencies all met for <TaskInstance: dag_4.tap_mysql_target_csv 2021-05-07T00:00:00+00:00 [queued]>
[2021-05-08 18:40:10,591] {taskinstance.py:1068} INFO - 
--------------------------------------------------------------------------------
[2021-05-08 18:40:10,591] {taskinstance.py:1069} INFO - Starting attempt 10 of 12
[2021-05-08 18:40:10,592] {taskinstance.py:1070} INFO - 
--------------------------------------------------------------------------------
[2021-05-08 18:40:10,723] {taskinstance.py:1089} INFO - Executing <Task(PythonOperator): tap_mysql_target_csv> on 2021-05-07T00:00:00+00:00
[2021-05-08 18:40:10,728] {standard_task_runner.py:52} INFO - Started process 192756 to run task
[2021-05-08 18:40:10,736] {standard_task_runner.py:76} INFO - Running: ['airflow', 'tasks', 'run', 'dag_4', 'tap_mysql_target_csv', '2021-05-07T00:00:00+00:00', '--job-id', '80', '--pool', 'default_pool', '--raw', '--subdir', '/home/navneetsajwan/airflow/dags/dag__4.py', '--cfg-path', '/tmp/tmpvbv0n2yd', '--error-file', '/tmp/tmpy65z5ji5']
[2021-05-08 18:40:10,737] {standard_task_runner.py:77} INFO - Job 80: Subtask tap_mysql_target_csv
[2021-05-08 18:40:11,010] {logging_mixin.py:104} INFO - Running <TaskInstance: dag_4.tap_mysql_target_csv 2021-05-07T00:00:00+00:00 [running]> on host navneetsajwan-Lenovo-G50-80
[2021-05-08 18:40:11,177] {taskinstance.py:1281} INFO - Exporting the following env vars:
AIRFLOW_CTX_DAG_EMAIL=navneet@metaorigins.com
AIRFLOW_CTX_DAG_OWNER=airflow
AIRFLOW_CTX_DAG_ID=dag_4
AIRFLOW_CTX_TASK_ID=tap_mysql_target_csv
AIRFLOW_CTX_EXECUTION_DATE=2021-05-07T00:00:00+00:00
AIRFLOW_CTX_DAG_RUN_ID=scheduled__2021-05-07T00:00:00+00:00
[2021-05-08 18:40:11,179] {logging_mixin.py:104} INFO - /home/navneetsajwan/airflow
[2021-05-08 18:40:13,253] {python.py:118} INFO - Done. Returned value was: 0
[2021-05-08 18:40:13,437] {taskinstance.py:1185} INFO - Marking task as SUCCESS. dag_id=dag_4, task_id=tap_mysql_target_csv, execution_date=20210507T000000, start_date=20210508T131010, end_date=20210508T131013
[2021-05-08 18:40:13,956] {taskinstance.py:1246} INFO - 1 downstream tasks scheduled from follow-on schedule check
[2021-05-08 18:40:13,965] {local_task_job.py:146} INFO - Task exited with return code 0
