[2021-05-09 19:25:13,157] {taskinstance.py:877} INFO - Dependencies all met for <TaskInstance: dag_4.tap_mysql_target_csv 2021-05-07T00:00:00+00:00 [queued]>
[2021-05-09 19:25:13,175] {taskinstance.py:877} INFO - Dependencies all met for <TaskInstance: dag_4.tap_mysql_target_csv 2021-05-07T00:00:00+00:00 [queued]>
[2021-05-09 19:25:13,175] {taskinstance.py:1068} INFO - 
--------------------------------------------------------------------------------
[2021-05-09 19:25:13,176] {taskinstance.py:1069} INFO - Starting attempt 17 of 19
[2021-05-09 19:25:13,176] {taskinstance.py:1070} INFO - 
--------------------------------------------------------------------------------
[2021-05-09 19:25:13,338] {taskinstance.py:1089} INFO - Executing <Task(PythonOperator): tap_mysql_target_csv> on 2021-05-07T00:00:00+00:00
[2021-05-09 19:25:13,347] {standard_task_runner.py:52} INFO - Started process 21924 to run task
[2021-05-09 19:25:13,354] {standard_task_runner.py:76} INFO - Running: ['airflow', 'tasks', 'run', 'dag_4', 'tap_mysql_target_csv', '2021-05-07T00:00:00+00:00', '--job-id', '146', '--pool', 'default_pool', '--raw', '--subdir', '/home/navneetsajwan/airflow/dags/dag__4.py', '--cfg-path', '/tmp/tmp4xwztaqw', '--error-file', '/tmp/tmp060c5i8v']
[2021-05-09 19:25:13,355] {standard_task_runner.py:77} INFO - Job 146: Subtask tap_mysql_target_csv
[2021-05-09 19:25:13,538] {logging_mixin.py:104} INFO - Running <TaskInstance: dag_4.tap_mysql_target_csv 2021-05-07T00:00:00+00:00 [running]> on host navneetsajwan-Lenovo-G50-80
[2021-05-09 19:25:13,684] {taskinstance.py:1281} INFO - Exporting the following env vars:
AIRFLOW_CTX_DAG_EMAIL=navneet@metaorigins.com
AIRFLOW_CTX_DAG_OWNER=airflow
AIRFLOW_CTX_DAG_ID=dag_4
AIRFLOW_CTX_TASK_ID=tap_mysql_target_csv
AIRFLOW_CTX_EXECUTION_DATE=2021-05-07T00:00:00+00:00
AIRFLOW_CTX_DAG_RUN_ID=scheduled__2021-05-07T00:00:00+00:00
[2021-05-09 19:25:13,692] {logging_mixin.py:104} INFO - /home/navneetsajwan/airflow
[2021-05-09 19:25:15,055] {python.py:118} INFO - Done. Returned value was: 0
[2021-05-09 19:25:15,187] {taskinstance.py:1185} INFO - Marking task as SUCCESS. dag_id=dag_4, task_id=tap_mysql_target_csv, execution_date=20210507T000000, start_date=20210509T135513, end_date=20210509T135515
[2021-05-09 19:25:15,582] {taskinstance.py:1246} INFO - 1 downstream tasks scheduled from follow-on schedule check
[2021-05-09 19:25:15,660] {local_task_job.py:146} INFO - Task exited with return code 0
