[2021-05-08 15:27:30,984] {taskinstance.py:877} INFO - Dependencies all met for <TaskInstance: dag_4.tap_mysql_target_csv 2021-05-07T00:00:00+00:00 [queued]>
[2021-05-08 15:27:31,010] {taskinstance.py:877} INFO - Dependencies all met for <TaskInstance: dag_4.tap_mysql_target_csv 2021-05-07T00:00:00+00:00 [queued]>
[2021-05-08 15:27:31,010] {taskinstance.py:1068} INFO - 
--------------------------------------------------------------------------------
[2021-05-08 15:27:31,010] {taskinstance.py:1069} INFO - Starting attempt 2 of 4
[2021-05-08 15:27:31,010] {taskinstance.py:1070} INFO - 
--------------------------------------------------------------------------------
[2021-05-08 15:27:31,180] {taskinstance.py:1089} INFO - Executing <Task(PythonOperator): tap_mysql_target_csv> on 2021-05-07T00:00:00+00:00
[2021-05-08 15:27:31,182] {standard_task_runner.py:52} INFO - Started process 164213 to run task
[2021-05-08 15:27:31,189] {standard_task_runner.py:76} INFO - Running: ['airflow', 'tasks', 'run', 'dag_4', 'tap_mysql_target_csv', '2021-05-07T00:00:00+00:00', '--job-id', '49', '--pool', 'default_pool', '--raw', '--subdir', '/home/navneetsajwan/airflow/dags/dag__4.py', '--cfg-path', '/tmp/tmp_5iievwa', '--error-file', '/tmp/tmp5iej8y0h']
[2021-05-08 15:27:31,189] {standard_task_runner.py:77} INFO - Job 49: Subtask tap_mysql_target_csv
[2021-05-08 15:27:31,349] {logging_mixin.py:104} INFO - Running <TaskInstance: dag_4.tap_mysql_target_csv 2021-05-07T00:00:00+00:00 [running]> on host navneetsajwan-Lenovo-G50-80
[2021-05-08 15:27:31,510] {taskinstance.py:1281} INFO - Exporting the following env vars:
AIRFLOW_CTX_DAG_EMAIL=navneet@metaorigins.com
AIRFLOW_CTX_DAG_OWNER=airflow
AIRFLOW_CTX_DAG_ID=dag_4
AIRFLOW_CTX_TASK_ID=tap_mysql_target_csv
AIRFLOW_CTX_EXECUTION_DATE=2021-05-07T00:00:00+00:00
AIRFLOW_CTX_DAG_RUN_ID=scheduled__2021-05-07T00:00:00+00:00
[2021-05-08 15:27:31,511] {logging_mixin.py:104} INFO - /home/navneetsajwan/airflow
[2021-05-08 15:27:35,177] {python.py:118} INFO - Done. Returned value was: 0
[2021-05-08 15:27:35,316] {taskinstance.py:1185} INFO - Marking task as SUCCESS. dag_id=dag_4, task_id=tap_mysql_target_csv, execution_date=20210507T000000, start_date=20210508T095730, end_date=20210508T095735
[2021-05-08 15:27:35,466] {taskinstance.py:1246} INFO - 0 downstream tasks scheduled from follow-on schedule check
[2021-05-08 15:27:35,490] {local_task_job.py:146} INFO - Task exited with return code 0
