[2021-05-08 15:32:26,841] {taskinstance.py:877} INFO - Dependencies all met for <TaskInstance: dag_4.tap_mysql_target_csv 2021-05-07T00:00:00+00:00 [queued]>
[2021-05-08 15:32:26,873] {taskinstance.py:877} INFO - Dependencies all met for <TaskInstance: dag_4.tap_mysql_target_csv 2021-05-07T00:00:00+00:00 [queued]>
[2021-05-08 15:32:26,873] {taskinstance.py:1068} INFO - 
--------------------------------------------------------------------------------
[2021-05-08 15:32:26,873] {taskinstance.py:1069} INFO - Starting attempt 3 of 5
[2021-05-08 15:32:26,873] {taskinstance.py:1070} INFO - 
--------------------------------------------------------------------------------
[2021-05-08 15:32:27,007] {taskinstance.py:1089} INFO - Executing <Task(PythonOperator): tap_mysql_target_csv> on 2021-05-07T00:00:00+00:00
[2021-05-08 15:32:27,011] {standard_task_runner.py:52} INFO - Started process 165157 to run task
[2021-05-08 15:32:27,018] {standard_task_runner.py:76} INFO - Running: ['airflow', 'tasks', 'run', 'dag_4', 'tap_mysql_target_csv', '2021-05-07T00:00:00+00:00', '--job-id', '52', '--pool', 'default_pool', '--raw', '--subdir', '/home/navneetsajwan/airflow/dags/dag__4.py', '--cfg-path', '/tmp/tmpl1igliqq', '--error-file', '/tmp/tmp_5oewdpf']
[2021-05-08 15:32:27,019] {standard_task_runner.py:77} INFO - Job 52: Subtask tap_mysql_target_csv
[2021-05-08 15:32:27,192] {logging_mixin.py:104} INFO - Running <TaskInstance: dag_4.tap_mysql_target_csv 2021-05-07T00:00:00+00:00 [running]> on host navneetsajwan-Lenovo-G50-80
[2021-05-08 15:32:27,318] {taskinstance.py:1281} INFO - Exporting the following env vars:
AIRFLOW_CTX_DAG_EMAIL=navneet@metaorigins.com
AIRFLOW_CTX_DAG_OWNER=airflow
AIRFLOW_CTX_DAG_ID=dag_4
AIRFLOW_CTX_TASK_ID=tap_mysql_target_csv
AIRFLOW_CTX_EXECUTION_DATE=2021-05-07T00:00:00+00:00
AIRFLOW_CTX_DAG_RUN_ID=scheduled__2021-05-07T00:00:00+00:00
[2021-05-08 15:32:27,319] {logging_mixin.py:104} INFO - /home/navneetsajwan/airflow
[2021-05-08 15:32:28,203] {python.py:118} INFO - Done. Returned value was: 0
[2021-05-08 15:32:28,331] {taskinstance.py:1185} INFO - Marking task as SUCCESS. dag_id=dag_4, task_id=tap_mysql_target_csv, execution_date=20210507T000000, start_date=20210508T100226, end_date=20210508T100228
[2021-05-08 15:32:28,502] {taskinstance.py:1246} INFO - 0 downstream tasks scheduled from follow-on schedule check
[2021-05-08 15:32:28,515] {local_task_job.py:146} INFO - Task exited with return code 0
