[2021-05-08 11:25:01,031] {taskinstance.py:867} INFO - Dependencies not met for <TaskInstance: example_bash_operator.run_after_loop 2021-05-08T05:35:11.123810+00:00 [None]>, dependency 'Trigger Rule' FAILED: Task's trigger rule 'all_success' requires all upstream tasks to have succeeded, but found 1 non-success(es). upstream_tasks_state={'total': 3, 'successes': 2, 'skipped': 0, 'failed': 0, 'upstream_failed': 0, 'done': 2}, upstream_task_ids={'runme_1', 'runme_2', 'runme_0'}
[2021-05-08 11:25:01,033] {local_task_job.py:93} INFO - Task is not able to be run
[2021-05-08 11:26:04,260] {taskinstance.py:877} INFO - Dependencies all met for <TaskInstance: example_bash_operator.run_after_loop 2021-05-08T05:35:11.123810+00:00 [queued]>
[2021-05-08 11:26:04,268] {taskinstance.py:877} INFO - Dependencies all met for <TaskInstance: example_bash_operator.run_after_loop 2021-05-08T05:35:11.123810+00:00 [queued]>
[2021-05-08 11:26:04,268] {taskinstance.py:1068} INFO - 
--------------------------------------------------------------------------------
[2021-05-08 11:26:04,268] {taskinstance.py:1069} INFO - Starting attempt 3 of 3
[2021-05-08 11:26:04,268] {taskinstance.py:1070} INFO - 
--------------------------------------------------------------------------------
[2021-05-08 11:26:04,392] {taskinstance.py:1089} INFO - Executing <Task(BashOperator): run_after_loop> on 2021-05-08T05:35:11.123810+00:00
[2021-05-08 11:26:04,394] {standard_task_runner.py:52} INFO - Started process 143291 to run task
[2021-05-08 11:26:04,399] {standard_task_runner.py:76} INFO - Running: ['airflow', 'tasks', 'run', 'example_bash_operator', 'run_after_loop', '2021-05-08T05:35:11.123810+00:00', '--job-id', '42', '--pool', 'default_pool', '--raw', '--subdir', '/home/navneetsajwan/airflow/etl/lib/python3.8/site-packages/airflow/example_dags/example_bash_operator.py', '--cfg-path', '/tmp/tmpfl5_3bq4', '--error-file', '/tmp/tmpc_cj4iiz']
[2021-05-08 11:26:04,400] {standard_task_runner.py:77} INFO - Job 42: Subtask run_after_loop
[2021-05-08 11:26:04,544] {logging_mixin.py:104} INFO - Running <TaskInstance: example_bash_operator.run_after_loop 2021-05-08T05:35:11.123810+00:00 [running]> on host navneetsajwan-Lenovo-G50-80
[2021-05-08 11:26:04,633] {taskinstance.py:1281} INFO - Exporting the following env vars:
AIRFLOW_CTX_DAG_OWNER=airflow
AIRFLOW_CTX_DAG_ID=example_bash_operator
AIRFLOW_CTX_TASK_ID=run_after_loop
AIRFLOW_CTX_EXECUTION_DATE=2021-05-08T05:35:11.123810+00:00
AIRFLOW_CTX_DAG_RUN_ID=manual__2021-05-08T05:35:11.123810+00:00
[2021-05-08 11:26:04,634] {bash.py:135} INFO - Tmp dir root location: 
 /tmp
[2021-05-08 11:26:04,635] {bash.py:158} INFO - Running command: echo 1
[2021-05-08 11:26:04,641] {bash.py:169} INFO - Output:
[2021-05-08 11:26:04,643] {bash.py:173} INFO - 1
[2021-05-08 11:26:04,643] {bash.py:177} INFO - Command exited with return code 0
[2021-05-08 11:26:04,738] {taskinstance.py:1185} INFO - Marking task as SUCCESS. dag_id=example_bash_operator, task_id=run_after_loop, execution_date=20210508T053511, start_date=20210508T055604, end_date=20210508T055604
[2021-05-08 11:26:05,002] {taskinstance.py:1246} INFO - 1 downstream tasks scheduled from follow-on schedule check
[2021-05-08 11:26:05,011] {local_task_job.py:146} INFO - Task exited with return code 0
